[I 2025-03-22 07:19:21,605] Trial 86 pruned. 
[I 2025-03-22 07:19:23,281] Trial 87 pruned. 
[I 2025-03-22 07:19:24,779] Trial 88 pruned. 
[I 2025-03-22 07:19:26,207] Trial 89 pruned. 
[I 2025-03-22 07:19:32,093] Trial 90 pruned. 
[I 2025-03-22 07:19:54,896] Trial 1 finished with value: 125.13424770298383 and parameters: {'n_units_l0': 3680, 'n_units_l1': 3584, 'n_units_l2': 2080, 'n_units_l3': 3200, 'n_units_l4': 1696, 'n_units_l5': 800, 'n_units_l6': 608, 'n_units_l7': 2240, 'n_units_l8': 352, 'n_units_l9': 2144, 'lr': 0.02858386829591264}. Best is trial 1 with value: 125.13424770298383.
[I 2025-03-22 07:20:07,106] Trial 91 pruned. 
[I 2025-03-22 07:21:37,445] Trial 2 finished with value: 125.12077454397136 and parameters: {'n_units_l0': 2496, 'n_units_l1': 3776, 'n_units_l2': 96, 'n_units_l3': 2784, 'n_units_l4': 1408, 'n_units_l5': 288, 'n_units_l6': 160, 'n_units_l7': 1504, 'n_units_l8': 3392, 'n_units_l9': 1632, 'lr': 0.049989895326000816}. Best is trial 2 with value: 125.12077454397136.
[I 2025-03-22 07:21:57,653] Trial 92 finished with value: 10.261687938511859 and parameters: {'n_units_l0': 3232, 'n_units_l1': 1248, 'n_units_l2': 384, 'n_units_l3': 1344, 'n_units_l4': 2432, 'n_units_l5': 2144, 'n_units_l6': 864, 'n_units_l7': 2752, 'n_units_l8': 4000, 'lr': 0.0018799530053395116}. Best is trial 10 with value: 8.143017196686724.
[I 2025-03-22 07:21:58,752] Trial 93 pruned. 
[I 2025-03-22 07:22:00,239] Trial 94 pruned. 
[I 2025-03-22 07:22:02,129] Trial 95 pruned. 
[I 2025-03-22 07:22:03,214] Trial 96 pruned. 
[I 2025-03-22 07:22:05,106] Trial 97 pruned. 
[I 2025-03-22 07:22:06,476] Trial 98 pruned. 
[I 2025-03-22 07:22:07,650] Trial 99 pruned. 
[I 2025-03-22 07:22:07,821] A new study created in memory with name: no-name-64d23786-4593-4502-b2fe-0a5696c2fc98
[I 2025-03-22 07:23:38,260] Trial 3 finished with value: 125.13353037533862 and parameters: {'n_units_l0': 32, 'n_units_l1': 4064, 'n_units_l2': 2752, 'n_units_l3': 1568, 'n_units_l4': 1760, 'n_units_l5': 2016, 'n_units_l6': 896, 'n_units_l7': 64, 'n_units_l8': 4064, 'n_units_l9': 2080, 'lr': 0.04390374269848875}. Best is trial 2 with value: 125.12077454397136.
[I 2025-03-22 07:24:12,537] Trial 0 finished with value: inf and parameters: {'n_units_l0': 1504, 'n_units_l1': 1984, 'n_units_l2': 1760, 'n_units_l3': 2176, 'n_units_l4': 1280, 'n_units_l5': 608, 'n_units_l6': 3264, 'n_units_l7': 2272, 'n_units_l8': 992, 'n_units_l9': 3648, 'n_units_l10': 1024, 'lr': 0.08982933229685838}. Best is trial 0 with value: inf.
[I 2025-03-22 07:26:55,608] Trial 4 finished with value: 125.12360980711505 and parameters: {'n_units_l0': 2880, 'n_units_l1': 1952, 'n_units_l2': 1984, 'n_units_l3': 2144, 'n_units_l4': 3904, 'n_units_l5': 2464, 'n_units_l6': 1664, 'n_units_l7': 2400, 'n_units_l8': 3744, 'n_units_l9': 2624, 'lr': 0.03199078087140751}. Best is trial 2 with value: 125.12077454397136.
[I 2025-03-22 07:26:56,937] Trial 5 pruned. 
[I 2025-03-22 07:26:58,237] Trial 6 pruned. 
[I 2025-03-22 07:27:16,185] Trial 1 finished with value: inf and parameters: {'n_units_l0': 1216, 'n_units_l1': 448, 'n_units_l2': 2784, 'n_units_l3': 1024, 'n_units_l4': 3232, 'n_units_l5': 3744, 'n_units_l6': 2848, 'n_units_l7': 3168, 'n_units_l8': 3936, 'n_units_l9': 320, 'n_units_l10': 1248, 'lr': 0.09935001781025929}. Best is trial 0 with value: inf.
[I 2025-03-22 07:28:12,364] Trial 7 finished with value: 125.15314133859931 and parameters: {'n_units_l0': 224, 'n_units_l1': 2688, 'n_units_l2': 512, 'n_units_l3': 1024, 'n_units_l4': 1408, 'n_units_l5': 480, 'n_units_l6': 704, 'n_units_l7': 2144, 'n_units_l8': 1184, 'n_units_l9': 3552, 'lr': 0.09677209196120154}. Best is trial 2 with value: 125.12077454397136.
[I 2025-03-22 07:28:14,237] Trial 8 pruned. 
[I 2025-03-22 07:28:15,684] Trial 9 pruned. 
[I 2025-03-22 07:28:16,464] Trial 10 pruned. 
[I 2025-03-22 07:31:05,269] Trial 2 finished with value: 125.10267029411807 and parameters: {'n_units_l0': 3296, 'n_units_l1': 3520, 'n_units_l2': 1824, 'n_units_l3': 1216, 'n_units_l4': 1824, 'n_units_l5': 3776, 'n_units_l6': 3168, 'n_units_l7': 2208, 'n_units_l8': 3936, 'n_units_l9': 2048, 'n_units_l10': 1984, 'lr': 0.021962828061396083}. Best is trial 2 with value: 125.10267029411807.
[I 2025-03-22 07:31:36,440] Trial 11 finished with value: 125.13561577081308 and parameters: {'n_units_l0': 2592, 'n_units_l1': 1280, 'n_units_l2': 3520, 'n_units_l3': 2400, 'n_units_l4': 4000, 'n_units_l5': 3488, 'n_units_l6': 1408, 'n_units_l7': 1216, 'n_units_l8': 3104, 'n_units_l9': 2816, 'lr': 0.0032443256509679178}. Best is trial 2 with value: 125.12077454397136.
[I 2025-03-22 07:31:37,979] Trial 12 pruned. 
[I 2025-03-22 07:31:40,146] Trial 13 pruned. 
[I 2025-03-22 07:31:42,400] Trial 14 pruned. 
[I 2025-03-22 07:31:44,267] Trial 15 pruned. 
[I 2025-03-22 07:31:46,707] Trial 16 pruned. 
[I 2025-03-22 07:31:48,169] Trial 17 pruned. 
[I 2025-03-22 07:33:18,682] Trial 3 finished with value: 125.1020524224935 and parameters: {'n_units_l0': 2464, 'n_units_l1': 2976, 'n_units_l2': 3584, 'n_units_l3': 384, 'n_units_l4': 2720, 'n_units_l5': 1920, 'n_units_l6': 1152, 'n_units_l7': 2272, 'n_units_l8': 1504, 'n_units_l9': 512, 'n_units_l10': 1888, 'lr': 0.05058937742971503}. Best is trial 3 with value: 125.1020524224935.
[I 2025-03-22 07:33:48,906] Trial 18 finished with value: 20.509525686917094 and parameters: {'n_units_l0': 2048, 'n_units_l1': 1568, 'n_units_l2': 1568, 'n_units_l3': 2272, 'n_units_l4': 2304, 'n_units_l5': 1120, 'n_units_l6': 384, 'n_units_l7': 1696, 'n_units_l8': 2752, 'n_units_l9': 3264, 'lr': 0.005282259159177384}. Best is trial 18 with value: 20.509525686917094.
[I 2025-03-22 07:35:25,391] Trial 19 finished with value: 7.513037169765737 and parameters: {'n_units_l0': 1024, 'n_units_l1': 1536, 'n_units_l2': 96, 'n_units_l3': 1536, 'n_units_l4': 2272, 'n_units_l5': 128, 'n_units_l6': 416, 'n_units_l7': 1824, 'n_units_l8': 2784, 'n_units_l9': 4096, 'lr': 0.0019676965491421047}. Best is trial 19 with value: 7.513037169765737.
[I 2025-03-22 07:35:48,336] Trial 4 finished with value: 125.10209024398218 and parameters: {'n_units_l0': 2880, 'n_units_l1': 4096, 'n_units_l2': 2144, 'n_units_l3': 1888, 'n_units_l4': 2176, 'n_units_l5': 256, 'n_units_l6': 288, 'n_units_l7': 3168, 'n_units_l8': 1920, 'n_units_l9': 1088, 'n_units_l10': 2944, 'lr': 0.04221859451463899}. Best is trial 3 with value: 125.1020524224935.
/trinity/home/fisheye/.local/lib/python3.9/site-packages/numpy/lib/function_base.py:4529: RuntimeWarning: invalid value encountered in multiply
  lerp_interpolation = asanyarray(add(a, diff_b_a * t, out=out))
[I 2025-03-22 07:37:17,190] Trial 20 finished with value: 33.97725517327593 and parameters: {'n_units_l0': 864, 'n_units_l1': 1440, 'n_units_l2': 1536, 'n_units_l3': 1472, 'n_units_l4': 2400, 'n_units_l5': 992, 'n_units_l6': 416, 'n_units_l7': 1728, 'n_units_l8': 2752, 'n_units_l9': 4032, 'lr': 0.001761649100632336}. Best is trial 19 with value: 7.513037169765737.
[I 2025-03-22 07:38:20,834] Trial 5 finished with value: inf and parameters: {'n_units_l0': 3936, 'n_units_l1': 1952, 'n_units_l2': 1952, 'n_units_l3': 4000, 'n_units_l4': 2432, 'n_units_l5': 2336, 'n_units_l6': 320, 'n_units_l7': 3936, 'n_units_l8': 384, 'n_units_l9': 2528, 'n_units_l10': 1024, 'lr': 0.0791238452213769}. Best is trial 3 with value: 125.1020524224935.
/trinity/home/fisheye/.local/lib/python3.9/site-packages/numpy/lib/function_base.py:4530: RuntimeWarning: invalid value encountered in subtract
  subtract(b, diff_b_a * (1 - t), out=lerp_interpolation, where=t >= 0.5)
[I 2025-03-22 07:39:09,880] Trial 21 finished with value: 15.018935724473387 and parameters: {'n_units_l0': 800, 'n_units_l1': 1504, 'n_units_l2': 1504, 'n_units_l3': 1280, 'n_units_l4': 2336, 'n_units_l5': 1088, 'n_units_l6': 480, 'n_units_l7': 1696, 'n_units_l8': 2848, 'n_units_l9': 4064, 'lr': 0.000235016905052248}. Best is trial 19 with value: 7.513037169765737.
[I 2025-03-22 07:39:10,805] Trial 22 pruned. 
[I 2025-03-22 07:39:11,826] Trial 23 pruned. 
[I 2025-03-22 07:39:58,782] Trial 6 finished with value: 125.1138863410378 and parameters: {'n_units_l0': 352, 'n_units_l1': 288, 'n_units_l2': 800, 'n_units_l3': 1664, 'n_units_l4': 960, 'n_units_l5': 3648, 'n_units_l6': 3456, 'n_units_l7': 928, 'n_units_l8': 288, 'n_units_l9': 96, 'n_units_l10': 192, 'lr': 0.06256558997991833}. Best is trial 3 with value: 125.1020524224935.
[I 2025-03-22 07:41:09,821] Trial 24 finished with value: 125.13882912330945 and parameters: {'n_units_l0': 1824, 'n_units_l1': 2208, 'n_units_l2': 1504, 'n_units_l3': 1440, 'n_units_l4': 3136, 'n_units_l5': 1344, 'n_units_l6': 352, 'n_units_l7': 1888, 'n_units_l8': 2080, 'n_units_l9': 3584, 'lr': 0.009205181511927849}. Best is trial 19 with value: 7.513037169765737.
[I 2025-03-22 07:42:02,592] Trial 7 finished with value: 125.14451100967248 and parameters: {'n_units_l0': 2688, 'n_units_l1': 960, 'n_units_l2': 4064, 'n_units_l3': 64, 'n_units_l4': 1024, 'n_units_l5': 1824, 'n_units_l6': 1760, 'n_units_l7': 1408, 'n_units_l8': 736, 'n_units_l9': 3712, 'n_units_l10': 3904, 'lr': 0.017487184793419912}. Best is trial 3 with value: 125.1020524224935.
[I 2025-03-22 07:42:48,945] Trial 25 finished with value: 7.01812167959448 and parameters: {'n_units_l0': 640, 'n_units_l1': 1056, 'n_units_l2': 800, 'n_units_l3': 1760, 'n_units_l4': 2144, 'n_units_l5': 576, 'n_units_l6': 448, 'n_units_l7': 2784, 'n_units_l8': 2432, 'n_units_l9': 3168, 'lr': 0.0005894568162586773}. Best is trial 25 with value: 7.01812167959448.
[I 2025-03-22 07:42:49,907] Trial 26 pruned. 
[I 2025-03-22 07:43:17,477] Trial 8 pruned. 
[I 2025-03-22 07:43:23,691] Trial 9 pruned. 
[I 2025-03-22 07:44:37,306] Trial 27 finished with value: 15.004566469457087 and parameters: {'n_units_l0': 1120, 'n_units_l1': 96, 'n_units_l2': 320, 'n_units_l3': 1280, 'n_units_l4': 3488, 'n_units_l5': 384, 'n_units_l6': 640, 'n_units_l7': 3584, 'n_units_l8': 2336, 'n_units_l9': 4096, 'lr': 0.0007378108842445368}. Best is trial 25 with value: 7.01812167959448.
[I 2025-03-22 07:44:38,519] Trial 28 pruned. 
[I 2025-03-22 07:44:39,666] Trial 29 pruned. 
[I 2025-03-22 07:44:40,811] Trial 30 pruned. 
[I 2025-03-22 07:45:31,206] Trial 10 finished with value: 125.10293978479191 and parameters: {'n_units_l0': 2144, 'n_units_l1': 3040, 'n_units_l2': 4096, 'n_units_l3': 32, 'n_units_l4': 4032, 'n_units_l5': 1600, 'n_units_l6': 1088, 'n_units_l7': 288, 'n_units_l8': 2304, 'n_units_l9': 1280, 'n_units_l10': 1856, 'lr': 0.04147983032947033}. Best is trial 3 with value: 125.1020524224935.
[I 2025-03-22 07:46:35,693] Trial 31 finished with value: 7.278321900151439 and parameters: {'n_units_l0': 1056, 'n_units_l1': 1120, 'n_units_l2': 224, 'n_units_l3': 1280, 'n_units_l4': 2144, 'n_units_l5': 64, 'n_units_l6': 512, 'n_units_l7': 3488, 'n_units_l8': 3008, 'n_units_l9': 4064, 'lr': 0.0001449153400412616}. Best is trial 25 with value: 7.01812167959448.
[I 2025-03-22 07:47:35,438] Trial 11 finished with value: 125.10376499347564 and parameters: {'n_units_l0': 2688, 'n_units_l1': 3936, 'n_units_l2': 64, 'n_units_l3': 2592, 'n_units_l4': 2976, 'n_units_l5': 32, 'n_units_l6': 832, 'n_units_l7': 3040, 'n_units_l8': 1984, 'n_units_l9': 1120, 'n_units_l10': 3040, 'lr': 0.0414984028525519}. Best is trial 3 with value: 125.1020524224935.
[I 2025-03-22 07:47:37,569] Trial 12 pruned. 
[I 2025-03-22 07:48:30,129] Trial 32 finished with value: 14.017122736053329 and parameters: {'n_units_l0': 1120, 'n_units_l1': 1120, 'n_units_l2': 160, 'n_units_l3': 864, 'n_units_l4': 1440, 'n_units_l5': 64, 'n_units_l6': 1184, 'n_units_l7': 3328, 'n_units_l8': 3104, 'n_units_l9': 3808, 'lr': 0.00016033310053119413}. Best is trial 25 with value: 7.01812167959448.
[I 2025-03-22 07:48:31,380] Trial 33 pruned. 
[I 2025-03-22 07:48:32,914] Trial 34 pruned. 
[I 2025-03-22 07:48:33,803] Trial 35 pruned. 
[I 2025-03-22 07:48:35,003] Trial 36 pruned. 
[I 2025-03-22 07:48:36,303] Trial 37 pruned. 
[I 2025-03-22 07:48:37,959] Trial 38 pruned. 
[I 2025-03-22 07:48:39,194] Trial 39 pruned. 
[I 2025-03-22 07:48:40,504] Trial 40 pruned. 
[I 2025-03-22 07:48:41,744] Trial 41 pruned. 
[I 2025-03-22 07:48:43,063] Trial 42 pruned. 
[I 2025-03-22 07:50:00,861] Trial 13 finished with value: 14.10580522659445 and parameters: {'n_units_l0': 3296, 'n_units_l1': 2976, 'n_units_l2': 1152, 'n_units_l3': 2688, 'n_units_l4': 64, 'n_units_l5': 64, 'n_units_l6': 640, 'n_units_l7': 3936, 'n_units_l8': 2496, 'n_units_l9': 1696, 'n_units_l10': 3296, 'lr': 0.0007841403165019453}. Best is trial 13 with value: 14.10580522659445.
[I 2025-03-22 07:50:52,579] Trial 14 pruned. 
[I 2025-03-22 07:50:53,283] Trial 43 finished with value: 20.648242286235558 and parameters: {'n_units_l0': 1376, 'n_units_l1': 1760, 'n_units_l2': 96, 'n_units_l3': 992, 'n_units_l4': 1376, 'n_units_l5': 832, 'n_units_l6': 864, 'n_units_l7': 3552, 'n_units_l8': 3552, 'n_units_l9': 3776, 'lr': 0.0008359232185148026}. Best is trial 25 with value: 7.01812167959448.
[I 2025-03-22 07:50:54,369] Trial 44 pruned. 
[I 2025-03-22 07:50:55,503] Trial 45 pruned. 
[I 2025-03-22 07:50:56,630] Trial 46 pruned. 
[I 2025-03-22 07:50:58,030] Trial 47 pruned. 
[I 2025-03-22 07:50:59,022] Trial 48 pruned. 
[I 2025-03-22 07:51:00,748] Trial 49 pruned. 
[I 2025-03-22 07:51:01,686] Trial 50 pruned. 
[I 2025-03-22 07:51:02,852] Trial 51 pruned. 
[I 2025-03-22 07:51:04,083] Trial 52 pruned. 
[I 2025-03-22 07:51:05,290] Trial 53 pruned. 
[I 2025-03-22 07:51:06,929] Trial 54 pruned. 
[I 2025-03-22 07:52:48,100] Trial 55 finished with value: 9.154504140610655 and parameters: {'n_units_l0': 1408, 'n_units_l1': 608, 'n_units_l2': 960, 'n_units_l3': 1312, 'n_units_l4': 3776, 'n_units_l5': 960, 'n_units_l6': 448, 'n_units_l7': 544, 'n_units_l8': 2848, 'n_units_l9': 3872, 'lr': 0.0003710513078974214}. Best is trial 25 with value: 7.01812167959448.
[I 2025-03-22 07:53:08,791] Trial 15 finished with value: 12.819749733502773 and parameters: {'n_units_l0': 3264, 'n_units_l1': 2464, 'n_units_l2': 1056, 'n_units_l3': 3104, 'n_units_l4': 1632, 'n_units_l5': 1472, 'n_units_l6': 2272, 'n_units_l7': 2560, 'n_units_l8': 1344, 'n_units_l9': 576, 'n_units_l10': 2368, 'lr': 0.0017664632125675083}. Best is trial 15 with value: 12.819749733502773.
[I 2025-03-22 07:53:22,233] Trial 56 pruned. 
[I 2025-03-22 07:53:23,163] Trial 57 pruned. 
[I 2025-03-22 07:53:24,096] Trial 58 pruned. 
[I 2025-03-22 07:53:25,553] Trial 59 pruned. 
[I 2025-03-22 07:53:27,087] Trial 60 pruned. 
[I 2025-03-22 07:53:28,233] Trial 61 pruned. 
[I 2025-03-22 07:53:29,342] Trial 62 pruned. 
[I 2025-03-22 07:53:31,408] Trial 63 pruned. 
[I 2025-03-22 07:53:32,931] Trial 64 pruned. 
[I 2025-03-22 07:53:34,603] Trial 65 pruned. 
[I 2025-03-22 07:53:35,751] Trial 66 pruned. 
[I 2025-03-22 07:54:09,130] Trial 67 pruned. 
[I 2025-03-22 07:54:10,384] Trial 68 pruned. 
[I 2025-03-22 07:54:11,413] Trial 69 pruned. 
[I 2025-03-22 07:54:13,881] Trial 70 pruned. 
[I 2025-03-22 07:54:15,518] Trial 71 pruned. 
[I 2025-03-22 07:54:16,705] Trial 72 pruned. 
[I 2025-03-22 07:54:17,898] Trial 73 pruned. 
[I 2025-03-22 07:54:19,318] Trial 74 pruned. 
[I 2025-03-22 07:54:50,291] Trial 75 pruned. 
[I 2025-03-22 07:54:51,711] Trial 76 pruned. 
[I 2025-03-22 07:54:53,041] Trial 77 pruned. 
[I 2025-03-22 07:54:54,701] Trial 78 pruned. 
[I 2025-03-22 07:56:41,271] Trial 16 finished with value: 12.058253011639085 and parameters: {'n_units_l0': 3328, 'n_units_l1': 2336, 'n_units_l2': 1024, 'n_units_l3': 3232, 'n_units_l4': 1600, 'n_units_l5': 1280, 'n_units_l6': 4064, 'n_units_l7': 3744, 'n_units_l8': 2720, 'n_units_l9': 1632, 'n_units_l10': 3424, 'lr': 0.0003181332802509644}. Best is trial 16 with value: 12.058253011639085.
[I 2025-03-22 07:56:50,700] Trial 79 finished with value: 19.599496333463854 and parameters: {'n_units_l0': 3424, 'n_units_l1': 160, 'n_units_l2': 160, 'n_units_l3': 2496, 'n_units_l4': 1792, 'n_units_l5': 256, 'n_units_l6': 224, 'n_units_l7': 3936, 'n_units_l8': 3232, 'n_units_l9': 3200, 'lr': 0.00040817054565915427}. Best is trial 25 with value: 7.01812167959448.
[I 2025-03-22 07:56:51,991] Trial 80 pruned. 
[I 2025-03-22 07:56:54,480] Trial 81 pruned. 
[I 2025-03-22 07:56:55,609] Trial 82 pruned. 
[I 2025-03-22 07:57:22,910] Trial 83 pruned. 
[I 2025-03-22 07:57:24,258] Trial 84 pruned. 
[I 2025-03-22 07:57:26,417] Trial 85 pruned. 
[I 2025-03-22 07:57:27,488] Trial 86 pruned. 
[I 2025-03-22 07:57:28,688] Trial 87 pruned. 
[I 2025-03-22 07:57:29,971] Trial 88 pruned. 
[I 2025-03-22 07:57:35,889] Trial 89 pruned. 
[I 2025-03-22 07:57:37,213] Trial 90 pruned. 
[I 2025-03-22 07:58:05,995] Trial 91 pruned. 
[I 2025-03-22 07:58:31,406] Trial 92 pruned. 
[I 2025-03-22 07:58:33,179] Trial 93 pruned. 
[I 2025-03-22 07:58:35,975] Trial 94 pruned. 
[I 2025-03-22 07:58:37,361] Trial 95 pruned. 
[I 2025-03-22 07:58:39,510] Trial 96 pruned. 
[I 2025-03-22 07:58:40,903] Trial 97 pruned. 
[I 2025-03-22 07:58:42,373] Trial 98 pruned. 
[I 2025-03-22 07:58:43,615] Trial 99 pruned. 
[I 2025-03-22 07:58:43,773] A new study created in memory with name: no-name-7ce2ca41-4788-4c28-8f3d-561f87ca9ace
[I 2025-03-22 07:59:41,457] Trial 17 finished with value: 13.245505783471886 and parameters: {'n_units_l0': 3296, 'n_units_l1': 2432, 'n_units_l2': 384, 'n_units_l3': 3264, 'n_units_l4': 1600, 'n_units_l5': 1280, 'n_units_l6': 3968, 'n_units_l7': 3584, 'n_units_l8': 3008, 'n_units_l9': 608, 'n_units_l10': 2464, 'lr': 0.0002025718124668641}. Best is trial 16 with value: 12.058253011639085.
[I 2025-03-22 07:59:43,488] Trial 18 pruned. 
[I 2025-03-22 07:59:58,135] Trial 19 pruned. 
[I 2025-03-22 08:00:00,254] Trial 20 pruned. 
[I 2025-03-22 08:00:46,387] Trial 21 pruned. 
[I 2025-03-22 08:01:14,930] Trial 0 finished with value: 125.42056846492754 and parameters: {'n_units_l0': 1536, 'n_units_l1': 416, 'n_units_l2': 1824, 'n_units_l3': 3168, 'n_units_l4': 512, 'n_units_l5': 1472, 'n_units_l6': 4064, 'n_units_l7': 32, 'n_units_l8': 3552, 'n_units_l9': 3968, 'n_units_l10': 2880, 'n_units_l11': 352, 'lr': 0.05502894486651647}. Best is trial 0 with value: 125.42056846492754.
[I 2025-03-22 08:03:30,347] Trial 22 finished with value: 125.10540487471336 and parameters: {'n_units_l0': 3072, 'n_units_l1': 2496, 'n_units_l2': 576, 'n_units_l3': 3200, 'n_units_l4': 1856, 'n_units_l5': 1440, 'n_units_l6': 3840, 'n_units_l7': 3520, 'n_units_l8': 2464, 'n_units_l9': 64, 'n_units_l10': 2304, 'lr': 0.008656472209526811}. Best is trial 16 with value: 12.058253011639085.
[I 2025-03-22 08:04:31,175] Trial 1 finished with value: inf and parameters: {'n_units_l0': 2816, 'n_units_l1': 3360, 'n_units_l2': 672, 'n_units_l3': 3424, 'n_units_l4': 3968, 'n_units_l5': 2688, 'n_units_l6': 832, 'n_units_l7': 672, 'n_units_l8': 416, 'n_units_l9': 4000, 'n_units_l10': 1824, 'n_units_l11': 4000, 'lr': 0.08015768387818852}. Best is trial 0 with value: 125.42056846492754.
[I 2025-03-22 08:06:06,555] Trial 23 finished with value: 8.157895792416186 and parameters: {'n_units_l0': 3488, 'n_units_l1': 1568, 'n_units_l2': 480, 'n_units_l3': 3648, 'n_units_l4': 1408, 'n_units_l5': 800, 'n_units_l6': 3584, 'n_units_l7': 2688, 'n_units_l8': 3200, 'n_units_l9': 1440, 'n_units_l10': 2752, 'lr': 0.0015979258949067384}. Best is trial 23 with value: 8.157895792416186.
[I 2025-03-22 08:06:08,518] Trial 24 pruned. 
[I 2025-03-22 08:06:10,355] Trial 25 pruned. 
[I 2025-03-22 08:06:12,096] Trial 26 pruned. 
[I 2025-03-22 08:06:15,652] Trial 27 pruned. 
[I 2025-03-22 08:07:32,599] Trial 2 finished with value: inf and parameters: {'n_units_l0': 2880, 'n_units_l1': 384, 'n_units_l2': 3360, 'n_units_l3': 4096, 'n_units_l4': 448, 'n_units_l5': 3456, 'n_units_l6': 2208, 'n_units_l7': 3072, 'n_units_l8': 2560, 'n_units_l9': 3712, 'n_units_l10': 192, 'n_units_l11': 224, 'lr': 0.06661600288135797}. Best is trial 0 with value: 125.42056846492754.
[I 2025-03-22 08:09:04,976] Trial 28 finished with value: 125.1489618860935 and parameters: {'n_units_l0': 3872, 'n_units_l1': 2176, 'n_units_l2': 736, 'n_units_l3': 2464, 'n_units_l4': 2400, 'n_units_l5': 416, 'n_units_l6': 3296, 'n_units_l7': 2848, 'n_units_l8': 3648, 'n_units_l9': 1344, 'n_units_l10': 2752, 'lr': 0.018169229950209694}. Best is trial 23 with value: 8.157895792416186.
[I 2025-03-22 08:09:06,119] Trial 29 pruned. 
[I 2025-03-22 08:10:00,906] Trial 3 finished with value: 125.46688441411891 and parameters: {'n_units_l0': 1760, 'n_units_l1': 2560, 'n_units_l2': 3584, 'n_units_l3': 3744, 'n_units_l4': 1056, 'n_units_l5': 960, 'n_units_l6': 2784, 'n_units_l7': 288, 'n_units_l8': 448, 'n_units_l9': 352, 'n_units_l10': 1152, 'n_units_l11': 3072, 'lr': 0.020771470670505204}. Best is trial 0 with value: 125.42056846492754.
[I 2025-03-22 08:11:36,520] Trial 30 finished with value: 35.36057157709696 and parameters: {'n_units_l0': 1600, 'n_units_l1': 640, 'n_units_l2': 1504, 'n_units_l3': 3104, 'n_units_l4': 1120, 'n_units_l5': 448, 'n_units_l6': 2560, 'n_units_l7': 3296, 'n_units_l8': 3136, 'n_units_l9': 2272, 'n_units_l10': 1664, 'lr': 0.0042380841446345435}. Best is trial 23 with value: 8.157895792416186.
[I 2025-03-22 08:14:35,448] Trial 31 finished with value: 38.77734645063727 and parameters: {'n_units_l0': 3328, 'n_units_l1': 2592, 'n_units_l2': 352, 'n_units_l3': 3296, 'n_units_l4': 1568, 'n_units_l5': 1280, 'n_units_l6': 3840, 'n_units_l7': 3680, 'n_units_l8': 3040, 'n_units_l9': 672, 'n_units_l10': 2656, 'lr': 0.00210648478815542}. Best is trial 23 with value: 8.157895792416186.
[I 2025-03-22 08:14:37,260] Trial 32 pruned. 
