[I 2025-03-22 03:51:19,627] Trial 1 finished with value: 124.77091280378256 and parameters: {'n_units_l0': 3392, 'n_units_l1': 1056, 'n_units_l2': 3936, 'n_units_l3': 2112, 'n_units_l4': 864, 'n_units_l5': 1920, 'n_units_l6': 3040, 'n_units_l7': 3392, 'lr': 0.04755188629650215}. Best is trial 1 with value: 124.77091280378256.
[I 2025-03-22 03:51:36,122] Trial 96 finished with value: 16.630718220236535 and parameters: {'n_units_l0': 32, 'n_units_l1': 448, 'n_units_l2': 1248, 'n_units_l3': 1088, 'n_units_l4': 448, 'n_units_l5': 3136, 'n_units_l6': 1856, 'lr': 0.0027568438698617544}. Best is trial 45 with value: 9.110935136921137.
[I 2025-03-22 03:51:44,241] Trial 97 pruned. 
[I 2025-03-22 03:52:22,140] Trial 98 finished with value: 22.516740009496253 and parameters: {'n_units_l0': 32, 'n_units_l1': 192, 'n_units_l2': 1056, 'n_units_l3': 256, 'n_units_l4': 320, 'n_units_l5': 3392, 'n_units_l6': 1696, 'lr': 0.003576613892654417}. Best is trial 45 with value: 9.110935136921137.
[I 2025-03-22 03:52:22,707] Trial 99 pruned. 
[I 2025-03-22 03:52:22,811] A new study created in memory with name: no-name-6cfdccdf-e82b-493d-abd0-567ba5a3c9cf
[I 2025-03-22 03:52:33,460] Trial 2 finished with value: 124.89752721219207 and parameters: {'n_units_l0': 3296, 'n_units_l1': 3040, 'n_units_l2': 224, 'n_units_l3': 2848, 'n_units_l4': 2080, 'n_units_l5': 576, 'n_units_l6': 3296, 'n_units_l7': 3968, 'lr': 0.013405483267006392}. Best is trial 1 with value: 124.77091280378256.
[I 2025-03-22 03:53:27,882] Trial 3 finished with value: 124.7703194395672 and parameters: {'n_units_l0': 2304, 'n_units_l1': 1152, 'n_units_l2': 352, 'n_units_l3': 480, 'n_units_l4': 1248, 'n_units_l5': 3296, 'n_units_l6': 2208, 'n_units_l7': 3456, 'lr': 0.05745599474376269}. Best is trial 3 with value: 124.7703194395672.
[I 2025-03-22 03:53:27,896] Trial 0 finished with value: 125.15451629829954 and parameters: {'n_units_l0': 800, 'n_units_l1': 2944, 'n_units_l2': 3520, 'n_units_l3': 704, 'n_units_l4': 1600, 'n_units_l5': 832, 'n_units_l6': 3552, 'n_units_l7': 960, 'n_units_l8': 3904, 'lr': 0.03989052299604291}. Best is trial 0 with value: 125.15451629829954.
[I 2025-03-22 03:54:35,536] Trial 4 finished with value: 13.646595203326347 and parameters: {'n_units_l0': 896, 'n_units_l1': 768, 'n_units_l2': 3456, 'n_units_l3': 3040, 'n_units_l4': 1696, 'n_units_l5': 2976, 'n_units_l6': 736, 'n_units_l7': 3808, 'lr': 0.0008882749655687429}. Best is trial 4 with value: 13.646595203326347.
[I 2025-03-22 03:55:17,880] Trial 1 finished with value: 125.13795554080623 and parameters: {'n_units_l0': 2496, 'n_units_l1': 2144, 'n_units_l2': 896, 'n_units_l3': 3840, 'n_units_l4': 3456, 'n_units_l5': 3744, 'n_units_l6': 896, 'n_units_l7': 3648, 'n_units_l8': 2528, 'lr': 0.07290468188896095}. Best is trial 1 with value: 125.13795554080623.
[I 2025-03-22 03:55:21,087] Trial 5 finished with value: 124.81262887981393 and parameters: {'n_units_l0': 928, 'n_units_l1': 2816, 'n_units_l2': 96, 'n_units_l3': 896, 'n_units_l4': 96, 'n_units_l5': 2208, 'n_units_l6': 2944, 'n_units_l7': 2912, 'lr': 0.04595720961392437}. Best is trial 4 with value: 13.646595203326347.
[I 2025-03-22 03:55:22,270] Trial 6 pruned. 
[I 2025-03-22 03:56:02,598] Trial 2 finished with value: 125.13817752849094 and parameters: {'n_units_l0': 1056, 'n_units_l1': 1184, 'n_units_l2': 1216, 'n_units_l3': 384, 'n_units_l4': 512, 'n_units_l5': 2496, 'n_units_l6': 2144, 'n_units_l7': 1888, 'n_units_l8': 1728, 'lr': 0.039845594560773294}. Best is trial 1 with value: 125.13795554080623.
[I 2025-03-22 03:56:02,908] Trial 7 finished with value: 124.78567887000872 and parameters: {'n_units_l0': 1440, 'n_units_l1': 864, 'n_units_l2': 736, 'n_units_l3': 3520, 'n_units_l4': 192, 'n_units_l5': 3552, 'n_units_l6': 160, 'n_units_l7': 2336, 'lr': 0.012592007340937248}. Best is trial 4 with value: 13.646595203326347.
[I 2025-03-22 03:56:03,662] Trial 8 pruned. 
[I 2025-03-22 03:56:05,570] Trial 9 pruned. 
[I 2025-03-22 03:57:11,205] Trial 3 finished with value: 125.16851913639447 and parameters: {'n_units_l0': 128, 'n_units_l1': 320, 'n_units_l2': 2944, 'n_units_l3': 352, 'n_units_l4': 3552, 'n_units_l5': 2464, 'n_units_l6': 3264, 'n_units_l7': 2560, 'n_units_l8': 448, 'lr': 0.012620569205259993}. Best is trial 1 with value: 125.13795554080623.
[I 2025-03-22 03:57:26,857] Trial 10 finished with value: 124.78364698041231 and parameters: {'n_units_l0': 96, 'n_units_l1': 32, 'n_units_l2': 2144, 'n_units_l3': 4000, 'n_units_l4': 4064, 'n_units_l5': 2944, 'n_units_l6': 96, 'n_units_l7': 2048, 'lr': 0.005269821961898714}. Best is trial 4 with value: 13.646595203326347.
[I 2025-03-22 03:57:34,336] Trial 11 pruned. 
[I 2025-03-22 03:57:35,327] Trial 12 pruned. 
[I 2025-03-22 03:57:36,306] Trial 13 pruned. 
[I 2025-03-22 03:57:37,430] Trial 14 pruned. 
[I 2025-03-22 03:57:38,352] Trial 15 pruned. 
[I 2025-03-22 03:57:39,319] Trial 16 pruned. 
[I 2025-03-22 03:57:40,169] Trial 17 pruned. 
[I 2025-03-22 03:58:08,913] Trial 4 finished with value: 125.1474362919056 and parameters: {'n_units_l0': 3776, 'n_units_l1': 480, 'n_units_l2': 1472, 'n_units_l3': 1120, 'n_units_l4': 4096, 'n_units_l5': 2528, 'n_units_l6': 608, 'n_units_l7': 1472, 'n_units_l8': 1536, 'lr': 0.02680569478845318}. Best is trial 1 with value: 125.13795554080623.
[I 2025-03-22 03:58:10,917] Trial 5 pruned. 
[I 2025-03-22 03:58:12,134] Trial 6 pruned. 
[I 2025-03-22 03:58:13,839] Trial 7 pruned. 
[I 2025-03-22 03:58:15,912] Trial 8 pruned. 
[I 2025-03-22 03:58:47,301] Trial 18 finished with value: 18.43469147115521 and parameters: {'n_units_l0': 64, 'n_units_l1': 2240, 'n_units_l2': 2528, 'n_units_l3': 2496, 'n_units_l4': 1408, 'n_units_l5': 1504, 'n_units_l6': 1984, 'n_units_l7': 4064, 'lr': 0.00014233360488908578}. Best is trial 4 with value: 13.646595203326347.
[I 2025-03-22 03:59:19,208] Trial 9 finished with value: 125.13452148636753 and parameters: {'n_units_l0': 96, 'n_units_l1': 2016, 'n_units_l2': 1376, 'n_units_l3': 3232, 'n_units_l4': 1472, 'n_units_l5': 2464, 'n_units_l6': 1120, 'n_units_l7': 3904, 'n_units_l8': 960, 'lr': 0.015701406344353998}. Best is trial 9 with value: 125.13452148636753.
[I 2025-03-22 03:59:20,570] Trial 10 pruned. 
[I 2025-03-22 03:59:23,371] Trial 11 pruned. 
[I 2025-03-22 03:59:31,446] Trial 12 pruned. 
[I 2025-03-22 04:00:28,156] Trial 19 finished with value: 34.557558531230654 and parameters: {'n_units_l0': 32, 'n_units_l1': 2400, 'n_units_l2': 2720, 'n_units_l3': 4032, 'n_units_l4': 1568, 'n_units_l5': 1440, 'n_units_l6': 3808, 'n_units_l7': 4096, 'lr': 0.003461347714121654}. Best is trial 4 with value: 13.646595203326347.
[I 2025-03-22 04:00:29,005] Trial 20 pruned. 
[I 2025-03-22 04:01:17,355] Trial 13 finished with value: 125.13556273832243 and parameters: {'n_units_l0': 1504, 'n_units_l1': 1504, 'n_units_l2': 2272, 'n_units_l3': 3360, 'n_units_l4': 2528, 'n_units_l5': 3296, 'n_units_l6': 1216, 'n_units_l7': 3264, 'n_units_l8': 3488, 'lr': 0.004004080465304066}. Best is trial 9 with value: 125.13452148636753.
[I 2025-03-22 04:02:11,300] Trial 21 finished with value: 8.377154269488376 and parameters: {'n_units_l0': 32, 'n_units_l1': 2528, 'n_units_l2': 2688, 'n_units_l3': 4000, 'n_units_l4': 1568, 'n_units_l5': 1504, 'n_units_l6': 3968, 'n_units_l7': 3968, 'lr': 0.002293019072344212}. Best is trial 21 with value: 8.377154269488376.
[I 2025-03-22 04:03:03,548] Trial 14 finished with value: 25.06831641058973 and parameters: {'n_units_l0': 1248, 'n_units_l1': 1408, 'n_units_l2': 2272, 'n_units_l3': 3104, 'n_units_l4': 2496, 'n_units_l5': 3136, 'n_units_l6': 1568, 'n_units_l7': 3168, 'n_units_l8': 3776, 'lr': 0.0007849773416765387}. Best is trial 14 with value: 25.06831641058973.
[I 2025-03-22 04:03:32,195] Trial 22 finished with value: 8.396479781553907 and parameters: {'n_units_l0': 352, 'n_units_l1': 2624, 'n_units_l2': 2432, 'n_units_l3': 3520, 'n_units_l4': 1792, 'n_units_l5': 128, 'n_units_l6': 3584, 'n_units_l7': 3776, 'lr': 0.0008694143515614549}. Best is trial 21 with value: 8.377154269488376.
[I 2025-03-22 04:03:33,245] Trial 23 pruned. 
[I 2025-03-22 04:03:34,780] Trial 24 pruned. 
[I 2025-03-22 04:03:35,667] Trial 25 pruned. 
[I 2025-03-22 04:03:36,714] Trial 26 pruned. 
[I 2025-03-22 04:03:38,007] Trial 27 pruned. 
[I 2025-03-22 04:04:06,093] Trial 15 finished with value: 125.24429032571572 and parameters: {'n_units_l0': 768, 'n_units_l1': 896, 'n_units_l2': 2624, 'n_units_l3': 1760, 'n_units_l4': 1344, 'n_units_l5': 1632, 'n_units_l6': 2592, 'n_units_l7': 2784, 'n_units_l8': 960, 'lr': 0.005226933317685062}. Best is trial 14 with value: 25.06831641058973.
[I 2025-03-22 04:04:07,405] Trial 16 pruned. 
[I 2025-03-22 04:05:23,669] Trial 17 finished with value: 20.039407822755148 and parameters: {'n_units_l0': 512, 'n_units_l1': 2688, 'n_units_l2': 1376, 'n_units_l3': 3392, 'n_units_l4': 160, 'n_units_l5': 2880, 'n_units_l6': 2848, 'n_units_l7': 3616, 'n_units_l8': 1088, 'lr': 0.001532152841534318}. Best is trial 17 with value: 20.039407822755148.
[I 2025-03-22 04:05:24,976] Trial 18 pruned. 
[I 2025-03-22 04:05:31,207] Trial 28 finished with value: 17.03815617500871 and parameters: {'n_units_l0': 1184, 'n_units_l1': 2592, 'n_units_l2': 3584, 'n_units_l3': 4096, 'n_units_l4': 544, 'n_units_l5': 2560, 'n_units_l6': 3744, 'n_units_l7': 3392, 'lr': 0.0003843522639266663}. Best is trial 21 with value: 8.377154269488376.
[I 2025-03-22 04:05:31,805] Trial 29 pruned. 
[I 2025-03-22 04:05:32,635] Trial 30 pruned. 
[I 2025-03-22 04:06:48,829] Trial 19 finished with value: 8.906746186111702 and parameters: {'n_units_l0': 1728, 'n_units_l1': 2592, 'n_units_l2': 224, 'n_units_l3': 1568, 'n_units_l4': 2912, 'n_units_l5': 1632, 'n_units_l6': 2656, 'n_units_l7': 3552, 'n_units_l8': 2304, 'lr': 0.0002649281508108406}. Best is trial 19 with value: 8.906746186111702.
[I 2025-03-22 04:06:50,002] Trial 20 pruned. 
[I 2025-03-22 04:07:25,231] Trial 31 finished with value: 9.351070889555125 and parameters: {'n_units_l0': 1216, 'n_units_l1': 2528, 'n_units_l2': 3616, 'n_units_l3': 4000, 'n_units_l4': 576, 'n_units_l5': 2656, 'n_units_l6': 3744, 'n_units_l7': 3328, 'lr': 0.000511280080760264}. Best is trial 21 with value: 8.377154269488376.
[I 2025-03-22 04:08:18,136] Trial 21 finished with value: 17.884339841422726 and parameters: {'n_units_l0': 1216, 'n_units_l1': 3296, 'n_units_l2': 384, 'n_units_l3': 2208, 'n_units_l4': 1952, 'n_units_l5': 3008, 'n_units_l6': 2720, 'n_units_l7': 3424, 'n_units_l8': 1312, 'lr': 7.49404319285163e-05}. Best is trial 19 with value: 8.906746186111702.
[I 2025-03-22 04:09:15,832] Trial 22 finished with value: 35.68394108172277 and parameters: {'n_units_l0': 544, 'n_units_l1': 3392, 'n_units_l2': 384, 'n_units_l3': 2144, 'n_units_l4': 64, 'n_units_l5': 1952, 'n_units_l6': 2720, 'n_units_l7': 3584, 'n_units_l8': 1248, 'lr': 0.0035020959937787366}. Best is trial 19 with value: 8.906746186111702.
[I 2025-03-22 04:09:16,918] Trial 23 pruned. 
[I 2025-03-22 04:09:17,892] Trial 24 pruned. 
[I 2025-03-22 04:09:18,883] Trial 25 pruned. 
[I 2025-03-22 04:09:39,056] Trial 32 finished with value: 7.117046212757284 and parameters: {'n_units_l0': 1024, 'n_units_l1': 2464, 'n_units_l2': 4000, 'n_units_l3': 3776, 'n_units_l4': 1024, 'n_units_l5': 3808, 'n_units_l6': 3808, 'n_units_l7': 3328, 'lr': 6.506110162678679e-05}. Best is trial 32 with value: 7.117046212757284.
[I 2025-03-22 04:09:40,562] Trial 33 pruned. 
[I 2025-03-22 04:09:41,757] Trial 34 pruned. 
[I 2025-03-22 04:09:43,102] Trial 35 pruned. 
[I 2025-03-22 04:09:44,331] Trial 36 pruned. 
[I 2025-03-22 04:09:45,756] Trial 37 pruned. 
[I 2025-03-22 04:09:47,414] Trial 38 pruned. 
[I 2025-03-22 04:11:11,365] Trial 26 finished with value: 53.626401140597075 and parameters: {'n_units_l0': 384, 'n_units_l1': 3136, 'n_units_l2': 864, 'n_units_l3': 3552, 'n_units_l4': 4032, 'n_units_l5': 2816, 'n_units_l6': 1856, 'n_units_l7': 3424, 'n_units_l8': 1920, 'lr': 1.3327847250481513e-05}. Best is trial 19 with value: 8.906746186111702.
[I 2025-03-22 04:11:12,208] Trial 27 pruned. 
[I 2025-03-22 04:11:13,124] Trial 28 pruned. 
[I 2025-03-22 04:11:13,737] Trial 29 pruned. 
[I 2025-03-22 04:11:14,471] Trial 39 finished with value: 14.478811735327001 and parameters: {'n_units_l0': 224, 'n_units_l1': 2848, 'n_units_l2': 3360, 'n_units_l3': 2784, 'n_units_l4': 672, 'n_units_l5': 2304, 'n_units_l6': 3424, 'n_units_l7': 2272, 'lr': 0.00037646480343811483}. Best is trial 32 with value: 7.117046212757284.
[I 2025-03-22 04:11:14,654] Trial 30 pruned. 
[I 2025-03-22 04:11:15,418] Trial 40 pruned. 
[I 2025-03-22 04:11:17,014] Trial 41 pruned. 
[I 2025-03-22 04:11:18,425] Trial 42 pruned. 
[I 2025-03-22 04:11:19,494] Trial 43 pruned. 
[I 2025-03-22 04:11:20,751] Trial 44 pruned. 
[I 2025-03-22 04:11:22,160] Trial 45 pruned. 
[I 2025-03-22 04:11:23,390] Trial 46 pruned. 
[I 2025-03-22 04:11:30,966] Trial 47 pruned. 
[I 2025-03-22 04:11:31,892] Trial 48 pruned. 
[I 2025-03-22 04:11:33,499] Trial 49 pruned. 
[I 2025-03-22 04:11:34,257] Trial 50 pruned. 
[I 2025-03-22 04:11:50,601] Trial 51 pruned. 
[I 2025-03-22 04:11:55,879] Trial 52 pruned. 
[I 2025-03-22 04:11:56,671] Trial 53 pruned. 
[I 2025-03-22 04:11:57,619] Trial 54 pruned. 
[I 2025-03-22 04:11:59,186] Trial 55 pruned. 
[I 2025-03-22 04:12:00,780] Trial 56 pruned. 
[I 2025-03-22 04:12:07,924] Trial 57 pruned. 
[I 2025-03-22 04:12:09,287] Trial 58 pruned. 
[I 2025-03-22 04:12:10,381] Trial 59 pruned. 
[I 2025-03-22 04:12:11,626] Trial 60 pruned. 
[I 2025-03-22 04:12:19,357] Trial 61 pruned. 
[I 2025-03-22 04:12:20,473] Trial 62 pruned. 
[I 2025-03-22 04:12:28,055] Trial 63 pruned. 
[I 2025-03-22 04:12:29,120] Trial 64 pruned. 
[I 2025-03-22 04:12:30,225] Trial 65 pruned. 
[I 2025-03-22 04:12:30,861] Trial 66 pruned. 
[I 2025-03-22 04:12:31,991] Trial 67 pruned. 
[I 2025-03-22 04:12:32,880] Trial 68 pruned. 
[I 2025-03-22 04:12:33,825] Trial 69 pruned. 
[I 2025-03-22 04:12:38,049] Trial 70 pruned. 
[I 2025-03-22 04:12:50,581] Trial 71 pruned. 
[I 2025-03-22 04:12:51,731] Trial 72 pruned. 
[I 2025-03-22 04:12:52,572] Trial 73 pruned. 
[I 2025-03-22 04:12:54,096] Trial 74 pruned. 
[I 2025-03-22 04:12:54,786] Trial 75 pruned. 
[I 2025-03-22 04:13:06,847] Trial 76 pruned. 
[I 2025-03-22 04:13:07,713] Trial 77 pruned. 
[I 2025-03-22 04:13:08,369] Trial 78 pruned. 
[I 2025-03-22 04:13:09,369] Trial 79 pruned. 
[I 2025-03-22 04:13:10,356] Trial 80 pruned. 
[I 2025-03-22 04:13:11,081] Trial 31 finished with value: 44.59917493288683 and parameters: {'n_units_l0': 1248, 'n_units_l1': 1792, 'n_units_l2': 2016, 'n_units_l3': 2880, 'n_units_l4': 2208, 'n_units_l5': 3040, 'n_units_l6': 2752, 'n_units_l7': 3104, 'n_units_l8': 3584, 'lr': 1.0474354532395962e-05}. Best is trial 19 with value: 8.906746186111702.
[I 2025-03-22 04:14:50,486] Trial 81 finished with value: 19.260655309502823 and parameters: {'n_units_l0': 64, 'n_units_l1': 2176, 'n_units_l2': 2624, 'n_units_l3': 3968, 'n_units_l4': 1792, 'n_units_l5': 1376, 'n_units_l6': 3808, 'n_units_l7': 4096, 'lr': 0.005163230903403943}. Best is trial 32 with value: 7.117046212757284.
[I 2025-03-22 04:14:57,367] Trial 32 finished with value: 16.01373825088186 and parameters: {'n_units_l0': 1824, 'n_units_l1': 2944, 'n_units_l2': 2496, 'n_units_l3': 3104, 'n_units_l4': 1792, 'n_units_l5': 3520, 'n_units_l6': 2272, 'n_units_l7': 2496, 'n_units_l8': 1152, 'lr': 0.00029958920460849644}. Best is trial 19 with value: 8.906746186111702.
[I 2025-03-22 04:14:59,063] Trial 33 pruned. 
[I 2025-03-22 04:15:00,173] Trial 34 pruned. 
[I 2025-03-22 04:15:01,709] Trial 35 pruned. 
[I 2025-03-22 04:15:03,096] Trial 36 pruned. 
[I 2025-03-22 04:15:04,312] Trial 37 pruned. 
[I 2025-03-22 04:15:04,970] Trial 38 pruned. 
[I 2025-03-22 04:15:05,831] Trial 39 pruned. 
[I 2025-03-22 04:15:07,165] Trial 40 pruned. 
[I 2025-03-22 04:15:09,519] Trial 41 pruned. 
[I 2025-03-22 04:15:10,682] Trial 42 pruned. 
[I 2025-03-22 04:15:11,884] Trial 43 pruned. 
[I 2025-03-22 04:15:31,756] Trial 82 pruned. 
[I 2025-03-22 04:15:32,867] Trial 83 pruned. 
[I 2025-03-22 04:16:55,411] Trial 84 finished with value: 14.523479122915429 and parameters: {'n_units_l0': 224, 'n_units_l1': 1536, 'n_units_l2': 2368, 'n_units_l3': 3520, 'n_units_l4': 1472, 'n_units_l5': 1024, 'n_units_l6': 3616, 'n_units_l7': 3840, 'lr': 0.001970600455194555}. Best is trial 32 with value: 7.117046212757284.
[I 2025-03-22 04:16:56,558] Trial 85 pruned. 
[I 2025-03-22 04:16:57,431] Trial 86 pruned. 
[I 2025-03-22 04:16:57,873] Trial 44 finished with value: 9.84654309912119 and parameters: {'n_units_l0': 2016, 'n_units_l1': 2208, 'n_units_l2': 2880, 'n_units_l3': 3424, 'n_units_l4': 2592, 'n_units_l5': 2912, 'n_units_l6': 1568, 'n_units_l7': 3936, 'n_units_l8': 352, 'lr': 0.0002348786225201983}. Best is trial 19 with value: 8.906746186111702.
[I 2025-03-22 04:16:58,329] Trial 87 pruned. 
[I 2025-03-22 04:16:59,255] Trial 88 pruned. 
[I 2025-03-22 04:16:59,514] Trial 45 pruned. 
[I 2025-03-22 04:17:00,064] Trial 89 pruned. 
[I 2025-03-22 04:17:00,895] Trial 90 pruned. 
[I 2025-03-22 04:17:01,413] Trial 46 pruned. 
[I 2025-03-22 04:17:02,394] Trial 47 pruned. 
[I 2025-03-22 04:17:04,234] Trial 48 pruned. 
[I 2025-03-22 04:17:05,432] Trial 49 pruned. 
[I 2025-03-22 04:17:06,746] Trial 50 pruned. 
[I 2025-03-22 04:17:09,662] Trial 51 pruned. 
[I 2025-03-22 04:17:10,756] Trial 52 pruned. 
[I 2025-03-22 04:17:12,150] Trial 53 pruned. 
[I 2025-03-22 04:17:13,621] Trial 54 pruned. 
[I 2025-03-22 04:17:14,482] Trial 55 pruned. 
[I 2025-03-22 04:17:19,755] Trial 91 pruned. 
[I 2025-03-22 04:17:20,231] Trial 56 pruned. 
[I 2025-03-22 04:17:21,043] Trial 57 pruned. 
[I 2025-03-22 04:17:24,159] Trial 92 pruned. 
[I 2025-03-22 04:17:25,765] Trial 93 pruned. 
[I 2025-03-22 04:17:26,817] Trial 94 pruned. 
[I 2025-03-22 04:17:27,939] Trial 95 pruned. 
[I 2025-03-22 04:17:28,962] Trial 96 pruned. 
[I 2025-03-22 04:17:30,114] Trial 97 pruned. 
[I 2025-03-22 04:17:31,218] Trial 98 pruned. 
[I 2025-03-22 04:17:32,210] Trial 99 pruned. 
[I 2025-03-22 04:17:32,338] A new study created in memory with name: no-name-ec0c9ee0-db7a-4950-bec2-b9f86a9e9153
[I 2025-03-22 04:19:03,558] Trial 58 finished with value: 12.642859783954675 and parameters: {'n_units_l0': 2112, 'n_units_l1': 3296, 'n_units_l2': 544, 'n_units_l3': 1696, 'n_units_l4': 2208, 'n_units_l5': 3680, 'n_units_l6': 2592, 'n_units_l7': 3616, 'n_units_l8': 1632, 'lr': 4.1689452056336375e-05}. Best is trial 19 with value: 8.906746186111702.
[I 2025-03-22 04:19:04,737] Trial 59 pruned. 
[I 2025-03-22 04:19:06,181] Trial 60 pruned. 
[I 2025-03-22 04:19:15,839] Trial 0 finished with value: inf and parameters: {'n_units_l0': 3552, 'n_units_l1': 736, 'n_units_l2': 4000, 'n_units_l3': 1824, 'n_units_l4': 2112, 'n_units_l5': 1952, 'n_units_l6': 1952, 'n_units_l7': 3840, 'n_units_l8': 3328, 'n_units_l9': 960, 'lr': 0.07798724408205301}. Best is trial 0 with value: inf.
[I 2025-03-22 04:20:50,365] Trial 61 finished with value: 14.540593369942977 and parameters: {'n_units_l0': 2080, 'n_units_l1': 2816, 'n_units_l2': 96, 'n_units_l3': 1888, 'n_units_l4': 3168, 'n_units_l5': 3648, 'n_units_l6': 3040, 'n_units_l7': 3136, 'n_units_l8': 1216, 'lr': 0.00022106659912463338}. Best is trial 19 with value: 8.906746186111702.
[I 2025-03-22 04:20:51,582] Trial 62 pruned. 
[I 2025-03-22 04:20:53,979] Trial 63 pruned. 
[I 2025-03-22 04:20:55,034] Trial 64 pruned. 
[I 2025-03-22 04:20:56,211] Trial 65 pruned. 
[I 2025-03-22 04:20:57,528] Trial 66 pruned. 
[I 2025-03-22 04:20:58,638] Trial 67 pruned. 
[I 2025-03-22 04:21:15,156] Trial 1 finished with value: 126.18793252951158 and parameters: {'n_units_l0': 2880, 'n_units_l1': 3776, 'n_units_l2': 3168, 'n_units_l3': 224, 'n_units_l4': 2016, 'n_units_l5': 4096, 'n_units_l6': 3808, 'n_units_l7': 1440, 'n_units_l8': 2304, 'n_units_l9': 160, 'lr': 0.008301144100075035}. Best is trial 1 with value: 126.18793252951158.
[I 2025-03-22 04:22:51,209] Trial 68 finished with value: 11.147270476111359 and parameters: {'n_units_l0': 2112, 'n_units_l1': 3264, 'n_units_l2': 1184, 'n_units_l3': 1088, 'n_units_l4': 2816, 'n_units_l5': 3584, 'n_units_l6': 2816, 'n_units_l7': 3456, 'n_units_l8': 1760, 'lr': 8.509557445224433e-05}. Best is trial 19 with value: 8.906746186111702.
[I 2025-03-22 04:22:52,404] Trial 69 pruned. 
[I 2025-03-22 04:22:53,699] Trial 70 pruned. 
[I 2025-03-22 04:22:56,347] Trial 71 pruned. 
[I 2025-03-22 04:22:57,754] Trial 72 pruned. 
[I 2025-03-22 04:23:09,269] Trial 2 finished with value: inf and parameters: {'n_units_l0': 2848, 'n_units_l1': 864, 'n_units_l2': 3712, 'n_units_l3': 2144, 'n_units_l4': 2112, 'n_units_l5': 2048, 'n_units_l6': 3232, 'n_units_l7': 2144, 'n_units_l8': 3328, 'n_units_l9': 3168, 'lr': 0.07103241824480006}. Best is trial 1 with value: 126.18793252951158.
[I 2025-03-22 04:24:25,293] Trial 3 finished with value: 36.43836484579776 and parameters: {'n_units_l0': 1376, 'n_units_l1': 864, 'n_units_l2': 3552, 'n_units_l3': 2112, 'n_units_l4': 2368, 'n_units_l5': 2496, 'n_units_l6': 2080, 'n_units_l7': 1216, 'n_units_l8': 480, 'n_units_l9': 3232, 'lr': 0.001926820283580074}. Best is trial 3 with value: 36.43836484579776.
[I 2025-03-22 04:24:32,093] Trial 73 finished with value: 11.305965698054889 and parameters: {'n_units_l0': 2240, 'n_units_l1': 2592, 'n_units_l2': 320, 'n_units_l3': 800, 'n_units_l4': 2304, 'n_units_l5': 3392, 'n_units_l6': 3008, 'n_units_l7': 3072, 'n_units_l8': 2016, 'lr': 0.00024529862293870075}. Best is trial 19 with value: 8.906746186111702.
