[I 2025-03-21 23:57:40,412] Trial 0 finished with value: 44.232569443552116 and parameters: {'n_units_l0': 1184, 'n_units_l1': 3840, 'lr': 0.04590702462951145}. Best is trial 0 with value: 44.232569443552116.
[I 2025-03-21 23:57:40,710] Trial 61 pruned. 
[I 2025-03-21 23:57:41,670] Trial 62 pruned. 
[I 2025-03-21 23:57:41,964] Trial 63 pruned. 
[I 2025-03-21 23:57:42,461] Trial 64 pruned. 
[I 2025-03-21 23:57:42,767] Trial 65 pruned. 
[I 2025-03-21 23:57:43,562] Trial 66 pruned. 
[I 2025-03-21 23:57:44,142] Trial 67 pruned. 
[I 2025-03-21 23:57:44,542] Trial 68 pruned. 
[I 2025-03-21 23:57:44,870] Trial 1 finished with value: 34.905696868896484 and parameters: {'n_units_l0': 800, 'n_units_l1': 256, 'lr': 0.01417857054535465}. Best is trial 1 with value: 34.905696868896484.
[I 2025-03-21 23:57:45,840] Trial 69 pruned. 
[I 2025-03-21 23:57:46,134] Trial 70 pruned. 
[I 2025-03-21 23:57:46,821] Trial 71 pruned. 
[I 2025-03-21 23:57:47,487] Trial 72 pruned. 
[I 2025-03-21 23:57:48,145] Trial 73 pruned. 
[I 2025-03-21 23:57:49,307] Trial 74 pruned. 
[I 2025-03-21 23:57:49,434] Trial 2 finished with value: 39.924869336579974 and parameters: {'n_units_l0': 704, 'n_units_l1': 704, 'lr': 0.01860939275649421}. Best is trial 1 with value: 34.905696868896484.
[I 2025-03-21 23:57:49,579] Trial 75 pruned. 
[I 2025-03-21 23:57:50,090] Trial 76 pruned. 
[I 2025-03-21 23:57:50,486] Trial 77 pruned. 
[I 2025-03-21 23:57:50,876] Trial 78 pruned. 
[I 2025-03-21 23:57:51,249] Trial 79 pruned. 
[I 2025-03-21 23:57:52,220] Trial 80 pruned. 
[I 2025-03-21 23:57:52,688] Trial 81 pruned. 
[I 2025-03-21 23:57:53,184] Trial 82 pruned. 
[I 2025-03-21 23:57:53,638] Trial 83 pruned. 
[I 2025-03-21 23:57:53,997] Trial 3 finished with value: 124.03840396278783 and parameters: {'n_units_l0': 4096, 'n_units_l1': 2752, 'lr': 0.0997649415693522}. Best is trial 1 with value: 34.905696868896484.
[I 2025-03-21 23:57:54,163] Trial 84 pruned. 
[I 2025-03-21 23:57:54,723] Trial 85 pruned. 
[I 2025-03-21 23:57:58,547] Trial 4 finished with value: 42.7067053945441 and parameters: {'n_units_l0': 352, 'n_units_l1': 608, 'lr': 0.040280577207025235}. Best is trial 1 with value: 34.905696868896484.
[I 2025-03-21 23:57:58,643] Trial 5 pruned. 
[I 2025-03-21 23:57:58,696] Trial 6 pruned. 
[I 2025-03-21 23:57:58,742] Trial 7 pruned. 
[I 2025-03-21 23:57:58,844] Trial 8 pruned. 
[I 2025-03-21 23:57:58,907] Trial 9 pruned. 
[I 2025-03-21 23:57:59,017] Trial 10 pruned. 
[I 2025-03-21 23:57:59,115] Trial 11 pruned. 
[I 2025-03-21 23:57:59,170] Trial 12 pruned. 
[I 2025-03-21 23:57:59,279] Trial 13 pruned. 
[I 2025-03-21 23:57:59,334] Trial 14 pruned. 
[I 2025-03-21 23:57:59,389] Trial 15 pruned. 
[I 2025-03-21 23:57:59,496] Trial 16 pruned. 
[I 2025-03-21 23:57:59,551] Trial 17 pruned. 
[I 2025-03-21 23:57:59,611] Trial 18 pruned. 
[I 2025-03-21 23:57:59,729] Trial 19 pruned. 
[I 2025-03-21 23:57:59,790] Trial 20 pruned. 
[I 2025-03-21 23:58:04,383] Trial 21 finished with value: 39.20594044735557 and parameters: {'n_units_l0': 416, 'n_units_l1': 800, 'lr': 0.039485208303488825}. Best is trial 1 with value: 34.905696868896484.
[I 2025-03-21 23:58:05,954] Trial 86 pruned. 
[I 2025-03-21 23:58:06,319] Trial 87 pruned. 
[I 2025-03-21 23:58:06,657] Trial 88 pruned. 
[I 2025-03-21 23:58:07,789] Trial 89 pruned. 
[I 2025-03-21 23:58:08,196] Trial 90 pruned. 
[I 2025-03-21 23:58:08,908] Trial 22 finished with value: 47.577392979672084 and parameters: {'n_units_l0': 1120, 'n_units_l1': 896, 'lr': 0.05700834283704102}. Best is trial 1 with value: 34.905696868896484.
[I 2025-03-21 23:58:09,105] Trial 23 pruned. 
[I 2025-03-21 23:58:09,165] Trial 24 pruned. 
[I 2025-03-21 23:58:09,190] Trial 91 pruned. 
[I 2025-03-21 23:58:09,265] Trial 25 pruned. 
[I 2025-03-21 23:58:09,330] Trial 26 pruned. 
[I 2025-03-21 23:58:09,473] Trial 27 pruned. 
[I 2025-03-21 23:58:09,530] Trial 28 pruned. 
[I 2025-03-21 23:58:09,598] Trial 29 pruned. 
[I 2025-03-21 23:58:09,669] Trial 30 pruned. 
[I 2025-03-21 23:58:14,164] Trial 31 finished with value: 42.88639530382658 and parameters: {'n_units_l0': 320, 'n_units_l1': 640, 'lr': 0.03946164642986885}. Best is trial 1 with value: 34.905696868896484.
[I 2025-03-21 23:58:14,220] Trial 32 pruned. 
[I 2025-03-21 23:58:14,320] Trial 33 pruned. 
[I 2025-03-21 23:58:14,376] Trial 34 pruned. 
[I 2025-03-21 23:58:14,436] Trial 35 pruned. 
[I 2025-03-21 23:58:14,500] Trial 36 pruned. 
[I 2025-03-21 23:58:14,607] Trial 37 pruned. 
[I 2025-03-21 23:58:14,713] Trial 38 pruned. 
[I 2025-03-21 23:58:14,814] Trial 39 pruned. 
[I 2025-03-21 23:58:14,872] Trial 40 pruned. 
[I 2025-03-21 23:58:14,928] Trial 41 pruned. 
[I 2025-03-21 23:58:14,986] Trial 42 pruned. 
[I 2025-03-21 23:58:15,408] Trial 43 pruned. 
[I 2025-03-21 23:58:15,466] Trial 44 pruned. 
[I 2025-03-21 23:58:15,565] Trial 45 pruned. 
[I 2025-03-21 23:58:15,667] Trial 46 pruned. 
[I 2025-03-21 23:58:15,768] Trial 47 pruned. 
[I 2025-03-21 23:58:15,868] Trial 48 pruned. 
[I 2025-03-21 23:58:18,563] Trial 92 pruned. 
[I 2025-03-21 23:58:19,554] Trial 93 pruned. 
[I 2025-03-21 23:58:20,061] Trial 94 pruned. 
[I 2025-03-21 23:58:20,390] Trial 49 finished with value: 40.50292647512335 and parameters: {'n_units_l0': 1024, 'n_units_l1': 1184, 'lr': 0.05294591940189609}. Best is trial 1 with value: 34.905696868896484.
[I 2025-03-21 23:58:20,449] Trial 95 pruned. 
[I 2025-03-21 23:58:20,469] Trial 50 pruned. 
[I 2025-03-21 23:58:20,531] Trial 51 pruned. 
[I 2025-03-21 23:58:20,634] Trial 52 pruned. 
[I 2025-03-21 23:58:20,692] Trial 53 pruned. 
[I 2025-03-21 23:58:20,750] Trial 54 pruned. 
[I 2025-03-21 23:58:20,851] Trial 55 pruned. 
[I 2025-03-21 23:58:20,911] Trial 56 pruned. 
[I 2025-03-21 23:58:20,981] Trial 57 pruned. 
[I 2025-03-21 23:58:21,016] Trial 96 pruned. 
[I 2025-03-21 23:58:21,143] Trial 58 pruned. 
[I 2025-03-21 23:58:21,511] Trial 97 pruned. 
[I 2025-03-21 23:58:21,956] Trial 98 pruned. 
[I 2025-03-21 23:58:21,985] Trial 59 pruned. 
[I 2025-03-21 23:58:22,051] Trial 60 pruned. 
[I 2025-03-21 23:58:22,130] Trial 61 pruned. 
[I 2025-03-21 23:58:22,193] Trial 62 pruned. 
[I 2025-03-21 23:58:22,283] Trial 63 pruned. 
[I 2025-03-21 23:58:22,355] Trial 64 pruned. 
[I 2025-03-21 23:58:22,430] Trial 65 pruned. 
[I 2025-03-21 23:58:22,545] Trial 66 pruned. 
[I 2025-03-21 23:58:22,604] Trial 67 pruned. 
[I 2025-03-21 23:58:22,661] Trial 99 pruned. 
[I 2025-03-21 23:58:22,664] Trial 68 pruned. 
[I 2025-03-21 23:58:22,681] A new study created in memory with name: no-name-c2d5617d-e9a8-4413-ba4a-8c7a6bfbbf6a
[I 2025-03-21 23:58:22,907] Trial 69 pruned. 
[I 2025-03-21 23:58:23,023] Trial 70 pruned. 
[I 2025-03-21 23:58:23,083] Trial 71 pruned. 
[I 2025-03-21 23:58:24,413] Trial 72 pruned. 
[I 2025-03-21 23:58:24,473] Trial 73 pruned. 
[I 2025-03-21 23:58:24,535] Trial 74 pruned. 
[I 2025-03-21 23:58:24,640] Trial 75 pruned. 
[I 2025-03-21 23:58:24,708] Trial 76 pruned. 
[I 2025-03-21 23:58:24,774] Trial 77 pruned. 
[I 2025-03-21 23:58:24,845] Trial 78 pruned. 
[I 2025-03-21 23:58:24,904] Trial 79 pruned. 
[I 2025-03-21 23:58:24,964] Trial 80 pruned. 
[I 2025-03-21 23:58:25,026] Trial 81 pruned. 
[I 2025-03-21 23:58:25,121] Trial 82 pruned. 
[I 2025-03-21 23:58:25,185] Trial 83 pruned. 
[I 2025-03-21 23:58:25,293] Trial 84 pruned. 
[I 2025-03-21 23:58:25,416] Trial 85 pruned. 
[I 2025-03-21 23:58:25,522] Trial 86 pruned. 
[I 2025-03-21 23:58:25,673] Trial 87 pruned. 
[I 2025-03-21 23:58:25,749] Trial 88 pruned. 
[I 2025-03-21 23:58:25,815] Trial 89 pruned. 
[I 2025-03-21 23:58:25,920] Trial 90 pruned. 
[I 2025-03-21 23:58:25,984] Trial 91 pruned. 
[I 2025-03-21 23:58:26,047] Trial 92 pruned. 
[I 2025-03-21 23:58:26,110] Trial 93 pruned. 
[I 2025-03-21 23:58:26,188] Trial 94 pruned. 
[I 2025-03-21 23:58:26,254] Trial 95 pruned. 
[I 2025-03-21 23:58:26,365] Trial 96 pruned. 
[I 2025-03-21 23:58:26,430] Trial 97 pruned. 
[I 2025-03-21 23:58:26,523] Trial 98 pruned. 
[I 2025-03-21 23:58:26,628] Trial 99 pruned. 
[I 2025-03-21 23:58:26,647] A new study created in memory with name: no-name-5c4b6c3e-8ef2-4cf7-aa01-dff0bc6f085a
[I 2025-03-21 23:58:27,720] Trial 0 finished with value: 38.6970121540007 and parameters: {'n_units_l0': 160, 'n_units_l1': 736, 'n_units_l2': 1344, 'lr': 0.015008831996466323}. Best is trial 0 with value: 38.6970121540007.
[I 2025-03-21 23:58:32,768] Trial 1 finished with value: 43.73223426693776 and parameters: {'n_units_l0': 2688, 'n_units_l1': 2208, 'n_units_l2': 640, 'lr': 0.04048879747687526}. Best is trial 0 with value: 38.6970121540007.
[I 2025-03-21 23:58:32,999] Trial 0 finished with value: 124.38129108677398 and parameters: {'n_units_l0': 3616, 'n_units_l1': 3936, 'n_units_l2': 576, 'n_units_l3': 2848, 'lr': 0.038803635888009204}. Best is trial 0 with value: 124.38129108677398.
[I 2025-03-21 23:58:37,754] Trial 2 finished with value: 125.65001010582095 and parameters: {'n_units_l0': 384, 'n_units_l1': 2624, 'n_units_l2': 384, 'lr': 0.09978111057892029}. Best is trial 0 with value: 38.6970121540007.
[I 2025-03-21 23:58:38,257] Trial 1 finished with value: 124.3866793765377 and parameters: {'n_units_l0': 416, 'n_units_l1': 1024, 'n_units_l2': 1888, 'n_units_l3': 2176, 'lr': 0.0369864387894175}. Best is trial 0 with value: 124.38129108677398.
[I 2025-03-21 23:58:43,695] Trial 2 finished with value: 124.97781185895475 and parameters: {'n_units_l0': 2688, 'n_units_l1': 2048, 'n_units_l2': 2240, 'n_units_l3': 1088, 'lr': 0.0852852470589084}. Best is trial 0 with value: 124.38129108677398.
[I 2025-03-21 23:58:45,578] Trial 3 finished with value: 129.0196027161645 and parameters: {'n_units_l0': 3936, 'n_units_l1': 3776, 'n_units_l2': 1984, 'lr': 0.05212094633049677}. Best is trial 0 with value: 38.6970121540007.
[I 2025-03-21 23:58:49,006] Trial 3 finished with value: 49.71758967790344 and parameters: {'n_units_l0': 3232, 'n_units_l1': 1504, 'n_units_l2': 1312, 'n_units_l3': 3104, 'lr': 0.025398879991406626}. Best is trial 3 with value: 49.71758967790344.
[I 2025-03-21 23:58:50,574] Trial 4 finished with value: 125.60925873303023 and parameters: {'n_units_l0': 2592, 'n_units_l1': 1248, 'n_units_l2': 960, 'lr': 0.021157888845427388}. Best is trial 0 with value: 38.6970121540007.
[I 2025-03-21 23:58:50,677] Trial 5 pruned. 
[I 2025-03-21 23:58:50,781] Trial 6 pruned. 
[I 2025-03-21 23:58:51,273] Trial 7 pruned. 
[I 2025-03-21 23:58:51,489] Trial 8 pruned. 
[I 2025-03-21 23:58:51,614] Trial 9 pruned. 
[I 2025-03-21 23:58:51,723] Trial 10 pruned. 
[I 2025-03-21 23:58:51,817] Trial 11 pruned. 
[I 2025-03-21 23:58:52,038] Trial 12 pruned. 
[I 2025-03-21 23:58:52,150] Trial 13 pruned. 
[I 2025-03-21 23:58:52,315] Trial 14 pruned. 
[I 2025-03-21 23:58:52,412] Trial 15 pruned. 
[I 2025-03-21 23:58:52,490] Trial 16 pruned. 
[I 2025-03-21 23:58:55,369] Trial 4 finished with value: 127.80028918235634 and parameters: {'n_units_l0': 1600, 'n_units_l1': 3808, 'n_units_l2': 2496, 'n_units_l3': 1152, 'lr': 0.05134562352880288}. Best is trial 3 with value: 49.71758967790344.
[I 2025-03-21 23:58:57,533] Trial 17 finished with value: 40.54243748148934 and parameters: {'n_units_l0': 128, 'n_units_l1': 2144, 'n_units_l2': 1472, 'lr': 0.03437628569670404}. Best is trial 0 with value: 38.6970121540007.
[I 2025-03-21 23:58:57,747] Trial 18 pruned. 
[I 2025-03-21 23:58:57,816] Trial 19 pruned. 
[I 2025-03-21 23:59:02,749] Trial 20 finished with value: 42.76958716970975 and parameters: {'n_units_l0': 64, 'n_units_l1': 1344, 'n_units_l2': 2944, 'lr': 0.027374764836056758}. Best is trial 0 with value: 38.6970121540007.
[I 2025-03-21 23:59:03,025] Trial 21 pruned. 
[I 2025-03-21 23:59:03,181] Trial 5 finished with value: 87.8252904126198 and parameters: {'n_units_l0': 1312, 'n_units_l1': 1760, 'n_units_l2': 3648, 'n_units_l3': 3776, 'lr': 0.006473768601494267}. Best is trial 3 with value: 49.71758967790344.
[I 2025-03-21 23:59:03,875] Trial 22 pruned. 
[I 2025-03-21 23:59:03,953] Trial 23 pruned. 
[I 2025-03-21 23:59:04,040] Trial 24 pruned. 
[I 2025-03-21 23:59:04,297] Trial 25 pruned. 
[I 2025-03-21 23:59:04,400] Trial 26 pruned. 
[I 2025-03-21 23:59:04,494] Trial 27 pruned. 
[I 2025-03-21 23:59:04,580] Trial 28 pruned. 
[I 2025-03-21 23:59:04,678] Trial 29 pruned. 
[I 2025-03-21 23:59:04,782] Trial 30 pruned. 
[I 2025-03-21 23:59:04,884] Trial 31 pruned. 
[I 2025-03-21 23:59:04,978] Trial 32 pruned. 
[I 2025-03-21 23:59:05,060] Trial 33 pruned. 
[I 2025-03-21 23:59:05,166] Trial 34 pruned. 
[I 2025-03-21 23:59:05,328] Trial 35 pruned. 
[I 2025-03-21 23:59:05,439] Trial 36 pruned. 
[I 2025-03-21 23:59:05,696] Trial 37 pruned. 
[I 2025-03-21 23:59:05,816] Trial 38 pruned. 
[I 2025-03-21 23:59:05,891] Trial 39 pruned. 
[I 2025-03-21 23:59:05,986] Trial 40 pruned. 
[I 2025-03-21 23:59:06,075] Trial 41 pruned. 
[I 2025-03-21 23:59:06,147] Trial 42 pruned. 
[I 2025-03-21 23:59:06,420] Trial 43 pruned. 
[I 2025-03-21 23:59:06,521] Trial 44 pruned. 
[I 2025-03-21 23:59:08,589] Trial 6 finished with value: 71.47385119055286 and parameters: {'n_units_l0': 1216, 'n_units_l1': 704, 'n_units_l2': 1728, 'n_units_l3': 544, 'lr': 8.046269986052368e-05}. Best is trial 3 with value: 49.71758967790344.
[I 2025-03-21 23:59:11,533] Trial 45 finished with value: 41.12530401261127 and parameters: {'n_units_l0': 256, 'n_units_l1': 544, 'n_units_l2': 352, 'lr': 0.03788813044652977}. Best is trial 0 with value: 38.6970121540007.
[I 2025-03-21 23:59:11,694] Trial 46 pruned. 
[I 2025-03-21 23:59:11,950] Trial 47 pruned. 
[I 2025-03-21 23:59:12,016] Trial 48 pruned. 
[I 2025-03-21 23:59:12,084] Trial 49 pruned. 
[I 2025-03-21 23:59:12,157] Trial 50 pruned. 
[I 2025-03-21 23:59:12,904] Trial 51 pruned. 
[I 2025-03-21 23:59:12,981] Trial 52 pruned. 
[I 2025-03-21 23:59:13,067] Trial 53 pruned. 
[I 2025-03-21 23:59:13,141] Trial 54 pruned. 
[I 2025-03-21 23:59:13,233] Trial 55 pruned. 
[I 2025-03-21 23:59:13,352] Trial 56 pruned. 
[I 2025-03-21 23:59:13,544] Trial 57 pruned. 
[I 2025-03-21 23:59:13,930] Trial 58 pruned. 
[I 2025-03-21 23:59:13,931] Trial 7 finished with value: 42.60311766999474 and parameters: {'n_units_l0': 2720, 'n_units_l1': 96, 'n_units_l2': 736, 'n_units_l3': 768, 'lr': 0.06512169151895028}. Best is trial 7 with value: 42.60311766999474.
[I 2025-03-21 23:59:14,040] Trial 8 pruned. 
[I 2025-03-21 23:59:14,095] Trial 59 pruned. 
[I 2025-03-21 23:59:14,128] Trial 9 pruned. 
[I 2025-03-21 23:59:14,185] Trial 60 pruned. 
[I 2025-03-21 23:59:14,249] Trial 10 pruned. 
[I 2025-03-21 23:59:14,258] Trial 61 pruned. 
[I 2025-03-21 23:59:14,332] Trial 62 pruned. 
[I 2025-03-21 23:59:14,402] Trial 11 pruned. 
[I 2025-03-21 23:59:14,437] Trial 63 pruned. 
[I 2025-03-21 23:59:14,506] Trial 64 pruned. 
[I 2025-03-21 23:59:14,541] Trial 12 pruned. 
[I 2025-03-21 23:59:14,690] Trial 13 pruned. 
[I 2025-03-21 23:59:14,798] Trial 14 pruned. 
[I 2025-03-21 23:59:14,989] Trial 15 pruned. 
[I 2025-03-21 23:59:15,087] Trial 16 pruned. 
[I 2025-03-21 23:59:15,210] Trial 17 pruned. 
[I 2025-03-21 23:59:15,328] Trial 18 pruned. 
[I 2025-03-21 23:59:15,465] Trial 19 pruned. 
[I 2025-03-21 23:59:15,682] Trial 20 pruned. 
[I 2025-03-21 23:59:19,473] Trial 65 finished with value: 40.30469566720431 and parameters: {'n_units_l0': 288, 'n_units_l1': 2912, 'n_units_l2': 1280, 'lr': 0.04478404467014995}. Best is trial 0 with value: 38.6970121540007.
[I 2025-03-21 23:59:19,599] Trial 66 pruned. 
[I 2025-03-21 23:59:19,700] Trial 67 pruned. 
[I 2025-03-21 23:59:19,821] Trial 68 pruned. 
[I 2025-03-21 23:59:19,954] Trial 69 pruned. 
[I 2025-03-21 23:59:20,050] Trial 70 pruned. 
[I 2025-03-21 23:59:20,124] Trial 71 pruned. 
[I 2025-03-21 23:59:20,406] Trial 72 pruned. 
[I 2025-03-21 23:59:20,497] Trial 73 pruned. 
[I 2025-03-21 23:59:20,581] Trial 74 pruned. 
[I 2025-03-21 23:59:20,682] Trial 75 pruned. 
[I 2025-03-21 23:59:20,775] Trial 76 pruned. 
[I 2025-03-21 23:59:20,990] Trial 77 pruned. 
[I 2025-03-21 23:59:20,995] Trial 21 finished with value: 28.929652927143948 and parameters: {'n_units_l0': 960, 'n_units_l1': 640, 'n_units_l2': 1824, 'n_units_l3': 544, 'lr': 0.0032005797638578128}. Best is trial 21 with value: 28.929652927143948.
[I 2025-03-21 23:59:21,080] Trial 78 pruned. 
[I 2025-03-21 23:59:21,196] Trial 79 pruned. 
[I 2025-03-21 23:59:21,267] Trial 80 pruned. 
[I 2025-03-21 23:59:21,444] Trial 81 pruned. 
[I 2025-03-21 23:59:21,569] Trial 82 pruned. 
[I 2025-03-21 23:59:21,739] Trial 83 pruned. 
[I 2025-03-21 23:59:21,876] Trial 84 pruned. 
[I 2025-03-21 23:59:26,403] Trial 22 finished with value: 38.47131543580108 and parameters: {'n_units_l0': 1024, 'n_units_l1': 608, 'n_units_l2': 2208, 'n_units_l3': 128, 'lr': 0.013562019460903003}. Best is trial 21 with value: 28.929652927143948.
[I 2025-03-21 23:59:26,638] Trial 23 pruned. 
[I 2025-03-21 23:59:26,826] Trial 85 finished with value: 44.175127898669636 and parameters: {'n_units_l0': 32, 'n_units_l1': 1312, 'n_units_l2': 2016, 'lr': 0.03324001753245742}. Best is trial 0 with value: 38.6970121540007.
[I 2025-03-21 23:59:27,087] Trial 86 pruned. 
[I 2025-03-21 23:59:27,215] Trial 87 pruned. 
[I 2025-03-21 23:59:27,477] Trial 88 pruned. 
[I 2025-03-21 23:59:27,547] Trial 89 pruned. 
[I 2025-03-21 23:59:27,667] Trial 90 pruned. 
[I 2025-03-21 23:59:27,769] Trial 91 pruned. 
[I 2025-03-21 23:59:27,858] Trial 92 pruned. 
[I 2025-03-21 23:59:27,941] Trial 93 pruned. 
[I 2025-03-21 23:59:28,231] Trial 94 pruned. 
[I 2025-03-21 23:59:28,340] Trial 95 pruned. 
[I 2025-03-21 23:59:28,507] Trial 96 pruned. 
[I 2025-03-21 23:59:28,643] Trial 97 pruned. 
[I 2025-03-21 23:59:28,716] Trial 98 pruned. 
[I 2025-03-21 23:59:28,833] Trial 99 pruned. 
[I 2025-03-21 23:59:28,853] A new study created in memory with name: no-name-91db0008-8a09-49a9-8f11-3be85b3a7b7b
[I 2025-03-21 23:59:32,014] Trial 24 finished with value: 48.504775900341514 and parameters: {'n_units_l0': 896, 'n_units_l1': 416, 'n_units_l2': 2208, 'n_units_l3': 640, 'lr': 0.0012041261549505184}. Best is trial 21 with value: 28.929652927143948.
[I 2025-03-21 23:59:32,169] Trial 25 pruned. 
[I 2025-03-21 23:59:33,506] Trial 26 pruned. 
[I 2025-03-21 23:59:33,587] Trial 27 pruned. 
[I 2025-03-21 23:59:33,681] Trial 28 pruned. 
[I 2025-03-21 23:59:33,806] Trial 29 pruned. 
[I 2025-03-21 23:59:34,185] Trial 30 pruned. 
[I 2025-03-21 23:59:39,496] Trial 31 finished with value: 40.17439220959945 and parameters: {'n_units_l0': 864, 'n_units_l1': 384, 'n_units_l2': 2400, 'n_units_l3': 544, 'lr': 0.004155681987614815}. Best is trial 21 with value: 28.929652927143948.
[I 2025-03-21 23:59:39,575] Trial 32 pruned. 
[I 2025-03-21 23:59:40,300] Trial 0 finished with value: 125.29780016447368 and parameters: {'n_units_l0': 3168, 'n_units_l1': 2624, 'n_units_l2': 3232, 'n_units_l3': 3040, 'n_units_l4': 2176, 'lr': 0.0906146153547363}. Best is trial 0 with value: 125.29780016447368.
[I 2025-03-21 23:59:41,221] Trial 33 pruned. 
[I 2025-03-21 23:59:41,623] Trial 34 pruned. 
[I 2025-03-21 23:59:41,710] Trial 35 pruned. 
[I 2025-03-21 23:59:41,887] Trial 36 pruned. 
[I 2025-03-21 23:59:42,262] Trial 37 pruned. 
[I 2025-03-21 23:59:47,477] Trial 38 finished with value: 37.72344957494775 and parameters: {'n_units_l0': 224, 'n_units_l1': 1152, 'n_units_l2': 2624, 'n_units_l3': 384, 'lr': 0.008340533419372532}. Best is trial 21 with value: 28.929652927143948.
[I 2025-03-21 23:59:52,429] Trial 1 finished with value: 125.28241288034539 and parameters: {'n_units_l0': 2496, 'n_units_l1': 3968, 'n_units_l2': 2464, 'n_units_l3': 3616, 'n_units_l4': 1792, 'lr': 0.07298885590099781}. Best is trial 1 with value: 125.28241288034539.
[I 2025-03-21 23:59:52,793] Trial 39 finished with value: 31.264982863486747 and parameters: {'n_units_l0': 256, 'n_units_l1': 1216, 'n_units_l2': 2624, 'n_units_l3': 416, 'lr': 0.009800841747011905}. Best is trial 21 with value: 28.929652927143948.
[I 2025-03-21 23:59:53,094] Trial 40 pruned. 
[I 2025-03-21 23:59:53,495] Trial 41 pruned. 
[I 2025-03-21 23:59:53,592] Trial 42 pruned. 
[I 2025-03-21 23:59:53,691] Trial 43 pruned. 
[I 2025-03-21 23:59:53,780] Trial 44 pruned. 
[I 2025-03-21 23:59:56,407] Trial 45 pruned. 
[I 2025-03-21 23:59:56,500] Trial 46 pruned. 
[I 2025-03-21 23:59:56,618] Trial 47 pruned. 
[I 2025-03-21 23:59:56,708] Trial 48 pruned. 
[I 2025-03-21 23:59:56,822] Trial 49 pruned. 
[I 2025-03-21 23:59:58,046] Trial 2 finished with value: 125.30286126387746 and parameters: {'n_units_l0': 1792, 'n_units_l1': 448, 'n_units_l2': 800, 'n_units_l3': 2976, 'n_units_l4': 3744, 'lr': 0.0733597408929336}. Best is trial 1 with value: 125.28241288034539.
[I 2025-03-22 00:00:02,053] Trial 50 finished with value: 27.30221089506975 and parameters: {'n_units_l0': 64, 'n_units_l1': 1376, 'n_units_l2': 1728, 'n_units_l3': 352, 'lr': 0.004340426829132478}. Best is trial 50 with value: 27.30221089506975.
[I 2025-03-22 00:00:02,344] Trial 51 pruned. 
[I 2025-03-22 00:00:02,433] Trial 52 pruned. 
[I 2025-03-22 00:00:02,565] Trial 53 pruned. 
[I 2025-03-22 00:00:02,778] Trial 54 pruned. 
[I 2025-03-22 00:00:02,866] Trial 55 pruned. 
[I 2025-03-22 00:00:02,999] Trial 56 pruned. 
[I 2025-03-22 00:00:03,118] Trial 57 pruned. 
[I 2025-03-22 00:00:03,200] Trial 58 pruned. 
[I 2025-03-22 00:00:03,294] Trial 59 pruned. 
[I 2025-03-22 00:00:03,676] Trial 3 finished with value: 45.12933992084704 and parameters: {'n_units_l0': 2496, 'n_units_l1': 2208, 'n_units_l2': 608, 'n_units_l3': 1344, 'n_units_l4': 64, 'lr': 0.004696017157371567}. Best is trial 3 with value: 45.12933992084704.
[I 2025-03-22 00:00:08,527] Trial 60 finished with value: 38.47833992878662 and parameters: {'n_units_l0': 32, 'n_units_l1': 480, 'n_units_l2': 1920, 'n_units_l3': 928, 'lr': 0.011587386408542844}. Best is trial 50 with value: 27.30221089506975.
[I 2025-03-22 00:00:09,262] Trial 4 finished with value: 44.08068827578896 and parameters: {'n_units_l0': 2112, 'n_units_l1': 3168, 'n_units_l2': 416, 'n_units_l3': 2880, 'n_units_l4': 1696, 'lr': 0.07966531108730164}. Best is trial 4 with value: 44.08068827578896.
[I 2025-03-22 00:00:09,776] Trial 5 pruned. 
