[I 2025-03-22 02:39:05,399] Trial 99 pruned. 
[I 2025-03-22 02:39:05,502] A new study created in memory with name: no-name-1c2026e1-548d-47d0-b70f-395a90236aec
[I 2025-03-22 02:40:01,796] Trial 13 finished with value: 124.6966454188687 and parameters: {'n_units_l0': 2400, 'n_units_l1': 64, 'n_units_l2': 2656, 'n_units_l3': 2592, 'n_units_l4': 4096, 'n_units_l5': 3968, 'n_units_l6': 4000, 'n_units_l7': 3136, 'n_units_l8': 2688, 'n_units_l9': 4096, 'n_units_l10': 2752, 'lr': 0.030448416683224185}. Best is trial 1 with value: 124.68419857258087.
[I 2025-03-22 02:40:02,811] Trial 14 pruned. 
[I 2025-03-22 02:40:06,451] Trial 15 pruned. 
[I 2025-03-22 02:40:07,764] Trial 16 pruned. 
[I 2025-03-22 02:40:09,107] Trial 17 pruned. 
[I 2025-03-22 02:40:14,599] Trial 0 finished with value: 124.88166292496913 and parameters: {'n_units_l0': 3264, 'n_units_l1': 992, 'n_units_l2': 1792, 'n_units_l3': 2656, 'n_units_l4': 2816, 'n_units_l5': 1376, 'n_units_l6': 2752, 'n_units_l7': 2720, 'n_units_l8': 1824, 'n_units_l9': 2304, 'n_units_l10': 1600, 'n_units_l11': 2912, 'lr': 0.0285647872536851}. Best is trial 0 with value: 124.88166292496913.
[I 2025-03-22 02:40:51,696] Trial 18 finished with value: 124.69266239956679 and parameters: {'n_units_l0': 2048, 'n_units_l1': 1760, 'n_units_l2': 1312, 'n_units_l3': 3520, 'n_units_l4': 1312, 'n_units_l5': 1920, 'n_units_l6': 1856, 'n_units_l7': 1312, 'n_units_l8': 2336, 'n_units_l9': 32, 'n_units_l10': 736, 'lr': 0.009347932594376267}. Best is trial 1 with value: 124.68419857258087.
[I 2025-03-22 02:40:52,716] Trial 19 pruned. 
[I 2025-03-22 02:41:51,458] Trial 1 finished with value: inf and parameters: {'n_units_l0': 1376, 'n_units_l1': 3104, 'n_units_l2': 3840, 'n_units_l3': 3360, 'n_units_l4': 448, 'n_units_l5': 1440, 'n_units_l6': 3520, 'n_units_l7': 3488, 'n_units_l8': 2624, 'n_units_l9': 1312, 'n_units_l10': 2848, 'n_units_l11': 2912, 'lr': 0.08652210633340962}. Best is trial 0 with value: 124.88166292496913.
[I 2025-03-22 02:42:04,666] Trial 20 finished with value: 124.70985382591758 and parameters: {'n_units_l0': 1152, 'n_units_l1': 4096, 'n_units_l2': 2752, 'n_units_l3': 736, 'n_units_l4': 64, 'n_units_l5': 3712, 'n_units_l6': 3616, 'n_units_l7': 3104, 'n_units_l8': 1344, 'n_units_l9': 1600, 'n_units_l10': 2432, 'lr': 0.016632955013059204}. Best is trial 1 with value: 124.68419857258087.
[I 2025-03-22 02:42:05,203] Trial 21 pruned. 
[I 2025-03-22 02:42:05,845] Trial 22 pruned. 
[I 2025-03-22 02:42:41,482] Trial 23 finished with value: 124.68326409098476 and parameters: {'n_units_l0': 192, 'n_units_l1': 3456, 'n_units_l2': 2912, 'n_units_l3': 32, 'n_units_l4': 1920, 'n_units_l5': 1024, 'n_units_l6': 1824, 'n_units_l7': 1024, 'n_units_l8': 576, 'n_units_l9': 2848, 'n_units_l10': 544, 'lr': 0.06619461550450804}. Best is trial 23 with value: 124.68326409098476.
[I 2025-03-22 02:42:42,752] Trial 24 pruned. 
[I 2025-03-22 02:42:43,017] Trial 2 finished with value: inf and parameters: {'n_units_l0': 160, 'n_units_l1': 2368, 'n_units_l2': 1056, 'n_units_l3': 2752, 'n_units_l4': 1952, 'n_units_l5': 3616, 'n_units_l6': 1920, 'n_units_l7': 2400, 'n_units_l8': 960, 'n_units_l9': 800, 'n_units_l10': 1312, 'n_units_l11': 256, 'lr': 0.06629389470800749}. Best is trial 0 with value: 124.88166292496913.
[I 2025-03-22 02:42:43,413] Trial 25 pruned. 
[I 2025-03-22 02:42:44,362] Trial 26 pruned. 
[I 2025-03-22 02:42:44,898] Trial 27 pruned. 
[I 2025-03-22 02:42:45,569] Trial 28 pruned. 
[I 2025-03-22 02:42:46,742] Trial 29 pruned. 
[I 2025-03-22 02:43:29,025] Trial 30 finished with value: 124.67958549889589 and parameters: {'n_units_l0': 1920, 'n_units_l1': 288, 'n_units_l2': 2240, 'n_units_l3': 2464, 'n_units_l4': 1856, 'n_units_l5': 2752, 'n_units_l6': 32, 'n_units_l7': 2176, 'n_units_l8': 1152, 'n_units_l9': 3072, 'n_units_l10': 1440, 'lr': 0.038028174215823135}. Best is trial 30 with value: 124.67958549889589.
[I 2025-03-22 02:43:29,606] Trial 31 pruned. 
[I 2025-03-22 02:43:30,345] Trial 32 pruned. 
[I 2025-03-22 02:43:31,090] Trial 33 pruned. 
[I 2025-03-22 02:43:33,578] Trial 34 pruned. 
[I 2025-03-22 02:43:34,527] Trial 35 pruned. 
[I 2025-03-22 02:43:35,310] Trial 36 pruned. 
[I 2025-03-22 02:43:37,086] Trial 37 pruned. 
[I 2025-03-22 02:43:37,961] Trial 38 pruned. 
[I 2025-03-22 02:43:39,301] Trial 39 pruned. 
[I 2025-03-22 02:43:40,303] Trial 40 pruned. 
[I 2025-03-22 02:43:41,166] Trial 41 pruned. 
[I 2025-03-22 02:43:41,724] Trial 42 pruned. 
[I 2025-03-22 02:43:51,474] Trial 3 finished with value: 124.892715471495 and parameters: {'n_units_l0': 3264, 'n_units_l1': 3328, 'n_units_l2': 3872, 'n_units_l3': 608, 'n_units_l4': 3072, 'n_units_l5': 256, 'n_units_l6': 2624, 'n_units_l7': 3232, 'n_units_l8': 1312, 'n_units_l9': 960, 'n_units_l10': 1504, 'n_units_l11': 3360, 'lr': 0.04435985816813176}. Best is trial 0 with value: 124.88166292496913.
[I 2025-03-22 02:44:18,625] Trial 43 finished with value: 124.79895819425336 and parameters: {'n_units_l0': 480, 'n_units_l1': 3552, 'n_units_l2': 2976, 'n_units_l3': 864, 'n_units_l4': 992, 'n_units_l5': 2080, 'n_units_l6': 1248, 'n_units_l7': 256, 'n_units_l8': 288, 'n_units_l9': 448, 'n_units_l10': 2880, 'lr': 0.0926490981825675}. Best is trial 30 with value: 124.67958549889589.
[I 2025-03-22 02:44:22,043] Trial 4 finished with value: 124.86455874270108 and parameters: {'n_units_l0': 3552, 'n_units_l1': 128, 'n_units_l2': 1824, 'n_units_l3': 480, 'n_units_l4': 800, 'n_units_l5': 2432, 'n_units_l6': 2592, 'n_units_l7': 160, 'n_units_l8': 3456, 'n_units_l9': 64, 'n_units_l10': 864, 'n_units_l11': 3552, 'lr': 0.0046862105441532265}. Best is trial 4 with value: 124.86455874270108.
/trinity/home/fisheye/.local/lib/python3.9/site-packages/numpy/lib/function_base.py:4529: RuntimeWarning: invalid value encountered in multiply
  lerp_interpolation = asanyarray(add(a, diff_b_a * t, out=out))
[I 2025-03-22 02:45:04,409] Trial 44 finished with value: 124.79378576639942 and parameters: {'n_units_l0': 864, 'n_units_l1': 3776, 'n_units_l2': 2016, 'n_units_l3': 1600, 'n_units_l4': 3744, 'n_units_l5': 1184, 'n_units_l6': 1920, 'n_units_l7': 864, 'n_units_l8': 928, 'n_units_l9': 32, 'n_units_l10': 3296, 'lr': 0.07750804407402744}. Best is trial 30 with value: 124.67958549889589.
[I 2025-03-22 02:45:05,485] Trial 45 pruned. 
[I 2025-03-22 02:45:06,776] Trial 46 pruned. 
[I 2025-03-22 02:45:13,648] Trial 5 finished with value: inf and parameters: {'n_units_l0': 3616, 'n_units_l1': 32, 'n_units_l2': 576, 'n_units_l3': 3840, 'n_units_l4': 2976, 'n_units_l5': 480, 'n_units_l6': 3968, 'n_units_l7': 1376, 'n_units_l8': 832, 'n_units_l9': 2336, 'n_units_l10': 3136, 'n_units_l11': 672, 'lr': 0.06936752267710719}. Best is trial 4 with value: 124.86455874270108.
/trinity/home/fisheye/.local/lib/python3.9/site-packages/numpy/lib/function_base.py:4530: RuntimeWarning: invalid value encountered in subtract
  subtract(b, diff_b_a * (1 - t), out=lerp_interpolation, where=t >= 0.5)
[I 2025-03-22 02:45:55,979] Trial 47 finished with value: 124.70216023929369 and parameters: {'n_units_l0': 1376, 'n_units_l1': 3968, 'n_units_l2': 1504, 'n_units_l3': 192, 'n_units_l4': 480, 'n_units_l5': 1760, 'n_units_l6': 2816, 'n_units_l7': 3584, 'n_units_l8': 384, 'n_units_l9': 1856, 'n_units_l10': 1920, 'lr': 0.05921603130167845}. Best is trial 30 with value: 124.67958549889589.
[I 2025-03-22 02:45:56,791] Trial 48 pruned. 
[I 2025-03-22 02:46:31,029] Trial 6 finished with value: inf and parameters: {'n_units_l0': 3072, 'n_units_l1': 2784, 'n_units_l2': 2112, 'n_units_l3': 2720, 'n_units_l4': 256, 'n_units_l5': 1728, 'n_units_l6': 2816, 'n_units_l7': 3616, 'n_units_l8': 3008, 'n_units_l9': 1536, 'n_units_l10': 1408, 'n_units_l11': 1856, 'lr': 0.08957164539909862}. Best is trial 4 with value: 124.86455874270108.
/trinity/home/fisheye/.local/lib/python3.9/site-packages/numpy/lib/function_base.py:4527: RuntimeWarning: invalid value encountered in subtract
  diff_b_a = subtract(b, a)
[I 2025-03-22 02:46:45,240] Trial 49 finished with value: 124.72296550342494 and parameters: {'n_units_l0': 1920, 'n_units_l1': 1952, 'n_units_l2': 2144, 'n_units_l3': 2752, 'n_units_l4': 2464, 'n_units_l5': 3072, 'n_units_l6': 640, 'n_units_l7': 1376, 'n_units_l8': 64, 'n_units_l9': 1024, 'n_units_l10': 672, 'lr': 0.05099671345422445}. Best is trial 30 with value: 124.67958549889589.
[I 2025-03-22 02:46:46,432] Trial 50 pruned. 
[I 2025-03-22 02:47:25,312] Trial 51 finished with value: 42.122500787386365 and parameters: {'n_units_l0': 2272, 'n_units_l1': 1376, 'n_units_l2': 832, 'n_units_l3': 3584, 'n_units_l4': 1376, 'n_units_l5': 1856, 'n_units_l6': 1792, 'n_units_l7': 1216, 'n_units_l8': 2240, 'n_units_l9': 256, 'n_units_l10': 1312, 'lr': 0.003782581460256368}. Best is trial 51 with value: 42.122500787386365.
[I 2025-03-22 02:47:25,834] Trial 52 pruned. 
[I 2025-03-22 02:47:27,978] Trial 7 finished with value: inf and parameters: {'n_units_l0': 2528, 'n_units_l1': 1664, 'n_units_l2': 704, 'n_units_l3': 1344, 'n_units_l4': 2752, 'n_units_l5': 2912, 'n_units_l6': 1568, 'n_units_l7': 3360, 'n_units_l8': 672, 'n_units_l9': 448, 'n_units_l10': 3008, 'n_units_l11': 2400, 'lr': 0.09348136979624332}. Best is trial 4 with value: 124.86455874270108.
[I 2025-03-22 02:47:58,781] Trial 53 finished with value: 25.196146907186538 and parameters: {'n_units_l0': 2272, 'n_units_l1': 1024, 'n_units_l2': 704, 'n_units_l3': 3808, 'n_units_l4': 832, 'n_units_l5': 2432, 'n_units_l6': 2080, 'n_units_l7': 576, 'n_units_l8': 1824, 'n_units_l9': 224, 'n_units_l10': 1248, 'lr': 0.002289221827072918}. Best is trial 53 with value: 25.196146907186538.
[I 2025-03-22 02:48:46,421] Trial 54 finished with value: 124.70848607177987 and parameters: {'n_units_l0': 2336, 'n_units_l1': 1088, 'n_units_l2': 704, 'n_units_l3': 3776, 'n_units_l4': 1248, 'n_units_l5': 2752, 'n_units_l6': 3712, 'n_units_l7': 1120, 'n_units_l8': 1888, 'n_units_l9': 256, 'n_units_l10': 992, 'lr': 0.005507418900376822}. Best is trial 53 with value: 25.196146907186538.
[I 2025-03-22 02:48:48,169] Trial 55 pruned. 
[I 2025-03-22 02:48:48,795] Trial 56 pruned. 
[I 2025-03-22 02:48:50,568] Trial 8 finished with value: 125.04650957334844 and parameters: {'n_units_l0': 4032, 'n_units_l1': 3712, 'n_units_l2': 512, 'n_units_l3': 2592, 'n_units_l4': 2464, 'n_units_l5': 1344, 'n_units_l6': 2944, 'n_units_l7': 3648, 'n_units_l8': 3392, 'n_units_l9': 736, 'n_units_l10': 2816, 'n_units_l11': 544, 'lr': 0.007337455894240437}. Best is trial 4 with value: 124.86455874270108.
[I 2025-03-22 02:49:24,506] Trial 57 finished with value: 14.093489327111913 and parameters: {'n_units_l0': 2816, 'n_units_l1': 1344, 'n_units_l2': 608, 'n_units_l3': 4096, 'n_units_l4': 1600, 'n_units_l5': 96, 'n_units_l6': 2976, 'n_units_l7': 1184, 'n_units_l8': 1760, 'n_units_l9': 224, 'n_units_l10': 1440, 'lr': 0.0007302527466590486}. Best is trial 57 with value: 14.093489327111913.
[I 2025-03-22 02:49:25,489] Trial 58 pruned. 
[I 2025-03-22 02:49:27,350] Trial 9 finished with value: 124.87630225305112 and parameters: {'n_units_l0': 3552, 'n_units_l1': 128, 'n_units_l2': 2336, 'n_units_l3': 672, 'n_units_l4': 1632, 'n_units_l5': 2176, 'n_units_l6': 1344, 'n_units_l7': 2176, 'n_units_l8': 992, 'n_units_l9': 352, 'n_units_l10': 1248, 'n_units_l11': 3648, 'lr': 0.011031045701804987}. Best is trial 4 with value: 124.86455874270108.
[I 2025-03-22 02:49:56,766] Trial 59 finished with value: 36.016850832554404 and parameters: {'n_units_l0': 2176, 'n_units_l1': 1088, 'n_units_l2': 160, 'n_units_l3': 3840, 'n_units_l4': 1376, 'n_units_l5': 576, 'n_units_l6': 2336, 'n_units_l7': 1376, 'n_units_l8': 1440, 'n_units_l9': 640, 'n_units_l10': 1728, 'lr': 0.0023402591803289565}. Best is trial 57 with value: 14.093489327111913.
[I 2025-03-22 02:50:11,879] Trial 10 finished with value: 124.87733413459105 and parameters: {'n_units_l0': 1728, 'n_units_l1': 1120, 'n_units_l2': 2752, 'n_units_l3': 128, 'n_units_l4': 1120, 'n_units_l5': 4096, 'n_units_l6': 384, 'n_units_l7': 32, 'n_units_l8': 3968, 'n_units_l9': 3872, 'n_units_l10': 64, 'n_units_l11': 4064, 'lr': 0.029370042137043154}. Best is trial 4 with value: 124.86455874270108.
[I 2025-03-22 02:50:25,951] Trial 60 finished with value: 12.838792284091198 and parameters: {'n_units_l0': 2752, 'n_units_l1': 960, 'n_units_l2': 160, 'n_units_l3': 3840, 'n_units_l4': 1376, 'n_units_l5': 128, 'n_units_l6': 2304, 'n_units_l7': 1344, 'n_units_l8': 1536, 'n_units_l9': 160, 'n_units_l10': 1792, 'lr': 0.0008877131149162008}. Best is trial 60 with value: 12.838792284091198.
[I 2025-03-22 02:50:43,943] Trial 11 finished with value: 124.87198695365629 and parameters: {'n_units_l0': 2464, 'n_units_l1': 32, 'n_units_l2': 2784, 'n_units_l3': 1312, 'n_units_l4': 1440, 'n_units_l5': 2496, 'n_units_l6': 1120, 'n_units_l7': 1216, 'n_units_l8': 1856, 'n_units_l9': 160, 'n_units_l10': 352, 'n_units_l11': 3840, 'lr': 0.0017717752158579979}. Best is trial 4 with value: 124.86455874270108.
[I 2025-03-22 02:50:55,126] Trial 61 finished with value: 124.69985536935783 and parameters: {'n_units_l0': 2208, 'n_units_l1': 992, 'n_units_l2': 32, 'n_units_l3': 3840, 'n_units_l4': 928, 'n_units_l5': 128, 'n_units_l6': 2432, 'n_units_l7': 1376, 'n_units_l8': 1536, 'n_units_l9': 608, 'n_units_l10': 1536, 'lr': 0.003632475549488822}. Best is trial 60 with value: 12.838792284091198.
[I 2025-03-22 02:51:14,567] Trial 12 finished with value: 22.492462609641912 and parameters: {'n_units_l0': 2400, 'n_units_l1': 736, 'n_units_l2': 3104, 'n_units_l3': 1472, 'n_units_l4': 1056, 'n_units_l5': 2656, 'n_units_l6': 608, 'n_units_l7': 512, 'n_units_l8': 2208, 'n_units_l9': 32, 'n_units_l10': 32, 'n_units_l11': 1568, 'lr': 5.295842003695539e-05}. Best is trial 12 with value: 22.492462609641912.
[I 2025-03-22 02:51:15,353] Trial 13 pruned. 
[I 2025-03-22 02:51:25,142] Trial 62 finished with value: 9.32100301350503 and parameters: {'n_units_l0': 2688, 'n_units_l1': 1376, 'n_units_l2': 256, 'n_units_l3': 3648, 'n_units_l4': 1376, 'n_units_l5': 576, 'n_units_l6': 2240, 'n_units_l7': 1152, 'n_units_l8': 1440, 'n_units_l9': 96, 'n_units_l10': 1696, 'lr': 0.0001509299460928249}. Best is trial 62 with value: 9.32100301350503.
[I 2025-03-22 02:51:49,731] Trial 14 finished with value: 124.88564207719398 and parameters: {'n_units_l0': 2592, 'n_units_l1': 608, 'n_units_l2': 1472, 'n_units_l3': 1920, 'n_units_l4': 960, 'n_units_l5': 3296, 'n_units_l6': 896, 'n_units_l7': 928, 'n_units_l8': 128, 'n_units_l9': 64, 'n_units_l10': 3872, 'n_units_l11': 1216, 'lr': 0.01735466875703407}. Best is trial 12 with value: 22.492462609641912.
[I 2025-03-22 02:51:57,898] Trial 63 finished with value: 9.37849178345794 and parameters: {'n_units_l0': 2752, 'n_units_l1': 1344, 'n_units_l2': 256, 'n_units_l3': 3584, 'n_units_l4': 1408, 'n_units_l5': 576, 'n_units_l6': 2272, 'n_units_l7': 1632, 'n_units_l8': 1408, 'n_units_l9': 160, 'n_units_l10': 1856, 'lr': 5.1110261843908145e-05}. Best is trial 62 with value: 9.32100301350503.
[I 2025-03-22 02:52:28,510] Trial 64 finished with value: 16.656727280534835 and parameters: {'n_units_l0': 2784, 'n_units_l1': 1280, 'n_units_l2': 320, 'n_units_l3': 3648, 'n_units_l4': 1408, 'n_units_l5': 512, 'n_units_l6': 2304, 'n_units_l7': 1248, 'n_units_l8': 1440, 'n_units_l9': 160, 'n_units_l10': 1824, 'lr': 0.0005581101731445648}. Best is trial 62 with value: 9.32100301350503.
[I 2025-03-22 02:52:32,502] Trial 15 finished with value: 124.88205526875709 and parameters: {'n_units_l0': 2048, 'n_units_l1': 1760, 'n_units_l2': 3392, 'n_units_l3': 800, 'n_units_l4': 704, 'n_units_l5': 2112, 'n_units_l6': 32, 'n_units_l7': 576, 'n_units_l8': 3936, 'n_units_l9': 1728, 'n_units_l10': 672, 'n_units_l11': 2400, 'lr': 0.04148632964708}. Best is trial 12 with value: 22.492462609641912.
[I 2025-03-22 02:52:59,585] Trial 65 finished with value: 13.664128310831899 and parameters: {'n_units_l0': 2752, 'n_units_l1': 1568, 'n_units_l2': 320, 'n_units_l3': 3936, 'n_units_l4': 1184, 'n_units_l5': 32, 'n_units_l6': 2272, 'n_units_l7': 1696, 'n_units_l8': 1440, 'n_units_l9': 160, 'n_units_l10': 1824, 'lr': 0.0002524419181685871}. Best is trial 62 with value: 9.32100301350503.
[I 2025-03-22 02:53:00,374] Trial 66 pruned. 
[I 2025-03-22 02:53:00,804] Trial 67 pruned. 
[I 2025-03-22 02:53:02,107] Trial 68 pruned. 
[I 2025-03-22 02:53:13,765] Trial 16 finished with value: 61.76504483712152 and parameters: {'n_units_l0': 4096, 'n_units_l1': 576, 'n_units_l2': 32, 'n_units_l3': 352, 'n_units_l4': 96, 'n_units_l5': 864, 'n_units_l6': 1952, 'n_units_l7': 640, 'n_units_l8': 3328, 'n_units_l9': 2592, 'n_units_l10': 2176, 'n_units_l11': 1248, 'lr': 0.0017999782977122644}. Best is trial 12 with value: 22.492462609641912.
[I 2025-03-22 02:53:14,336] Trial 17 pruned. 
[I 2025-03-22 02:53:14,916] Trial 18 pruned. 
[I 2025-03-22 02:53:15,634] Trial 19 pruned. 
[I 2025-03-22 02:53:16,271] Trial 20 pruned. 
[I 2025-03-22 02:53:39,092] Trial 69 finished with value: 8.886186873140456 and parameters: {'n_units_l0': 3072, 'n_units_l1': 1664, 'n_units_l2': 512, 'n_units_l3': 3424, 'n_units_l4': 928, 'n_units_l5': 832, 'n_units_l6': 2720, 'n_units_l7': 1952, 'n_units_l8': 1344, 'n_units_l9': 96, 'n_units_l10': 1792, 'lr': 5.812073254299075e-05}. Best is trial 69 with value: 8.886186873140456.
[I 2025-03-22 02:53:53,192] Trial 21 finished with value: 37.537615399138296 and parameters: {'n_units_l0': 3744, 'n_units_l1': 352, 'n_units_l2': 3360, 'n_units_l3': 416, 'n_units_l4': 864, 'n_units_l5': 2528, 'n_units_l6': 2304, 'n_units_l7': 192, 'n_units_l8': 3584, 'n_units_l9': 1088, 'n_units_l10': 896, 'n_units_l11': 2208, 'lr': 0.000726367500173648}. Best is trial 12 with value: 22.492462609641912.
[I 2025-03-22 02:54:16,244] Trial 70 finished with value: 12.33717285607128 and parameters: {'n_units_l0': 3104, 'n_units_l1': 1696, 'n_units_l2': 512, 'n_units_l3': 4096, 'n_units_l4': 1024, 'n_units_l5': 448, 'n_units_l6': 2720, 'n_units_l7': 1952, 'n_units_l8': 1312, 'n_units_l9': 32, 'n_units_l10': 2272, 'lr': 0.00028379680227411596}. Best is trial 69 with value: 8.886186873140456.
[I 2025-03-22 02:54:45,776] Trial 22 finished with value: 9.658681877808249 and parameters: {'n_units_l0': 3808, 'n_units_l1': 1280, 'n_units_l2': 3392, 'n_units_l3': 384, 'n_units_l4': 1920, 'n_units_l5': 3072, 'n_units_l6': 2336, 'n_units_l7': 896, 'n_units_l8': 3680, 'n_units_l9': 1216, 'n_units_l10': 96, 'n_units_l11': 2304, 'lr': 0.000865583953042181}. Best is trial 22 with value: 9.658681877808249.
[I 2025-03-22 02:54:46,575] Trial 23 pruned. 
[I 2025-03-22 02:54:47,386] Trial 24 pruned. 
[I 2025-03-22 02:54:47,977] Trial 25 pruned. 
[I 2025-03-22 02:54:48,838] Trial 26 pruned. 
[I 2025-03-22 02:54:49,620] Trial 27 pruned. 
[I 2025-03-22 02:54:52,861] Trial 71 finished with value: 9.940967088405994 and parameters: {'n_units_l0': 3136, 'n_units_l1': 1696, 'n_units_l2': 288, 'n_units_l3': 3360, 'n_units_l4': 1056, 'n_units_l5': 832, 'n_units_l6': 2784, 'n_units_l7': 1952, 'n_units_l8': 1376, 'n_units_l9': 32, 'n_units_l10': 1792, 'lr': 0.0007745343913231977}. Best is trial 69 with value: 8.886186873140456.
[I 2025-03-22 02:54:53,396] Trial 72 pruned. 
[I 2025-03-22 02:54:53,946] Trial 73 pruned. 
[I 2025-03-22 02:54:54,452] Trial 74 pruned. 
[I 2025-03-22 02:54:55,053] Trial 75 pruned. 
[I 2025-03-22 02:55:09,351] Trial 76 pruned. 
[I 2025-03-22 02:55:09,895] Trial 77 pruned. 
[I 2025-03-22 02:55:10,467] Trial 78 pruned. 
[I 2025-03-22 02:55:31,514] Trial 28 finished with value: 124.93699074542585 and parameters: {'n_units_l0': 3232, 'n_units_l1': 1568, 'n_units_l2': 2816, 'n_units_l3': 352, 'n_units_l4': 1760, 'n_units_l5': 1792, 'n_units_l6': 1728, 'n_units_l7': 928, 'n_units_l8': 3136, 'n_units_l9': 960, 'n_units_l10': 96, 'n_units_l11': 3232, 'lr': 0.021159558385995567}. Best is trial 22 with value: 9.658681877808249.
[I 2025-03-22 02:55:33,148] Trial 29 pruned. 
[I 2025-03-22 02:55:34,043] Trial 30 pruned. 
[I 2025-03-22 02:55:49,922] Trial 79 finished with value: 16.348169935586117 and parameters: {'n_units_l0': 3584, 'n_units_l1': 1888, 'n_units_l2': 960, 'n_units_l3': 3072, 'n_units_l4': 800, 'n_units_l5': 384, 'n_units_l6': 3168, 'n_units_l7': 1664, 'n_units_l8': 1088, 'n_units_l9': 576, 'n_units_l10': 1952, 'lr': 0.00015513276636626357}. Best is trial 69 with value: 8.886186873140456.
[I 2025-03-22 02:55:50,406] Trial 80 pruned. 
[I 2025-03-22 02:56:23,187] Trial 31 finished with value: 9.311357234500234 and parameters: {'n_units_l0': 3904, 'n_units_l1': 384, 'n_units_l2': 2240, 'n_units_l3': 288, 'n_units_l4': 416, 'n_units_l5': 1792, 'n_units_l6': 2496, 'n_units_l7': 736, 'n_units_l8': 3392, 'n_units_l9': 3136, 'n_units_l10': 1824, 'n_units_l11': 1504, 'lr': 0.0002123856397971012}. Best is trial 31 with value: 9.311357234500234.
[I 2025-03-22 02:56:29,506] Trial 81 finished with value: 19.020755827044432 and parameters: {'n_units_l0': 3520, 'n_units_l1': 1920, 'n_units_l2': 992, 'n_units_l3': 3744, 'n_units_l4': 480, 'n_units_l5': 384, 'n_units_l6': 3168, 'n_units_l7': 1632, 'n_units_l8': 1024, 'n_units_l9': 544, 'n_units_l10': 1920, 'lr': 0.00037091494372424455}. Best is trial 69 with value: 8.886186873140456.
[I 2025-03-22 02:56:30,002] Trial 82 pruned. 
[I 2025-03-22 02:56:30,519] Trial 83 pruned. 
[I 2025-03-22 02:56:31,117] Trial 84 pruned. 
[I 2025-03-22 02:57:10,655] Trial 85 finished with value: 6.34401033591395 and parameters: {'n_units_l0': 3840, 'n_units_l1': 1184, 'n_units_l2': 608, 'n_units_l3': 3680, 'n_units_l4': 1504, 'n_units_l5': 320, 'n_units_l6': 3296, 'n_units_l7': 2176, 'n_units_l8': 864, 'n_units_l9': 224, 'n_units_l10': 1632, 'lr': 0.00040656071767367937}. Best is trial 85 with value: 6.34401033591395.
[I 2025-03-22 02:57:12,604] Trial 86 pruned. 
[I 2025-03-22 02:57:13,121] Trial 87 pruned. 
[I 2025-03-22 02:57:13,707] Trial 88 pruned. 
[I 2025-03-22 02:57:14,281] Trial 89 pruned. 
[I 2025-03-22 02:57:14,782] Trial 90 pruned. 
