[I 2025-03-22 01:51:10,219] Trial 81 finished with value: 38.125620448186616 and parameters: {'n_units_l0': 3040, 'n_units_l1': 1952, 'n_units_l2': 3840, 'n_units_l3': 2560, 'n_units_l4': 832, 'n_units_l5': 448, 'n_units_l6': 2496, 'n_units_l7': 2464, 'n_units_l8': 1600, 'n_units_l9': 3744, 'n_units_l10': 480, 'n_units_l11': 3808, 'lr': 0.00016677693579364688}. Best is trial 43 with value: 9.588391507012057.
[I 2025-03-22 01:51:10,931] Trial 82 pruned. 
[I 2025-03-22 01:51:11,702] Trial 83 pruned. 
[I 2025-03-22 01:51:12,392] Trial 84 pruned. 
[I 2025-03-22 01:51:13,451] Trial 85 pruned. 
[I 2025-03-22 01:51:14,166] Trial 86 pruned. 
[I 2025-03-22 01:51:15,040] Trial 87 pruned. 
[I 2025-03-22 01:51:15,673] Trial 88 pruned. 
[I 2025-03-22 01:51:17,444] Trial 56 finished with value: 42.89363221565849 and parameters: {'n_units_l0': 3232, 'n_units_l1': 1536, 'n_units_l2': 352, 'n_units_l3': 1696, 'lr': 0.04807892580756025}. Best is trial 39 with value: 36.88861949985364.
[I 2025-03-22 01:51:17,867] Trial 57 pruned. 
[I 2025-03-22 01:51:18,287] Trial 58 pruned. 
[I 2025-03-22 01:51:18,560] Trial 59 pruned. 
[I 2025-03-22 01:51:18,811] Trial 60 pruned. 
[I 2025-03-22 01:51:19,070] Trial 61 pruned. 
[I 2025-03-22 01:51:39,326] Trial 62 finished with value: 37.88086922029646 and parameters: {'n_units_l0': 160, 'n_units_l1': 2464, 'n_units_l2': 320, 'n_units_l3': 2368, 'lr': 0.051456439081472974}. Best is trial 39 with value: 36.88861949985364.
[I 2025-03-22 01:51:59,622] Trial 63 finished with value: 124.44755375853836 and parameters: {'n_units_l0': 160, 'n_units_l1': 2400, 'n_units_l2': 288, 'n_units_l3': 2496, 'lr': 0.05075385365313686}. Best is trial 39 with value: 36.88861949985364.
[I 2025-03-22 01:52:06,254] Trial 89 finished with value: 16.755401535009156 and parameters: {'n_units_l0': 4096, 'n_units_l1': 2272, 'n_units_l2': 2176, 'n_units_l3': 2752, 'n_units_l4': 1952, 'n_units_l5': 1184, 'n_units_l6': 3424, 'n_units_l7': 3360, 'n_units_l8': 1728, 'n_units_l9': 4000, 'n_units_l10': 160, 'n_units_l11': 1856, 'lr': 0.00011900993834304768}. Best is trial 43 with value: 9.588391507012057.
[I 2025-03-22 01:52:07,228] Trial 90 pruned. 
[I 2025-03-22 01:52:20,032] Trial 64 finished with value: 43.42618545797377 and parameters: {'n_units_l0': 480, 'n_units_l1': 2944, 'n_units_l2': 544, 'n_units_l3': 2336, 'lr': 0.04808516069039657}. Best is trial 39 with value: 36.88861949985364.
[I 2025-03-22 01:52:20,276] Trial 65 pruned. 
[I 2025-03-22 01:52:20,799] Trial 66 pruned. 
[I 2025-03-22 01:52:21,020] Trial 67 pruned. 
[I 2025-03-22 01:52:21,414] Trial 68 pruned. 
[I 2025-03-22 01:52:21,802] Trial 69 pruned. 
[I 2025-03-22 01:52:42,219] Trial 70 finished with value: 40.02914276249309 and parameters: {'n_units_l0': 320, 'n_units_l1': 2080, 'n_units_l2': 704, 'n_units_l3': 2688, 'lr': 0.05476108029199356}. Best is trial 39 with value: 36.88861949985364.
[I 2025-03-22 01:52:56,388] Trial 91 finished with value: 124.97387743606141 and parameters: {'n_units_l0': 1952, 'n_units_l1': 2304, 'n_units_l2': 2880, 'n_units_l3': 2720, 'n_units_l4': 1920, 'n_units_l5': 1216, 'n_units_l6': 3424, 'n_units_l7': 3360, 'n_units_l8': 1824, 'n_units_l9': 3808, 'n_units_l10': 320, 'n_units_l11': 1888, 'lr': 0.002792006013516346}. Best is trial 43 with value: 9.588391507012057.
[I 2025-03-22 01:52:59,037] Trial 92 pruned. 
[I 2025-03-22 01:52:59,666] Trial 93 pruned. 
[I 2025-03-22 01:53:00,623] Trial 94 pruned. 
[I 2025-03-22 01:53:02,705] Trial 71 finished with value: 45.525650960332754 and parameters: {'n_units_l0': 3168, 'n_units_l1': 2688, 'n_units_l2': 480, 'n_units_l3': 2528, 'lr': 0.055209918220109865}. Best is trial 39 with value: 36.88861949985364.
[I 2025-03-22 01:53:02,943] Trial 72 pruned. 
[I 2025-03-22 01:53:03,172] Trial 73 pruned. 
[I 2025-03-22 01:53:03,411] Trial 74 pruned. 
[I 2025-03-22 01:53:03,651] Trial 75 pruned. 
[I 2025-03-22 01:53:03,896] Trial 76 pruned. 
[I 2025-03-22 01:53:04,130] Trial 77 pruned. 
[I 2025-03-22 01:53:04,426] Trial 78 pruned. 
[I 2025-03-22 01:53:04,886] Trial 79 pruned. 
[I 2025-03-22 01:53:05,161] Trial 80 pruned. 
[I 2025-03-22 01:53:05,487] Trial 81 pruned. 
[I 2025-03-22 01:53:05,731] Trial 82 pruned. 
[I 2025-03-22 01:53:07,128] Trial 83 pruned. 
[I 2025-03-22 01:53:07,366] Trial 84 pruned. 
[I 2025-03-22 01:53:07,617] Trial 85 pruned. 
[I 2025-03-22 01:53:07,872] Trial 86 pruned. 
[I 2025-03-22 01:53:07,889] Trial 95 pruned. 
[I 2025-03-22 01:53:08,539] Trial 96 pruned. 
[I 2025-03-22 01:53:09,528] Trial 97 pruned. 
[I 2025-03-22 01:53:10,294] Trial 98 pruned. 
[I 2025-03-22 01:53:28,296] Trial 87 finished with value: 39.311244057089915 and parameters: {'n_units_l0': 192, 'n_units_l1': 2496, 'n_units_l2': 448, 'n_units_l3': 2656, 'lr': 0.0548069176643504}. Best is trial 39 with value: 36.88861949985364.
[I 2025-03-22 01:53:28,531] Trial 88 pruned. 
[I 2025-03-22 01:53:28,763] Trial 89 pruned. 
[I 2025-03-22 01:53:29,016] Trial 90 pruned. 
[I 2025-03-22 01:53:29,246] Trial 91 pruned. 
[I 2025-03-22 01:53:29,584] Trial 92 pruned. 
[I 2025-03-22 01:53:29,916] Trial 93 pruned. 
[I 2025-03-22 01:53:30,167] Trial 94 pruned. 
[I 2025-03-22 01:53:30,410] Trial 95 pruned. 
[I 2025-03-22 01:53:30,647] Trial 96 pruned. 
[I 2025-03-22 01:53:30,901] Trial 97 pruned. 
[I 2025-03-22 01:53:31,142] Trial 98 pruned. 
[I 2025-03-22 01:53:51,511] Trial 99 finished with value: 38.9887409959887 and parameters: {'n_units_l0': 288, 'n_units_l1': 3232, 'n_units_l2': 1152, 'n_units_l3': 1024, 'lr': 0.051480326841504956}. Best is trial 39 with value: 36.88861949985364.
[I 2025-03-22 01:53:51,606] A new study created in memory with name: no-name-6f8a2517-d805-4469-a411-e675cd8987db
[I 2025-03-22 01:54:13,353] Trial 0 finished with value: 132.4210123493666 and parameters: {'n_units_l0': 3680, 'n_units_l1': 608, 'n_units_l2': 1088, 'n_units_l3': 2720, 'n_units_l4': 832, 'lr': 0.008401082174649344}. Best is trial 0 with value: 132.4210123493666.
[I 2025-03-22 01:54:21,720] Trial 99 finished with value: 24.299567877249313 and parameters: {'n_units_l0': 3616, 'n_units_l1': 3680, 'n_units_l2': 3904, 'n_units_l3': 3072, 'n_units_l4': 3328, 'n_units_l5': 960, 'n_units_l6': 3552, 'n_units_l7': 3808, 'n_units_l8': 1728, 'n_units_l9': 3552, 'n_units_l10': 544, 'n_units_l11': 2016, 'lr': 0.0002222528281669169}. Best is trial 43 with value: 9.588391507012057.
[I 2025-03-22 01:54:21,806] A new study created in memory with name: no-name-9a7ada7f-3b5a-4e16-aeaa-cfa6452be1c2
[I 2025-03-22 01:54:34,976] Trial 1 finished with value: 124.77390519404506 and parameters: {'n_units_l0': 768, 'n_units_l1': 2976, 'n_units_l2': 288, 'n_units_l3': 1888, 'n_units_l4': 1760, 'lr': 0.05015374036761697}. Best is trial 1 with value: 124.77390519404506.
[I 2025-03-22 01:54:50,516] Trial 0 finished with value: 124.43101381175197 and parameters: {'n_units_l0': 3072, 'n_units_l1': 1792, 'n_units_l2': 1568, 'n_units_l3': 1632, 'n_units_l4': 3744, 'n_units_l5': 800, 'lr': 0.018588854706961144}. Best is trial 0 with value: 124.43101381175197.
[I 2025-03-22 01:54:58,742] Trial 2 finished with value: 124.78221009242019 and parameters: {'n_units_l0': 1248, 'n_units_l1': 2688, 'n_units_l2': 2016, 'n_units_l3': 2944, 'n_units_l4': 896, 'lr': 0.02637785411998838}. Best is trial 1 with value: 124.77390519404506.
[I 2025-03-22 01:55:12,976] Trial 1 finished with value: 124.43473433895731 and parameters: {'n_units_l0': 1888, 'n_units_l1': 2016, 'n_units_l2': 768, 'n_units_l3': 1984, 'n_units_l4': 224, 'n_units_l5': 2496, 'lr': 0.09487340950739492}. Best is trial 0 with value: 124.43101381175197.
[I 2025-03-22 01:55:20,601] Trial 3 finished with value: 12.092095267276688 and parameters: {'n_units_l0': 1344, 'n_units_l1': 512, 'n_units_l2': 1632, 'n_units_l3': 2368, 'n_units_l4': 2720, 'lr': 0.000980121375718064}. Best is trial 3 with value: 12.092095267276688.
[I 2025-03-22 01:55:35,665] Trial 2 finished with value: 37.4451878889239 and parameters: {'n_units_l0': 1568, 'n_units_l1': 1312, 'n_units_l2': 2688, 'n_units_l3': 1312, 'n_units_l4': 2112, 'n_units_l5': 1920, 'lr': 0.004467578803977548}. Best is trial 2 with value: 37.4451878889239.
[I 2025-03-22 01:55:59,691] Trial 4 finished with value: 124.77380247595788 and parameters: {'n_units_l0': 4096, 'n_units_l1': 3744, 'n_units_l2': 1568, 'n_units_l3': 2432, 'n_units_l4': 1344, 'lr': 0.030285127415501645}. Best is trial 3 with value: 12.092095267276688.
[I 2025-03-22 01:55:59,977] Trial 5 pruned. 
[I 2025-03-22 01:56:00,397] Trial 6 pruned. 
[I 2025-03-22 01:56:00,950] Trial 7 pruned. 
[I 2025-03-22 01:56:01,228] Trial 8 pruned. 
[I 2025-03-22 01:56:01,683] Trial 9 pruned. 
[I 2025-03-22 01:56:06,565] Trial 3 finished with value: 124.41433511391057 and parameters: {'n_units_l0': 864, 'n_units_l1': 2176, 'n_units_l2': 3136, 'n_units_l3': 2880, 'n_units_l4': 992, 'n_units_l5': 448, 'lr': 0.07908012577028392}. Best is trial 2 with value: 37.4451878889239.
[I 2025-03-22 01:56:23,544] Trial 10 finished with value: 36.53807678096316 and parameters: {'n_units_l0': 2592, 'n_units_l1': 1152, 'n_units_l2': 3104, 'n_units_l3': 896, 'n_units_l4': 4000, 'lr': 0.0032965990696167172}. Best is trial 3 with value: 12.092095267276688.
[I 2025-03-22 01:56:32,510] Trial 4 finished with value: 124.42277130941513 and parameters: {'n_units_l0': 3712, 'n_units_l1': 800, 'n_units_l2': 3200, 'n_units_l3': 1568, 'n_units_l4': 1568, 'n_units_l5': 3296, 'lr': 0.07463366097215526}. Best is trial 2 with value: 37.4451878889239.
[I 2025-03-22 01:56:33,633] Trial 5 pruned. 
[I 2025-03-22 01:56:33,916] Trial 6 pruned. 
[I 2025-03-22 01:56:34,378] Trial 7 pruned. 
[I 2025-03-22 01:56:34,665] Trial 8 pruned. 
[I 2025-03-22 01:56:35,267] Trial 9 pruned. 
[I 2025-03-22 01:56:45,369] Trial 11 finished with value: 9.030850834097336 and parameters: {'n_units_l0': 2528, 'n_units_l1': 1056, 'n_units_l2': 3136, 'n_units_l3': 768, 'n_units_l4': 4000, 'lr': 0.0014310961355745028}. Best is trial 11 with value: 9.030850834097336.
[I 2025-03-22 01:56:45,931] Trial 12 pruned. 
[I 2025-03-22 01:56:46,164] Trial 13 pruned. 
[I 2025-03-22 01:56:57,915] Trial 10 finished with value: 35.28006591260149 and parameters: {'n_units_l0': 320, 'n_units_l1': 32, 'n_units_l2': 2336, 'n_units_l3': 352, 'n_units_l4': 2496, 'n_units_l5': 4032, 'lr': 0.00132571679886777}. Best is trial 10 with value: 35.28006591260149.
[I 2025-03-22 01:57:08,021] Trial 14 finished with value: 11.617926561864506 and parameters: {'n_units_l0': 2848, 'n_units_l1': 1280, 'n_units_l2': 2528, 'n_units_l3': 1056, 'n_units_l4': 2272, 'lr': 0.0012261066204528619}. Best is trial 11 with value: 9.030850834097336.
[I 2025-03-22 01:57:08,294] Trial 15 pruned. 
[I 2025-03-22 01:57:08,635] Trial 16 pruned. 
[I 2025-03-22 01:57:08,902] Trial 17 pruned. 
[I 2025-03-22 01:57:09,275] Trial 18 pruned. 
[I 2025-03-22 01:57:09,545] Trial 19 pruned. 
[I 2025-03-22 01:57:09,946] Trial 20 pruned. 
[I 2025-03-22 01:57:20,582] Trial 11 finished with value: 14.542355825904485 and parameters: {'n_units_l0': 128, 'n_units_l1': 32, 'n_units_l2': 2368, 'n_units_l3': 224, 'n_units_l4': 2624, 'n_units_l5': 4000, 'lr': 0.0008496262167940487}. Best is trial 11 with value: 14.542355825904485.
[I 2025-03-22 01:57:31,845] Trial 21 finished with value: 21.919020805761598 and parameters: {'n_units_l0': 1632, 'n_units_l1': 544, 'n_units_l2': 1184, 'n_units_l3': 2304, 'n_units_l4': 2752, 'lr': 0.001374414645063731}. Best is trial 11 with value: 9.030850834097336.
[I 2025-03-22 01:57:32,122] Trial 22 pruned. 
[I 2025-03-22 01:57:33,103] Trial 23 pruned. 
[I 2025-03-22 01:57:33,392] Trial 24 pruned. 
[I 2025-03-22 01:57:33,668] Trial 25 pruned. 
[I 2025-03-22 01:57:34,216] Trial 26 pruned. 
[I 2025-03-22 01:57:34,499] Trial 27 pruned. 
[I 2025-03-22 01:57:34,757] Trial 28 pruned. 
[I 2025-03-22 01:57:36,806] Trial 29 pruned. 
[I 2025-03-22 01:57:39,965] Trial 30 pruned. 
[I 2025-03-22 01:57:40,241] Trial 31 pruned. 
[I 2025-03-22 01:57:43,250] Trial 12 finished with value: 13.931679767282661 and parameters: {'n_units_l0': 96, 'n_units_l1': 32, 'n_units_l2': 2080, 'n_units_l3': 128, 'n_units_l4': 2848, 'n_units_l5': 4032, 'lr': 0.00023854314359311615}. Best is trial 12 with value: 13.931679767282661.
[I 2025-03-22 01:57:43,368] Trial 32 pruned. 
[I 2025-03-22 01:57:43,733] Trial 33 pruned. 
[I 2025-03-22 01:57:43,999] Trial 34 pruned. 
[I 2025-03-22 01:57:46,095] Trial 35 pruned. 
[I 2025-03-22 01:57:49,758] Trial 36 pruned. 
[I 2025-03-22 01:57:50,127] Trial 37 pruned. 
[I 2025-03-22 01:58:05,952] Trial 13 finished with value: 67.51147036450807 and parameters: {'n_units_l0': 96, 'n_units_l1': 64, 'n_units_l2': 96, 'n_units_l3': 288, 'n_units_l4': 2912, 'n_units_l5': 4096, 'lr': 0.016601701494945484}. Best is trial 12 with value: 13.931679767282661.
[I 2025-03-22 01:58:06,291] Trial 14 pruned. 
[I 2025-03-22 01:58:06,580] Trial 15 pruned. 
[I 2025-03-22 01:58:11,866] Trial 38 finished with value: 16.82277848937205 and parameters: {'n_units_l0': 1376, 'n_units_l1': 32, 'n_units_l2': 1920, 'n_units_l3': 1440, 'n_units_l4': 2368, 'lr': 0.00040329055594605845}. Best is trial 11 with value: 9.030850834097336.
[I 2025-03-22 01:58:12,128] Trial 39 pruned. 
[I 2025-03-22 01:58:12,380] Trial 40 pruned. 
[I 2025-03-22 01:58:17,989] Trial 41 pruned. 
[I 2025-03-22 01:58:18,299] Trial 42 pruned. 
[I 2025-03-22 01:58:18,580] Trial 43 pruned. 
[I 2025-03-22 01:58:18,867] Trial 44 pruned. 
[I 2025-03-22 01:58:19,150] Trial 45 pruned. 
[I 2025-03-22 01:58:19,509] Trial 46 pruned. 
[I 2025-03-22 01:58:19,798] Trial 47 pruned. 
[I 2025-03-22 01:58:20,067] Trial 48 pruned. 
[I 2025-03-22 01:58:20,449] Trial 49 pruned. 
[I 2025-03-22 01:58:20,739] Trial 50 pruned. 
[I 2025-03-22 01:58:21,038] Trial 51 pruned. 
[I 2025-03-22 01:58:21,295] Trial 52 pruned. 
[I 2025-03-22 01:58:28,943] Trial 53 pruned. 
[I 2025-03-22 01:58:29,241] Trial 54 pruned. 
[I 2025-03-22 01:58:29,343] Trial 16 finished with value: 36.58249847740459 and parameters: {'n_units_l0': 64, 'n_units_l1': 448, 'n_units_l2': 4000, 'n_units_l3': 736, 'n_units_l4': 2656, 'n_units_l5': 1440, 'lr': 0.01075609372168161}. Best is trial 12 with value: 13.931679767282661.
[I 2025-03-22 01:58:31,295] Trial 55 pruned. 
[I 2025-03-22 01:58:31,558] Trial 56 pruned. 
[I 2025-03-22 01:58:32,467] Trial 57 pruned. 
[I 2025-03-22 01:58:32,719] Trial 58 pruned. 
[I 2025-03-22 01:58:33,011] Trial 59 pruned. 
[I 2025-03-22 01:58:33,360] Trial 60 pruned. 
[I 2025-03-22 01:58:33,887] Trial 61 pruned. 
[I 2025-03-22 01:58:34,396] Trial 62 pruned. 
[I 2025-03-22 01:58:34,852] Trial 63 pruned. 
[I 2025-03-22 01:58:35,178] Trial 64 pruned. 
[I 2025-03-22 01:58:43,556] Trial 65 pruned. 
[I 2025-03-22 01:58:44,008] Trial 66 pruned. 
[I 2025-03-22 01:58:44,488] Trial 67 pruned. 
[I 2025-03-22 01:58:44,755] Trial 68 pruned. 
[I 2025-03-22 01:58:45,051] Trial 69 pruned. 
[I 2025-03-22 01:58:45,321] Trial 70 pruned. 
[I 2025-03-22 01:58:45,573] Trial 71 pruned. 
[I 2025-03-22 01:58:45,851] Trial 72 pruned. 
[I 2025-03-22 01:58:46,156] Trial 73 pruned. 
[I 2025-03-22 01:58:46,451] Trial 74 pruned. 
[I 2025-03-22 01:58:46,733] Trial 75 pruned. 
[I 2025-03-22 01:58:47,252] Trial 76 pruned. 
[I 2025-03-22 01:58:47,562] Trial 77 pruned. 
[I 2025-03-22 01:58:47,920] Trial 78 pruned. 
[I 2025-03-22 01:58:48,450] Trial 79 pruned. 
[I 2025-03-22 01:58:48,848] Trial 80 pruned. 
[I 2025-03-22 01:58:49,172] Trial 81 pruned. 
[I 2025-03-22 01:58:49,486] Trial 82 pruned. 
[I 2025-03-22 01:58:49,913] Trial 83 pruned. 
[I 2025-03-22 01:58:50,327] Trial 84 pruned. 
[I 2025-03-22 01:58:59,088] Trial 85 pruned. 
[I 2025-03-22 01:58:59,370] Trial 86 pruned. 
[I 2025-03-22 01:58:59,665] Trial 87 pruned. 
[I 2025-03-22 01:58:59,938] Trial 88 pruned. 
[I 2025-03-22 01:59:00,311] Trial 89 pruned. 
[I 2025-03-22 01:59:01,010] Trial 90 pruned. 
[I 2025-03-22 01:59:01,285] Trial 91 pruned. 
[I 2025-03-22 01:59:01,572] Trial 92 pruned. 
[I 2025-03-22 01:59:01,848] Trial 93 pruned. 
[I 2025-03-22 01:59:02,140] Trial 94 pruned. 
[I 2025-03-22 01:59:02,420] Trial 95 pruned. 
[I 2025-03-22 01:59:03,495] Trial 96 pruned. 
[I 2025-03-22 01:59:06,572] Trial 97 pruned. 
[I 2025-03-22 01:59:07,520] Trial 98 pruned. 
[I 2025-03-22 01:59:07,797] Trial 99 pruned. 
[I 2025-03-22 01:59:07,913] A new study created in memory with name: no-name-4bce1b61-1846-4fca-97a9-af603b453e78
[I 2025-03-22 01:59:17,013] Trial 17 finished with value: 18.76481466571564 and parameters: {'n_units_l0': 1152, 'n_units_l1': 4064, 'n_units_l2': 2464, 'n_units_l3': 1088, 'n_units_l4': 3488, 'n_units_l5': 3616, 'lr': 0.0009522293346105748}. Best is trial 12 with value: 13.931679767282661.
[I 2025-03-22 01:59:17,311] Trial 18 pruned. 
[I 2025-03-22 01:59:17,617] Trial 19 pruned. 
[I 2025-03-22 01:59:17,891] Trial 20 pruned. 
[I 2025-03-22 01:59:32,195] Trial 0 finished with value: 125.26535161046613 and parameters: {'n_units_l0': 32, 'n_units_l1': 2432, 'n_units_l2': 800, 'n_units_l3': 928, 'n_units_l4': 2144, 'n_units_l5': 1216, 'n_units_l6': 2368, 'lr': 0.056749051315197835}. Best is trial 0 with value: 125.26535161046613.
[I 2025-03-22 02:00:01,162] Trial 21 finished with value: 24.59913784945058 and parameters: {'n_units_l0': 480, 'n_units_l1': 3968, 'n_units_l2': 2464, 'n_units_l3': 1024, 'n_units_l4': 3552, 'n_units_l5': 3552, 'lr': 0.002327068131866362}. Best is trial 12 with value: 13.931679767282661.
[I 2025-03-22 02:00:01,743] Trial 22 pruned. 
[I 2025-03-22 02:00:02,472] Trial 23 pruned. 
[I 2025-03-22 02:00:02,884] Trial 24 pruned. 
[I 2025-03-22 02:00:03,527] Trial 25 pruned. 
[I 2025-03-22 02:00:03,957] Trial 26 pruned. 
[I 2025-03-22 02:00:04,381] Trial 27 pruned. 
[I 2025-03-22 02:00:04,681] Trial 28 pruned. 
[I 2025-03-22 02:00:05,028] Trial 29 pruned. 
[I 2025-03-22 02:00:05,530] Trial 30 pruned. 
[I 2025-03-22 02:00:05,896] Trial 1 finished with value: 125.32320074325122 and parameters: {'n_units_l0': 3456, 'n_units_l1': 2080, 'n_units_l2': 352, 'n_units_l3': 2176, 'n_units_l4': 2816, 'n_units_l5': 1344, 'n_units_l6': 3360, 'lr': 0.023389752393542778}. Best is trial 0 with value: 125.26535161046613.
[I 2025-03-22 02:00:30,718] Trial 2 finished with value: 125.40075545193469 and parameters: {'n_units_l0': 544, 'n_units_l1': 2848, 'n_units_l2': 2048, 'n_units_l3': 2144, 'n_units_l4': 1728, 'n_units_l5': 256, 'n_units_l6': 2624, 'lr': 0.07529085470435384}. Best is trial 0 with value: 125.26535161046613.
[I 2025-03-22 02:00:49,357] Trial 31 finished with value: 17.081357641001063 and parameters: {'n_units_l0': 512, 'n_units_l1': 3968, 'n_units_l2': 2528, 'n_units_l3': 1024, 'n_units_l4': 3648, 'n_units_l5': 3360, 'lr': 0.0015112637127199608}. Best is trial 12 with value: 13.931679767282661.
[I 2025-03-22 02:00:50,058] Trial 32 pruned. 
[I 2025-03-22 02:00:50,603] Trial 33 pruned. 
[I 2025-03-22 02:00:51,195] Trial 34 pruned. 
[I 2025-03-22 02:00:52,993] Trial 35 pruned. 
[I 2025-03-22 02:00:53,322] Trial 36 pruned. 
[I 2025-03-22 02:00:54,034] Trial 37 pruned. 
[I 2025-03-22 02:00:54,404] Trial 38 pruned. 
[I 2025-03-22 02:00:54,881] Trial 39 pruned. 
[I 2025-03-22 02:00:55,307] Trial 40 pruned. 
[I 2025-03-22 02:00:57,622] Trial 41 pruned. 
[I 2025-03-22 02:00:58,589] Trial 42 pruned. 
[I 2025-03-22 02:01:02,705] Trial 43 pruned. 
[I 2025-03-22 02:01:03,928] Trial 44 pruned. 
[I 2025-03-22 02:01:04,387] Trial 45 pruned. 
[I 2025-03-22 02:01:06,178] Trial 46 pruned. 
[I 2025-03-22 02:01:06,619] Trial 47 pruned. 
[I 2025-03-22 02:01:07,160] Trial 48 pruned. 
[I 2025-03-22 02:01:07,475] Trial 49 pruned. 
[I 2025-03-22 02:01:11,307] Trial 3 finished with value: 125.27865928101673 and parameters: {'n_units_l0': 2272, 'n_units_l1': 3360, 'n_units_l2': 4096, 'n_units_l3': 512, 'n_units_l4': 288, 'n_units_l5': 1152, 'n_units_l6': 3360, 'lr': 0.06748883665573802}. Best is trial 0 with value: 125.26535161046613.
[I 2025-03-22 02:01:24,415] Trial 50 pruned. 
[I 2025-03-22 02:01:31,958] Trial 51 pruned. 
[I 2025-03-22 02:01:32,266] Trial 52 pruned. 
[I 2025-03-22 02:01:32,584] Trial 53 pruned. 
[I 2025-03-22 02:01:55,513] Trial 4 finished with value: 125.28534971179121 and parameters: {'n_units_l0': 4064, 'n_units_l1': 352, 'n_units_l2': 800, 'n_units_l3': 1152, 'n_units_l4': 3264, 'n_units_l5': 4096, 'n_units_l6': 2816, 'lr': 0.008871119589737306}. Best is trial 0 with value: 125.26535161046613.
[I 2025-03-22 02:01:55,664] Trial 54 finished with value: 11.544585293675713 and parameters: {'n_units_l0': 64, 'n_units_l1': 928, 'n_units_l2': 2368, 'n_units_l3': 320, 'n_units_l4': 2528, 'n_units_l5': 4064, 'lr': 0.004104798062409331}. Best is trial 54 with value: 11.544585293675713.
[I 2025-03-22 02:01:56,561] Trial 5 pruned. 
[I 2025-03-22 02:01:57,072] Trial 6 pruned. 
[I 2025-03-22 02:01:59,490] Trial 7 pruned. 
[I 2025-03-22 02:02:00,207] Trial 8 pruned. 
[I 2025-03-22 02:02:00,639] Trial 9 pruned. 
[I 2025-03-22 02:02:01,522] Trial 10 pruned. 
[I 2025-03-22 02:02:18,635] Trial 55 finished with value: 21.475023046280814 and parameters: {'n_units_l0': 96, 'n_units_l1': 864, 'n_units_l2': 2976, 'n_units_l3': 256, 'n_units_l4': 1856, 'n_units_l5': 3744, 'lr': 0.003858218873994023}. Best is trial 54 with value: 11.544585293675713.
[I 2025-03-22 02:02:18,925] Trial 56 pruned. 
[I 2025-03-22 02:02:19,243] Trial 57 pruned. 
[I 2025-03-22 02:02:19,550] Trial 58 pruned. 
[I 2025-03-22 02:02:19,850] Trial 59 pruned. 
[I 2025-03-22 02:02:20,254] Trial 60 pruned. 
[I 2025-03-22 02:02:20,835] Trial 61 pruned. 
[I 2025-03-22 02:02:21,229] Trial 62 pruned. 
[I 2025-03-22 02:02:21,538] Trial 63 pruned. 
[I 2025-03-22 02:02:21,847] Trial 64 pruned. 
[I 2025-03-22 02:02:22,381] Trial 65 pruned. 
[I 2025-03-22 02:02:22,845] Trial 66 pruned. 
[I 2025-03-22 02:02:39,793] Trial 11 finished with value: 125.38600934744129 and parameters: {'n_units_l0': 1792, 'n_units_l1': 4000, 'n_units_l2': 3488, 'n_units_l3': 32, 'n_units_l4': 64, 'n_units_l5': 1312, 'n_units_l6': 3552, 'lr': 0.08222999417034652}. Best is trial 0 with value: 125.26535161046613.
