[I 2025-03-23 19:24:47,882] Trial 53 finished with value: 15.132334072861797 and parameters: {'n_units_l0': 32, 'n_units_l1': 1504, 'n_units_l2': 1216, 'n_units_l3': 608, 'lr': 0.004536968935861303}. Best is trial 25 with value: 8.215920679458522.
[I 2025-03-23 19:24:51,321] Trial 54 pruned. 
[I 2025-03-23 19:24:54,703] Trial 55 pruned. 
[I 2025-03-23 19:30:18,772] Trial 56 finished with value: 14.854108561245118 and parameters: {'n_units_l0': 352, 'n_units_l1': 672, 'n_units_l2': 64, 'n_units_l3': 32, 'lr': 0.015281595622137273}. Best is trial 25 with value: 8.215920679458522.
[I 2025-03-23 19:30:22,065] Trial 57 pruned. 
[I 2025-03-23 19:30:25,228] Trial 58 pruned. 
[I 2025-03-23 19:30:30,119] Trial 59 pruned. 
[I 2025-03-23 19:30:40,025] Trial 60 pruned. 
[I 2025-03-23 19:30:50,180] Trial 61 pruned. 
[I 2025-03-23 19:34:45,130] Trial 16 finished with value: 5.023070778274078 and parameters: {'n_units_l0': 3168, 'n_units_l1': 4000, 'n_units_l2': 2528, 'n_units_l3': 3520, 'n_units_l4': 2752, 'lr': 0.0002643271651617755}. Best is trial 16 with value: 5.023070778274078.
[I 2025-03-23 19:34:55,730] Trial 17 pruned. 
[I 2025-03-23 19:35:03,205] Trial 18 pruned. 
[I 2025-03-23 19:35:20,390] Trial 19 pruned. 
[I 2025-03-23 19:36:16,853] Trial 62 finished with value: 7.884636325713197 and parameters: {'n_units_l0': 288, 'n_units_l1': 1056, 'n_units_l2': 2912, 'n_units_l3': 512, 'lr': 0.0034745568531524378}. Best is trial 62 with value: 7.884636325713197.
[I 2025-03-23 19:41:43,795] Trial 63 finished with value: 10.972896045477983 and parameters: {'n_units_l0': 288, 'n_units_l1': 1024, 'n_units_l2': 2912, 'n_units_l3': 480, 'lr': 0.0039661043749426375}. Best is trial 62 with value: 7.884636325713197.
[I 2025-03-23 19:41:47,092] Trial 64 pruned. 
[I 2025-03-23 19:41:57,120] Trial 65 pruned. 
[I 2025-03-23 19:42:00,688] Trial 66 pruned. 
[I 2025-03-23 19:42:05,077] Trial 67 pruned. 
[I 2025-03-23 19:42:08,328] Trial 68 pruned. 
[I 2025-03-23 19:42:11,603] Trial 69 pruned. 
[I 2025-03-23 19:42:14,835] Trial 70 pruned. 
[I 2025-03-23 19:44:20,902] Trial 71 pruned. 
[I 2025-03-23 19:44:24,319] Trial 72 pruned. 
[I 2025-03-23 19:44:34,488] Trial 73 pruned. 
[I 2025-03-23 19:44:37,864] Trial 74 pruned. 
[I 2025-03-23 19:45:51,146] Trial 20 finished with value: 13.119142624961105 and parameters: {'n_units_l0': 3616, 'n_units_l1': 2176, 'n_units_l2': 3168, 'n_units_l3': 2464, 'n_units_l4': 2528, 'lr': 0.0009632224160854285}. Best is trial 16 with value: 5.023070778274078.
[I 2025-03-23 19:45:59,973] Trial 21 pruned. 
[I 2025-03-23 19:46:17,703] Trial 22 pruned. 
[I 2025-03-23 19:46:23,996] Trial 23 pruned. 
[I 2025-03-23 19:46:45,762] Trial 24 pruned. 
[I 2025-03-23 19:46:51,215] Trial 25 pruned. 
[I 2025-03-23 19:46:57,291] Trial 26 pruned. 
[I 2025-03-23 19:47:03,874] Trial 27 pruned. 
[I 2025-03-23 19:47:17,569] Trial 28 pruned. 
[I 2025-03-23 19:47:25,219] Trial 29 pruned. 
[I 2025-03-23 19:50:04,817] Trial 75 finished with value: 6.911781904470682 and parameters: {'n_units_l0': 640, 'n_units_l1': 1024, 'n_units_l2': 2272, 'n_units_l3': 704, 'lr': 0.003003169018203764}. Best is trial 75 with value: 6.911781904470682.
[I 2025-03-23 19:50:08,017] Trial 76 pruned. 
[I 2025-03-23 19:50:11,314] Trial 77 pruned. 
[I 2025-03-23 19:50:14,652] Trial 78 pruned. 
[I 2025-03-23 19:50:17,937] Trial 79 pruned. 
[I 2025-03-23 19:50:21,235] Trial 80 pruned. 
[I 2025-03-23 19:50:31,077] Trial 81 pruned. 
[I 2025-03-23 19:50:34,624] Trial 82 pruned. 
[I 2025-03-23 19:50:37,973] Trial 83 pruned. 
[I 2025-03-23 19:56:03,688] Trial 84 finished with value: 9.257351594159587 and parameters: {'n_units_l0': 160, 'n_units_l1': 3648, 'n_units_l2': 2912, 'n_units_l3': 32, 'lr': 0.0057939298251281}. Best is trial 75 with value: 6.911781904470682.
[I 2025-03-23 19:56:07,098] Trial 85 pruned. 
[I 2025-03-23 19:56:10,462] Trial 86 pruned. 
[I 2025-03-23 19:56:13,813] Trial 87 pruned. 
[I 2025-03-23 19:56:17,148] Trial 88 pruned. 
[I 2025-03-23 19:56:21,951] Trial 89 pruned. 
[I 2025-03-23 19:56:25,321] Trial 90 pruned. 
[I 2025-03-23 19:56:31,863] Trial 91 pruned. 
[I 2025-03-23 19:56:35,237] Trial 92 pruned. 
[I 2025-03-23 19:56:41,655] Trial 93 pruned. 
[I 2025-03-23 19:56:50,705] Trial 30 finished with value: 5.813905325639848 and parameters: {'n_units_l0': 3808, 'n_units_l1': 1888, 'n_units_l2': 2112, 'n_units_l3': 3744, 'n_units_l4': 1632, 'lr': 0.00012987511839146964}. Best is trial 16 with value: 5.023070778274078.
[I 2025-03-23 19:57:04,791] Trial 31 pruned. 
[I 2025-03-23 19:57:08,356] Trial 32 pruned. 
[I 2025-03-23 19:57:12,730] Trial 33 pruned. 
[I 2025-03-23 19:57:18,957] Trial 34 pruned. 
[I 2025-03-23 19:57:35,972] Trial 35 pruned. 
[I 2025-03-23 19:57:47,768] Trial 36 pruned. 
[I 2025-03-23 19:57:52,746] Trial 37 pruned. 
[I 2025-03-23 19:57:57,556] Trial 38 pruned. 
[I 2025-03-23 20:02:08,264] Trial 94 finished with value: 23.32571293531154 and parameters: {'n_units_l0': 576, 'n_units_l1': 864, 'n_units_l2': 3392, 'n_units_l3': 288, 'lr': 0.005676140988218607}. Best is trial 75 with value: 6.911781904470682.
[I 2025-03-23 20:02:11,634] Trial 95 pruned. 
[I 2025-03-23 20:02:14,951] Trial 96 pruned. 
[I 2025-03-23 20:02:18,259] Trial 97 pruned. 
[I 2025-03-23 20:02:22,293] Trial 98 pruned. 
[I 2025-03-23 20:02:25,876] Trial 99 pruned. 
[I 2025-03-23 20:02:26,396] A new study created in memory with name: no-name-4f2a2677-0d03-4d9a-a616-00fc4b9e6ce0
[I 2025-03-23 20:03:39,334] Trial 39 finished with value: 16.76174186635203 and parameters: {'n_units_l0': 2144, 'n_units_l1': 640, 'n_units_l2': 2144, 'n_units_l3': 1888, 'n_units_l4': 32, 'lr': 0.004545416247306653}. Best is trial 16 with value: 5.023070778274078.
[I 2025-03-23 20:03:44,881] Trial 40 pruned. 
[I 2025-03-23 20:03:49,343] Trial 41 pruned. 
[I 2025-03-23 20:08:34,985] Trial 0 finished with value: 124.97917743362197 and parameters: {'n_units_l0': 1344, 'n_units_l1': 1952, 'n_units_l2': 2144, 'n_units_l3': 1312, 'n_units_l4': 2272, 'n_units_l5': 448, 'lr': 0.016271446179963293}. Best is trial 0 with value: 124.97917743362197.
[I 2025-03-23 20:11:12,469] Trial 42 finished with value: 4.632241278850988 and parameters: {'n_units_l0': 3136, 'n_units_l1': 1536, 'n_units_l2': 3168, 'n_units_l3': 1664, 'n_units_l4': 2624, 'lr': 0.0004624619571788372}. Best is trial 42 with value: 4.632241278850988.
[I 2025-03-23 20:11:16,318] Trial 43 pruned. 
[I 2025-03-23 20:11:20,660] Trial 44 pruned. 
[I 2025-03-23 20:11:24,194] Trial 45 pruned. 
[I 2025-03-23 20:11:29,068] Trial 46 pruned. 
[I 2025-03-23 20:11:32,561] Trial 47 pruned. 
[I 2025-03-23 20:11:59,619] Trial 48 pruned. 
[I 2025-03-23 20:12:06,595] Trial 49 pruned. 
[I 2025-03-23 20:12:16,852] Trial 50 pruned. 
[I 2025-03-23 20:12:41,354] Trial 51 pruned. 
[I 2025-03-23 20:12:47,294] Trial 52 pruned. 
[I 2025-03-23 20:12:52,528] Trial 53 pruned. 
[I 2025-03-23 20:13:08,445] Trial 54 pruned. 
[I 2025-03-23 20:13:15,017] Trial 55 pruned. 
[I 2025-03-23 20:13:41,485] Trial 56 pruned. 
[I 2025-03-23 20:13:50,880] Trial 57 pruned. 
[I 2025-03-23 20:13:56,664] Trial 58 pruned. 
[I 2025-03-23 20:14:03,273] Trial 59 pruned. 
[I 2025-03-23 20:14:14,194] Trial 60 pruned. 
[I 2025-03-23 20:14:17,648] Trial 61 pruned. 
[I 2025-03-23 20:14:21,129] Trial 62 pruned. 
[I 2025-03-23 20:14:24,509] Trial 63 pruned. 
[I 2025-03-23 20:14:28,012] Trial 64 pruned. 
[I 2025-03-23 20:14:34,867] Trial 65 pruned. 
[I 2025-03-23 20:14:44,280] Trial 1 finished with value: 124.99829359409809 and parameters: {'n_units_l0': 4096, 'n_units_l1': 2880, 'n_units_l2': 160, 'n_units_l3': 960, 'n_units_l4': 2016, 'n_units_l5': 512, 'lr': 0.06189930522969644}. Best is trial 0 with value: 124.97917743362197.
[I 2025-03-23 20:20:23,029] Trial 66 finished with value: 4.430387161495805 and parameters: {'n_units_l0': 1728, 'n_units_l1': 2176, 'n_units_l2': 2784, 'n_units_l3': 1632, 'n_units_l4': 800, 'lr': 0.0024956135885316993}. Best is trial 66 with value: 4.430387161495805.
[I 2025-03-23 20:20:28,791] Trial 67 pruned. 
[I 2025-03-23 20:20:39,146] Trial 68 pruned. 
[I 2025-03-23 20:20:43,329] Trial 69 pruned. 
[I 2025-03-23 20:20:47,068] Trial 70 pruned. 
[I 2025-03-23 20:20:50,584] Trial 71 pruned. 
[I 2025-03-23 20:20:54,052] Trial 72 pruned. 
[I 2025-03-23 20:20:57,939] Trial 73 pruned. 
[I 2025-03-23 20:21:03,023] Trial 74 pruned. 
[I 2025-03-23 20:21:07,013] Trial 75 pruned. 
[I 2025-03-23 20:21:12,066] Trial 76 pruned. 
[I 2025-03-23 20:23:32,066] Trial 2 finished with value: 124.9844993657873 and parameters: {'n_units_l0': 1792, 'n_units_l1': 2272, 'n_units_l2': 3968, 'n_units_l3': 2176, 'n_units_l4': 384, 'n_units_l5': 1216, 'lr': 0.06896502751014379}. Best is trial 0 with value: 124.97917743362197.
[I 2025-03-23 20:28:53,791] Trial 77 finished with value: 6.063069507071001 and parameters: {'n_units_l0': 1696, 'n_units_l1': 1920, 'n_units_l2': 2272, 'n_units_l3': 3680, 'n_units_l4': 1248, 'lr': 0.00039214148526255186}. Best is trial 66 with value: 4.430387161495805.
[I 2025-03-23 20:28:59,226] Trial 78 pruned. 
[I 2025-03-23 20:29:04,724] Trial 79 pruned. 
[I 2025-03-23 20:29:12,153] Trial 80 pruned. 
[I 2025-03-23 20:29:17,294] Trial 81 pruned. 
[I 2025-03-23 20:29:21,456] Trial 82 pruned. 
[I 2025-03-23 20:29:26,837] Trial 83 pruned. 
[I 2025-03-23 20:29:32,309] Trial 84 pruned. 
[I 2025-03-23 20:29:37,533] Trial 85 pruned. 
[I 2025-03-23 20:36:04,604] Trial 86 finished with value: 24.994400297817638 and parameters: {'n_units_l0': 3104, 'n_units_l1': 1952, 'n_units_l2': 2080, 'n_units_l3': 2464, 'n_units_l4': 1088, 'lr': 0.0017103191043475988}. Best is trial 66 with value: 4.430387161495805.
[I 2025-03-23 20:36:10,595] Trial 87 pruned. 
[I 2025-03-23 20:36:17,628] Trial 88 pruned. 
[I 2025-03-23 20:36:23,804] Trial 89 pruned. 
[I 2025-03-23 20:36:27,306] Trial 90 pruned. 
[I 2025-03-23 20:36:30,746] Trial 91 pruned. 
[I 2025-03-23 20:36:49,784] Trial 3 finished with value: 124.97935142535026 and parameters: {'n_units_l0': 1536, 'n_units_l1': 2912, 'n_units_l2': 4032, 'n_units_l3': 1984, 'n_units_l4': 2944, 'n_units_l5': 2496, 'lr': 0.038903854940168694}. Best is trial 0 with value: 124.97917743362197.
[I 2025-03-23 20:38:34,864] Trial 92 pruned. 
[I 2025-03-23 20:38:38,495] Trial 93 pruned. 
[I 2025-03-23 20:38:42,503] Trial 94 pruned. 
[I 2025-03-23 20:39:02,148] Trial 95 pruned. 
[I 2025-03-23 20:39:06,072] Trial 96 pruned. 
[I 2025-03-23 20:39:10,151] Trial 97 pruned. 
[I 2025-03-23 20:39:15,636] Trial 98 pruned. 
[I 2025-03-23 20:39:19,165] Trial 99 pruned. 
[I 2025-03-23 20:39:19,690] A new study created in memory with name: no-name-3c0f64ab-beed-4957-baa9-718e45ada156
[I 2025-03-23 20:42:56,101] Trial 4 finished with value: 124.98273638693443 and parameters: {'n_units_l0': 2592, 'n_units_l1': 320, 'n_units_l2': 2880, 'n_units_l3': 1696, 'n_units_l4': 736, 'n_units_l5': 3008, 'lr': 0.08914330091455297}. Best is trial 0 with value: 124.97917743362197.
[I 2025-03-23 20:43:00,229] Trial 5 pruned. 
[I 2025-03-23 20:43:07,075] Trial 6 pruned. 
[I 2025-03-23 20:43:14,026] Trial 7 pruned. 
[I 2025-03-23 20:44:23,283] Trial 8 pruned. 
[I 2025-03-23 20:45:07,647] Trial 9 pruned. 
[I 2025-03-23 20:45:11,821] Trial 10 pruned. 
[I 2025-03-23 20:45:21,921] Trial 11 pruned. 
[I 2025-03-23 20:51:29,522] Trial 12 finished with value: 15.064690705346163 and parameters: {'n_units_l0': 1120, 'n_units_l1': 1088, 'n_units_l2': 3392, 'n_units_l3': 992, 'n_units_l4': 1728, 'n_units_l5': 2336, 'lr': 0.0017910465221549262}. Best is trial 12 with value: 15.064690705346163.
[I 2025-03-23 20:53:40,365] Trial 0 finished with value: 125.11565426151587 and parameters: {'n_units_l0': 3328, 'n_units_l1': 3296, 'n_units_l2': 2208, 'n_units_l3': 3104, 'n_units_l4': 1536, 'n_units_l5': 3296, 'n_units_l6': 1344, 'lr': 0.09217334760720314}. Best is trial 0 with value: 125.11565426151587.
[I 2025-03-23 20:57:35,158] Trial 13 finished with value: 7.025628890720171 and parameters: {'n_units_l0': 832, 'n_units_l1': 1056, 'n_units_l2': 2400, 'n_units_l3': 800, 'n_units_l4': 1376, 'n_units_l5': 1632, 'lr': 0.0013456964409115438}. Best is trial 13 with value: 7.025628890720171.
[I 2025-03-23 21:03:37,767] Trial 14 finished with value: 6.038973627528404 and parameters: {'n_units_l0': 704, 'n_units_l1': 1056, 'n_units_l2': 3296, 'n_units_l3': 128, 'n_units_l4': 1408, 'n_units_l5': 1792, 'lr': 5.9149148604205424e-05}. Best is trial 14 with value: 6.038973627528404.
[I 2025-03-23 21:07:37,232] Trial 1 finished with value: 125.1160214329528 and parameters: {'n_units_l0': 1056, 'n_units_l1': 2976, 'n_units_l2': 3168, 'n_units_l3': 2752, 'n_units_l4': 1376, 'n_units_l5': 4096, 'n_units_l6': 1920, 'lr': 0.06489891698263633}. Best is trial 0 with value: 125.11565426151587.
[I 2025-03-23 21:09:45,926] Trial 15 finished with value: 4.646675002169481 and parameters: {'n_units_l0': 384, 'n_units_l1': 1088, 'n_units_l2': 2368, 'n_units_l3': 32, 'n_units_l4': 1216, 'n_units_l5': 1568, 'lr': 0.0004978499611755722}. Best is trial 15 with value: 4.646675002169481.
[I 2025-03-23 21:09:49,592] Trial 16 pruned. 
[I 2025-03-23 21:09:53,329] Trial 17 pruned. 
[I 2025-03-23 21:09:57,032] Trial 18 pruned. 
[I 2025-03-23 21:10:00,690] Trial 19 pruned. 
[I 2025-03-23 21:16:05,218] Trial 20 finished with value: 124.98384951244769 and parameters: {'n_units_l0': 384, 'n_units_l1': 1504, 'n_units_l2': 2144, 'n_units_l3': 480, 'n_units_l4': 1536, 'n_units_l5': 1184, 'lr': 0.011132061823051542}. Best is trial 15 with value: 4.646675002169481.
[I 2025-03-23 21:18:17,893] Trial 2 finished with value: 125.11777241586337 and parameters: {'n_units_l0': 1472, 'n_units_l1': 3488, 'n_units_l2': 32, 'n_units_l3': 2240, 'n_units_l4': 1952, 'n_units_l5': 4032, 'n_units_l6': 2720, 'lr': 0.08894027078025334}. Best is trial 0 with value: 125.11565426151587.
[I 2025-03-23 21:22:14,700] Trial 21 finished with value: 4.168706442182399 and parameters: {'n_units_l0': 896, 'n_units_l1': 896, 'n_units_l2': 2432, 'n_units_l3': 864, 'n_units_l4': 1504, 'n_units_l5': 1536, 'lr': 0.00020606021070419697}. Best is trial 21 with value: 4.168706442182399.
[I 2025-03-23 21:24:41,662] Trial 3 finished with value: 125.11548579947886 and parameters: {'n_units_l0': 2976, 'n_units_l1': 3552, 'n_units_l2': 96, 'n_units_l3': 1760, 'n_units_l4': 32, 'n_units_l5': 832, 'n_units_l6': 256, 'lr': 0.022022977922394618}. Best is trial 3 with value: 125.11548579947886.
[I 2025-03-23 21:28:25,045] Trial 22 finished with value: 31.796068633065428 and parameters: {'n_units_l0': 1024, 'n_units_l1': 704, 'n_units_l2': 2944, 'n_units_l3': 1216, 'n_units_l4': 960, 'n_units_l5': 1472, 'lr': 0.004658452313208496}. Best is trial 21 with value: 4.168706442182399.
[I 2025-03-23 21:34:33,210] Trial 4 finished with value: 125.11682324314083 and parameters: {'n_units_l0': 1696, 'n_units_l1': 3776, 'n_units_l2': 960, 'n_units_l3': 1184, 'n_units_l4': 3424, 'n_units_l5': 2912, 'n_units_l6': 128, 'lr': 0.09164444759192711}. Best is trial 3 with value: 125.11548579947886.
[I 2025-03-23 21:34:33,708] Trial 23 finished with value: 37.87619856169814 and parameters: {'n_units_l0': 416, 'n_units_l1': 480, 'n_units_l2': 3616, 'n_units_l3': 608, 'n_units_l4': 2272, 'n_units_l5': 960, 'lr': 0.014731590500130336}. Best is trial 21 with value: 4.168706442182399.
[I 2025-03-23 21:34:36,905] Trial 5 pruned. 
[I 2025-03-23 21:34:37,367] Trial 24 pruned. 
[I 2025-03-23 21:34:41,019] Trial 25 pruned. 
[I 2025-03-23 21:34:43,030] Trial 6 pruned. 
[I 2025-03-23 21:34:44,705] Trial 26 pruned. 
[I 2025-03-23 21:34:47,105] Trial 7 pruned. 
[I 2025-03-23 21:34:48,493] Trial 27 pruned. 
[I 2025-03-23 21:34:52,329] Trial 28 pruned. 
[I 2025-03-23 21:34:54,689] Trial 8 pruned. 
[I 2025-03-23 21:34:56,374] Trial 29 pruned. 
[I 2025-03-23 21:34:58,740] Trial 9 pruned. 
[I 2025-03-23 21:35:00,258] Trial 30 pruned. 
[I 2025-03-23 21:35:04,001] Trial 31 pruned. 
[I 2025-03-23 21:35:07,714] Trial 32 pruned. 
[I 2025-03-23 21:35:11,509] Trial 33 pruned. 
[I 2025-03-23 21:41:19,487] Trial 34 finished with value: 11.290125905455396 and parameters: {'n_units_l0': 1728, 'n_units_l1': 928, 'n_units_l2': 1792, 'n_units_l3': 512, 'n_units_l4': 1536, 'n_units_l5': 928, 'lr': 0.0009082480617151861}. Best is trial 21 with value: 4.168706442182399.
[I 2025-03-23 21:41:23,199] Trial 35 pruned. 
[I 2025-03-23 21:41:26,916] Trial 36 pruned. 
[I 2025-03-23 21:41:30,632] Trial 37 pruned. 
[I 2025-03-23 21:41:34,334] Trial 38 pruned. 
[I 2025-03-23 21:41:38,071] Trial 39 pruned. 
[I 2025-03-23 21:41:46,016] Trial 40 pruned. 
[I 2025-03-23 21:41:49,731] Trial 41 pruned. 
[I 2025-03-23 21:42:25,094] Trial 10 finished with value: 5.403529460830063 and parameters: {'n_units_l0': 2496, 'n_units_l1': 4032, 'n_units_l2': 1056, 'n_units_l3': 3328, 'n_units_l4': 96, 'n_units_l5': 96, 'n_units_l6': 1248, 'lr': 0.001922153370632465}. Best is trial 10 with value: 5.403529460830063.
[I 2025-03-23 21:47:57,826] Trial 42 finished with value: 30.8782109357765 and parameters: {'n_units_l0': 1184, 'n_units_l1': 1056, 'n_units_l2': 1824, 'n_units_l3': 608, 'n_units_l4': 1472, 'n_units_l5': 1344, 'lr': 0.004469679133816101}. Best is trial 21 with value: 4.168706442182399.
[I 2025-03-23 21:48:20,071] Trial 43 pruned. 
[I 2025-03-23 21:48:23,757] Trial 44 pruned. 
[I 2025-03-23 21:48:27,528] Trial 45 pruned. 
[I 2025-03-23 21:50:04,034] Trial 11 finished with value: 4.418417832062161 and parameters: {'n_units_l0': 2592, 'n_units_l1': 4064, 'n_units_l2': 992, 'n_units_l3': 4096, 'n_units_l4': 32, 'n_units_l5': 32, 'n_units_l6': 1280, 'lr': 0.0001904730734866092}. Best is trial 11 with value: 4.418417832062161.
[I 2025-03-23 21:54:35,346] Trial 46 finished with value: 13.27104898682645 and parameters: {'n_units_l0': 32, 'n_units_l1': 1664, 'n_units_l2': 2816, 'n_units_l3': 224, 'n_units_l4': 2016, 'n_units_l5': 1632, 'lr': 0.003517734808903752}. Best is trial 21 with value: 4.168706442182399.
[I 2025-03-23 21:54:39,428] Trial 47 pruned. 
[I 2025-03-23 21:54:44,063] Trial 48 pruned. 
[I 2025-03-23 21:54:47,834] Trial 49 pruned. 
[I 2025-03-23 21:54:51,933] Trial 50 pruned. 
[I 2025-03-23 21:57:20,376] Trial 12 finished with value: 7.534777411533761 and parameters: {'n_units_l0': 2304, 'n_units_l1': 4064, 'n_units_l2': 960, 'n_units_l3': 4032, 'n_units_l4': 96, 'n_units_l5': 288, 'n_units_l6': 1344, 'lr': 0.003518487390120013}. Best is trial 11 with value: 4.418417832062161.
[I 2025-03-23 22:00:57,896] Trial 51 finished with value: 7.429831555990657 and parameters: {'n_units_l0': 96, 'n_units_l1': 1472, 'n_units_l2': 2752, 'n_units_l3': 224, 'n_units_l4': 2048, 'n_units_l5': 1632, 'lr': 0.004907305342728322}. Best is trial 21 with value: 4.168706442182399.
[I 2025-03-23 22:01:05,211] Trial 52 pruned. 
[I 2025-03-23 22:01:19,830] Trial 53 pruned. 
[I 2025-03-23 22:01:23,563] Trial 54 pruned. 
[I 2025-03-23 22:01:27,426] Trial 55 pruned. 
[I 2025-03-23 22:01:31,204] Trial 56 pruned. 
[I 2025-03-23 22:01:45,873] Trial 57 pruned. 
[I 2025-03-23 22:01:49,583] Trial 58 pruned. 
[I 2025-03-23 22:01:55,020] Trial 59 pruned. 
[I 2025-03-23 22:01:58,887] Trial 60 pruned. 
[I 2025-03-23 22:02:06,235] Trial 61 pruned. 
[I 2025-03-23 22:05:55,180] Trial 13 finished with value: 2.5929692732978316 and parameters: {'n_units_l0': 2080, 'n_units_l1': 4096, 'n_units_l2': 1120, 'n_units_l3': 4000, 'n_units_l4': 800, 'n_units_l5': 96, 'n_units_l6': 1312, 'lr': 0.0005098328065285464}. Best is trial 13 with value: 2.5929692732978316.
[I 2025-03-23 22:06:00,305] Trial 14 pruned. 
[I 2025-03-23 22:06:06,613] Trial 15 pruned. 
[I 2025-03-23 22:06:12,874] Trial 16 pruned. 
[I 2025-03-23 22:08:14,900] Trial 62 finished with value: 7.767474623908756 and parameters: {'n_units_l0': 64, 'n_units_l1': 1632, 'n_units_l2': 2304, 'n_units_l3': 576, 'n_units_l4': 2112, 'n_units_l5': 2368, 'lr': 0.003681304546647688}. Best is trial 21 with value: 4.168706442182399.
[I 2025-03-23 22:08:36,970] Trial 63 pruned. 
[I 2025-03-23 22:14:47,286] Trial 64 finished with value: 6.821599702190864 and parameters: {'n_units_l0': 992, 'n_units_l1': 1280, 'n_units_l2': 2048, 'n_units_l3': 768, 'n_units_l4': 1376, 'n_units_l5': 2400, 'lr': 0.003829548988504866}. Best is trial 21 with value: 4.168706442182399.
[I 2025-03-23 22:14:49,273] Trial 17 finished with value: 7.1147138702889965 and parameters: {'n_units_l0': 2048, 'n_units_l1': 1472, 'n_units_l2': 608, 'n_units_l3': 3648, 'n_units_l4': 4000, 'n_units_l5': 64, 'n_units_l6': 1760, 'lr': 0.0008325244830975476}. Best is trial 13 with value: 2.5929692732978316.
[I 2025-03-23 22:14:51,623] Trial 65 pruned. 
[I 2025-03-23 22:14:53,650] Trial 18 pruned. 
[I 2025-03-23 22:14:55,402] Trial 66 pruned. 
[I 2025-03-23 22:14:59,190] Trial 67 pruned. 
[I 2025-03-23 22:15:00,382] Trial 19 pruned. 
[I 2025-03-23 22:15:07,308] Trial 20 pruned. 
[I 2025-03-23 22:15:13,938] Trial 68 pruned. 
[I 2025-03-23 22:15:17,688] Trial 69 pruned. 
[I 2025-03-23 22:15:32,435] Trial 70 pruned. 
[I 2025-03-23 22:21:41,663] Trial 71 finished with value: 9.113743853889147 and parameters: {'n_units_l0': 1920, 'n_units_l1': 960, 'n_units_l2': 1792, 'n_units_l3': 544, 'n_units_l4': 1536, 'n_units_l5': 2208, 'lr': 0.0027596241808742986}. Best is trial 21 with value: 4.168706442182399.
[I 2025-03-23 22:21:49,192] Trial 72 pruned. 
[I 2025-03-23 22:22:18,834] Trial 73 pruned. 
[I 2025-03-23 22:22:22,594] Trial 74 pruned. 
[I 2025-03-23 22:22:26,370] Trial 75 pruned. 
[I 2025-03-23 22:22:30,187] Trial 76 pruned. 
[I 2025-03-23 22:22:33,967] Trial 77 pruned. 
[I 2025-03-23 22:22:37,770] Trial 78 pruned. 
[I 2025-03-23 22:22:41,466] Trial 79 pruned. 
[I 2025-03-23 22:22:45,192] Trial 80 pruned. 
[I 2025-03-23 22:22:52,561] Trial 81 pruned. 
[I 2025-03-23 22:22:59,933] Trial 82 pruned. 
