[I 2025-03-22 11:47:25,877] Trial 78 finished with value: 29.222038243556117 and parameters: {'n_units_l0': 1216, 'n_units_l1': 3456, 'n_units_l2': 512, 'n_units_l3': 32, 'n_units_l4': 3904, 'n_units_l5': 800, 'n_units_l6': 800, 'lr': 0.002675196022584576}. Best is trial 59 with value: 5.407387097205534.
[I 2025-03-22 11:47:26,935] Trial 79 pruned. 
[I 2025-03-22 11:48:21,126] Trial 94 finished with value: 12.76565378425114 and parameters: {'n_units_l0': 192, 'n_units_l1': 3104, 'n_units_l2': 2752, 'n_units_l3': 1888, 'n_units_l4': 992, 'n_units_l5': 1312, 'n_units_l6': 1088, 'n_units_l7': 1824, 'lr': 0.0015877732067673565}. Best is trial 11 with value: 6.659965616917822.
[I 2025-03-22 11:48:22,248] Trial 95 pruned. 
[I 2025-03-22 11:48:24,085] Trial 96 pruned. 
[I 2025-03-22 11:48:26,095] Trial 97 pruned. 
[I 2025-03-22 11:48:27,813] Trial 98 pruned. 
[I 2025-03-22 11:48:29,624] Trial 99 pruned. 
[I 2025-03-22 11:48:29,820] A new study created in memory with name: no-name-26ea5010-85a0-4b53-8961-06505f4b551a
[I 2025-03-22 11:49:09,010] Trial 80 finished with value: 35.970275271982025 and parameters: {'n_units_l0': 608, 'n_units_l1': 3872, 'n_units_l2': 320, 'n_units_l3': 544, 'n_units_l4': 3264, 'n_units_l5': 896, 'n_units_l6': 416, 'lr': 0.00963240133220084}. Best is trial 59 with value: 5.407387097205534.
[I 2025-03-22 11:50:50,761] Trial 81 finished with value: 10.910311635543545 and parameters: {'n_units_l0': 1056, 'n_units_l1': 3680, 'n_units_l2': 160, 'n_units_l3': 928, 'n_units_l4': 4000, 'n_units_l5': 608, 'n_units_l6': 416, 'lr': 0.0028078905083577894}. Best is trial 59 with value: 5.407387097205534.
[I 2025-03-22 11:51:37,234] Trial 0 finished with value: 124.95951379404674 and parameters: {'n_units_l0': 448, 'n_units_l1': 2816, 'n_units_l2': 1952, 'n_units_l3': 4000, 'n_units_l4': 2784, 'n_units_l5': 1408, 'n_units_l6': 704, 'n_units_l7': 416, 'n_units_l8': 1728, 'lr': 0.01067135059955063}. Best is trial 0 with value: 124.95951379404674.
[I 2025-03-22 11:52:32,241] Trial 82 finished with value: 13.839051119655082 and parameters: {'n_units_l0': 1024, 'n_units_l1': 3680, 'n_units_l2': 192, 'n_units_l3': 928, 'n_units_l4': 4000, 'n_units_l5': 512, 'n_units_l6': 224, 'lr': 0.005795267817460654}. Best is trial 59 with value: 5.407387097205534.
[I 2025-03-22 11:52:33,333] Trial 83 pruned. 
[I 2025-03-22 11:52:34,499] Trial 84 pruned. 
[I 2025-03-22 11:53:59,501] Trial 1 finished with value: 124.77033278174122 and parameters: {'n_units_l0': 768, 'n_units_l1': 3232, 'n_units_l2': 1344, 'n_units_l3': 1952, 'n_units_l4': 2432, 'n_units_l5': 448, 'n_units_l6': 3840, 'n_units_l7': 1152, 'n_units_l8': 544, 'lr': 0.06827434523871555}. Best is trial 1 with value: 124.77033278174122.
[I 2025-03-22 11:54:16,607] Trial 85 finished with value: 16.108119349741735 and parameters: {'n_units_l0': 1088, 'n_units_l1': 3008, 'n_units_l2': 704, 'n_units_l3': 704, 'n_units_l4': 3840, 'n_units_l5': 704, 'n_units_l6': 64, 'lr': 0.003010461048430133}. Best is trial 59 with value: 5.407387097205534.
[I 2025-03-22 11:55:57,259] Trial 86 finished with value: 15.359945198616025 and parameters: {'n_units_l0': 800, 'n_units_l1': 3488, 'n_units_l2': 384, 'n_units_l3': 448, 'n_units_l4': 3488, 'n_units_l5': 1088, 'n_units_l6': 256, 'lr': 0.002546950396758574}. Best is trial 59 with value: 5.407387097205534.
[I 2025-03-22 11:56:28,912] Trial 87 pruned. 
[I 2025-03-22 11:56:32,936] Trial 88 pruned. 
[I 2025-03-22 11:56:33,988] Trial 89 pruned. 
[I 2025-03-22 11:56:35,490] Trial 90 pruned. 
[I 2025-03-22 11:56:36,044] Trial 2 finished with value: 124.7687917942012 and parameters: {'n_units_l0': 4064, 'n_units_l1': 1088, 'n_units_l2': 576, 'n_units_l3': 64, 'n_units_l4': 1536, 'n_units_l5': 2144, 'n_units_l6': 736, 'n_units_l7': 3936, 'n_units_l8': 3136, 'lr': 0.06130947030691307}. Best is trial 2 with value: 124.7687917942012.
[I 2025-03-22 11:57:53,959] Trial 91 pruned. 
[I 2025-03-22 11:59:35,585] Trial 92 finished with value: 13.250856198864373 and parameters: {'n_units_l0': 1408, 'n_units_l1': 3712, 'n_units_l2': 448, 'n_units_l3': 640, 'n_units_l4': 4032, 'n_units_l5': 128, 'n_units_l6': 608, 'lr': 0.002052209479977078}. Best is trial 59 with value: 5.407387097205534.
[I 2025-03-22 11:59:54,975] Trial 3 finished with value: 124.76972332318674 and parameters: {'n_units_l0': 1696, 'n_units_l1': 1664, 'n_units_l2': 2048, 'n_units_l3': 1536, 'n_units_l4': 2656, 'n_units_l5': 4032, 'n_units_l6': 1824, 'n_units_l7': 1280, 'n_units_l8': 544, 'lr': 0.00796756739347996}. Best is trial 2 with value: 124.7687917942012.
[I 2025-03-22 12:01:16,528] Trial 93 finished with value: 13.400415115780895 and parameters: {'n_units_l0': 864, 'n_units_l1': 3360, 'n_units_l2': 896, 'n_units_l3': 288, 'n_units_l4': 3616, 'n_units_l5': 192, 'n_units_l6': 544, 'lr': 0.002525199217352792}. Best is trial 59 with value: 5.407387097205534.
[I 2025-03-22 12:01:20,768] Trial 94 pruned. 
[I 2025-03-22 12:01:48,082] Trial 95 pruned. 
[I 2025-03-22 12:02:15,478] Trial 96 pruned. 
[I 2025-03-22 12:02:47,276] Trial 4 finished with value: 356386858.16012996 and parameters: {'n_units_l0': 3552, 'n_units_l1': 256, 'n_units_l2': 2368, 'n_units_l3': 800, 'n_units_l4': 3200, 'n_units_l5': 3968, 'n_units_l6': 1152, 'n_units_l7': 1536, 'n_units_l8': 2464, 'lr': 0.07936393385010973}. Best is trial 2 with value: 124.7687917942012.
[I 2025-03-22 12:03:56,676] Trial 97 finished with value: 16.421904002250972 and parameters: {'n_units_l0': 1152, 'n_units_l1': 3808, 'n_units_l2': 320, 'n_units_l3': 800, 'n_units_l4': 3744, 'n_units_l5': 1344, 'n_units_l6': 672, 'lr': 0.004280802175236441}. Best is trial 59 with value: 5.407387097205534.
[I 2025-03-22 12:05:38,073] Trial 98 finished with value: 6.753271210926877 and parameters: {'n_units_l0': 1728, 'n_units_l1': 3712, 'n_units_l2': 736, 'n_units_l3': 32, 'n_units_l4': 3648, 'n_units_l5': 64, 'n_units_l6': 480, 'lr': 0.00213227465031638}. Best is trial 59 with value: 5.407387097205534.
[I 2025-03-22 12:05:41,183] Trial 99 pruned. 
[I 2025-03-22 12:05:41,359] A new study created in memory with name: no-name-7a30f9f0-9248-46ff-982a-61ead9df507d
[I 2025-03-22 12:05:49,934] Trial 5 finished with value: 124.8068044907815 and parameters: {'n_units_l0': 736, 'n_units_l1': 4064, 'n_units_l2': 3136, 'n_units_l3': 576, 'n_units_l4': 96, 'n_units_l5': 320, 'n_units_l6': 2208, 'n_units_l7': 3744, 'n_units_l8': 1312, 'lr': 0.0737819771883765}. Best is trial 2 with value: 124.7687917942012.
[I 2025-03-22 12:05:52,448] Trial 6 pruned. 
[I 2025-03-22 12:08:03,606] Trial 0 finished with value: 124.8413525064937 and parameters: {'n_units_l0': 32, 'n_units_l1': 960, 'n_units_l2': 1632, 'n_units_l3': 3936, 'n_units_l4': 704, 'n_units_l5': 2592, 'n_units_l6': 864, 'n_units_l7': 96, 'n_units_l8': 3456, 'n_units_l9': 1600, 'lr': 0.020934325911215385}. Best is trial 0 with value: 124.8413525064937.
[I 2025-03-22 12:08:16,515] Trial 7 finished with value: 124.78279070505789 and parameters: {'n_units_l0': 2240, 'n_units_l1': 1728, 'n_units_l2': 544, 'n_units_l3': 3776, 'n_units_l4': 832, 'n_units_l5': 1440, 'n_units_l6': 64, 'n_units_l7': 2976, 'n_units_l8': 3712, 'lr': 0.014913872458443183}. Best is trial 2 with value: 124.7687917942012.
[I 2025-03-22 12:10:25,092] Trial 1 finished with value: 124.87179512086985 and parameters: {'n_units_l0': 3776, 'n_units_l1': 2464, 'n_units_l2': 832, 'n_units_l3': 128, 'n_units_l4': 512, 'n_units_l5': 3232, 'n_units_l6': 1280, 'n_units_l7': 512, 'n_units_l8': 1696, 'n_units_l9': 864, 'lr': 0.08960590603771973}. Best is trial 0 with value: 124.8413525064937.
[I 2025-03-22 12:11:07,076] Trial 8 finished with value: 124.76972657074072 and parameters: {'n_units_l0': 1856, 'n_units_l1': 2176, 'n_units_l2': 384, 'n_units_l3': 2336, 'n_units_l4': 3200, 'n_units_l5': 3360, 'n_units_l6': 736, 'n_units_l7': 1120, 'n_units_l8': 288, 'lr': 0.09078097800981345}. Best is trial 2 with value: 124.7687917942012.
[I 2025-03-22 12:13:38,920] Trial 9 finished with value: 124.77008874610607 and parameters: {'n_units_l0': 480, 'n_units_l1': 4096, 'n_units_l2': 2848, 'n_units_l3': 1312, 'n_units_l4': 224, 'n_units_l5': 1152, 'n_units_l6': 3104, 'n_units_l7': 416, 'n_units_l8': 3648, 'lr': 0.02925258319289445}. Best is trial 2 with value: 124.7687917942012.
[I 2025-03-22 12:13:41,719] Trial 10 pruned. 
[I 2025-03-22 12:13:54,139] Trial 2 finished with value: 124.83375218115732 and parameters: {'n_units_l0': 896, 'n_units_l1': 192, 'n_units_l2': 1376, 'n_units_l3': 3552, 'n_units_l4': 3680, 'n_units_l5': 2848, 'n_units_l6': 1248, 'n_units_l7': 416, 'n_units_l8': 2080, 'n_units_l9': 1152, 'lr': 0.01807967301343664}. Best is trial 2 with value: 124.83375218115732.
[I 2025-03-22 12:14:11,309] Trial 11 pruned. 
[I 2025-03-22 12:14:13,905] Trial 12 pruned. 
[I 2025-03-22 12:14:15,864] Trial 13 pruned. 
[I 2025-03-22 12:16:45,211] Trial 14 finished with value: 14.958755410063606 and parameters: {'n_units_l0': 1280, 'n_units_l1': 736, 'n_units_l2': 64, 'n_units_l3': 1312, 'n_units_l4': 2048, 'n_units_l5': 3392, 'n_units_l6': 2432, 'n_units_l7': 1536, 'n_units_l8': 896, 'lr': 0.0012606709760673226}. Best is trial 14 with value: 14.958755410063606.
[I 2025-03-22 12:17:08,727] Trial 15 pruned. 
[I 2025-03-22 12:18:58,610] Trial 3 finished with value: inf and parameters: {'n_units_l0': 4000, 'n_units_l1': 1600, 'n_units_l2': 1152, 'n_units_l3': 1472, 'n_units_l4': 4096, 'n_units_l5': 2624, 'n_units_l6': 3776, 'n_units_l7': 1824, 'n_units_l8': 3200, 'n_units_l9': 2336, 'lr': 0.08501243496198287}. Best is trial 2 with value: 124.83375218115732.
[I 2025-03-22 12:19:25,768] Trial 16 finished with value: 124.78589691377636 and parameters: {'n_units_l0': 64, 'n_units_l1': 32, 'n_units_l2': 768, 'n_units_l3': 1280, 'n_units_l4': 832, 'n_units_l5': 2048, 'n_units_l6': 3744, 'n_units_l7': 1696, 'n_units_l8': 1664, 'lr': 0.030196191854871948}. Best is trial 14 with value: 14.958755410063606.
[I 2025-03-22 12:22:19,783] Trial 4 finished with value: 124.88838383154629 and parameters: {'n_units_l0': 2176, 'n_units_l1': 1856, 'n_units_l2': 1024, 'n_units_l3': 3392, 'n_units_l4': 2784, 'n_units_l5': 3488, 'n_units_l6': 832, 'n_units_l7': 416, 'n_units_l8': 3584, 'n_units_l9': 224, 'lr': 0.04125233389882916}. Best is trial 2 with value: 124.83375218115732.
[I 2025-03-22 12:22:24,782] Trial 5 pruned. 
[I 2025-03-22 12:22:26,975] Trial 6 pruned. 
[I 2025-03-22 12:22:31,325] Trial 7 pruned. 
[I 2025-03-22 12:22:33,521] Trial 8 pruned. 
[I 2025-03-22 12:22:36,584] Trial 9 pruned. 
[I 2025-03-22 12:23:49,088] Trial 17 finished with value: 5.095475459882525 and parameters: {'n_units_l0': 2848, 'n_units_l1': 736, 'n_units_l2': 768, 'n_units_l3': 960, 'n_units_l4': 2240, 'n_units_l5': 3136, 'n_units_l6': 3264, 'n_units_l7': 3296, 'n_units_l8': 4096, 'lr': 5.034297963038342e-05}. Best is trial 17 with value: 5.095475459882525.
[I 2025-03-22 12:26:35,121] Trial 10 finished with value: 31.375254399874244 and parameters: {'n_units_l0': 2048, 'n_units_l1': 384, 'n_units_l2': 2528, 'n_units_l3': 2656, 'n_units_l4': 1248, 'n_units_l5': 1248, 'n_units_l6': 2176, 'n_units_l7': 3936, 'n_units_l8': 2368, 'n_units_l9': 3200, 'lr': 0.0025594939273206746}. Best is trial 10 with value: 31.375254399874244.
[I 2025-03-22 12:26:37,748] Trial 11 pruned. 
[I 2025-03-22 12:26:39,734] Trial 12 pruned. 
[I 2025-03-22 12:27:17,103] Trial 18 finished with value: 25.36356958273496 and parameters: {'n_units_l0': 2592, 'n_units_l1': 608, 'n_units_l2': 96, 'n_units_l3': 928, 'n_units_l4': 2112, 'n_units_l5': 3360, 'n_units_l6': 3296, 'n_units_l7': 3360, 'n_units_l8': 992, 'lr': 0.0013302917017553703}. Best is trial 17 with value: 5.095475459882525.
[I 2025-03-22 12:29:34,790] Trial 13 finished with value: 34.3698085761711 and parameters: {'n_units_l0': 2976, 'n_units_l1': 832, 'n_units_l2': 2464, 'n_units_l3': 3168, 'n_units_l4': 1568, 'n_units_l5': 64, 'n_units_l6': 96, 'n_units_l7': 928, 'n_units_l8': 2912, 'n_units_l9': 2848, 'lr': 0.0044022124323191796}. Best is trial 10 with value: 31.375254399874244.
[I 2025-03-22 12:31:47,551] Trial 19 finished with value: 7.656416755874759 and parameters: {'n_units_l0': 3200, 'n_units_l1': 2592, 'n_units_l2': 960, 'n_units_l3': 2272, 'n_units_l4': 3936, 'n_units_l5': 3520, 'n_units_l6': 4096, 'n_units_l7': 32, 'n_units_l8': 32, 'lr': 0.0005588930585009747}. Best is trial 17 with value: 5.095475459882525.
[I 2025-03-22 12:31:50,845] Trial 20 pruned. 
[I 2025-03-22 12:32:14,707] Trial 14 finished with value: 31.807214522080418 and parameters: {'n_units_l0': 2912, 'n_units_l1': 960, 'n_units_l2': 2752, 'n_units_l3': 2112, 'n_units_l4': 1408, 'n_units_l5': 96, 'n_units_l6': 128, 'n_units_l7': 992, 'n_units_l8': 2816, 'n_units_l9': 2912, 'lr': 0.004295299509460242}. Best is trial 10 with value: 31.375254399874244.
[I 2025-03-22 12:32:17,373] Trial 15 pruned. 
[I 2025-03-22 12:32:18,773] Trial 16 pruned. 
[I 2025-03-22 12:36:09,385] Trial 17 finished with value: 6.2858694346672275 and parameters: {'n_units_l0': 1664, 'n_units_l1': 416, 'n_units_l2': 2176, 'n_units_l3': 1088, 'n_units_l4': 1728, 'n_units_l5': 32, 'n_units_l6': 2464, 'n_units_l7': 3296, 'n_units_l8': 3936, 'n_units_l9': 3392, 'lr': 0.0002345823891710024}. Best is trial 17 with value: 6.2858694346672275.
[I 2025-03-22 12:36:09,813] Trial 21 finished with value: 4.611209227980969 and parameters: {'n_units_l0': 2336, 'n_units_l1': 3328, 'n_units_l2': 960, 'n_units_l3': 3264, 'n_units_l4': 3296, 'n_units_l5': 3328, 'n_units_l6': 3392, 'n_units_l7': 64, 'n_units_l8': 32, 'lr': 0.0006195541502943997}. Best is trial 21 with value: 4.611209227980969.
[I 2025-03-22 12:36:12,290] Trial 18 pruned. 
[I 2025-03-22 12:36:12,935] Trial 22 pruned. 
[I 2025-03-22 12:36:15,375] Trial 19 pruned. 
[I 2025-03-22 12:36:16,151] Trial 23 pruned. 
[I 2025-03-22 12:36:18,616] Trial 20 pruned. 
[I 2025-03-22 12:36:21,296] Trial 21 pruned. 
[I 2025-03-22 12:36:23,525] Trial 22 pruned. 
[I 2025-03-22 12:39:51,570] Trial 23 finished with value: 6.512608352517762 and parameters: {'n_units_l0': 2496, 'n_units_l1': 1088, 'n_units_l2': 3328, 'n_units_l3': 1984, 'n_units_l4': 640, 'n_units_l5': 896, 'n_units_l6': 2784, 'n_units_l7': 2240, 'n_units_l8': 2112, 'n_units_l9': 3392, 'lr': 0.00041442016611356326}. Best is trial 17 with value: 6.2858694346672275.
[I 2025-03-22 12:39:53,293] Trial 24 pruned. 
[I 2025-03-22 12:40:00,163] Trial 25 pruned. 
[I 2025-03-22 12:40:02,010] Trial 26 pruned. 
[I 2025-03-22 12:40:07,356] Trial 27 pruned. 
[I 2025-03-22 12:40:09,752] Trial 28 pruned. 
[I 2025-03-22 12:40:11,876] Trial 29 pruned. 
[I 2025-03-22 12:41:13,068] Trial 24 finished with value: 9.721322988147719 and parameters: {'n_units_l0': 2912, 'n_units_l1': 3232, 'n_units_l2': 1664, 'n_units_l3': 2880, 'n_units_l4': 3584, 'n_units_l5': 2944, 'n_units_l6': 3584, 'n_units_l7': 800, 'n_units_l8': 1536, 'lr': 0.0007980051504479288}. Best is trial 21 with value: 4.611209227980969.
[I 2025-03-22 12:41:15,820] Trial 25 pruned. 
[I 2025-03-22 12:41:19,424] Trial 26 pruned. 
[I 2025-03-22 12:41:22,068] Trial 27 pruned. 
[I 2025-03-22 12:41:24,779] Trial 28 pruned. 
[I 2025-03-22 12:41:27,716] Trial 29 pruned. 
[I 2025-03-22 12:41:30,995] Trial 30 pruned. 
[I 2025-03-22 12:43:11,341] Trial 30 finished with value: 6.896923446739551 and parameters: {'n_units_l0': 1344, 'n_units_l1': 2144, 'n_units_l2': 1856, 'n_units_l3': 640, 'n_units_l4': 864, 'n_units_l5': 448, 'n_units_l6': 3616, 'n_units_l7': 2368, 'n_units_l8': 1696, 'n_units_l9': 3776, 'lr': 0.0014532063115386476}. Best is trial 17 with value: 6.2858694346672275.
[I 2025-03-22 12:43:13,310] Trial 31 pruned. 
[I 2025-03-22 12:46:08,535] Trial 32 finished with value: 32.734688949366834 and parameters: {'n_units_l0': 2080, 'n_units_l1': 3136, 'n_units_l2': 1920, 'n_units_l3': 704, 'n_units_l4': 416, 'n_units_l5': 256, 'n_units_l6': 4000, 'n_units_l7': 1856, 'n_units_l8': 1056, 'n_units_l9': 3616, 'lr': 0.0026096779608126507}. Best is trial 17 with value: 6.2858694346672275.
[I 2025-03-22 12:46:10,311] Trial 33 pruned. 
[I 2025-03-22 12:46:21,357] Trial 31 finished with value: 6.815797781172946 and parameters: {'n_units_l0': 2880, 'n_units_l1': 3424, 'n_units_l2': 1760, 'n_units_l3': 3008, 'n_units_l4': 3584, 'n_units_l5': 2784, 'n_units_l6': 3648, 'n_units_l7': 352, 'n_units_l8': 1568, 'lr': 0.0008821359025085674}. Best is trial 21 with value: 4.611209227980969.
[I 2025-03-22 12:46:24,919] Trial 32 pruned. 
[I 2025-03-22 12:46:27,893] Trial 33 pruned. 
[I 2025-03-22 12:48:49,912] Trial 34 finished with value: 5.93796173519966 and parameters: {'n_units_l0': 1472, 'n_units_l1': 288, 'n_units_l2': 1344, 'n_units_l3': 1184, 'n_units_l4': 1312, 'n_units_l5': 1312, 'n_units_l6': 1920, 'n_units_l7': 3264, 'n_units_l8': 1536, 'n_units_l9': 3648, 'lr': 0.0009656667920172133}. Best is trial 34 with value: 5.93796173519966.
[I 2025-03-22 12:48:51,809] Trial 35 pruned. 
[I 2025-03-22 12:48:54,383] Trial 36 pruned. 
[I 2025-03-22 12:48:55,880] Trial 37 pruned. 
[I 2025-03-22 12:48:57,714] Trial 38 pruned. 
[I 2025-03-22 12:48:58,928] Trial 39 pruned. 
[I 2025-03-22 12:49:00,341] Trial 40 pruned. 
[I 2025-03-22 12:49:03,115] Trial 41 pruned. 
[I 2025-03-22 12:49:06,932] Trial 42 pruned. 
[I 2025-03-22 12:49:08,933] Trial 43 pruned. 
[I 2025-03-22 12:49:10,468] Trial 44 pruned. 
[I 2025-03-22 12:49:15,737] Trial 45 pruned. 
[I 2025-03-22 12:49:18,995] Trial 46 pruned. 
[I 2025-03-22 12:49:21,006] Trial 47 pruned. 
[I 2025-03-22 12:49:22,994] Trial 48 pruned. 
[I 2025-03-22 12:49:25,925] Trial 49 pruned. 
[I 2025-03-22 12:49:28,017] Trial 50 pruned. 
[I 2025-03-22 12:49:29,814] Trial 51 pruned. 
[I 2025-03-22 12:49:32,186] Trial 52 pruned. 
[I 2025-03-22 12:49:34,006] Trial 53 pruned. 
[I 2025-03-22 12:50:35,832] Trial 34 finished with value: 6.808205685573692 and parameters: {'n_units_l0': 3008, 'n_units_l1': 3072, 'n_units_l2': 1088, 'n_units_l3': 2144, 'n_units_l4': 2944, 'n_units_l5': 3232, 'n_units_l6': 3840, 'n_units_l7': 352, 'n_units_l8': 1376, 'lr': 0.00025296258839729163}. Best is trial 21 with value: 4.611209227980969.
[I 2025-03-22 12:54:13,303] Trial 54 finished with value: 9.525782283777605 and parameters: {'n_units_l0': 2752, 'n_units_l1': 736, 'n_units_l2': 2560, 'n_units_l3': 2560, 'n_units_l4': 1344, 'n_units_l5': 3648, 'n_units_l6': 3456, 'n_units_l7': 1120, 'n_units_l8': 3872, 'n_units_l9': 2880, 'lr': 0.0005746839411352432}. Best is trial 34 with value: 5.93796173519966.
[I 2025-03-22 12:54:16,635] Trial 55 pruned. 
[I 2025-03-22 12:54:20,294] Trial 56 pruned. 
[I 2025-03-22 12:54:22,512] Trial 57 pruned. 
[I 2025-03-22 12:54:25,540] Trial 58 pruned. 
[I 2025-03-22 12:54:28,579] Trial 35 finished with value: 124.986931026245 and parameters: {'n_units_l0': 2048, 'n_units_l1': 3072, 'n_units_l2': 1440, 'n_units_l3': 1664, 'n_units_l4': 2912, 'n_units_l5': 3232, 'n_units_l6': 3488, 'n_units_l7': 512, 'n_units_l8': 1824, 'lr': 0.006655725750732486}. Best is trial 21 with value: 4.611209227980969.
[I 2025-03-22 12:54:29,024] Trial 59 pruned. 
[I 2025-03-22 12:54:31,708] Trial 36 pruned. 
[I 2025-03-22 12:54:32,100] Trial 60 pruned. 
[I 2025-03-22 12:54:33,783] Trial 61 pruned. 
[I 2025-03-22 12:54:36,016] Trial 62 pruned. 
[I 2025-03-22 12:54:38,637] Trial 63 pruned. 
[I 2025-03-22 12:54:40,337] Trial 64 pruned. 
[I 2025-03-22 12:54:42,042] Trial 65 pruned. 
[I 2025-03-22 12:54:43,925] Trial 66 pruned. 
[I 2025-03-22 12:54:46,135] Trial 67 pruned. 
[I 2025-03-22 12:54:48,377] Trial 68 pruned. 
[I 2025-03-22 12:54:51,158] Trial 69 pruned. 
[I 2025-03-22 12:54:54,054] Trial 70 pruned. 
[I 2025-03-22 12:54:59,449] Trial 71 pruned. 
[I 2025-03-22 12:55:01,488] Trial 72 pruned. 
[I 2025-03-22 12:55:03,748] Trial 73 pruned. 
[I 2025-03-22 12:55:05,487] Trial 74 pruned. 
[I 2025-03-22 12:55:07,175] Trial 75 pruned. 
[I 2025-03-22 12:55:09,682] Trial 76 pruned. 
[I 2025-03-22 12:55:12,544] Trial 77 pruned. 
[I 2025-03-22 12:55:14,748] Trial 78 pruned. 
[I 2025-03-22 12:55:16,055] Trial 79 pruned. 
[I 2025-03-22 12:55:18,096] Trial 80 pruned. 
[I 2025-03-22 12:55:20,149] Trial 81 pruned. 
[I 2025-03-22 12:55:22,008] Trial 82 pruned. 
[I 2025-03-22 12:55:23,669] Trial 83 pruned. 
[I 2025-03-22 12:55:26,438] Trial 84 pruned. 
[I 2025-03-22 12:55:29,524] Trial 85 pruned. 
[I 2025-03-22 12:55:30,750] Trial 86 pruned. 
[I 2025-03-22 12:55:32,572] Trial 87 pruned. 
[I 2025-03-22 12:55:34,189] Trial 88 pruned. 
[I 2025-03-22 12:55:36,350] Trial 89 pruned. 
[I 2025-03-22 12:55:40,666] Trial 90 pruned. 
[I 2025-03-22 12:55:43,278] Trial 91 pruned. 
[I 2025-03-22 12:55:45,268] Trial 92 pruned. 
[I 2025-03-22 12:55:47,854] Trial 93 pruned. 
[I 2025-03-22 12:55:50,774] Trial 94 pruned. 
[I 2025-03-22 12:55:53,041] Trial 95 pruned. 
[I 2025-03-22 12:55:55,274] Trial 96 pruned. 
[I 2025-03-22 12:55:57,658] Trial 97 pruned. 
[I 2025-03-22 12:56:00,697] Trial 98 pruned. 
[I 2025-03-22 12:56:02,698] Trial 99 pruned. 
[I 2025-03-22 12:56:02,904] A new study created in memory with name: no-name-a04d0ff4-9fb4-467f-84ba-dc526da0312c
[I 2025-03-22 12:58:13,332] Trial 37 finished with value: 124.8026843289135 and parameters: {'n_units_l0': 2528, 'n_units_l1': 3808, 'n_units_l2': 1120, 'n_units_l3': 1824, 'n_units_l4': 2656, 'n_units_l5': 2784, 'n_units_l6': 2368, 'n_units_l7': 1312, 'n_units_l8': 1248, 'lr': 0.02342763159233941}. Best is trial 21 with value: 4.611209227980969.
[I 2025-03-22 12:58:16,184] Trial 38 pruned. 
[I 2025-03-22 12:58:43,275] Trial 0 finished with value: 124.91455520817773 and parameters: {'n_units_l0': 2368, 'n_units_l1': 736, 'n_units_l2': 3488, 'n_units_l3': 2112, 'n_units_l4': 1344, 'n_units_l5': 1824, 'n_units_l6': 1792, 'n_units_l7': 1952, 'n_units_l8': 128, 'n_units_l9': 160, 'n_units_l10': 2464, 'lr': 0.050910729018168455}. Best is trial 0 with value: 124.91455520817773.
