[I 2025-03-24 08:45:25,185] Trial 41 finished with value: 6.490236388079923 and parameters: {'n_units_l0': 2976, 'n_units_l1': 1120, 'n_units_l2': 3296, 'n_units_l3': 1632, 'n_units_l4': 3008, 'n_units_l5': 1600, 'n_units_l6': 3584, 'n_units_l7': 864, 'n_units_l8': 672, 'n_units_l9': 1536, 'n_units_l10': 3616, 'lr': 0.000453273831042994}. Best is trial 36 with value: 2.7408646370300804.
[I 2025-03-24 08:45:54,232] Trial 42 pruned. 
[I 2025-03-24 08:46:05,505] Trial 43 pruned. 
[I 2025-03-24 08:46:12,932] Trial 44 pruned. 
[I 2025-03-24 08:46:23,003] Trial 45 pruned. 
[I 2025-03-24 08:48:26,533] Trial 64 finished with value: 29.532417819655617 and parameters: {'n_units_l0': 1856, 'n_units_l1': 640, 'n_units_l2': 736, 'n_units_l3': 704, 'n_units_l4': 2752, 'n_units_l5': 2976, 'n_units_l6': 3808, 'n_units_l7': 2720, 'n_units_l8': 960, 'n_units_l9': 3840, 'lr': 0.004791975858430359}. Best is trial 63 with value: 2.9520065619587452.
[I 2025-03-24 08:48:36,530] Trial 65 pruned. 
[I 2025-03-24 08:48:47,040] Trial 66 pruned. 
[I 2025-03-24 08:48:57,075] Trial 67 pruned. 
[I 2025-03-24 08:49:04,818] Trial 68 pruned. 
[I 2025-03-24 08:49:16,191] Trial 69 pruned. 
[I 2025-03-24 08:57:57,248] Trial 46 finished with value: 4.1990896548846175 and parameters: {'n_units_l0': 2656, 'n_units_l1': 1472, 'n_units_l2': 3296, 'n_units_l3': 768, 'n_units_l4': 1888, 'n_units_l5': 1024, 'n_units_l6': 2304, 'n_units_l7': 416, 'n_units_l8': 2272, 'n_units_l9': 1536, 'n_units_l10': 3648, 'lr': 0.00028115554013929473}. Best is trial 36 with value: 2.7408646370300804.
[I 2025-03-24 08:58:03,989] Trial 47 pruned. 
[I 2025-03-24 08:58:17,062] Trial 48 pruned. 
[I 2025-03-24 08:58:23,792] Trial 49 pruned. 
[I 2025-03-24 08:58:28,534] Trial 50 pruned. 
[I 2025-03-24 09:00:13,537] Trial 51 pruned. 
[I 2025-03-24 09:00:21,545] Trial 52 pruned. 
[I 2025-03-24 09:00:30,064] Trial 53 pruned. 
[I 2025-03-24 09:00:41,048] Trial 54 pruned. 
[I 2025-03-24 09:00:59,285] Trial 55 pruned. 
[I 2025-03-24 09:01:07,915] Trial 56 pruned. 
[I 2025-03-24 09:01:17,845] Trial 57 pruned. 
[I 2025-03-24 09:01:27,536] Trial 58 pruned. 
[I 2025-03-24 09:01:33,579] Trial 59 pruned. 
[I 2025-03-24 09:01:43,613] Trial 60 pruned. 
[I 2025-03-24 09:01:53,771] Trial 61 pruned. 
[I 2025-03-24 09:02:14,310] Trial 62 pruned. 
[I 2025-03-24 09:03:45,116] Trial 70 finished with value: 32.43156972598275 and parameters: {'n_units_l0': 2240, 'n_units_l1': 320, 'n_units_l2': 832, 'n_units_l3': 416, 'n_units_l4': 2720, 'n_units_l5': 4096, 'n_units_l6': 3360, 'n_units_l7': 2848, 'n_units_l8': 288, 'n_units_l9': 3872, 'lr': 0.003552106583298468}. Best is trial 63 with value: 2.9520065619587452.
[I 2025-03-24 09:03:56,315] Trial 71 pruned. 
[I 2025-03-24 09:19:49,682] Trial 63 finished with value: 3.6228392831210434 and parameters: {'n_units_l0': 2336, 'n_units_l1': 2240, 'n_units_l2': 3520, 'n_units_l3': 1568, 'n_units_l4': 3360, 'n_units_l5': 2144, 'n_units_l6': 3392, 'n_units_l7': 640, 'n_units_l8': 1216, 'n_units_l9': 1280, 'n_units_l10': 3584, 'lr': 0.0004253412794062}. Best is trial 36 with value: 2.7408646370300804.
[I 2025-03-24 09:20:00,902] Trial 64 pruned. 
[I 2025-03-24 09:20:11,144] Trial 72 finished with value: 6.690263811935747 and parameters: {'n_units_l0': 1920, 'n_units_l1': 736, 'n_units_l2': 1344, 'n_units_l3': 1120, 'n_units_l4': 3200, 'n_units_l5': 3488, 'n_units_l6': 3776, 'n_units_l7': 3232, 'n_units_l8': 64, 'n_units_l9': 3040, 'lr': 0.00038941955008719043}. Best is trial 63 with value: 2.9520065619587452.
[I 2025-03-24 09:20:21,739] Trial 73 pruned. 
[I 2025-03-24 09:20:40,654] Trial 65 pruned. 
[I 2025-03-24 09:20:45,593] Trial 66 pruned. 
[I 2025-03-24 09:20:54,851] Trial 74 pruned. 
[I 2025-03-24 09:20:55,495] Trial 67 pruned. 
[I 2025-03-24 09:21:03,766] Trial 68 pruned. 
[I 2025-03-24 09:21:05,774] Trial 75 pruned. 
[I 2025-03-24 09:21:15,090] Trial 76 pruned. 
[I 2025-03-24 09:21:22,968] Trial 69 pruned. 
[I 2025-03-24 09:21:23,554] Trial 77 pruned. 
[I 2025-03-24 09:21:33,206] Trial 70 pruned. 
[I 2025-03-24 09:21:43,340] Trial 71 pruned. 
[I 2025-03-24 09:22:00,773] Trial 72 pruned. 
[I 2025-03-24 09:22:11,439] Trial 73 pruned. 
[I 2025-03-24 09:22:21,450] Trial 74 pruned. 
[I 2025-03-24 09:22:31,615] Trial 75 pruned. 
[I 2025-03-24 09:22:46,150] Trial 76 pruned. 
[I 2025-03-24 09:22:54,842] Trial 77 pruned. 
[I 2025-03-24 09:23:03,022] Trial 78 pruned. 
[I 2025-03-24 09:23:10,281] Trial 79 pruned. 
[I 2025-03-24 09:23:52,254] Trial 80 pruned. 
[I 2025-03-24 09:25:00,226] Trial 81 pruned. 
[I 2025-03-24 09:25:12,696] Trial 82 pruned. 
[I 2025-03-24 09:26:12,006] Trial 83 pruned. 
[I 2025-03-24 09:26:23,493] Trial 84 pruned. 
[I 2025-03-24 09:26:35,090] Trial 85 pruned. 
[I 2025-03-24 09:26:45,563] Trial 86 pruned. 
[I 2025-03-24 09:26:55,107] Trial 87 pruned. 
[I 2025-03-24 09:27:05,432] Trial 88 pruned. 
[I 2025-03-24 09:27:40,678] Trial 89 pruned. 
[I 2025-03-24 09:27:48,488] Trial 90 pruned. 
[I 2025-03-24 09:28:36,164] Trial 91 pruned. 
[I 2025-03-24 09:28:49,729] Trial 92 pruned. 
[I 2025-03-24 09:29:03,302] Trial 93 pruned. 
[I 2025-03-24 09:29:13,386] Trial 94 pruned. 
[I 2025-03-24 09:29:21,824] Trial 95 pruned. 
[I 2025-03-24 09:30:15,849] Trial 96 pruned. 
[I 2025-03-24 09:30:27,752] Trial 97 pruned. 
[I 2025-03-24 09:30:32,275] Trial 78 finished with value: 8.78054343916947 and parameters: {'n_units_l0': 1728, 'n_units_l1': 960, 'n_units_l2': 1472, 'n_units_l3': 1088, 'n_units_l4': 1440, 'n_units_l5': 2336, 'n_units_l6': 1216, 'n_units_l7': 2976, 'n_units_l8': 640, 'n_units_l9': 3808, 'lr': 0.00249686818337989}. Best is trial 63 with value: 2.9520065619587452.
[I 2025-03-24 09:30:35,298] Trial 98 pruned. 
[I 2025-03-24 09:30:43,294] Trial 79 pruned. 
[I 2025-03-24 09:30:48,119] Trial 80 pruned. 
[I 2025-03-24 09:30:48,520] Trial 99 pruned. 
[I 2025-03-24 09:30:49,056] A new study created in memory with name: no-name-cb4ca1b4-9122-4b88-a63c-20c586363024
[I 2025-03-24 09:30:58,474] Trial 81 pruned. 
[I 2025-03-24 09:31:08,599] Trial 82 pruned. 
[I 2025-03-24 09:33:18,877] Trial 83 pruned. 
[I 2025-03-24 09:33:29,068] Trial 84 pruned. 
[I 2025-03-24 09:33:39,478] Trial 85 pruned. 
[I 2025-03-24 09:48:57,235] Trial 86 finished with value: 7.8965180069616885 and parameters: {'n_units_l0': 2592, 'n_units_l1': 928, 'n_units_l2': 800, 'n_units_l3': 928, 'n_units_l4': 1600, 'n_units_l5': 4096, 'n_units_l6': 3904, 'n_units_l7': 3264, 'n_units_l8': 224, 'n_units_l9': 4000, 'lr': 0.002137764541992354}. Best is trial 63 with value: 2.9520065619587452.
[I 2025-03-24 09:49:05,185] Trial 87 pruned. 
[I 2025-03-24 09:49:15,206] Trial 88 pruned. 
[I 2025-03-24 09:49:25,216] Trial 89 pruned. 
[I 2025-03-24 09:49:34,416] Trial 90 pruned. 
[I 2025-03-24 09:50:38,562] Trial 91 pruned. 
[I 2025-03-24 09:50:46,533] Trial 92 pruned. 
[I 2025-03-24 09:58:37,776] Trial 0 finished with value: inf and parameters: {'n_units_l0': 4064, 'n_units_l1': 544, 'n_units_l2': 2656, 'n_units_l3': 2464, 'n_units_l4': 3648, 'n_units_l5': 3616, 'n_units_l6': 2848, 'n_units_l7': 3520, 'n_units_l8': 3744, 'n_units_l9': 3200, 'n_units_l10': 896, 'n_units_l11': 64, 'lr': 0.0981004039927383}. Best is trial 0 with value: inf.
[I 2025-03-24 10:04:30,535] Trial 93 finished with value: 9.92956507972373 and parameters: {'n_units_l0': 1056, 'n_units_l1': 1568, 'n_units_l2': 416, 'n_units_l3': 192, 'n_units_l4': 3616, 'n_units_l5': 2144, 'n_units_l6': 3840, 'n_units_l7': 3680, 'n_units_l8': 448, 'n_units_l9': 3680, 'lr': 0.0016423815076558098}. Best is trial 63 with value: 2.9520065619587452.
[I 2025-03-24 10:04:37,950] Trial 94 pruned. 
[I 2025-03-24 10:18:49,859] Trial 95 finished with value: 3.3856619569730158 and parameters: {'n_units_l0': 1504, 'n_units_l1': 1408, 'n_units_l2': 512, 'n_units_l3': 32, 'n_units_l4': 3328, 'n_units_l5': 2432, 'n_units_l6': 4096, 'n_units_l7': 4096, 'n_units_l8': 32, 'n_units_l9': 3840, 'lr': 0.00018794144792574018}. Best is trial 63 with value: 2.9520065619587452.
[I 2025-03-24 10:18:59,497] Trial 96 pruned. 
[I 2025-03-24 10:19:07,631] Trial 97 pruned. 
[I 2025-03-24 10:19:17,812] Trial 98 pruned. 
[I 2025-03-24 10:19:29,103] Trial 99 pruned. 
[I 2025-03-24 10:19:29,902] A new study created in memory with name: no-name-e9be1a23-5f55-4fdb-b05a-2034205d454b
[I 2025-03-24 10:21:35,631] Trial 1 finished with value: inf and parameters: {'n_units_l0': 608, 'n_units_l1': 2880, 'n_units_l2': 3968, 'n_units_l3': 3104, 'n_units_l4': 2112, 'n_units_l5': 1856, 'n_units_l6': 800, 'n_units_l7': 4096, 'n_units_l8': 1632, 'n_units_l9': 1056, 'n_units_l10': 3392, 'n_units_l11': 3808, 'lr': 0.05820154819226197}. Best is trial 0 with value: inf.
[I 2025-03-24 10:27:10,775] Trial 0 finished with value: 124.92233796277995 and parameters: {'n_units_l0': 3712, 'n_units_l1': 4096, 'lr': 0.07662962983366339}. Best is trial 0 with value: 124.92233796277995.
[I 2025-03-24 10:33:09,737] Trial 2 finished with value: 124.79754165522327 and parameters: {'n_units_l0': 896, 'n_units_l1': 704, 'n_units_l2': 2816, 'n_units_l3': 1664, 'n_units_l4': 1952, 'n_units_l5': 1984, 'n_units_l6': 704, 'n_units_l7': 3104, 'n_units_l8': 2016, 'n_units_l9': 1472, 'n_units_l10': 32, 'n_units_l11': 2592, 'lr': 0.054128777448501524}. Best is trial 2 with value: 124.79754165522327.
[I 2025-03-24 10:34:45,976] Trial 1 finished with value: 52.792481794789424 and parameters: {'n_units_l0': 2656, 'n_units_l1': 2272, 'lr': 0.04708940105668703}. Best is trial 1 with value: 52.792481794789424.
[I 2025-03-24 10:42:14,439] Trial 2 finished with value: 16.04737745402327 and parameters: {'n_units_l0': 832, 'n_units_l1': 1568, 'lr': 0.0258488132070198}. Best is trial 2 with value: 16.04737745402327.
[I 2025-03-24 10:49:45,065] Trial 3 finished with value: 18.11524224514113 and parameters: {'n_units_l0': 3712, 'n_units_l1': 864, 'lr': 0.023906333916912072}. Best is trial 2 with value: 16.04737745402327.
[I 2025-03-24 10:54:44,477] Trial 3 finished with value: inf and parameters: {'n_units_l0': 2656, 'n_units_l1': 3552, 'n_units_l2': 1280, 'n_units_l3': 1792, 'n_units_l4': 1440, 'n_units_l5': 3360, 'n_units_l6': 2592, 'n_units_l7': 3648, 'n_units_l8': 3232, 'n_units_l9': 832, 'n_units_l10': 1152, 'n_units_l11': 2560, 'lr': 0.0907796875628346}. Best is trial 2 with value: 124.79754165522327.
[I 2025-03-24 10:57:15,295] Trial 4 finished with value: 48.058303808867144 and parameters: {'n_units_l0': 3936, 'n_units_l1': 1920, 'lr': 0.09055536190838336}. Best is trial 2 with value: 16.04737745402327.
[I 2025-03-24 10:57:19,738] Trial 5 pruned. 
[I 2025-03-24 10:57:42,251] Trial 6 pruned. 
[I 2025-03-24 10:58:04,967] Trial 7 pruned. 
[I 2025-03-24 10:58:09,564] Trial 8 pruned. 
[I 2025-03-24 10:58:14,172] Trial 9 pruned. 
[I 2025-03-24 11:05:46,466] Trial 10 finished with value: 9.851698401847349 and parameters: {'n_units_l0': 64, 'n_units_l1': 1280, 'lr': 0.003519640573928902}. Best is trial 10 with value: 9.851698401847349.
[I 2025-03-24 11:05:51,109] Trial 11 pruned. 
[I 2025-03-24 11:05:55,549] Trial 12 pruned. 
[I 2025-03-24 11:06:00,063] Trial 13 pruned. 
[I 2025-03-24 11:06:04,514] Trial 14 pruned. 
[I 2025-03-24 11:06:09,037] Trial 15 pruned. 
[I 2025-03-24 11:07:45,491] Trial 4 finished with value: inf and parameters: {'n_units_l0': 1664, 'n_units_l1': 192, 'n_units_l2': 1376, 'n_units_l3': 3872, 'n_units_l4': 2048, 'n_units_l5': 3328, 'n_units_l6': 1312, 'n_units_l7': 2688, 'n_units_l8': 672, 'n_units_l9': 2240, 'n_units_l10': 96, 'n_units_l11': 2400, 'lr': 0.07385722868514338}. Best is trial 2 with value: 124.79754165522327.
/trinity/home/fisheye/.local/lib/python3.9/site-packages/numpy/lib/function_base.py:4527: RuntimeWarning: invalid value encountered in subtract
  diff_b_a = subtract(b, a)
[I 2025-03-24 11:13:40,324] Trial 16 finished with value: 12.410106940977464 and parameters: {'n_units_l0': 1632, 'n_units_l1': 768, 'lr': 0.010147977000488211}. Best is trial 10 with value: 9.851698401847349.
[I 2025-03-24 11:21:12,007] Trial 17 finished with value: 11.65042795052194 and parameters: {'n_units_l0': 3040, 'n_units_l1': 736, 'lr': 0.010441978366712729}. Best is trial 10 with value: 9.851698401847349.
[I 2025-03-24 11:22:46,930] Trial 18 pruned. 
[I 2025-03-24 11:22:51,495] Trial 19 pruned. 
[I 2025-03-24 11:23:09,411] Trial 20 pruned. 
[I 2025-03-24 11:24:43,521] Trial 21 pruned. 
[I 2025-03-24 11:24:56,938] Trial 22 pruned. 
[I 2025-03-24 11:25:01,510] Trial 23 pruned. 
[I 2025-03-24 11:25:05,947] Trial 24 pruned. 
[I 2025-03-24 11:25:10,512] Trial 25 pruned. 
[I 2025-03-24 11:25:14,925] Trial 26 pruned. 
[I 2025-03-24 11:25:19,589] Trial 27 pruned. 
[I 2025-03-24 11:25:24,072] Trial 28 pruned. 
[I 2025-03-24 11:25:28,679] Trial 29 pruned. 
[I 2025-03-24 11:25:33,302] Trial 30 pruned. 
[I 2025-03-24 11:26:31,717] Trial 31 pruned. 
[I 2025-03-24 11:27:30,609] Trial 32 pruned. 
[I 2025-03-24 11:27:35,149] Trial 33 pruned. 
[I 2025-03-24 11:27:39,585] Trial 34 pruned. 
[I 2025-03-24 11:29:09,984] Trial 5 finished with value: inf and parameters: {'n_units_l0': 2688, 'n_units_l1': 3072, 'n_units_l2': 2176, 'n_units_l3': 3808, 'n_units_l4': 3840, 'n_units_l5': 2784, 'n_units_l6': 160, 'n_units_l7': 2272, 'n_units_l8': 2080, 'n_units_l9': 1632, 'n_units_l10': 1088, 'n_units_l11': 1632, 'lr': 0.05272724752455879}. Best is trial 2 with value: 124.79754165522327.
[I 2025-03-24 11:35:10,236] Trial 35 finished with value: 11.017600179340354 and parameters: {'n_units_l0': 640, 'n_units_l1': 2816, 'lr': 0.006027012559487644}. Best is trial 10 with value: 9.851698401847349.
[I 2025-03-24 11:35:23,603] Trial 36 pruned. 
[I 2025-03-24 11:35:28,175] Trial 37 pruned. 
[I 2025-03-24 11:35:32,704] Trial 38 pruned. 
[I 2025-03-24 11:35:37,286] Trial 39 pruned. 
[I 2025-03-24 11:35:41,726] Trial 40 pruned. 
[I 2025-03-24 11:35:46,258] Trial 41 pruned. 
[I 2025-03-24 11:35:50,772] Trial 42 pruned. 
[I 2025-03-24 11:43:21,889] Trial 43 finished with value: 11.287337832700407 and parameters: {'n_units_l0': 32, 'n_units_l1': 1504, 'lr': 0.006008878823877479}. Best is trial 10 with value: 9.851698401847349.
[I 2025-03-24 11:43:26,475] Trial 44 pruned. 
[I 2025-03-24 11:43:31,077] Trial 45 pruned. 
[I 2025-03-24 11:43:35,745] Trial 46 pruned. 
[I 2025-03-24 11:43:40,252] Trial 47 pruned. 
[I 2025-03-24 11:43:44,794] Trial 48 pruned. 
[I 2025-03-24 11:48:57,209] Trial 6 finished with value: inf and parameters: {'n_units_l0': 2464, 'n_units_l1': 1824, 'n_units_l2': 2464, 'n_units_l3': 3424, 'n_units_l4': 608, 'n_units_l5': 992, 'n_units_l6': 3584, 'n_units_l7': 2720, 'n_units_l8': 3936, 'n_units_l9': 640, 'n_units_l10': 2720, 'n_units_l11': 2464, 'lr': 0.07348396812955393}. Best is trial 2 with value: 124.79754165522327.
[I 2025-03-24 11:51:16,905] Trial 49 finished with value: 16.428069856547005 and parameters: {'n_units_l0': 768, 'n_units_l1': 2464, 'lr': 0.003035897584118739}. Best is trial 10 with value: 9.851698401847349.
[I 2025-03-24 11:51:21,317] Trial 50 pruned. 
[I 2025-03-24 11:51:25,892] Trial 51 pruned. 
[I 2025-03-24 11:58:55,102] Trial 52 finished with value: 14.017894415909277 and parameters: {'n_units_l0': 928, 'n_units_l1': 928, 'lr': 0.005813855857495692}. Best is trial 10 with value: 9.851698401847349.
[I 2025-03-24 12:01:48,136] Trial 7 finished with value: 124.79136099887204 and parameters: {'n_units_l0': 3040, 'n_units_l1': 1504, 'n_units_l2': 896, 'n_units_l3': 32, 'n_units_l4': 2528, 'n_units_l5': 1888, 'n_units_l6': 1088, 'n_units_l7': 2528, 'n_units_l8': 1664, 'n_units_l9': 2880, 'n_units_l10': 1152, 'n_units_l11': 3776, 'lr': 0.02249851444991117}. Best is trial 7 with value: 124.79136099887204.
[I 2025-03-24 12:06:24,835] Trial 53 finished with value: 10.326262964967487 and parameters: {'n_units_l0': 416, 'n_units_l1': 864, 'lr': 0.0065764228164303445}. Best is trial 10 with value: 9.851698401847349.
[I 2025-03-24 12:06:33,772] Trial 54 pruned. 
[I 2025-03-24 12:06:38,365] Trial 55 pruned. 
[I 2025-03-24 12:06:56,404] Trial 56 pruned. 
[I 2025-03-24 12:07:01,065] Trial 57 pruned. 
[I 2025-03-24 12:07:10,307] Trial 58 pruned. 
[I 2025-03-24 12:07:14,878] Trial 59 pruned. 
[I 2025-03-24 12:07:19,373] Trial 60 pruned. 
[I 2025-03-24 12:07:23,855] Trial 61 pruned. 
[I 2025-03-24 12:07:32,831] Trial 62 pruned. 
[I 2025-03-24 12:07:37,471] Trial 63 pruned. 
[I 2025-03-24 12:15:09,250] Trial 64 finished with value: 8.585385492616355 and parameters: {'n_units_l0': 544, 'n_units_l1': 1024, 'lr': 0.0036819066039871576}. Best is trial 64 with value: 8.585385492616355.
[I 2025-03-24 12:15:13,659] Trial 65 pruned. 
[I 2025-03-24 12:15:22,619] Trial 66 pruned. 
[I 2025-03-24 12:15:40,612] Trial 67 pruned. 
[I 2025-03-24 12:15:45,154] Trial 68 pruned. 
[I 2025-03-24 12:15:54,081] Trial 69 pruned. 
[I 2025-03-24 12:15:58,512] Trial 70 pruned. 
[I 2025-03-24 12:16:03,036] Trial 71 pruned. 
[I 2025-03-24 12:16:07,481] Trial 72 pruned. 
[I 2025-03-24 12:16:16,468] Trial 73 pruned. 
[I 2025-03-24 12:16:20,992] Trial 74 pruned. 
[I 2025-03-24 12:16:25,578] Trial 75 pruned. 
[I 2025-03-24 12:16:30,259] Trial 76 pruned. 
[I 2025-03-24 12:16:34,813] Trial 77 pruned. 
[I 2025-03-24 12:16:39,396] Trial 78 pruned. 
[I 2025-03-24 12:16:43,893] Trial 79 pruned. 
[I 2025-03-24 12:16:48,535] Trial 80 pruned. 
[I 2025-03-24 12:16:57,726] Trial 81 pruned. 
[I 2025-03-24 12:17:02,390] Trial 82 pruned. 
[I 2025-03-24 12:17:06,828] Trial 83 pruned. 
[I 2025-03-24 12:17:11,373] Trial 84 pruned. 
[I 2025-03-24 12:17:20,538] Trial 85 pruned. 
[I 2025-03-24 12:17:24,961] Trial 86 pruned. 
[I 2025-03-24 12:17:29,504] Trial 87 pruned. 
[I 2025-03-24 12:17:33,939] Trial 88 pruned. 
[I 2025-03-24 12:17:38,539] Trial 89 pruned. 
[I 2025-03-24 12:17:43,031] Trial 90 pruned. 
[I 2025-03-24 12:17:47,399] Trial 8 finished with value: inf and parameters: {'n_units_l0': 1344, 'n_units_l1': 960, 'n_units_l2': 2848, 'n_units_l3': 2400, 'n_units_l4': 4000, 'n_units_l5': 576, 'n_units_l6': 1024, 'n_units_l7': 384, 'n_units_l8': 352, 'n_units_l9': 3904, 'n_units_l10': 2976, 'n_units_l11': 2176, 'lr': 0.07734935635542238}. Best is trial 7 with value: 124.79136099887204.
[I 2025-03-24 12:17:47,644] Trial 91 pruned. 
[I 2025-03-24 12:25:20,431] Trial 92 finished with value: 9.670668366123147 and parameters: {'n_units_l0': 832, 'n_units_l1': 2976, 'lr': 0.0023219724937998502}. Best is trial 64 with value: 8.585385492616355.
[I 2025-03-24 12:25:24,913] Trial 93 pruned. 
[I 2025-03-24 12:25:29,553] Trial 94 pruned. 
[I 2025-03-24 12:25:33,961] Trial 95 pruned. 
[I 2025-03-24 12:25:52,242] Trial 96 pruned. 
[I 2025-03-24 12:25:56,803] Trial 97 pruned. 
[I 2025-03-24 12:26:14,969] Trial 98 pruned. 
[I 2025-03-24 12:26:19,408] Trial 99 pruned. 
[I 2025-03-24 12:26:20,335] A new study created in memory with name: no-name-d2de3dbf-bcd0-4747-9692-d6df4d01513f
[I 2025-03-24 12:30:31,600] Trial 9 finished with value: 124.79576466085456 and parameters: {'n_units_l0': 896, 'n_units_l1': 1952, 'n_units_l2': 1152, 'n_units_l3': 480, 'n_units_l4': 3200, 'n_units_l5': 256, 'n_units_l6': 2240, 'n_units_l7': 3648, 'n_units_l8': 1632, 'n_units_l9': 2272, 'n_units_l10': 1056, 'n_units_l11': 3840, 'lr': 0.003953009062709246}. Best is trial 7 with value: 124.79136099887204.
[I 2025-03-24 12:34:24,669] Trial 0 finished with value: 125.07638014783998 and parameters: {'n_units_l0': 1088, 'n_units_l1': 1120, 'n_units_l2': 1568, 'lr': 0.07228010299552456}. Best is trial 0 with value: 125.07638014783998.
[I 2025-03-24 12:45:13,378] Trial 10 finished with value: 124.79384627658074 and parameters: {'n_units_l0': 3488, 'n_units_l1': 1408, 'n_units_l2': 480, 'n_units_l3': 96, 'n_units_l4': 2688, 'n_units_l5': 1568, 'n_units_l6': 1600, 'n_units_l7': 1248, 'n_units_l8': 2752, 'n_units_l9': 3072, 'n_units_l10': 1888, 'n_units_l11': 3360, 'lr': 0.013311380872235571}. Best is trial 7 with value: 124.79136099887204.
[I 2025-03-24 12:46:24,172] Trial 1 finished with value: 125.07444964548715 and parameters: {'n_units_l0': 2976, 'n_units_l1': 3808, 'n_units_l2': 2496, 'lr': 0.06083560085677515}. Best is trial 1 with value: 125.07444964548715.
[I 2025-03-24 12:54:29,273] Trial 2 finished with value: 24.2492973217248 and parameters: {'n_units_l0': 992, 'n_units_l1': 2944, 'n_units_l2': 2112, 'lr': 0.02750962620259893}. Best is trial 2 with value: 24.2492973217248.
[I 2025-03-24 12:59:34,310] Trial 11 finished with value: 124.79196364813438 and parameters: {'n_units_l0': 3776, 'n_units_l1': 1408, 'n_units_l2': 576, 'n_units_l3': 128, 'n_units_l4': 2880, 'n_units_l5': 1408, 'n_units_l6': 1568, 'n_units_l7': 1216, 'n_units_l8': 2592, 'n_units_l9': 2944, 'n_units_l10': 2048, 'n_units_l11': 3232, 'lr': 0.016117421170505623}. Best is trial 7 with value: 124.79136099887204.
[I 2025-03-24 13:02:35,804] Trial 3 finished with value: 125.07443782961921 and parameters: {'n_units_l0': 1152, 'n_units_l1': 2560, 'n_units_l2': 2432, 'lr': 0.08277184456813634}. Best is trial 2 with value: 24.2492973217248.
[I 2025-03-24 13:10:37,264] Trial 4 finished with value: 125.07587817914288 and parameters: {'n_units_l0': 2208, 'n_units_l1': 1056, 'n_units_l2': 3936, 'lr': 0.09552656834045828}. Best is trial 2 with value: 24.2492973217248.
[I 2025-03-24 13:10:42,176] Trial 5 pruned. 
[I 2025-03-24 13:13:40,022] Trial 12 finished with value: 124.79782557224176 and parameters: {'n_units_l0': 3424, 'n_units_l1': 2496, 'n_units_l2': 192, 'n_units_l3': 864, 'n_units_l4': 2880, 'n_units_l5': 1216, 'n_units_l6': 1792, 'n_units_l7': 1312, 'n_units_l8': 1088, 'n_units_l9': 2944, 'n_units_l10': 2048, 'n_units_l11': 3296, 'lr': 0.02544116681930319}. Best is trial 7 with value: 124.79136099887204.
[I 2025-03-24 13:18:47,938] Trial 6 finished with value: 125.07953069827768 and parameters: {'n_units_l0': 2656, 'n_units_l1': 672, 'n_units_l2': 1408, 'lr': 0.04528143683724282}. Best is trial 2 with value: 24.2492973217248.
[I 2025-03-24 13:19:17,011] Trial 7 pruned. 
[I 2025-03-24 13:19:21,849] Trial 8 pruned. 
