[I 2025-03-24 02:41:41,290] Trial 38 pruned. 
[I 2025-03-24 02:41:52,395] Trial 39 pruned. 
[I 2025-03-24 02:42:02,335] Trial 40 pruned. 
[I 2025-03-24 02:42:12,539] Trial 41 pruned. 
[I 2025-03-24 02:42:23,133] Trial 42 pruned. 
[I 2025-03-24 02:42:33,987] Trial 43 pruned. 
[I 2025-03-24 02:42:45,420] Trial 44 pruned. 
[I 2025-03-24 02:42:56,411] Trial 45 pruned. 
[I 2025-03-24 02:43:05,996] Trial 46 pruned. 
[I 2025-03-24 02:43:13,755] Trial 47 pruned. 
[I 2025-03-24 02:43:22,749] Trial 48 pruned. 
[I 2025-03-24 02:43:30,735] Trial 49 pruned. 
[I 2025-03-24 02:43:37,574] Trial 50 pruned. 
[I 2025-03-24 02:55:56,740] Trial 2 finished with value: 124.92140075218005 and parameters: {'n_units_l0': 3360, 'n_units_l1': 2624, 'n_units_l2': 832, 'n_units_l3': 3424, 'n_units_l4': 1216, 'n_units_l5': 480, 'n_units_l6': 3936, 'n_units_l7': 3648, 'n_units_l8': 512, 'n_units_l9': 4064, 'lr': 0.044821816897357945}. Best is trial 2 with value: 124.92140075218005.
[I 2025-03-24 02:57:52,193] Trial 51 finished with value: 9.129827977472853 and parameters: {'n_units_l0': 2016, 'n_units_l1': 2464, 'n_units_l2': 3616, 'n_units_l3': 960, 'n_units_l4': 3872, 'n_units_l5': 1600, 'n_units_l6': 288, 'n_units_l7': 2752, 'n_units_l8': 3648, 'lr': 0.0021799606476511964}. Best is trial 30 with value: 5.671806768575058.
[I 2025-03-24 02:57:58,725] Trial 52 pruned. 
[I 2025-03-24 02:58:09,063] Trial 53 pruned. 
[I 2025-03-24 02:58:21,163] Trial 54 pruned. 
[I 2025-03-24 03:07:34,019] Trial 55 finished with value: 124.82795696830729 and parameters: {'n_units_l0': 1952, 'n_units_l1': 1056, 'n_units_l2': 2848, 'n_units_l3': 992, 'n_units_l4': 3232, 'n_units_l5': 800, 'n_units_l6': 256, 'n_units_l7': 2304, 'n_units_l8': 3456, 'lr': 0.0035041316805630735}. Best is trial 30 with value: 5.671806768575058.
[I 2025-03-24 03:07:43,996] Trial 56 pruned. 
[I 2025-03-24 03:07:53,551] Trial 57 pruned. 
[I 2025-03-24 03:08:07,069] Trial 58 pruned. 
[I 2025-03-24 03:08:14,231] Trial 59 pruned. 
[I 2025-03-24 03:08:22,125] Trial 60 pruned. 
[I 2025-03-24 03:10:00,472] Trial 61 pruned. 
[I 2025-03-24 03:10:07,937] Trial 62 pruned. 
[I 2025-03-24 03:10:17,593] Trial 63 pruned. 
[I 2025-03-24 03:10:23,799] Trial 64 pruned. 
[I 2025-03-24 03:10:37,117] Trial 65 pruned. 
[I 2025-03-24 03:10:48,290] Trial 66 pruned. 
[I 2025-03-24 03:10:59,182] Trial 67 pruned. 
[I 2025-03-24 03:11:09,356] Trial 68 pruned. 
[I 2025-03-24 03:11:19,103] Trial 69 pruned. 
[I 2025-03-24 03:11:31,027] Trial 70 pruned. 
[I 2025-03-24 03:11:39,392] Trial 71 pruned. 
[I 2025-03-24 03:11:50,214] Trial 72 pruned. 
[I 2025-03-24 03:12:00,589] Trial 73 pruned. 
[I 2025-03-24 03:12:12,117] Trial 74 pruned. 
[I 2025-03-24 03:12:20,122] Trial 75 pruned. 
[I 2025-03-24 03:12:28,739] Trial 76 pruned. 
[I 2025-03-24 03:12:42,729] Trial 77 pruned. 
[I 2025-03-24 03:12:47,042] Trial 78 pruned. 
[I 2025-03-24 03:12:52,458] Trial 3 finished with value: 124.9231963196893 and parameters: {'n_units_l0': 3520, 'n_units_l1': 3328, 'n_units_l2': 3168, 'n_units_l3': 2016, 'n_units_l4': 2240, 'n_units_l5': 256, 'n_units_l6': 3680, 'n_units_l7': 1088, 'n_units_l8': 3520, 'n_units_l9': 1216, 'lr': 0.0658132944625043}. Best is trial 2 with value: 124.92140075218005.
[I 2025-03-24 03:12:57,030] Trial 79 pruned. 
[I 2025-03-24 03:13:11,182] Trial 80 pruned. 
[I 2025-03-24 03:13:21,796] Trial 81 pruned. 
[I 2025-03-24 03:13:32,603] Trial 82 pruned. 
[I 2025-03-24 03:13:42,638] Trial 83 pruned. 
[I 2025-03-24 03:14:22,711] Trial 84 pruned. 
[I 2025-03-24 03:14:40,685] Trial 85 pruned. 
[I 2025-03-24 03:14:48,680] Trial 86 pruned. 
[I 2025-03-24 03:14:59,261] Trial 87 pruned. 
[I 2025-03-24 03:15:45,686] Trial 88 pruned. 
[I 2025-03-24 03:15:55,082] Trial 89 pruned. 
[I 2025-03-24 03:16:10,411] Trial 90 pruned. 
[I 2025-03-24 03:16:19,226] Trial 91 pruned. 
[I 2025-03-24 03:16:27,190] Trial 92 pruned. 
[I 2025-03-24 03:16:35,798] Trial 93 pruned. 
[I 2025-03-24 03:16:44,499] Trial 94 pruned. 
[I 2025-03-24 03:16:54,681] Trial 95 pruned. 
[I 2025-03-24 03:17:00,631] Trial 96 pruned. 
[I 2025-03-24 03:17:09,217] Trial 97 pruned. 
[I 2025-03-24 03:17:17,879] Trial 98 pruned. 
[I 2025-03-24 03:17:33,188] Trial 99 pruned. 
[I 2025-03-24 03:17:33,711] A new study created in memory with name: no-name-f3ceac1b-6873-41ca-8f25-c1b22b497f30
[I 2025-03-24 03:21:23,873] Trial 4 finished with value: 124.93145263324278 and parameters: {'n_units_l0': 2272, 'n_units_l1': 128, 'n_units_l2': 2112, 'n_units_l3': 1792, 'n_units_l4': 608, 'n_units_l5': 896, 'n_units_l6': 1664, 'n_units_l7': 1696, 'n_units_l8': 2848, 'n_units_l9': 1472, 'lr': 0.027561654495606706}. Best is trial 2 with value: 124.92140075218005.
[I 2025-03-24 03:21:33,625] Trial 5 pruned. 
[I 2025-03-24 03:21:43,073] Trial 6 pruned. 
[I 2025-03-24 03:21:54,655] Trial 7 pruned. 
[I 2025-03-24 03:22:03,667] Trial 8 pruned. 
[I 2025-03-24 03:22:12,140] Trial 9 pruned. 
[I 2025-03-24 03:31:49,394] Trial 10 finished with value: 124.9245543387614 and parameters: {'n_units_l0': 1440, 'n_units_l1': 2528, 'n_units_l2': 96, 'n_units_l3': 32, 'n_units_l4': 3872, 'n_units_l5': 1600, 'n_units_l6': 2752, 'n_units_l7': 2848, 'n_units_l8': 32, 'n_units_l9': 2944, 'lr': 0.005800638605887927}. Best is trial 2 with value: 124.92140075218005.
[I 2025-03-24 03:32:01,585] Trial 11 pruned. 
[I 2025-03-24 03:32:11,973] Trial 12 pruned. 
[I 2025-03-24 03:32:18,025] Trial 13 pruned. 
[I 2025-03-24 03:32:30,309] Trial 14 pruned. 
[I 2025-03-24 03:40:16,885] Trial 0 finished with value: inf and parameters: {'n_units_l0': 2464, 'n_units_l1': 1760, 'n_units_l2': 3200, 'n_units_l3': 3744, 'n_units_l4': 2944, 'n_units_l5': 1152, 'n_units_l6': 3360, 'n_units_l7': 2912, 'n_units_l8': 288, 'n_units_l9': 4032, 'n_units_l10': 3328, 'lr': 0.09270632779993575}. Best is trial 0 with value: inf.
[I 2025-03-24 03:46:42,881] Trial 15 finished with value: 124.9465452570063 and parameters: {'n_units_l0': 2528, 'n_units_l1': 3168, 'n_units_l2': 4064, 'n_units_l3': 512, 'n_units_l4': 1216, 'n_units_l5': 1568, 'n_units_l6': 2752, 'n_units_l7': 2880, 'n_units_l8': 160, 'n_units_l9': 1568, 'lr': 0.07608791930606827}. Best is trial 2 with value: 124.92140075218005.
[I 2025-03-24 03:46:51,784] Trial 16 pruned. 
[I 2025-03-24 03:46:58,484] Trial 17 pruned. 
[I 2025-03-24 03:55:38,325] Trial 1 finished with value: 124.93125895437402 and parameters: {'n_units_l0': 736, 'n_units_l1': 3424, 'n_units_l2': 1312, 'n_units_l3': 1600, 'n_units_l4': 96, 'n_units_l5': 1568, 'n_units_l6': 992, 'n_units_l7': 2464, 'n_units_l8': 3936, 'n_units_l9': 3072, 'n_units_l10': 2144, 'lr': 0.06457171537086266}. Best is trial 1 with value: 124.93125895437402.
[I 2025-03-24 04:02:32,588] Trial 18 finished with value: 124.9245860537951 and parameters: {'n_units_l0': 32, 'n_units_l1': 2400, 'n_units_l2': 2784, 'n_units_l3': 2720, 'n_units_l4': 1024, 'n_units_l5': 2816, 'n_units_l6': 2880, 'n_units_l7': 3520, 'n_units_l8': 896, 'n_units_l9': 992, 'lr': 0.02558260289888155}. Best is trial 2 with value: 124.92140075218005.
[I 2025-03-24 04:02:47,452] Trial 19 pruned. 
[I 2025-03-24 04:02:54,758] Trial 20 pruned. 
[I 2025-03-24 04:12:24,250] Trial 2 finished with value: 124.92934139494861 and parameters: {'n_units_l0': 736, 'n_units_l1': 2304, 'n_units_l2': 2656, 'n_units_l3': 1184, 'n_units_l4': 3872, 'n_units_l5': 1152, 'n_units_l6': 928, 'n_units_l7': 384, 'n_units_l8': 3904, 'n_units_l9': 2976, 'n_units_l10': 3904, 'lr': 0.018594362431275963}. Best is trial 2 with value: 124.92934139494861.
[I 2025-03-24 04:12:58,855] Trial 21 finished with value: 124.92513347795047 and parameters: {'n_units_l0': 352, 'n_units_l1': 3328, 'n_units_l2': 3296, 'n_units_l3': 2336, 'n_units_l4': 128, 'n_units_l5': 480, 'n_units_l6': 3424, 'n_units_l7': 160, 'n_units_l8': 1280, 'n_units_l9': 960, 'lr': 0.05605892365463172}. Best is trial 2 with value: 124.92140075218005.
[I 2025-03-24 04:13:05,154] Trial 22 pruned. 
[I 2025-03-24 04:26:28,733] Trial 3 finished with value: inf and parameters: {'n_units_l0': 1472, 'n_units_l1': 1280, 'n_units_l2': 1216, 'n_units_l3': 3488, 'n_units_l4': 3712, 'n_units_l5': 1504, 'n_units_l6': 800, 'n_units_l7': 2656, 'n_units_l8': 448, 'n_units_l9': 3200, 'n_units_l10': 1568, 'lr': 0.09642738081875997}. Best is trial 2 with value: 124.92934139494861.
[I 2025-03-24 04:26:28,958] Trial 23 finished with value: 124.92321519635682 and parameters: {'n_units_l0': 864, 'n_units_l1': 3712, 'n_units_l2': 3104, 'n_units_l3': 3008, 'n_units_l4': 480, 'n_units_l5': 1856, 'n_units_l6': 3264, 'n_units_l7': 576, 'n_units_l8': 384, 'n_units_l9': 544, 'lr': 0.0787838230969757}. Best is trial 2 with value: 124.92140075218005.
[I 2025-03-24 04:26:39,212] Trial 24 pruned. 
[I 2025-03-24 04:26:48,799] Trial 25 pruned. 
[I 2025-03-24 04:26:55,889] Trial 26 pruned. 
[I 2025-03-24 04:27:08,895] Trial 27 pruned. 
[I 2025-03-24 04:27:21,656] Trial 28 pruned. 
[I 2025-03-24 04:27:31,740] Trial 29 pruned. 
[I 2025-03-24 04:27:38,357] Trial 30 pruned. 
[I 2025-03-24 04:27:44,704] Trial 31 pruned. 
[I 2025-03-24 04:27:50,720] Trial 32 pruned. 
[I 2025-03-24 04:27:57,659] Trial 33 pruned. 
[I 2025-03-24 04:28:04,785] Trial 34 pruned. 
[I 2025-03-24 04:28:14,069] Trial 35 pruned. 
[I 2025-03-24 04:28:19,198] Trial 36 pruned. 
[I 2025-03-24 04:28:24,895] Trial 37 pruned. 
[I 2025-03-24 04:28:34,896] Trial 38 pruned. 
[I 2025-03-24 04:28:43,629] Trial 39 pruned. 
[I 2025-03-24 04:28:51,237] Trial 40 pruned. 
[I 2025-03-24 04:39:39,578] Trial 41 finished with value: 124.92644219007477 and parameters: {'n_units_l0': 1376, 'n_units_l1': 2528, 'n_units_l2': 768, 'n_units_l3': 224, 'n_units_l4': 4096, 'n_units_l5': 1632, 'n_units_l6': 2752, 'n_units_l7': 3136, 'n_units_l8': 32, 'n_units_l9': 3104, 'lr': 0.01391621692609021}. Best is trial 2 with value: 124.92140075218005.
[I 2025-03-24 04:40:31,592] Trial 4 finished with value: 124.93014001477599 and parameters: {'n_units_l0': 4096, 'n_units_l1': 2624, 'n_units_l2': 1184, 'n_units_l3': 3264, 'n_units_l4': 3936, 'n_units_l5': 128, 'n_units_l6': 1696, 'n_units_l7': 2400, 'n_units_l8': 128, 'n_units_l9': 544, 'n_units_l10': 1664, 'lr': 0.03418602251843269}. Best is trial 2 with value: 124.92934139494861.
/trinity/home/fisheye/.local/lib/python3.9/site-packages/numpy/lib/function_base.py:4529: RuntimeWarning: invalid value encountered in multiply
  lerp_interpolation = asanyarray(add(a, diff_b_a * t, out=out))
[I 2025-03-24 04:52:03,258] Trial 42 finished with value: 7.423060437081397 and parameters: {'n_units_l0': 1472, 'n_units_l1': 1888, 'n_units_l2': 96, 'n_units_l3': 64, 'n_units_l4': 3328, 'n_units_l5': 2048, 'n_units_l6': 3264, 'n_units_l7': 3808, 'n_units_l8': 448, 'n_units_l9': 3680, 'lr': 0.001520577307347907}. Best is trial 42 with value: 7.423060437081397.
[I 2025-03-24 04:52:11,401] Trial 43 pruned. 
[I 2025-03-24 04:57:36,774] Trial 5 finished with value: 124.95018588936067 and parameters: {'n_units_l0': 2624, 'n_units_l1': 3328, 'n_units_l2': 2016, 'n_units_l3': 1024, 'n_units_l4': 2144, 'n_units_l5': 3904, 'n_units_l6': 1312, 'n_units_l7': 2368, 'n_units_l8': 2560, 'n_units_l9': 1280, 'n_units_l10': 1472, 'lr': 0.04136470092459523}. Best is trial 2 with value: 124.92934139494861.
[I 2025-03-24 04:57:48,258] Trial 6 pruned. 
[I 2025-03-24 05:05:01,803] Trial 44 finished with value: 4.18729665626375 and parameters: {'n_units_l0': 768, 'n_units_l1': 832, 'n_units_l2': 864, 'n_units_l3': 928, 'n_units_l4': 576, 'n_units_l5': 2240, 'n_units_l6': 4096, 'n_units_l7': 3744, 'n_units_l8': 640, 'n_units_l9': 4096, 'lr': 0.0006073980060605499}. Best is trial 44 with value: 4.18729665626375.
[I 2025-03-24 05:17:06,430] Trial 7 finished with value: 124.94694052828766 and parameters: {'n_units_l0': 2848, 'n_units_l1': 3616, 'n_units_l2': 2304, 'n_units_l3': 2240, 'n_units_l4': 544, 'n_units_l5': 2624, 'n_units_l6': 2240, 'n_units_l7': 4000, 'n_units_l8': 2592, 'n_units_l9': 960, 'n_units_l10': 672, 'lr': 0.04875350482741956}. Best is trial 2 with value: 124.92934139494861.
[I 2025-03-24 05:19:25,528] Trial 8 pruned. 
[I 2025-03-24 05:19:37,852] Trial 9 pruned. 
[I 2025-03-24 05:19:51,654] Trial 10 pruned. 
[I 2025-03-24 05:20:43,298] Trial 45 finished with value: 124.92418951263105 and parameters: {'n_units_l0': 832, 'n_units_l1': 864, 'n_units_l2': 64, 'n_units_l3': 864, 'n_units_l4': 3392, 'n_units_l5': 2400, 'n_units_l6': 4096, 'n_units_l7': 3744, 'n_units_l8': 768, 'n_units_l9': 4032, 'lr': 0.013030982350573352}. Best is trial 44 with value: 4.18729665626375.
[I 2025-03-24 05:22:10,480] Trial 11 pruned. 
[I 2025-03-24 05:26:11,589] Trial 12 pruned. 
[I 2025-03-24 05:26:19,692] Trial 13 pruned. 
[I 2025-03-24 05:33:55,479] Trial 46 finished with value: 4.705486040958189 and parameters: {'n_units_l0': 1120, 'n_units_l1': 864, 'n_units_l2': 864, 'n_units_l3': 896, 'n_units_l4': 2624, 'n_units_l5': 2016, 'n_units_l6': 3840, 'n_units_l7': 4032, 'n_units_l8': 160, 'n_units_l9': 3680, 'lr': 0.0012608949845831332}. Best is trial 44 with value: 4.18729665626375.
[I 2025-03-24 05:44:11,714] Trial 14 finished with value: 20.590351918299245 and parameters: {'n_units_l0': 4000, 'n_units_l1': 3936, 'n_units_l2': 2784, 'n_units_l3': 1696, 'n_units_l4': 3104, 'n_units_l5': 1376, 'n_units_l6': 1888, 'n_units_l7': 1536, 'n_units_l8': 768, 'n_units_l9': 704, 'n_units_l10': 2784, 'lr': 0.0044233092442555605}. Best is trial 14 with value: 20.590351918299245.
[I 2025-03-24 06:00:39,670] Trial 47 finished with value: 124.92122009822657 and parameters: {'n_units_l0': 3232, 'n_units_l1': 832, 'n_units_l2': 896, 'n_units_l3': 768, 'n_units_l4': 2624, 'n_units_l5': 3968, 'n_units_l6': 3872, 'n_units_l7': 4096, 'n_units_l8': 4064, 'n_units_l9': 3776, 'lr': 0.004058630045390942}. Best is trial 44 with value: 4.18729665626375.
[I 2025-03-24 06:01:59,193] Trial 15 finished with value: 6.119544384198004 and parameters: {'n_units_l0': 1888, 'n_units_l1': 4032, 'n_units_l2': 3264, 'n_units_l3': 1376, 'n_units_l4': 3168, 'n_units_l5': 1920, 'n_units_l6': 2144, 'n_units_l7': 1024, 'n_units_l8': 832, 'n_units_l9': 1664, 'n_units_l10': 3040, 'lr': 0.0007851332134295105}. Best is trial 15 with value: 6.119544384198004.
[I 2025-03-24 06:18:08,072] Trial 48 finished with value: 3.0234174896748374 and parameters: {'n_units_l0': 2432, 'n_units_l1': 928, 'n_units_l2': 896, 'n_units_l3': 800, 'n_units_l4': 2592, 'n_units_l5': 4000, 'n_units_l6': 3872, 'n_units_l7': 4064, 'n_units_l8': 160, 'n_units_l9': 3808, 'lr': 0.0008322889385616709}. Best is trial 48 with value: 3.0234174896748374.
[I 2025-03-24 06:18:18,724] Trial 49 pruned. 
[I 2025-03-24 06:22:17,058] Trial 16 finished with value: 9.410713692070175 and parameters: {'n_units_l0': 2304, 'n_units_l1': 3744, 'n_units_l2': 3744, 'n_units_l3': 1952, 'n_units_l4': 2880, 'n_units_l5': 2048, 'n_units_l6': 2752, 'n_units_l7': 1184, 'n_units_l8': 864, 'n_units_l9': 1664, 'n_units_l10': 2848, 'lr': 0.002062454122334626}. Best is trial 15 with value: 6.119544384198004.
[I 2025-03-24 06:35:26,624] Trial 50 finished with value: 4.108683511528769 and parameters: {'n_units_l0': 2112, 'n_units_l1': 928, 'n_units_l2': 1248, 'n_units_l3': 608, 'n_units_l4': 3040, 'n_units_l5': 3808, 'n_units_l6': 4000, 'n_units_l7': 3584, 'n_units_l8': 128, 'n_units_l9': 3328, 'lr': 0.0004738893998616306}. Best is trial 48 with value: 3.0234174896748374.
[I 2025-03-24 06:44:14,376] Trial 17 finished with value: 12.949026923742663 and parameters: {'n_units_l0': 2048, 'n_units_l1': 4032, 'n_units_l2': 4096, 'n_units_l3': 2208, 'n_units_l4': 2528, 'n_units_l5': 2176, 'n_units_l6': 2976, 'n_units_l7': 1024, 'n_units_l8': 864, 'n_units_l9': 1728, 'n_units_l10': 3200, 'lr': 0.0006447301049957903}. Best is trial 15 with value: 6.119544384198004.
[I 2025-03-24 06:44:26,857] Trial 18 pruned. 
[I 2025-03-24 06:44:41,287] Trial 19 pruned. 
[I 2025-03-24 06:44:52,408] Trial 20 pruned. 
[I 2025-03-24 06:52:49,208] Trial 51 finished with value: 7.996657353583079 and parameters: {'n_units_l0': 2368, 'n_units_l1': 896, 'n_units_l2': 928, 'n_units_l3': 608, 'n_units_l4': 3040, 'n_units_l5': 3840, 'n_units_l6': 3936, 'n_units_l7': 3936, 'n_units_l8': 128, 'n_units_l9': 3328, 'lr': 0.0009165331475892459}. Best is trial 48 with value: 3.0234174896748374.
[I 2025-03-24 07:07:13,439] Trial 21 finished with value: 9.589592055118445 and parameters: {'n_units_l0': 2048, 'n_units_l1': 4064, 'n_units_l2': 4096, 'n_units_l3': 2208, 'n_units_l4': 2592, 'n_units_l5': 2336, 'n_units_l6': 3168, 'n_units_l7': 1184, 'n_units_l8': 768, 'n_units_l9': 1760, 'n_units_l10': 3264, 'lr': 0.0014845530903535064}. Best is trial 15 with value: 6.119544384198004.
[I 2025-03-24 07:07:24,802] Trial 22 pruned. 
[I 2025-03-24 07:09:51,243] Trial 52 finished with value: 6.119550110638 and parameters: {'n_units_l0': 2432, 'n_units_l1': 1120, 'n_units_l2': 1184, 'n_units_l3': 480, 'n_units_l4': 3008, 'n_units_l5': 3744, 'n_units_l6': 3968, 'n_units_l7': 3552, 'n_units_l8': 128, 'n_units_l9': 3360, 'lr': 0.0001943916466074666}. Best is trial 48 with value: 3.0234174896748374.
[I 2025-03-24 07:10:01,616] Trial 53 pruned. 
[I 2025-03-24 07:10:11,325] Trial 54 pruned. 
[I 2025-03-24 07:10:21,382] Trial 55 pruned. 
[I 2025-03-24 07:26:28,858] Trial 56 finished with value: 5.8771546734248545 and parameters: {'n_units_l0': 2528, 'n_units_l1': 1408, 'n_units_l2': 544, 'n_units_l3': 384, 'n_units_l4': 2528, 'n_units_l5': 3776, 'n_units_l6': 3968, 'n_units_l7': 3136, 'n_units_l8': 192, 'n_units_l9': 3584, 'lr': 0.00023528242981052405}. Best is trial 48 with value: 3.0234174896748374.
[I 2025-03-24 07:26:38,767] Trial 57 pruned. 
[I 2025-03-24 07:26:47,677] Trial 58 pruned. 
[I 2025-03-24 07:29:05,633] Trial 23 finished with value: 9.162956807805203 and parameters: {'n_units_l0': 1792, 'n_units_l1': 3136, 'n_units_l2': 4064, 'n_units_l3': 2144, 'n_units_l4': 2240, 'n_units_l5': 1920, 'n_units_l6': 3424, 'n_units_l7': 2016, 'n_units_l8': 1088, 'n_units_l9': 2432, 'n_units_l10': 2944, 'lr': 0.002643453245496536}. Best is trial 15 with value: 6.119544384198004.
[I 2025-03-24 07:29:17,388] Trial 24 pruned. 
[I 2025-03-24 07:29:28,469] Trial 25 pruned. 
[I 2025-03-24 07:29:42,198] Trial 26 pruned. 
[I 2025-03-24 07:43:10,587] Trial 59 finished with value: 4.979599797422663 and parameters: {'n_units_l0': 2464, 'n_units_l1': 1024, 'n_units_l2': 768, 'n_units_l3': 1152, 'n_units_l4': 2112, 'n_units_l5': 3328, 'n_units_l6': 3968, 'n_units_l7': 3392, 'n_units_l8': 736, 'n_units_l9': 3168, 'lr': 0.0004956341240248754}. Best is trial 48 with value: 3.0234174896748374.
[I 2025-03-24 07:47:25,236] Trial 27 finished with value: 6.0686169634293865 and parameters: {'n_units_l0': 2496, 'n_units_l1': 1760, 'n_units_l2': 3872, 'n_units_l3': 1472, 'n_units_l4': 2336, 'n_units_l5': 3232, 'n_units_l6': 3616, 'n_units_l7': 704, 'n_units_l8': 64, 'n_units_l9': 2208, 'n_units_l10': 2976, 'lr': 0.00011816736061661824}. Best is trial 27 with value: 6.0686169634293865.
[I 2025-03-24 07:47:35,043] Trial 28 pruned. 
[I 2025-03-24 07:47:47,037] Trial 29 pruned. 
[I 2025-03-24 07:47:55,239] Trial 30 pruned. 
[I 2025-03-24 07:58:38,809] Trial 60 finished with value: 92.07466689675618 and parameters: {'n_units_l0': 2944, 'n_units_l1': 352, 'n_units_l2': 480, 'n_units_l3': 1120, 'n_units_l4': 2240, 'n_units_l5': 3328, 'n_units_l6': 3712, 'n_units_l7': 3360, 'n_units_l8': 736, 'n_units_l9': 3168, 'lr': 0.006656020477159639}. Best is trial 48 with value: 3.0234174896748374.
[I 2025-03-24 08:04:19,775] Trial 31 finished with value: 6.677914589350749 and parameters: {'n_units_l0': 2240, 'n_units_l1': 1792, 'n_units_l2': 3616, 'n_units_l3': 1920, 'n_units_l4': 3008, 'n_units_l5': 1696, 'n_units_l6': 3744, 'n_units_l7': 800, 'n_units_l8': 608, 'n_units_l9': 1568, 'n_units_l10': 3520, 'lr': 0.00030419796930766617}. Best is trial 27 with value: 6.0686169634293865.
[I 2025-03-24 08:15:45,566] Trial 61 finished with value: 8.053936318751521 and parameters: {'n_units_l0': 2496, 'n_units_l1': 1024, 'n_units_l2': 1088, 'n_units_l3': 1344, 'n_units_l4': 2016, 'n_units_l5': 3712, 'n_units_l6': 3968, 'n_units_l7': 3904, 'n_units_l8': 320, 'n_units_l9': 2912, 'lr': 0.001085116008086577}. Best is trial 48 with value: 3.0234174896748374.
[I 2025-03-24 08:15:55,547] Trial 62 pruned. 
[I 2025-03-24 08:19:38,550] Trial 32 finished with value: 5.403741400269256 and parameters: {'n_units_l0': 2272, 'n_units_l1': 1664, 'n_units_l2': 3424, 'n_units_l3': 1568, 'n_units_l4': 3104, 'n_units_l5': 1312, 'n_units_l6': 3808, 'n_units_l7': 768, 'n_units_l8': 512, 'n_units_l9': 2080, 'n_units_l10': 3328, 'lr': 0.00028275727908737584}. Best is trial 32 with value: 5.403741400269256.
[I 2025-03-24 08:19:46,715] Trial 33 pruned. 
[I 2025-03-24 08:19:57,027] Trial 34 pruned. 
[I 2025-03-24 08:20:05,513] Trial 35 pruned. 
[I 2025-03-24 08:30:28,344] Trial 36 finished with value: 2.7408646370300804 and parameters: {'n_units_l0': 3648, 'n_units_l1': 768, 'n_units_l2': 2464, 'n_units_l3': 832, 'n_units_l4': 3584, 'n_units_l5': 1472, 'n_units_l6': 3136, 'n_units_l7': 224, 'n_units_l8': 256, 'n_units_l9': 928, 'n_units_l10': 3616, 'lr': 0.0005499721075629367}. Best is trial 36 with value: 2.7408646370300804.
[I 2025-03-24 08:30:34,041] Trial 37 pruned. 
[I 2025-03-24 08:30:38,752] Trial 38 pruned. 
[I 2025-03-24 08:30:44,818] Trial 39 pruned. 
[I 2025-03-24 08:30:52,623] Trial 40 pruned. 
[I 2025-03-24 08:33:26,408] Trial 63 finished with value: 2.9520065619587452 and parameters: {'n_units_l0': 1824, 'n_units_l1': 608, 'n_units_l2': 704, 'n_units_l3': 672, 'n_units_l4': 2976, 'n_units_l5': 3584, 'n_units_l6': 3808, 'n_units_l7': 3168, 'n_units_l8': 1024, 'n_units_l9': 3872, 'lr': 7.369755597862383e-05}. Best is trial 63 with value: 2.9520065619587452.
