[I 2025-03-22 00:13:32,298] Trial 98 finished with value: 93.92337064970295 and parameters: {'n_units_l0': 3872, 'n_units_l1': 768, 'n_units_l2': 320, 'n_units_l3': 4096, 'n_units_l4': 2688, 'n_units_l5': 3872, 'n_units_l6': 992, 'n_units_l7': 896, 'n_units_l8': 3104, 'n_units_l9': 1728, 'lr': 8.71820573635604e-05}. Best is trial 81 with value: 44.76669252594671.
[I 2025-03-22 00:13:32,758] Trial 99 pruned. 
[I 2025-03-22 00:13:32,778] A new study created in memory with name: no-name-31a401bc-1bb7-4bd3-8164-1dbe95177a90
[I 2025-03-22 00:13:38,810] Trial 3 finished with value: inf and parameters: {'n_units_l0': 4064, 'n_units_l1': 384, 'n_units_l2': 1088, 'n_units_l3': 2592, 'n_units_l4': 768, 'n_units_l5': 1184, 'n_units_l6': 1888, 'n_units_l7': 3584, 'n_units_l8': 3904, 'n_units_l9': 3648, 'n_units_l10': 1344, 'lr': 0.06824856769123339}. Best is trial 1 with value: 125.20764663746648.
[I 2025-03-22 00:13:50,268] Trial 0 finished with value: inf and parameters: {'n_units_l0': 416, 'n_units_l1': 3776, 'n_units_l2': 2752, 'n_units_l3': 480, 'n_units_l4': 192, 'n_units_l5': 3552, 'n_units_l6': 3232, 'n_units_l7': 1472, 'n_units_l8': 3360, 'n_units_l9': 3392, 'n_units_l10': 640, 'n_units_l11': 1440, 'lr': 0.09380635549530374}. Best is trial 0 with value: inf.
[I 2025-03-22 00:13:52,083] Trial 4 finished with value: 125.14634644158996 and parameters: {'n_units_l0': 1760, 'n_units_l1': 896, 'n_units_l2': 2208, 'n_units_l3': 416, 'n_units_l4': 2176, 'n_units_l5': 2304, 'n_units_l6': 32, 'n_units_l7': 3648, 'n_units_l8': 3456, 'n_units_l9': 2784, 'n_units_l10': 1248, 'lr': 0.008030051154573968}. Best is trial 4 with value: 125.14634644158996.
/trinity/home/fisheye/.local/lib/python3.9/site-packages/numpy/lib/function_base.py:4527: RuntimeWarning: invalid value encountered in subtract
  diff_b_a = subtract(b, a)
[I 2025-03-22 00:14:00,877] Trial 1 finished with value: 124.07698962910551 and parameters: {'n_units_l0': 1792, 'n_units_l1': 64, 'n_units_l2': 1664, 'n_units_l3': 2464, 'n_units_l4': 224, 'n_units_l5': 3456, 'n_units_l6': 1408, 'n_units_l7': 1984, 'n_units_l8': 3904, 'n_units_l9': 192, 'n_units_l10': 2848, 'n_units_l11': 1120, 'lr': 0.06611200271126563}. Best is trial 1 with value: 124.07698962910551.
[I 2025-03-22 00:14:03,475] Trial 5 finished with value: inf and parameters: {'n_units_l0': 1344, 'n_units_l1': 2016, 'n_units_l2': 1632, 'n_units_l3': 96, 'n_units_l4': 3328, 'n_units_l5': 1408, 'n_units_l6': 2880, 'n_units_l7': 2752, 'n_units_l8': 704, 'n_units_l9': 2624, 'n_units_l10': 640, 'lr': 0.0945233586572615}. Best is trial 4 with value: 125.14634644158996.
[I 2025-03-22 00:14:17,341] Trial 2 finished with value: inf and parameters: {'n_units_l0': 3872, 'n_units_l1': 320, 'n_units_l2': 1888, 'n_units_l3': 1248, 'n_units_l4': 544, 'n_units_l5': 640, 'n_units_l6': 3200, 'n_units_l7': 3712, 'n_units_l8': 64, 'n_units_l9': 3232, 'n_units_l10': 3904, 'n_units_l11': 3680, 'lr': 0.09837048726501428}. Best is trial 1 with value: 124.07698962910551.
[I 2025-03-22 00:14:21,807] Trial 6 finished with value: 53.78273275897841 and parameters: {'n_units_l0': 3840, 'n_units_l1': 2656, 'n_units_l2': 2912, 'n_units_l3': 2336, 'n_units_l4': 2816, 'n_units_l5': 416, 'n_units_l6': 1312, 'n_units_l7': 3104, 'n_units_l8': 2144, 'n_units_l9': 2176, 'n_units_l10': 2112, 'lr': 0.0053131701977921}. Best is trial 6 with value: 53.78273275897841.
[I 2025-03-22 00:14:32,100] Trial 3 finished with value: inf and parameters: {'n_units_l0': 2496, 'n_units_l1': 512, 'n_units_l2': 2208, 'n_units_l3': 1248, 'n_units_l4': 4096, 'n_units_l5': 3488, 'n_units_l6': 2752, 'n_units_l7': 864, 'n_units_l8': 32, 'n_units_l9': 1472, 'n_units_l10': 800, 'n_units_l11': 2912, 'lr': 0.09027466527547177}. Best is trial 1 with value: 124.07698962910551.
[I 2025-03-22 00:14:41,206] Trial 7 finished with value: inf and parameters: {'n_units_l0': 2848, 'n_units_l1': 2784, 'n_units_l2': 2208, 'n_units_l3': 1920, 'n_units_l4': 3392, 'n_units_l5': 2848, 'n_units_l6': 3488, 'n_units_l7': 1824, 'n_units_l8': 1888, 'n_units_l9': 320, 'n_units_l10': 2944, 'lr': 0.06113163480347287}. Best is trial 6 with value: 53.78273275897841.
[I 2025-03-22 00:14:51,364] Trial 8 finished with value: inf and parameters: {'n_units_l0': 2912, 'n_units_l1': 832, 'n_units_l2': 1472, 'n_units_l3': 3648, 'n_units_l4': 1760, 'n_units_l5': 1600, 'n_units_l6': 352, 'n_units_l7': 2624, 'n_units_l8': 96, 'n_units_l9': 3584, 'n_units_l10': 1120, 'lr': 0.09186100577928769}. Best is trial 6 with value: 53.78273275897841.
[I 2025-03-22 00:14:51,819] Trial 4 finished with value: 134.1692995227081 and parameters: {'n_units_l0': 864, 'n_units_l1': 1120, 'n_units_l2': 3296, 'n_units_l3': 736, 'n_units_l4': 2976, 'n_units_l5': 2432, 'n_units_l6': 3456, 'n_units_l7': 2304, 'n_units_l8': 3840, 'n_units_l9': 1024, 'n_units_l10': 3648, 'n_units_l11': 2144, 'lr': 0.031525063549699195}. Best is trial 1 with value: 124.07698962910551.
/trinity/home/fisheye/.local/lib/python3.9/site-packages/numpy/lib/function_base.py:4527: RuntimeWarning: invalid value encountered in subtract
  diff_b_a = subtract(b, a)
[I 2025-03-22 00:15:03,052] Trial 9 finished with value: 81.74037278682091 and parameters: {'n_units_l0': 2240, 'n_units_l1': 2880, 'n_units_l2': 1248, 'n_units_l3': 2304, 'n_units_l4': 1856, 'n_units_l5': 768, 'n_units_l6': 4064, 'n_units_l7': 1216, 'n_units_l8': 1696, 'n_units_l9': 512, 'n_units_l10': 416, 'lr': 0.02487729831453614}. Best is trial 6 with value: 53.78273275897841.
[I 2025-03-22 00:15:12,601] Trial 5 finished with value: inf and parameters: {'n_units_l0': 1920, 'n_units_l1': 1184, 'n_units_l2': 4032, 'n_units_l3': 2560, 'n_units_l4': 2272, 'n_units_l5': 1664, 'n_units_l6': 1856, 'n_units_l7': 3392, 'n_units_l8': 1440, 'n_units_l9': 2368, 'n_units_l10': 2496, 'n_units_l11': 3744, 'lr': 0.05451061524378121}. Best is trial 1 with value: 124.07698962910551.
[I 2025-03-22 00:15:14,119] Trial 10 finished with value: 125.05522775177909 and parameters: {'n_units_l0': 192, 'n_units_l1': 3968, 'n_units_l2': 480, 'n_units_l3': 3040, 'n_units_l4': 4032, 'n_units_l5': 160, 'n_units_l6': 1024, 'n_units_l7': 256, 'n_units_l8': 2976, 'n_units_l9': 1664, 'n_units_l10': 2560, 'lr': 0.03189185047192716}. Best is trial 6 with value: 53.78273275897841.
[I 2025-03-22 00:15:25,463] Trial 11 finished with value: 125.07657381567624 and parameters: {'n_units_l0': 896, 'n_units_l1': 3168, 'n_units_l2': 2944, 'n_units_l3': 1920, 'n_units_l4': 2496, 'n_units_l5': 192, 'n_units_l6': 4096, 'n_units_l7': 672, 'n_units_l8': 1536, 'n_units_l9': 128, 'n_units_l10': 2176, 'lr': 0.03332840642121099}. Best is trial 6 with value: 53.78273275897841.
/trinity/home/fisheye/.local/lib/python3.9/site-packages/numpy/lib/function_base.py:4530: RuntimeWarning: invalid value encountered in subtract
  subtract(b, diff_b_a * (1 - t), out=lerp_interpolation, where=t >= 0.5)
[I 2025-03-22 00:15:34,378] Trial 6 finished with value: 138.33373298865158 and parameters: {'n_units_l0': 928, 'n_units_l1': 3136, 'n_units_l2': 2816, 'n_units_l3': 2432, 'n_units_l4': 2176, 'n_units_l5': 544, 'n_units_l6': 2080, 'n_units_l7': 3136, 'n_units_l8': 3680, 'n_units_l9': 3520, 'n_units_l10': 2208, 'n_units_l11': 32, 'lr': 0.015520019748103998}. Best is trial 1 with value: 124.07698962910551.
[I 2025-03-22 00:15:37,960] Trial 12 finished with value: 69.26758117172191 and parameters: {'n_units_l0': 3392, 'n_units_l1': 3488, 'n_units_l2': 128, 'n_units_l3': 2624, 'n_units_l4': 2752, 'n_units_l5': 864, 'n_units_l6': 1120, 'n_units_l7': 1344, 'n_units_l8': 2656, 'n_units_l9': 960, 'n_units_l10': 1984, 'lr': 0.00014457967799484054}. Best is trial 6 with value: 53.78273275897841.
/trinity/home/fisheye/.local/lib/python3.9/site-packages/numpy/lib/function_base.py:4529: RuntimeWarning: invalid value encountered in multiply
  lerp_interpolation = asanyarray(add(a, diff_b_a * t, out=out))
[I 2025-03-22 00:15:45,369] Trial 7 finished with value: inf and parameters: {'n_units_l0': 2016, 'n_units_l1': 1280, 'n_units_l2': 960, 'n_units_l3': 3744, 'n_units_l4': 1696, 'n_units_l5': 2048, 'n_units_l6': 1184, 'n_units_l7': 1280, 'n_units_l8': 1440, 'n_units_l9': 1760, 'n_units_l10': 224, 'n_units_l11': 3584, 'lr': 0.09442794006107169}. Best is trial 1 with value: 124.07698962910551.
[I 2025-03-22 00:15:54,345] Trial 13 finished with value: 72.19522709106849 and parameters: {'n_units_l0': 3616, 'n_units_l1': 3904, 'n_units_l2': 160, 'n_units_l3': 1440, 'n_units_l4': 2848, 'n_units_l5': 672, 'n_units_l6': 1056, 'n_units_l7': 3072, 'n_units_l8': 2848, 'n_units_l9': 1792, 'n_units_l10': 3296, 'lr': 2.853761330091766e-05}. Best is trial 6 with value: 53.78273275897841.
[I 2025-03-22 00:15:54,846] Trial 14 pruned. 
[I 2025-03-22 00:16:00,425] Trial 8 finished with value: inf and parameters: {'n_units_l0': 224, 'n_units_l1': 3232, 'n_units_l2': 1888, 'n_units_l3': 1184, 'n_units_l4': 3200, 'n_units_l5': 192, 'n_units_l6': 3424, 'n_units_l7': 3136, 'n_units_l8': 2112, 'n_units_l9': 1984, 'n_units_l10': 3104, 'n_units_l11': 96, 'lr': 0.06543256318670644}. Best is trial 1 with value: 124.07698962910551.
[I 2025-03-22 00:16:13,182] Trial 15 finished with value: 125.06749000171624 and parameters: {'n_units_l0': 3328, 'n_units_l1': 2240, 'n_units_l2': 736, 'n_units_l3': 2784, 'n_units_l4': 4032, 'n_units_l5': 64, 'n_units_l6': 1536, 'n_units_l7': 3264, 'n_units_l8': 3360, 'n_units_l9': 2624, 'n_units_l10': 1984, 'lr': 0.017384068304496528}. Best is trial 6 with value: 53.78273275897841.
[I 2025-03-22 00:16:20,678] Trial 9 finished with value: 124.09060223635228 and parameters: {'n_units_l0': 1984, 'n_units_l1': 2688, 'n_units_l2': 2208, 'n_units_l3': 3392, 'n_units_l4': 640, 'n_units_l5': 1888, 'n_units_l6': 3040, 'n_units_l7': 2624, 'n_units_l8': 1536, 'n_units_l9': 1760, 'n_units_l10': 3520, 'n_units_l11': 2848, 'lr': 0.02308838566493422}. Best is trial 1 with value: 124.07698962910551.
[I 2025-03-22 00:16:29,434] Trial 10 finished with value: 124.10965372763286 and parameters: {'n_units_l0': 3072, 'n_units_l1': 2432, 'n_units_l2': 160, 'n_units_l3': 3104, 'n_units_l4': 1280, 'n_units_l5': 3936, 'n_units_l6': 96, 'n_units_l7': 32, 'n_units_l8': 2784, 'n_units_l9': 32, 'n_units_l10': 1376, 'n_units_l11': 1056, 'lr': 0.07044660203211878}. Best is trial 1 with value: 124.07698962910551.
[I 2025-03-22 00:16:40,456] Trial 16 finished with value: 125.17558832451849 and parameters: {'n_units_l0': 3072, 'n_units_l1': 3456, 'n_units_l2': 2720, 'n_units_l3': 1440, 'n_units_l4': 2400, 'n_units_l5': 3968, 'n_units_l6': 2400, 'n_units_l7': 4064, 'n_units_l8': 2496, 'n_units_l9': 3072, 'n_units_l10': 2528, 'lr': 0.004793462765980264}. Best is trial 6 with value: 53.78273275897841.
[I 2025-03-22 00:16:40,782] Trial 17 pruned. 
[I 2025-03-22 00:16:42,305] Trial 11 finished with value: 37.53482103780195 and parameters: {'n_units_l0': 1472, 'n_units_l1': 2208, 'n_units_l2': 1120, 'n_units_l3': 4096, 'n_units_l4': 864, 'n_units_l5': 2720, 'n_units_l6': 1248, 'n_units_l7': 2432, 'n_units_l8': 1472, 'n_units_l9': 128, 'n_units_l10': 2848, 'n_units_l11': 2368, 'lr': 0.00024041373049195}. Best is trial 11 with value: 37.53482103780195.
/trinity/home/fisheye/.local/lib/python3.9/site-packages/numpy/lib/function_base.py:4530: RuntimeWarning: invalid value encountered in subtract
  subtract(b, diff_b_a * (1 - t), out=lerp_interpolation, where=t >= 0.5)
[I 2025-03-22 00:16:53,818] Trial 12 finished with value: 77.52110998117521 and parameters: {'n_units_l0': 1440, 'n_units_l1': 1824, 'n_units_l2': 992, 'n_units_l3': 4064, 'n_units_l4': 1088, 'n_units_l5': 2848, 'n_units_l6': 896, 'n_units_l7': 1824, 'n_units_l8': 2368, 'n_units_l9': 96, 'n_units_l10': 2688, 'n_units_l11': 1248, 'lr': 0.00282057185794514}. Best is trial 11 with value: 37.53482103780195.
/trinity/home/fisheye/.local/lib/python3.9/site-packages/numpy/lib/function_base.py:4529: RuntimeWarning: invalid value encountered in multiply
  lerp_interpolation = asanyarray(add(a, diff_b_a * t, out=out))
[I 2025-03-22 00:17:00,629] Trial 18 finished with value: 125.0989461464457 and parameters: {'n_units_l0': 1856, 'n_units_l1': 2304, 'n_units_l2': 32, 'n_units_l3': 2432, 'n_units_l4': 3456, 'n_units_l5': 1120, 'n_units_l6': 1472, 'n_units_l7': 2016, 'n_units_l8': 4096, 'n_units_l9': 4064, 'n_units_l10': 2912, 'lr': 0.01632121265147176}. Best is trial 6 with value: 53.78273275897841.
[I 2025-03-22 00:17:01,057] Trial 19 pruned. 
[I 2025-03-22 00:17:04,926] Trial 13 finished with value: 38.84181417793846 and parameters: {'n_units_l0': 1088, 'n_units_l1': 1888, 'n_units_l2': 896, 'n_units_l3': 4096, 'n_units_l4': 1120, 'n_units_l5': 2720, 'n_units_l6': 448, 'n_units_l7': 1824, 'n_units_l8': 2336, 'n_units_l9': 672, 'n_units_l10': 1632, 'n_units_l11': 1952, 'lr': 0.0013138663016317885}. Best is trial 11 with value: 37.53482103780195.
[I 2025-03-22 00:17:14,271] Trial 14 finished with value: 36.27798082331243 and parameters: {'n_units_l0': 1216, 'n_units_l1': 1888, 'n_units_l2': 160, 'n_units_l3': 3136, 'n_units_l4': 1344, 'n_units_l5': 2720, 'n_units_l6': 224, 'n_units_l7': 2784, 'n_units_l8': 960, 'n_units_l9': 800, 'n_units_l10': 1632, 'n_units_l11': 2176, 'lr': 0.0002717461530103299}. Best is trial 14 with value: 36.27798082331243.
[I 2025-03-22 00:17:14,901] Trial 15 pruned. 
[I 2025-03-22 00:17:23,915] Trial 20 finished with value: 93.10073615851576 and parameters: {'n_units_l0': 3168, 'n_units_l1': 3552, 'n_units_l2': 3360, 'n_units_l3': 4064, 'n_units_l4': 3616, 'n_units_l5': 480, 'n_units_l6': 704, 'n_units_l7': 800, 'n_units_l8': 3328, 'n_units_l9': 1472, 'n_units_l10': 2464, 'lr': 1.7537221675607427e-05}. Best is trial 6 with value: 53.78273275897841.
[I 2025-03-22 00:17:26,023] Trial 16 finished with value: 124.08407258161905 and parameters: {'n_units_l0': 1408, 'n_units_l1': 1664, 'n_units_l2': 672, 'n_units_l3': 2880, 'n_units_l4': 2624, 'n_units_l5': 3008, 'n_units_l6': 160, 'n_units_l7': 2400, 'n_units_l8': 832, 'n_units_l9': 640, 'n_units_l10': 1152, 'n_units_l11': 1952, 'lr': 0.01287263426792326}. Best is trial 14 with value: 36.27798082331243.
[I 2025-03-22 00:17:40,390] Trial 21 finished with value: 122.25720854403555 and parameters: {'n_units_l0': 3680, 'n_units_l1': 4096, 'n_units_l2': 32, 'n_units_l3': 1440, 'n_units_l4': 2976, 'n_units_l5': 992, 'n_units_l6': 1088, 'n_units_l7': 2912, 'n_units_l8': 2848, 'n_units_l9': 1824, 'n_units_l10': 3360, 'lr': 0.0006655107453508917}. Best is trial 6 with value: 53.78273275897841.
[I 2025-03-22 00:17:40,874] Trial 22 pruned. 
[I 2025-03-22 00:17:41,191] Trial 23 pruned. 
[I 2025-03-22 00:17:41,627] Trial 24 pruned. 
[I 2025-03-22 00:17:42,052] Trial 25 pruned. 
[I 2025-03-22 00:17:42,303] Trial 17 finished with value: 124.07878363751618 and parameters: {'n_units_l0': 32, 'n_units_l1': 2912, 'n_units_l2': 1376, 'n_units_l3': 1824, 'n_units_l4': 1600, 'n_units_l5': 1344, 'n_units_l6': 4064, 'n_units_l7': 2816, 'n_units_l8': 896, 'n_units_l9': 2560, 'n_units_l10': 2144, 'n_units_l11': 3200, 'lr': 0.03958751065220241}. Best is trial 14 with value: 36.27798082331243.
[I 2025-03-22 00:17:42,910] Trial 18 pruned. 
[I 2025-03-22 00:17:54,465] Trial 19 finished with value: 124.20801993902322 and parameters: {'n_units_l0': 1376, 'n_units_l1': 4000, 'n_units_l2': 1312, 'n_units_l3': 1856, 'n_units_l4': 32, 'n_units_l5': 3136, 'n_units_l6': 2368, 'n_units_l7': 1152, 'n_units_l8': 544, 'n_units_l9': 704, 'n_units_l10': 1856, 'n_units_l11': 1632, 'lr': 0.022454774009128035}. Best is trial 14 with value: 36.27798082331243.
[I 2025-03-22 00:17:54,808] Trial 20 pruned. 
[I 2025-03-22 00:17:57,962] Trial 26 finished with value: 21.68902841574288 and parameters: {'n_units_l0': 3168, 'n_units_l1': 3296, 'n_units_l2': 1792, 'n_units_l3': 832, 'n_units_l4': 2496, 'n_units_l5': 2272, 'n_units_l6': 1248, 'n_units_l7': 2304, 'n_units_l8': 2240, 'n_units_l9': 2400, 'n_units_l10': 896, 'lr': 0.00042217897995362936}. Best is trial 26 with value: 21.68902841574288.
[I 2025-03-22 00:17:58,978] Trial 27 pruned. 
[I 2025-03-22 00:17:59,507] Trial 28 pruned. 
[I 2025-03-22 00:17:59,963] Trial 29 pruned. 
[I 2025-03-22 00:18:00,286] Trial 30 pruned. 
[I 2025-03-22 00:18:01,433] Trial 31 pruned. 
[I 2025-03-22 00:18:05,126] Trial 21 finished with value: 37.628629884145916 and parameters: {'n_units_l0': 960, 'n_units_l1': 1984, 'n_units_l2': 672, 'n_units_l3': 3968, 'n_units_l4': 960, 'n_units_l5': 2720, 'n_units_l6': 512, 'n_units_l7': 1824, 'n_units_l8': 2688, 'n_units_l9': 544, 'n_units_l10': 1504, 'n_units_l11': 1760, 'lr': 0.0023345668259729334}. Best is trial 14 with value: 36.27798082331243.
[I 2025-03-22 00:18:18,175] Trial 32 finished with value: 27.919466799241874 and parameters: {'n_units_l0': 3904, 'n_units_l1': 3392, 'n_units_l2': 2944, 'n_units_l3': 1152, 'n_units_l4': 64, 'n_units_l5': 1504, 'n_units_l6': 1184, 'n_units_l7': 2464, 'n_units_l8': 2272, 'n_units_l9': 1920, 'n_units_l10': 2816, 'lr': 0.00033313219204271255}. Best is trial 26 with value: 21.68902841574288.
[I 2025-03-22 00:18:18,561] Trial 33 pruned. 
[I 2025-03-22 00:18:19,020] Trial 34 pruned. 
[I 2025-03-22 00:18:19,366] Trial 35 pruned. 
[I 2025-03-22 00:18:19,504] Trial 22 finished with value: 36.26477863094773 and parameters: {'n_units_l0': 736, 'n_units_l1': 800, 'n_units_l2': 544, 'n_units_l3': 4096, 'n_units_l4': 800, 'n_units_l5': 4032, 'n_units_l6': 512, 'n_units_l7': 2176, 'n_units_l8': 3008, 'n_units_l9': 4064, 'n_units_l10': 1216, 'n_units_l11': 1824, 'lr': 0.0009551016492180696}. Best is trial 22 with value: 36.26477863094773.
[I 2025-03-22 00:18:19,857] Trial 23 pruned. 
[I 2025-03-22 00:18:19,870] Trial 36 pruned. 
[I 2025-03-22 00:18:20,599] Trial 24 pruned. 
[I 2025-03-22 00:18:20,713] Trial 37 pruned. 
[I 2025-03-22 00:18:31,058] Trial 38 finished with value: 125.08872517500774 and parameters: {'n_units_l0': 2656, 'n_units_l1': 1280, 'n_units_l2': 3232, 'n_units_l3': 640, 'n_units_l4': 2624, 'n_units_l5': 2688, 'n_units_l6': 64, 'n_units_l7': 1888, 'n_units_l8': 1248, 'n_units_l9': 1568, 'n_units_l10': 1472, 'lr': 0.011541345177365213}. Best is trial 26 with value: 21.68902841574288.
[I 2025-03-22 00:18:31,257] Trial 25 finished with value: 21.341183502813657 and parameters: {'n_units_l0': 1312, 'n_units_l1': 1536, 'n_units_l2': 32, 'n_units_l3': 3328, 'n_units_l4': 832, 'n_units_l5': 3200, 'n_units_l6': 1440, 'n_units_l7': 2752, 'n_units_l8': 1184, 'n_units_l9': 2784, 'n_units_l10': 416, 'n_units_l11': 3136, 'lr': 0.00027730013288981565}. Best is trial 25 with value: 21.341183502813657.
[I 2025-03-22 00:18:31,573] Trial 39 pruned. 
[I 2025-03-22 00:18:31,739] Trial 26 pruned. 
[I 2025-03-22 00:18:33,726] Trial 40 pruned. 
[I 2025-03-22 00:18:35,461] Trial 41 pruned. 
[I 2025-03-22 00:18:36,541] Trial 42 pruned. 
[I 2025-03-22 00:18:43,049] Trial 27 finished with value: 124.78588836996985 and parameters: {'n_units_l0': 704, 'n_units_l1': 800, 'n_units_l2': 448, 'n_units_l3': 3360, 'n_units_l4': 1952, 'n_units_l5': 3776, 'n_units_l6': 32, 'n_units_l7': 3648, 'n_units_l8': 1088, 'n_units_l9': 3008, 'n_units_l10': 608, 'n_units_l11': 3232, 'lr': 0.01844491013545452}. Best is trial 25 with value: 21.341183502813657.
[I 2025-03-22 00:18:43,569] Trial 28 pruned. 
[I 2025-03-22 00:18:52,300] Trial 43 finished with value: 36.49520163960976 and parameters: {'n_units_l0': 3488, 'n_units_l1': 4064, 'n_units_l2': 896, 'n_units_l3': 2464, 'n_units_l4': 1952, 'n_units_l5': 256, 'n_units_l6': 512, 'n_units_l7': 2816, 'n_units_l8': 2144, 'n_units_l9': 2208, 'n_units_l10': 2720, 'lr': 0.0009758573888518373}. Best is trial 26 with value: 21.68902841574288.
[I 2025-03-22 00:18:55,807] Trial 29 finished with value: 124.10854591187228 and parameters: {'n_units_l0': 352, 'n_units_l1': 384, 'n_units_l2': 352, 'n_units_l3': 64, 'n_units_l4': 864, 'n_units_l5': 3808, 'n_units_l6': 640, 'n_units_l7': 2112, 'n_units_l8': 3424, 'n_units_l9': 4032, 'n_units_l10': 544, 'n_units_l11': 1536, 'lr': 0.010292659876488745}. Best is trial 25 with value: 21.341183502813657.
[I 2025-03-22 00:18:56,488] Trial 30 pruned. 
[I 2025-03-22 00:19:07,538] Trial 44 finished with value: 69.53784794067786 and parameters: {'n_units_l0': 2944, 'n_units_l1': 4096, 'n_units_l2': 896, 'n_units_l3': 2528, 'n_units_l4': 1536, 'n_units_l5': 320, 'n_units_l6': 416, 'n_units_l7': 2784, 'n_units_l8': 2208, 'n_units_l9': 2208, 'n_units_l10': 2752, 'lr': 3.3828542865738435e-05}. Best is trial 26 with value: 21.68902841574288.
[I 2025-03-22 00:19:10,122] Trial 31 finished with value: 37.701126680429184 and parameters: {'n_units_l0': 1664, 'n_units_l1': 2272, 'n_units_l2': 1120, 'n_units_l3': 3456, 'n_units_l4': 864, 'n_units_l5': 2336, 'n_units_l6': 1280, 'n_units_l7': 2528, 'n_units_l8': 1792, 'n_units_l9': 2880, 'n_units_l10': 1024, 'n_units_l11': 2272, 'lr': 0.001151644815826982}. Best is trial 25 with value: 21.341183502813657.
[I 2025-03-22 00:19:10,637] Trial 32 pruned. 
[I 2025-03-22 00:19:22,411] Trial 45 finished with value: 125.10946322903774 and parameters: {'n_units_l0': 3456, 'n_units_l1': 3296, 'n_units_l2': 1824, 'n_units_l3': 2880, 'n_units_l4': 1216, 'n_units_l5': 32, 'n_units_l6': 576, 'n_units_l7': 2144, 'n_units_l8': 1728, 'n_units_l9': 2752, 'n_units_l10': 2112, 'lr': 0.00790461208145201}. Best is trial 26 with value: 21.68902841574288.
[I 2025-03-22 00:19:22,569] Trial 33 finished with value: 124.09767446494358 and parameters: {'n_units_l0': 4064, 'n_units_l1': 2080, 'n_units_l2': 1600, 'n_units_l3': 3840, 'n_units_l4': 128, 'n_units_l5': 3456, 'n_units_l6': 320, 'n_units_l7': 2048, 'n_units_l8': 2080, 'n_units_l9': 352, 'n_units_l10': 2016, 'n_units_l11': 1856, 'lr': 0.01592061519669685}. Best is trial 25 with value: 21.341183502813657.
[I 2025-03-22 00:19:22,663] Trial 46 pruned. 
[I 2025-03-22 00:19:23,042] Trial 47 pruned. 
