[I 2025-03-21 23:28:17,841] Trial 93 finished with value: 98.64620208740234 and parameters: {'n_units_l0': 384, 'n_units_l1': 3808, 'n_units_l2': 384, 'n_units_l3': 2400, 'n_units_l4': 3296, 'n_units_l5': 2208, 'n_units_l6': 832, 'n_units_l7': 2848, 'n_units_l8': 2240, 'n_units_l9': 1120, 'lr': 0.00013074678265529411}. Best is trial 13 with value: 41.667076110839844.
[I 2025-03-21 23:28:18,150] Trial 94 pruned. 
[I 2025-03-21 23:28:18,423] Trial 95 pruned. 
[I 2025-03-21 23:28:18,661] Trial 96 pruned. 
[I 2025-03-21 23:28:18,825] Trial 97 pruned. 
[I 2025-03-21 23:28:19,094] Trial 98 pruned. 
[I 2025-03-21 23:28:19,355] Trial 99 pruned. 
[I 2025-03-21 23:28:19,364] A new study created in memory with name: no-name-85c1cc64-c4b0-4bb9-b7f7-75930f38bac2
[I 2025-03-21 23:28:20,308] Trial 1 finished with value: 96.45451354980469 and parameters: {'n_units_l0': 2112, 'n_units_l1': 4000, 'n_units_l2': 1152, 'n_units_l3': 896, 'n_units_l4': 3328, 'n_units_l5': 544, 'n_units_l6': 1440, 'n_units_l7': 3456, 'n_units_l8': 3392, 'n_units_l9': 2496, 'n_units_l10': 3904, 'lr': 0.0012690861563121956}. Best is trial 1 with value: 96.45451354980469.
[I 2025-03-21 23:28:21,925] Trial 0 finished with value: inf and parameters: {'n_units_l0': 1856, 'n_units_l1': 416, 'n_units_l2': 3072, 'n_units_l3': 480, 'n_units_l4': 2304, 'n_units_l5': 4032, 'n_units_l6': 1856, 'n_units_l7': 2720, 'n_units_l8': 2176, 'n_units_l9': 1152, 'n_units_l10': 1504, 'n_units_l11': 2240, 'lr': 0.05681531784932641}. Best is trial 0 with value: inf.
[I 2025-03-21 23:28:21,931] Trial 2 finished with value: 125.99714660644531 and parameters: {'n_units_l0': 2880, 'n_units_l1': 768, 'n_units_l2': 1216, 'n_units_l3': 2496, 'n_units_l4': 736, 'n_units_l5': 2432, 'n_units_l6': 704, 'n_units_l7': 3008, 'n_units_l8': 64, 'n_units_l9': 1696, 'n_units_l10': 3712, 'lr': 0.032266896997259716}. Best is trial 1 with value: 96.45451354980469.
[I 2025-03-21 23:28:23,377] Trial 1 finished with value: 148.70401000976562 and parameters: {'n_units_l0': 3136, 'n_units_l1': 352, 'n_units_l2': 768, 'n_units_l3': 1376, 'n_units_l4': 1248, 'n_units_l5': 1536, 'n_units_l6': 1056, 'n_units_l7': 2400, 'n_units_l8': 352, 'n_units_l9': 2112, 'n_units_l10': 2944, 'n_units_l11': 320, 'lr': 0.01863116578290027}. Best is trial 1 with value: 148.70401000976562.
[I 2025-03-21 23:28:25,636] Trial 3 finished with value: inf and parameters: {'n_units_l0': 3808, 'n_units_l1': 3648, 'n_units_l2': 3360, 'n_units_l3': 3008, 'n_units_l4': 2368, 'n_units_l5': 1024, 'n_units_l6': 3648, 'n_units_l7': 2592, 'n_units_l8': 1056, 'n_units_l9': 896, 'n_units_l10': 2080, 'lr': 0.06360911869464723}. Best is trial 1 with value: 96.45451354980469.
[I 2025-03-21 23:28:26,744] Trial 2 finished with value: inf and parameters: {'n_units_l0': 3712, 'n_units_l1': 3904, 'n_units_l2': 2720, 'n_units_l3': 1952, 'n_units_l4': 2368, 'n_units_l5': 2624, 'n_units_l6': 320, 'n_units_l7': 2688, 'n_units_l8': 256, 'n_units_l9': 3168, 'n_units_l10': 3392, 'n_units_l11': 832, 'lr': 0.05836617620900319}. Best is trial 1 with value: 148.70401000976562.
[I 2025-03-21 23:28:27,831] Trial 4 finished with value: inf and parameters: {'n_units_l0': 2144, 'n_units_l1': 1568, 'n_units_l2': 3200, 'n_units_l3': 2624, 'n_units_l4': 928, 'n_units_l5': 96, 'n_units_l6': 480, 'n_units_l7': 2784, 'n_units_l8': 2112, 'n_units_l9': 2240, 'n_units_l10': 1696, 'lr': 0.08199577492542551}. Best is trial 1 with value: 96.45451354980469.
/trinity/home/fisheye/.local/lib/python3.9/site-packages/numpy/lib/function_base.py:4529: RuntimeWarning: invalid value encountered in multiply
  lerp_interpolation = asanyarray(add(a, diff_b_a * t, out=out))
[I 2025-03-21 23:28:28,950] Trial 3 finished with value: inf and parameters: {'n_units_l0': 480, 'n_units_l1': 2944, 'n_units_l2': 2720, 'n_units_l3': 1024, 'n_units_l4': 32, 'n_units_l5': 3328, 'n_units_l6': 992, 'n_units_l7': 3744, 'n_units_l8': 160, 'n_units_l9': 2400, 'n_units_l10': 3904, 'n_units_l11': 1344, 'lr': 0.07580021159750487}. Best is trial 1 with value: 148.70401000976562.
[I 2025-03-21 23:28:30,141] Trial 5 finished with value: 99.70423889160156 and parameters: {'n_units_l0': 3520, 'n_units_l1': 2016, 'n_units_l2': 256, 'n_units_l3': 3616, 'n_units_l4': 2752, 'n_units_l5': 2944, 'n_units_l6': 1760, 'n_units_l7': 960, 'n_units_l8': 160, 'n_units_l9': 2880, 'n_units_l10': 704, 'lr': 0.0038410099311951976}. Best is trial 1 with value: 96.45451354980469.
[I 2025-03-21 23:28:30,483] Trial 6 pruned. 
[I 2025-03-21 23:28:30,877] Trial 7 pruned. 
[I 2025-03-21 23:28:31,058] Trial 4 finished with value: 129.65040588378906 and parameters: {'n_units_l0': 1728, 'n_units_l1': 448, 'n_units_l2': 2272, 'n_units_l3': 3328, 'n_units_l4': 1664, 'n_units_l5': 1088, 'n_units_l6': 384, 'n_units_l7': 3328, 'n_units_l8': 192, 'n_units_l9': 3808, 'n_units_l10': 2144, 'n_units_l11': 960, 'lr': 0.01280578355248475}. Best is trial 4 with value: 129.65040588378906.
/trinity/home/fisheye/.local/lib/python3.9/site-packages/numpy/lib/function_base.py:4527: RuntimeWarning: invalid value encountered in subtract
  diff_b_a = subtract(b, a)
[I 2025-03-21 23:28:33,115] Trial 5 finished with value: 130.48809814453125 and parameters: {'n_units_l0': 512, 'n_units_l1': 192, 'n_units_l2': 864, 'n_units_l3': 2880, 'n_units_l4': 4000, 'n_units_l5': 800, 'n_units_l6': 768, 'n_units_l7': 1088, 'n_units_l8': 2688, 'n_units_l9': 2688, 'n_units_l10': 352, 'n_units_l11': 2752, 'lr': 0.03746733610368331}. Best is trial 4 with value: 129.65040588378906.
/trinity/home/fisheye/.local/lib/python3.9/site-packages/numpy/lib/function_base.py:4530: RuntimeWarning: invalid value encountered in subtract
  subtract(b, diff_b_a * (1 - t), out=lerp_interpolation, where=t >= 0.5)
[I 2025-03-21 23:28:33,613] Trial 8 finished with value: 46.61098861694336 and parameters: {'n_units_l0': 1568, 'n_units_l1': 2208, 'n_units_l2': 4032, 'n_units_l3': 1920, 'n_units_l4': 224, 'n_units_l5': 2976, 'n_units_l6': 2112, 'n_units_l7': 3840, 'n_units_l8': 1056, 'n_units_l9': 1056, 'n_units_l10': 2528, 'lr': 0.00738758735424825}. Best is trial 8 with value: 46.61098861694336.
[I 2025-03-21 23:28:33,758] Trial 9 pruned. 
[I 2025-03-21 23:28:36,861] Trial 10 finished with value: 126.03826141357422 and parameters: {'n_units_l0': 608, 'n_units_l1': 256, 'n_units_l2': 2496, 'n_units_l3': 1472, 'n_units_l4': 32, 'n_units_l5': 1600, 'n_units_l6': 2624, 'n_units_l7': 3936, 'n_units_l8': 4000, 'n_units_l9': 4064, 'n_units_l10': 256, 'lr': 0.018247389789081213}. Best is trial 8 with value: 46.61098861694336.
[I 2025-03-21 23:28:37,119] Trial 6 finished with value: inf and parameters: {'n_units_l0': 2464, 'n_units_l1': 1248, 'n_units_l2': 4032, 'n_units_l3': 2208, 'n_units_l4': 3616, 'n_units_l5': 1632, 'n_units_l6': 1632, 'n_units_l7': 448, 'n_units_l8': 4032, 'n_units_l9': 2496, 'n_units_l10': 4000, 'n_units_l11': 3296, 'lr': 0.08879536207671201}. Best is trial 4 with value: 129.65040588378906.
[I 2025-03-21 23:28:37,709] Trial 11 pruned. 
[I 2025-03-21 23:28:38,165] Trial 12 pruned. 
[I 2025-03-21 23:28:38,449] Trial 13 pruned. 
[I 2025-03-21 23:28:38,708] Trial 14 pruned. 
[I 2025-03-21 23:28:39,051] Trial 7 finished with value: inf and parameters: {'n_units_l0': 1184, 'n_units_l1': 832, 'n_units_l2': 2304, 'n_units_l3': 2080, 'n_units_l4': 2400, 'n_units_l5': 2624, 'n_units_l6': 2656, 'n_units_l7': 128, 'n_units_l8': 2240, 'n_units_l9': 352, 'n_units_l10': 256, 'n_units_l11': 1280, 'lr': 0.09406806482091762}. Best is trial 4 with value: 129.65040588378906.
[I 2025-03-21 23:28:39,134] Trial 15 pruned. 
[I 2025-03-21 23:28:39,321] Trial 16 pruned. 
[I 2025-03-21 23:28:39,727] Trial 17 pruned. 
[I 2025-03-21 23:28:40,031] Trial 18 pruned. 
[I 2025-03-21 23:28:41,747] Trial 8 finished with value: inf and parameters: {'n_units_l0': 1248, 'n_units_l1': 3200, 'n_units_l2': 1216, 'n_units_l3': 3520, 'n_units_l4': 1248, 'n_units_l5': 3840, 'n_units_l6': 1920, 'n_units_l7': 3712, 'n_units_l8': 224, 'n_units_l9': 2816, 'n_units_l10': 544, 'n_units_l11': 4064, 'lr': 0.08889300559533996}. Best is trial 4 with value: 129.65040588378906.
[I 2025-03-21 23:28:42,774] Trial 19 finished with value: 126.14871215820312 and parameters: {'n_units_l0': 960, 'n_units_l1': 160, 'n_units_l2': 1632, 'n_units_l3': 32, 'n_units_l4': 3584, 'n_units_l5': 512, 'n_units_l6': 4064, 'n_units_l7': 3840, 'n_units_l8': 3360, 'n_units_l9': 1856, 'n_units_l10': 2912, 'lr': 0.011394928430269704}. Best is trial 8 with value: 46.61098861694336.
[I 2025-03-21 23:28:42,943] Trial 20 pruned. 
[I 2025-03-21 23:28:45,241] Trial 21 finished with value: 97.93427276611328 and parameters: {'n_units_l0': 3936, 'n_units_l1': 1984, 'n_units_l2': 192, 'n_units_l3': 3136, 'n_units_l4': 2592, 'n_units_l5': 2880, 'n_units_l6': 1824, 'n_units_l7': 1152, 'n_units_l8': 96, 'n_units_l9': 2560, 'n_units_l10': 224, 'lr': 0.0003019312712729704}. Best is trial 8 with value: 46.61098861694336.
[I 2025-03-21 23:28:45,628] Trial 22 pruned. 
[I 2025-03-21 23:28:45,652] Trial 9 finished with value: inf and parameters: {'n_units_l0': 1472, 'n_units_l1': 3616, 'n_units_l2': 3424, 'n_units_l3': 4000, 'n_units_l4': 2400, 'n_units_l5': 672, 'n_units_l6': 1920, 'n_units_l7': 128, 'n_units_l8': 288, 'n_units_l9': 2528, 'n_units_l10': 3872, 'n_units_l11': 3456, 'lr': 0.07334998062281585}. Best is trial 4 with value: 129.65040588378906.
[I 2025-03-21 23:28:45,866] Trial 23 pruned. 
[I 2025-03-21 23:28:46,116] Trial 24 pruned. 
[I 2025-03-21 23:28:46,297] Trial 25 pruned. 
[I 2025-03-21 23:28:46,661] Trial 26 pruned. 
[I 2025-03-21 23:28:47,262] Trial 27 pruned. 
[I 2025-03-21 23:28:47,514] Trial 28 pruned. 
[I 2025-03-21 23:28:47,700] Trial 29 pruned. 
[I 2025-03-21 23:28:48,053] Trial 30 pruned. 
[I 2025-03-21 23:28:48,292] Trial 31 pruned. 
[I 2025-03-21 23:28:48,313] Trial 10 finished with value: 99.42597198486328 and parameters: {'n_units_l0': 2688, 'n_units_l1': 1856, 'n_units_l2': 1696, 'n_units_l3': 3168, 'n_units_l4': 1280, 'n_units_l5': 224, 'n_units_l6': 4032, 'n_units_l7': 1888, 'n_units_l8': 1248, 'n_units_l9': 4096, 'n_units_l10': 1888, 'n_units_l11': 96, 'lr': 0.0018179846818631388}. Best is trial 10 with value: 99.42597198486328.
[I 2025-03-21 23:28:48,553] Trial 32 pruned. 
[I 2025-03-21 23:28:50,555] Trial 33 finished with value: 93.10972595214844 and parameters: {'n_units_l0': 3040, 'n_units_l1': 1056, 'n_units_l2': 224, 'n_units_l3': 3616, 'n_units_l4': 2976, 'n_units_l5': 2688, 'n_units_l6': 896, 'n_units_l7': 128, 'n_units_l8': 32, 'n_units_l9': 2976, 'n_units_l10': 992, 'lr': 0.0011223753020202603}. Best is trial 8 with value: 46.61098861694336.
[I 2025-03-21 23:28:50,754] Trial 34 pruned. 
[I 2025-03-21 23:28:50,837] Trial 11 finished with value: 129.8041534423828 and parameters: {'n_units_l0': 2528, 'n_units_l1': 1984, 'n_units_l2': 1696, 'n_units_l3': 3136, 'n_units_l4': 1248, 'n_units_l5': 32, 'n_units_l6': 3840, 'n_units_l7': 1600, 'n_units_l8': 1312, 'n_units_l9': 4000, 'n_units_l10': 2048, 'n_units_l11': 32, 'lr': 0.0029739245848313303}. Best is trial 10 with value: 99.42597198486328.
[I 2025-03-21 23:28:51,120] Trial 35 pruned. 
[I 2025-03-21 23:28:51,356] Trial 36 pruned. 
[I 2025-03-21 23:28:51,583] Trial 37 pruned. 
[I 2025-03-21 23:28:51,843] Trial 38 pruned. 
[I 2025-03-21 23:28:52,167] Trial 39 pruned. 
[I 2025-03-21 23:28:52,680] Trial 40 pruned. 
[I 2025-03-21 23:28:52,963] Trial 41 pruned. 
[I 2025-03-21 23:28:53,252] Trial 42 pruned. 
[I 2025-03-21 23:28:53,571] Trial 43 pruned. 
[I 2025-03-21 23:28:53,690] Trial 12 finished with value: 129.72413635253906 and parameters: {'n_units_l0': 3008, 'n_units_l1': 1760, 'n_units_l2': 1664, 'n_units_l3': 4096, 'n_units_l4': 416, 'n_units_l5': 160, 'n_units_l6': 3296, 'n_units_l7': 3136, 'n_units_l8': 1216, 'n_units_l9': 4096, 'n_units_l10': 1568, 'n_units_l11': 768, 'lr': 0.0041958018595487714}. Best is trial 10 with value: 99.42597198486328.
[I 2025-03-21 23:28:53,734] Trial 44 pruned. 
[I 2025-03-21 23:28:53,926] Trial 45 pruned. 
[I 2025-03-21 23:28:54,362] Trial 46 pruned. 
[I 2025-03-21 23:28:54,620] Trial 47 pruned. 
[I 2025-03-21 23:28:54,978] Trial 48 pruned. 
[I 2025-03-21 23:28:55,292] Trial 49 pruned. 
[I 2025-03-21 23:28:55,610] Trial 50 pruned. 
[I 2025-03-21 23:28:56,164] Trial 51 pruned. 
[I 2025-03-21 23:28:56,354] Trial 52 pruned. 
[I 2025-03-21 23:28:56,462] Trial 13 finished with value: 140.28884887695312 and parameters: {'n_units_l0': 2144, 'n_units_l1': 2592, 'n_units_l2': 256, 'n_units_l3': 2816, 'n_units_l4': 1760, 'n_units_l5': 1024, 'n_units_l6': 4032, 'n_units_l7': 1760, 'n_units_l8': 1216, 'n_units_l9': 3488, 'n_units_l10': 2560, 'n_units_l11': 1696, 'lr': 0.026208397489806454}. Best is trial 10 with value: 99.42597198486328.
[I 2025-03-21 23:28:56,524] Trial 53 pruned. 
[I 2025-03-21 23:28:56,740] Trial 54 pruned. 
[I 2025-03-21 23:28:56,980] Trial 55 pruned. 
[I 2025-03-21 23:28:58,772] Trial 14 finished with value: 142.46388244628906 and parameters: {'n_units_l0': 4032, 'n_units_l1': 1280, 'n_units_l2': 2176, 'n_units_l3': 3520, 'n_units_l4': 704, 'n_units_l5': 1344, 'n_units_l6': 2720, 'n_units_l7': 1216, 'n_units_l8': 928, 'n_units_l9': 3520, 'n_units_l10': 1184, 'n_units_l11': 576, 'lr': 0.017862007811619868}. Best is trial 10 with value: 99.42597198486328.
/trinity/home/fisheye/.local/lib/python3.9/site-packages/numpy/lib/function_base.py:4529: RuntimeWarning: invalid value encountered in multiply
  lerp_interpolation = asanyarray(add(a, diff_b_a * t, out=out))
[I 2025-03-21 23:28:59,546] Trial 56 finished with value: 97.79319763183594 and parameters: {'n_units_l0': 2496, 'n_units_l1': 3296, 'n_units_l2': 2336, 'n_units_l3': 3392, 'n_units_l4': 768, 'n_units_l5': 1600, 'n_units_l6': 800, 'n_units_l7': 3328, 'n_units_l8': 640, 'n_units_l9': 1024, 'n_units_l10': 3616, 'lr': 0.00012981836423590063}. Best is trial 8 with value: 46.61098861694336.
[I 2025-03-21 23:29:00,006] Trial 57 pruned. 
[I 2025-03-21 23:29:00,480] Trial 58 pruned. 
[I 2025-03-21 23:29:00,778] Trial 59 pruned. 
[I 2025-03-21 23:29:01,034] Trial 60 pruned. 
[I 2025-03-21 23:29:01,656] Trial 61 pruned. 
[I 2025-03-21 23:29:01,719] Trial 15 finished with value: 147.05506896972656 and parameters: {'n_units_l0': 3264, 'n_units_l1': 2464, 'n_units_l2': 1728, 'n_units_l3': 2560, 'n_units_l4': 2976, 'n_units_l5': 480, 'n_units_l6': 192, 'n_units_l7': 3296, 'n_units_l8': 1760, 'n_units_l9': 3648, 'n_units_l10': 2176, 'n_units_l11': 64, 'lr': 0.038427244471417835}. Best is trial 10 with value: 99.42597198486328.
[I 2025-03-21 23:29:01,871] Trial 62 pruned. 
[I 2025-03-21 23:29:02,051] Trial 63 pruned. 
[I 2025-03-21 23:29:02,301] Trial 64 pruned. 
[I 2025-03-21 23:29:02,528] Trial 65 pruned. 
[I 2025-03-21 23:29:02,797] Trial 66 pruned. 
[I 2025-03-21 23:29:03,000] Trial 67 pruned. 
[I 2025-03-21 23:29:03,511] Trial 68 pruned. 
[I 2025-03-21 23:29:03,992] Trial 69 pruned. 
[I 2025-03-21 23:29:04,344] Trial 70 pruned. 
[I 2025-03-21 23:29:04,434] Trial 16 finished with value: 107.47868347167969 and parameters: {'n_units_l0': 1824, 'n_units_l1': 1408, 'n_units_l2': 1312, 'n_units_l3': 3360, 'n_units_l4': 1664, 'n_units_l5': 2016, 'n_units_l6': 2592, 'n_units_l7': 2176, 'n_units_l8': 3008, 'n_units_l9': 1568, 'n_units_l10': 1024, 'n_units_l11': 1152, 'lr': 0.0014624274686318136}. Best is trial 10 with value: 99.42597198486328.
[I 2025-03-21 23:29:04,681] Trial 17 pruned. 
[I 2025-03-21 23:29:05,496] Trial 71 pruned. 
[I 2025-03-21 23:29:05,888] Trial 72 pruned. 
[I 2025-03-21 23:29:06,238] Trial 73 pruned. 
[I 2025-03-21 23:29:06,419] Trial 74 pruned. 
[I 2025-03-21 23:29:06,902] Trial 75 pruned. 
[I 2025-03-21 23:29:07,144] Trial 76 pruned. 
[I 2025-03-21 23:29:07,292] Trial 77 pruned. 
[I 2025-03-21 23:29:07,435] Trial 18 finished with value: 131.8561553955078 and parameters: {'n_units_l0': 2144, 'n_units_l1': 2272, 'n_units_l2': 1216, 'n_units_l3': 2624, 'n_units_l4': 2976, 'n_units_l5': 2048, 'n_units_l6': 2528, 'n_units_l7': 992, 'n_units_l8': 3648, 'n_units_l9': 1440, 'n_units_l10': 960, 'n_units_l11': 1248, 'lr': 0.0018173505489756968}. Best is trial 10 with value: 99.42597198486328.
[I 2025-03-21 23:29:07,465] Trial 78 pruned. 
[I 2025-03-21 23:29:07,705] Trial 19 pruned. 
[I 2025-03-21 23:29:07,725] Trial 79 pruned. 
[I 2025-03-21 23:29:08,027] Trial 80 pruned. 
[I 2025-03-21 23:29:08,251] Trial 81 pruned. 
[I 2025-03-21 23:29:08,466] Trial 82 pruned. 
[I 2025-03-21 23:29:08,737] Trial 83 pruned. 
[I 2025-03-21 23:29:09,041] Trial 84 pruned. 
[I 2025-03-21 23:29:09,341] Trial 85 pruned. 
[I 2025-03-21 23:29:09,466] Trial 20 pruned. 
[I 2025-03-21 23:29:09,474] Trial 86 pruned. 
[I 2025-03-21 23:29:09,974] Trial 87 pruned. 
[I 2025-03-21 23:29:10,099] Trial 88 pruned. 
[I 2025-03-21 23:29:10,381] Trial 89 pruned. 
[I 2025-03-21 23:29:10,608] Trial 90 pruned. 
[I 2025-03-21 23:29:10,776] Trial 21 pruned. 
[I 2025-03-21 23:29:10,883] Trial 91 pruned. 
[I 2025-03-21 23:29:11,136] Trial 92 pruned. 
[I 2025-03-21 23:29:11,139] Trial 22 pruned. 
[I 2025-03-21 23:29:11,408] Trial 93 pruned. 
[I 2025-03-21 23:29:12,445] Trial 94 pruned. 
[I 2025-03-21 23:29:12,667] Trial 95 pruned. 
[I 2025-03-21 23:29:12,945] Trial 96 pruned. 
[I 2025-03-21 23:29:13,221] Trial 23 finished with value: 149.6491241455078 and parameters: {'n_units_l0': 1856, 'n_units_l1': 1632, 'n_units_l2': 1440, 'n_units_l3': 2400, 'n_units_l4': 960, 'n_units_l5': 1792, 'n_units_l6': 3776, 'n_units_l7': 1600, 'n_units_l8': 704, 'n_units_l9': 896, 'n_units_l10': 672, 'n_units_l11': 352, 'lr': 0.01091424663695228}. Best is trial 10 with value: 99.42597198486328.
[I 2025-03-21 23:29:13,568] Trial 97 pruned. 
[I 2025-03-21 23:29:14,043] Trial 98 pruned. 
[I 2025-03-21 23:29:14,331] Trial 99 pruned. 
[I 2025-03-21 23:29:14,341] A new study created in memory with name: no-name-e4f66729-39b7-4354-a479-be746b976d00
[I 2025-03-21 23:29:15,619] Trial 24 finished with value: 129.8975067138672 and parameters: {'n_units_l0': 2240, 'n_units_l1': 32, 'n_units_l2': 1952, 'n_units_l3': 3328, 'n_units_l4': 1984, 'n_units_l5': 352, 'n_units_l6': 608, 'n_units_l7': 2592, 'n_units_l8': 3360, 'n_units_l9': 2016, 'n_units_l10': 1888, 'n_units_l11': 1152, 'lr': 0.008329161321296085}. Best is trial 10 with value: 99.42597198486328.
[I 2025-03-21 23:29:15,619] Trial 0 finished with value: 74.63320284111555 and parameters: {'n_units_l0': 1088, 'n_units_l1': 960, 'lr': 0.0033800640913292457}. Best is trial 0 with value: 74.63320284111555.
[I 2025-03-21 23:29:16,793] Trial 1 finished with value: 79.04491302895784 and parameters: {'n_units_l0': 3296, 'n_units_l1': 896, 'lr': 0.005611419486948539}. Best is trial 0 with value: 74.63320284111555.
[I 2025-03-21 23:29:18,108] Trial 2 finished with value: 63.898192522929754 and parameters: {'n_units_l0': 3776, 'n_units_l1': 3008, 'lr': 0.0670496313250002}. Best is trial 2 with value: 63.898192522929754.
[I 2025-03-21 23:29:18,203] Trial 25 finished with value: 129.76138305664062 and parameters: {'n_units_l0': 1568, 'n_units_l1': 2144, 'n_units_l2': 2496, 'n_units_l3': 3840, 'n_units_l4': 2048, 'n_units_l5': 960, 'n_units_l6': 1376, 'n_units_l7': 2912, 'n_units_l8': 1728, 'n_units_l9': 64, 'n_units_l10': 2496, 'n_units_l11': 736, 'lr': 0.02329889608101452}. Best is trial 10 with value: 99.42597198486328.
[I 2025-03-21 23:29:19,316] Trial 3 finished with value: 80.44108634771302 and parameters: {'n_units_l0': 2688, 'n_units_l1': 3616, 'lr': 0.06660744137397856}. Best is trial 2 with value: 63.898192522929754.
[I 2025-03-21 23:29:20,502] Trial 4 finished with value: 125.12779367643337 and parameters: {'n_units_l0': 3680, 'n_units_l1': 1664, 'lr': 0.09509761654636695}. Best is trial 2 with value: 63.898192522929754.
[I 2025-03-21 23:29:20,533] Trial 5 pruned. 
[I 2025-03-21 23:29:21,833] Trial 6 finished with value: 50.08592796959354 and parameters: {'n_units_l0': 1472, 'n_units_l1': 1472, 'lr': 0.06963196668485902}. Best is trial 6 with value: 50.08592796959354.
[I 2025-03-21 23:29:21,862] Trial 26 finished with value: 97.91554260253906 and parameters: {'n_units_l0': 1152, 'n_units_l1': 1120, 'n_units_l2': 3232, 'n_units_l3': 2944, 'n_units_l4': 960, 'n_units_l5': 2592, 'n_units_l6': 2880, 'n_units_l7': 1312, 'n_units_l8': 2592, 'n_units_l9': 3168, 'n_units_l10': 3040, 'n_units_l11': 2560, 'lr': 0.0001590085710205776}. Best is trial 26 with value: 97.91554260253906.
[I 2025-03-21 23:29:21,881] Trial 7 pruned. 
[I 2025-03-21 23:29:21,940] Trial 8 pruned. 
[I 2025-03-21 23:29:22,012] Trial 9 pruned. 
[I 2025-03-21 23:29:23,215] Trial 10 finished with value: 52.51595978087365 and parameters: {'n_units_l0': 64, 'n_units_l1': 224, 'lr': 0.03536346275079164}. Best is trial 6 with value: 50.08592796959354.
[I 2025-03-21 23:29:24,504] Trial 11 finished with value: 52.06289845209977 and parameters: {'n_units_l0': 96, 'n_units_l1': 2144, 'lr': 0.03251552866743042}. Best is trial 6 with value: 50.08592796959354.
[I 2025-03-21 23:29:25,544] Trial 27 finished with value: 163.65428161621094 and parameters: {'n_units_l0': 896, 'n_units_l1': 1504, 'n_units_l2': 4096, 'n_units_l3': 2880, 'n_units_l4': 384, 'n_units_l5': 2592, 'n_units_l6': 3008, 'n_units_l7': 736, 'n_units_l8': 2592, 'n_units_l9': 3200, 'n_units_l10': 3104, 'n_units_l11': 2528, 'lr': 0.0008741518402696934}. Best is trial 26 with value: 97.91554260253906.
[I 2025-03-21 23:29:25,696] Trial 12 finished with value: 51.4850139681287 and parameters: {'n_units_l0': 192, 'n_units_l1': 2336, 'lr': 0.04042548727802825}. Best is trial 6 with value: 50.08592796959354.
[I 2025-03-21 23:29:25,750] Trial 13 pruned. 
[I 2025-03-21 23:29:25,796] Trial 14 pruned. 
[I 2025-03-21 23:29:25,871] Trial 28 pruned. 
[I 2025-03-21 23:29:26,048] Trial 15 pruned. 
[I 2025-03-21 23:29:26,093] Trial 16 pruned. 
[I 2025-03-21 23:29:26,237] Trial 17 pruned. 
[I 2025-03-21 23:29:26,285] Trial 18 pruned. 
[I 2025-03-21 23:29:26,366] Trial 19 pruned. 
[I 2025-03-21 23:29:26,404] Trial 20 pruned. 
