[I 2025-03-22 00:03:31,483] Trial 11 finished with value: 39.441061827456934 and parameters: {'n_units_l0': 3968, 'n_units_l1': 2688, 'n_units_l2': 2976, 'n_units_l3': 2816, 'n_units_l4': 3040, 'n_units_l5': 4064, 'n_units_l6': 3648, 'lr': 0.002199401462226573}. Best is trial 4 with value: 36.94883763849048.
[I 2025-03-22 00:03:35,757] Trial 10 finished with value: 127.7785879707966 and parameters: {'n_units_l0': 1728, 'n_units_l1': 128, 'n_units_l2': 3872, 'n_units_l3': 160, 'n_units_l4': 1792, 'n_units_l5': 2528, 'n_units_l6': 1824, 'n_units_l7': 4064, 'lr': 0.003809455132827544}. Best is trial 4 with value: 107.90159360174299.
[I 2025-03-22 00:03:42,728] Trial 11 finished with value: 127.80171498213664 and parameters: {'n_units_l0': 1824, 'n_units_l1': 96, 'n_units_l2': 4096, 'n_units_l3': 64, 'n_units_l4': 1568, 'n_units_l5': 2752, 'n_units_l6': 1856, 'n_units_l7': 4000, 'lr': 0.003543780757311023}. Best is trial 4 with value: 107.90159360174299.
[I 2025-03-22 00:03:46,971] Trial 12 finished with value: 30.41637761588937 and parameters: {'n_units_l0': 1664, 'n_units_l1': 2688, 'n_units_l2': 2784, 'n_units_l3': 2976, 'n_units_l4': 3136, 'n_units_l5': 2432, 'n_units_l6': 3040, 'lr': 0.0006270581898930074}. Best is trial 12 with value: 30.41637761588937.
[I 2025-03-22 00:03:47,308] Trial 13 pruned. 
[I 2025-03-22 00:03:47,659] Trial 14 pruned. 
[I 2025-03-22 00:03:48,056] Trial 15 pruned. 
[I 2025-03-22 00:03:48,317] Trial 16 pruned. 
[I 2025-03-22 00:03:48,680] Trial 17 pruned. 
[I 2025-03-22 00:03:49,082] Trial 18 pruned. 
[I 2025-03-22 00:03:49,549] Trial 19 pruned. 
[I 2025-03-22 00:03:50,008] Trial 20 pruned. 
[I 2025-03-22 00:03:50,449] Trial 12 finished with value: 75.5947419975457 and parameters: {'n_units_l0': 2336, 'n_units_l1': 32, 'n_units_l2': 3552, 'n_units_l3': 832, 'n_units_l4': 1152, 'n_units_l5': 1536, 'n_units_l6': 2400, 'n_units_l7': 4096, 'lr': 0.0005431446747310607}. Best is trial 12 with value: 75.5947419975457.
[I 2025-03-22 00:03:50,687] Trial 13 pruned. 
[I 2025-03-22 00:03:51,167] Trial 14 pruned. 
[I 2025-03-22 00:03:51,544] Trial 15 pruned. 
[I 2025-03-22 00:03:52,114] Trial 16 pruned. 
[I 2025-03-22 00:03:52,268] Trial 17 pruned. 
[I 2025-03-22 00:03:52,676] Trial 18 pruned. 
[I 2025-03-22 00:04:01,050] Trial 19 finished with value: 127.69960110100976 and parameters: {'n_units_l0': 3424, 'n_units_l1': 1728, 'n_units_l2': 1632, 'n_units_l3': 736, 'n_units_l4': 32, 'n_units_l5': 1312, 'n_units_l6': 2176, 'n_units_l7': 3680, 'lr': 0.040371688860928824}. Best is trial 12 with value: 75.5947419975457.
[I 2025-03-22 00:04:01,466] Trial 20 pruned. 
[I 2025-03-22 00:04:01,733] Trial 21 pruned. 
[I 2025-03-22 00:04:08,503] Trial 22 finished with value: 128.0740716512447 and parameters: {'n_units_l0': 3968, 'n_units_l1': 384, 'n_units_l2': 1600, 'n_units_l3': 640, 'n_units_l4': 64, 'n_units_l5': 544, 'n_units_l6': 3232, 'n_units_l7': 3712, 'lr': 0.03787502207804235}. Best is trial 12 with value: 75.5947419975457.
[I 2025-03-22 00:04:08,702] Trial 23 pruned. 
[I 2025-03-22 00:04:09,395] Trial 24 pruned. 
[I 2025-03-22 00:04:09,621] Trial 25 pruned. 
[I 2025-03-22 00:04:09,934] Trial 26 pruned. 
[I 2025-03-22 00:04:10,395] Trial 21 finished with value: 37.977935690463475 and parameters: {'n_units_l0': 4064, 'n_units_l1': 2496, 'n_units_l2': 3104, 'n_units_l3': 2784, 'n_units_l4': 2944, 'n_units_l5': 3744, 'n_units_l6': 4064, 'lr': 0.0018211956305666153}. Best is trial 12 with value: 30.41637761588937.
[I 2025-03-22 00:04:10,442] Trial 27 pruned. 
[I 2025-03-22 00:04:10,669] Trial 28 pruned. 
[I 2025-03-22 00:04:10,939] Trial 22 pruned. 
[I 2025-03-22 00:04:11,042] Trial 29 pruned. 
[I 2025-03-22 00:04:11,528] Trial 30 pruned. 
[I 2025-03-22 00:04:19,079] Trial 31 finished with value: 71.13898110468395 and parameters: {'n_units_l0': 1632, 'n_units_l1': 160, 'n_units_l2': 3808, 'n_units_l3': 256, 'n_units_l4': 1856, 'n_units_l5': 2592, 'n_units_l6': 1792, 'n_units_l7': 4064, 'lr': 2.1362013732837597e-05}. Best is trial 31 with value: 71.13898110468395.
[I 2025-03-22 00:04:28,545] Trial 32 finished with value: 37.28241005825131 and parameters: {'n_units_l0': 1568, 'n_units_l1': 736, 'n_units_l2': 3904, 'n_units_l3': 320, 'n_units_l4': 2720, 'n_units_l5': 3008, 'n_units_l6': 1472, 'n_units_l7': 4096, 'lr': 0.0020139931030091693}. Best is trial 32 with value: 37.28241005825131.
[I 2025-03-22 00:04:28,773] Trial 33 pruned. 
[I 2025-03-22 00:04:29,389] Trial 23 finished with value: 41.85914778984359 and parameters: {'n_units_l0': 2976, 'n_units_l1': 2464, 'n_units_l2': 3712, 'n_units_l3': 2496, 'n_units_l4': 2976, 'n_units_l5': 3648, 'n_units_l6': 2848, 'lr': 0.0012719765088337817}. Best is trial 12 with value: 30.41637761588937.
[I 2025-03-22 00:04:29,793] Trial 24 pruned. 
[I 2025-03-22 00:04:30,168] Trial 25 pruned. 
[I 2025-03-22 00:04:30,631] Trial 26 pruned. 
[I 2025-03-22 00:04:30,922] Trial 27 pruned. 
[I 2025-03-22 00:04:31,238] Trial 28 pruned. 
[I 2025-03-22 00:04:31,582] Trial 29 pruned. 
[I 2025-03-22 00:04:31,861] Trial 30 pruned. 
[I 2025-03-22 00:04:39,544] Trial 34 finished with value: 127.86745838127514 and parameters: {'n_units_l0': 2016, 'n_units_l1': 288, 'n_units_l2': 3488, 'n_units_l3': 32, 'n_units_l4': 3200, 'n_units_l5': 4096, 'n_units_l6': 1728, 'n_units_l7': 4064, 'lr': 0.0008542529723196864}. Best is trial 32 with value: 37.28241005825131.
[I 2025-03-22 00:04:39,761] Trial 35 pruned. 
[I 2025-03-22 00:04:40,115] Trial 36 pruned. 
[I 2025-03-22 00:04:51,159] Trial 37 finished with value: 37.19962542442599 and parameters: {'n_units_l0': 896, 'n_units_l1': 288, 'n_units_l2': 3328, 'n_units_l3': 288, 'n_units_l4': 2912, 'n_units_l5': 2848, 'n_units_l6': 2624, 'n_units_l7': 4096, 'lr': 0.000757423506139252}. Best is trial 37 with value: 37.19962542442599.
[I 2025-03-22 00:04:52,416] Trial 31 finished with value: 37.31368092217988 and parameters: {'n_units_l0': 4064, 'n_units_l1': 2432, 'n_units_l2': 3200, 'n_units_l3': 2784, 'n_units_l4': 2912, 'n_units_l5': 3840, 'n_units_l6': 4096, 'lr': 0.0009858455806150863}. Best is trial 12 with value: 30.41637761588937.
[I 2025-03-22 00:04:58,231] Trial 32 pruned. 
[I 2025-03-22 00:04:58,708] Trial 33 pruned. 
[I 2025-03-22 00:04:59,266] Trial 34 pruned. 
[I 2025-03-22 00:04:59,783] Trial 35 pruned. 
[I 2025-03-22 00:05:00,154] Trial 36 pruned. 
[I 2025-03-22 00:05:00,558] Trial 38 finished with value: 39.040234002343105 and parameters: {'n_units_l0': 992, 'n_units_l1': 928, 'n_units_l2': 3328, 'n_units_l3': 256, 'n_units_l4': 3232, 'n_units_l5': 2912, 'n_units_l6': 1536, 'n_units_l7': 3488, 'lr': 0.0017341121761550215}. Best is trial 37 with value: 37.19962542442599.
[I 2025-03-22 00:05:00,739] Trial 37 pruned. 
[I 2025-03-22 00:05:00,842] Trial 39 pruned. 
[I 2025-03-22 00:05:00,943] Trial 38 pruned. 
[I 2025-03-22 00:05:01,201] Trial 40 pruned. 
[I 2025-03-22 00:05:01,219] Trial 39 pruned. 
[I 2025-03-22 00:05:01,596] Trial 40 pruned. 
[I 2025-03-22 00:05:02,079] Trial 41 pruned. 
[I 2025-03-22 00:05:11,822] Trial 41 finished with value: 37.15040621112282 and parameters: {'n_units_l0': 1440, 'n_units_l1': 288, 'n_units_l2': 3968, 'n_units_l3': 224, 'n_units_l4': 3392, 'n_units_l5': 3264, 'n_units_l6': 1888, 'n_units_l7': 4096, 'lr': 0.0006012157347442993}. Best is trial 41 with value: 37.15040621112282.
[I 2025-03-22 00:05:12,086] Trial 42 pruned. 
[I 2025-03-22 00:05:14,881] Trial 42 pruned. 
[I 2025-03-22 00:05:15,381] Trial 43 pruned. 
[I 2025-03-22 00:05:15,885] Trial 44 pruned. 
[I 2025-03-22 00:05:16,294] Trial 45 pruned. 
[I 2025-03-22 00:05:16,751] Trial 46 pruned. 
[I 2025-03-22 00:05:17,041] Trial 47 pruned. 
[I 2025-03-22 00:05:17,443] Trial 48 pruned. 
[I 2025-03-22 00:05:17,791] Trial 49 pruned. 
[I 2025-03-22 00:05:18,015] Trial 50 pruned. 
[I 2025-03-22 00:05:20,954] Trial 43 finished with value: 25.67303956538537 and parameters: {'n_units_l0': 672, 'n_units_l1': 256, 'n_units_l2': 4096, 'n_units_l3': 32, 'n_units_l4': 3200, 'n_units_l5': 2784, 'n_units_l6': 1824, 'n_units_l7': 3584, 'lr': 0.00020799942274607876}. Best is trial 43 with value: 25.67303956538537.
[I 2025-03-22 00:05:21,226] Trial 44 pruned. 
[I 2025-03-22 00:05:21,499] Trial 45 pruned. 
[I 2025-03-22 00:05:21,778] Trial 46 pruned. 
[I 2025-03-22 00:05:23,187] Trial 51 pruned. 
[I 2025-03-22 00:05:23,825] Trial 52 pruned. 
[I 2025-03-22 00:05:24,345] Trial 53 pruned. 
[I 2025-03-22 00:05:24,839] Trial 54 pruned. 
[I 2025-03-22 00:05:25,290] Trial 55 pruned. 
[I 2025-03-22 00:05:25,638] Trial 56 pruned. 
[I 2025-03-22 00:05:26,014] Trial 57 pruned. 
[I 2025-03-22 00:05:26,339] Trial 58 pruned. 
[I 2025-03-22 00:05:26,773] Trial 59 pruned. 
[I 2025-03-22 00:05:27,186] Trial 60 pruned. 
[I 2025-03-22 00:05:30,216] Trial 47 finished with value: 26.234300405672283 and parameters: {'n_units_l0': 416, 'n_units_l1': 256, 'n_units_l2': 3968, 'n_units_l3': 128, 'n_units_l4': 3008, 'n_units_l5': 3168, 'n_units_l6': 1600, 'n_units_l7': 2592, 'lr': 0.0003498015522864595}. Best is trial 43 with value: 25.67303956538537.
[I 2025-03-22 00:05:30,373] Trial 48 pruned. 
[I 2025-03-22 00:05:30,761] Trial 49 pruned. 
[I 2025-03-22 00:05:31,051] Trial 50 pruned. 
[I 2025-03-22 00:05:38,545] Trial 61 pruned. 
[I 2025-03-22 00:05:38,991] Trial 62 pruned. 
[I 2025-03-22 00:05:39,443] Trial 63 pruned. 
[I 2025-03-22 00:05:39,448] Trial 51 finished with value: 13.685458815924012 and parameters: {'n_units_l0': 128, 'n_units_l1': 192, 'n_units_l2': 3648, 'n_units_l3': 192, 'n_units_l4': 2816, 'n_units_l5': 2880, 'n_units_l6': 1536, 'n_units_l7': 3840, 'lr': 0.0005890488023868334}. Best is trial 51 with value: 13.685458815924012.
[I 2025-03-22 00:05:39,642] Trial 52 pruned. 
[I 2025-03-22 00:05:39,732] Trial 64 pruned. 
[I 2025-03-22 00:05:45,587] Trial 65 pruned. 
[I 2025-03-22 00:05:45,988] Trial 66 pruned. 
[I 2025-03-22 00:05:46,418] Trial 67 pruned. 
[I 2025-03-22 00:05:46,847] Trial 68 pruned. 
[I 2025-03-22 00:05:47,365] Trial 69 pruned. 
[I 2025-03-22 00:05:47,808] Trial 70 pruned. 
[I 2025-03-22 00:05:48,014] Trial 53 finished with value: 20.859599324342835 and parameters: {'n_units_l0': 192, 'n_units_l1': 224, 'n_units_l2': 3744, 'n_units_l3': 32, 'n_units_l4': 2976, 'n_units_l5': 2624, 'n_units_l6': 1888, 'n_units_l7': 3840, 'lr': 0.0004676368564242733}. Best is trial 51 with value: 13.685458815924012.
[I 2025-03-22 00:05:48,046] Trial 71 pruned. 
[I 2025-03-22 00:05:48,315] Trial 54 pruned. 
[I 2025-03-22 00:05:48,375] Trial 72 pruned. 
[I 2025-03-22 00:05:48,537] Trial 55 pruned. 
[I 2025-03-22 00:05:48,726] Trial 73 pruned. 
[I 2025-03-22 00:05:48,975] Trial 74 pruned. 
[I 2025-03-22 00:05:49,318] Trial 75 pruned. 
[I 2025-03-22 00:05:49,649] Trial 76 pruned. 
[I 2025-03-22 00:05:50,142] Trial 77 pruned. 
[I 2025-03-22 00:05:50,557] Trial 78 pruned. 
[I 2025-03-22 00:05:51,005] Trial 79 pruned. 
[I 2025-03-22 00:05:51,237] Trial 80 pruned. 
[I 2025-03-22 00:05:51,493] Trial 81 pruned. 
[I 2025-03-22 00:05:51,711] Trial 82 pruned. 
[I 2025-03-22 00:05:52,127] Trial 83 pruned. 
[I 2025-03-22 00:05:52,462] Trial 84 pruned. 
[I 2025-03-22 00:05:52,764] Trial 85 pruned. 
[I 2025-03-22 00:05:53,094] Trial 86 pruned. 
[I 2025-03-22 00:05:53,359] Trial 87 pruned. 
[I 2025-03-22 00:05:53,774] Trial 88 pruned. 
[I 2025-03-22 00:05:54,317] Trial 89 pruned. 
[I 2025-03-22 00:05:54,643] Trial 90 pruned. 
[I 2025-03-22 00:05:54,990] Trial 91 pruned. 
[I 2025-03-22 00:05:55,394] Trial 92 pruned. 
[I 2025-03-22 00:05:55,801] Trial 93 pruned. 
[I 2025-03-22 00:05:56,229] Trial 94 pruned. 
[I 2025-03-22 00:05:56,766] Trial 95 pruned. 
[I 2025-03-22 00:05:57,113] Trial 96 pruned. 
[I 2025-03-22 00:05:57,729] Trial 97 pruned. 
[I 2025-03-22 00:05:58,176] Trial 98 pruned. 
[I 2025-03-22 00:05:58,536] Trial 99 pruned. 
[I 2025-03-22 00:05:58,555] A new study created in memory with name: no-name-b070cd0b-00ae-478e-9ea3-fe042281815a
[I 2025-03-22 00:06:01,298] Trial 56 finished with value: 73.6460375895988 and parameters: {'n_units_l0': 192, 'n_units_l1': 32, 'n_units_l2': 3424, 'n_units_l3': 2272, 'n_units_l4': 3072, 'n_units_l5': 2592, 'n_units_l6': 2272, 'n_units_l7': 2496, 'lr': 0.00013159279360016387}. Best is trial 51 with value: 13.685458815924012.
[I 2025-03-22 00:06:01,596] Trial 57 pruned. 
[I 2025-03-22 00:06:01,809] Trial 58 pruned. 
[I 2025-03-22 00:06:02,163] Trial 59 pruned. 
[I 2025-03-22 00:06:02,568] Trial 60 pruned. 
[I 2025-03-22 00:06:02,804] Trial 61 pruned. 
[I 2025-03-22 00:06:03,119] Trial 62 pruned. 
[I 2025-03-22 00:06:12,029] Trial 63 finished with value: 20.502606470592738 and parameters: {'n_units_l0': 800, 'n_units_l1': 160, 'n_units_l2': 3968, 'n_units_l3': 160, 'n_units_l4': 2848, 'n_units_l5': 3040, 'n_units_l6': 1792, 'n_units_l7': 3840, 'lr': 0.000141696370286473}. Best is trial 51 with value: 13.685458815924012.
[I 2025-03-22 00:06:12,259] Trial 64 pruned. 
[I 2025-03-22 00:06:12,550] Trial 65 pruned. 
[I 2025-03-22 00:06:12,897] Trial 66 pruned. 
[I 2025-03-22 00:06:14,816] Trial 0 finished with value: 133.32834134692988 and parameters: {'n_units_l0': 2144, 'n_units_l1': 480, 'n_units_l2': 384, 'n_units_l3': 4032, 'n_units_l4': 1920, 'n_units_l5': 3680, 'n_units_l6': 3296, 'n_units_l7': 3456, 'n_units_l8': 1568, 'lr': 0.042217923614584436}. Best is trial 0 with value: 133.32834134692988.
[I 2025-03-22 00:06:21,400] Trial 67 finished with value: 18.080296758771336 and parameters: {'n_units_l0': 1088, 'n_units_l1': 256, 'n_units_l2': 3040, 'n_units_l3': 128, 'n_units_l4': 2848, 'n_units_l5': 2400, 'n_units_l6': 2080, 'n_units_l7': 3936, 'lr': 0.00014753252322945555}. Best is trial 51 with value: 13.685458815924012.
[I 2025-03-22 00:06:21,624] Trial 68 pruned. 
[I 2025-03-22 00:06:21,935] Trial 69 pruned. 
[I 2025-03-22 00:06:22,191] Trial 70 pruned. 
[I 2025-03-22 00:06:22,467] Trial 71 pruned. 
[I 2025-03-22 00:06:31,162] Trial 72 finished with value: 32.86207545315079 and parameters: {'n_units_l0': 1280, 'n_units_l1': 320, 'n_units_l2': 3648, 'n_units_l3': 320, 'n_units_l4': 2176, 'n_units_l5': 3008, 'n_units_l6': 1792, 'n_units_l7': 3968, 'lr': 0.0004605728621604287}. Best is trial 51 with value: 13.685458815924012.
[I 2025-03-22 00:06:31,414] Trial 73 pruned. 
[I 2025-03-22 00:06:31,661] Trial 74 pruned. 
[I 2025-03-22 00:06:31,915] Trial 75 pruned. 
[I 2025-03-22 00:06:32,245] Trial 76 pruned. 
[I 2025-03-22 00:06:36,838] Trial 1 finished with value: 126.54247717739136 and parameters: {'n_units_l0': 1408, 'n_units_l1': 1024, 'n_units_l2': 2048, 'n_units_l3': 3968, 'n_units_l4': 3200, 'n_units_l5': 3968, 'n_units_l6': 2176, 'n_units_l7': 3776, 'n_units_l8': 3424, 'lr': 0.06361673155940432}. Best is trial 1 with value: 126.54247717739136.
[I 2025-03-22 00:06:44,344] Trial 77 finished with value: 29.189741556400513 and parameters: {'n_units_l0': 1024, 'n_units_l1': 672, 'n_units_l2': 3488, 'n_units_l3': 480, 'n_units_l4': 2848, 'n_units_l5': 3552, 'n_units_l6': 2176, 'n_units_l7': 3936, 'lr': 0.00013299827831748408}. Best is trial 51 with value: 13.685458815924012.
[I 2025-03-22 00:06:44,798] Trial 78 pruned. 
[I 2025-03-22 00:06:48,640] Trial 79 pruned. 
[I 2025-03-22 00:06:48,943] Trial 80 pruned. 
[I 2025-03-22 00:06:49,196] Trial 81 pruned. 
[I 2025-03-22 00:06:49,252] Trial 2 finished with value: 124.04498762650924 and parameters: {'n_units_l0': 352, 'n_units_l1': 2592, 'n_units_l2': 2240, 'n_units_l3': 896, 'n_units_l4': 3808, 'n_units_l5': 3744, 'n_units_l6': 608, 'n_units_l7': 2528, 'n_units_l8': 1824, 'lr': 0.04095388521680027}. Best is trial 2 with value: 124.04498762650924.
[I 2025-03-22 00:06:49,619] Trial 82 pruned. 
[I 2025-03-22 00:06:49,972] Trial 83 pruned. 
[I 2025-03-22 00:06:50,214] Trial 84 pruned. 
[I 2025-03-22 00:06:50,819] Trial 85 pruned. 
[I 2025-03-22 00:06:51,167] Trial 86 pruned. 
[I 2025-03-22 00:06:51,422] Trial 87 pruned. 
[I 2025-03-22 00:06:51,645] Trial 88 pruned. 
[I 2025-03-22 00:06:51,881] Trial 89 pruned. 
[I 2025-03-22 00:06:52,113] Trial 90 pruned. 
[I 2025-03-22 00:06:52,397] Trial 91 pruned. 
[I 2025-03-22 00:06:58,518] Trial 3 finished with value: 125.03226619751986 and parameters: {'n_units_l0': 3552, 'n_units_l1': 1152, 'n_units_l2': 3456, 'n_units_l3': 960, 'n_units_l4': 3232, 'n_units_l5': 928, 'n_units_l6': 736, 'n_units_l7': 1920, 'n_units_l8': 2080, 'lr': 0.0817578298919611}. Best is trial 2 with value: 124.04498762650924.
[I 2025-03-22 00:07:04,234] Trial 92 finished with value: 35.62084097279967 and parameters: {'n_units_l0': 864, 'n_units_l1': 224, 'n_units_l2': 3104, 'n_units_l3': 256, 'n_units_l4': 3008, 'n_units_l5': 3168, 'n_units_l6': 2784, 'n_units_l7': 3840, 'lr': 0.0002068757110028239}. Best is trial 51 with value: 13.685458815924012.
[I 2025-03-22 00:07:04,570] Trial 93 pruned. 
[I 2025-03-22 00:07:04,998] Trial 94 pruned. 
[I 2025-03-22 00:07:05,215] Trial 95 pruned. 
[I 2025-03-22 00:07:05,842] Trial 96 pruned. 
[I 2025-03-22 00:07:06,087] Trial 97 pruned. 
[I 2025-03-22 00:07:06,313] Trial 98 pruned. 
[I 2025-03-22 00:07:06,614] Trial 99 pruned. 
[I 2025-03-22 00:07:06,634] A new study created in memory with name: no-name-90b53e6d-551d-47a4-a06e-8f590aca22ba
[I 2025-03-22 00:07:10,369] Trial 4 finished with value: 138.27351959480728 and parameters: {'n_units_l0': 2784, 'n_units_l1': 2944, 'n_units_l2': 1824, 'n_units_l3': 1344, 'n_units_l4': 1024, 'n_units_l5': 1792, 'n_units_l6': 672, 'n_units_l7': 3392, 'n_units_l8': 2816, 'lr': 0.01712091806722201}. Best is trial 2 with value: 124.04498762650924.
[I 2025-03-22 00:07:10,734] Trial 5 pruned. 
[I 2025-03-22 00:07:10,956] Trial 6 pruned. 
[I 2025-03-22 00:07:11,349] Trial 7 pruned. 
[I 2025-03-22 00:07:11,703] Trial 8 pruned. 
[I 2025-03-22 00:07:13,625] Trial 9 pruned. 
[I 2025-03-22 00:07:13,874] Trial 10 pruned. 
[I 2025-03-22 00:07:14,163] Trial 11 pruned. 
[I 2025-03-22 00:07:23,549] Trial 12 finished with value: 123.98478775654942 and parameters: {'n_units_l0': 4096, 'n_units_l1': 96, 'n_units_l2': 3072, 'n_units_l3': 2048, 'n_units_l4': 4096, 'n_units_l5': 736, 'n_units_l6': 224, 'n_units_l7': 2592, 'n_units_l8': 1952, 'lr': 0.03517145930588737}. Best is trial 12 with value: 123.98478775654942.
[I 2025-03-22 00:07:25,958] Trial 0 finished with value: inf and parameters: {'n_units_l0': 4096, 'n_units_l1': 3168, 'n_units_l2': 1280, 'n_units_l3': 3104, 'n_units_l4': 64, 'n_units_l5': 3136, 'n_units_l6': 1760, 'n_units_l7': 4000, 'n_units_l8': 3936, 'n_units_l9': 1120, 'lr': 0.09248417449219917}. Best is trial 0 with value: inf.
[I 2025-03-22 00:07:32,348] Trial 13 finished with value: 124.02379229837213 and parameters: {'n_units_l0': 864, 'n_units_l1': 128, 'n_units_l2': 2944, 'n_units_l3': 2144, 'n_units_l4': 4064, 'n_units_l5': 544, 'n_units_l6': 160, 'n_units_l7': 2688, 'n_units_l8': 1152, 'lr': 0.03442435418678248}. Best is trial 12 with value: 123.98478775654942.
[I 2025-03-22 00:07:36,340] Trial 1 finished with value: 125.16285740672906 and parameters: {'n_units_l0': 736, 'n_units_l1': 3680, 'n_units_l2': 224, 'n_units_l3': 1984, 'n_units_l4': 608, 'n_units_l5': 1696, 'n_units_l6': 3776, 'n_units_l7': 1120, 'n_units_l8': 3168, 'n_units_l9': 1440, 'lr': 0.021197514070157995}. Best is trial 1 with value: 125.16285740672906.
[I 2025-03-22 00:07:40,561] Trial 14 finished with value: 123.95716584260799 and parameters: {'n_units_l0': 4096, 'n_units_l1': 32, 'n_units_l2': 2976, 'n_units_l3': 2240, 'n_units_l4': 4096, 'n_units_l5': 192, 'n_units_l6': 32, 'n_units_l7': 2880, 'n_units_l8': 928, 'lr': 0.006863486086393346}. Best is trial 14 with value: 123.95716584260799.
[I 2025-03-22 00:07:47,254] Trial 2 finished with value: 124.8276281113887 and parameters: {'n_units_l0': 3904, 'n_units_l1': 704, 'n_units_l2': 800, 'n_units_l3': 3872, 'n_units_l4': 3776, 'n_units_l5': 608, 'n_units_l6': 2112, 'n_units_l7': 384, 'n_units_l8': 256, 'n_units_l9': 3520, 'lr': 0.07607196632884572}. Best is trial 2 with value: 124.8276281113887.
[I 2025-03-22 00:07:47,448] Trial 15 finished with value: 123.9912313035697 and parameters: {'n_units_l0': 4000, 'n_units_l1': 32, 'n_units_l2': 3072, 'n_units_l3': 2112, 'n_units_l4': 2240, 'n_units_l5': 64, 'n_units_l6': 1472, 'n_units_l7': 1184, 'n_units_l8': 704, 'lr': 0.008183034473984128}. Best is trial 14 with value: 123.95716584260799.
[I 2025-03-22 00:07:48,238] Trial 16 pruned. 
[I 2025-03-22 00:07:55,183] Trial 17 finished with value: 124.00302992891675 and parameters: {'n_units_l0': 3392, 'n_units_l1': 384, 'n_units_l2': 3168, 'n_units_l3': 1792, 'n_units_l4': 96, 'n_units_l5': 576, 'n_units_l6': 128, 'n_units_l7': 1344, 'n_units_l8': 64, 'lr': 0.02574163013332603}. Best is trial 14 with value: 123.95716584260799.
[I 2025-03-22 00:07:56,652] Trial 18 pruned. 
[I 2025-03-22 00:08:07,146] Trial 19 finished with value: 123.976768796306 and parameters: {'n_units_l0': 2432, 'n_units_l1': 64, 'n_units_l2': 1504, 'n_units_l3': 3328, 'n_units_l4': 3648, 'n_units_l5': 1248, 'n_units_l6': 32, 'n_units_l7': 1568, 'n_units_l8': 3232, 'lr': 0.01740282133682205}. Best is trial 14 with value: 123.95716584260799.
[I 2025-03-22 00:08:07,213] Trial 3 finished with value: inf and parameters: {'n_units_l0': 2880, 'n_units_l1': 3552, 'n_units_l2': 3616, 'n_units_l3': 3232, 'n_units_l4': 1376, 'n_units_l5': 1536, 'n_units_l6': 3616, 'n_units_l7': 544, 'n_units_l8': 3264, 'n_units_l9': 1632, 'lr': 0.08624888817605578}. Best is trial 2 with value: 124.8276281113887.
[I 2025-03-22 00:08:20,503] Trial 4 finished with value: 132.16141094373893 and parameters: {'n_units_l0': 3424, 'n_units_l1': 2560, 'n_units_l2': 2560, 'n_units_l3': 2016, 'n_units_l4': 1440, 'n_units_l5': 64, 'n_units_l6': 1888, 'n_units_l7': 1408, 'n_units_l8': 1856, 'n_units_l9': 3360, 'lr': 0.03215047964546906}. Best is trial 2 with value: 124.8276281113887.
/trinity/home/fisheye/.local/lib/python3.9/site-packages/numpy/lib/function_base.py:4529: RuntimeWarning: invalid value encountered in multiply
  lerp_interpolation = asanyarray(add(a, diff_b_a * t, out=out))
