[I 2025-03-21 23:48:53,251] Trial 2 finished with value: 127.92405935434195 and parameters: {'n_units_l0': 96, 'n_units_l1': 1280, 'n_units_l2': 3360, 'n_units_l3': 768, 'n_units_l4': 1312, 'n_units_l5': 160, 'n_units_l6': 1088, 'lr': 0.0746434207368383}. Best is trial 2 with value: 127.92405935434195.
[I 2025-03-21 23:48:56,019] Trial 11 finished with value: 37.38341482272323 and parameters: {'n_units_l0': 3040, 'n_units_l1': 896, 'n_units_l2': 96, 'n_units_l3': 640, 'n_units_l4': 4032, 'n_units_l5': 2656, 'lr': 0.005845671281901451}. Best is trial 11 with value: 37.38341482272323.
[I 2025-03-21 23:48:56,906] Trial 12 pruned. 
[I 2025-03-21 23:48:57,220] Trial 3 finished with value: 127.74172751813389 and parameters: {'n_units_l0': 992, 'n_units_l1': 480, 'n_units_l2': 1792, 'n_units_l3': 640, 'n_units_l4': 1344, 'n_units_l5': 384, 'n_units_l6': 3872, 'lr': 0.011809815763651659}. Best is trial 3 with value: 127.74172751813389.
[I 2025-03-21 23:48:57,756] Trial 13 pruned. 
[I 2025-03-21 23:48:59,152] Trial 14 pruned. 
[I 2025-03-21 23:48:59,311] Trial 15 pruned. 
[I 2025-03-21 23:49:03,083] Trial 16 finished with value: 91.09261781382935 and parameters: {'n_units_l0': 960, 'n_units_l1': 672, 'n_units_l2': 480, 'n_units_l3': 1440, 'n_units_l4': 3200, 'n_units_l5': 1248, 'lr': 0.01513502692421928}. Best is trial 11 with value: 37.38341482272323.
[I 2025-03-21 23:49:03,288] Trial 17 pruned. 
[I 2025-03-21 23:49:04,029] Trial 18 pruned. 
[I 2025-03-21 23:49:04,122] Trial 19 pruned. 
[I 2025-03-21 23:49:04,423] Trial 20 pruned. 
[I 2025-03-21 23:49:06,497] Trial 4 finished with value: 127.72801902800838 and parameters: {'n_units_l0': 3808, 'n_units_l1': 2848, 'n_units_l2': 4032, 'n_units_l3': 1952, 'n_units_l4': 928, 'n_units_l5': 3104, 'n_units_l6': 2272, 'lr': 0.031910977703752605}. Best is trial 4 with value: 127.72801902800838.
[I 2025-03-21 23:49:06,672] Trial 5 pruned. 
[I 2025-03-21 23:49:06,781] Trial 21 pruned. 
[I 2025-03-21 23:49:07,449] Trial 22 pruned. 
[I 2025-03-21 23:49:10,667] Trial 6 finished with value: 127.74487115693373 and parameters: {'n_units_l0': 128, 'n_units_l1': 1728, 'n_units_l2': 2144, 'n_units_l3': 2304, 'n_units_l4': 1664, 'n_units_l5': 32, 'n_units_l6': 1056, 'lr': 0.03715563496661789}. Best is trial 4 with value: 127.72801902800838.
[I 2025-03-21 23:49:11,238] Trial 23 finished with value: 47.02502389478434 and parameters: {'n_units_l0': 1184, 'n_units_l1': 1056, 'n_units_l2': 640, 'n_units_l3': 1056, 'n_units_l4': 3744, 'n_units_l5': 864, 'lr': 0.0021008487625572515}. Best is trial 11 with value: 37.38341482272323.
[I 2025-03-21 23:49:15,035] Trial 24 finished with value: 39.62449476232079 and parameters: {'n_units_l0': 1376, 'n_units_l1': 1088, 'n_units_l2': 768, 'n_units_l3': 1024, 'n_units_l4': 3808, 'n_units_l5': 896, 'lr': 0.0006555874713884153}. Best is trial 11 with value: 37.38341482272323.
[I 2025-03-21 23:49:15,156] Trial 25 pruned. 
[I 2025-03-21 23:49:15,345] Trial 26 pruned. 
[I 2025-03-21 23:49:15,608] Trial 27 pruned. 
[I 2025-03-21 23:49:16,148] Trial 28 pruned. 
[I 2025-03-21 23:49:16,230] Trial 29 pruned. 
[I 2025-03-21 23:49:16,499] Trial 30 pruned. 
[I 2025-03-21 23:49:19,086] Trial 7 finished with value: 127.73746223897325 and parameters: {'n_units_l0': 2112, 'n_units_l1': 4000, 'n_units_l2': 2240, 'n_units_l3': 4000, 'n_units_l4': 608, 'n_units_l5': 1952, 'n_units_l6': 4000, 'lr': 0.006205199483560242}. Best is trial 4 with value: 127.72801902800838.
[I 2025-03-21 23:49:19,399] Trial 8 pruned. 
[I 2025-03-21 23:49:19,524] Trial 9 pruned. 
[I 2025-03-21 23:49:19,712] Trial 10 pruned. 
[I 2025-03-21 23:49:20,274] Trial 31 finished with value: 43.0061108054915 and parameters: {'n_units_l0': 1280, 'n_units_l1': 992, 'n_units_l2': 704, 'n_units_l3': 1024, 'n_units_l4': 3712, 'n_units_l5': 832, 'lr': 0.002030248936298895}. Best is trial 11 with value: 37.38341482272323.
[I 2025-03-21 23:49:23,961] Trial 32 finished with value: 66.24301017641397 and parameters: {'n_units_l0': 1440, 'n_units_l1': 1056, 'n_units_l2': 288, 'n_units_l3': 1728, 'n_units_l4': 3712, 'n_units_l5': 384, 'lr': 0.00023567821059698128}. Best is trial 11 with value: 37.38341482272323.
[I 2025-03-21 23:49:24,353] Trial 33 pruned. 
[I 2025-03-21 23:49:24,457] Trial 34 pruned. 
[I 2025-03-21 23:49:24,611] Trial 35 pruned. 
[I 2025-03-21 23:49:24,748] Trial 36 pruned. 
[I 2025-03-21 23:49:25,006] Trial 37 pruned. 
[I 2025-03-21 23:49:25,144] Trial 38 pruned. 
[I 2025-03-21 23:49:25,251] Trial 39 pruned. 
[I 2025-03-21 23:49:25,424] Trial 40 pruned. 
[I 2025-03-21 23:49:27,227] Trial 11 finished with value: 127.7261145839169 and parameters: {'n_units_l0': 2912, 'n_units_l1': 2720, 'n_units_l2': 2944, 'n_units_l3': 4000, 'n_units_l4': 32, 'n_units_l5': 1792, 'n_units_l6': 2944, 'lr': 0.007404191748469982}. Best is trial 11 with value: 127.7261145839169.
[I 2025-03-21 23:49:27,529] Trial 12 pruned. 
[I 2025-03-21 23:49:29,217] Trial 41 finished with value: 43.02403087516105 and parameters: {'n_units_l0': 1152, 'n_units_l1': 1152, 'n_units_l2': 704, 'n_units_l3': 1056, 'n_units_l4': 3744, 'n_units_l5': 768, 'lr': 0.0025217692681138845}. Best is trial 11 with value: 37.38341482272323.
[I 2025-03-21 23:49:32,996] Trial 42 finished with value: 63.5846724185644 and parameters: {'n_units_l0': 1344, 'n_units_l1': 1216, 'n_units_l2': 288, 'n_units_l3': 992, 'n_units_l4': 4064, 'n_units_l5': 992, 'lr': 0.0005747210395703473}. Best is trial 11 with value: 37.38341482272323.
[I 2025-03-21 23:49:35,255] Trial 13 finished with value: 81.18661364738136 and parameters: {'n_units_l0': 2880, 'n_units_l1': 2560, 'n_units_l2': 4096, 'n_units_l3': 3232, 'n_units_l4': 64, 'n_units_l5': 1248, 'n_units_l6': 1952, 'lr': 0.0002706747397443433}. Best is trial 13 with value: 81.18661364738136.
[I 2025-03-21 23:49:36,794] Trial 43 finished with value: 37.53811983038618 and parameters: {'n_units_l0': 416, 'n_units_l1': 1824, 'n_units_l2': 2752, 'n_units_l3': 832, 'n_units_l4': 3392, 'n_units_l5': 640, 'lr': 0.005568562367627978}. Best is trial 11 with value: 37.38341482272323.
[I 2025-03-21 23:49:38,784] Trial 44 pruned. 
[I 2025-03-21 23:49:38,912] Trial 45 pruned. 
[I 2025-03-21 23:49:39,088] Trial 46 pruned. 
[I 2025-03-21 23:49:39,346] Trial 47 pruned. 
[I 2025-03-21 23:49:39,462] Trial 48 pruned. 
[I 2025-03-21 23:49:43,293] Trial 49 finished with value: 38.905745461349085 and parameters: {'n_units_l0': 2016, 'n_units_l1': 1408, 'n_units_l2': 2176, 'n_units_l3': 576, 'n_units_l4': 3872, 'n_units_l5': 896, 'lr': 0.0055396899681952804}. Best is trial 11 with value: 37.38341482272323.
[I 2025-03-21 23:49:43,423] Trial 50 pruned. 
[I 2025-03-21 23:49:43,583] Trial 51 pruned. 
[I 2025-03-21 23:49:43,710] Trial 52 pruned. 
[I 2025-03-21 23:49:43,844] Trial 53 pruned. 
[I 2025-03-21 23:49:43,959] Trial 54 pruned. 
[I 2025-03-21 23:49:44,105] Trial 55 pruned. 
[I 2025-03-21 23:49:44,250] Trial 56 pruned. 
[I 2025-03-21 23:49:44,358] Trial 57 pruned. 
[I 2025-03-21 23:49:44,605] Trial 58 pruned. 
[I 2025-03-21 23:49:44,719] Trial 59 pruned. 
[I 2025-03-21 23:49:44,804] Trial 14 finished with value: 38.80481289263033 and parameters: {'n_units_l0': 2720, 'n_units_l1': 2336, 'n_units_l2': 2880, 'n_units_l3': 3296, 'n_units_l4': 3584, 'n_units_l5': 1248, 'n_units_l6': 3232, 'lr': 0.0010321393971547015}. Best is trial 14 with value: 38.80481289263033.
[I 2025-03-21 23:49:47,852] Trial 60 pruned. 
[I 2025-03-21 23:49:48,038] Trial 61 pruned. 
[I 2025-03-21 23:49:48,161] Trial 62 pruned. 
[I 2025-03-21 23:49:51,806] Trial 15 finished with value: 93.48861620727698 and parameters: {'n_units_l0': 2656, 'n_units_l1': 2208, 'n_units_l2': 1248, 'n_units_l3': 3104, 'n_units_l4': 3776, 'n_units_l5': 992, 'n_units_l6': 1792, 'lr': 0.00022376963731243516}. Best is trial 14 with value: 38.80481289263033.
[I 2025-03-21 23:49:52,119] Trial 16 pruned. 
[I 2025-03-21 23:49:52,465] Trial 17 pruned. 
[I 2025-03-21 23:49:52,679] Trial 18 pruned. 
[I 2025-03-21 23:49:52,771] Trial 63 finished with value: 42.81479604830917 and parameters: {'n_units_l0': 1056, 'n_units_l1': 992, 'n_units_l2': 192, 'n_units_l3': 800, 'n_units_l4': 3712, 'n_units_l5': 4032, 'lr': 0.006325481813288108}. Best is trial 11 with value: 37.38341482272323.
[I 2025-03-21 23:49:52,945] Trial 64 pruned. 
[I 2025-03-21 23:49:53,100] Trial 65 pruned. 
[I 2025-03-21 23:49:53,234] Trial 66 pruned. 
[I 2025-03-21 23:49:53,411] Trial 67 pruned. 
[I 2025-03-21 23:49:53,584] Trial 68 pruned. 
[I 2025-03-21 23:49:53,727] Trial 69 pruned. 
[I 2025-03-21 23:49:53,845] Trial 70 pruned. 
[I 2025-03-21 23:49:57,649] Trial 71 finished with value: 40.617103137270945 and parameters: {'n_units_l0': 1056, 'n_units_l1': 1152, 'n_units_l2': 192, 'n_units_l3': 1056, 'n_units_l4': 3776, 'n_units_l5': 1184, 'lr': 0.0024638639047948447}. Best is trial 11 with value: 37.38341482272323.
[I 2025-03-21 23:49:57,919] Trial 19 finished with value: 82.3344349867362 and parameters: {'n_units_l0': 2144, 'n_units_l1': 1504, 'n_units_l2': 1536, 'n_units_l3': 2688, 'n_units_l4': 2048, 'n_units_l5': 1632, 'n_units_l6': 1824, 'lr': 0.00042087358734970294}. Best is trial 14 with value: 38.80481289263033.
[I 2025-03-21 23:49:58,224] Trial 20 pruned. 
[I 2025-03-21 23:49:59,460] Trial 72 pruned. 
[I 2025-03-21 23:49:59,586] Trial 73 pruned. 
[I 2025-03-21 23:49:59,740] Trial 74 pruned. 
[I 2025-03-21 23:49:59,968] Trial 75 pruned. 
[I 2025-03-21 23:50:00,085] Trial 76 pruned. 
[I 2025-03-21 23:50:03,480] Trial 21 finished with value: 51.78799104752721 and parameters: {'n_units_l0': 2144, 'n_units_l1': 1408, 'n_units_l2': 1600, 'n_units_l3': 2848, 'n_units_l4': 1984, 'n_units_l5': 1568, 'n_units_l6': 1984, 'lr': 0.001488022379150284}. Best is trial 14 with value: 38.80481289263033.
[I 2025-03-21 23:50:03,633] Trial 22 pruned. 
[I 2025-03-21 23:50:03,822] Trial 77 finished with value: 37.58579783414671 and parameters: {'n_units_l0': 2144, 'n_units_l1': 992, 'n_units_l2': 1312, 'n_units_l3': 608, 'n_units_l4': 832, 'n_units_l5': 928, 'lr': 0.0032581286859883537}. Best is trial 11 with value: 37.38341482272323.
[I 2025-03-21 23:50:03,943] Trial 78 pruned. 
[I 2025-03-21 23:50:04,050] Trial 79 pruned. 
[I 2025-03-21 23:50:04,180] Trial 80 pruned. 
[I 2025-03-21 23:50:04,436] Trial 81 pruned. 
[I 2025-03-21 23:50:04,651] Trial 82 pruned. 
[I 2025-03-21 23:50:04,752] Trial 83 pruned. 
[I 2025-03-21 23:50:04,865] Trial 84 pruned. 
[I 2025-03-21 23:50:06,529] Trial 85 pruned. 
[I 2025-03-21 23:50:06,683] Trial 86 pruned. 
[I 2025-03-21 23:50:06,795] Trial 87 pruned. 
[I 2025-03-21 23:50:07,042] Trial 88 pruned. 
[I 2025-03-21 23:50:07,173] Trial 89 pruned. 
[I 2025-03-21 23:50:07,278] Trial 90 pruned. 
[I 2025-03-21 23:50:07,434] Trial 91 pruned. 
[I 2025-03-21 23:50:08,181] Trial 92 pruned. 
[I 2025-03-21 23:50:08,426] Trial 93 pruned. 
[I 2025-03-21 23:50:08,541] Trial 94 pruned. 
[I 2025-03-21 23:50:10,628] Trial 95 pruned. 
[I 2025-03-21 23:50:10,781] Trial 23 finished with value: 41.62357417856388 and parameters: {'n_units_l0': 1984, 'n_units_l1': 2016, 'n_units_l2': 1856, 'n_units_l3': 2304, 'n_units_l4': 3360, 'n_units_l5': 2272, 'n_units_l6': 1504, 'lr': 0.0010655770001250092}. Best is trial 14 with value: 38.80481289263033.
[I 2025-03-21 23:50:11,042] Trial 24 pruned. 
[I 2025-03-21 23:50:11,362] Trial 25 pruned. 
[I 2025-03-21 23:50:11,580] Trial 26 pruned. 
[I 2025-03-21 23:50:11,823] Trial 27 pruned. 
[I 2025-03-21 23:50:12,053] Trial 28 pruned. 
[I 2025-03-21 23:50:12,273] Trial 29 pruned. 
[I 2025-03-21 23:50:12,476] Trial 30 pruned. 
[I 2025-03-21 23:50:12,838] Trial 31 pruned. 
[I 2025-03-21 23:50:14,407] Trial 96 finished with value: 42.8077764061733 and parameters: {'n_units_l0': 1952, 'n_units_l1': 992, 'n_units_l2': 832, 'n_units_l3': 768, 'n_units_l4': 3424, 'n_units_l5': 736, 'lr': 0.0021895917495052923}. Best is trial 11 with value: 37.38341482272323.
[I 2025-03-21 23:50:14,506] Trial 97 pruned. 
[I 2025-03-21 23:50:14,637] Trial 98 pruned. 
[I 2025-03-21 23:50:14,781] Trial 99 pruned. 
[I 2025-03-21 23:50:14,797] A new study created in memory with name: no-name-47ded3a2-ddc0-473a-9d88-229fef7a39fe
[I 2025-03-21 23:50:19,035] Trial 0 finished with value: 130.9212228612962 and parameters: {'n_units_l0': 4032, 'n_units_l1': 160, 'n_units_l2': 480, 'n_units_l3': 3008, 'n_units_l4': 1152, 'n_units_l5': 3456, 'n_units_l6': 1280, 'n_units_l7': 928, 'lr': 0.060696436434119906}. Best is trial 0 with value: 130.9212228612962.
[I 2025-03-21 23:50:22,461] Trial 32 finished with value: 76.08674230662598 and parameters: {'n_units_l0': 3296, 'n_units_l1': 3168, 'n_units_l2': 1952, 'n_units_l3': 3648, 'n_units_l4': 3232, 'n_units_l5': 1536, 'n_units_l6': 1728, 'lr': 0.0006762207577924426}. Best is trial 14 with value: 38.80481289263033.
[I 2025-03-21 23:50:22,760] Trial 33 pruned. 
[I 2025-03-21 23:50:23,144] Trial 34 pruned. 
[I 2025-03-21 23:50:23,222] Trial 1 finished with value: 561.4740113102532 and parameters: {'n_units_l0': 832, 'n_units_l1': 2912, 'n_units_l2': 608, 'n_units_l3': 1920, 'n_units_l4': 2688, 'n_units_l5': 1088, 'n_units_l6': 576, 'n_units_l7': 2528, 'lr': 0.09567868545778706}. Best is trial 0 with value: 130.9212228612962.
[I 2025-03-21 23:50:23,425] Trial 35 pruned. 
[I 2025-03-21 23:50:23,733] Trial 36 pruned. 
[I 2025-03-21 23:50:24,000] Trial 37 pruned. 
[I 2025-03-21 23:50:24,215] Trial 38 pruned. 
[I 2025-03-21 23:50:24,388] Trial 39 pruned. 
[I 2025-03-21 23:50:24,587] Trial 40 pruned. 
[I 2025-03-21 23:50:32,960] Trial 41 finished with value: 38.72031647285551 and parameters: {'n_units_l0': 2816, 'n_units_l1': 2560, 'n_units_l2': 2016, 'n_units_l3': 3168, 'n_units_l4': 3616, 'n_units_l5': 1280, 'n_units_l6': 1952, 'lr': 0.00291986556718509}. Best is trial 41 with value: 38.72031647285551.
[I 2025-03-21 23:50:33,394] Trial 42 pruned. 
[I 2025-03-21 23:50:33,689] Trial 43 pruned. 
[I 2025-03-21 23:50:33,971] Trial 44 pruned. 
[I 2025-03-21 23:50:34,190] Trial 2 finished with value: 140.62774293188954 and parameters: {'n_units_l0': 3520, 'n_units_l1': 2624, 'n_units_l2': 1952, 'n_units_l3': 2400, 'n_units_l4': 3424, 'n_units_l5': 3680, 'n_units_l6': 3040, 'n_units_l7': 128, 'lr': 0.01583544913571365}. Best is trial 0 with value: 130.9212228612962.
[I 2025-03-21 23:50:34,196] Trial 45 pruned. 
[I 2025-03-21 23:50:34,638] Trial 46 pruned. 
[I 2025-03-21 23:50:34,846] Trial 47 pruned. 
[I 2025-03-21 23:50:36,453] Trial 48 pruned. 
[I 2025-03-21 23:50:36,741] Trial 49 pruned. 
[I 2025-03-21 23:50:37,028] Trial 50 pruned. 
[I 2025-03-21 23:50:38,397] Trial 3 finished with value: 125.30266157162735 and parameters: {'n_units_l0': 2656, 'n_units_l1': 1376, 'n_units_l2': 736, 'n_units_l3': 1504, 'n_units_l4': 2432, 'n_units_l5': 288, 'n_units_l6': 3520, 'n_units_l7': 1248, 'lr': 0.03183473408400839}. Best is trial 3 with value: 125.30266157162735.
[I 2025-03-21 23:50:44,931] Trial 51 finished with value: 77.19794967432532 and parameters: {'n_units_l0': 2976, 'n_units_l1': 2592, 'n_units_l2': 3936, 'n_units_l3': 3232, 'n_units_l4': 352, 'n_units_l5': 1280, 'n_units_l6': 1792, 'lr': 0.0003097686655082348}. Best is trial 41 with value: 38.72031647285551.
[I 2025-03-21 23:50:45,188] Trial 52 pruned. 
[I 2025-03-21 23:50:45,428] Trial 53 pruned. 
[I 2025-03-21 23:50:45,679] Trial 54 pruned. 
[I 2025-03-21 23:50:45,872] Trial 55 pruned. 
[I 2025-03-21 23:50:46,175] Trial 56 pruned. 
[I 2025-03-21 23:50:46,319] Trial 57 pruned. 
[I 2025-03-21 23:50:46,363] Trial 4 finished with value: 125.2289530436198 and parameters: {'n_units_l0': 3936, 'n_units_l1': 2336, 'n_units_l2': 3296, 'n_units_l3': 2752, 'n_units_l4': 1888, 'n_units_l5': 1312, 'n_units_l6': 288, 'n_units_l7': 3392, 'lr': 0.052311557221240805}. Best is trial 4 with value: 125.2289530436198.
[I 2025-03-21 23:50:46,572] Trial 58 pruned. 
[I 2025-03-21 23:50:51,064] Trial 5 finished with value: 125.14781227859797 and parameters: {'n_units_l0': 32, 'n_units_l1': 1312, 'n_units_l2': 2464, 'n_units_l3': 3136, 'n_units_l4': 1984, 'n_units_l5': 544, 'n_units_l6': 96, 'n_units_l7': 1696, 'lr': 0.03289038794803747}. Best is trial 5 with value: 125.14781227859797.
[I 2025-03-21 23:50:51,674] Trial 6 pruned. 
[I 2025-03-21 23:50:51,958] Trial 7 pruned. 
[I 2025-03-21 23:50:52,113] Trial 8 pruned. 
[I 2025-03-21 23:50:52,436] Trial 9 pruned. 
[I 2025-03-21 23:50:52,795] Trial 10 pruned. 
[I 2025-03-21 23:50:52,915] Trial 11 pruned. 
[I 2025-03-21 23:50:53,112] Trial 12 pruned. 
[I 2025-03-21 23:50:53,353] Trial 13 pruned. 
[I 2025-03-21 23:50:53,659] Trial 14 pruned. 
[I 2025-03-21 23:50:54,084] Trial 15 pruned. 
[I 2025-03-21 23:50:55,643] Trial 59 finished with value: 51.09408576298879 and parameters: {'n_units_l0': 1952, 'n_units_l1': 1920, 'n_units_l2': 1408, 'n_units_l3': 3904, 'n_units_l4': 3488, 'n_units_l5': 2560, 'n_units_l6': 2368, 'lr': 0.0005475097116781301}. Best is trial 41 with value: 38.72031647285551.
[I 2025-03-21 23:50:55,993] Trial 60 pruned. 
[I 2025-03-21 23:50:58,265] Trial 16 finished with value: 78.3699866899478 and parameters: {'n_units_l0': 2400, 'n_units_l1': 2048, 'n_units_l2': 1824, 'n_units_l3': 704, 'n_units_l4': 352, 'n_units_l5': 608, 'n_units_l6': 96, 'n_units_l7': 1920, 'lr': 5.299665534333475e-05}. Best is trial 16 with value: 78.3699866899478.
[I 2025-03-21 23:51:02,434] Trial 17 finished with value: 31.270583099165773 and parameters: {'n_units_l0': 2208, 'n_units_l1': 1920, 'n_units_l2': 1632, 'n_units_l3': 64, 'n_units_l4': 32, 'n_units_l5': 576, 'n_units_l6': 1056, 'n_units_l7': 1888, 'lr': 0.0010845961918650386}. Best is trial 17 with value: 31.270583099165773.
[I 2025-03-21 23:51:04,707] Trial 61 finished with value: 97.54061837923729 and parameters: {'n_units_l0': 1632, 'n_units_l1': 1664, 'n_units_l2': 608, 'n_units_l3': 3904, 'n_units_l4': 3424, 'n_units_l5': 2528, 'n_units_l6': 4032, 'lr': 0.0001593095650071956}. Best is trial 41 with value: 38.72031647285551.
[I 2025-03-21 23:51:05,094] Trial 62 pruned. 
[I 2025-03-21 23:51:05,409] Trial 63 pruned. 
[I 2025-03-21 23:51:05,824] Trial 64 pruned. 
[I 2025-03-21 23:51:06,099] Trial 65 pruned. 
[I 2025-03-21 23:51:06,332] Trial 66 pruned. 
[I 2025-03-21 23:51:06,623] Trial 18 finished with value: 37.664421455532896 and parameters: {'n_units_l0': 2272, 'n_units_l1': 1888, 'n_units_l2': 1280, 'n_units_l3': 32, 'n_units_l4': 64, 'n_units_l5': 64, 'n_units_l6': 960, 'n_units_l7': 2240, 'lr': 0.0033363721965979504}. Best is trial 17 with value: 31.270583099165773.
[I 2025-03-21 23:51:06,669] Trial 67 pruned. 
[I 2025-03-21 23:51:11,349] Trial 19 finished with value: 70.79284303951887 and parameters: {'n_units_l0': 3264, 'n_units_l1': 3104, 'n_units_l2': 1024, 'n_units_l3': 96, 'n_units_l4': 32, 'n_units_l5': 64, 'n_units_l6': 1856, 'n_units_l7': 2528, 'lr': 8.536218202470115e-05}. Best is trial 17 with value: 31.270583099165773.
[I 2025-03-21 23:51:15,006] Trial 68 finished with value: 79.95889281231857 and parameters: {'n_units_l0': 2912, 'n_units_l1': 2112, 'n_units_l2': 2208, 'n_units_l3': 3360, 'n_units_l4': 3456, 'n_units_l5': 1216, 'n_units_l6': 2048, 'lr': 0.0003705195281864578}. Best is trial 41 with value: 38.72031647285551.
[I 2025-03-21 23:51:15,319] Trial 69 pruned. 
[I 2025-03-21 23:51:15,539] Trial 70 pruned. 
[I 2025-03-21 23:51:15,541] Trial 20 finished with value: 125.22115316951977 and parameters: {'n_units_l0': 2144, 'n_units_l1': 1760, 'n_units_l2': 1248, 'n_units_l3': 768, 'n_units_l4': 512, 'n_units_l5': 32, 'n_units_l6': 1024, 'n_units_l7': 2272, 'lr': 0.012521224191933415}. Best is trial 17 with value: 31.270583099165773.
[I 2025-03-21 23:51:19,754] Trial 21 finished with value: 37.275236331715305 and parameters: {'n_units_l0': 3392, 'n_units_l1': 2976, 'n_units_l2': 32, 'n_units_l3': 160, 'n_units_l4': 32, 'n_units_l5': 32, 'n_units_l6': 1792, 'n_units_l7': 2624, 'lr': 0.00024772097951342035}. Best is trial 17 with value: 31.270583099165773.
[I 2025-03-21 23:51:23,852] Trial 71 finished with value: 74.48508868161517 and parameters: {'n_units_l0': 2848, 'n_units_l1': 2112, 'n_units_l2': 2208, 'n_units_l3': 3360, 'n_units_l4': 3456, 'n_units_l5': 1248, 'n_units_l6': 1728, 'lr': 0.00022261225216908516}. Best is trial 41 with value: 38.72031647285551.
[I 2025-03-21 23:51:23,987] Trial 22 finished with value: 125.15264598372715 and parameters: {'n_units_l0': 3136, 'n_units_l1': 3104, 'n_units_l2': 96, 'n_units_l3': 576, 'n_units_l4': 32, 'n_units_l5': 448, 'n_units_l6': 2304, 'n_units_l7': 1472, 'lr': 0.007759988022162844}. Best is trial 17 with value: 31.270583099165773.
[I 2025-03-21 23:51:24,165] Trial 72 pruned. 
[I 2025-03-21 23:51:24,168] Trial 23 pruned. 
[I 2025-03-21 23:51:24,410] Trial 24 pruned. 
[I 2025-03-21 23:51:24,523] Trial 73 pruned. 
[I 2025-03-21 23:51:26,423] Trial 74 pruned. 
[I 2025-03-21 23:51:26,693] Trial 75 pruned. 
[I 2025-03-21 23:51:27,066] Trial 76 pruned. 
[I 2025-03-21 23:51:27,259] Trial 77 pruned. 
[I 2025-03-21 23:51:27,438] Trial 78 pruned. 
[I 2025-03-21 23:51:27,813] Trial 79 pruned. 
[I 2025-03-21 23:51:28,556] Trial 80 pruned. 
[I 2025-03-21 23:51:28,599] Trial 25 finished with value: 36.94904245613447 and parameters: {'n_units_l0': 2784, 'n_units_l1': 2144, 'n_units_l2': 960, 'n_units_l3': 352, 'n_units_l4': 256, 'n_units_l5': 1248, 'n_units_l6': 896, 'n_units_l7': 2048, 'lr': 0.004973926136952403}. Best is trial 17 with value: 31.270583099165773.
[I 2025-03-21 23:51:28,748] Trial 26 pruned. 
[I 2025-03-21 23:51:34,359] Trial 27 finished with value: 125.1520349938885 and parameters: {'n_units_l0': 3552, 'n_units_l1': 3552, 'n_units_l2': 928, 'n_units_l3': 960, 'n_units_l4': 352, 'n_units_l5': 2048, 'n_units_l6': 1344, 'n_units_l7': 1248, 'lr': 0.007028727740342477}. Best is trial 17 with value: 31.270583099165773.
[I 2025-03-21 23:51:34,560] Trial 28 pruned. 
[I 2025-03-21 23:51:34,673] Trial 29 pruned. 
[I 2025-03-21 23:51:34,945] Trial 30 pruned. 
