[I 2025-03-22 17:48:17,947] Trial 41 finished with value: 8.361167505219226 and parameters: {'n_units_l0': 736, 'n_units_l1': 480, 'n_units_l2': 288, 'n_units_l3': 2048, 'n_units_l4': 800, 'n_units_l5': 2816, 'n_units_l6': 1664, 'lr': 0.0039647085491128645}. Best is trial 27 with value: 4.53791453994791.
[I 2025-03-22 17:48:19,494] Trial 42 pruned. 
[I 2025-03-22 17:48:21,126] Trial 43 pruned. 
[I 2025-03-22 17:48:22,710] Trial 44 pruned. 
[I 2025-03-22 17:48:24,627] Trial 45 pruned. 
[I 2025-03-22 17:48:26,812] Trial 46 pruned. 
[I 2025-03-22 17:48:33,036] Trial 47 pruned. 
[I 2025-03-22 17:48:36,173] Trial 48 pruned. 
[I 2025-03-22 17:48:39,343] Trial 49 pruned. 
[I 2025-03-22 17:48:41,190] Trial 50 pruned. 
[I 2025-03-22 17:48:47,536] Trial 51 pruned. 
[I 2025-03-22 17:50:00,504] Trial 74 finished with value: 14.775764912506766 and parameters: {'n_units_l0': 128, 'n_units_l1': 1888, 'n_units_l2': 2208, 'n_units_l3': 1568, 'n_units_l4': 832, 'n_units_l5': 1888, 'n_units_l6': 2240, 'n_units_l7': 3264, 'lr': 0.002145045093312911}. Best is trial 2 with value: 7.5433477423271915.
[I 2025-03-22 17:50:19,683] Trial 75 pruned. 
[I 2025-03-22 17:50:22,918] Trial 76 pruned. 
[I 2025-03-22 17:50:25,552] Trial 77 pruned. 
[I 2025-03-22 17:50:27,908] Trial 78 pruned. 
[I 2025-03-22 17:50:29,701] Trial 79 pruned. 
[I 2025-03-22 17:50:32,605] Trial 80 pruned. 
[I 2025-03-22 17:50:46,389] Trial 81 pruned. 
[I 2025-03-22 17:51:03,485] Trial 82 pruned. 
[I 2025-03-22 17:51:19,497] Trial 83 pruned. 
[I 2025-03-22 17:51:21,696] Trial 84 pruned. 
[I 2025-03-22 17:51:24,420] Trial 52 finished with value: 31.720829889092233 and parameters: {'n_units_l0': 864, 'n_units_l1': 576, 'n_units_l2': 416, 'n_units_l3': 1984, 'n_units_l4': 1344, 'n_units_l5': 2848, 'n_units_l6': 1600, 'lr': 0.003844916562067436}. Best is trial 27 with value: 4.53791453994791.
[I 2025-03-22 17:51:26,142] Trial 53 pruned. 
[I 2025-03-22 17:51:34,000] Trial 54 pruned. 
[I 2025-03-22 17:51:35,682] Trial 55 pruned. 
[I 2025-03-22 17:51:37,256] Trial 56 pruned. 
[I 2025-03-22 17:51:38,800] Trial 57 pruned. 
[I 2025-03-22 17:51:40,835] Trial 58 pruned. 
[I 2025-03-22 17:51:54,863] Trial 59 pruned. 
[I 2025-03-22 17:51:56,570] Trial 60 pruned. 
[I 2025-03-22 17:52:09,246] Trial 61 pruned. 
[I 2025-03-22 17:52:40,358] Trial 62 pruned. 
[I 2025-03-22 17:52:42,170] Trial 63 pruned. 
[I 2025-03-22 17:52:43,857] Trial 64 pruned. 
[I 2025-03-22 17:52:45,403] Trial 65 pruned. 
[I 2025-03-22 17:52:46,986] Trial 66 pruned. 
[I 2025-03-22 17:52:49,857] Trial 67 pruned. 
[I 2025-03-22 17:54:34,959] Trial 85 finished with value: 12.406241604547938 and parameters: {'n_units_l0': 864, 'n_units_l1': 1632, 'n_units_l2': 1152, 'n_units_l3': 864, 'n_units_l4': 1184, 'n_units_l5': 1760, 'n_units_l6': 2240, 'n_units_l7': 3488, 'lr': 0.005329594865888743}. Best is trial 2 with value: 7.5433477423271915.
[I 2025-03-22 17:54:36,713] Trial 86 pruned. 
[I 2025-03-22 17:54:38,497] Trial 87 pruned. 
[I 2025-03-22 17:54:40,313] Trial 88 pruned. 
[I 2025-03-22 17:54:42,497] Trial 89 pruned. 
[I 2025-03-22 17:54:44,259] Trial 90 pruned. 
[I 2025-03-22 17:54:53,106] Trial 91 pruned. 
[I 2025-03-22 17:55:21,024] Trial 92 pruned. 
[I 2025-03-22 17:55:23,845] Trial 93 pruned. 
[I 2025-03-22 17:55:37,011] Trial 94 pruned. 
[I 2025-03-22 17:55:39,163] Trial 95 pruned. 
[I 2025-03-22 17:55:40,755] Trial 68 finished with value: 8.086620977106369 and parameters: {'n_units_l0': 384, 'n_units_l1': 32, 'n_units_l2': 640, 'n_units_l3': 2016, 'n_units_l4': 1920, 'n_units_l5': 3168, 'n_units_l6': 1984, 'lr': 0.0003574873508074251}. Best is trial 27 with value: 4.53791453994791.
[I 2025-03-22 17:55:41,462] Trial 96 pruned. 
[I 2025-03-22 17:55:43,815] Trial 97 pruned. 
[I 2025-03-22 17:55:51,101] Trial 69 pruned. 
[I 2025-03-22 17:55:53,941] Trial 70 pruned. 
[I 2025-03-22 17:55:55,559] Trial 71 pruned. 
[I 2025-03-22 17:55:57,532] Trial 72 pruned. 
[I 2025-03-22 17:55:59,186] Trial 73 pruned. 
[I 2025-03-22 17:56:00,965] Trial 74 pruned. 
[I 2025-03-22 17:58:37,584] Trial 75 finished with value: 9.680306493704087 and parameters: {'n_units_l0': 224, 'n_units_l1': 736, 'n_units_l2': 32, 'n_units_l3': 2272, 'n_units_l4': 832, 'n_units_l5': 4096, 'n_units_l6': 1632, 'lr': 0.0029788607074671242}. Best is trial 27 with value: 4.53791453994791.
[I 2025-03-22 17:58:39,666] Trial 76 pruned. 
[I 2025-03-22 17:58:44,332] Trial 77 pruned. 
[I 2025-03-22 17:58:51,338] Trial 78 pruned. 
[I 2025-03-22 17:58:52,913] Trial 79 pruned. 
[I 2025-03-22 17:58:54,614] Trial 80 pruned. 
[I 2025-03-22 17:59:07,285] Trial 81 pruned. 
[I 2025-03-22 17:59:08,863] Trial 82 pruned. 
[I 2025-03-22 17:59:10,437] Trial 83 pruned. 
[I 2025-03-22 17:59:24,143] Trial 84 pruned. 
[I 2025-03-22 17:59:25,950] Trial 85 pruned. 
[I 2025-03-22 17:59:27,554] Trial 86 pruned. 
[I 2025-03-22 17:59:32,189] Trial 87 pruned. 
[I 2025-03-22 17:59:34,474] Trial 88 pruned. 
[I 2025-03-22 18:00:00,146] Trial 98 finished with value: 7.344465615317884 and parameters: {'n_units_l0': 2048, 'n_units_l1': 1344, 'n_units_l2': 928, 'n_units_l3': 2912, 'n_units_l4': 1696, 'n_units_l5': 2080, 'n_units_l6': 2112, 'n_units_l7': 3712, 'lr': 0.0014798520271425356}. Best is trial 98 with value: 7.344465615317884.
[I 2025-03-22 18:00:09,675] Trial 99 pruned. 
[I 2025-03-22 18:00:09,931] A new study created in memory with name: no-name-22ae6196-9561-4ddd-980d-76a34080dc64
[I 2025-03-22 18:02:28,877] Trial 89 finished with value: 9.92005938282163 and parameters: {'n_units_l0': 256, 'n_units_l1': 672, 'n_units_l2': 1760, 'n_units_l3': 2048, 'n_units_l4': 1120, 'n_units_l5': 3616, 'n_units_l6': 1824, 'lr': 0.002743642733589314}. Best is trial 27 with value: 4.53791453994791.
[I 2025-03-22 18:02:30,643] Trial 90 pruned. 
[I 2025-03-22 18:03:52,869] Trial 0 finished with value: 124.9261514276816 and parameters: {'n_units_l0': 576, 'n_units_l1': 416, 'n_units_l2': 1216, 'n_units_l3': 160, 'n_units_l4': 3392, 'n_units_l5': 736, 'n_units_l6': 2752, 'n_units_l7': 2400, 'n_units_l8': 3904, 'lr': 0.06386376705845108}. Best is trial 0 with value: 124.9261514276816.
[I 2025-03-22 18:05:15,867] Trial 91 finished with value: 8.237414166307826 and parameters: {'n_units_l0': 512, 'n_units_l1': 640, 'n_units_l2': 1504, 'n_units_l3': 2016, 'n_units_l4': 1120, 'n_units_l5': 4096, 'n_units_l6': 1440, 'lr': 0.002136353472561112}. Best is trial 27 with value: 4.53791453994791.
[I 2025-03-22 18:05:30,664] Trial 92 pruned. 
[I 2025-03-22 18:05:33,996] Trial 93 pruned. 
[I 2025-03-22 18:05:38,256] Trial 94 pruned. 
[I 2025-03-22 18:05:44,191] Trial 95 pruned. 
[I 2025-03-22 18:05:52,124] Trial 96 pruned. 
[I 2025-03-22 18:05:53,907] Trial 97 pruned. 
[I 2025-03-22 18:08:30,309] Trial 98 finished with value: 7.970451806536497 and parameters: {'n_units_l0': 32, 'n_units_l1': 2400, 'n_units_l2': 1920, 'n_units_l3': 1536, 'n_units_l4': 1248, 'n_units_l5': 832, 'n_units_l6': 1472, 'lr': 0.0028622164178903372}. Best is trial 27 with value: 4.53791453994791.
[I 2025-03-22 18:08:31,887] Trial 99 pruned. 
[I 2025-03-22 18:08:32,149] A new study created in memory with name: no-name-871cc276-4f86-46d6-aec1-db2645adfa05
[I 2025-03-22 18:09:02,106] Trial 1 finished with value: 124.92952017734333 and parameters: {'n_units_l0': 2400, 'n_units_l1': 1824, 'n_units_l2': 3936, 'n_units_l3': 3264, 'n_units_l4': 576, 'n_units_l5': 1984, 'n_units_l6': 1312, 'n_units_l7': 1664, 'n_units_l8': 1152, 'lr': 0.010904216517409703}. Best is trial 0 with value: 124.9261514276816.
[I 2025-03-22 18:12:31,829] Trial 2 finished with value: 124.92752752417424 and parameters: {'n_units_l0': 2880, 'n_units_l1': 576, 'n_units_l2': 4000, 'n_units_l3': 2336, 'n_units_l4': 1312, 'n_units_l5': 448, 'n_units_l6': 736, 'n_units_l7': 2816, 'n_units_l8': 224, 'lr': 0.08932077609922877}. Best is trial 0 with value: 124.9261514276816.
[I 2025-03-22 18:12:46,153] Trial 0 finished with value: 124.84241265871744 and parameters: {'n_units_l0': 768, 'n_units_l1': 3776, 'n_units_l2': 1472, 'n_units_l3': 576, 'n_units_l4': 608, 'n_units_l5': 1504, 'n_units_l6': 640, 'n_units_l7': 3584, 'n_units_l8': 1568, 'n_units_l9': 3840, 'lr': 0.0179640605587333}. Best is trial 0 with value: 124.84241265871744.
[I 2025-03-22 18:18:07,935] Trial 3 finished with value: 124.93552048748481 and parameters: {'n_units_l0': 2048, 'n_units_l1': 3104, 'n_units_l2': 3712, 'n_units_l3': 672, 'n_units_l4': 3072, 'n_units_l5': 1184, 'n_units_l6': 1216, 'n_units_l7': 3104, 'n_units_l8': 2272, 'lr': 0.036354348810811385}. Best is trial 0 with value: 124.9261514276816.
[I 2025-03-22 18:19:08,741] Trial 1 finished with value: inf and parameters: {'n_units_l0': 2240, 'n_units_l1': 1280, 'n_units_l2': 2592, 'n_units_l3': 1088, 'n_units_l4': 2592, 'n_units_l5': 1568, 'n_units_l6': 2336, 'n_units_l7': 2944, 'n_units_l8': 2592, 'n_units_l9': 3488, 'lr': 0.07449930554267305}. Best is trial 0 with value: 124.84241265871744.
[I 2025-03-22 18:23:33,243] Trial 4 finished with value: 124.93515785854028 and parameters: {'n_units_l0': 2912, 'n_units_l1': 2464, 'n_units_l2': 1984, 'n_units_l3': 2176, 'n_units_l4': 320, 'n_units_l5': 2272, 'n_units_l6': 1056, 'n_units_l7': 3712, 'n_units_l8': 3424, 'lr': 0.09434896332484535}. Best is trial 0 with value: 124.9261514276816.
[I 2025-03-22 18:23:36,914] Trial 5 pruned. 
[I 2025-03-22 18:23:40,409] Trial 6 pruned. 
[I 2025-03-22 18:25:17,682] Trial 2 finished with value: 124.83443824375873 and parameters: {'n_units_l0': 1504, 'n_units_l1': 3680, 'n_units_l2': 2144, 'n_units_l3': 2848, 'n_units_l4': 2528, 'n_units_l5': 1056, 'n_units_l6': 3104, 'n_units_l7': 672, 'n_units_l8': 1472, 'n_units_l9': 4064, 'lr': 0.047915347608723055}. Best is trial 2 with value: 124.83443824375873.
[I 2025-03-22 18:26:59,320] Trial 7 finished with value: 124.93368276177377 and parameters: {'n_units_l0': 3392, 'n_units_l1': 320, 'n_units_l2': 352, 'n_units_l3': 2976, 'n_units_l4': 1344, 'n_units_l5': 2880, 'n_units_l6': 2112, 'n_units_l7': 832, 'n_units_l8': 1600, 'lr': 0.07911378670053358}. Best is trial 0 with value: 124.9261514276816.
[I 2025-03-22 18:27:01,915] Trial 8 pruned. 
[I 2025-03-22 18:27:07,888] Trial 9 pruned. 
[I 2025-03-22 18:27:12,609] Trial 10 pruned. 
[I 2025-03-22 18:27:14,421] Trial 11 pruned. 
[I 2025-03-22 18:27:16,206] Trial 12 pruned. 
[I 2025-03-22 18:27:18,567] Trial 13 pruned. 
[I 2025-03-22 18:31:05,175] Trial 3 finished with value: 124.83532806998166 and parameters: {'n_units_l0': 2560, 'n_units_l1': 3584, 'n_units_l2': 1920, 'n_units_l3': 576, 'n_units_l4': 3200, 'n_units_l5': 3264, 'n_units_l6': 224, 'n_units_l7': 2528, 'n_units_l8': 3104, 'n_units_l9': 64, 'lr': 0.01849255008691913}. Best is trial 2 with value: 124.83443824375873.
[I 2025-03-22 18:31:20,882] Trial 14 finished with value: 124.95413584643102 and parameters: {'n_units_l0': 3456, 'n_units_l1': 1504, 'n_units_l2': 2720, 'n_units_l3': 2304, 'n_units_l4': 1920, 'n_units_l5': 736, 'n_units_l6': 3936, 'n_units_l7': 64, 'n_units_l8': 2624, 'lr': 0.0570986011225212}. Best is trial 0 with value: 124.9261514276816.
[I 2025-03-22 18:34:25,978] Trial 15 finished with value: 69.49274295889796 and parameters: {'n_units_l0': 1152, 'n_units_l1': 32, 'n_units_l2': 2304, 'n_units_l3': 544, 'n_units_l4': 1280, 'n_units_l5': 864, 'n_units_l6': 2752, 'n_units_l7': 2112, 'n_units_l8': 2944, 'lr': 0.001763944653692076}. Best is trial 15 with value: 69.49274295889796.
[I 2025-03-22 18:34:28,977] Trial 16 pruned. 
[I 2025-03-22 18:34:30,975] Trial 17 pruned. 
[I 2025-03-22 18:34:33,130] Trial 18 pruned. 
[I 2025-03-22 18:36:29,549] Trial 4 finished with value: 124.87526429896553 and parameters: {'n_units_l0': 256, 'n_units_l1': 1376, 'n_units_l2': 992, 'n_units_l3': 3808, 'n_units_l4': 3904, 'n_units_l5': 1600, 'n_units_l6': 3008, 'n_units_l7': 1152, 'n_units_l8': 384, 'n_units_l9': 1856, 'lr': 0.05838357046147278}. Best is trial 2 with value: 124.83443824375873.
[I 2025-03-22 18:37:43,359] Trial 5 pruned. 
[I 2025-03-22 18:38:00,378] Trial 19 finished with value: 12.094278256667248 and parameters: {'n_units_l0': 1440, 'n_units_l1': 672, 'n_units_l2': 2400, 'n_units_l3': 1088, 'n_units_l4': 3584, 'n_units_l5': 832, 'n_units_l6': 2432, 'n_units_l7': 1120, 'n_units_l8': 2880, 'lr': 0.0020273856667923805}. Best is trial 19 with value: 12.094278256667248.
[I 2025-03-22 18:42:38,996] Trial 6 finished with value: 33.42490918446341 and parameters: {'n_units_l0': 704, 'n_units_l1': 544, 'n_units_l2': 576, 'n_units_l3': 1088, 'n_units_l4': 192, 'n_units_l5': 1344, 'n_units_l6': 3904, 'n_units_l7': 3552, 'n_units_l8': 2048, 'n_units_l9': 1728, 'lr': 0.005341099561092666}. Best is trial 6 with value: 33.42490918446341.
[I 2025-03-22 18:42:43,209] Trial 7 pruned. 
[I 2025-03-22 18:43:31,055] Trial 20 finished with value: 8.402605944808888 and parameters: {'n_units_l0': 1376, 'n_units_l1': 3136, 'n_units_l2': 3296, 'n_units_l3': 1216, 'n_units_l4': 2240, 'n_units_l5': 2624, 'n_units_l6': 1920, 'n_units_l7': 928, 'n_units_l8': 2784, 'lr': 0.0005652584034230937}. Best is trial 20 with value: 8.402605944808888.
[I 2025-03-22 18:46:59,961] Trial 8 finished with value: 14.372837489316796 and parameters: {'n_units_l0': 2112, 'n_units_l1': 1344, 'n_units_l2': 2944, 'n_units_l3': 2080, 'n_units_l4': 2144, 'n_units_l5': 224, 'n_units_l6': 3296, 'n_units_l7': 128, 'n_units_l8': 1792, 'n_units_l9': 3936, 'lr': 0.0016982250245830704}. Best is trial 8 with value: 14.372837489316796.
[I 2025-03-22 18:47:02,597] Trial 9 pruned. 
[I 2025-03-22 18:49:04,047] Trial 21 finished with value: 19.424030951343948 and parameters: {'n_units_l0': 1376, 'n_units_l1': 3200, 'n_units_l2': 3328, 'n_units_l3': 1216, 'n_units_l4': 2272, 'n_units_l5': 2592, 'n_units_l6': 2016, 'n_units_l7': 928, 'n_units_l8': 2752, 'lr': 0.0035856974047029783}. Best is trial 20 with value: 8.402605944808888.
[I 2025-03-22 18:49:07,604] Trial 22 pruned. 
[I 2025-03-22 18:54:13,963] Trial 10 finished with value: 124.83896489420717 and parameters: {'n_units_l0': 3712, 'n_units_l1': 2528, 'n_units_l2': 3424, 'n_units_l3': 1760, 'n_units_l4': 1472, 'n_units_l5': 96, 'n_units_l6': 4064, 'n_units_l7': 1504, 'n_units_l8': 4064, 'n_units_l9': 2752, 'lr': 0.02321953231612868}. Best is trial 8 with value: 14.372837489316796.
[I 2025-03-22 18:55:23,160] Trial 11 pruned. 
[I 2025-03-22 18:55:25,581] Trial 23 finished with value: 15.168227567778562 and parameters: {'n_units_l0': 1248, 'n_units_l1': 3008, 'n_units_l2': 3328, 'n_units_l3': 1632, 'n_units_l4': 2976, 'n_units_l5': 3424, 'n_units_l6': 2240, 'n_units_l7': 128, 'n_units_l8': 2880, 'lr': 0.0014013692230905282}. Best is trial 20 with value: 8.402605944808888.
[I 2025-03-22 18:55:29,850] Trial 24 pruned. 
[I 2025-03-22 18:55:33,492] Trial 25 pruned. 
[I 2025-03-22 18:58:56,474] Trial 12 finished with value: 44.31218995782986 and parameters: {'n_units_l0': 1504, 'n_units_l1': 1696, 'n_units_l2': 32, 'n_units_l3': 1568, 'n_units_l4': 1696, 'n_units_l5': 2592, 'n_units_l6': 3392, 'n_units_l7': 32, 'n_units_l8': 1056, 'n_units_l9': 1216, 'lr': 5.419967777207544e-06}. Best is trial 8 with value: 14.372837489316796.
[I 2025-03-22 18:59:03,239] Trial 13 pruned. 
[I 2025-03-22 18:59:09,608] Trial 14 pruned. 
[I 2025-03-22 18:59:12,343] Trial 15 pruned. 
[I 2025-03-22 18:59:15,189] Trial 16 pruned. 
[I 2025-03-22 18:59:20,254] Trial 17 pruned. 
[I 2025-03-22 18:59:24,378] Trial 18 pruned. 
[I 2025-03-22 18:59:28,336] Trial 19 pruned. 
[I 2025-03-22 18:59:32,435] Trial 20 pruned. 
[I 2025-03-22 19:01:56,101] Trial 26 finished with value: 8.745408480678856 and parameters: {'n_units_l0': 2272, 'n_units_l1': 2848, 'n_units_l2': 3008, 'n_units_l3': 992, 'n_units_l4': 3072, 'n_units_l5': 3968, 'n_units_l6': 2272, 'n_units_l7': 416, 'n_units_l8': 1952, 'lr': 0.0008929889445940323}. Best is trial 20 with value: 8.402605944808888.
[I 2025-03-22 19:02:00,389] Trial 27 pruned. 
[I 2025-03-22 19:02:03,835] Trial 28 pruned. 
[I 2025-03-22 19:02:08,357] Trial 29 pruned. 
[I 2025-03-22 19:02:11,716] Trial 30 pruned. 
[I 2025-03-22 19:03:12,956] Trial 21 finished with value: 10.632351258512566 and parameters: {'n_units_l0': 1664, 'n_units_l1': 1664, 'n_units_l2': 64, 'n_units_l3': 1728, 'n_units_l4': 1760, 'n_units_l5': 2656, 'n_units_l6': 3424, 'n_units_l7': 32, 'n_units_l8': 928, 'n_units_l9': 1120, 'lr': 0.0005793258850570388}. Best is trial 21 with value: 10.632351258512566.
[I 2025-03-22 19:06:15,589] Trial 22 finished with value: 35.06277277100232 and parameters: {'n_units_l0': 1664, 'n_units_l1': 1568, 'n_units_l2': 544, 'n_units_l3': 832, 'n_units_l4': 512, 'n_units_l5': 2656, 'n_units_l6': 3360, 'n_units_l7': 224, 'n_units_l8': 1280, 'n_units_l9': 736, 'lr': 0.005529486101901709}. Best is trial 21 with value: 10.632351258512566.
[I 2025-03-22 19:08:51,809] Trial 31 finished with value: 9.395003635717853 and parameters: {'n_units_l0': 1312, 'n_units_l1': 2784, 'n_units_l2': 3392, 'n_units_l3': 1376, 'n_units_l4': 3744, 'n_units_l5': 3648, 'n_units_l6': 2272, 'n_units_l7': 256, 'n_units_l8': 2112, 'lr': 0.0007799101687933103}. Best is trial 20 with value: 8.402605944808888.
[I 2025-03-22 19:11:36,727] Trial 23 finished with value: 5.499811446545878 and parameters: {'n_units_l0': 1024, 'n_units_l1': 2880, 'n_units_l2': 32, 'n_units_l3': 1856, 'n_units_l4': 2080, 'n_units_l5': 3968, 'n_units_l6': 3936, 'n_units_l7': 736, 'n_units_l8': 704, 'n_units_l9': 1376, 'lr': 0.0003423763402565219}. Best is trial 23 with value: 5.499811446545878.
[I 2025-03-22 19:11:42,831] Trial 24 pruned. 
[I 2025-03-22 19:11:50,771] Trial 25 pruned. 
[I 2025-03-22 19:15:41,689] Trial 26 finished with value: 6.426758332010509 and parameters: {'n_units_l0': 1024, 'n_units_l1': 1952, 'n_units_l2': 352, 'n_units_l3': 2976, 'n_units_l4': 1728, 'n_units_l5': 2976, 'n_units_l6': 2688, 'n_units_l7': 64, 'n_units_l8': 128, 'n_units_l9': 2048, 'lr': 0.0012877530473826074}. Best is trial 23 with value: 5.499811446545878.
[I 2025-03-22 19:15:46,765] Trial 27 pruned. 
[I 2025-03-22 19:15:53,134] Trial 28 pruned. 
[I 2025-03-22 19:15:53,978] Trial 32 finished with value: 11.972013361166418 and parameters: {'n_units_l0': 832, 'n_units_l1': 2656, 'n_units_l2': 3712, 'n_units_l3': 1344, 'n_units_l4': 3808, 'n_units_l5': 3648, 'n_units_l6': 2336, 'n_units_l7': 1088, 'n_units_l8': 1472, 'lr': 0.00024696349855564403}. Best is trial 20 with value: 8.402605944808888.
[I 2025-03-22 19:15:55,564] Trial 29 pruned. 
[I 2025-03-22 19:16:02,544] Trial 33 pruned. 
[I 2025-03-22 19:16:06,666] Trial 34 pruned. 
[I 2025-03-22 19:16:16,205] Trial 35 pruned. 
[I 2025-03-22 19:16:20,709] Trial 36 pruned. 
[I 2025-03-22 19:19:59,957] Trial 30 finished with value: 24.118992461434882 and parameters: {'n_units_l0': 64, 'n_units_l1': 2144, 'n_units_l2': 832, 'n_units_l3': 2720, 'n_units_l4': 2368, 'n_units_l5': 2880, 'n_units_l6': 1472, 'n_units_l7': 1408, 'n_units_l8': 288, 'n_units_l9': 576, 'lr': 0.009134383882725975}. Best is trial 23 with value: 5.499811446545878.
[I 2025-03-22 19:20:07,282] Trial 31 pruned. 
[I 2025-03-22 19:20:10,228] Trial 32 pruned. 
[I 2025-03-22 19:20:12,532] Trial 33 pruned. 
[I 2025-03-22 19:24:22,547] Trial 37 finished with value: 10.601659839531685 and parameters: {'n_units_l0': 512, 'n_units_l1': 2976, 'n_units_l2': 4000, 'n_units_l3': 2464, 'n_units_l4': 4064, 'n_units_l5': 3616, 'n_units_l6': 1728, 'n_units_l7': 736, 'n_units_l8': 1472, 'lr': 0.0001705038383812002}. Best is trial 20 with value: 8.402605944808888.
[I 2025-03-22 19:24:27,086] Trial 38 pruned. 
[I 2025-03-22 19:24:35,400] Trial 39 pruned. 
[I 2025-03-22 19:24:40,200] Trial 40 pruned. 
[I 2025-03-22 19:24:49,211] Trial 41 pruned. 
[I 2025-03-22 19:24:53,490] Trial 42 pruned. 
[I 2025-03-22 19:24:58,094] Trial 43 pruned. 
[I 2025-03-22 19:25:00,365] Trial 44 pruned. 
[I 2025-03-22 19:25:04,489] Trial 45 pruned. 
[I 2025-03-22 19:25:08,732] Trial 46 pruned. 
[I 2025-03-22 19:26:38,211] Trial 34 finished with value: 12.177629664012837 and parameters: {'n_units_l0': 1344, 'n_units_l1': 2656, 'n_units_l2': 2208, 'n_units_l3': 1440, 'n_units_l4': 2304, 'n_units_l5': 3232, 'n_units_l6': 3872, 'n_units_l7': 608, 'n_units_l8': 1248, 'n_units_l9': 3904, 'lr': 0.00044949267858483677}. Best is trial 23 with value: 5.499811446545878.
[I 2025-03-22 19:26:41,962] Trial 35 pruned. 
[I 2025-03-22 19:26:48,894] Trial 36 pruned. 
[I 2025-03-22 19:26:52,163] Trial 37 pruned. 
[I 2025-03-22 19:28:27,793] Trial 38 pruned. 
[I 2025-03-22 19:28:32,007] Trial 39 pruned. 
[I 2025-03-22 19:28:36,208] Trial 40 pruned. 
[I 2025-03-22 19:28:39,323] Trial 41 pruned. 
[I 2025-03-22 19:30:29,414] Trial 47 finished with value: 28.48853509369287 and parameters: {'n_units_l0': 1344, 'n_units_l1': 2400, 'n_units_l2': 3136, 'n_units_l3': 1696, 'n_units_l4': 4064, 'n_units_l5': 1664, 'n_units_l6': 2176, 'n_units_l7': 576, 'n_units_l8': 1376, 'lr': 0.004679662310847677}. Best is trial 20 with value: 8.402605944808888.
[I 2025-03-22 19:30:40,744] Trial 48 pruned. 
[I 2025-03-22 19:30:45,177] Trial 49 pruned. 
[I 2025-03-22 19:30:50,291] Trial 50 pruned. 
[I 2025-03-22 19:33:50,310] Trial 51 finished with value: 6.297148913342717 and parameters: {'n_units_l0': 1120, 'n_units_l1': 800, 'n_units_l2': 2944, 'n_units_l3': 992, 'n_units_l4': 3520, 'n_units_l5': 320, 'n_units_l6': 2528, 'n_units_l7': 1120, 'n_units_l8': 2272, 'lr': 0.0006638867231479143}. Best is trial 51 with value: 6.297148913342717.
[I 2025-03-22 19:33:53,994] Trial 52 pruned. 
[I 2025-03-22 19:33:57,745] Trial 53 pruned. 
[I 2025-03-22 19:34:00,868] Trial 54 pruned. 
[I 2025-03-22 19:34:04,209] Trial 55 pruned. 
[I 2025-03-22 19:34:25,191] Trial 56 pruned. 
[I 2025-03-22 19:34:27,957] Trial 57 pruned. 
[I 2025-03-22 19:34:29,838] Trial 58 pruned. 
[I 2025-03-22 19:34:32,707] Trial 59 pruned. 
