[I 2025-03-22 15:22:42,149] Trial 13 finished with value: 13.201561780405115 and parameters: {'n_units_l0': 32, 'n_units_l1': 2656, 'n_units_l2': 3776, 'n_units_l3': 1856, 'lr': 0.0119250527987203}. Best is trial 10 with value: 7.304146661053213.
[I 2025-03-22 15:22:56,985] Trial 14 pruned. 
[I 2025-03-22 15:22:58,391] Trial 15 pruned. 
[I 2025-03-22 15:22:58,668] Trial 54 finished with value: 7.264277496701157 and parameters: {'n_units_l0': 3712, 'n_units_l1': 1152, 'n_units_l2': 512, 'n_units_l3': 3424, 'n_units_l4': 128, 'n_units_l5': 448, 'n_units_l6': 2336, 'n_units_l7': 128, 'n_units_l8': 2464, 'n_units_l9': 2400, 'n_units_l10': 1760, 'n_units_l11': 1120, 'lr': 0.00019513270997716808}. Best is trial 42 with value: 5.787350868964137.
[I 2025-03-22 15:23:00,429] Trial 55 pruned. 
[I 2025-03-22 15:23:01,311] Trial 16 pruned. 
[I 2025-03-22 15:23:02,748] Trial 56 pruned. 
[I 2025-03-22 15:23:05,139] Trial 57 pruned. 
[I 2025-03-22 15:23:06,846] Trial 58 pruned. 
[I 2025-03-22 15:23:09,375] Trial 59 pruned. 
[I 2025-03-22 15:25:19,782] Trial 17 finished with value: 5.058623734371137 and parameters: {'n_units_l0': 512, 'n_units_l1': 1088, 'n_units_l2': 1632, 'n_units_l3': 3072, 'lr': 0.0006748404566592995}. Best is trial 17 with value: 5.058623734371137.
[I 2025-03-22 15:25:21,339] Trial 18 pruned. 
[I 2025-03-22 15:25:24,189] Trial 19 pruned. 
[I 2025-03-22 15:27:38,392] Trial 20 finished with value: 19.120910243547087 and parameters: {'n_units_l0': 64, 'n_units_l1': 1120, 'n_units_l2': 896, 'n_units_l3': 2112, 'lr': 0.025004778479940874}. Best is trial 17 with value: 5.058623734371137.
[I 2025-03-22 15:27:55,186] Trial 60 finished with value: 125.33036273710746 and parameters: {'n_units_l0': 2656, 'n_units_l1': 1888, 'n_units_l2': 384, 'n_units_l3': 3200, 'n_units_l4': 1216, 'n_units_l5': 1344, 'n_units_l6': 1728, 'n_units_l7': 2144, 'n_units_l8': 3296, 'n_units_l9': 1664, 'n_units_l10': 3904, 'n_units_l11': 3712, 'lr': 0.010515142572423423}. Best is trial 42 with value: 5.787350868964137.
[I 2025-03-22 15:29:53,820] Trial 21 finished with value: 9.07949215888508 and parameters: {'n_units_l0': 864, 'n_units_l1': 2208, 'n_units_l2': 2432, 'n_units_l3': 2592, 'lr': 0.0007562176052837648}. Best is trial 17 with value: 5.058623734371137.
[I 2025-03-22 15:29:55,208] Trial 22 pruned. 
[I 2025-03-22 15:29:56,515] Trial 23 pruned. 
[I 2025-03-22 15:29:58,068] Trial 24 pruned. 
[I 2025-03-22 15:29:59,400] Trial 25 pruned. 
[I 2025-03-22 15:30:00,859] Trial 26 pruned. 
[I 2025-03-22 15:30:02,286] Trial 27 pruned. 
[I 2025-03-22 15:30:03,761] Trial 28 pruned. 
[I 2025-03-22 15:30:06,802] Trial 29 pruned. 
[I 2025-03-22 15:30:08,783] Trial 30 pruned. 
[I 2025-03-22 15:30:10,108] Trial 31 pruned. 
[I 2025-03-22 15:30:11,549] Trial 32 pruned. 
[I 2025-03-22 15:30:12,850] Trial 33 pruned. 
[I 2025-03-22 15:30:14,297] Trial 34 pruned. 
[I 2025-03-22 15:30:18,348] Trial 35 pruned. 
[I 2025-03-22 15:30:19,755] Trial 36 pruned. 
[I 2025-03-22 15:30:21,168] Trial 37 pruned. 
[I 2025-03-22 15:30:22,520] Trial 38 pruned. 
[I 2025-03-22 15:30:23,930] Trial 39 pruned. 
[I 2025-03-22 15:30:25,453] Trial 40 pruned. 
[I 2025-03-22 15:30:26,859] Trial 41 pruned. 
[I 2025-03-22 15:30:28,264] Trial 42 pruned. 
[I 2025-03-22 15:30:29,841] Trial 43 pruned. 
[I 2025-03-22 15:30:31,210] Trial 44 pruned. 
[I 2025-03-22 15:30:35,175] Trial 45 pruned. 
[I 2025-03-22 15:30:37,435] Trial 46 pruned. 
[I 2025-03-22 15:30:38,856] Trial 47 pruned. 
[I 2025-03-22 15:30:40,702] Trial 48 pruned. 
[I 2025-03-22 15:30:42,040] Trial 49 pruned. 
[I 2025-03-22 15:30:46,255] Trial 50 pruned. 
[I 2025-03-22 15:30:50,706] Trial 51 pruned. 
[I 2025-03-22 15:30:56,611] Trial 52 pruned. 
[I 2025-03-22 15:30:58,999] Trial 53 pruned. 
[I 2025-03-22 15:31:05,294] Trial 61 finished with value: 10.223237857638955 and parameters: {'n_units_l0': 3648, 'n_units_l1': 1088, 'n_units_l2': 800, 'n_units_l3': 2976, 'n_units_l4': 2496, 'n_units_l5': 96, 'n_units_l6': 2272, 'n_units_l7': 640, 'n_units_l8': 2848, 'n_units_l9': 1824, 'n_units_l10': 2176, 'n_units_l11': 1152, 'lr': 0.00017970866401789275}. Best is trial 42 with value: 5.787350868964137.
[I 2025-03-22 15:31:08,408] Trial 54 pruned. 
[I 2025-03-22 15:31:09,879] Trial 55 pruned. 
[I 2025-03-22 15:33:21,815] Trial 56 finished with value: 10.843440022291093 and parameters: {'n_units_l0': 352, 'n_units_l1': 2368, 'n_units_l2': 128, 'n_units_l3': 2016, 'lr': 0.004298394417319533}. Best is trial 17 with value: 5.058623734371137.
[I 2025-03-22 15:34:11,279] Trial 62 finished with value: 7.904232703839826 and parameters: {'n_units_l0': 3456, 'n_units_l1': 992, 'n_units_l2': 1472, 'n_units_l3': 3072, 'n_units_l4': 2336, 'n_units_l5': 64, 'n_units_l6': 1952, 'n_units_l7': 320, 'n_units_l8': 2624, 'n_units_l9': 1824, 'n_units_l10': 1952, 'n_units_l11': 1056, 'lr': 8.005060725562244e-05}. Best is trial 42 with value: 5.787350868964137.
[I 2025-03-22 15:35:34,011] Trial 57 finished with value: 18.28163037153908 and parameters: {'n_units_l0': 992, 'n_units_l1': 2336, 'n_units_l2': 96, 'n_units_l3': 2016, 'lr': 0.0041430838789183605}. Best is trial 17 with value: 5.058623734371137.
[I 2025-03-22 15:35:37,974] Trial 58 pruned. 
[I 2025-03-22 15:35:39,394] Trial 59 pruned. 
[I 2025-03-22 15:35:43,465] Trial 60 pruned. 
[I 2025-03-22 15:35:44,881] Trial 61 pruned. 
[I 2025-03-22 15:35:46,188] Trial 62 pruned. 
[I 2025-03-22 15:35:49,200] Trial 63 pruned. 
[I 2025-03-22 15:35:50,643] Trial 64 pruned. 
[I 2025-03-22 15:35:55,127] Trial 65 pruned. 
[I 2025-03-22 15:35:59,150] Trial 66 pruned. 
[I 2025-03-22 15:36:00,509] Trial 67 pruned. 
[I 2025-03-22 15:36:07,348] Trial 68 pruned. 
[I 2025-03-22 15:36:11,428] Trial 69 pruned. 
[I 2025-03-22 15:36:13,384] Trial 70 pruned. 
[I 2025-03-22 15:36:17,421] Trial 71 pruned. 
[I 2025-03-22 15:37:10,969] Trial 63 finished with value: 35.6133911522679 and parameters: {'n_units_l0': 3456, 'n_units_l1': 800, 'n_units_l2': 1440, 'n_units_l3': 3104, 'n_units_l4': 2112, 'n_units_l5': 352, 'n_units_l6': 1952, 'n_units_l7': 224, 'n_units_l8': 2560, 'n_units_l9': 2016, 'n_units_l10': 1888, 'n_units_l11': 704, 'lr': 0.004309191511866041}. Best is trial 42 with value: 5.787350868964137.
[I 2025-03-22 15:37:12,497] Trial 64 pruned. 
[I 2025-03-22 15:37:15,040] Trial 65 pruned. 
[I 2025-03-22 15:37:17,988] Trial 66 pruned. 
[I 2025-03-22 15:38:30,266] Trial 72 finished with value: 12.255460462055748 and parameters: {'n_units_l0': 736, 'n_units_l1': 2368, 'n_units_l2': 224, 'n_units_l3': 1696, 'lr': 0.003982159662623715}. Best is trial 17 with value: 5.058623734371137.
[I 2025-03-22 15:38:34,210] Trial 73 pruned. 
[I 2025-03-22 15:38:38,249] Trial 74 pruned. 
[I 2025-03-22 15:38:42,281] Trial 75 pruned. 
[I 2025-03-22 15:38:43,683] Trial 76 pruned. 
[I 2025-03-22 15:38:44,981] Trial 77 pruned. 
[I 2025-03-22 15:38:46,403] Trial 78 pruned. 
[I 2025-03-22 15:38:47,828] Trial 79 pruned. 
[I 2025-03-22 15:38:49,241] Trial 80 pruned. 
[I 2025-03-22 15:38:53,161] Trial 81 pruned. 
[I 2025-03-22 15:41:05,110] Trial 82 finished with value: 13.985339821031943 and parameters: {'n_units_l0': 704, 'n_units_l1': 2304, 'n_units_l2': 160, 'n_units_l3': 1088, 'lr': 0.0038563341013366703}. Best is trial 17 with value: 5.058623734371137.
[I 2025-03-22 15:41:06,393] Trial 83 pruned. 
[I 2025-03-22 15:41:07,840] Trial 84 pruned. 
[I 2025-03-22 15:41:10,472] Trial 85 pruned. 
[I 2025-03-22 15:41:11,885] Trial 86 pruned. 
[I 2025-03-22 15:41:13,205] Trial 87 pruned. 
[I 2025-03-22 15:41:14,574] Trial 88 pruned. 
[I 2025-03-22 15:41:16,003] Trial 89 pruned. 
[I 2025-03-22 15:41:21,054] Trial 67 finished with value: 11.348981000546232 and parameters: {'n_units_l0': 3872, 'n_units_l1': 1376, 'n_units_l2': 1600, 'n_units_l3': 3296, 'n_units_l4': 2944, 'n_units_l5': 928, 'n_units_l6': 2720, 'n_units_l7': 704, 'n_units_l8': 2624, 'n_units_l9': 2304, 'n_units_l10': 1536, 'n_units_l11': 864, 'lr': 0.00023731679599877574}. Best is trial 42 with value: 5.787350868964137.
[I 2025-03-22 15:41:24,050] Trial 68 pruned. 
[I 2025-03-22 15:41:26,383] Trial 69 pruned. 
[I 2025-03-22 15:41:29,672] Trial 70 pruned. 
[I 2025-03-22 15:41:31,713] Trial 71 pruned. 
[I 2025-03-22 15:43:29,701] Trial 90 finished with value: 14.43149651638268 and parameters: {'n_units_l0': 288, 'n_units_l1': 3168, 'n_units_l2': 1056, 'n_units_l3': 3072, 'lr': 0.0020474113639894296}. Best is trial 17 with value: 5.058623734371137.
[I 2025-03-22 15:44:30,540] Trial 72 finished with value: 32.72508382353083 and parameters: {'n_units_l0': 3648, 'n_units_l1': 1056, 'n_units_l2': 544, 'n_units_l3': 2880, 'n_units_l4': 2560, 'n_units_l5': 32, 'n_units_l6': 2560, 'n_units_l7': 128, 'n_units_l8': 2912, 'n_units_l9': 1856, 'n_units_l10': 2848, 'n_units_l11': 896, 'lr': 0.0011024773998612263}. Best is trial 42 with value: 5.787350868964137.
[I 2025-03-22 15:44:32,603] Trial 73 pruned. 
[I 2025-03-22 15:44:36,973] Trial 74 pruned. 
[I 2025-03-22 15:44:38,658] Trial 75 pruned. 
[I 2025-03-22 15:45:43,047] Trial 91 finished with value: 18.633448246976045 and parameters: {'n_units_l0': 256, 'n_units_l1': 3136, 'n_units_l2': 1088, 'n_units_l3': 3072, 'lr': 0.002603134359743019}. Best is trial 17 with value: 5.058623734371137.
[I 2025-03-22 15:45:44,392] Trial 92 pruned. 
[I 2025-03-22 15:47:47,919] Trial 76 finished with value: 34.566372685745826 and parameters: {'n_units_l0': 3648, 'n_units_l1': 1088, 'n_units_l2': 288, 'n_units_l3': 3264, 'n_units_l4': 2720, 'n_units_l5': 192, 'n_units_l6': 2368, 'n_units_l7': 416, 'n_units_l8': 3040, 'n_units_l9': 2336, 'n_units_l10': 1728, 'n_units_l11': 768, 'lr': 0.0039345885570398415}. Best is trial 42 with value: 5.787350868964137.
[I 2025-03-22 15:47:50,237] Trial 77 pruned. 
[I 2025-03-22 15:47:52,849] Trial 78 pruned. 
[I 2025-03-22 15:47:59,138] Trial 93 finished with value: 11.419327508263715 and parameters: {'n_units_l0': 32, 'n_units_l1': 3648, 'n_units_l2': 672, 'n_units_l3': 3360, 'lr': 0.005672850149139161}. Best is trial 17 with value: 5.058623734371137.
[I 2025-03-22 15:48:03,979] Trial 79 pruned. 
[I 2025-03-22 15:48:06,398] Trial 80 pruned. 
[I 2025-03-22 15:48:08,222] Trial 81 pruned. 
[I 2025-03-22 15:48:10,291] Trial 82 pruned. 
[I 2025-03-22 15:48:12,909] Trial 83 pruned. 
[I 2025-03-22 15:48:16,407] Trial 84 pruned. 
[I 2025-03-22 15:48:22,675] Trial 85 pruned. 
[I 2025-03-22 15:48:24,598] Trial 86 pruned. 
[I 2025-03-22 15:48:28,543] Trial 94 pruned. 
[I 2025-03-22 15:48:30,976] Trial 87 pruned. 
[I 2025-03-22 15:48:32,564] Trial 95 pruned. 
[I 2025-03-22 15:48:33,431] Trial 88 pruned. 
[I 2025-03-22 15:48:34,007] Trial 96 pruned. 
[I 2025-03-22 15:48:36,037] Trial 97 pruned. 
[I 2025-03-22 15:48:36,635] Trial 89 pruned. 
[I 2025-03-22 15:48:37,365] Trial 98 pruned. 
[I 2025-03-22 15:48:38,649] Trial 90 pruned. 
[I 2025-03-22 15:48:38,845] Trial 99 pruned. 
[I 2025-03-22 15:48:39,093] A new study created in memory with name: no-name-aeee9ba3-0ed2-4287-90ad-830fecfc50bd
[I 2025-03-22 15:51:29,690] Trial 0 finished with value: 124.74898741671512 and parameters: {'n_units_l0': 3392, 'n_units_l1': 3072, 'n_units_l2': 1664, 'n_units_l3': 640, 'n_units_l4': 3680, 'lr': 0.09587030531114142}. Best is trial 0 with value: 124.74898741671512.
[I 2025-03-22 15:51:53,058] Trial 91 finished with value: 16.040483110323343 and parameters: {'n_units_l0': 3872, 'n_units_l1': 1120, 'n_units_l2': 832, 'n_units_l3': 672, 'n_units_l4': 3136, 'n_units_l5': 608, 'n_units_l6': 2464, 'n_units_l7': 1120, 'n_units_l8': 2944, 'n_units_l9': 1184, 'n_units_l10': 3360, 'n_units_l11': 1952, 'lr': 0.0023660627932248286}. Best is trial 42 with value: 5.787350868964137.
[I 2025-03-22 15:51:55,943] Trial 92 pruned. 
[I 2025-03-22 15:51:57,573] Trial 93 pruned. 
[I 2025-03-22 15:51:59,322] Trial 94 pruned. 
[I 2025-03-22 15:52:01,449] Trial 95 pruned. 
[I 2025-03-22 15:52:03,751] Trial 96 pruned. 
[I 2025-03-22 15:52:06,008] Trial 97 pruned. 
[I 2025-03-22 15:52:09,116] Trial 98 pruned. 
[I 2025-03-22 15:52:11,314] Trial 99 pruned. 
[I 2025-03-22 15:52:11,544] A new study created in memory with name: no-name-9c522ae7-dcb3-400f-b76d-f85992ad3ca5
[I 2025-03-22 15:53:51,688] Trial 1 finished with value: 124.76026999408708 and parameters: {'n_units_l0': 1696, 'n_units_l1': 384, 'n_units_l2': 3648, 'n_units_l3': 1472, 'n_units_l4': 1536, 'lr': 0.057273790786383574}. Best is trial 0 with value: 124.74898741671512.
[I 2025-03-22 15:54:40,166] Trial 0 finished with value: 124.80772283612497 and parameters: {'n_units_l0': 832, 'n_units_l1': 1696, 'n_units_l2': 1152, 'n_units_l3': 1600, 'n_units_l4': 1184, 'n_units_l5': 1280, 'lr': 0.06618224387274158}. Best is trial 0 with value: 124.80772283612497.
[I 2025-03-22 15:57:22,257] Trial 1 finished with value: 124.80793050707321 and parameters: {'n_units_l0': 4032, 'n_units_l1': 1312, 'n_units_l2': 3936, 'n_units_l3': 1152, 'n_units_l4': 1312, 'n_units_l5': 832, 'lr': 0.024894008137884286}. Best is trial 0 with value: 124.80772283612497.
[I 2025-03-22 15:59:49,843] Trial 2 finished with value: 124.81210919606175 and parameters: {'n_units_l0': 640, 'n_units_l1': 2912, 'n_units_l2': 1824, 'n_units_l3': 1024, 'n_units_l4': 2272, 'n_units_l5': 736, 'lr': 0.08847019214314931}. Best is trial 0 with value: 124.80772283612497.
[I 2025-03-22 15:59:51,735] Trial 2 finished with value: 124.76041307796342 and parameters: {'n_units_l0': 3744, 'n_units_l1': 2656, 'n_units_l2': 3648, 'n_units_l3': 3392, 'n_units_l4': 2944, 'lr': 0.03204330095835374}. Best is trial 0 with value: 124.74898741671512.
[I 2025-03-22 16:02:17,472] Trial 3 finished with value: 33.21774398599553 and parameters: {'n_units_l0': 2144, 'n_units_l1': 2560, 'n_units_l2': 416, 'n_units_l3': 1024, 'n_units_l4': 192, 'n_units_l5': 2240, 'lr': 0.006782811060394598}. Best is trial 3 with value: 33.21774398599553.
[I 2025-03-22 16:04:12,080] Trial 3 finished with value: 124.75198093190149 and parameters: {'n_units_l0': 1952, 'n_units_l1': 3648, 'n_units_l2': 2656, 'n_units_l3': 3808, 'n_units_l4': 672, 'lr': 0.06983263442885032}. Best is trial 0 with value: 124.74898741671512.
[I 2025-03-22 16:07:10,320] Trial 4 finished with value: 124.80753205922922 and parameters: {'n_units_l0': 2848, 'n_units_l1': 3392, 'n_units_l2': 2816, 'n_units_l3': 640, 'n_units_l4': 3968, 'n_units_l5': 2400, 'lr': 0.046465755922552573}. Best is trial 3 with value: 33.21774398599553.
[I 2025-03-22 16:07:11,945] Trial 5 pruned. 
[I 2025-03-22 16:08:56,494] Trial 4 finished with value: 124.75093495640456 and parameters: {'n_units_l0': 3456, 'n_units_l1': 1888, 'n_units_l2': 2944, 'n_units_l3': 3168, 'n_units_l4': 3616, 'lr': 0.039559763821719086}. Best is trial 0 with value: 124.74898741671512.
[I 2025-03-22 16:09:58,924] Trial 5 pruned. 
[I 2025-03-22 16:11:34,297] Trial 6 finished with value: 124.80822735942371 and parameters: {'n_units_l0': 2560, 'n_units_l1': 3968, 'n_units_l2': 1696, 'n_units_l3': 2912, 'n_units_l4': 1344, 'n_units_l5': 2592, 'lr': 0.008720972982463894}. Best is trial 3 with value: 33.21774398599553.
[I 2025-03-22 16:11:50,729] Trial 7 pruned. 
[I 2025-03-22 16:12:17,882] Trial 8 pruned. 
[I 2025-03-22 16:12:18,103] Trial 6 finished with value: 124.7482594244397 and parameters: {'n_units_l0': 224, 'n_units_l1': 992, 'n_units_l2': 928, 'n_units_l3': 192, 'n_units_l4': 1856, 'lr': 0.07022310245541832}. Best is trial 6 with value: 124.7482594244397.
[I 2025-03-22 16:12:19,907] Trial 7 pruned. 
[I 2025-03-22 16:14:39,817] Trial 8 finished with value: 124.75077948311643 and parameters: {'n_units_l0': 928, 'n_units_l1': 3456, 'n_units_l2': 640, 'n_units_l3': 192, 'n_units_l4': 3040, 'lr': 0.021730428189621728}. Best is trial 6 with value: 124.7482594244397.
[I 2025-03-22 16:14:42,563] Trial 9 pruned. 
[I 2025-03-22 16:16:23,928] Trial 9 finished with value: 124.807550114679 and parameters: {'n_units_l0': 1952, 'n_units_l1': 2784, 'n_units_l2': 3424, 'n_units_l3': 736, 'n_units_l4': 3520, 'n_units_l5': 2048, 'lr': 0.014062892495653746}. Best is trial 3 with value: 33.21774398599553.
[I 2025-03-22 16:17:02,936] Trial 10 finished with value: 9.0805537791471 and parameters: {'n_units_l0': 64, 'n_units_l1': 1216, 'n_units_l2': 160, 'n_units_l3': 2208, 'n_units_l4': 64, 'lr': 0.0016268666899310474}. Best is trial 10 with value: 9.0805537791471.
[I 2025-03-22 16:18:51,615] Trial 10 finished with value: 10.097593465804929 and parameters: {'n_units_l0': 1856, 'n_units_l1': 2176, 'n_units_l2': 192, 'n_units_l3': 2624, 'n_units_l4': 192, 'n_units_l5': 3328, 'lr': 0.0010570539384427355}. Best is trial 10 with value: 10.097593465804929.
[I 2025-03-22 16:19:23,033] Trial 11 finished with value: 12.695781425219 and parameters: {'n_units_l0': 96, 'n_units_l1': 1344, 'n_units_l2': 288, 'n_units_l3': 2336, 'n_units_l4': 288, 'lr': 0.001707839290959011}. Best is trial 10 with value: 9.0805537791471.
[I 2025-03-22 16:21:19,679] Trial 11 finished with value: 10.806034197344141 and parameters: {'n_units_l0': 1792, 'n_units_l1': 2272, 'n_units_l2': 96, 'n_units_l3': 2496, 'n_units_l4': 32, 'n_units_l5': 3392, 'lr': 7.2096965142451e-05}. Best is trial 10 with value: 10.097593465804929.
[I 2025-03-22 16:21:42,782] Trial 12 finished with value: 6.178291233143096 and parameters: {'n_units_l0': 64, 'n_units_l1': 1280, 'n_units_l2': 64, 'n_units_l3': 2432, 'n_units_l4': 96, 'lr': 0.0010954200385033565}. Best is trial 12 with value: 6.178291233143096.
[I 2025-03-22 16:21:44,247] Trial 13 pruned. 
[I 2025-03-22 16:23:49,076] Trial 12 finished with value: 34.87206096490297 and parameters: {'n_units_l0': 1504, 'n_units_l1': 2176, 'n_units_l2': 160, 'n_units_l3': 2560, 'n_units_l4': 64, 'n_units_l5': 3584, 'lr': 0.0038153528960820204}. Best is trial 10 with value: 10.097593465804929.
[I 2025-03-22 16:23:50,768] Trial 13 pruned. 
[I 2025-03-22 16:23:52,266] Trial 14 pruned. 
[I 2025-03-22 16:23:53,804] Trial 15 pruned. 
[I 2025-03-22 16:23:55,998] Trial 16 pruned. 
[I 2025-03-22 16:23:57,481] Trial 17 pruned. 
[I 2025-03-22 16:24:06,707] Trial 14 finished with value: 124.7571836533073 and parameters: {'n_units_l0': 1152, 'n_units_l1': 1440, 'n_units_l2': 896, 'n_units_l3': 1600, 'n_units_l4': 1120, 'lr': 0.016588822389144248}. Best is trial 12 with value: 6.178291233143096.
[I 2025-03-22 16:24:08,070] Trial 15 pruned. 
[I 2025-03-22 16:26:28,453] Trial 16 finished with value: 34.97468573415274 and parameters: {'n_units_l0': 1344, 'n_units_l1': 1312, 'n_units_l2': 512, 'n_units_l3': 1792, 'n_units_l4': 2496, 'lr': 0.00938033865070853}. Best is trial 12 with value: 6.178291233143096.
[I 2025-03-22 16:28:48,771] Trial 17 finished with value: 38.2966538520657 and parameters: {'n_units_l0': 512, 'n_units_l1': 2400, 'n_units_l2': 96, 'n_units_l3': 2752, 'n_units_l4': 576, 'lr': 0.021840604019428285}. Best is trial 12 with value: 6.178291233143096.
[I 2025-03-22 16:28:55,378] Trial 18 finished with value: 4.778498115747211 and parameters: {'n_units_l0': 1216, 'n_units_l1': 2464, 'n_units_l2': 2208, 'n_units_l3': 3136, 'n_units_l4': 2688, 'n_units_l5': 3584, 'lr': 0.0016573989702571281}. Best is trial 18 with value: 4.778498115747211.
[I 2025-03-22 16:31:09,621] Trial 18 finished with value: 124.75479664807715 and parameters: {'n_units_l0': 64, 'n_units_l1': 864, 'n_units_l2': 2272, 'n_units_l3': 1312, 'n_units_l4': 1152, 'lr': 0.026964304740344697}. Best is trial 12 with value: 6.178291233143096.
[I 2025-03-22 16:31:11,029] Trial 19 pruned. 
[I 2025-03-22 16:31:12,743] Trial 20 pruned. 
[I 2025-03-22 16:33:05,738] Trial 19 finished with value: 124.81807796257851 and parameters: {'n_units_l0': 32, 'n_units_l1': 1792, 'n_units_l2': 2304, 'n_units_l3': 3264, 'n_units_l4': 2624, 'n_units_l5': 2880, 'lr': 0.017708048479043125}. Best is trial 18 with value: 4.778498115747211.
[I 2025-03-22 16:33:09,672] Trial 20 pruned. 
[I 2025-03-22 16:33:33,147] Trial 21 finished with value: 6.134852025565124 and parameters: {'n_units_l0': 32, 'n_units_l1': 1152, 'n_units_l2': 96, 'n_units_l3': 2240, 'n_units_l4': 416, 'lr': 0.0006013410936558715}. Best is trial 21 with value: 6.134852025565124.
[I 2025-03-22 16:35:53,476] Trial 22 finished with value: 14.55736119548708 and parameters: {'n_units_l0': 576, 'n_units_l1': 992, 'n_units_l2': 416, 'n_units_l3': 2016, 'n_units_l4': 512, 'lr': 0.006250221388378602}. Best is trial 21 with value: 6.134852025565124.
[I 2025-03-22 16:36:36,065] Trial 21 finished with value: 13.43877161983866 and parameters: {'n_units_l0': 2304, 'n_units_l1': 2336, 'n_units_l2': 1408, 'n_units_l3': 2560, 'n_units_l4': 1664, 'n_units_l5': 3488, 'lr': 0.0014793306406320496}. Best is trial 18 with value: 4.778498115747211.
[I 2025-03-22 16:36:38,949] Trial 22 pruned. 
[I 2025-03-22 16:36:40,559] Trial 23 pruned. 
[I 2025-03-22 16:36:42,839] Trial 24 pruned. 
[I 2025-03-22 16:36:44,364] Trial 25 pruned. 
[I 2025-03-22 16:36:46,646] Trial 26 pruned. 
[I 2025-03-22 16:36:49,109] Trial 27 pruned. 
[I 2025-03-22 16:36:51,902] Trial 28 pruned. 
[I 2025-03-22 16:36:54,024] Trial 29 pruned. 
[I 2025-03-22 16:36:55,524] Trial 30 pruned. 
[I 2025-03-22 16:36:57,833] Trial 31 pruned. 
[I 2025-03-22 16:37:02,433] Trial 32 pruned. 
[I 2025-03-22 16:37:04,869] Trial 33 pruned. 
[I 2025-03-22 16:37:07,175] Trial 34 pruned. 
[I 2025-03-22 16:37:11,722] Trial 35 pruned. 
[I 2025-03-22 16:37:14,869] Trial 36 pruned. 
[I 2025-03-22 16:37:17,114] Trial 37 pruned. 
[I 2025-03-22 16:37:18,749] Trial 38 pruned. 
[I 2025-03-22 16:37:20,760] Trial 39 pruned. 
[I 2025-03-22 16:37:28,055] Trial 40 pruned. 
[I 2025-03-22 16:38:14,883] Trial 23 finished with value: 8.12642087620064 and parameters: {'n_units_l0': 416, 'n_units_l1': 416, 'n_units_l2': 32, 'n_units_l3': 2592, 'n_units_l4': 416, 'lr': 0.0011042417169508023}. Best is trial 21 with value: 6.134852025565124.
[I 2025-03-22 16:38:17,645] Trial 24 pruned. 
[I 2025-03-22 16:38:19,189] Trial 25 pruned. 
[I 2025-03-22 16:38:20,532] Trial 26 pruned. 
