[I 2025-03-22 00:48:15,077] Trial 78 pruned. 
[I 2025-03-22 00:48:15,585] Trial 79 pruned. 
[I 2025-03-22 00:48:16,202] Trial 80 pruned. 
[I 2025-03-22 00:48:16,525] Trial 81 pruned. 
[I 2025-03-22 00:48:31,819] Trial 97 finished with value: 42.09508635556073 and parameters: {'n_units_l0': 1568, 'n_units_l1': 224, 'n_units_l2': 160, 'n_units_l3': 1664, 'n_units_l4': 1504, 'n_units_l5': 3488, 'n_units_l6': 1216, 'n_units_l7': 1280, 'n_units_l8': 2944, 'n_units_l9': 352, 'n_units_l10': 3744, 'n_units_l11': 1728, 'lr': 0.0012123058151592995}. Best is trial 58 with value: 15.971198342288165.
[I 2025-03-22 00:48:32,787] Trial 98 pruned. 
[I 2025-03-22 00:48:33,207] Trial 99 pruned. 
[I 2025-03-22 00:48:33,298] A new study created in memory with name: no-name-602e0d89-2cce-4b2c-9e89-a3c8df215c5c
[I 2025-03-22 00:48:37,937] Trial 82 pruned. 
[I 2025-03-22 00:48:38,705] Trial 83 pruned. 
[I 2025-03-22 00:48:39,098] Trial 84 pruned. 
[I 2025-03-22 00:48:39,738] Trial 85 pruned. 
[I 2025-03-22 00:48:40,313] Trial 86 pruned. 
[I 2025-03-22 00:48:40,815] Trial 87 pruned. 
[I 2025-03-22 00:48:41,294] Trial 88 pruned. 
[I 2025-03-22 00:48:41,889] Trial 89 pruned. 
[I 2025-03-22 00:48:42,963] Trial 90 pruned. 
[I 2025-03-22 00:48:44,370] Trial 0 finished with value: 124.93672446853698 and parameters: {'n_units_l0': 832, 'n_units_l1': 896, 'lr': 0.08117854948468449}. Best is trial 0 with value: 124.93672446853698.
[I 2025-03-22 00:48:55,496] Trial 1 finished with value: 42.660129662412224 and parameters: {'n_units_l0': 2016, 'n_units_l1': 1056, 'lr': 0.0951564073093236}. Best is trial 1 with value: 42.660129662412224.
[I 2025-03-22 00:48:56,407] Trial 91 pruned. 
[I 2025-03-22 00:48:57,195] Trial 92 pruned. 
[I 2025-03-22 00:48:58,125] Trial 93 pruned. 
[I 2025-03-22 00:48:59,238] Trial 94 pruned. 
[I 2025-03-22 00:48:59,984] Trial 95 pruned. 
[I 2025-03-22 00:49:00,560] Trial 96 pruned. 
[I 2025-03-22 00:49:06,822] Trial 2 finished with value: 38.57454122976937 and parameters: {'n_units_l0': 3744, 'n_units_l1': 3872, 'lr': 0.0008516335839883997}. Best is trial 2 with value: 38.57454122976937.
[I 2025-03-22 00:49:08,666] Trial 97 pruned. 
[I 2025-03-22 00:49:09,073] Trial 98 pruned. 
[I 2025-03-22 00:49:10,252] Trial 99 pruned. 
[I 2025-03-22 00:49:10,376] A new study created in memory with name: no-name-6ea077f2-4920-4d09-b528-4897bcac0287
[I 2025-03-22 00:49:17,865] Trial 3 finished with value: 33.94000541897547 and parameters: {'n_units_l0': 2080, 'n_units_l1': 512, 'lr': 0.036089397515928025}. Best is trial 3 with value: 33.94000541897547.
[I 2025-03-22 00:49:23,424] Trial 0 finished with value: 38.02317919710823 and parameters: {'n_units_l0': 3488, 'n_units_l1': 2912, 'n_units_l2': 2048, 'lr': 0.0686754259890322}. Best is trial 0 with value: 38.02317919710823.
[I 2025-03-22 00:49:28,984] Trial 4 finished with value: 40.903414747561484 and parameters: {'n_units_l0': 3232, 'n_units_l1': 864, 'lr': 0.014109894890323698}. Best is trial 3 with value: 33.94000541897547.
[I 2025-03-22 00:49:37,602] Trial 5 pruned. 
[I 2025-03-22 00:49:40,165] Trial 1 finished with value: 124.68850644241978 and parameters: {'n_units_l0': 2656, 'n_units_l1': 3648, 'n_units_l2': 2784, 'lr': 0.07450967229446893}. Best is trial 0 with value: 38.02317919710823.
[I 2025-03-22 00:49:46,250] Trial 6 pruned. 
[I 2025-03-22 00:49:46,385] Trial 7 pruned. 
[I 2025-03-22 00:49:46,513] Trial 8 pruned. 
[I 2025-03-22 00:49:52,119] Trial 2 finished with value: 124.69364032726607 and parameters: {'n_units_l0': 2368, 'n_units_l1': 128, 'n_units_l2': 2464, 'lr': 0.07407894281248625}. Best is trial 0 with value: 38.02317919710823.
[I 2025-03-22 00:49:54,148] Trial 9 pruned. 
[I 2025-03-22 00:49:54,266] Trial 10 pruned. 
[I 2025-03-22 00:49:54,645] Trial 11 pruned. 
[I 2025-03-22 00:49:54,976] Trial 12 pruned. 
[I 2025-03-22 00:49:55,366] Trial 13 pruned. 
[I 2025-03-22 00:49:55,514] Trial 14 pruned. 
[I 2025-03-22 00:49:55,654] Trial 15 pruned. 
[I 2025-03-22 00:50:03,803] Trial 16 pruned. 
[I 2025-03-22 00:50:04,031] Trial 17 pruned. 
[I 2025-03-22 00:50:04,261] Trial 18 pruned. 
[I 2025-03-22 00:50:04,343] Trial 3 finished with value: 29.549429489955944 and parameters: {'n_units_l0': 192, 'n_units_l1': 3936, 'n_units_l2': 3584, 'lr': 0.018122966684694708}. Best is trial 3 with value: 29.549429489955944.
[I 2025-03-22 00:50:04,386] Trial 19 pruned. 
[I 2025-03-22 00:50:04,755] Trial 20 pruned. 
[I 2025-03-22 00:50:05,193] Trial 21 pruned. 
[I 2025-03-22 00:50:05,540] Trial 22 pruned. 
[I 2025-03-22 00:50:05,992] Trial 23 pruned. 
[I 2025-03-22 00:50:06,118] Trial 24 pruned. 
[I 2025-03-22 00:50:06,241] Trial 25 pruned. 
[I 2025-03-22 00:50:14,913] Trial 26 pruned. 
[I 2025-03-22 00:50:15,267] Trial 27 pruned. 
[I 2025-03-22 00:50:15,607] Trial 28 pruned. 
[I 2025-03-22 00:50:15,939] Trial 29 pruned. 
[I 2025-03-22 00:50:16,446] Trial 4 finished with value: 94.59490619710687 and parameters: {'n_units_l0': 864, 'n_units_l1': 3328, 'n_units_l2': 3040, 'lr': 0.08124867671603861}. Best is trial 3 with value: 29.549429489955944.
[I 2025-03-22 00:50:18,442] Trial 5 pruned. 
[I 2025-03-22 00:50:18,635] Trial 6 pruned. 
[I 2025-03-22 00:50:20,540] Trial 30 pruned. 
[I 2025-03-22 00:50:20,669] Trial 31 pruned. 
[I 2025-03-22 00:50:24,203] Trial 32 pruned. 
[I 2025-03-22 00:50:24,342] Trial 33 pruned. 
[I 2025-03-22 00:50:30,806] Trial 7 finished with value: 40.90482241425191 and parameters: {'n_units_l0': 1920, 'n_units_l1': 1728, 'n_units_l2': 2656, 'lr': 0.06410207798711155}. Best is trial 3 with value: 29.549429489955944.
[I 2025-03-22 00:50:30,995] Trial 8 pruned. 
[I 2025-03-22 00:50:32,003] Trial 9 pruned. 
[I 2025-03-22 00:50:32,453] Trial 34 pruned. 
[I 2025-03-22 00:50:40,114] Trial 35 pruned. 
[I 2025-03-22 00:50:44,138] Trial 10 finished with value: 38.614736901467374 and parameters: {'n_units_l0': 32, 'n_units_l1': 1984, 'n_units_l2': 32, 'lr': 0.03252842343603655}. Best is trial 3 with value: 29.549429489955944.
[I 2025-03-22 00:50:44,341] Trial 11 pruned. 
[I 2025-03-22 00:50:44,538] Trial 12 pruned. 
[I 2025-03-22 00:50:44,725] Trial 13 pruned. 
[I 2025-03-22 00:50:45,094] Trial 14 pruned. 
[I 2025-03-22 00:50:45,237] Trial 15 pruned. 
[I 2025-03-22 00:50:45,451] Trial 16 pruned. 
[I 2025-03-22 00:50:45,802] Trial 17 pruned. 
[I 2025-03-22 00:50:46,427] Trial 18 pruned. 
[I 2025-03-22 00:50:46,610] Trial 19 pruned. 
[I 2025-03-22 00:50:46,863] Trial 20 pruned. 
[I 2025-03-22 00:50:47,115] Trial 21 pruned. 
[I 2025-03-22 00:50:47,487] Trial 22 pruned. 
[I 2025-03-22 00:50:47,752] Trial 23 pruned. 
[I 2025-03-22 00:50:48,681] Trial 36 pruned. 
[I 2025-03-22 00:50:48,932] Trial 37 pruned. 
[I 2025-03-22 00:50:49,082] Trial 38 pruned. 
[I 2025-03-22 00:50:49,235] Trial 39 pruned. 
[I 2025-03-22 00:50:49,569] Trial 40 pruned. 
[I 2025-03-22 00:50:49,691] Trial 41 pruned. 
[I 2025-03-22 00:50:49,811] Trial 42 pruned. 
[I 2025-03-22 00:50:50,049] Trial 43 pruned. 
[I 2025-03-22 00:50:50,218] Trial 44 pruned. 
[I 2025-03-22 00:50:54,713] Trial 45 pruned. 
[I 2025-03-22 00:50:59,917] Trial 24 finished with value: 22.598839605725892 and parameters: {'n_units_l0': 96, 'n_units_l1': 1184, 'n_units_l2': 2016, 'lr': 0.0156472932118783}. Best is trial 24 with value: 22.598839605725892.
[I 2025-03-22 00:51:00,179] Trial 25 pruned. 
[I 2025-03-22 00:51:00,437] Trial 26 pruned. 
[I 2025-03-22 00:51:00,585] Trial 27 pruned. 
[I 2025-03-22 00:51:00,727] Trial 28 pruned. 
[I 2025-03-22 00:51:00,890] Trial 29 pruned. 
[I 2025-03-22 00:51:01,066] Trial 30 pruned. 
[I 2025-03-22 00:51:01,237] Trial 31 pruned. 
[I 2025-03-22 00:51:01,728] Trial 32 pruned. 
[I 2025-03-22 00:51:02,108] Trial 33 pruned. 
[I 2025-03-22 00:51:02,334] Trial 46 pruned. 
[I 2025-03-22 00:51:02,393] Trial 34 pruned. 
[I 2025-03-22 00:51:02,465] Trial 47 pruned. 
[I 2025-03-22 00:51:02,619] Trial 48 pruned. 
[I 2025-03-22 00:51:02,690] Trial 35 pruned. 
[I 2025-03-22 00:51:02,770] Trial 49 pruned. 
[I 2025-03-22 00:51:02,847] Trial 36 pruned. 
[I 2025-03-22 00:51:03,028] Trial 37 pruned. 
[I 2025-03-22 00:51:03,046] Trial 50 pruned. 
[I 2025-03-22 00:51:03,290] Trial 38 pruned. 
[I 2025-03-22 00:51:03,603] Trial 39 pruned. 
[I 2025-03-22 00:51:11,741] Trial 51 pruned. 
[I 2025-03-22 00:51:12,250] Trial 40 pruned. 
[I 2025-03-22 00:51:12,444] Trial 41 pruned. 
[I 2025-03-22 00:51:12,621] Trial 42 pruned. 
[I 2025-03-22 00:51:12,803] Trial 43 pruned. 
[I 2025-03-22 00:51:12,994] Trial 44 pruned. 
[I 2025-03-22 00:51:13,163] Trial 45 pruned. 
[I 2025-03-22 00:51:13,325] Trial 46 pruned. 
[I 2025-03-22 00:51:13,479] Trial 47 pruned. 
[I 2025-03-22 00:51:13,630] Trial 48 pruned. 
[I 2025-03-22 00:51:13,790] Trial 49 pruned. 
[I 2025-03-22 00:51:13,925] Trial 50 pruned. 
[I 2025-03-22 00:51:14,113] Trial 51 pruned. 
[I 2025-03-22 00:51:14,310] Trial 52 pruned. 
[I 2025-03-22 00:51:14,496] Trial 53 pruned. 
[I 2025-03-22 00:51:14,689] Trial 54 pruned. 
[I 2025-03-22 00:51:14,962] Trial 55 pruned. 
[I 2025-03-22 00:51:15,252] Trial 56 pruned. 
[I 2025-03-22 00:51:15,424] Trial 57 pruned. 
[I 2025-03-22 00:51:15,634] Trial 58 pruned. 
[I 2025-03-22 00:51:15,868] Trial 59 pruned. 
[I 2025-03-22 00:51:16,111] Trial 60 pruned. 
[I 2025-03-22 00:51:16,403] Trial 61 pruned. 
[I 2025-03-22 00:51:16,672] Trial 62 pruned. 
[I 2025-03-22 00:51:17,006] Trial 63 pruned. 
[I 2025-03-22 00:51:17,297] Trial 64 pruned. 
[I 2025-03-22 00:51:17,551] Trial 65 pruned. 
[I 2025-03-22 00:51:17,708] Trial 66 pruned. 
[I 2025-03-22 00:51:17,883] Trial 67 pruned. 
[I 2025-03-22 00:51:18,259] Trial 68 pruned. 
[I 2025-03-22 00:51:18,436] Trial 69 pruned. 
[I 2025-03-22 00:51:18,602] Trial 70 pruned. 
[I 2025-03-22 00:51:18,747] Trial 71 pruned. 
[I 2025-03-22 00:51:18,901] Trial 72 pruned. 
[I 2025-03-22 00:51:19,055] Trial 73 pruned. 
[I 2025-03-22 00:51:19,227] Trial 74 pruned. 
[I 2025-03-22 00:51:19,429] Trial 75 pruned. 
[I 2025-03-22 00:51:19,599] Trial 76 pruned. 
[I 2025-03-22 00:51:19,737] Trial 77 pruned. 
[I 2025-03-22 00:51:19,939] Trial 78 pruned. 
[I 2025-03-22 00:51:20,080] Trial 79 pruned. 
[I 2025-03-22 00:51:20,355] Trial 52 pruned. 
[I 2025-03-22 00:51:20,398] Trial 80 pruned. 
[I 2025-03-22 00:51:20,574] Trial 81 pruned. 
[I 2025-03-22 00:51:20,799] Trial 53 pruned. 
[I 2025-03-22 00:51:20,921] Trial 54 pruned. 
[I 2025-03-22 00:51:32,046] Trial 55 finished with value: 43.28351190494332 and parameters: {'n_units_l0': 1568, 'n_units_l1': 448, 'lr': 0.051494673941457625}. Best is trial 3 with value: 33.94000541897547.
[I 2025-03-22 00:51:32,170] Trial 56 pruned. 
[I 2025-03-22 00:51:32,313] Trial 57 pruned. 
[I 2025-03-22 00:51:32,433] Trial 58 pruned. 
[I 2025-03-22 00:51:32,556] Trial 59 pruned. 
[I 2025-03-22 00:51:32,681] Trial 60 pruned. 
[I 2025-03-22 00:51:32,805] Trial 61 pruned. 
[I 2025-03-22 00:51:32,821] Trial 82 finished with value: 41.340318504140946 and parameters: {'n_units_l0': 128, 'n_units_l1': 3040, 'n_units_l2': 2976, 'lr': 0.05535826071995747}. Best is trial 24 with value: 22.598839605725892.
[I 2025-03-22 00:51:32,986] Trial 83 pruned. 
[I 2025-03-22 00:51:41,358] Trial 62 pruned. 
[I 2025-03-22 00:51:41,487] Trial 63 pruned. 
[I 2025-03-22 00:51:41,614] Trial 64 pruned. 
[I 2025-03-22 00:51:45,266] Trial 84 finished with value: 40.98792360118865 and parameters: {'n_units_l0': 352, 'n_units_l1': 2944, 'n_units_l2': 2592, 'lr': 0.053429685939708836}. Best is trial 24 with value: 22.598839605725892.
[I 2025-03-22 00:51:49,280] Trial 65 pruned. 
[I 2025-03-22 00:51:49,512] Trial 66 pruned. 
[I 2025-03-22 00:51:49,864] Trial 67 pruned. 
[I 2025-03-22 00:51:50,091] Trial 68 pruned. 
[I 2025-03-22 00:51:50,218] Trial 69 pruned. 
[I 2025-03-22 00:51:50,554] Trial 70 pruned. 
[I 2025-03-22 00:51:57,566] Trial 85 finished with value: 39.13321448732149 and parameters: {'n_units_l0': 384, 'n_units_l1': 2976, 'n_units_l2': 2976, 'lr': 0.045218272257074324}. Best is trial 24 with value: 22.598839605725892.
[I 2025-03-22 00:51:57,756] Trial 86 pruned. 
[I 2025-03-22 00:51:57,938] Trial 87 pruned. 
[I 2025-03-22 00:51:58,232] Trial 88 pruned. 
[I 2025-03-22 00:51:58,405] Trial 89 pruned. 
[I 2025-03-22 00:51:58,578] Trial 90 pruned. 
[I 2025-03-22 00:51:58,755] Trial 91 pruned. 
[I 2025-03-22 00:51:59,127] Trial 71 pruned. 
[I 2025-03-22 00:52:10,290] Trial 72 finished with value: 40.68030468894367 and parameters: {'n_units_l0': 1248, 'n_units_l1': 1056, 'lr': 0.04402792607746357}. Best is trial 3 with value: 33.94000541897547.
[I 2025-03-22 00:52:10,418] Trial 73 pruned. 
[I 2025-03-22 00:52:11,083] Trial 92 finished with value: 31.124915806593094 and parameters: {'n_units_l0': 288, 'n_units_l1': 3328, 'n_units_l2': 3008, 'lr': 0.04568253528803676}. Best is trial 24 with value: 22.598839605725892.
[I 2025-03-22 00:52:11,281] Trial 93 pruned. 
[I 2025-03-22 00:52:11,461] Trial 94 pruned. 
[I 2025-03-22 00:52:11,777] Trial 95 pruned. 
[I 2025-03-22 00:52:11,921] Trial 96 pruned. 
[I 2025-03-22 00:52:12,317] Trial 97 pruned. 
[I 2025-03-22 00:52:12,615] Trial 98 pruned. 
[I 2025-03-22 00:52:12,812] Trial 99 pruned. 
[I 2025-03-22 00:52:12,875] A new study created in memory with name: no-name-038872b7-bc4c-4e3f-aea4-7d1e1a635790
[I 2025-03-22 00:52:15,102] Trial 74 pruned. 
[I 2025-03-22 00:52:15,336] Trial 75 pruned. 
[I 2025-03-22 00:52:15,683] Trial 76 pruned. 
[I 2025-03-22 00:52:16,037] Trial 77 pruned. 
[I 2025-03-22 00:52:20,680] Trial 78 pruned. 
[I 2025-03-22 00:52:20,823] Trial 79 pruned. 
[I 2025-03-22 00:52:25,365] Trial 80 pruned. 
[I 2025-03-22 00:52:25,709] Trial 81 pruned. 
[I 2025-03-22 00:52:25,896] Trial 0 finished with value: 36.26106963367977 and parameters: {'n_units_l0': 2528, 'n_units_l1': 3008, 'n_units_l2': 1280, 'n_units_l3': 2080, 'lr': 0.004273786360255108}. Best is trial 0 with value: 36.26106963367977.
[I 2025-03-22 00:52:36,875] Trial 82 finished with value: 47.496202436289245 and parameters: {'n_units_l0': 1088, 'n_units_l1': 1088, 'lr': 0.040802444481324265}. Best is trial 3 with value: 33.94000541897547.
[I 2025-03-22 00:52:37,214] Trial 83 pruned. 
[I 2025-03-22 00:52:37,457] Trial 84 pruned. 
[I 2025-03-22 00:52:37,676] Trial 85 pruned. 
[I 2025-03-22 00:52:37,810] Trial 86 pruned. 
[I 2025-03-22 00:52:38,044] Trial 87 pruned. 
[I 2025-03-22 00:52:38,978] Trial 1 finished with value: 20.763976188142337 and parameters: {'n_units_l0': 800, 'n_units_l1': 3168, 'n_units_l2': 2368, 'n_units_l3': 352, 'lr': 0.004192876158402692}. Best is trial 1 with value: 20.763976188142337.
[I 2025-03-22 00:52:42,267] Trial 88 pruned. 
[I 2025-03-22 00:52:46,575] Trial 89 pruned. 
[I 2025-03-22 00:52:46,707] Trial 90 pruned. 
[I 2025-03-22 00:52:46,945] Trial 91 pruned. 
[I 2025-03-22 00:52:47,177] Trial 92 pruned. 
[I 2025-03-22 00:52:47,417] Trial 93 pruned. 
[I 2025-03-22 00:52:47,546] Trial 94 pruned. 
[I 2025-03-22 00:52:47,701] Trial 95 pruned. 
[I 2025-03-22 00:52:47,945] Trial 96 pruned. 
[I 2025-03-22 00:52:48,176] Trial 97 pruned. 
[I 2025-03-22 00:52:48,529] Trial 98 pruned. 
[I 2025-03-22 00:52:48,876] Trial 99 pruned. 
[I 2025-03-22 00:52:48,953] A new study created in memory with name: no-name-6e99edd1-effe-4ada-8ffc-c67cd3843993
[I 2025-03-22 00:52:52,056] Trial 2 finished with value: 125.41127378301765 and parameters: {'n_units_l0': 2208, 'n_units_l1': 2592, 'n_units_l2': 1632, 'n_units_l3': 2080, 'lr': 0.044326663080731576}. Best is trial 1 with value: 20.763976188142337.
[I 2025-03-22 00:53:02,586] Trial 0 finished with value: 125.81425905212022 and parameters: {'n_units_l0': 3232, 'n_units_l1': 2304, 'n_units_l2': 384, 'n_units_l3': 768, 'n_units_l4': 3552, 'lr': 0.02843575320642971}. Best is trial 0 with value: 125.81425905212022.
[I 2025-03-22 00:53:16,099] Trial 1 finished with value: 125.75714872265769 and parameters: {'n_units_l0': 1152, 'n_units_l1': 864, 'n_units_l2': 3584, 'n_units_l3': 224, 'n_units_l4': 704, 'lr': 0.09952918821121567}. Best is trial 1 with value: 125.75714872265769.
[I 2025-03-22 00:53:18,562] Trial 3 finished with value: 32.490091156849665 and parameters: {'n_units_l0': 4096, 'n_units_l1': 3904, 'n_units_l2': 2464, 'n_units_l3': 2112, 'lr': 0.0029013333848824097}. Best is trial 1 with value: 20.763976188142337.
[I 2025-03-22 00:53:29,808] Trial 2 finished with value: 125.77812808628902 and parameters: {'n_units_l0': 2880, 'n_units_l1': 768, 'n_units_l2': 3648, 'n_units_l3': 1952, 'n_units_l4': 1440, 'lr': 0.09462001059072808}. Best is trial 1 with value: 125.75714872265769.
[I 2025-03-22 00:53:31,637] Trial 4 finished with value: 125.43842640638822 and parameters: {'n_units_l0': 896, 'n_units_l1': 2624, 'n_units_l2': 2368, 'n_units_l3': 352, 'lr': 0.07485122994462634}. Best is trial 1 with value: 20.763976188142337.
[I 2025-03-22 00:53:31,925] Trial 5 pruned. 
[I 2025-03-22 00:53:32,101] Trial 6 pruned. 
[I 2025-03-22 00:53:32,232] Trial 7 pruned. 
[I 2025-03-22 00:53:32,394] Trial 8 pruned. 
[I 2025-03-22 00:53:32,630] Trial 9 pruned. 
[I 2025-03-22 00:53:43,446] Trial 3 finished with value: 125.74502124079488 and parameters: {'n_units_l0': 2304, 'n_units_l1': 896, 'n_units_l2': 3168, 'n_units_l3': 1248, 'n_units_l4': 416, 'lr': 0.03671837132628031}. Best is trial 3 with value: 125.74502124079488.
[I 2025-03-22 00:53:45,750] Trial 10 finished with value: 37.2380962409496 and parameters: {'n_units_l0': 64, 'n_units_l1': 1344, 'n_units_l2': 3968, 'n_units_l3': 64, 'lr': 0.019437117129459867}. Best is trial 1 with value: 20.763976188142337.
[I 2025-03-22 00:53:46,670] Trial 11 pruned. 
[I 2025-03-22 00:53:47,147] Trial 12 pruned. 
[I 2025-03-22 00:53:47,808] Trial 13 pruned. 
[I 2025-03-22 00:53:48,002] Trial 14 pruned. 
[I 2025-03-22 00:53:48,914] Trial 15 pruned. 
[I 2025-03-22 00:53:49,088] Trial 16 pruned. 
[I 2025-03-22 00:53:49,336] Trial 17 pruned. 
[I 2025-03-22 00:53:49,705] Trial 18 pruned. 
[I 2025-03-22 00:53:49,940] Trial 19 pruned. 
[I 2025-03-22 00:53:50,348] Trial 20 pruned. 
[I 2025-03-22 00:53:51,035] Trial 21 pruned. 
[I 2025-03-22 00:53:51,246] Trial 22 pruned. 
[I 2025-03-22 00:53:51,449] Trial 23 pruned. 
[I 2025-03-22 00:53:59,424] Trial 4 finished with value: 128.39695197756308 and parameters: {'n_units_l0': 672, 'n_units_l1': 1728, 'n_units_l2': 3744, 'n_units_l3': 2464, 'n_units_l4': 608, 'lr': 0.020758640437475114}. Best is trial 3 with value: 125.74502124079488.
[I 2025-03-22 00:53:59,514] Trial 24 pruned. 
[I 2025-03-22 00:53:59,658] Trial 5 pruned. 
[I 2025-03-22 00:53:59,713] Trial 25 pruned. 
[I 2025-03-22 00:53:59,820] Trial 6 pruned. 
[I 2025-03-22 00:53:59,959] Trial 26 pruned. 
[I 2025-03-22 00:54:00,128] Trial 27 pruned. 
[I 2025-03-22 00:54:00,167] Trial 7 pruned. 
[I 2025-03-22 00:54:00,373] Trial 28 pruned. 
[I 2025-03-22 00:54:00,547] Trial 8 pruned. 
[I 2025-03-22 00:54:00,575] Trial 29 pruned. 
[I 2025-03-22 00:54:00,743] Trial 30 pruned. 
[I 2025-03-22 00:54:00,825] Trial 9 pruned. 
[I 2025-03-22 00:54:01,159] Trial 10 pruned. 
[I 2025-03-22 00:54:01,325] Trial 11 pruned. 
[I 2025-03-22 00:54:01,624] Trial 12 pruned. 
[I 2025-03-22 00:54:13,243] Trial 31 pruned. 
[I 2025-03-22 00:54:13,404] Trial 32 pruned. 
[I 2025-03-22 00:54:15,141] Trial 13 finished with value: 20.28753825256808 and parameters: {'n_units_l0': 1152, 'n_units_l1': 2976, 'n_units_l2': 2400, 'n_units_l3': 32, 'n_units_l4': 32, 'lr': 0.0009137840091228075}. Best is trial 13 with value: 20.28753825256808.
[I 2025-03-22 00:54:26,149] Trial 33 finished with value: 22.86039287499333 and parameters: {'n_units_l0': 288, 'n_units_l1': 1024, 'n_units_l2': 3712, 'n_units_l3': 480, 'lr': 0.0067079792897507436}. Best is trial 1 with value: 20.763976188142337.
[I 2025-03-22 00:54:30,499] Trial 14 finished with value: 28.989349768724 and parameters: {'n_units_l0': 2752, 'n_units_l1': 2880, 'n_units_l2': 2304, 'n_units_l3': 1280, 'n_units_l4': 32, 'lr': 0.0008578482003527831}. Best is trial 13 with value: 20.28753825256808.
[I 2025-03-22 00:54:38,995] Trial 34 finished with value: 24.636478979074305 and parameters: {'n_units_l0': 384, 'n_units_l1': 832, 'n_units_l2': 3680, 'n_units_l3': 544, 'lr': 0.006700212560527165}. Best is trial 1 with value: 20.763976188142337.
[I 2025-03-22 00:54:39,149] Trial 35 pruned. 
[I 2025-03-22 00:54:39,319] Trial 36 pruned. 
[I 2025-03-22 00:54:39,477] Trial 37 pruned. 
[I 2025-03-22 00:54:39,656] Trial 38 pruned. 
[I 2025-03-22 00:54:44,256] Trial 15 finished with value: 50.158336251553806 and parameters: {'n_units_l0': 3200, 'n_units_l1': 2976, 'n_units_l2': 1184, 'n_units_l3': 608, 'n_units_l4': 32, 'lr': 0.0003416616770903647}. Best is trial 13 with value: 20.28753825256808.
[I 2025-03-22 00:54:52,510] Trial 39 finished with value: 23.23866849451021 and parameters: {'n_units_l0': 1088, 'n_units_l1': 704, 'n_units_l2': 2784, 'n_units_l3': 352, 'lr': 0.0003860714474150737}. Best is trial 1 with value: 20.763976188142337.
[I 2025-03-22 00:54:52,679] Trial 40 pruned. 
[I 2025-03-22 00:54:52,830] Trial 41 pruned. 
[I 2025-03-22 00:54:53,114] Trial 42 pruned. 
[I 2025-03-22 00:54:53,290] Trial 43 pruned. 
[I 2025-03-22 00:54:53,584] Trial 44 pruned. 
[I 2025-03-22 00:54:53,858] Trial 45 pruned. 
[I 2025-03-22 00:54:54,015] Trial 46 pruned. 
[I 2025-03-22 00:54:54,192] Trial 47 pruned. 
[I 2025-03-22 00:54:57,929] Trial 48 pruned. 
[I 2025-03-22 00:54:58,370] Trial 49 pruned. 
[I 2025-03-22 00:54:58,613] Trial 50 pruned. 
[I 2025-03-22 00:54:58,821] Trial 51 pruned. 
[I 2025-03-22 00:54:59,055] Trial 52 pruned. 
[I 2025-03-22 00:54:59,253] Trial 53 pruned. 
[I 2025-03-22 00:54:59,584] Trial 54 pruned. 
[I 2025-03-22 00:55:00,043] Trial 55 pruned. 
[I 2025-03-22 00:55:00,199] Trial 56 pruned. 
[I 2025-03-22 00:55:00,405] Trial 57 pruned. 
[I 2025-03-22 00:55:00,822] Trial 58 pruned. 
[I 2025-03-22 00:55:01,012] Trial 59 pruned. 
[I 2025-03-22 00:55:01,295] Trial 60 pruned. 
