[I 2025-03-22 14:18:30,614] Trial 10 finished with value: 8.998576937973882 and parameters: {'n_units_l0': 3168, 'n_units_l1': 928, 'n_units_l2': 288, 'n_units_l3': 2688, 'n_units_l4': 3264, 'n_units_l5': 64, 'n_units_l6': 2144, 'n_units_l7': 224, 'n_units_l8': 2784, 'n_units_l9': 256, 'n_units_l10': 4064, 'n_units_l11': 3904, 'lr': 0.0008008952711473886}. Best is trial 10 with value: 8.998576937973882.
[I 2025-03-22 14:18:40,026] Trial 31 pruned. 
[I 2025-03-22 14:18:41,287] Trial 32 pruned. 
[I 2025-03-22 14:18:42,471] Trial 33 pruned. 
[I 2025-03-22 14:18:44,781] Trial 34 pruned. 
[I 2025-03-22 14:18:45,954] Trial 35 pruned. 
[I 2025-03-22 14:18:47,164] Trial 36 pruned. 
[I 2025-03-22 14:18:49,440] Trial 37 pruned. 
[I 2025-03-22 14:19:00,992] Trial 38 pruned. 
[I 2025-03-22 14:19:09,282] Trial 39 pruned. 
[I 2025-03-22 14:19:11,770] Trial 40 pruned. 
[I 2025-03-22 14:19:17,533] Trial 41 pruned. 
[I 2025-03-22 14:19:25,730] Trial 42 pruned. 
[I 2025-03-22 14:19:30,484] Trial 43 pruned. 
[I 2025-03-22 14:19:42,006] Trial 44 pruned. 
[I 2025-03-22 14:19:47,797] Trial 45 pruned. 
[I 2025-03-22 14:19:53,693] Trial 46 pruned. 
[I 2025-03-22 14:19:54,986] Trial 47 pruned. 
[I 2025-03-22 14:19:57,284] Trial 48 pruned. 
[I 2025-03-22 14:20:08,780] Trial 49 pruned. 
[I 2025-03-22 14:20:10,012] Trial 50 pruned. 
[I 2025-03-22 14:20:11,168] Trial 51 pruned. 
[I 2025-03-22 14:20:12,370] Trial 52 pruned. 
[I 2025-03-22 14:20:13,675] Trial 53 pruned. 
[I 2025-03-22 14:20:14,813] Trial 54 pruned. 
[I 2025-03-22 14:20:15,950] Trial 55 pruned. 
[I 2025-03-22 14:20:21,747] Trial 56 pruned. 
[I 2025-03-22 14:20:24,118] Trial 57 pruned. 
[I 2025-03-22 14:20:30,006] Trial 58 pruned. 
[I 2025-03-22 14:20:31,169] Trial 59 pruned. 
[I 2025-03-22 14:20:32,435] Trial 60 pruned. 
[I 2025-03-22 14:20:33,628] Trial 61 pruned. 
[I 2025-03-22 14:20:34,923] Trial 62 pruned. 
[I 2025-03-22 14:20:40,729] Trial 63 pruned. 
[I 2025-03-22 14:20:41,981] Trial 64 pruned. 
[I 2025-03-22 14:20:44,409] Trial 65 pruned. 
[I 2025-03-22 14:20:45,622] Trial 66 pruned. 
[I 2025-03-22 14:20:46,806] Trial 67 pruned. 
[I 2025-03-22 14:20:55,133] Trial 68 pruned. 
[I 2025-03-22 14:20:56,300] Trial 69 pruned. 
[I 2025-03-22 14:21:02,091] Trial 70 pruned. 
[I 2025-03-22 14:21:04,400] Trial 71 pruned. 
[I 2025-03-22 14:21:06,754] Trial 72 pruned. 
[I 2025-03-22 14:21:09,114] Trial 73 pruned. 
[I 2025-03-22 14:21:10,297] Trial 74 pruned. 
[I 2025-03-22 14:21:12,696] Trial 75 pruned. 
[I 2025-03-22 14:21:20,767] Trial 76 pruned. 
[I 2025-03-22 14:21:26,560] Trial 77 pruned. 
[I 2025-03-22 14:21:28,993] Trial 78 pruned. 
[I 2025-03-22 14:21:31,404] Trial 79 pruned. 
[I 2025-03-22 14:21:32,568] Trial 80 pruned. 
[I 2025-03-22 14:21:37,546] Trial 11 finished with value: 125.36998791378768 and parameters: {'n_units_l0': 3072, 'n_units_l1': 1056, 'n_units_l2': 128, 'n_units_l3': 2720, 'n_units_l4': 3264, 'n_units_l5': 64, 'n_units_l6': 1984, 'n_units_l7': 32, 'n_units_l8': 2816, 'n_units_l9': 64, 'n_units_l10': 3872, 'n_units_l11': 4096, 'lr': 0.005226587462765608}. Best is trial 10 with value: 8.998576937973882.
[I 2025-03-22 14:22:07,496] Trial 81 pruned. 
[I 2025-03-22 14:22:09,776] Trial 82 pruned. 
[I 2025-03-22 14:22:12,161] Trial 83 pruned. 
[I 2025-03-22 14:23:44,056] Trial 12 finished with value: 15.293839402493326 and parameters: {'n_units_l0': 3360, 'n_units_l1': 928, 'n_units_l2': 960, 'n_units_l3': 1344, 'n_units_l4': 3040, 'n_units_l5': 96, 'n_units_l6': 2272, 'n_units_l7': 832, 'n_units_l8': 2944, 'n_units_l9': 32, 'n_units_l10': 64, 'n_units_l11': 2400, 'lr': 0.0018358551805236743}. Best is trial 10 with value: 8.998576937973882.
[I 2025-03-22 14:24:08,860] Trial 84 finished with value: 13.343761626358946 and parameters: {'n_units_l0': 416, 'n_units_l1': 3392, 'lr': 0.006220878028221799}. Best is trial 13 with value: 7.386692377453893.
[I 2025-03-22 14:24:11,209] Trial 85 pruned. 
[I 2025-03-22 14:24:12,347] Trial 86 pruned. 
[I 2025-03-22 14:24:14,735] Trial 87 pruned. 
[I 2025-03-22 14:24:17,076] Trial 88 pruned. 
[I 2025-03-22 14:25:50,388] Trial 13 finished with value: 125.36556698555516 and parameters: {'n_units_l0': 3392, 'n_units_l1': 32, 'n_units_l2': 864, 'n_units_l3': 1280, 'n_units_l4': 3648, 'n_units_l5': 32, 'n_units_l6': 2496, 'n_units_l7': 192, 'n_units_l8': 1600, 'n_units_l9': 32, 'n_units_l10': 32, 'n_units_l11': 192, 'lr': 0.0023507374459621586}. Best is trial 10 with value: 8.998576937973882.
[I 2025-03-22 14:26:13,987] Trial 89 finished with value: 16.632013723554035 and parameters: {'n_units_l0': 32, 'n_units_l1': 1664, 'lr': 0.011449801463819085}. Best is trial 13 with value: 7.386692377453893.
[I 2025-03-22 14:26:16,404] Trial 90 pruned. 
[I 2025-03-22 14:26:21,032] Trial 91 pruned. 
[I 2025-03-22 14:26:23,363] Trial 92 pruned. 
[I 2025-03-22 14:26:25,769] Trial 93 pruned. 
[I 2025-03-22 14:27:00,417] Trial 94 pruned. 
[I 2025-03-22 14:27:02,806] Trial 95 pruned. 
[I 2025-03-22 14:27:04,034] Trial 96 pruned. 
[I 2025-03-22 14:27:05,173] Trial 97 pruned. 
[I 2025-03-22 14:27:07,625] Trial 98 pruned. 
[I 2025-03-22 14:27:19,124] Trial 99 pruned. 
[I 2025-03-22 14:27:19,342] A new study created in memory with name: no-name-47e98bfe-364d-4239-be35-9e23630ca1f0
[I 2025-03-22 14:28:28,502] Trial 14 finished with value: 20.26144698204989 and parameters: {'n_units_l0': 3360, 'n_units_l1': 768, 'n_units_l2': 96, 'n_units_l3': 160, 'n_units_l4': 2912, 'n_units_l5': 640, 'n_units_l6': 2176, 'n_units_l7': 768, 'n_units_l8': 2912, 'n_units_l9': 512, 'n_units_l10': 3840, 'n_units_l11': 2336, 'lr': 0.000626274356586279}. Best is trial 10 with value: 8.998576937973882.
[I 2025-03-22 14:28:31,358] Trial 15 pruned. 
[I 2025-03-22 14:28:34,784] Trial 16 pruned. 
[I 2025-03-22 14:28:37,159] Trial 17 pruned. 
[I 2025-03-22 14:29:25,193] Trial 0 finished with value: 124.72519413214276 and parameters: {'n_units_l0': 3072, 'n_units_l1': 3488, 'n_units_l2': 256, 'lr': 0.07707135615965038}. Best is trial 0 with value: 124.72519413214276.
[I 2025-03-22 14:31:30,367] Trial 1 finished with value: 16.90088650850212 and parameters: {'n_units_l0': 672, 'n_units_l1': 3840, 'n_units_l2': 576, 'lr': 0.017523240603542448}. Best is trial 1 with value: 16.90088650850212.
[I 2025-03-22 14:31:49,985] Trial 18 finished with value: 125.35157321378679 and parameters: {'n_units_l0': 3616, 'n_units_l1': 1472, 'n_units_l2': 2944, 'n_units_l3': 1216, 'n_units_l4': 1664, 'n_units_l5': 1216, 'n_units_l6': 2784, 'n_units_l7': 320, 'n_units_l8': 2304, 'n_units_l9': 416, 'n_units_l10': 2368, 'n_units_l11': 2752, 'lr': 0.01443765340503285}. Best is trial 10 with value: 8.998576937973882.
[I 2025-03-22 14:32:05,465] Trial 19 pruned. 
[I 2025-03-22 14:32:08,037] Trial 20 pruned. 
[I 2025-03-22 14:33:34,687] Trial 2 finished with value: 124.740376895432 and parameters: {'n_units_l0': 2976, 'n_units_l1': 608, 'n_units_l2': 2144, 'lr': 0.08449845845916501}. Best is trial 1 with value: 16.90088650850212.
[I 2025-03-22 14:34:26,741] Trial 21 finished with value: 125.3341695330248 and parameters: {'n_units_l0': 3328, 'n_units_l1': 608, 'n_units_l2': 32, 'n_units_l3': 32, 'n_units_l4': 2976, 'n_units_l5': 704, 'n_units_l6': 1824, 'n_units_l7': 608, 'n_units_l8': 3072, 'n_units_l9': 256, 'n_units_l10': 3616, 'n_units_l11': 2336, 'lr': 0.003134452229247602}. Best is trial 10 with value: 8.998576937973882.
[I 2025-03-22 14:35:39,552] Trial 3 finished with value: 41.5029062206952 and parameters: {'n_units_l0': 992, 'n_units_l1': 1696, 'n_units_l2': 2176, 'lr': 0.0410057672125087}. Best is trial 1 with value: 16.90088650850212.
[I 2025-03-22 14:37:18,200] Trial 22 finished with value: 11.135348162939144 and parameters: {'n_units_l0': 3712, 'n_units_l1': 1056, 'n_units_l2': 832, 'n_units_l3': 256, 'n_units_l4': 3136, 'n_units_l5': 320, 'n_units_l6': 2464, 'n_units_l7': 832, 'n_units_l8': 2976, 'n_units_l9': 992, 'n_units_l10': 3360, 'n_units_l11': 2144, 'lr': 0.0006771710735984371}. Best is trial 10 with value: 8.998576937973882.
[I 2025-03-22 14:37:44,447] Trial 4 finished with value: 17.69339437908138 and parameters: {'n_units_l0': 224, 'n_units_l1': 2880, 'n_units_l2': 2560, 'lr': 0.03523649029905157}. Best is trial 1 with value: 16.90088650850212.
[I 2025-03-22 14:37:50,683] Trial 5 pruned. 
[I 2025-03-22 14:37:51,884] Trial 6 pruned. 
[I 2025-03-22 14:37:58,010] Trial 7 pruned. 
[I 2025-03-22 14:40:01,293] Trial 8 finished with value: 40.37108567982269 and parameters: {'n_units_l0': 416, 'n_units_l1': 192, 'n_units_l2': 1088, 'lr': 0.031035096824653902}. Best is trial 1 with value: 16.90088650850212.
[I 2025-03-22 14:40:33,131] Trial 23 finished with value: 125.34809768374234 and parameters: {'n_units_l0': 3776, 'n_units_l1': 1216, 'n_units_l2': 832, 'n_units_l3': 672, 'n_units_l4': 3328, 'n_units_l5': 288, 'n_units_l6': 2560, 'n_units_l7': 1312, 'n_units_l8': 3488, 'n_units_l9': 992, 'n_units_l10': 3392, 'n_units_l11': 1952, 'lr': 0.010602539697145273}. Best is trial 10 with value: 8.998576937973882.
[I 2025-03-22 14:40:35,199] Trial 24 pruned. 
[I 2025-03-22 14:40:36,890] Trial 25 pruned. 
[I 2025-03-22 14:40:38,896] Trial 26 pruned. 
[I 2025-03-22 14:42:05,563] Trial 9 finished with value: 14.475586249262507 and parameters: {'n_units_l0': 1984, 'n_units_l1': 1312, 'n_units_l2': 3936, 'lr': 0.021849523065459703}. Best is trial 9 with value: 14.475586249262507.
[I 2025-03-22 14:42:14,394] Trial 10 pruned. 
[I 2025-03-22 14:42:21,016] Trial 11 pruned. 
[I 2025-03-22 14:42:22,397] Trial 12 pruned. 
[I 2025-03-22 14:42:27,256] Trial 13 pruned. 
[I 2025-03-22 14:42:53,323] Trial 14 pruned. 
[I 2025-03-22 14:42:54,706] Trial 15 pruned. 
[I 2025-03-22 14:42:56,774] Trial 16 pruned. 
[I 2025-03-22 14:42:58,039] Trial 17 pruned. 
[I 2025-03-22 14:42:59,444] Trial 18 pruned. 
[I 2025-03-22 14:43:00,680] Trial 19 pruned. 
[I 2025-03-22 14:43:54,948] Trial 27 finished with value: 125.34486491351245 and parameters: {'n_units_l0': 2848, 'n_units_l1': 1536, 'n_units_l2': 4096, 'n_units_l3': 352, 'n_units_l4': 2656, 'n_units_l5': 1024, 'n_units_l6': 2400, 'n_units_l7': 768, 'n_units_l8': 3072, 'n_units_l9': 128, 'n_units_l10': 3488, 'n_units_l11': 2432, 'lr': 0.0358394950921985}. Best is trial 10 with value: 8.998576937973882.
[I 2025-03-22 14:45:04,003] Trial 20 finished with value: 16.58245286122878 and parameters: {'n_units_l0': 3392, 'n_units_l1': 160, 'n_units_l2': 3552, 'lr': 0.009222279720887096}. Best is trial 9 with value: 14.475586249262507.
[I 2025-03-22 14:45:05,280] Trial 21 pruned. 
[I 2025-03-22 14:45:06,495] Trial 22 pruned. 
[I 2025-03-22 14:45:07,789] Trial 23 pruned. 
[I 2025-03-22 14:45:09,107] Trial 24 pruned. 
[I 2025-03-22 14:45:10,868] Trial 25 pruned. 
[I 2025-03-22 14:47:13,646] Trial 26 finished with value: 9.639577310994786 and parameters: {'n_units_l0': 640, 'n_units_l1': 448, 'n_units_l2': 1792, 'lr': 0.00889389201109959}. Best is trial 26 with value: 9.639577310994786.
[I 2025-03-22 14:48:04,981] Trial 28 finished with value: 9.031179704818491 and parameters: {'n_units_l0': 3808, 'n_units_l1': 1024, 'n_units_l2': 320, 'n_units_l3': 2368, 'n_units_l4': 2336, 'n_units_l5': 1600, 'n_units_l6': 1632, 'n_units_l7': 2560, 'n_units_l8': 2624, 'n_units_l9': 1856, 'n_units_l10': 2912, 'n_units_l11': 2144, 'lr': 0.0008137310375564658}. Best is trial 10 with value: 8.998576937973882.
[I 2025-03-22 14:48:08,460] Trial 29 pruned. 
[I 2025-03-22 14:48:11,112] Trial 30 pruned. 
[I 2025-03-22 14:49:16,822] Trial 27 finished with value: 18.348442752819874 and parameters: {'n_units_l0': 3264, 'n_units_l1': 352, 'n_units_l2': 1856, 'lr': 0.011097151693026367}. Best is trial 26 with value: 9.639577310994786.
[I 2025-03-22 14:49:18,136] Trial 28 pruned. 
[I 2025-03-22 14:49:25,663] Trial 29 pruned. 
[I 2025-03-22 14:49:26,906] Trial 30 pruned. 
[I 2025-03-22 14:49:28,271] Trial 31 pruned. 
[I 2025-03-22 14:49:29,553] Trial 32 pruned. 
[I 2025-03-22 14:49:30,857] Trial 33 pruned. 
[I 2025-03-22 14:49:32,071] Trial 34 pruned. 
[I 2025-03-22 14:49:33,264] Trial 35 pruned. 
[I 2025-03-22 14:49:34,660] Trial 36 pruned. 
[I 2025-03-22 14:49:35,956] Trial 37 pruned. 
[I 2025-03-22 14:49:43,340] Trial 38 pruned. 
[I 2025-03-22 14:49:45,953] Trial 39 pruned. 
[I 2025-03-22 14:49:47,294] Trial 40 pruned. 
[I 2025-03-22 14:49:54,704] Trial 41 pruned. 
[I 2025-03-22 14:49:56,011] Trial 42 pruned. 
[I 2025-03-22 14:49:57,423] Trial 43 pruned. 
[I 2025-03-22 14:49:58,647] Trial 44 pruned. 
[I 2025-03-22 14:50:00,299] Trial 45 pruned. 
[I 2025-03-22 14:50:01,722] Trial 46 pruned. 
[I 2025-03-22 14:51:47,201] Trial 31 finished with value: 6.445617914311489 and parameters: {'n_units_l0': 3264, 'n_units_l1': 960, 'n_units_l2': 992, 'n_units_l3': 2400, 'n_units_l4': 2848, 'n_units_l5': 544, 'n_units_l6': 2208, 'n_units_l7': 1888, 'n_units_l8': 2592, 'n_units_l9': 1120, 'n_units_l10': 2880, 'n_units_l11': 1728, 'lr': 0.0005963553340094544}. Best is trial 31 with value: 6.445617914311489.
[I 2025-03-22 14:51:49,475] Trial 32 pruned. 
[I 2025-03-22 14:52:05,681] Trial 47 finished with value: 17.24757799613483 and parameters: {'n_units_l0': 256, 'n_units_l1': 3104, 'n_units_l2': 1152, 'lr': 0.04061600388088599}. Best is trial 26 with value: 9.639577310994786.
[I 2025-03-22 14:52:08,250] Trial 48 pruned. 
[I 2025-03-22 14:52:09,541] Trial 49 pruned. 
[I 2025-03-22 14:52:10,825] Trial 50 pruned. 
[I 2025-03-22 14:52:35,270] Trial 51 pruned. 
[I 2025-03-22 14:52:36,466] Trial 52 pruned. 
[I 2025-03-22 14:52:37,783] Trial 53 pruned. 
[I 2025-03-22 14:52:38,985] Trial 54 pruned. 
[I 2025-03-22 14:52:40,367] Trial 55 pruned. 
[I 2025-03-22 14:52:41,617] Trial 56 pruned. 
[I 2025-03-22 14:52:43,648] Trial 57 pruned. 
[I 2025-03-22 14:52:44,969] Trial 58 pruned. 
[I 2025-03-22 14:52:52,415] Trial 59 pruned. 
[I 2025-03-22 14:52:53,652] Trial 60 pruned. 
[I 2025-03-22 14:52:55,048] Trial 61 pruned. 
[I 2025-03-22 14:52:56,246] Trial 62 pruned. 
[I 2025-03-22 14:52:57,569] Trial 63 pruned. 
[I 2025-03-22 14:52:58,784] Trial 64 pruned. 
[I 2025-03-22 14:53:00,027] Trial 65 pruned. 
[I 2025-03-22 14:53:01,418] Trial 66 pruned. 
[I 2025-03-22 14:53:02,635] Trial 67 pruned. 
[I 2025-03-22 14:53:04,111] Trial 68 pruned. 
[I 2025-03-22 14:53:05,440] Trial 69 pruned. 
[I 2025-03-22 14:53:06,753] Trial 70 pruned. 
[I 2025-03-22 14:53:09,250] Trial 71 pruned. 
[I 2025-03-22 14:53:10,480] Trial 72 pruned. 
[I 2025-03-22 14:53:11,799] Trial 73 pruned. 
[I 2025-03-22 14:53:13,041] Trial 74 pruned. 
[I 2025-03-22 14:53:14,294] Trial 75 pruned. 
[I 2025-03-22 14:53:19,436] Trial 76 pruned. 
[I 2025-03-22 14:53:20,693] Trial 77 pruned. 
[I 2025-03-22 14:53:23,204] Trial 78 pruned. 
[I 2025-03-22 14:53:24,614] Trial 79 pruned. 
[I 2025-03-22 14:53:25,885] Trial 80 pruned. 
[I 2025-03-22 14:53:28,461] Trial 81 pruned. 
[I 2025-03-22 14:53:29,660] Trial 82 pruned. 
[I 2025-03-22 14:53:31,019] Trial 83 pruned. 
[I 2025-03-22 14:53:32,360] Trial 84 pruned. 
[I 2025-03-22 14:55:36,325] Trial 85 finished with value: 12.61936109869181 and parameters: {'n_units_l0': 192, 'n_units_l1': 2144, 'n_units_l2': 1568, 'lr': 0.01619481724786498}. Best is trial 26 with value: 9.639577310994786.
[I 2025-03-22 14:55:38,828] Trial 86 pruned. 
[I 2025-03-22 14:55:41,259] Trial 87 pruned. 
[I 2025-03-22 14:55:42,632] Trial 88 pruned. 
[I 2025-03-22 14:55:49,202] Trial 33 finished with value: 125.38079129842514 and parameters: {'n_units_l0': 3136, 'n_units_l1': 1248, 'n_units_l2': 672, 'n_units_l3': 2944, 'n_units_l4': 2432, 'n_units_l5': 2048, 'n_units_l6': 1568, 'n_units_l7': 3168, 'n_units_l8': 1888, 'n_units_l9': 1088, 'n_units_l10': 2752, 'n_units_l11': 1312, 'lr': 0.0078531310675099}. Best is trial 31 with value: 6.445617914311489.
[I 2025-03-22 14:55:52,184] Trial 34 pruned. 
[I 2025-03-22 14:57:46,459] Trial 89 finished with value: 24.191736078722 and parameters: {'n_units_l0': 32, 'n_units_l1': 1536, 'n_units_l2': 1248, 'lr': 0.013328924584001537}. Best is trial 26 with value: 9.639577310994786.
[I 2025-03-22 14:57:47,706] Trial 90 pruned. 
[I 2025-03-22 14:57:49,021] Trial 91 pruned. 
[I 2025-03-22 14:57:50,246] Trial 92 pruned. 
[I 2025-03-22 14:57:51,597] Trial 93 pruned. 
[I 2025-03-22 14:57:52,852] Trial 94 pruned. 
[I 2025-03-22 14:57:55,399] Trial 95 pruned. 
[I 2025-03-22 14:57:56,682] Trial 96 pruned. 
[I 2025-03-22 14:57:57,949] Trial 97 pruned. 
[I 2025-03-22 14:58:00,478] Trial 98 pruned. 
[I 2025-03-22 14:58:02,976] Trial 99 pruned. 
[I 2025-03-22 14:58:03,246] A new study created in memory with name: no-name-cdb869b5-d96b-4721-a614-ae8bb3bcf910
[I 2025-03-22 15:00:38,360] Trial 35 finished with value: 11.262165313494803 and parameters: {'n_units_l0': 3584, 'n_units_l1': 256, 'n_units_l2': 1344, 'n_units_l3': 3488, 'n_units_l4': 2496, 'n_units_l5': 896, 'n_units_l6': 2592, 'n_units_l7': 3808, 'n_units_l8': 1088, 'n_units_l9': 2272, 'n_units_l10': 3424, 'n_units_l11': 2112, 'lr': 0.00031233990477453526}. Best is trial 31 with value: 6.445617914311489.
[I 2025-03-22 15:00:41,282] Trial 36 pruned. 
[I 2025-03-22 15:00:43,576] Trial 37 pruned. 
[I 2025-03-22 15:00:47,141] Trial 38 pruned. 
[I 2025-03-22 15:00:49,974] Trial 39 pruned. 
[I 2025-03-22 15:00:52,479] Trial 40 pruned. 
[I 2025-03-22 15:00:55,596] Trial 41 pruned. 
[I 2025-03-22 15:02:34,877] Trial 0 finished with value: 125.2891769604324 and parameters: {'n_units_l0': 4064, 'n_units_l1': 3968, 'n_units_l2': 3264, 'n_units_l3': 960, 'lr': 0.09532047433535196}. Best is trial 0 with value: 125.2891769604324.
[I 2025-03-22 15:05:37,310] Trial 1 finished with value: 125.28934964794354 and parameters: {'n_units_l0': 2080, 'n_units_l1': 2880, 'n_units_l2': 2208, 'n_units_l3': 3744, 'lr': 0.08516658826209739}. Best is trial 0 with value: 125.2891769604324.
[I 2025-03-22 15:05:45,688] Trial 42 finished with value: 5.787350868964137 and parameters: {'n_units_l0': 3744, 'n_units_l1': 640, 'n_units_l2': 1792, 'n_units_l3': 3616, 'n_units_l4': 2496, 'n_units_l5': 1248, 'n_units_l6': 2112, 'n_units_l7': 3936, 'n_units_l8': 576, 'n_units_l9': 2368, 'n_units_l10': 3520, 'n_units_l11': 2144, 'lr': 0.00026362123526876786}. Best is trial 42 with value: 5.787350868964137.
[I 2025-03-22 15:05:49,119] Trial 43 pruned. 
[I 2025-03-22 15:05:52,921] Trial 44 pruned. 
[I 2025-03-22 15:07:50,808] Trial 2 finished with value: 8.851001384489301 and parameters: {'n_units_l0': 800, 'n_units_l1': 3424, 'n_units_l2': 1952, 'n_units_l3': 192, 'lr': 0.0031325598806880373}. Best is trial 2 with value: 8.851001384489301.
[I 2025-03-22 15:10:02,912] Trial 3 finished with value: 125.28992345071578 and parameters: {'n_units_l0': 544, 'n_units_l1': 224, 'n_units_l2': 3072, 'n_units_l3': 2880, 'lr': 0.07500812837255447}. Best is trial 2 with value: 8.851001384489301.
[I 2025-03-22 15:10:47,320] Trial 45 finished with value: 125.33551364082224 and parameters: {'n_units_l0': 160, 'n_units_l1': 1184, 'n_units_l2': 1120, 'n_units_l3': 1952, 'n_units_l4': 3200, 'n_units_l5': 1824, 'n_units_l6': 2304, 'n_units_l7': 4096, 'n_units_l8': 2144, 'n_units_l9': 1760, 'n_units_l10': 3168, 'n_units_l11': 2144, 'lr': 0.014909046113532892}. Best is trial 42 with value: 5.787350868964137.
[I 2025-03-22 15:10:50,540] Trial 46 pruned. 
[I 2025-03-22 15:10:53,357] Trial 47 pruned. 
[I 2025-03-22 15:12:16,773] Trial 4 finished with value: 125.30192688158407 and parameters: {'n_units_l0': 1152, 'n_units_l1': 2208, 'n_units_l2': 1984, 'n_units_l3': 3808, 'lr': 0.051921383917249854}. Best is trial 2 with value: 8.851001384489301.
[I 2025-03-22 15:12:19,244] Trial 5 pruned. 
[I 2025-03-22 15:12:20,577] Trial 6 pruned. 
[I 2025-03-22 15:12:28,584] Trial 7 pruned. 
[I 2025-03-22 15:14:09,193] Trial 48 finished with value: 8.088704315291153 and parameters: {'n_units_l0': 3744, 'n_units_l1': 1024, 'n_units_l2': 832, 'n_units_l3': 2656, 'n_units_l4': 2688, 'n_units_l5': 480, 'n_units_l6': 2112, 'n_units_l7': 416, 'n_units_l8': 3456, 'n_units_l9': 1536, 'n_units_l10': 2496, 'n_units_l11': 1472, 'lr': 3.663160477801258e-05}. Best is trial 42 with value: 5.787350868964137.
[I 2025-03-22 15:14:43,522] Trial 8 finished with value: 125.28804983453959 and parameters: {'n_units_l0': 1632, 'n_units_l1': 1600, 'n_units_l2': 2912, 'n_units_l3': 992, 'lr': 0.036228341067602476}. Best is trial 2 with value: 8.851001384489301.
[I 2025-03-22 15:14:48,789] Trial 9 pruned. 
[I 2025-03-22 15:17:02,080] Trial 10 finished with value: 7.304146661053213 and parameters: {'n_units_l0': 352, 'n_units_l1': 2752, 'n_units_l2': 1376, 'n_units_l3': 192, 'lr': 0.0007384121248471091}. Best is trial 10 with value: 7.304146661053213.
[I 2025-03-22 15:17:04,743] Trial 11 pruned. 
[I 2025-03-22 15:17:21,301] Trial 49 finished with value: 125.33126522456656 and parameters: {'n_units_l0': 3232, 'n_units_l1': 672, 'n_units_l2': 1696, 'n_units_l3': 2624, 'n_units_l4': 2752, 'n_units_l5': 576, 'n_units_l6': 2112, 'n_units_l7': 320, 'n_units_l8': 3520, 'n_units_l9': 1504, 'n_units_l10': 2496, 'n_units_l11': 736, 'lr': 0.004409466869248129}. Best is trial 42 with value: 5.787350868964137.
[I 2025-03-22 15:17:23,803] Trial 50 pruned. 
[I 2025-03-22 15:20:15,673] Trial 12 finished with value: 8.35861692204986 and parameters: {'n_units_l0': 800, 'n_units_l1': 3072, 'n_units_l2': 4064, 'n_units_l3': 1664, 'lr': 0.0008636181111739642}. Best is trial 10 with value: 7.304146661053213.
[I 2025-03-22 15:20:21,777] Trial 51 finished with value: 10.329323694920227 and parameters: {'n_units_l0': 3712, 'n_units_l1': 1120, 'n_units_l2': 768, 'n_units_l3': 2912, 'n_units_l4': 2624, 'n_units_l5': 160, 'n_units_l6': 2336, 'n_units_l7': 480, 'n_units_l8': 2784, 'n_units_l9': 1344, 'n_units_l10': 2176, 'n_units_l11': 1184, 'lr': 0.0011064356086430368}. Best is trial 42 with value: 5.787350868964137.
[I 2025-03-22 15:20:23,955] Trial 52 pruned. 
[I 2025-03-22 15:20:25,940] Trial 53 pruned. 
