[I 2025-03-21 23:30:28,152] Trial 19 finished with value: 48.088660075532495 and parameters: {'n_units_l0': 544, 'n_units_l1': 1312, 'n_units_l2': 640, 'n_units_l3': 3264, 'lr': 0.009983236425426204}. Best is trial 11 with value: 47.72856146349581.
[I 2025-03-21 23:30:28,512] Trial 20 pruned. 
[I 2025-03-21 23:30:29,921] Trial 21 finished with value: 49.068663531871884 and parameters: {'n_units_l0': 352, 'n_units_l1': 1280, 'n_units_l2': 1312, 'n_units_l3': 3168, 'lr': 0.01438867218818225}. Best is trial 11 with value: 47.72856146349581.
[I 2025-03-21 23:30:30,398] Trial 22 pruned. 
[I 2025-03-21 23:30:30,455] Trial 23 pruned. 
[I 2025-03-21 23:30:30,691] Trial 69 finished with value: 89.3383560180664 and parameters: {'n_units_l0': 1280, 'n_units_l1': 1216, 'n_units_l2': 2112, 'n_units_l3': 832, 'n_units_l4': 2336, 'n_units_l5': 4032, 'n_units_l6': 3936, 'n_units_l7': 2272, 'n_units_l8': 2656, 'n_units_l9': 3680, 'n_units_l10': 3456, 'n_units_l11': 2720, 'lr': 0.0007004085744296783}. Best is trial 69 with value: 89.3383560180664.
[I 2025-03-21 23:30:30,763] Trial 24 pruned. 
[I 2025-03-21 23:30:30,815] Trial 25 pruned. 
[I 2025-03-21 23:30:31,137] Trial 70 pruned. 
[I 2025-03-21 23:30:31,178] Trial 26 pruned. 
[I 2025-03-21 23:30:31,252] Trial 27 pruned. 
[I 2025-03-21 23:30:32,673] Trial 28 finished with value: 43.744428255658974 and parameters: {'n_units_l0': 32, 'n_units_l1': 2240, 'n_units_l2': 1472, 'n_units_l3': 3040, 'lr': 0.03739910551366258}. Best is trial 28 with value: 43.744428255658974.
[I 2025-03-21 23:30:32,740] Trial 29 pruned. 
[I 2025-03-21 23:30:32,815] Trial 30 pruned. 
[I 2025-03-21 23:30:32,877] Trial 31 pruned. 
[I 2025-03-21 23:30:34,398] Trial 32 finished with value: 48.66643480679888 and parameters: {'n_units_l0': 288, 'n_units_l1': 1664, 'n_units_l2': 1280, 'n_units_l3': 3200, 'lr': 0.015258387082836779}. Best is trial 28 with value: 43.744428255658974.
[I 2025-03-21 23:30:34,714] Trial 33 pruned. 
[I 2025-03-21 23:30:34,795] Trial 34 pruned. 
[I 2025-03-21 23:30:34,853] Trial 35 pruned. 
[I 2025-03-21 23:30:34,940] Trial 36 pruned. 
[I 2025-03-21 23:30:34,987] Trial 37 pruned. 
[I 2025-03-21 23:30:35,067] Trial 38 pruned. 
[I 2025-03-21 23:30:35,142] Trial 39 pruned. 
[I 2025-03-21 23:30:35,195] Trial 40 pruned. 
[I 2025-03-21 23:30:35,505] Trial 71 finished with value: 97.30512237548828 and parameters: {'n_units_l0': 960, 'n_units_l1': 544, 'n_units_l2': 2144, 'n_units_l3': 416, 'n_units_l4': 2336, 'n_units_l5': 3776, 'n_units_l6': 3968, 'n_units_l7': 2240, 'n_units_l8': 2688, 'n_units_l9': 3424, 'n_units_l10': 3456, 'n_units_l11': 2912, 'lr': 5.2836189047173126e-05}. Best is trial 69 with value: 89.3383560180664.
[I 2025-03-21 23:30:36,267] Trial 72 pruned. 
[I 2025-03-21 23:30:36,610] Trial 41 finished with value: 50.825049533906125 and parameters: {'n_units_l0': 384, 'n_units_l1': 1344, 'n_units_l2': 1312, 'n_units_l3': 3488, 'lr': 0.013804355766403632}. Best is trial 28 with value: 43.744428255658974.
[I 2025-03-21 23:30:36,667] Trial 42 pruned. 
[I 2025-03-21 23:30:36,711] Trial 73 pruned. 
[I 2025-03-21 23:30:36,748] Trial 43 pruned. 
[I 2025-03-21 23:30:37,200] Trial 74 pruned. 
[I 2025-03-21 23:30:37,658] Trial 75 pruned. 
[I 2025-03-21 23:30:38,061] Trial 76 pruned. 
[I 2025-03-21 23:30:38,176] Trial 44 finished with value: 36.02417505369901 and parameters: {'n_units_l0': 64, 'n_units_l1': 1184, 'n_units_l2': 1504, 'n_units_l3': 3680, 'lr': 0.007008833823249599}. Best is trial 44 with value: 36.02417505369901.
[I 2025-03-21 23:30:38,430] Trial 77 pruned. 
[I 2025-03-21 23:30:38,868] Trial 78 pruned. 
[I 2025-03-21 23:30:39,204] Trial 79 pruned. 
[I 2025-03-21 23:30:39,601] Trial 80 pruned. 
[I 2025-03-21 23:30:39,721] Trial 45 finished with value: 45.120249769975 and parameters: {'n_units_l0': 128, 'n_units_l1': 608, 'n_units_l2': 2144, 'n_units_l3': 3936, 'lr': 0.0077418393027070265}. Best is trial 44 with value: 36.02417505369901.
[I 2025-03-21 23:30:39,801] Trial 46 pruned. 
[I 2025-03-21 23:30:39,954] Trial 47 pruned. 
[I 2025-03-21 23:30:40,113] Trial 48 pruned. 
[I 2025-03-21 23:30:40,188] Trial 49 pruned. 
[I 2025-03-21 23:30:40,295] Trial 50 pruned. 
[I 2025-03-21 23:30:40,685] Trial 51 pruned. 
[I 2025-03-21 23:30:40,752] Trial 52 pruned. 
[I 2025-03-21 23:30:40,813] Trial 53 pruned. 
[I 2025-03-21 23:30:40,931] Trial 54 pruned. 
[I 2025-03-21 23:30:42,365] Trial 55 finished with value: 42.8220366064811 and parameters: {'n_units_l0': 160, 'n_units_l1': 2144, 'n_units_l2': 1696, 'n_units_l3': 3040, 'lr': 0.0033997869257799337}. Best is trial 44 with value: 36.02417505369901.
[I 2025-03-21 23:30:42,924] Trial 81 finished with value: 97.56294250488281 and parameters: {'n_units_l0': 832, 'n_units_l1': 960, 'n_units_l2': 3648, 'n_units_l3': 224, 'n_units_l4': 2080, 'n_units_l5': 3616, 'n_units_l6': 3648, 'n_units_l7': 448, 'n_units_l8': 2496, 'n_units_l9': 2912, 'n_units_l10': 3008, 'n_units_l11': 3008, 'lr': 0.00046789451337824546}. Best is trial 69 with value: 89.3383560180664.
[I 2025-03-21 23:30:43,348] Trial 82 pruned. 
[I 2025-03-21 23:30:43,374] Trial 56 pruned. 
[I 2025-03-21 23:30:43,467] Trial 57 pruned. 
[I 2025-03-21 23:30:43,551] Trial 58 pruned. 
[I 2025-03-21 23:30:43,642] Trial 59 pruned. 
[I 2025-03-21 23:30:43,687] Trial 60 pruned. 
[I 2025-03-21 23:30:43,756] Trial 61 pruned. 
[I 2025-03-21 23:30:43,757] Trial 83 pruned. 
[I 2025-03-21 23:30:43,814] Trial 62 pruned. 
[I 2025-03-21 23:30:44,124] Trial 63 pruned. 
[I 2025-03-21 23:30:44,222] Trial 84 pruned. 
[I 2025-03-21 23:30:44,470] Trial 64 pruned. 
[I 2025-03-21 23:30:45,886] Trial 65 finished with value: 40.82004181802855 and parameters: {'n_units_l0': 32, 'n_units_l1': 1184, 'n_units_l2': 1184, 'n_units_l3': 3008, 'lr': 0.007762845222935825}. Best is trial 44 with value: 36.02417505369901.
[I 2025-03-21 23:30:46,244] Trial 66 pruned. 
[I 2025-03-21 23:30:46,319] Trial 67 pruned. 
[I 2025-03-21 23:30:46,365] Trial 68 pruned. 
[I 2025-03-21 23:30:46,674] Trial 69 pruned. 
[I 2025-03-21 23:30:46,754] Trial 70 pruned. 
[I 2025-03-21 23:30:46,803] Trial 71 pruned. 
[I 2025-03-21 23:30:48,332] Trial 72 finished with value: 43.59789699840235 and parameters: {'n_units_l0': 32, 'n_units_l1': 1344, 'n_units_l2': 1504, 'n_units_l3': 3328, 'lr': 0.012304348496686919}. Best is trial 44 with value: 36.02417505369901.
[I 2025-03-21 23:30:48,477] Trial 85 finished with value: 107.59310913085938 and parameters: {'n_units_l0': 1184, 'n_units_l1': 3648, 'n_units_l2': 2272, 'n_units_l3': 288, 'n_units_l4': 2240, 'n_units_l5': 1760, 'n_units_l6': 4000, 'n_units_l7': 3392, 'n_units_l8': 2432, 'n_units_l9': 3712, 'n_units_l10': 2624, 'n_units_l11': 2880, 'lr': 0.0026574940425189556}. Best is trial 69 with value: 89.3383560180664.
[I 2025-03-21 23:30:48,510] Trial 73 pruned. 
[I 2025-03-21 23:30:48,583] Trial 74 pruned. 
[I 2025-03-21 23:30:48,833] Trial 86 pruned. 
[I 2025-03-21 23:30:49,210] Trial 87 pruned. 
[I 2025-03-21 23:30:49,879] Trial 88 pruned. 
[I 2025-03-21 23:30:50,015] Trial 75 finished with value: 45.021358378158716 and parameters: {'n_units_l0': 32, 'n_units_l1': 992, 'n_units_l2': 1984, 'n_units_l3': 3360, 'lr': 0.0063857573327668156}. Best is trial 44 with value: 36.02417505369901.
[I 2025-03-21 23:30:50,176] Trial 76 pruned. 
[I 2025-03-21 23:30:50,348] Trial 77 pruned. 
[I 2025-03-21 23:30:50,405] Trial 89 pruned. 
[I 2025-03-21 23:30:51,156] Trial 78 pruned. 
[I 2025-03-21 23:30:51,253] Trial 79 pruned. 
[I 2025-03-21 23:30:51,328] Trial 80 pruned. 
[I 2025-03-21 23:30:51,502] Trial 81 pruned. 
[I 2025-03-21 23:30:51,596] Trial 82 pruned. 
[I 2025-03-21 23:30:51,890] Trial 83 pruned. 
[I 2025-03-21 23:30:51,994] Trial 84 pruned. 
[I 2025-03-21 23:30:52,101] Trial 85 pruned. 
[I 2025-03-21 23:30:52,175] Trial 86 pruned. 
[I 2025-03-21 23:30:53,579] Trial 87 finished with value: 32.900522263119974 and parameters: {'n_units_l0': 32, 'n_units_l1': 928, 'n_units_l2': 1120, 'n_units_l3': 64, 'lr': 0.009235856881994558}. Best is trial 87 with value: 32.900522263119974.
[I 2025-03-21 23:30:53,623] Trial 88 pruned. 
[I 2025-03-21 23:30:53,709] Trial 89 pruned. 
[I 2025-03-21 23:30:53,974] Trial 90 pruned. 
[I 2025-03-21 23:30:54,047] Trial 91 pruned. 
[I 2025-03-21 23:30:54,101] Trial 92 pruned. 
[I 2025-03-21 23:30:54,462] Trial 90 finished with value: 97.57523345947266 and parameters: {'n_units_l0': 3968, 'n_units_l1': 2432, 'n_units_l2': 2656, 'n_units_l3': 768, 'n_units_l4': 2432, 'n_units_l5': 3552, 'n_units_l6': 3040, 'n_units_l7': 1824, 'n_units_l8': 2848, 'n_units_l9': 2112, 'n_units_l10': 1984, 'n_units_l11': 3424, 'lr': 8.599910147090068e-05}. Best is trial 69 with value: 89.3383560180664.
[I 2025-03-21 23:30:54,854] Trial 91 pruned. 
[I 2025-03-21 23:30:55,232] Trial 92 pruned. 
[I 2025-03-21 23:30:55,562] Trial 93 pruned. 
[I 2025-03-21 23:30:55,601] Trial 93 finished with value: 42.38860174421379 and parameters: {'n_units_l0': 32, 'n_units_l1': 1088, 'n_units_l2': 608, 'n_units_l3': 1280, 'lr': 0.008546410352692796}. Best is trial 87 with value: 32.900522263119974.
[I 2025-03-21 23:30:55,642] Trial 94 pruned. 
[I 2025-03-21 23:30:55,889] Trial 94 pruned. 
[I 2025-03-21 23:30:56,266] Trial 95 pruned. 
[I 2025-03-21 23:30:57,060] Trial 95 finished with value: 52.784513753089534 and parameters: {'n_units_l0': 32, 'n_units_l1': 480, 'n_units_l2': 1920, 'n_units_l3': 1536, 'lr': 0.007568028419704271}. Best is trial 87 with value: 32.900522263119974.
[I 2025-03-21 23:30:57,196] Trial 96 pruned. 
[I 2025-03-21 23:30:57,270] Trial 97 pruned. 
[I 2025-03-21 23:30:57,569] Trial 98 pruned. 
[I 2025-03-21 23:30:57,633] Trial 99 pruned. 
[I 2025-03-21 23:30:57,642] A new study created in memory with name: no-name-99f3e4c5-8bdf-4173-b44a-bedfac60b9e6
[I 2025-03-21 23:31:00,053] Trial 0 finished with value: 140.63063286003893 and parameters: {'n_units_l0': 1632, 'n_units_l1': 4032, 'n_units_l2': 4064, 'n_units_l3': 544, 'n_units_l4': 128, 'lr': 0.07037302269007235}. Best is trial 0 with value: 140.63063286003893.
[I 2025-03-21 23:31:00,195] Trial 96 finished with value: 108.01756286621094 and parameters: {'n_units_l0': 256, 'n_units_l1': 448, 'n_units_l2': 3424, 'n_units_l3': 608, 'n_units_l4': 2304, 'n_units_l5': 3584, 'n_units_l6': 3552, 'n_units_l7': 2816, 'n_units_l8': 2176, 'n_units_l9': 2880, 'n_units_l10': 3040, 'n_units_l11': 2816, 'lr': 0.0020888992668123153}. Best is trial 69 with value: 89.3383560180664.
[I 2025-03-21 23:31:00,592] Trial 97 pruned. 
[I 2025-03-21 23:31:01,078] Trial 98 pruned. 
[I 2025-03-21 23:31:01,546] Trial 99 pruned. 
[I 2025-03-21 23:31:01,556] A new study created in memory with name: no-name-97f4e6ee-74ff-40da-a128-bed5370f74cd
[I 2025-03-21 23:31:01,661] Trial 1 finished with value: 128.19360850116993 and parameters: {'n_units_l0': 1824, 'n_units_l1': 1952, 'n_units_l2': 1280, 'n_units_l3': 2368, 'n_units_l4': 1408, 'lr': 0.04866041051761843}. Best is trial 1 with value: 128.19360850116993.
[I 2025-03-21 23:31:03,886] Trial 2 finished with value: 99.05128111382916 and parameters: {'n_units_l0': 96, 'n_units_l1': 3072, 'n_units_l2': 3136, 'n_units_l3': 2208, 'n_units_l4': 2880, 'lr': 0.03547587346559603}. Best is trial 2 with value: 99.05128111382916.
[I 2025-03-21 23:31:05,137] Trial 0 finished with value: 142.52160309953152 and parameters: {'n_units_l0': 1152, 'n_units_l1': 1920, 'n_units_l2': 3296, 'n_units_l3': 3872, 'n_units_l4': 2976, 'n_units_l5': 1568, 'lr': 0.05301010321514541}. Best is trial 0 with value: 142.52160309953152.
[I 2025-03-21 23:31:05,491] Trial 3 finished with value: 128.0083334139078 and parameters: {'n_units_l0': 1856, 'n_units_l1': 2720, 'n_units_l2': 704, 'n_units_l3': 1632, 'n_units_l4': 3232, 'lr': 0.020141492182062196}. Best is trial 2 with value: 99.05128111382916.
[I 2025-03-21 23:31:06,706] Trial 1 finished with value: 127.76992057724253 and parameters: {'n_units_l0': 1728, 'n_units_l1': 3072, 'n_units_l2': 352, 'n_units_l3': 3904, 'n_units_l4': 640, 'n_units_l5': 4096, 'lr': 0.06227981070293616}. Best is trial 1 with value: 127.76992057724253.
[I 2025-03-21 23:31:07,128] Trial 4 finished with value: 93.75697200762556 and parameters: {'n_units_l0': 3168, 'n_units_l1': 3360, 'n_units_l2': 1408, 'n_units_l3': 352, 'n_units_l4': 2688, 'lr': 0.025752408551907684}. Best is trial 4 with value: 93.75697200762556.
[I 2025-03-21 23:31:07,208] Trial 5 pruned. 
[I 2025-03-21 23:31:07,506] Trial 6 pruned. 
[I 2025-03-21 23:31:07,838] Trial 7 pruned. 
[I 2025-03-21 23:31:08,051] Trial 8 pruned. 
[I 2025-03-21 23:31:08,689] Trial 9 pruned. 
[I 2025-03-21 23:31:08,814] Trial 10 pruned. 
[I 2025-03-21 23:31:08,887] Trial 2 finished with value: 127.78352198806712 and parameters: {'n_units_l0': 2048, 'n_units_l1': 32, 'n_units_l2': 3552, 'n_units_l3': 3104, 'n_units_l4': 2496, 'n_units_l5': 1344, 'lr': 0.03448301569936207}. Best is trial 1 with value: 127.76992057724253.
[I 2025-03-21 23:31:10,542] Trial 3 finished with value: 139.94630067134617 and parameters: {'n_units_l0': 1312, 'n_units_l1': 1024, 'n_units_l2': 1408, 'n_units_l3': 1344, 'n_units_l4': 1248, 'n_units_l5': 2912, 'lr': 0.07778184820008335}. Best is trial 1 with value: 127.76992057724253.
[I 2025-03-21 23:31:11,016] Trial 11 finished with value: 112.89893882424131 and parameters: {'n_units_l0': 128, 'n_units_l1': 2944, 'n_units_l2': 2432, 'n_units_l3': 2496, 'n_units_l4': 2944, 'lr': 0.0015844498310751062}. Best is trial 4 with value: 93.75697200762556.
[I 2025-03-21 23:31:11,254] Trial 12 pruned. 
[I 2025-03-21 23:31:11,439] Trial 13 pruned. 
[I 2025-03-21 23:31:11,545] Trial 14 pruned. 
[I 2025-03-21 23:31:11,727] Trial 15 pruned. 
[I 2025-03-21 23:31:11,845] Trial 16 pruned. 
[I 2025-03-21 23:31:13,385] Trial 17 finished with value: 70.47475680108904 and parameters: {'n_units_l0': 576, 'n_units_l1': 3712, 'n_units_l2': 1920, 'n_units_l3': 960, 'n_units_l4': 448, 'lr': 0.009329824603001358}. Best is trial 17 with value: 70.47475680108904.
[I 2025-03-21 23:31:13,450] Trial 4 finished with value: 4032.401492096657 and parameters: {'n_units_l0': 4032, 'n_units_l1': 2080, 'n_units_l2': 2112, 'n_units_l3': 2624, 'n_units_l4': 2944, 'n_units_l5': 1408, 'lr': 0.08725042813415378}. Best is trial 1 with value: 127.76992057724253.
[I 2025-03-21 23:31:13,581] Trial 5 pruned. 
[I 2025-03-21 23:31:15,007] Trial 18 finished with value: 90.38923796096651 and parameters: {'n_units_l0': 608, 'n_units_l1': 3552, 'n_units_l2': 1856, 'n_units_l3': 832, 'n_units_l4': 128, 'lr': 0.0008953582757942613}. Best is trial 17 with value: 70.47475680108904.
[I 2025-03-21 23:31:15,546] Trial 19 pruned. 
[I 2025-03-21 23:31:15,907] Trial 6 finished with value: 99.94805984243602 and parameters: {'n_units_l0': 3072, 'n_units_l1': 1184, 'n_units_l2': 896, 'n_units_l3': 3584, 'n_units_l4': 2080, 'n_units_l5': 3936, 'lr': 0.009982700622759936}. Best is trial 6 with value: 99.94805984243602.
[I 2025-03-21 23:31:17,037] Trial 20 finished with value: 86.21015001051497 and parameters: {'n_units_l0': 1376, 'n_units_l1': 352, 'n_units_l2': 1824, 'n_units_l3': 768, 'n_units_l4': 576, 'lr': 0.001731343159619635}. Best is trial 17 with value: 70.47475680108904.
[I 2025-03-21 23:31:17,575] Trial 7 finished with value: 95.92437090192523 and parameters: {'n_units_l0': 576, 'n_units_l1': 1568, 'n_units_l2': 1216, 'n_units_l3': 2752, 'n_units_l4': 544, 'n_units_l5': 2016, 'lr': 0.0015067424002508957}. Best is trial 7 with value: 95.92437090192523.
[I 2025-03-21 23:31:17,784] Trial 8 pruned. 
[I 2025-03-21 23:31:18,028] Trial 9 pruned. 
[I 2025-03-21 23:31:18,513] Trial 21 finished with value: 90.2401549336147 and parameters: {'n_units_l0': 1344, 'n_units_l1': 128, 'n_units_l2': 1952, 'n_units_l3': 640, 'n_units_l4': 608, 'lr': 0.0011737920272861407}. Best is trial 17 with value: 70.47475680108904.
[I 2025-03-21 23:31:18,630] Trial 22 pruned. 
[I 2025-03-21 23:31:19,576] Trial 10 finished with value: 98.89017108904562 and parameters: {'n_units_l0': 32, 'n_units_l1': 3808, 'n_units_l2': 160, 'n_units_l3': 2016, 'n_units_l4': 128, 'n_units_l5': 128, 'lr': 0.002602740108186526}. Best is trial 7 with value: 95.92437090192523.
[I 2025-03-21 23:31:20,222] Trial 23 finished with value: 93.71732808733144 and parameters: {'n_units_l0': 1344, 'n_units_l1': 768, 'n_units_l2': 1024, 'n_units_l3': 640, 'n_units_l4': 768, 'lr': 0.0015754871483533797}. Best is trial 17 with value: 70.47475680108904.
[I 2025-03-21 23:31:20,316] Trial 24 pruned. 
[I 2025-03-21 23:31:20,398] Trial 25 pruned. 
[I 2025-03-21 23:31:20,494] Trial 26 pruned. 
[I 2025-03-21 23:31:21,230] Trial 11 finished with value: 98.05938127587405 and parameters: {'n_units_l0': 96, 'n_units_l1': 3616, 'n_units_l2': 352, 'n_units_l3': 1952, 'n_units_l4': 32, 'n_units_l5': 352, 'lr': 0.00220264889565721}. Best is trial 7 with value: 95.92437090192523.
[I 2025-03-21 23:31:21,394] Trial 12 pruned. 
[I 2025-03-21 23:31:21,580] Trial 13 pruned. 
[I 2025-03-21 23:31:21,996] Trial 27 finished with value: 105.50353203197517 and parameters: {'n_units_l0': 672, 'n_units_l1': 864, 'n_units_l2': 2592, 'n_units_l3': 928, 'n_units_l4': 416, 'lr': 0.0010701015734259894}. Best is trial 17 with value: 70.47475680108904.
[I 2025-03-21 23:31:22,093] Trial 28 pruned. 
[I 2025-03-21 23:31:22,146] Trial 29 pruned. 
[I 2025-03-21 23:31:22,224] Trial 30 pruned. 
[I 2025-03-21 23:31:22,390] Trial 31 pruned. 
[I 2025-03-21 23:31:23,174] Trial 14 finished with value: 97.82083616541865 and parameters: {'n_units_l0': 800, 'n_units_l1': 1568, 'n_units_l2': 32, 'n_units_l3': 2528, 'n_units_l4': 1184, 'n_units_l5': 2336, 'lr': 0.0005337381870772831}. Best is trial 7 with value: 95.92437090192523.
[I 2025-03-21 23:31:23,359] Trial 15 pruned. 
[I 2025-03-21 23:31:23,479] Trial 16 pruned. 
[I 2025-03-21 23:31:23,554] Trial 32 pruned. 
[I 2025-03-21 23:31:23,603] Trial 17 pruned. 
[I 2025-03-21 23:31:23,624] Trial 33 pruned. 
[I 2025-03-21 23:31:23,762] Trial 34 pruned. 
[I 2025-03-21 23:31:23,791] Trial 18 pruned. 
[I 2025-03-21 23:31:24,398] Trial 35 pruned. 
[I 2025-03-21 23:31:24,475] Trial 36 pruned. 
[I 2025-03-21 23:31:24,658] Trial 37 pruned. 
[I 2025-03-21 23:31:24,732] Trial 38 pruned. 
[I 2025-03-21 23:31:24,873] Trial 39 pruned. 
[I 2025-03-21 23:31:24,948] Trial 40 pruned. 
[I 2025-03-21 23:31:25,474] Trial 19 finished with value: 96.70899892407795 and parameters: {'n_units_l0': 544, 'n_units_l1': 2976, 'n_units_l2': 928, 'n_units_l3': 448, 'n_units_l4': 1664, 'n_units_l5': 864, 'lr': 0.00012185033029976395}. Best is trial 7 with value: 95.92437090192523.
[I 2025-03-21 23:31:25,573] Trial 20 pruned. 
[I 2025-03-21 23:31:26,438] Trial 41 finished with value: 100.616955370006 and parameters: {'n_units_l0': 1312, 'n_units_l1': 736, 'n_units_l2': 1216, 'n_units_l3': 736, 'n_units_l4': 736, 'lr': 0.005305510265586769}. Best is trial 17 with value: 70.47475680108904.
[I 2025-03-21 23:31:26,533] Trial 42 pruned. 
[I 2025-03-21 23:31:26,596] Trial 43 pruned. 
[I 2025-03-21 23:31:26,643] Trial 44 pruned. 
[I 2025-03-21 23:31:26,692] Trial 45 pruned. 
[I 2025-03-21 23:31:26,766] Trial 46 pruned. 
[I 2025-03-21 23:31:26,834] Trial 47 pruned. 
[I 2025-03-21 23:31:26,904] Trial 48 pruned. 
[I 2025-03-21 23:31:27,149] Trial 21 finished with value: 95.5701349708329 and parameters: {'n_units_l0': 512, 'n_units_l1': 2464, 'n_units_l2': 768, 'n_units_l3': 832, 'n_units_l4': 512, 'n_units_l5': 1024, 'lr': 0.0012122760015308644}. Best is trial 21 with value: 95.5701349708329.
[I 2025-03-21 23:31:27,242] Trial 22 pruned. 
[I 2025-03-21 23:31:27,315] Trial 23 pruned. 
[I 2025-03-21 23:31:27,406] Trial 24 pruned. 
[I 2025-03-21 23:31:27,476] Trial 25 pruned. 
[I 2025-03-21 23:31:27,565] Trial 26 pruned. 
[I 2025-03-21 23:31:27,682] Trial 27 pruned. 
[I 2025-03-21 23:31:28,561] Trial 49 finished with value: 94.50553715268377 and parameters: {'n_units_l0': 1696, 'n_units_l1': 3232, 'n_units_l2': 1696, 'n_units_l3': 960, 'n_units_l4': 192, 'lr': 0.0011828244545995297}. Best is trial 17 with value: 70.47475680108904.
[I 2025-03-21 23:31:28,611] Trial 50 pruned. 
[I 2025-03-21 23:31:28,740] Trial 51 pruned. 
[I 2025-03-21 23:31:28,890] Trial 52 pruned. 
[I 2025-03-21 23:31:29,006] Trial 53 pruned. 
[I 2025-03-21 23:31:29,127] Trial 54 pruned. 
[I 2025-03-21 23:31:29,270] Trial 55 pruned. 
[I 2025-03-21 23:31:29,356] Trial 56 pruned. 
[I 2025-03-21 23:31:29,356] Trial 28 finished with value: 97.36309119950101 and parameters: {'n_units_l0': 3904, 'n_units_l1': 2240, 'n_units_l2': 512, 'n_units_l3': 1600, 'n_units_l4': 2624, 'n_units_l5': 512, 'lr': 0.0001991977063430506}. Best is trial 21 with value: 95.5701349708329.
[I 2025-03-21 23:31:29,449] Trial 57 pruned. 
[I 2025-03-21 23:31:29,458] Trial 29 pruned. 
[I 2025-03-21 23:31:29,498] Trial 58 pruned. 
[I 2025-03-21 23:31:29,559] Trial 30 pruned. 
[I 2025-03-21 23:31:29,569] Trial 59 pruned. 
[I 2025-03-21 23:31:29,677] Trial 31 pruned. 
[I 2025-03-21 23:31:29,809] Trial 32 pruned. 
[I 2025-03-21 23:31:29,925] Trial 33 pruned. 
[I 2025-03-21 23:31:30,019] Trial 34 pruned. 
[I 2025-03-21 23:31:31,111] Trial 60 finished with value: 88.12258717250509 and parameters: {'n_units_l0': 32, 'n_units_l1': 3712, 'n_units_l2': 2400, 'n_units_l3': 416, 'n_units_l4': 3200, 'lr': 0.00022402193146169318}. Best is trial 17 with value: 70.47475680108904.
[I 2025-03-21 23:31:31,209] Trial 61 pruned. 
[I 2025-03-21 23:31:31,312] Trial 62 pruned. 
[I 2025-03-21 23:31:31,420] Trial 63 pruned. 
[I 2025-03-21 23:31:31,515] Trial 64 pruned. 
[I 2025-03-21 23:31:31,719] Trial 65 pruned. 
[I 2025-03-21 23:31:31,762] Trial 35 finished with value: 100.95346616827372 and parameters: {'n_units_l0': 2688, 'n_units_l1': 2368, 'n_units_l2': 1440, 'n_units_l3': 448, 'n_units_l4': 2624, 'n_units_l5': 1216, 'lr': 0.00032552118285492776}. Best is trial 21 with value: 95.5701349708329.
[I 2025-03-21 23:31:31,784] Trial 66 pruned. 
[I 2025-03-21 23:31:31,874] Trial 67 pruned. 
[I 2025-03-21 23:31:31,905] Trial 36 pruned. 
[I 2025-03-21 23:31:31,958] Trial 68 pruned. 
