[I 2025-03-22 00:23:40,453] Trial 23 pruned. 
[I 2025-03-22 00:23:40,650] Trial 24 pruned. 
[I 2025-03-22 00:23:48,260] Trial 25 finished with value: 44.17600852731986 and parameters: {'n_units_l0': 2336, 'n_units_l1': 2432, 'n_units_l2': 896, 'lr': 0.06897396394467359}. Best is trial 2 with value: 42.15338998185912.
[I 2025-03-22 00:23:48,373] Trial 26 pruned. 
[I 2025-03-22 00:23:48,579] Trial 27 pruned. 
[I 2025-03-22 00:23:48,724] Trial 28 pruned. 
[I 2025-03-22 00:23:48,868] Trial 29 pruned. 
[I 2025-03-22 00:23:48,978] Trial 30 pruned. 
[I 2025-03-22 00:23:51,336] Trial 0 finished with value: 126.96084081613158 and parameters: {'n_units_l0': 2656, 'n_units_l1': 2848, 'n_units_l2': 3872, 'n_units_l3': 256, 'lr': 0.032713184218599645}. Best is trial 0 with value: 126.96084081613158.
[I 2025-03-22 00:23:56,678] Trial 31 finished with value: 54.37451298568225 and parameters: {'n_units_l0': 2208, 'n_units_l1': 2720, 'n_units_l2': 1088, 'lr': 0.055927630840828677}. Best is trial 2 with value: 42.15338998185912.
[I 2025-03-22 00:23:58,921] Trial 32 pruned. 
[I 2025-03-22 00:23:59,035] Trial 33 pruned. 
[I 2025-03-22 00:23:59,134] Trial 34 pruned. 
[I 2025-03-22 00:24:00,079] Trial 35 pruned. 
[I 2025-03-22 00:24:00,294] Trial 36 pruned. 
[I 2025-03-22 00:24:02,324] Trial 37 pruned. 
[I 2025-03-22 00:24:02,451] Trial 38 pruned. 
[I 2025-03-22 00:24:02,597] Trial 39 pruned. 
[I 2025-03-22 00:24:02,726] Trial 40 pruned. 
[I 2025-03-22 00:24:02,860] Trial 41 pruned. 
[I 2025-03-22 00:24:02,986] Trial 42 pruned. 
[I 2025-03-22 00:24:03,111] Trial 43 pruned. 
[I 2025-03-22 00:24:03,767] Trial 44 pruned. 
[I 2025-03-22 00:24:04,011] Trial 45 pruned. 
[I 2025-03-22 00:24:06,960] Trial 1 finished with value: 131.1638182722724 and parameters: {'n_units_l0': 2720, 'n_units_l1': 4064, 'n_units_l2': 3520, 'n_units_l3': 736, 'lr': 0.021768301486567082}. Best is trial 0 with value: 126.96084081613158.
[I 2025-03-22 00:24:11,604] Trial 46 finished with value: 66.42149859800244 and parameters: {'n_units_l0': 2496, 'n_units_l1': 832, 'n_units_l2': 672, 'lr': 0.06989470794177302}. Best is trial 2 with value: 42.15338998185912.
[I 2025-03-22 00:24:11,705] Trial 47 pruned. 
[I 2025-03-22 00:24:11,847] Trial 48 pruned. 
[I 2025-03-22 00:24:11,962] Trial 49 pruned. 
[I 2025-03-22 00:24:12,054] Trial 50 pruned. 
[I 2025-03-22 00:24:19,762] Trial 51 finished with value: 95.44909487262112 and parameters: {'n_units_l0': 64, 'n_units_l1': 3840, 'n_units_l2': 1408, 'lr': 0.04523948629943139}. Best is trial 2 with value: 42.15338998185912.
[I 2025-03-22 00:24:19,879] Trial 52 pruned. 
[I 2025-03-22 00:24:24,079] Trial 2 finished with value: 123.90778555917072 and parameters: {'n_units_l0': 2816, 'n_units_l1': 3584, 'n_units_l2': 3328, 'n_units_l3': 2464, 'lr': 0.08085860660967575}. Best is trial 2 with value: 123.90778555917072.
[I 2025-03-22 00:24:27,476] Trial 53 finished with value: 41.84501193601101 and parameters: {'n_units_l0': 352, 'n_units_l1': 3552, 'n_units_l2': 1728, 'lr': 0.042757155607297474}. Best is trial 53 with value: 41.84501193601101.
[I 2025-03-22 00:24:28,446] Trial 54 pruned. 
[I 2025-03-22 00:24:29,082] Trial 55 pruned. 
[I 2025-03-22 00:24:29,951] Trial 56 pruned. 
[I 2025-03-22 00:24:30,047] Trial 57 pruned. 
[I 2025-03-22 00:24:30,180] Trial 58 pruned. 
[I 2025-03-22 00:24:31,045] Trial 59 pruned. 
[I 2025-03-22 00:24:31,238] Trial 60 pruned. 
[I 2025-03-22 00:24:31,353] Trial 61 pruned. 
[I 2025-03-22 00:24:31,469] Trial 62 pruned. 
[I 2025-03-22 00:24:31,596] Trial 63 pruned. 
[I 2025-03-22 00:24:32,401] Trial 3 finished with value: 101.98801684614655 and parameters: {'n_units_l0': 1152, 'n_units_l1': 576, 'n_units_l2': 4000, 'n_units_l3': 2784, 'lr': 0.032327368804709614}. Best is trial 3 with value: 101.98801684614655.
[I 2025-03-22 00:24:32,540] Trial 64 pruned. 
[I 2025-03-22 00:24:32,795] Trial 65 pruned. 
[I 2025-03-22 00:24:33,028] Trial 66 pruned. 
[I 2025-03-22 00:24:33,180] Trial 67 pruned. 
[I 2025-03-22 00:24:33,317] Trial 68 pruned. 
[I 2025-03-22 00:24:34,050] Trial 69 pruned. 
[I 2025-03-22 00:24:34,150] Trial 70 pruned. 
[I 2025-03-22 00:24:34,254] Trial 71 pruned. 
[I 2025-03-22 00:24:34,359] Trial 72 pruned. 
[I 2025-03-22 00:24:34,464] Trial 73 pruned. 
[I 2025-03-22 00:24:34,566] Trial 74 pruned. 
[I 2025-03-22 00:24:34,738] Trial 75 pruned. 
[I 2025-03-22 00:24:35,373] Trial 76 pruned. 
[I 2025-03-22 00:24:35,503] Trial 77 pruned. 
[I 2025-03-22 00:24:35,624] Trial 78 pruned. 
[I 2025-03-22 00:24:35,775] Trial 79 pruned. 
[I 2025-03-22 00:24:36,722] Trial 80 pruned. 
[I 2025-03-22 00:24:37,357] Trial 81 pruned. 
[I 2025-03-22 00:24:37,993] Trial 82 pruned. 
[I 2025-03-22 00:24:38,108] Trial 83 pruned. 
[I 2025-03-22 00:24:38,250] Trial 84 pruned. 
[I 2025-03-22 00:24:38,515] Trial 85 pruned. 
[I 2025-03-22 00:24:39,721] Trial 86 pruned. 
[I 2025-03-22 00:24:40,531] Trial 4 finished with value: 51.37526663486736 and parameters: {'n_units_l0': 2304, 'n_units_l1': 736, 'n_units_l2': 3328, 'n_units_l3': 896, 'lr': 0.08465582518601147}. Best is trial 4 with value: 51.37526663486736.
[I 2025-03-22 00:24:40,598] Trial 87 pruned. 
[I 2025-03-22 00:24:40,647] Trial 5 pruned. 
[I 2025-03-22 00:24:40,751] Trial 88 pruned. 
[I 2025-03-22 00:24:40,893] Trial 89 pruned. 
[I 2025-03-22 00:24:41,034] Trial 90 pruned. 
[I 2025-03-22 00:24:41,173] Trial 91 pruned. 
[I 2025-03-22 00:24:41,270] Trial 92 pruned. 
[I 2025-03-22 00:24:41,437] Trial 93 pruned. 
[I 2025-03-22 00:24:41,467] Trial 6 pruned. 
[I 2025-03-22 00:24:49,068] Trial 94 finished with value: 74.68144435376193 and parameters: {'n_units_l0': 192, 'n_units_l1': 2176, 'n_units_l2': 3424, 'lr': 0.040783887142968656}. Best is trial 53 with value: 41.84501193601101.
[I 2025-03-22 00:24:49,200] Trial 95 pruned. 
[I 2025-03-22 00:24:49,300] Trial 96 pruned. 
[I 2025-03-22 00:24:49,463] Trial 97 pruned. 
[I 2025-03-22 00:24:49,599] Trial 98 pruned. 
[I 2025-03-22 00:24:49,659] Trial 7 finished with value: 130.50307325631397 and parameters: {'n_units_l0': 480, 'n_units_l1': 1472, 'n_units_l2': 2208, 'n_units_l3': 2784, 'lr': 0.03172595405258927}. Best is trial 4 with value: 51.37526663486736.
[I 2025-03-22 00:24:49,738] Trial 99 pruned. 
[I 2025-03-22 00:24:49,763] A new study created in memory with name: no-name-b02d759c-9eb0-48e2-be3d-a0e7488f9f66
[I 2025-03-22 00:25:02,187] Trial 0 finished with value: 126.39266379310783 and parameters: {'n_units_l0': 2880, 'n_units_l1': 576, 'n_units_l2': 1824, 'n_units_l3': 3808, 'n_units_l4': 3040, 'lr': 0.0513849977795596}. Best is trial 0 with value: 126.39266379310783.
[I 2025-03-22 00:25:05,367] Trial 8 finished with value: 128.6026512585468 and parameters: {'n_units_l0': 1792, 'n_units_l1': 3872, 'n_units_l2': 3584, 'n_units_l3': 1984, 'lr': 0.02689712208623632}. Best is trial 4 with value: 51.37526663486736.
[I 2025-03-22 00:25:05,496] Trial 9 pruned. 
[I 2025-03-22 00:25:05,734] Trial 10 pruned. 
[I 2025-03-22 00:25:11,554] Trial 1 finished with value: 125.49495768398356 and parameters: {'n_units_l0': 3456, 'n_units_l1': 1728, 'n_units_l2': 3072, 'n_units_l3': 992, 'n_units_l4': 2400, 'lr': 0.08005075730958078}. Best is trial 1 with value: 125.49495768398356.
[I 2025-03-22 00:25:14,024] Trial 11 finished with value: 41.11826808080193 and parameters: {'n_units_l0': 1216, 'n_units_l1': 128, 'n_units_l2': 672, 'n_units_l3': 1408, 'lr': 0.06269161290998955}. Best is trial 11 with value: 41.11826808080193.
[I 2025-03-22 00:25:14,121] Trial 12 pruned. 
[I 2025-03-22 00:25:14,300] Trial 13 pruned. 
[I 2025-03-22 00:25:14,525] Trial 14 pruned. 
[I 2025-03-22 00:25:20,399] Trial 2 finished with value: 127.86261601755376 and parameters: {'n_units_l0': 3712, 'n_units_l1': 384, 'n_units_l2': 416, 'n_units_l3': 2752, 'n_units_l4': 3616, 'lr': 0.03583497954912287}. Best is trial 1 with value: 125.49495768398356.
[I 2025-03-22 00:25:22,717] Trial 15 finished with value: 92.67990838027582 and parameters: {'n_units_l0': 96, 'n_units_l1': 768, 'n_units_l2': 1024, 'n_units_l3': 1536, 'lr': 0.059235486988790886}. Best is trial 11 with value: 41.11826808080193.
[I 2025-03-22 00:25:22,876] Trial 16 pruned. 
[I 2025-03-22 00:25:29,026] Trial 3 finished with value: 43.062353177774476 and parameters: {'n_units_l0': 32, 'n_units_l1': 2720, 'n_units_l2': 1344, 'n_units_l3': 160, 'n_units_l4': 3424, 'lr': 0.014904728782136847}. Best is trial 3 with value: 43.062353177774476.
[I 2025-03-22 00:25:31,176] Trial 17 finished with value: 19.89728950476733 and parameters: {'n_units_l0': 1632, 'n_units_l1': 2624, 'n_units_l2': 864, 'n_units_l3': 1728, 'lr': 0.003946388916171412}. Best is trial 17 with value: 19.89728950476733.
[I 2025-03-22 00:25:37,647] Trial 4 finished with value: 125.44750840153367 and parameters: {'n_units_l0': 416, 'n_units_l1': 896, 'n_units_l2': 1504, 'n_units_l3': 1056, 'n_units_l4': 3424, 'lr': 0.013463320256055364}. Best is trial 3 with value: 43.062353177774476.
[I 2025-03-22 00:25:37,779] Trial 5 pruned. 
[I 2025-03-22 00:25:38,154] Trial 6 pruned. 
[I 2025-03-22 00:25:38,307] Trial 7 pruned. 
[I 2025-03-22 00:25:39,379] Trial 18 finished with value: 45.203077232151 and parameters: {'n_units_l0': 1632, 'n_units_l1': 2656, 'n_units_l2': 800, 'n_units_l3': 1888, 'lr': 0.009115102480687488}. Best is trial 17 with value: 19.89728950476733.
[I 2025-03-22 00:25:47,072] Trial 8 finished with value: 47.57755399295545 and parameters: {'n_units_l0': 896, 'n_units_l1': 3264, 'n_units_l2': 1088, 'n_units_l3': 2496, 'n_units_l4': 1312, 'lr': 0.005905395469770362}. Best is trial 3 with value: 43.062353177774476.
[I 2025-03-22 00:25:47,268] Trial 9 pruned. 
[I 2025-03-22 00:25:47,621] Trial 19 finished with value: 22.97707468991955 and parameters: {'n_units_l0': 896, 'n_units_l1': 3104, 'n_units_l2': 96, 'n_units_l3': 2528, 'lr': 0.0034567925381966498}. Best is trial 17 with value: 19.89728950476733.
[I 2025-03-22 00:25:47,682] Trial 10 pruned. 
[I 2025-03-22 00:25:49,762] Trial 11 pruned. 
[I 2025-03-22 00:25:50,146] Trial 12 pruned. 
[I 2025-03-22 00:25:52,038] Trial 13 pruned. 
[I 2025-03-22 00:25:52,276] Trial 14 pruned. 
[I 2025-03-22 00:25:53,803] Trial 15 pruned. 
[I 2025-03-22 00:25:53,962] Trial 16 pruned. 
[I 2025-03-22 00:25:54,206] Trial 17 pruned. 
[I 2025-03-22 00:25:54,423] Trial 18 pruned. 
[I 2025-03-22 00:25:54,635] Trial 19 pruned. 
[I 2025-03-22 00:25:55,459] Trial 20 pruned. 
[I 2025-03-22 00:25:55,732] Trial 20 finished with value: 64.07698171919469 and parameters: {'n_units_l0': 736, 'n_units_l1': 3072, 'n_units_l2': 64, 'n_units_l3': 3328, 'lr': 0.00024629585544843485}. Best is trial 17 with value: 19.89728950476733.
[I 2025-03-22 00:25:57,179] Trial 21 pruned. 
[I 2025-03-22 00:25:57,404] Trial 22 pruned. 
[I 2025-03-22 00:26:03,943] Trial 21 finished with value: 19.56582141355585 and parameters: {'n_units_l0': 832, 'n_units_l1': 2432, 'n_units_l2': 544, 'n_units_l3': 2368, 'lr': 0.0013161020576589132}. Best is trial 21 with value: 19.56582141355585.
[I 2025-03-22 00:26:06,248] Trial 23 finished with value: 125.46387270731142 and parameters: {'n_units_l0': 928, 'n_units_l1': 2336, 'n_units_l2': 1600, 'n_units_l3': 928, 'n_units_l4': 3744, 'lr': 0.010078201183877821}. Best is trial 3 with value: 43.062353177774476.
[I 2025-03-22 00:26:06,457] Trial 24 pruned. 
[I 2025-03-22 00:26:07,313] Trial 25 pruned. 
[I 2025-03-22 00:26:07,681] Trial 26 pruned. 
[I 2025-03-22 00:26:07,836] Trial 27 pruned. 
[I 2025-03-22 00:26:08,042] Trial 28 pruned. 
[I 2025-03-22 00:26:08,345] Trial 29 pruned. 
[I 2025-03-22 00:26:08,527] Trial 30 pruned. 
[I 2025-03-22 00:26:08,766] Trial 31 pruned. 
[I 2025-03-22 00:26:08,984] Trial 32 pruned. 
[I 2025-03-22 00:26:12,186] Trial 22 finished with value: 61.53398882990126 and parameters: {'n_units_l0': 128, 'n_units_l1': 3200, 'n_units_l2': 384, 'n_units_l3': 2560, 'lr': 0.000660778307620711}. Best is trial 21 with value: 19.56582141355585.
[I 2025-03-22 00:26:12,960] Trial 33 pruned. 
[I 2025-03-22 00:26:20,391] Trial 23 finished with value: 43.346834650915646 and parameters: {'n_units_l0': 800, 'n_units_l1': 2400, 'n_units_l2': 1344, 'n_units_l3': 2400, 'lr': 0.008092441171205457}. Best is trial 21 with value: 19.56582141355585.
[I 2025-03-22 00:26:21,485] Trial 24 pruned. 
[I 2025-03-22 00:26:21,775] Trial 34 finished with value: 30.115849389851466 and parameters: {'n_units_l0': 32, 'n_units_l1': 1888, 'n_units_l2': 1696, 'n_units_l3': 1216, 'n_units_l4': 3008, 'lr': 0.023885824626010882}. Best is trial 34 with value: 30.115849389851466.
[I 2025-03-22 00:26:22,020] Trial 35 pruned. 
[I 2025-03-22 00:26:22,183] Trial 36 pruned. 
[I 2025-03-22 00:26:22,346] Trial 37 pruned. 
[I 2025-03-22 00:26:22,479] Trial 38 pruned. 
[I 2025-03-22 00:26:22,668] Trial 39 pruned. 
[I 2025-03-22 00:26:23,487] Trial 40 pruned. 
[I 2025-03-22 00:26:26,095] Trial 41 pruned. 
[I 2025-03-22 00:26:27,043] Trial 42 pruned. 
[I 2025-03-22 00:26:27,187] Trial 43 pruned. 
[I 2025-03-22 00:26:29,785] Trial 25 finished with value: 38.44116809569806 and parameters: {'n_units_l0': 1536, 'n_units_l1': 2528, 'n_units_l2': 288, 'n_units_l3': 2272, 'lr': 0.016107964283383472}. Best is trial 21 with value: 19.56582141355585.
[I 2025-03-22 00:26:35,999] Trial 44 finished with value: 37.923721083484416 and parameters: {'n_units_l0': 768, 'n_units_l1': 3328, 'n_units_l2': 864, 'n_units_l3': 1152, 'n_units_l4': 3584, 'lr': 0.006085269096882277}. Best is trial 34 with value: 30.115849389851466.
[I 2025-03-22 00:26:36,273] Trial 45 pruned. 
[I 2025-03-22 00:26:36,534] Trial 46 pruned. 
[I 2025-03-22 00:26:36,678] Trial 47 pruned. 
[I 2025-03-22 00:26:36,861] Trial 48 pruned. 
[I 2025-03-22 00:26:37,029] Trial 49 pruned. 
[I 2025-03-22 00:26:37,956] Trial 26 finished with value: 28.32594403146646 and parameters: {'n_units_l0': 384, 'n_units_l1': 2208, 'n_units_l2': 1696, 'n_units_l3': 1760, 'lr': 0.005657429125002403}. Best is trial 21 with value: 19.56582141355585.
[I 2025-03-22 00:26:38,015] Trial 50 pruned. 
[I 2025-03-22 00:26:38,087] Trial 27 pruned. 
[I 2025-03-22 00:26:38,282] Trial 28 pruned. 
[I 2025-03-22 00:26:38,450] Trial 29 pruned. 
[I 2025-03-22 00:26:40,633] Trial 51 pruned. 
[I 2025-03-22 00:26:40,780] Trial 52 pruned. 
[I 2025-03-22 00:26:41,640] Trial 53 pruned. 
[I 2025-03-22 00:26:41,908] Trial 54 pruned. 
[I 2025-03-22 00:26:42,059] Trial 55 pruned. 
[I 2025-03-22 00:26:42,190] Trial 56 pruned. 
[I 2025-03-22 00:26:43,209] Trial 57 pruned. 
[I 2025-03-22 00:26:43,878] Trial 58 pruned. 
[I 2025-03-22 00:26:44,240] Trial 59 pruned. 
[I 2025-03-22 00:26:44,387] Trial 60 pruned. 
[I 2025-03-22 00:26:44,582] Trial 61 pruned. 
[I 2025-03-22 00:26:44,765] Trial 62 pruned. 
[I 2025-03-22 00:26:44,920] Trial 63 pruned. 
[I 2025-03-22 00:26:45,151] Trial 64 pruned. 
[I 2025-03-22 00:26:45,301] Trial 65 pruned. 
[I 2025-03-22 00:26:45,462] Trial 66 pruned. 
[I 2025-03-22 00:26:45,623] Trial 67 pruned. 
[I 2025-03-22 00:26:45,778] Trial 68 pruned. 
[I 2025-03-22 00:26:45,928] Trial 69 pruned. 
[I 2025-03-22 00:26:46,725] Trial 30 finished with value: 40.95388052979466 and parameters: {'n_units_l0': 320, 'n_units_l1': 3520, 'n_units_l2': 608, 'n_units_l3': 3680, 'lr': 0.015079476003163814}. Best is trial 21 with value: 19.56582141355585.
[I 2025-03-22 00:26:47,299] Trial 70 pruned. 
[I 2025-03-22 00:26:47,532] Trial 71 pruned. 
[I 2025-03-22 00:26:47,789] Trial 72 pruned. 
[I 2025-03-22 00:26:48,078] Trial 73 pruned. 
[I 2025-03-22 00:26:48,215] Trial 74 pruned. 
[I 2025-03-22 00:26:48,366] Trial 75 pruned. 
[I 2025-03-22 00:26:48,521] Trial 76 pruned. 
[I 2025-03-22 00:26:54,879] Trial 31 finished with value: 26.298580388423996 and parameters: {'n_units_l0': 480, 'n_units_l1': 2272, 'n_units_l2': 1824, 'n_units_l3': 1728, 'lr': 0.0041092570883942536}. Best is trial 21 with value: 19.56582141355585.
[I 2025-03-22 00:26:55,081] Trial 32 pruned. 
[I 2025-03-22 00:26:55,226] Trial 33 pruned. 
[I 2025-03-22 00:26:57,496] Trial 77 finished with value: 29.18130223518102 and parameters: {'n_units_l0': 96, 'n_units_l1': 96, 'n_units_l2': 1504, 'n_units_l3': 2944, 'n_units_l4': 3680, 'lr': 0.007447504237201363}. Best is trial 77 with value: 29.18130223518102.
[I 2025-03-22 00:26:57,794] Trial 78 pruned. 
[I 2025-03-22 00:26:57,957] Trial 79 pruned. 
[I 2025-03-22 00:26:58,316] Trial 80 pruned. 
[I 2025-03-22 00:27:03,468] Trial 34 finished with value: 41.35148231217325 and parameters: {'n_units_l0': 256, 'n_units_l1': 3008, 'n_units_l2': 1184, 'n_units_l3': 2176, 'lr': 0.02767096808786266}. Best is trial 21 with value: 19.56582141355585.
[I 2025-03-22 00:27:03,706] Trial 35 pruned. 
[I 2025-03-22 00:27:03,900] Trial 36 pruned. 
[I 2025-03-22 00:27:04,045] Trial 37 pruned. 
[I 2025-03-22 00:27:04,246] Trial 38 pruned. 
[I 2025-03-22 00:27:07,573] Trial 39 pruned. 
[I 2025-03-22 00:27:07,726] Trial 40 pruned. 
[I 2025-03-22 00:27:09,197] Trial 41 pruned. 
[I 2025-03-22 00:27:10,921] Trial 81 finished with value: 35.979579687614205 and parameters: {'n_units_l0': 64, 'n_units_l1': 512, 'n_units_l2': 2240, 'n_units_l3': 3488, 'n_units_l4': 3520, 'lr': 0.006008342714712665}. Best is trial 77 with value: 29.18130223518102.
[I 2025-03-22 00:27:11,268] Trial 82 pruned. 
[I 2025-03-22 00:27:11,525] Trial 83 pruned. 
[I 2025-03-22 00:27:12,686] Trial 84 pruned. 
[I 2025-03-22 00:27:12,772] Trial 42 pruned. 
[I 2025-03-22 00:27:13,024] Trial 85 pruned. 
[I 2025-03-22 00:27:13,255] Trial 86 pruned. 
[I 2025-03-22 00:27:13,434] Trial 87 pruned. 
[I 2025-03-22 00:27:13,694] Trial 88 pruned. 
[I 2025-03-22 00:27:13,782] Trial 43 pruned. 
[I 2025-03-22 00:27:15,231] Trial 89 pruned. 
[I 2025-03-22 00:27:22,115] Trial 44 finished with value: 16.57835839929269 and parameters: {'n_units_l0': 32, 'n_units_l1': 1792, 'n_units_l2': 2272, 'n_units_l3': 1408, 'lr': 0.0044291338952326354}. Best is trial 44 with value: 16.57835839929269.
[I 2025-03-22 00:27:24,046] Trial 90 finished with value: 47.41234690929897 and parameters: {'n_units_l0': 128, 'n_units_l1': 864, 'n_units_l2': 800, 'n_units_l3': 2912, 'n_units_l4': 3424, 'lr': 0.001870191692009973}. Best is trial 77 with value: 29.18130223518102.
[I 2025-03-22 00:27:24,811] Trial 91 pruned. 
[I 2025-03-22 00:27:25,025] Trial 92 pruned. 
[I 2025-03-22 00:27:25,242] Trial 93 pruned. 
[I 2025-03-22 00:27:25,387] Trial 94 pruned. 
[I 2025-03-22 00:27:25,589] Trial 95 pruned. 
[I 2025-03-22 00:27:25,815] Trial 96 pruned. 
[I 2025-03-22 00:27:26,051] Trial 97 pruned. 
[I 2025-03-22 00:27:26,517] Trial 98 pruned. 
[I 2025-03-22 00:27:27,263] Trial 99 pruned. 
[I 2025-03-22 00:27:27,287] A new study created in memory with name: no-name-dfb08eeb-db50-49eb-9346-ab2036731bba
[I 2025-03-22 00:27:30,365] Trial 45 finished with value: 37.245297951097 and parameters: {'n_units_l0': 192, 'n_units_l1': 1792, 'n_units_l2': 2496, 'n_units_l3': 512, 'lr': 0.01672984877435136}. Best is trial 44 with value: 16.57835839929269.
[I 2025-03-22 00:27:38,735] Trial 46 finished with value: 25.95534807471457 and parameters: {'n_units_l0': 64, 'n_units_l1': 1568, 'n_units_l2': 2880, 'n_units_l3': 1408, 'lr': 0.003199271441838974}. Best is trial 44 with value: 16.57835839929269.
[I 2025-03-22 00:27:38,884] Trial 47 pruned. 
[I 2025-03-22 00:27:39,501] Trial 48 pruned. 
[I 2025-03-22 00:27:39,703] Trial 49 pruned. 
[I 2025-03-22 00:27:40,033] Trial 50 pruned. 
[I 2025-03-22 00:27:40,100] Trial 0 finished with value: 124.34811678907694 and parameters: {'n_units_l0': 2528, 'n_units_l1': 3008, 'n_units_l2': 1536, 'n_units_l3': 3104, 'n_units_l4': 960, 'n_units_l5': 1664, 'lr': 0.01923431412555425}. Best is trial 0 with value: 124.34811678907694.
[I 2025-03-22 00:27:48,306] Trial 51 finished with value: 19.498783568860834 and parameters: {'n_units_l0': 32, 'n_units_l1': 1632, 'n_units_l2': 2272, 'n_units_l3': 768, 'lr': 0.003698482162344763}. Best is trial 44 with value: 16.57835839929269.
[I 2025-03-22 00:27:48,582] Trial 52 pruned. 
[I 2025-03-22 00:27:48,864] Trial 53 pruned. 
[I 2025-03-22 00:27:49,109] Trial 54 pruned. 
[I 2025-03-22 00:27:49,276] Trial 55 pruned. 
[I 2025-03-22 00:27:49,508] Trial 1 finished with value: 72.31482164019677 and parameters: {'n_units_l0': 288, 'n_units_l1': 1120, 'n_units_l2': 3008, 'n_units_l3': 2144, 'n_units_l4': 2016, 'n_units_l5': 448, 'lr': 0.0032764434742440234}. Best is trial 1 with value: 72.31482164019677.
[I 2025-03-22 00:27:49,518] Trial 56 pruned. 
[I 2025-03-22 00:27:51,011] Trial 57 pruned. 
[I 2025-03-22 00:27:59,153] Trial 58 finished with value: 39.735511241332816 and parameters: {'n_units_l0': 32, 'n_units_l1': 1088, 'n_units_l2': 128, 'n_units_l3': 1312, 'lr': 0.026275899311002472}. Best is trial 44 with value: 16.57835839929269.
[I 2025-03-22 00:28:07,364] Trial 59 finished with value: 23.4927394888719 and parameters: {'n_units_l0': 352, 'n_units_l1': 1888, 'n_units_l2': 416, 'n_units_l3': 1984, 'lr': 0.007407914812403165}. Best is trial 44 with value: 16.57835839929269.
[I 2025-03-22 00:28:07,641] Trial 60 pruned. 
[I 2025-03-22 00:28:07,833] Trial 61 pruned. 
[I 2025-03-22 00:28:07,946] Trial 62 pruned. 
[I 2025-03-22 00:28:08,216] Trial 63 pruned. 
[I 2025-03-22 00:28:08,439] Trial 64 pruned. 
[I 2025-03-22 00:28:08,904] Trial 2 finished with value: 135.0278987676663 and parameters: {'n_units_l0': 4000, 'n_units_l1': 3040, 'n_units_l2': 2880, 'n_units_l3': 1120, 'n_units_l4': 2240, 'n_units_l5': 3360, 'lr': 0.024154125883153476}. Best is trial 1 with value: 72.31482164019677.
[I 2025-03-22 00:28:16,805] Trial 65 finished with value: 40.006423960093336 and parameters: {'n_units_l0': 160, 'n_units_l1': 2464, 'n_units_l2': 3360, 'n_units_l3': 1888, 'lr': 0.010685774946912016}. Best is trial 44 with value: 16.57835839929269.
[I 2025-03-22 00:28:16,925] Trial 66 pruned. 
[I 2025-03-22 00:28:17,036] Trial 67 pruned. 
[I 2025-03-22 00:28:17,463] Trial 68 pruned. 
[I 2025-03-22 00:28:17,571] Trial 69 pruned. 
[I 2025-03-22 00:28:17,692] Trial 70 pruned. 
[I 2025-03-22 00:28:18,001] Trial 71 pruned. 
[I 2025-03-22 00:28:18,117] Trial 72 pruned. 
