[I 2025-03-22 09:12:35,365] Trial 71 finished with value: 34.69142456650269 and parameters: {'n_units_l0': 160, 'n_units_l1': 1120, 'lr': 0.028933542829519494}. Best is trial 3 with value: 11.343651013866923.
[I 2025-03-22 09:12:36,111] Trial 72 pruned. 
[I 2025-03-22 09:12:36,851] Trial 73 pruned. 
[I 2025-03-22 09:12:37,617] Trial 74 pruned. 
[I 2025-03-22 09:12:38,438] Trial 75 pruned. 
[I 2025-03-22 09:12:44,977] Trial 76 pruned. 
[I 2025-03-22 09:12:51,550] Trial 77 pruned. 
[I 2025-03-22 09:12:58,207] Trial 78 pruned. 
[I 2025-03-22 09:12:58,923] Trial 79 pruned. 
[I 2025-03-22 09:13:05,463] Trial 80 pruned. 
[I 2025-03-22 09:13:06,336] Trial 81 pruned. 
[I 2025-03-22 09:13:07,065] Trial 82 pruned. 
[I 2025-03-22 09:13:07,784] Trial 83 pruned. 
[I 2025-03-22 09:13:14,373] Trial 84 pruned. 
[I 2025-03-22 09:13:20,902] Trial 85 pruned. 
[I 2025-03-22 09:13:21,730] Trial 86 pruned. 
[I 2025-03-22 09:13:22,474] Trial 87 pruned. 
[I 2025-03-22 09:13:23,199] Trial 88 pruned. 
[I 2025-03-22 09:13:23,915] Trial 89 pruned. 
[I 2025-03-22 09:13:29,204] Trial 90 pruned. 
[I 2025-03-22 09:13:36,588] Trial 91 pruned. 
[I 2025-03-22 09:13:37,316] Trial 92 pruned. 
[I 2025-03-22 09:13:41,167] Trial 57 finished with value: 125.41474243768371 and parameters: {'n_units_l0': 3328, 'n_units_l1': 3008, 'n_units_l2': 3136, 'n_units_l3': 1536, 'n_units_l4': 3808, 'n_units_l5': 2720, 'n_units_l6': 3232, 'n_units_l7': 1216, 'n_units_l8': 672, 'n_units_l9': 2432, 'n_units_l10': 1056, 'n_units_l11': 1856, 'lr': 0.0054335959216566445}. Best is trial 51 with value: 9.011491648670864.
[I 2025-03-22 09:13:43,911] Trial 58 pruned. 
[I 2025-03-22 09:13:44,000] Trial 93 pruned. 
[I 2025-03-22 09:13:44,723] Trial 94 pruned. 
[I 2025-03-22 09:13:45,437] Trial 95 pruned. 
[I 2025-03-22 09:13:46,264] Trial 96 pruned. 
[I 2025-03-22 09:13:46,386] Trial 59 pruned. 
[I 2025-03-22 09:13:47,055] Trial 97 pruned. 
[I 2025-03-22 09:13:47,775] Trial 98 pruned. 
[I 2025-03-22 09:13:48,159] Trial 60 pruned. 
[I 2025-03-22 09:13:51,568] Trial 99 pruned. 
[I 2025-03-22 09:13:51,731] A new study created in memory with name: no-name-ac157974-e085-4afc-ac1a-d6cf579142c4
[I 2025-03-22 09:15:11,247] Trial 0 finished with value: 124.7538464323721 and parameters: {'n_units_l0': 2816, 'n_units_l1': 3616, 'n_units_l2': 1216, 'lr': 0.06593384508396209}. Best is trial 0 with value: 124.7538464323721.
[I 2025-03-22 09:16:29,966] Trial 1 finished with value: 124.75034900124578 and parameters: {'n_units_l0': 1600, 'n_units_l1': 2304, 'n_units_l2': 3072, 'lr': 0.022228015707358485}. Best is trial 1 with value: 124.75034900124578.
[I 2025-03-22 09:17:42,903] Trial 61 finished with value: 13.058438625902232 and parameters: {'n_units_l0': 3936, 'n_units_l1': 3968, 'n_units_l2': 2624, 'n_units_l3': 768, 'n_units_l4': 1888, 'n_units_l5': 1984, 'n_units_l6': 2400, 'n_units_l7': 608, 'n_units_l8': 4000, 'n_units_l9': 3648, 'n_units_l10': 2240, 'n_units_l11': 2208, 'lr': 0.0006542060617918647}. Best is trial 51 with value: 9.011491648670864.
[I 2025-03-22 09:17:49,365] Trial 2 finished with value: 22.110058881762125 and parameters: {'n_units_l0': 1088, 'n_units_l1': 3552, 'n_units_l2': 2976, 'lr': 0.006255631526792254}. Best is trial 2 with value: 22.110058881762125.
[I 2025-03-22 09:19:08,723] Trial 3 finished with value: 38.766002079203474 and parameters: {'n_units_l0': 1408, 'n_units_l1': 928, 'n_units_l2': 1408, 'lr': 0.08128863965633067}. Best is trial 2 with value: 22.110058881762125.
[I 2025-03-22 09:20:27,374] Trial 4 finished with value: 124.77000731429756 and parameters: {'n_units_l0': 2112, 'n_units_l1': 1760, 'n_units_l2': 1792, 'lr': 0.09754800628326646}. Best is trial 2 with value: 22.110058881762125.
[I 2025-03-22 09:20:30,805] Trial 62 finished with value: 125.42623984963194 and parameters: {'n_units_l0': 3744, 'n_units_l1': 3264, 'n_units_l2': 2688, 'n_units_l3': 832, 'n_units_l4': 1856, 'n_units_l5': 2208, 'n_units_l6': 2720, 'n_units_l7': 576, 'n_units_l8': 3488, 'n_units_l9': 1952, 'n_units_l10': 608, 'n_units_l11': 1984, 'lr': 0.00295226015871389}. Best is trial 51 with value: 9.011491648670864.
[I 2025-03-22 09:20:33,386] Trial 63 pruned. 
[I 2025-03-22 09:20:36,034] Trial 64 pruned. 
[I 2025-03-22 09:20:38,306] Trial 65 pruned. 
[I 2025-03-22 09:21:46,238] Trial 5 finished with value: 44.922594933081974 and parameters: {'n_units_l0': 2496, 'n_units_l1': 1472, 'n_units_l2': 2560, 'lr': 0.0701773523221847}. Best is trial 2 with value: 22.110058881762125.
[I 2025-03-22 09:21:47,135] Trial 6 pruned. 
[I 2025-03-22 09:21:47,924] Trial 7 pruned. 
[I 2025-03-22 09:21:48,704] Trial 8 pruned. 
[I 2025-03-22 09:21:49,530] Trial 9 pruned. 
[I 2025-03-22 09:21:53,193] Trial 10 pruned. 
[I 2025-03-22 09:21:54,034] Trial 11 pruned. 
[I 2025-03-22 09:21:54,870] Trial 12 pruned. 
[I 2025-03-22 09:21:55,803] Trial 13 pruned. 
[I 2025-03-22 09:23:14,575] Trial 14 finished with value: 27.143929510327403 and parameters: {'n_units_l0': 576, 'n_units_l1': 2976, 'n_units_l2': 1920, 'lr': 0.04975709110067805}. Best is trial 2 with value: 22.110058881762125.
[I 2025-03-22 09:23:15,381] Trial 15 pruned. 
[I 2025-03-22 09:23:16,201] Trial 16 pruned. 
[I 2025-03-22 09:23:17,017] Trial 17 pruned. 
[I 2025-03-22 09:23:50,124] Trial 66 finished with value: 59.3920145141803 and parameters: {'n_units_l0': 608, 'n_units_l1': 3072, 'n_units_l2': 2560, 'n_units_l3': 608, 'n_units_l4': 1728, 'n_units_l5': 2880, 'n_units_l6': 2208, 'n_units_l7': 1664, 'n_units_l8': 1792, 'n_units_l9': 4096, 'n_units_l10': 2176, 'n_units_l11': 3008, 'lr': 5.542490400987704e-06}. Best is trial 51 with value: 9.011491648670864.
[I 2025-03-22 09:23:53,105] Trial 67 pruned. 
[I 2025-03-22 09:23:54,798] Trial 68 pruned. 
[I 2025-03-22 09:23:56,649] Trial 69 pruned. 
[I 2025-03-22 09:23:58,586] Trial 70 pruned. 
[I 2025-03-22 09:24:35,770] Trial 18 finished with value: 124.75586031592559 and parameters: {'n_units_l0': 64, 'n_units_l1': 2624, 'n_units_l2': 3872, 'lr': 0.05344440871669264}. Best is trial 2 with value: 22.110058881762125.
[I 2025-03-22 09:24:37,541] Trial 19 pruned. 
[I 2025-03-22 09:24:39,285] Trial 20 pruned. 
[I 2025-03-22 09:24:40,192] Trial 21 pruned. 
[I 2025-03-22 09:24:40,965] Trial 22 pruned. 
[I 2025-03-22 09:24:41,744] Trial 23 pruned. 
[I 2025-03-22 09:26:00,608] Trial 24 finished with value: 38.60063516743316 and parameters: {'n_units_l0': 1024, 'n_units_l1': 608, 'n_units_l2': 896, 'lr': 0.045617800279779554}. Best is trial 2 with value: 22.110058881762125.
[I 2025-03-22 09:27:19,487] Trial 25 finished with value: 18.74554501924155 and parameters: {'n_units_l0': 960, 'n_units_l1': 2464, 'n_units_l2': 160, 'lr': 0.047225376244394233}. Best is trial 25 with value: 18.74554501924155.
[I 2025-03-22 09:27:20,265] Trial 26 pruned. 
[I 2025-03-22 09:27:48,473] Trial 71 finished with value: 11.230689317558465 and parameters: {'n_units_l0': 4032, 'n_units_l1': 3808, 'n_units_l2': 3392, 'n_units_l3': 1248, 'n_units_l4': 1888, 'n_units_l5': 1440, 'n_units_l6': 2528, 'n_units_l7': 640, 'n_units_l8': 3904, 'n_units_l9': 3488, 'n_units_l10': 1504, 'n_units_l11': 2496, 'lr': 0.000505611259648582}. Best is trial 51 with value: 9.011491648670864.
[I 2025-03-22 09:27:51,108] Trial 72 pruned. 
[I 2025-03-22 09:27:56,177] Trial 73 pruned. 
[I 2025-03-22 09:27:58,181] Trial 74 pruned. 
[I 2025-03-22 09:28:01,286] Trial 75 pruned. 
[I 2025-03-22 09:28:03,948] Trial 76 pruned. 
[I 2025-03-22 09:28:38,807] Trial 27 finished with value: 28.472663337697597 and parameters: {'n_units_l0': 832, 'n_units_l1': 2368, 'n_units_l2': 416, 'lr': 0.04283908280380792}. Best is trial 25 with value: 18.74554501924155.
[I 2025-03-22 09:28:40,535] Trial 28 pruned. 
[I 2025-03-22 09:28:41,520] Trial 29 pruned. 
[I 2025-03-22 09:28:42,300] Trial 30 pruned. 
[I 2025-03-22 09:30:01,120] Trial 31 finished with value: 38.71274147400776 and parameters: {'n_units_l0': 768, 'n_units_l1': 2432, 'n_units_l2': 544, 'lr': 0.042343022713187635}. Best is trial 25 with value: 18.74554501924155.
[I 2025-03-22 09:31:19,625] Trial 32 finished with value: 39.45334451623329 and parameters: {'n_units_l0': 672, 'n_units_l1': 2144, 'n_units_l2': 448, 'lr': 0.049548367504682174}. Best is trial 25 with value: 18.74554501924155.
[I 2025-03-22 09:31:22,174] Trial 33 pruned. 
[I 2025-03-22 09:31:22,985] Trial 34 pruned. 
[I 2025-03-22 09:31:23,981] Trial 35 pruned. 
[I 2025-03-22 09:31:26,351] Trial 36 pruned. 
[I 2025-03-22 09:31:28,725] Trial 37 pruned. 
[I 2025-03-22 09:31:29,628] Trial 38 pruned. 
[I 2025-03-22 09:31:30,483] Trial 39 pruned. 
[I 2025-03-22 09:31:32,178] Trial 40 pruned. 
[I 2025-03-22 09:32:44,553] Trial 77 finished with value: 8.493387594317445 and parameters: {'n_units_l0': 3808, 'n_units_l1': 3744, 'n_units_l2': 2944, 'n_units_l3': 832, 'n_units_l4': 2528, 'n_units_l5': 4064, 'n_units_l6': 2400, 'n_units_l7': 320, 'n_units_l8': 3648, 'n_units_l9': 4000, 'n_units_l10': 2720, 'n_units_l11': 2016, 'lr': 4.672279382083233e-05}. Best is trial 77 with value: 8.493387594317445.
[I 2025-03-22 09:32:47,869] Trial 78 pruned. 
[I 2025-03-22 09:32:50,101] Trial 41 finished with value: 42.30176144762374 and parameters: {'n_units_l0': 768, 'n_units_l1': 448, 'n_units_l2': 704, 'lr': 0.04567647674814084}. Best is trial 25 with value: 18.74554501924155.
[I 2025-03-22 09:32:50,923] Trial 79 pruned. 
[I 2025-03-22 09:32:53,316] Trial 80 pruned. 
[I 2025-03-22 09:34:09,151] Trial 42 finished with value: 38.64939232934126 and parameters: {'n_units_l0': 1024, 'n_units_l1': 1568, 'n_units_l2': 928, 'lr': 0.0434468207567323}. Best is trial 25 with value: 18.74554501924155.
[I 2025-03-22 09:35:28,037] Trial 43 finished with value: 38.255907113976846 and parameters: {'n_units_l0': 960, 'n_units_l1': 2272, 'n_units_l2': 320, 'lr': 0.05870470187906887}. Best is trial 25 with value: 18.74554501924155.
[I 2025-03-22 09:35:33,549] Trial 44 pruned. 
[I 2025-03-22 09:35:34,346] Trial 45 pruned. 
[I 2025-03-22 09:35:35,148] Trial 46 pruned. 
[I 2025-03-22 09:35:36,023] Trial 47 pruned. 
[I 2025-03-22 09:35:36,809] Trial 48 pruned. 
[I 2025-03-22 09:35:38,401] Trial 49 pruned. 
[I 2025-03-22 09:36:40,261] Trial 81 finished with value: 11.438719215644861 and parameters: {'n_units_l0': 3872, 'n_units_l1': 3456, 'n_units_l2': 2848, 'n_units_l3': 864, 'n_units_l4': 2240, 'n_units_l5': 1312, 'n_units_l6': 2432, 'n_units_l7': 480, 'n_units_l8': 3872, 'n_units_l9': 3392, 'n_units_l10': 2688, 'n_units_l11': 2176, 'lr': 1.5055052818952483e-05}. Best is trial 77 with value: 8.493387594317445.
[I 2025-03-22 09:36:57,480] Trial 50 finished with value: 29.33413327766488 and parameters: {'n_units_l0': 1088, 'n_units_l1': 2944, 'n_units_l2': 2112, 'lr': 0.05492356276185892}. Best is trial 25 with value: 18.74554501924155.
[I 2025-03-22 09:36:58,389] Trial 51 pruned. 
[I 2025-03-22 09:36:59,214] Trial 52 pruned. 
[I 2025-03-22 09:37:00,030] Trial 53 pruned. 
[I 2025-03-22 09:37:00,907] Trial 54 pruned. 
[I 2025-03-22 09:37:01,813] Trial 55 pruned. 
[I 2025-03-22 09:37:02,634] Trial 56 pruned. 
[I 2025-03-22 09:37:03,423] Trial 57 pruned. 
[I 2025-03-22 09:38:04,828] Trial 82 pruned. 
[I 2025-03-22 09:38:07,961] Trial 83 pruned. 
[I 2025-03-22 09:38:11,033] Trial 84 pruned. 
[I 2025-03-22 09:38:13,739] Trial 85 pruned. 
[I 2025-03-22 09:38:22,595] Trial 58 finished with value: 38.06966363854774 and parameters: {'n_units_l0': 32, 'n_units_l1': 3136, 'n_units_l2': 1184, 'lr': 0.041443317188734584}. Best is trial 25 with value: 18.74554501924155.
[I 2025-03-22 09:38:24,959] Trial 59 pruned. 
[I 2025-03-22 09:38:26,488] Trial 60 pruned. 
[I 2025-03-22 09:38:27,427] Trial 61 pruned. 
[I 2025-03-22 09:38:34,557] Trial 62 pruned. 
[I 2025-03-22 09:38:35,332] Trial 63 pruned. 
[I 2025-03-22 09:38:36,226] Trial 64 pruned. 
[I 2025-03-22 09:38:37,043] Trial 65 pruned. 
[I 2025-03-22 09:38:38,748] Trial 66 pruned. 
[I 2025-03-22 09:38:39,545] Trial 67 pruned. 
[I 2025-03-22 09:38:40,305] Trial 68 pruned. 
[I 2025-03-22 09:38:41,237] Trial 69 pruned. 
[I 2025-03-22 09:38:42,395] Trial 70 pruned. 
[I 2025-03-22 09:38:43,939] Trial 71 pruned. 
[I 2025-03-22 09:38:44,804] Trial 72 pruned. 
[I 2025-03-22 09:38:46,292] Trial 73 pruned. 
[I 2025-03-22 09:38:47,106] Trial 74 pruned. 
[I 2025-03-22 09:40:05,532] Trial 75 finished with value: 20.359900451382362 and parameters: {'n_units_l0': 864, 'n_units_l1': 2336, 'n_units_l2': 992, 'lr': 0.0508119176015954}. Best is trial 25 with value: 18.74554501924155.
[I 2025-03-22 09:41:24,578] Trial 76 finished with value: 40.38031078284057 and parameters: {'n_units_l0': 864, 'n_units_l1': 2336, 'n_units_l2': 2624, 'lr': 0.06082888679594656}. Best is trial 25 with value: 18.74554501924155.
[I 2025-03-22 09:42:42,852] Trial 77 finished with value: 38.25331425541554 and parameters: {'n_units_l0': 512, 'n_units_l1': 1664, 'n_units_l2': 1760, 'lr': 0.05148352129010154}. Best is trial 25 with value: 18.74554501924155.
[I 2025-03-22 09:42:42,917] Trial 86 finished with value: 36.79214916921685 and parameters: {'n_units_l0': 4000, 'n_units_l1': 3680, 'n_units_l2': 832, 'n_units_l3': 1312, 'n_units_l4': 2048, 'n_units_l5': 3264, 'n_units_l6': 2848, 'n_units_l7': 704, 'n_units_l8': 3648, 'n_units_l9': 4000, 'n_units_l10': 3328, 'n_units_l11': 3456, 'lr': 0.002590260578454814}. Best is trial 77 with value: 8.493387594317445.
[I 2025-03-22 09:42:45,061] Trial 87 pruned. 
[I 2025-03-22 09:42:47,603] Trial 88 pruned. 
[I 2025-03-22 09:42:49,616] Trial 89 pruned. 
[I 2025-03-22 09:42:50,045] Trial 78 pruned. 
[I 2025-03-22 09:42:50,871] Trial 79 pruned. 
[I 2025-03-22 09:42:52,412] Trial 80 pruned. 
[I 2025-03-22 09:42:53,318] Trial 90 pruned. 
[I 2025-03-22 09:42:56,350] Trial 81 pruned. 
[I 2025-03-22 09:42:58,396] Trial 91 pruned. 
[I 2025-03-22 09:44:14,857] Trial 82 finished with value: 38.11934722067011 and parameters: {'n_units_l0': 672, 'n_units_l1': 2112, 'n_units_l2': 160, 'lr': 0.04999224686182177}. Best is trial 25 with value: 18.74554501924155.
[I 2025-03-22 09:44:15,756] Trial 83 pruned. 
[I 2025-03-22 09:44:17,274] Trial 84 pruned. 
[I 2025-03-22 09:44:21,157] Trial 85 pruned. 
[I 2025-03-22 09:45:39,983] Trial 86 finished with value: 38.64150900653497 and parameters: {'n_units_l0': 640, 'n_units_l1': 2144, 'n_units_l2': 1024, 'lr': 0.05593561968347706}. Best is trial 25 with value: 18.74554501924155.
[I 2025-03-22 09:45:41,671] Trial 87 pruned. 
[I 2025-03-22 09:45:43,291] Trial 88 pruned. 
[I 2025-03-22 09:45:44,184] Trial 89 pruned. 
[I 2025-03-22 09:45:45,837] Trial 90 pruned. 
[I 2025-03-22 09:45:47,456] Trial 91 pruned. 
[I 2025-03-22 09:45:48,218] Trial 92 pruned. 
[I 2025-03-22 09:46:37,258] Trial 92 finished with value: 12.187521209339105 and parameters: {'n_units_l0': 3776, 'n_units_l1': 3584, 'n_units_l2': 2656, 'n_units_l3': 576, 'n_units_l4': 1952, 'n_units_l5': 1760, 'n_units_l6': 2336, 'n_units_l7': 288, 'n_units_l8': 4000, 'n_units_l9': 3520, 'n_units_l10': 2656, 'n_units_l11': 2368, 'lr': 0.00046585945857655563}. Best is trial 77 with value: 8.493387594317445.
[I 2025-03-22 09:46:39,656] Trial 93 pruned. 
[I 2025-03-22 09:46:42,063] Trial 94 pruned. 
[I 2025-03-22 09:46:44,541] Trial 95 pruned. 
[I 2025-03-22 09:46:46,814] Trial 96 pruned. 
[I 2025-03-22 09:46:54,466] Trial 97 pruned. 
[I 2025-03-22 09:46:57,274] Trial 98 pruned. 
[I 2025-03-22 09:46:59,419] Trial 99 pruned. 
[I 2025-03-22 09:46:59,619] A new study created in memory with name: no-name-eedb3189-9858-4fb9-812e-f5ab82d0734b
[I 2025-03-22 09:47:07,630] Trial 93 finished with value: 33.202308874837136 and parameters: {'n_units_l0': 1056, 'n_units_l1': 2240, 'n_units_l2': 512, 'lr': 0.05459436259304793}. Best is trial 25 with value: 18.74554501924155.
[I 2025-03-22 09:47:09,214] Trial 94 pruned. 
[I 2025-03-22 09:47:10,105] Trial 95 pruned. 
[I 2025-03-22 09:47:10,921] Trial 96 pruned. 
[I 2025-03-22 09:47:12,535] Trial 97 pruned. 
[I 2025-03-22 09:47:13,447] Trial 98 pruned. 
[I 2025-03-22 09:47:17,467] Trial 99 pruned. 
[I 2025-03-22 09:47:17,666] A new study created in memory with name: no-name-a6766e13-bcc7-4fc8-bde1-9ea36cec3cca
[I 2025-03-22 09:48:43,131] Trial 0 finished with value: 124.99267851552284 and parameters: {'n_units_l0': 3488, 'n_units_l1': 736, 'n_units_l2': 3360, 'n_units_l3': 4064, 'lr': 0.01515128391830824}. Best is trial 0 with value: 124.99267851552284.
[I 2025-03-22 09:49:45,632] Trial 0 finished with value: 10.390792402586818 and parameters: {'n_units_l0': 4032, 'n_units_l1': 1984, 'n_units_l2': 3808, 'n_units_l3': 2592, 'n_units_l4': 256, 'lr': 0.0043732889926112175}. Best is trial 0 with value: 10.390792402586818.
[I 2025-03-22 09:50:52,155] Trial 1 finished with value: 124.98026490133414 and parameters: {'n_units_l0': 2240, 'n_units_l1': 2400, 'n_units_l2': 3840, 'n_units_l3': 2240, 'lr': 0.04361808270177696}. Best is trial 1 with value: 124.98026490133414.
[I 2025-03-22 09:51:15,714] Trial 1 finished with value: 124.46454488055562 and parameters: {'n_units_l0': 1760, 'n_units_l1': 1376, 'n_units_l2': 1024, 'n_units_l3': 2048, 'n_units_l4': 2784, 'lr': 0.05598151360972615}. Best is trial 0 with value: 10.390792402586818.
[I 2025-03-22 09:52:23,250] Trial 2 finished with value: 124.97970503884348 and parameters: {'n_units_l0': 2656, 'n_units_l1': 1632, 'n_units_l2': 3296, 'n_units_l3': 2080, 'lr': 0.06180261616025631}. Best is trial 2 with value: 124.97970503884348.
[I 2025-03-22 09:52:47,469] Trial 2 finished with value: 124.46352326350046 and parameters: {'n_units_l0': 352, 'n_units_l1': 1568, 'n_units_l2': 1312, 'n_units_l3': 3456, 'n_units_l4': 2272, 'lr': 0.08698211723492036}. Best is trial 0 with value: 10.390792402586818.
[I 2025-03-22 09:54:42,032] Trial 3 finished with value: 124.9808789357381 and parameters: {'n_units_l0': 3776, 'n_units_l1': 4000, 'n_units_l2': 1728, 'n_units_l3': 1984, 'lr': 0.03225324131316903}. Best is trial 2 with value: 124.97970503884348.
[I 2025-03-22 09:55:58,839] Trial 3 finished with value: 124.46075067204349 and parameters: {'n_units_l0': 3744, 'n_units_l1': 3136, 'n_units_l2': 1184, 'n_units_l3': 3840, 'n_units_l4': 3904, 'lr': 0.028190956653813107}. Best is trial 0 with value: 10.390792402586818.
[I 2025-03-22 09:56:07,405] Trial 4 finished with value: 124.98032084308932 and parameters: {'n_units_l0': 480, 'n_units_l1': 1280, 'n_units_l2': 1696, 'n_units_l3': 2720, 'lr': 0.053943346155110844}. Best is trial 2 with value: 124.97970503884348.
[I 2025-03-22 09:56:08,668] Trial 5 pruned. 
[I 2025-03-22 09:57:29,721] Trial 4 finished with value: 124.46443007595543 and parameters: {'n_units_l0': 160, 'n_units_l1': 480, 'n_units_l2': 3008, 'n_units_l3': 1152, 'n_units_l4': 3648, 'lr': 0.09456129570834183}. Best is trial 0 with value: 10.390792402586818.
[I 2025-03-22 09:57:36,106] Trial 6 finished with value: 124.9817428533349 and parameters: {'n_units_l0': 1952, 'n_units_l1': 3552, 'n_units_l2': 1312, 'n_units_l3': 1248, 'lr': 0.07956863890687176}. Best is trial 2 with value: 124.97970503884348.
[I 2025-03-22 09:57:37,450] Trial 7 pruned. 
[I 2025-03-22 09:57:38,400] Trial 8 pruned. 
[I 2025-03-22 09:59:00,472] Trial 5 finished with value: 36.68115372689256 and parameters: {'n_units_l0': 160, 'n_units_l1': 3488, 'n_units_l2': 608, 'n_units_l3': 768, 'n_units_l4': 2144, 'lr': 0.013028874008381637}. Best is trial 0 with value: 10.390792402586818.
[I 2025-03-22 09:59:01,400] Trial 6 pruned. 
[I 2025-03-22 09:59:04,522] Trial 9 finished with value: 40.693805433446116 and parameters: {'n_units_l0': 2816, 'n_units_l1': 3168, 'n_units_l2': 768, 'n_units_l3': 384, 'lr': 0.06895936803445334}. Best is trial 9 with value: 40.693805433446116.
[I 2025-03-22 10:00:29,367] Trial 10 finished with value: 39.9603543493962 and parameters: {'n_units_l0': 1024, 'n_units_l1': 2816, 'n_units_l2': 64, 'n_units_l3': 32, 'lr': 0.09882759159475354}. Best is trial 10 with value: 39.9603543493962.
[I 2025-03-22 10:00:30,268] Trial 11 pruned. 
[I 2025-03-22 10:00:31,135] Trial 12 pruned. 
[I 2025-03-22 10:00:31,993] Trial 13 pruned. 
[I 2025-03-22 10:00:33,062] Trial 14 pruned. 
[I 2025-03-22 10:00:33,941] Trial 15 pruned. 
[I 2025-03-22 10:01:58,782] Trial 16 finished with value: 6.00617927845417 and parameters: {'n_units_l0': 4064, 'n_units_l1': 1824, 'n_units_l2': 1056, 'n_units_l3': 1248, 'lr': 0.001964866583683736}. Best is trial 16 with value: 6.00617927845417.
[I 2025-03-22 10:02:13,070] Trial 7 finished with value: 6.460315607376999 and parameters: {'n_units_l0': 3072, 'n_units_l1': 2976, 'n_units_l2': 3552, 'n_units_l3': 2048, 'n_units_l4': 3552, 'lr': 0.003005896909426499}. Best is trial 7 with value: 6.460315607376999.
[I 2025-03-22 10:02:23,113] Trial 8 pruned. 
[I 2025-03-22 10:02:25,360] Trial 9 pruned. 
[I 2025-03-22 10:02:26,338] Trial 10 pruned. 
[I 2025-03-22 10:02:38,830] Trial 11 pruned. 
[I 2025-03-22 10:03:24,662] Trial 17 finished with value: 124.99123859707893 and parameters: {'n_units_l0': 4064, 'n_units_l1': 1408, 'n_units_l2': 2400, 'n_units_l3': 1344, 'lr': 0.00482954503897116}. Best is trial 16 with value: 6.00617927845417.
[I 2025-03-22 10:04:50,116] Trial 18 finished with value: 12.279725688194942 and parameters: {'n_units_l0': 704, 'n_units_l1': 1696, 'n_units_l2': 1184, 'n_units_l3': 1408, 'lr': 0.005521522243586488}. Best is trial 16 with value: 6.00617927845417.
[I 2025-03-22 10:04:50,573] Trial 12 finished with value: 14.588191673513595 and parameters: {'n_units_l0': 3264, 'n_units_l1': 2368, 'n_units_l2': 3456, 'n_units_l3': 1888, 'n_units_l4': 128, 'lr': 0.0003683532868138063}. Best is trial 7 with value: 6.460315607376999.
[I 2025-03-22 10:04:51,000] Trial 19 pruned. 
[I 2025-03-22 10:04:51,565] Trial 13 pruned. 
[I 2025-03-22 10:04:53,542] Trial 14 pruned. 
[I 2025-03-22 10:04:54,863] Trial 15 pruned. 
[I 2025-03-22 10:04:55,968] Trial 16 pruned. 
