[I 2025-03-22 10:06:16,292] Trial 20 finished with value: 26.84259566802717 and parameters: {'n_units_l0': 64, 'n_units_l1': 1920, 'n_units_l2': 1248, 'n_units_l3': 2624, 'lr': 0.010689470462210686}. Best is trial 16 with value: 6.00617927845417.
[I 2025-03-22 10:07:41,377] Trial 21 finished with value: 30.908416745171824 and parameters: {'n_units_l0': 32, 'n_units_l1': 1792, 'n_units_l2': 1184, 'n_units_l3': 2688, 'lr': 0.01386699067409085}. Best is trial 16 with value: 6.00617927845417.
[I 2025-03-22 10:07:49,144] Trial 17 finished with value: 39.26612401582437 and parameters: {'n_units_l0': 1728, 'n_units_l1': 3776, 'n_units_l2': 3808, 'n_units_l3': 1568, 'n_units_l4': 2752, 'lr': 0.007145441363878978}. Best is trial 7 with value: 6.460315607376999.
[I 2025-03-22 10:07:50,560] Trial 18 pruned. 
[I 2025-03-22 10:07:51,511] Trial 19 pruned. 
[I 2025-03-22 10:07:52,619] Trial 20 pruned. 
[I 2025-03-22 10:07:54,123] Trial 21 pruned. 
[I 2025-03-22 10:07:58,396] Trial 22 pruned. 
[I 2025-03-22 10:07:59,749] Trial 23 pruned. 
[I 2025-03-22 10:08:02,111] Trial 24 pruned. 
[I 2025-03-22 10:08:04,343] Trial 25 pruned. 
[I 2025-03-22 10:08:05,322] Trial 26 pruned. 
[I 2025-03-22 10:08:07,478] Trial 27 pruned. 
[I 2025-03-22 10:08:08,595] Trial 28 pruned. 
[I 2025-03-22 10:08:09,523] Trial 29 pruned. 
[I 2025-03-22 10:08:11,023] Trial 30 pruned. 
[I 2025-03-22 10:09:07,462] Trial 22 finished with value: 125.00270521738058 and parameters: {'n_units_l0': 512, 'n_units_l1': 2144, 'n_units_l2': 1216, 'n_units_l3': 1600, 'lr': 0.011981409615014886}. Best is trial 16 with value: 6.00617927845417.
[I 2025-03-22 10:09:08,342] Trial 23 pruned. 
[I 2025-03-22 10:09:41,964] Trial 31 finished with value: 15.27432000716994 and parameters: {'n_units_l0': 672, 'n_units_l1': 3424, 'n_units_l2': 416, 'n_units_l3': 640, 'n_units_l4': 2112, 'lr': 0.012605158901853144}. Best is trial 7 with value: 6.460315607376999.
[I 2025-03-22 10:10:33,683] Trial 24 finished with value: 11.69624536861172 and parameters: {'n_units_l0': 320, 'n_units_l1': 1120, 'n_units_l2': 1056, 'n_units_l3': 3296, 'lr': 0.0006175940895675703}. Best is trial 16 with value: 6.00617927845417.
[I 2025-03-22 10:10:34,642] Trial 25 pruned. 
[I 2025-03-22 10:10:35,515] Trial 26 pruned. 
[I 2025-03-22 10:10:36,411] Trial 27 pruned. 
[I 2025-03-22 10:10:37,268] Trial 28 pruned. 
[I 2025-03-22 10:10:38,269] Trial 29 pruned. 
[I 2025-03-22 10:10:39,130] Trial 30 pruned. 
[I 2025-03-22 10:11:13,049] Trial 32 finished with value: 17.03990041767788 and parameters: {'n_units_l0': 736, 'n_units_l1': 3968, 'n_units_l2': 640, 'n_units_l3': 608, 'n_units_l4': 2432, 'lr': 0.008000736417973053}. Best is trial 7 with value: 6.460315607376999.
[I 2025-03-22 10:11:13,962] Trial 33 pruned. 
[I 2025-03-22 10:11:14,939] Trial 34 pruned. 
[I 2025-03-22 10:11:16,618] Trial 35 pruned. 
[I 2025-03-22 10:11:17,580] Trial 36 pruned. 
[I 2025-03-22 10:11:18,596] Trial 37 pruned. 
[I 2025-03-22 10:11:19,915] Trial 38 pruned. 
[I 2025-03-22 10:11:21,311] Trial 39 pruned. 
[I 2025-03-22 10:11:22,839] Trial 40 pruned. 
[I 2025-03-22 10:12:05,093] Trial 31 finished with value: 24.678920476288774 and parameters: {'n_units_l0': 288, 'n_units_l1': 1856, 'n_units_l2': 1056, 'n_units_l3': 2944, 'lr': 0.008505904180766315}. Best is trial 16 with value: 6.00617927845417.
[I 2025-03-22 10:12:06,001] Trial 32 pruned. 
[I 2025-03-22 10:12:54,611] Trial 41 finished with value: 36.401627417196195 and parameters: {'n_units_l0': 928, 'n_units_l1': 3872, 'n_units_l2': 480, 'n_units_l3': 320, 'n_units_l4': 2400, 'lr': 0.008537205359573764}. Best is trial 7 with value: 6.460315607376999.
[I 2025-03-22 10:12:55,565] Trial 42 pruned. 
[I 2025-03-22 10:13:32,251] Trial 33 finished with value: 124.98487445072483 and parameters: {'n_units_l0': 352, 'n_units_l1': 1600, 'n_units_l2': 1440, 'n_units_l3': 3040, 'lr': 0.017289081014930194}. Best is trial 16 with value: 6.00617927845417.
[I 2025-03-22 10:13:33,249] Trial 34 pruned. 
[I 2025-03-22 10:13:34,206] Trial 35 pruned. 
[I 2025-03-22 10:13:58,567] Trial 43 pruned. 
[I 2025-03-22 10:13:59,484] Trial 44 pruned. 
[I 2025-03-22 10:14:00,424] Trial 45 pruned. 
[I 2025-03-22 10:14:01,436] Trial 46 pruned. 
[I 2025-03-22 10:14:02,369] Trial 47 pruned. 
[I 2025-03-22 10:14:03,953] Trial 48 pruned. 
[I 2025-03-22 10:15:01,085] Trial 36 finished with value: 15.248021528994606 and parameters: {'n_units_l0': 256, 'n_units_l1': 1920, 'n_units_l2': 544, 'n_units_l3': 2944, 'lr': 0.006242273034273141}. Best is trial 16 with value: 6.00617927845417.
[I 2025-03-22 10:15:01,983] Trial 37 pruned. 
[I 2025-03-22 10:15:02,879] Trial 38 pruned. 
[I 2025-03-22 10:15:03,780] Trial 39 pruned. 
[I 2025-03-22 10:15:04,760] Trial 40 pruned. 
[I 2025-03-22 10:15:05,627] Trial 41 pruned. 
[I 2025-03-22 10:15:07,371] Trial 42 pruned. 
[I 2025-03-22 10:15:08,330] Trial 43 pruned. 
[I 2025-03-22 10:15:14,637] Trial 49 pruned. 
[I 2025-03-22 10:15:16,068] Trial 50 pruned. 
[I 2025-03-22 10:15:16,995] Trial 51 pruned. 
[I 2025-03-22 10:15:18,968] Trial 52 pruned. 
[I 2025-03-22 10:15:19,921] Trial 53 pruned. 
[I 2025-03-22 10:16:06,246] Trial 54 pruned. 
[I 2025-03-22 10:16:09,894] Trial 55 pruned. 
[I 2025-03-22 10:16:34,327] Trial 44 finished with value: 125.00652967594078 and parameters: {'n_units_l0': 224, 'n_units_l1': 1984, 'n_units_l2': 832, 'n_units_l3': 2880, 'lr': 0.03395579716049145}. Best is trial 16 with value: 6.00617927845417.
[I 2025-03-22 10:16:35,245] Trial 45 pruned. 
[I 2025-03-22 10:17:59,470] Trial 46 finished with value: 36.30636283279277 and parameters: {'n_units_l0': 448, 'n_units_l1': 2656, 'n_units_l2': 256, 'n_units_l3': 3776, 'lr': 0.007158346158251681}. Best is trial 16 with value: 6.00617927845417.
[I 2025-03-22 10:18:00,456] Trial 47 pruned. 
[I 2025-03-22 10:18:35,352] Trial 56 finished with value: 8.266001154790581 and parameters: {'n_units_l0': 2784, 'n_units_l1': 3232, 'n_units_l2': 3168, 'n_units_l3': 1024, 'n_units_l4': 3168, 'lr': 0.004083938026682374}. Best is trial 7 with value: 6.460315607376999.
[I 2025-03-22 10:18:36,768] Trial 57 pruned. 
[I 2025-03-22 10:18:38,939] Trial 58 pruned. 
[I 2025-03-22 10:18:40,282] Trial 59 pruned. 
[I 2025-03-22 10:18:42,610] Trial 60 pruned. 
[I 2025-03-22 10:18:44,501] Trial 61 pruned. 
[I 2025-03-22 10:19:25,939] Trial 48 finished with value: 125.10083616609552 and parameters: {'n_units_l0': 160, 'n_units_l1': 1696, 'n_units_l2': 1760, 'n_units_l3': 1504, 'lr': 0.027114600399840826}. Best is trial 16 with value: 6.00617927845417.
[I 2025-03-22 10:20:16,477] Trial 62 finished with value: 12.067363747639723 and parameters: {'n_units_l0': 512, 'n_units_l1': 3104, 'n_units_l2': 3392, 'n_units_l3': 160, 'n_units_l4': 2528, 'lr': 0.0034455785534404614}. Best is trial 7 with value: 6.460315607376999.
[I 2025-03-22 10:20:51,936] Trial 49 finished with value: 35.18244434229592 and parameters: {'n_units_l0': 960, 'n_units_l1': 512, 'n_units_l2': 800, 'n_units_l3': 2496, 'lr': 0.004801773652618741}. Best is trial 16 with value: 6.00617927845417.
[I 2025-03-22 10:20:52,835] Trial 50 pruned. 
[I 2025-03-22 10:20:53,780] Trial 51 pruned. 
[I 2025-03-22 10:22:18,737] Trial 52 finished with value: 13.50816388662816 and parameters: {'n_units_l0': 160, 'n_units_l1': 2144, 'n_units_l2': 1280, 'n_units_l3': 3168, 'lr': 0.010929551946535946}. Best is trial 16 with value: 6.00617927845417.
[I 2025-03-22 10:22:19,633] Trial 53 pruned. 
[I 2025-03-22 10:22:20,534] Trial 54 pruned. 
[I 2025-03-22 10:22:21,440] Trial 55 pruned. 
[I 2025-03-22 10:22:22,440] Trial 56 pruned. 
[I 2025-03-22 10:22:23,310] Trial 57 pruned. 
[I 2025-03-22 10:22:24,185] Trial 58 pruned. 
[I 2025-03-22 10:22:39,802] Trial 63 finished with value: 26.078290290394275 and parameters: {'n_units_l0': 512, 'n_units_l1': 3072, 'n_units_l2': 3712, 'n_units_l3': 1920, 'n_units_l4': 2848, 'lr': 0.0045293287770085955}. Best is trial 7 with value: 6.460315607376999.
[I 2025-03-22 10:22:51,861] Trial 64 pruned. 
[I 2025-03-22 10:22:52,848] Trial 65 pruned. 
[I 2025-03-22 10:22:54,326] Trial 66 pruned. 
[I 2025-03-22 10:22:55,288] Trial 67 pruned. 
[I 2025-03-22 10:22:56,773] Trial 68 pruned. 
[I 2025-03-22 10:22:57,740] Trial 69 pruned. 
[I 2025-03-22 10:22:59,516] Trial 70 pruned. 
[I 2025-03-22 10:23:49,863] Trial 59 finished with value: 37.63215861560166 and parameters: {'n_units_l0': 160, 'n_units_l1': 1888, 'n_units_l2': 512, 'n_units_l3': 3680, 'lr': 0.012825847553266018}. Best is trial 16 with value: 6.00617927845417.
[I 2025-03-22 10:23:50,725] Trial 60 pruned. 
[I 2025-03-22 10:25:16,730] Trial 61 finished with value: 44.55733352661926 and parameters: {'n_units_l0': 32, 'n_units_l1': 1824, 'n_units_l2': 1280, 'n_units_l3': 2592, 'lr': 0.010785637631199118}. Best is trial 16 with value: 6.00617927845417.
[I 2025-03-22 10:25:17,194] Trial 71 finished with value: 11.483006466598182 and parameters: {'n_units_l0': 640, 'n_units_l1': 3072, 'n_units_l2': 3744, 'n_units_l3': 1632, 'n_units_l4': 2784, 'lr': 0.005043519875379953}. Best is trial 7 with value: 6.460315607376999.
[I 2025-03-22 10:25:18,862] Trial 72 pruned. 
[I 2025-03-22 10:25:19,401] Trial 62 pruned. 
[I 2025-03-22 10:25:20,247] Trial 63 pruned. 
[I 2025-03-22 10:25:20,532] Trial 73 pruned. 
[I 2025-03-22 10:25:21,932] Trial 74 pruned. 
[I 2025-03-22 10:25:23,892] Trial 75 pruned. 
[I 2025-03-22 10:25:24,636] Trial 64 pruned. 
[I 2025-03-22 10:25:24,851] Trial 76 pruned. 
[I 2025-03-22 10:25:25,491] Trial 65 pruned. 
[I 2025-03-22 10:25:26,210] Trial 77 pruned. 
[I 2025-03-22 10:25:27,295] Trial 78 pruned. 
[I 2025-03-22 10:25:28,162] Trial 66 pruned. 
[I 2025-03-22 10:25:29,043] Trial 67 pruned. 
[I 2025-03-22 10:25:31,244] Trial 79 pruned. 
[I 2025-03-22 10:26:05,416] Trial 80 pruned. 
[I 2025-03-22 10:26:09,777] Trial 81 pruned. 
[I 2025-03-22 10:26:11,383] Trial 82 pruned. 
[I 2025-03-22 10:26:13,051] Trial 83 pruned. 
[I 2025-03-22 10:26:14,028] Trial 84 pruned. 
[I 2025-03-22 10:26:24,157] Trial 85 pruned. 
[I 2025-03-22 10:26:25,619] Trial 86 pruned. 
[I 2025-03-22 10:26:41,058] Trial 87 pruned. 
[I 2025-03-22 10:26:42,562] Trial 88 pruned. 
[I 2025-03-22 10:26:44,300] Trial 89 pruned. 
[I 2025-03-22 10:26:46,126] Trial 90 pruned. 
[I 2025-03-22 10:26:47,119] Trial 91 pruned. 
[I 2025-03-22 10:26:49,178] Trial 92 pruned. 
[I 2025-03-22 10:26:50,141] Trial 93 pruned. 
[I 2025-03-22 10:26:51,349] Trial 94 pruned. 
[I 2025-03-22 10:26:52,256] Trial 95 pruned. 
[I 2025-03-22 10:26:54,021] Trial 96 pruned. 
[I 2025-03-22 10:26:54,930] Trial 97 pruned. 
[I 2025-03-22 10:26:55,316] Trial 68 finished with value: 36.41294990137837 and parameters: {'n_units_l0': 128, 'n_units_l1': 2208, 'n_units_l2': 1888, 'n_units_l3': 2208, 'lr': 0.009012345205312161}. Best is trial 16 with value: 6.00617927845417.
[I 2025-03-22 10:26:56,292] Trial 69 pruned. 
[I 2025-03-22 10:26:56,401] Trial 98 pruned. 
[I 2025-03-22 10:26:57,200] Trial 70 pruned. 
[I 2025-03-22 10:26:57,563] Trial 99 pruned. 
[I 2025-03-22 10:26:57,761] A new study created in memory with name: no-name-df635fcf-78fb-47bd-86f0-23bbd7a988cc
[I 2025-03-22 10:26:58,293] Trial 71 pruned. 
[I 2025-03-22 10:26:59,210] Trial 72 pruned. 
[I 2025-03-22 10:27:00,139] Trial 73 pruned. 
[I 2025-03-22 10:27:00,993] Trial 74 pruned. 
[I 2025-03-22 10:28:27,437] Trial 75 finished with value: 18.751177774347333 and parameters: {'n_units_l0': 32, 'n_units_l1': 1952, 'n_units_l2': 1440, 'n_units_l3': 2912, 'lr': 0.01938263311174152}. Best is trial 16 with value: 6.00617927845417.
[I 2025-03-22 10:28:28,411] Trial 76 pruned. 
[I 2025-03-22 10:28:29,272] Trial 77 pruned. 
[I 2025-03-22 10:28:30,555] Trial 78 pruned. 
[I 2025-03-22 10:28:31,429] Trial 79 pruned. 
[I 2025-03-22 10:28:32,453] Trial 80 pruned. 
[I 2025-03-22 10:28:40,489] Trial 0 finished with value: 124.96801451645631 and parameters: {'n_units_l0': 1216, 'n_units_l1': 2720, 'n_units_l2': 96, 'n_units_l3': 2816, 'n_units_l4': 2208, 'n_units_l5': 3264, 'lr': 0.07225489065473602}. Best is trial 0 with value: 124.96801451645631.
[I 2025-03-22 10:28:50,895] Trial 81 pruned. 
[I 2025-03-22 10:28:51,796] Trial 82 pruned. 
[I 2025-03-22 10:28:52,693] Trial 83 pruned. 
[I 2025-03-22 10:28:56,175] Trial 84 pruned. 
[I 2025-03-22 10:28:57,048] Trial 85 pruned. 
[I 2025-03-22 10:28:58,327] Trial 86 pruned. 
[I 2025-03-22 10:28:59,202] Trial 87 pruned. 
[I 2025-03-22 10:29:00,106] Trial 88 pruned. 
[I 2025-03-22 10:29:01,044] Trial 89 pruned. 
[I 2025-03-22 10:29:02,005] Trial 90 pruned. 
[I 2025-03-22 10:29:02,859] Trial 91 pruned. 
[I 2025-03-22 10:29:03,782] Trial 92 pruned. 
[I 2025-03-22 10:29:04,639] Trial 93 pruned. 
[I 2025-03-22 10:29:05,523] Trial 94 pruned. 
[I 2025-03-22 10:30:17,105] Trial 1 finished with value: 124.97814495932067 and parameters: {'n_units_l0': 704, 'n_units_l1': 3744, 'n_units_l2': 960, 'n_units_l3': 320, 'n_units_l4': 96, 'n_units_l5': 608, 'lr': 0.07851402428332947}. Best is trial 0 with value: 124.96801451645631.
[I 2025-03-22 10:30:31,352] Trial 95 finished with value: 35.447128145999216 and parameters: {'n_units_l0': 128, 'n_units_l1': 1056, 'n_units_l2': 736, 'n_units_l3': 3072, 'lr': 0.015289041205772801}. Best is trial 16 with value: 6.00617927845417.
[I 2025-03-22 10:30:32,236] Trial 96 pruned. 
[I 2025-03-22 10:30:33,076] Trial 97 pruned. 
[I 2025-03-22 10:30:33,982] Trial 98 pruned. 
[I 2025-03-22 10:30:34,846] Trial 99 pruned. 
[I 2025-03-22 10:30:35,038] A new study created in memory with name: no-name-b0658ee2-bc5c-4303-b534-faf0f0fddd46
[I 2025-03-22 10:31:53,121] Trial 2 finished with value: 124.96705624428499 and parameters: {'n_units_l0': 992, 'n_units_l1': 64, 'n_units_l2': 3168, 'n_units_l3': 1920, 'n_units_l4': 640, 'n_units_l5': 1824, 'lr': 0.06508207757208272}. Best is trial 2 with value: 124.96705624428499.
[I 2025-03-22 10:32:43,426] Trial 0 finished with value: 125.19100940327299 and parameters: {'n_units_l0': 2400, 'n_units_l1': 2528, 'n_units_l2': 3296, 'n_units_l3': 832, 'n_units_l4': 3008, 'n_units_l5': 192, 'n_units_l6': 896, 'lr': 0.03845447441921077}. Best is trial 0 with value: 125.19100940327299.
[I 2025-03-22 10:34:52,511] Trial 3 finished with value: 124.97875351225689 and parameters: {'n_units_l0': 1952, 'n_units_l1': 864, 'n_units_l2': 4096, 'n_units_l3': 2176, 'n_units_l4': 3424, 'n_units_l5': 3072, 'lr': 0.07071147073408744}. Best is trial 2 with value: 124.96705624428499.
[I 2025-03-22 10:35:41,052] Trial 1 finished with value: 125.21006603654509 and parameters: {'n_units_l0': 1376, 'n_units_l1': 288, 'n_units_l2': 3232, 'n_units_l3': 3296, 'n_units_l4': 2528, 'n_units_l5': 2048, 'n_units_l6': 2816, 'lr': 0.026142549252126546}. Best is trial 0 with value: 125.19100940327299.
[I 2025-03-22 10:37:33,531] Trial 2 finished with value: 125.20361325546564 and parameters: {'n_units_l0': 96, 'n_units_l1': 3584, 'n_units_l2': 3072, 'n_units_l3': 1184, 'n_units_l4': 1728, 'n_units_l5': 352, 'n_units_l6': 2080, 'lr': 0.09187006044029106}. Best is trial 0 with value: 125.19100940327299.
[I 2025-03-22 10:37:59,777] Trial 4 finished with value: 124.955471400169 and parameters: {'n_units_l0': 2688, 'n_units_l1': 1792, 'n_units_l2': 3232, 'n_units_l3': 3424, 'n_units_l4': 1952, 'n_units_l5': 2944, 'lr': 0.02338182333001853}. Best is trial 4 with value: 124.955471400169.
[I 2025-03-22 10:38:01,656] Trial 5 pruned. 
[I 2025-03-22 10:38:03,163] Trial 6 pruned. 
[I 2025-03-22 10:39:38,970] Trial 7 finished with value: 124.95570530245972 and parameters: {'n_units_l0': 1696, 'n_units_l1': 96, 'n_units_l2': 992, 'n_units_l3': 1568, 'n_units_l4': 1056, 'n_units_l5': 544, 'lr': 0.011510250793447467}. Best is trial 4 with value: 124.955471400169.
[I 2025-03-22 10:39:44,802] Trial 3 finished with value: 125.19387616106111 and parameters: {'n_units_l0': 2048, 'n_units_l1': 192, 'n_units_l2': 1376, 'n_units_l3': 2464, 'n_units_l4': 2624, 'n_units_l5': 1632, 'n_units_l6': 4064, 'lr': 0.07049514663280988}. Best is trial 0 with value: 125.19100940327299.
[I 2025-03-22 10:41:44,352] Trial 4 finished with value: 125.19949086903844 and parameters: {'n_units_l0': 192, 'n_units_l1': 2176, 'n_units_l2': 2144, 'n_units_l3': 2944, 'n_units_l4': 768, 'n_units_l5': 1760, 'n_units_l6': 2464, 'lr': 0.04120665663170475}. Best is trial 0 with value: 125.19100940327299.
[I 2025-03-22 10:41:45,381] Trial 5 pruned. 
[I 2025-03-22 10:41:46,407] Trial 6 pruned. 
[I 2025-03-22 10:41:48,909] Trial 7 pruned. 
[I 2025-03-22 10:41:51,993] Trial 8 pruned. 
[I 2025-03-22 10:42:17,439] Trial 9 pruned. 
[I 2025-03-22 10:42:18,997] Trial 10 pruned. 
[I 2025-03-22 10:43:32,681] Trial 8 finished with value: 124.95578424974552 and parameters: {'n_units_l0': 3968, 'n_units_l1': 4096, 'n_units_l2': 3040, 'n_units_l3': 3264, 'n_units_l4': 1408, 'n_units_l5': 576, 'lr': 0.011108518301562552}. Best is trial 4 with value: 124.955471400169.
[I 2025-03-22 10:43:34,342] Trial 9 pruned. 
[I 2025-03-22 10:43:37,715] Trial 10 pruned. 
[I 2025-03-22 10:44:32,866] Trial 11 finished with value: 125.20183548594838 and parameters: {'n_units_l0': 2688, 'n_units_l1': 2144, 'n_units_l2': 960, 'n_units_l3': 2464, 'n_units_l4': 3008, 'n_units_l5': 1152, 'n_units_l6': 960, 'lr': 0.07695643954629262}. Best is trial 0 with value: 125.19100940327299.
[I 2025-03-22 10:44:34,836] Trial 12 pruned. 
[I 2025-03-22 10:44:38,067] Trial 13 pruned. 
[I 2025-03-22 10:44:39,399] Trial 14 pruned. 
[I 2025-03-22 10:44:40,575] Trial 15 pruned. 
[I 2025-03-22 10:45:12,875] Trial 11 finished with value: 7.06518876493736 and parameters: {'n_units_l0': 96, 'n_units_l1': 1568, 'n_units_l2': 1152, 'n_units_l3': 1184, 'n_units_l4': 1440, 'n_units_l5': 1920, 'lr': 0.0034082229743289325}. Best is trial 11 with value: 7.06518876493736.
[I 2025-03-22 10:46:47,738] Trial 12 finished with value: 26.082572364757574 and parameters: {'n_units_l0': 256, 'n_units_l1': 1536, 'n_units_l2': 1280, 'n_units_l3': 1120, 'n_units_l4': 1536, 'n_units_l5': 1984, 'lr': 0.0014352275792506057}. Best is trial 11 with value: 7.06518876493736.
[I 2025-03-22 10:47:05,409] Trial 16 finished with value: 125.21238361835256 and parameters: {'n_units_l0': 2688, 'n_units_l1': 1760, 'n_units_l2': 1536, 'n_units_l3': 2624, 'n_units_l4': 2592, 'n_units_l5': 1568, 'n_units_l6': 1408, 'lr': 0.04224705017459654}. Best is trial 0 with value: 125.19100940327299.
[I 2025-03-22 10:48:22,798] Trial 13 finished with value: 6.7103848340388055 and parameters: {'n_units_l0': 160, 'n_units_l1': 1248, 'n_units_l2': 1248, 'n_units_l3': 736, 'n_units_l4': 1568, 'n_units_l5': 1856, 'lr': 0.0011876709872691187}. Best is trial 13 with value: 6.7103848340388055.
[I 2025-03-22 10:48:23,767] Trial 14 pruned. 
[I 2025-03-22 10:49:37,015] Trial 17 finished with value: 125.20818964025442 and parameters: {'n_units_l0': 3456, 'n_units_l1': 2560, 'n_units_l2': 2592, 'n_units_l3': 1568, 'n_units_l4': 3360, 'n_units_l5': 96, 'n_units_l6': 2784, 'lr': 0.08271286981466275}. Best is trial 0 with value: 125.19100940327299.
[I 2025-03-22 10:49:38,120] Trial 18 pruned. 
[I 2025-03-22 10:49:57,667] Trial 15 finished with value: 10.029622976957715 and parameters: {'n_units_l0': 576, 'n_units_l1': 1056, 'n_units_l2': 288, 'n_units_l3': 928, 'n_units_l4': 1600, 'n_units_l5': 1344, 'lr': 0.0011100668291030248}. Best is trial 13 with value: 6.7103848340388055.
[I 2025-03-22 10:49:58,596] Trial 16 pruned. 
[I 2025-03-22 10:49:59,575] Trial 17 pruned. 
[I 2025-03-22 10:51:33,426] Trial 18 finished with value: 124.99279024714339 and parameters: {'n_units_l0': 1120, 'n_units_l1': 640, 'n_units_l2': 1792, 'n_units_l3': 672, 'n_units_l4': 160, 'n_units_l5': 2432, 'lr': 0.03901511439275761}. Best is trial 13 with value: 6.7103848340388055.
[I 2025-03-22 10:53:08,796] Trial 19 finished with value: 8.562714467305089 and parameters: {'n_units_l0': 2144, 'n_units_l1': 2944, 'n_units_l2': 672, 'n_units_l3': 32, 'n_units_l4': 1280, 'n_units_l5': 992, 'lr': 0.0018866777435666434}. Best is trial 13 with value: 6.7103848340388055.
[I 2025-03-22 10:53:09,758] Trial 20 pruned. 
[I 2025-03-22 10:53:11,807] Trial 21 pruned. 
[I 2025-03-22 10:53:12,813] Trial 22 pruned. 
[I 2025-03-22 10:53:13,799] Trial 23 pruned. 
[I 2025-03-22 10:53:17,725] Trial 24 pruned. 
[I 2025-03-22 10:53:18,674] Trial 25 pruned. 
[I 2025-03-22 10:54:00,976] Trial 19 finished with value: 125.36445083979144 and parameters: {'n_units_l0': 2368, 'n_units_l1': 864, 'n_units_l2': 3712, 'n_units_l3': 3904, 'n_units_l4': 3616, 'n_units_l5': 2336, 'n_units_l6': 3040, 'lr': 0.032009517377054354}. Best is trial 0 with value: 125.19100940327299.
[I 2025-03-22 10:54:02,137] Trial 20 pruned. 
[I 2025-03-22 10:54:54,617] Trial 26 finished with value: 12.468610647889848 and parameters: {'n_units_l0': 1888, 'n_units_l1': 1152, 'n_units_l2': 800, 'n_units_l3': 448, 'n_units_l4': 1344, 'n_units_l5': 64, 'lr': 0.003799127013968593}. Best is trial 13 with value: 6.7103848340388055.
[I 2025-03-22 10:55:56,671] Trial 21 finished with value: 125.22526799250906 and parameters: {'n_units_l0': 608, 'n_units_l1': 2304, 'n_units_l2': 2304, 'n_units_l3': 2944, 'n_units_l4': 192, 'n_units_l5': 1824, 'n_units_l6': 2144, 'lr': 0.04596433414983433}. Best is trial 0 with value: 125.19100940327299.
[I 2025-03-22 10:55:58,358] Trial 22 pruned. 
[I 2025-03-22 10:56:00,330] Trial 23 pruned. 
[I 2025-03-22 10:56:03,254] Trial 24 pruned. 
[I 2025-03-22 10:56:04,495] Trial 25 pruned. 
[I 2025-03-22 10:56:30,258] Trial 27 finished with value: 39.57317434515573 and parameters: {'n_units_l0': 1504, 'n_units_l1': 1920, 'n_units_l2': 320, 'n_units_l3': 832, 'n_units_l4': 864, 'n_units_l5': 1632, 'lr': 0.012396356588766711}. Best is trial 13 with value: 6.7103848340388055.
[I 2025-03-22 10:56:31,262] Trial 28 pruned. 
[I 2025-03-22 10:56:32,195] Trial 29 pruned. 
[I 2025-03-22 10:56:33,176] Trial 30 pruned. 
