[I 2025-03-21 23:37:20,966] Trial 2 finished with value: 124.0323008355174 and parameters: {'n_units_l0': 416, 'n_units_l1': 3360, 'n_units_l2': 1120, 'n_units_l3': 1088, 'n_units_l4': 3168, 'lr': 0.08596926072323698}. Best is trial 1 with value: 92.32815075508134.
[I 2025-03-21 23:37:20,991] Trial 48 finished with value: 43.32373249061853 and parameters: {'n_units_l0': 288, 'n_units_l1': 768, 'n_units_l2': 704, 'n_units_l3': 3200, 'lr': 0.027568411964750312}. Best is trial 15 with value: 39.39758622226755.
[I 2025-03-21 23:37:21,081] Trial 49 pruned. 
[I 2025-03-21 23:37:21,167] Trial 50 pruned. 
[I 2025-03-21 23:37:21,307] Trial 51 pruned. 
[I 2025-03-21 23:37:21,588] Trial 52 pruned. 
[I 2025-03-21 23:37:21,644] Trial 53 pruned. 
[I 2025-03-21 23:37:21,750] Trial 54 pruned. 
[I 2025-03-21 23:37:21,821] Trial 55 pruned. 
[I 2025-03-21 23:37:21,880] Trial 56 pruned. 
[I 2025-03-21 23:37:22,198] Trial 57 pruned. 
[I 2025-03-21 23:37:22,307] Trial 58 pruned. 
[I 2025-03-21 23:37:22,716] Trial 59 pruned. 
[I 2025-03-21 23:37:22,795] Trial 60 pruned. 
[I 2025-03-21 23:37:23,209] Trial 61 pruned. 
[I 2025-03-21 23:37:23,323] Trial 3 finished with value: 123.64116828495472 and parameters: {'n_units_l0': 2912, 'n_units_l1': 800, 'n_units_l2': 2048, 'n_units_l3': 1568, 'n_units_l4': 2112, 'lr': 0.03896912347616249}. Best is trial 1 with value: 92.32815075508134.
[I 2025-03-21 23:37:25,466] Trial 62 finished with value: 42.766723435364405 and parameters: {'n_units_l0': 32, 'n_units_l1': 3776, 'n_units_l2': 672, 'n_units_l3': 3904, 'lr': 0.008863953124923954}. Best is trial 15 with value: 39.39758622226755.
[I 2025-03-21 23:37:25,540] Trial 63 pruned. 
[I 2025-03-21 23:37:25,593] Trial 64 pruned. 
[I 2025-03-21 23:37:25,657] Trial 4 finished with value: 134.16373203912065 and parameters: {'n_units_l0': 480, 'n_units_l1': 1280, 'n_units_l2': 928, 'n_units_l3': 2752, 'n_units_l4': 1824, 'lr': 0.09178890026447094}. Best is trial 1 with value: 92.32815075508134.
[I 2025-03-21 23:37:25,714] Trial 5 pruned. 
[I 2025-03-21 23:37:25,774] Trial 6 pruned. 
[I 2025-03-21 23:37:25,846] Trial 7 pruned. 
[I 2025-03-21 23:37:25,911] Trial 8 pruned. 
[I 2025-03-21 23:37:25,935] Trial 65 pruned. 
[I 2025-03-21 23:37:26,011] Trial 66 pruned. 
[I 2025-03-21 23:37:26,184] Trial 67 pruned. 
[I 2025-03-21 23:37:26,266] Trial 68 pruned. 
[I 2025-03-21 23:37:26,378] Trial 69 pruned. 
[I 2025-03-21 23:37:26,555] Trial 9 pruned. 
[I 2025-03-21 23:37:26,675] Trial 70 pruned. 
[I 2025-03-21 23:37:28,924] Trial 71 finished with value: 45.86333783072715 and parameters: {'n_units_l0': 64, 'n_units_l1': 3616, 'n_units_l2': 352, 'n_units_l3': 3712, 'lr': 0.008961364487771876}. Best is trial 15 with value: 39.39758622226755.
[I 2025-03-21 23:37:29,215] Trial 72 pruned. 
[I 2025-03-21 23:37:29,308] Trial 73 pruned. 
[I 2025-03-21 23:37:29,375] Trial 74 pruned. 
[I 2025-03-21 23:37:29,590] Trial 75 pruned. 
[I 2025-03-21 23:37:29,651] Trial 76 pruned. 
[I 2025-03-21 23:37:29,734] Trial 77 pruned. 
[I 2025-03-21 23:37:29,824] Trial 78 pruned. 
[I 2025-03-21 23:37:30,171] Trial 79 pruned. 
[I 2025-03-21 23:37:30,270] Trial 80 pruned. 
[I 2025-03-21 23:37:30,402] Trial 81 pruned. 
[I 2025-03-21 23:37:30,698] Trial 82 pruned. 
[I 2025-03-21 23:37:30,790] Trial 83 pruned. 
[I 2025-03-21 23:37:30,802] Trial 10 finished with value: 72.10997067241942 and parameters: {'n_units_l0': 3904, 'n_units_l1': 2656, 'n_units_l2': 2912, 'n_units_l3': 2528, 'n_units_l4': 1120, 'lr': 0.008278549373911419}. Best is trial 10 with value: 72.10997067241942.
[I 2025-03-21 23:37:30,891] Trial 84 pruned. 
[I 2025-03-21 23:37:31,161] Trial 85 pruned. 
[I 2025-03-21 23:37:31,215] Trial 86 pruned. 
[I 2025-03-21 23:37:31,280] Trial 87 pruned. 
[I 2025-03-21 23:37:31,608] Trial 88 pruned. 
[I 2025-03-21 23:37:31,914] Trial 89 pruned. 
[I 2025-03-21 23:37:31,971] Trial 90 pruned. 
[I 2025-03-21 23:37:34,214] Trial 91 finished with value: 41.59624058662241 and parameters: {'n_units_l0': 96, 'n_units_l1': 3616, 'n_units_l2': 416, 'n_units_l3': 3744, 'lr': 0.009629362761088863}. Best is trial 15 with value: 39.39758622226755.
[I 2025-03-21 23:37:34,433] Trial 92 pruned. 
[I 2025-03-21 23:37:34,727] Trial 93 pruned. 
[I 2025-03-21 23:37:35,026] Trial 94 pruned. 
[I 2025-03-21 23:37:35,079] Trial 95 pruned. 
[I 2025-03-21 23:37:35,082] Trial 11 finished with value: 95.00935490665005 and parameters: {'n_units_l0': 4032, 'n_units_l1': 2528, 'n_units_l2': 2880, 'n_units_l3': 2496, 'n_units_l4': 1184, 'lr': 0.002157523178473779}. Best is trial 10 with value: 72.10997067241942.
[I 2025-03-21 23:37:35,181] Trial 96 pruned. 
[I 2025-03-21 23:37:35,278] Trial 97 pruned. 
[I 2025-03-21 23:37:35,283] Trial 12 pruned. 
[I 2025-03-21 23:37:35,395] Trial 13 pruned. 
[I 2025-03-21 23:37:35,579] Trial 14 pruned. 
[I 2025-03-21 23:37:35,724] Trial 98 pruned. 
[I 2025-03-21 23:37:35,795] Trial 99 pruned. 
[I 2025-03-21 23:37:35,806] A new study created in memory with name: no-name-4a8ac979-8393-4dd7-b018-0d55482d1991
[I 2025-03-21 23:37:37,940] Trial 15 finished with value: 87.99555474189273 and parameters: {'n_units_l0': 1984, 'n_units_l1': 32, 'n_units_l2': 2400, 'n_units_l3': 448, 'n_units_l4': 672, 'lr': 0.000534314995575623}. Best is trial 10 with value: 72.10997067241942.
[I 2025-03-21 23:37:38,120] Trial 16 pruned. 
[I 2025-03-21 23:37:38,300] Trial 0 finished with value: 123.79096630922298 and parameters: {'n_units_l0': 224, 'n_units_l1': 64, 'n_units_l2': 3552, 'n_units_l3': 64, 'n_units_l4': 2304, 'n_units_l5': 1088, 'lr': 0.03917438005226469}. Best is trial 0 with value: 123.79096630922298.
[I 2025-03-21 23:37:40,393] Trial 17 finished with value: 81.00178051582353 and parameters: {'n_units_l0': 1504, 'n_units_l1': 1920, 'n_units_l2': 1792, 'n_units_l3': 608, 'n_units_l4': 576, 'lr': 0.01627591924202725}. Best is trial 10 with value: 72.10997067241942.
[I 2025-03-21 23:37:40,865] Trial 18 pruned. 
[I 2025-03-21 23:37:41,037] Trial 19 pruned. 
[I 2025-03-21 23:37:41,342] Trial 1 finished with value: 123.8007618383034 and parameters: {'n_units_l0': 3776, 'n_units_l1': 1120, 'n_units_l2': 2144, 'n_units_l3': 352, 'n_units_l4': 3072, 'n_units_l5': 3648, 'lr': 0.07519983397869899}. Best is trial 0 with value: 123.79096630922298.
[I 2025-03-21 23:37:43,408] Trial 20 finished with value: 103.33990700974357 and parameters: {'n_units_l0': 2560, 'n_units_l1': 1536, 'n_units_l2': 128, 'n_units_l3': 704, 'n_units_l4': 736, 'lr': 0.027665928056415684}. Best is trial 10 with value: 72.10997067241942.
[I 2025-03-21 23:37:43,930] Trial 2 finished with value: 107.79001497878242 and parameters: {'n_units_l0': 3072, 'n_units_l1': 3264, 'n_units_l2': 160, 'n_units_l3': 3136, 'n_units_l4': 1184, 'n_units_l5': 800, 'lr': 0.09731009227576648}. Best is trial 2 with value: 107.79001497878242.
[I 2025-03-21 23:37:45,648] Trial 21 finished with value: 75.06846903775507 and parameters: {'n_units_l0': 1696, 'n_units_l1': 64, 'n_units_l2': 2496, 'n_units_l3': 448, 'n_units_l4': 672, 'lr': 0.000320993295011129}. Best is trial 10 with value: 72.10997067241942.
[I 2025-03-21 23:37:46,437] Trial 3 finished with value: 123.80381542087831 and parameters: {'n_units_l0': 2752, 'n_units_l1': 1504, 'n_units_l2': 800, 'n_units_l3': 1472, 'n_units_l4': 640, 'n_units_l5': 3296, 'lr': 0.05473140408968328}. Best is trial 2 with value: 107.79001497878242.
[I 2025-03-21 23:37:48,044] Trial 22 finished with value: 92.78635050873493 and parameters: {'n_units_l0': 1504, 'n_units_l1': 2880, 'n_units_l2': 1664, 'n_units_l3': 480, 'n_units_l4': 576, 'lr': 0.0054857232418934095}. Best is trial 10 with value: 72.10997067241942.
[I 2025-03-21 23:37:48,724] Trial 23 pruned. 
[I 2025-03-21 23:37:48,802] Trial 24 pruned. 
[I 2025-03-21 23:37:48,961] Trial 25 pruned. 
[I 2025-03-21 23:37:49,025] Trial 4 finished with value: 91.42288777459528 and parameters: {'n_units_l0': 3328, 'n_units_l1': 2688, 'n_units_l2': 640, 'n_units_l3': 2400, 'n_units_l4': 1568, 'n_units_l5': 736, 'lr': 0.010917269493408353}. Best is trial 4 with value: 91.42288777459528.
[I 2025-03-21 23:37:49,227] Trial 26 pruned. 
[I 2025-03-21 23:37:49,357] Trial 27 pruned. 
[I 2025-03-21 23:37:49,463] Trial 28 pruned. 
[I 2025-03-21 23:37:49,522] Trial 5 pruned. 
[I 2025-03-21 23:37:49,591] Trial 29 pruned. 
[I 2025-03-21 23:37:49,707] Trial 6 pruned. 
[I 2025-03-21 23:37:49,745] Trial 30 pruned. 
[I 2025-03-21 23:37:49,808] Trial 7 pruned. 
[I 2025-03-21 23:37:49,992] Trial 8 pruned. 
[I 2025-03-21 23:37:50,247] Trial 9 pruned. 
[I 2025-03-21 23:37:52,091] Trial 31 finished with value: 71.63627543047957 and parameters: {'n_units_l0': 2016, 'n_units_l1': 64, 'n_units_l2': 2368, 'n_units_l3': 416, 'n_units_l4': 608, 'lr': 0.00039740819676193555}. Best is trial 31 with value: 71.63627543047957.
[I 2025-03-21 23:37:53,998] Trial 10 finished with value: 91.87050498097213 and parameters: {'n_units_l0': 1632, 'n_units_l1': 2016, 'n_units_l2': 1984, 'n_units_l3': 4096, 'n_units_l4': 1408, 'n_units_l5': 1856, 'lr': 0.00227985785507423}. Best is trial 4 with value: 91.42288777459528.
[I 2025-03-21 23:37:54,351] Trial 32 finished with value: 75.17054613806629 and parameters: {'n_units_l0': 2080, 'n_units_l1': 256, 'n_units_l2': 2272, 'n_units_l3': 672, 'n_units_l4': 832, 'lr': 0.0005356624644224688}. Best is trial 31 with value: 71.63627543047957.
[I 2025-03-21 23:37:57,269] Trial 33 finished with value: 91.46175133863758 and parameters: {'n_units_l0': 2208, 'n_units_l1': 320, 'n_units_l2': 3264, 'n_units_l3': 4064, 'n_units_l4': 896, 'lr': 0.0006366544028414897}. Best is trial 31 with value: 71.63627543047957.
[I 2025-03-21 23:37:57,334] Trial 34 pruned. 
[I 2025-03-21 23:37:57,429] Trial 35 pruned. 
[I 2025-03-21 23:37:57,905] Trial 11 finished with value: 92.1736513118154 and parameters: {'n_units_l0': 1792, 'n_units_l1': 2112, 'n_units_l2': 2080, 'n_units_l3': 4064, 'n_units_l4': 1536, 'n_units_l5': 1824, 'lr': 0.002540255506360649}. Best is trial 4 with value: 91.42288777459528.
[I 2025-03-21 23:37:58,112] Trial 12 pruned. 
[I 2025-03-21 23:37:58,150] Trial 36 pruned. 
[I 2025-03-21 23:37:58,270] Trial 13 pruned. 
[I 2025-03-21 23:37:58,271] Trial 37 pruned. 
[I 2025-03-21 23:37:58,395] Trial 38 pruned. 
[I 2025-03-21 23:37:58,483] Trial 39 pruned. 
[I 2025-03-21 23:37:58,593] Trial 40 pruned. 
[I 2025-03-21 23:37:58,710] Trial 41 pruned. 
[I 2025-03-21 23:37:58,848] Trial 42 pruned. 
[I 2025-03-21 23:37:58,923] Trial 43 pruned. 
[I 2025-03-21 23:37:59,076] Trial 44 pruned. 
[I 2025-03-21 23:37:59,230] Trial 45 pruned. 
[I 2025-03-21 23:37:59,319] Trial 46 pruned. 
[I 2025-03-21 23:37:59,404] Trial 47 pruned. 
[I 2025-03-21 23:37:59,616] Trial 48 pruned. 
[I 2025-03-21 23:37:59,726] Trial 49 pruned. 
[I 2025-03-21 23:37:59,846] Trial 50 pruned. 
[I 2025-03-21 23:38:00,132] Trial 51 pruned. 
[I 2025-03-21 23:38:00,216] Trial 52 pruned. 
[I 2025-03-21 23:38:00,313] Trial 53 pruned. 
[I 2025-03-21 23:38:01,053] Trial 14 finished with value: 93.34464707522048 and parameters: {'n_units_l0': 2208, 'n_units_l1': 1696, 'n_units_l2': 1376, 'n_units_l3': 2656, 'n_units_l4': 2976, 'n_units_l5': 96, 'lr': 0.002837736089891095}. Best is trial 4 with value: 91.42288777459528.
[I 2025-03-21 23:38:01,175] Trial 15 pruned. 
[I 2025-03-21 23:38:01,499] Trial 16 pruned. 
[I 2025-03-21 23:38:02,584] Trial 54 finished with value: 45.715456678637246 and parameters: {'n_units_l0': 1184, 'n_units_l1': 256, 'n_units_l2': 2176, 'n_units_l3': 544, 'n_units_l4': 4096, 'lr': 0.003680551042490597}. Best is trial 54 with value: 45.715456678637246.
[I 2025-03-21 23:38:02,684] Trial 55 pruned. 
[I 2025-03-21 23:38:05,122] Trial 56 finished with value: 129.89325154831278 and parameters: {'n_units_l0': 416, 'n_units_l1': 704, 'n_units_l2': 2656, 'n_units_l3': 2176, 'n_units_l4': 3008, 'lr': 0.003711897081046799}. Best is trial 54 with value: 45.715456678637246.
[I 2025-03-21 23:38:05,197] Trial 57 pruned. 
[I 2025-03-21 23:38:05,217] Trial 17 finished with value: 40.80398799463646 and parameters: {'n_units_l0': 2176, 'n_units_l1': 1792, 'n_units_l2': 1056, 'n_units_l3': 3648, 'n_units_l4': 2752, 'n_units_l5': 1376, 'lr': 0.0017820544809069544}. Best is trial 17 with value: 40.80398799463646.
[I 2025-03-21 23:38:05,292] Trial 58 pruned. 
[I 2025-03-21 23:38:05,339] Trial 18 pruned. 
[I 2025-03-21 23:38:05,372] Trial 59 pruned. 
[I 2025-03-21 23:38:05,472] Trial 19 pruned. 
[I 2025-03-21 23:38:05,561] Trial 60 pruned. 
[I 2025-03-21 23:38:05,648] Trial 20 pruned. 
[I 2025-03-21 23:38:05,752] Trial 61 pruned. 
[I 2025-03-21 23:38:06,306] Trial 62 pruned. 
[I 2025-03-21 23:38:06,374] Trial 63 pruned. 
[I 2025-03-21 23:38:06,436] Trial 64 pruned. 
[I 2025-03-21 23:38:06,632] Trial 65 pruned. 
[I 2025-03-21 23:38:06,694] Trial 66 pruned. 
[I 2025-03-21 23:38:06,774] Trial 67 pruned. 
[I 2025-03-21 23:38:06,864] Trial 68 pruned. 
[I 2025-03-21 23:38:07,451] Trial 69 pruned. 
[I 2025-03-21 23:38:07,546] Trial 70 pruned. 
[I 2025-03-21 23:38:10,242] Trial 71 finished with value: 94.4616593785844 and parameters: {'n_units_l0': 2464, 'n_units_l1': 320, 'n_units_l2': 3360, 'n_units_l3': 3648, 'n_units_l4': 896, 'lr': 0.0003594250850410747}. Best is trial 54 with value: 45.715456678637246.
[I 2025-03-21 23:38:10,287] Trial 21 finished with value: 84.36506958007813 and parameters: {'n_units_l0': 1568, 'n_units_l1': 1888, 'n_units_l2': 1696, 'n_units_l3': 3712, 'n_units_l4': 3328, 'n_units_l5': 1664, 'lr': 0.0006735146526448618}. Best is trial 17 with value: 40.80398799463646.
[I 2025-03-21 23:38:10,364] Trial 72 pruned. 
[I 2025-03-21 23:38:10,446] Trial 73 pruned. 
[I 2025-03-21 23:38:10,553] Trial 22 pruned. 
[I 2025-03-21 23:38:10,559] Trial 74 pruned. 
[I 2025-03-21 23:38:10,868] Trial 75 pruned. 
[I 2025-03-21 23:38:10,935] Trial 76 pruned. 
[I 2025-03-21 23:38:11,103] Trial 77 pruned. 
[I 2025-03-21 23:38:11,183] Trial 78 pruned. 
[I 2025-03-21 23:38:11,926] Trial 79 pruned. 
[I 2025-03-21 23:38:12,046] Trial 80 pruned. 
[I 2025-03-21 23:38:12,225] Trial 81 pruned. 
[I 2025-03-21 23:38:12,408] Trial 82 pruned. 
[I 2025-03-21 23:38:12,553] Trial 83 pruned. 
[I 2025-03-21 23:38:12,617] Trial 84 pruned. 
[I 2025-03-21 23:38:12,746] Trial 85 pruned. 
[I 2025-03-21 23:38:12,889] Trial 86 pruned. 
[I 2025-03-21 23:38:13,087] Trial 87 pruned. 
[I 2025-03-21 23:38:13,199] Trial 88 pruned. 
[I 2025-03-21 23:38:14,800] Trial 23 finished with value: 90.63801793363905 and parameters: {'n_units_l0': 2208, 'n_units_l1': 1792, 'n_units_l2': 416, 'n_units_l3': 3680, 'n_units_l4': 3392, 'n_units_l5': 2400, 'lr': 0.00017156883032332787}. Best is trial 17 with value: 40.80398799463646.
[I 2025-03-21 23:38:15,031] Trial 24 pruned. 
[I 2025-03-21 23:38:15,232] Trial 25 pruned. 
[I 2025-03-21 23:38:15,579] Trial 89 finished with value: 50.37315773621232 and parameters: {'n_units_l0': 32, 'n_units_l1': 800, 'n_units_l2': 2464, 'n_units_l3': 1440, 'n_units_l4': 832, 'lr': 0.0046930080842463705}. Best is trial 54 with value: 45.715456678637246.
[I 2025-03-21 23:38:15,657] Trial 90 pruned. 
[I 2025-03-21 23:38:17,940] Trial 91 finished with value: 49.35463111454457 and parameters: {'n_units_l0': 128, 'n_units_l1': 128, 'n_units_l2': 2688, 'n_units_l3': 2048, 'n_units_l4': 704, 'lr': 0.0026843118379978304}. Best is trial 54 with value: 45.715456678637246.
[I 2025-03-21 23:38:19,658] Trial 26 finished with value: 85.64948013148357 and parameters: {'n_units_l0': 896, 'n_units_l1': 1856, 'n_units_l2': 1056, 'n_units_l3': 3680, 'n_units_l4': 3456, 'n_units_l5': 2240, 'lr': 0.0005090568360923252}. Best is trial 17 with value: 40.80398799463646.
[I 2025-03-21 23:38:19,820] Trial 27 pruned. 
[I 2025-03-21 23:38:19,992] Trial 28 pruned. 
[I 2025-03-21 23:38:20,147] Trial 29 pruned. 
[I 2025-03-21 23:38:20,282] Trial 30 pruned. 
[I 2025-03-21 23:38:20,323] Trial 92 finished with value: 38.5149756084967 and parameters: {'n_units_l0': 64, 'n_units_l1': 96, 'n_units_l2': 2400, 'n_units_l3': 1984, 'n_units_l4': 544, 'lr': 0.002348914398259766}. Best is trial 92 with value: 38.5149756084967.
[I 2025-03-21 23:38:20,452] Trial 93 pruned. 
[I 2025-03-21 23:38:20,532] Trial 94 pruned. 
[I 2025-03-21 23:38:20,613] Trial 95 pruned. 
[I 2025-03-21 23:38:20,751] Trial 96 pruned. 
[I 2025-03-21 23:38:21,217] Trial 97 pruned. 
[I 2025-03-21 23:38:21,304] Trial 98 pruned. 
[I 2025-03-21 23:38:21,384] Trial 99 pruned. 
[I 2025-03-21 23:38:21,395] A new study created in memory with name: no-name-66172a6f-7552-4241-b08c-97ae740e296b
[I 2025-03-21 23:38:24,985] Trial 31 finished with value: 89.85374714959528 and parameters: {'n_units_l0': 2304, 'n_units_l1': 1856, 'n_units_l2': 928, 'n_units_l3': 3616, 'n_units_l4': 3360, 'n_units_l5': 2784, 'lr': 0.000624317546403193}. Best is trial 17 with value: 40.80398799463646.
[I 2025-03-21 23:38:25,184] Trial 32 pruned. 
[I 2025-03-21 23:38:25,429] Trial 33 pruned. 
[I 2025-03-21 23:38:25,600] Trial 34 pruned. 
[I 2025-03-21 23:38:25,757] Trial 35 pruned. 
[I 2025-03-21 23:38:26,019] Trial 36 pruned. 
[I 2025-03-21 23:38:26,415] Trial 0 finished with value: 140.04922595014318 and parameters: {'n_units_l0': 2528, 'n_units_l1': 2752, 'n_units_l2': 1440, 'n_units_l3': 3936, 'n_units_l4': 1760, 'n_units_l5': 3680, 'n_units_l6': 768, 'lr': 0.04196994656086972}. Best is trial 0 with value: 140.04922595014318.
[I 2025-03-21 23:38:29,305] Trial 1 finished with value: 40.45575902887928 and parameters: {'n_units_l0': 1728, 'n_units_l1': 3488, 'n_units_l2': 64, 'n_units_l3': 1888, 'n_units_l4': 3168, 'n_units_l5': 1696, 'n_units_l6': 160, 'lr': 0.006558465169586976}. Best is trial 1 with value: 40.45575902887928.
[I 2025-03-21 23:38:30,260] Trial 37 finished with value: 96.32853497377376 and parameters: {'n_units_l0': 448, 'n_units_l1': 2976, 'n_units_l2': 1472, 'n_units_l3': 3040, 'n_units_l4': 3104, 'n_units_l5': 2144, 'lr': 9.905072003490198e-05}. Best is trial 17 with value: 40.80398799463646.
[I 2025-03-21 23:38:30,366] Trial 38 pruned. 
[I 2025-03-21 23:38:30,473] Trial 39 pruned. 
[I 2025-03-21 23:38:30,637] Trial 40 pruned. 
[I 2025-03-21 23:38:33,239] Trial 2 finished with value: 142.73510569860312 and parameters: {'n_units_l0': 352, 'n_units_l1': 4032, 'n_units_l2': 2912, 'n_units_l3': 3232, 'n_units_l4': 384, 'n_units_l5': 448, 'n_units_l6': 672, 'lr': 0.02205412295626492}. Best is trial 1 with value: 40.45575902887928.
[I 2025-03-21 23:38:34,681] Trial 41 finished with value: 46.09606869097838 and parameters: {'n_units_l0': 2208, 'n_units_l1': 1760, 'n_units_l2': 352, 'n_units_l3': 3712, 'n_units_l4': 3360, 'n_units_l5': 2400, 'lr': 0.0007899658961068458}. Best is trial 17 with value: 40.80398799463646.
[I 2025-03-21 23:38:34,841] Trial 42 pruned. 
[I 2025-03-21 23:38:35,085] Trial 43 pruned. 
[I 2025-03-21 23:38:35,284] Trial 44 pruned. 
[I 2025-03-21 23:38:35,476] Trial 45 pruned. 
[I 2025-03-21 23:38:35,614] Trial 46 pruned. 
[I 2025-03-21 23:38:36,948] Trial 3 finished with value: 124.80513114850869 and parameters: {'n_units_l0': 3296, 'n_units_l1': 2720, 'n_units_l2': 2080, 'n_units_l3': 2560, 'n_units_l4': 128, 'n_units_l5': 2304, 'n_units_l6': 1440, 'lr': 0.06107484285559586}. Best is trial 1 with value: 40.45575902887928.
[I 2025-03-21 23:38:39,765] Trial 47 finished with value: 88.07194245328608 and parameters: {'n_units_l0': 1056, 'n_units_l1': 1120, 'n_units_l2': 1248, 'n_units_l3': 3904, 'n_units_l4': 2496, 'n_units_l5': 3392, 'lr': 0.0001701364660764617}. Best is trial 17 with value: 40.80398799463646.
[I 2025-03-21 23:38:39,947] Trial 48 pruned. 
[I 2025-03-21 23:38:40,164] Trial 49 pruned. 
[I 2025-03-21 23:38:40,274] Trial 50 pruned. 
[I 2025-03-21 23:38:40,474] Trial 51 pruned. 
[I 2025-03-21 23:38:40,714] Trial 52 pruned. 
[I 2025-03-21 23:38:42,350] Trial 4 finished with value: 138.2211686903936 and parameters: {'n_units_l0': 1408, 'n_units_l1': 3104, 'n_units_l2': 3968, 'n_units_l3': 160, 'n_units_l4': 3040, 'n_units_l5': 2816, 'n_units_l6': 3456, 'lr': 0.046598070406750465}. Best is trial 1 with value: 40.45575902887928.
[I 2025-03-21 23:38:42,606] Trial 5 pruned. 
[I 2025-03-21 23:38:42,820] Trial 6 pruned. 
[I 2025-03-21 23:38:42,962] Trial 7 pruned. 
[I 2025-03-21 23:38:45,605] Trial 8 finished with value: 124.83908143719118 and parameters: {'n_units_l0': 736, 'n_units_l1': 512, 'n_units_l2': 1632, 'n_units_l3': 32, 'n_units_l4': 832, 'n_units_l5': 3680, 'n_units_l6': 1728, 'lr': 0.03267546345012026}. Best is trial 1 with value: 40.45575902887928.
[I 2025-03-21 23:38:45,836] Trial 53 finished with value: 42.16821681543724 and parameters: {'n_units_l0': 1120, 'n_units_l1': 1600, 'n_units_l2': 1408, 'n_units_l3': 3520, 'n_units_l4': 3584, 'n_units_l5': 3232, 'lr': 0.0009026278814968406}. Best is trial 17 with value: 40.80398799463646.
[I 2025-03-21 23:38:46,077] Trial 54 pruned. 
[I 2025-03-21 23:38:46,287] Trial 55 pruned. 
[I 2025-03-21 23:38:46,486] Trial 56 pruned. 
[I 2025-03-21 23:38:46,725] Trial 57 pruned. 
[I 2025-03-21 23:38:48,126] Trial 9 finished with value: 124.84425628160794 and parameters: {'n_units_l0': 480, 'n_units_l1': 1024, 'n_units_l2': 1088, 'n_units_l3': 1248, 'n_units_l4': 256, 'n_units_l5': 1664, 'n_units_l6': 3488, 'lr': 0.027383670837392127}. Best is trial 1 with value: 40.45575902887928.
[I 2025-03-21 23:38:50,216] Trial 58 finished with value: 90.08453306217784 and parameters: {'n_units_l0': 480, 'n_units_l1': 1408, 'n_units_l2': 1696, 'n_units_l3': 2624, 'n_units_l4': 3232, 'n_units_l5': 1920, 'lr': 0.0002664275706314974}. Best is trial 17 with value: 40.80398799463646.
[I 2025-03-21 23:38:50,359] Trial 59 pruned. 
[I 2025-03-21 23:38:50,561] Trial 60 pruned. 
[I 2025-03-21 23:38:50,777] Trial 61 pruned. 
[I 2025-03-21 23:38:50,777] Trial 10 finished with value: 102.23287424953077 and parameters: {'n_units_l0': 1792, 'n_units_l1': 1728, 'n_units_l2': 128, 'n_units_l3': 1568, 'n_units_l4': 3232, 'n_units_l5': 96, 'n_units_l6': 64, 'lr': 0.001390087601482873}. Best is trial 1 with value: 40.45575902887928.
