[I 2025-03-25 11:34:50,391] Trial 42 finished with value: 13.141116277733005 and parameters: {'n_units_l0': 96, 'n_units_l1': 3808, 'n_units_l2': 4096, 'n_units_l3': 3136, 'n_units_l4': 4096, 'n_units_l5': 352, 'n_units_l6': 3936, 'n_units_l7': 3456, 'lr': 0.00044772026247700083}. Best is trial 14 with value: 3.341512642862511.
[I 2025-03-25 11:35:09,732] Trial 43 pruned. 
[I 2025-03-25 11:35:26,280] Trial 44 pruned. 
[I 2025-03-25 11:35:37,024] Trial 45 pruned. 
[I 2025-03-25 11:35:49,925] Trial 46 pruned. 
[I 2025-03-25 11:36:12,616] Trial 47 pruned. 
[I 2025-03-25 11:36:21,676] Trial 48 pruned. 
[I 2025-03-25 11:36:50,307] Trial 49 pruned. 
[I 2025-03-25 11:37:04,860] Trial 50 pruned. 
[I 2025-03-25 11:42:36,829] Trial 0 finished with value: 125.00877469241006 and parameters: {'n_units_l0': 608, 'n_units_l1': 4032, 'n_units_l2': 2208, 'n_units_l3': 608, 'n_units_l4': 768, 'n_units_l5': 576, 'n_units_l6': 576, 'n_units_l7': 3712, 'n_units_l8': 3616, 'n_units_l9': 2080, 'lr': 0.04836387163416818}. Best is trial 0 with value: 125.00877469241006.
[I 2025-03-25 12:06:00,717] Trial 1 finished with value: 125.01276188665238 and parameters: {'n_units_l0': 2784, 'n_units_l1': 2624, 'n_units_l2': 3648, 'n_units_l3': 1120, 'n_units_l4': 2432, 'n_units_l5': 1856, 'n_units_l6': 2304, 'n_units_l7': 640, 'n_units_l8': 1376, 'n_units_l9': 3936, 'lr': 0.024982339969573573}. Best is trial 0 with value: 125.00877469241006.
[I 2025-03-25 12:08:15,462] Trial 51 finished with value: 4.543814469787349 and parameters: {'n_units_l0': 192, 'n_units_l1': 3840, 'n_units_l2': 4064, 'n_units_l3': 3104, 'n_units_l4': 4064, 'n_units_l5': 192, 'n_units_l6': 3904, 'n_units_l7': 3488, 'lr': 0.00012349346052678204}. Best is trial 14 with value: 3.341512642862511.
[I 2025-03-25 12:08:33,600] Trial 52 pruned. 
[I 2025-03-25 12:08:51,508] Trial 53 pruned. 
[I 2025-03-25 12:17:39,850] Trial 2 finished with value: 125.011448452924 and parameters: {'n_units_l0': 416, 'n_units_l1': 2368, 'n_units_l2': 192, 'n_units_l3': 2720, 'n_units_l4': 256, 'n_units_l5': 3712, 'n_units_l6': 256, 'n_units_l7': 32, 'n_units_l8': 704, 'n_units_l9': 1440, 'lr': 0.06536987649855307}. Best is trial 0 with value: 125.00877469241006.
[I 2025-03-25 12:45:15,797] Trial 3 finished with value: 125.01298385211544 and parameters: {'n_units_l0': 2784, 'n_units_l1': 864, 'n_units_l2': 2656, 'n_units_l3': 3840, 'n_units_l4': 1312, 'n_units_l5': 3232, 'n_units_l6': 512, 'n_units_l7': 1856, 'n_units_l8': 3776, 'n_units_l9': 4032, 'lr': 0.027378587868505957}. Best is trial 0 with value: 125.00877469241006.
[I 2025-03-25 12:50:56,687] Trial 54 finished with value: 4.684758722561601 and parameters: {'n_units_l0': 320, 'n_units_l1': 3232, 'n_units_l2': 3936, 'n_units_l3': 3616, 'n_units_l4': 4096, 'n_units_l5': 3104, 'n_units_l6': 3616, 'n_units_l7': 3328, 'lr': 0.0008181555278952938}. Best is trial 14 with value: 3.341512642862511.
[I 2025-03-25 12:51:21,414] Trial 55 pruned. 
[I 2025-03-25 13:05:38,231] Trial 4 finished with value: 125.00850514740213 and parameters: {'n_units_l0': 1632, 'n_units_l1': 1312, 'n_units_l2': 1312, 'n_units_l3': 3744, 'n_units_l4': 4000, 'n_units_l5': 64, 'n_units_l6': 1760, 'n_units_l7': 3936, 'n_units_l8': 640, 'n_units_l9': 256, 'lr': 0.09044520542374715}. Best is trial 4 with value: 125.00850514740213.
[I 2025-03-25 13:05:56,951] Trial 5 pruned. 
[I 2025-03-25 13:24:02,443] Trial 6 finished with value: 125.00936792428502 and parameters: {'n_units_l0': 800, 'n_units_l1': 3200, 'n_units_l2': 1760, 'n_units_l3': 2112, 'n_units_l4': 1952, 'n_units_l5': 2176, 'n_units_l6': 1120, 'n_units_l7': 2240, 'n_units_l8': 704, 'n_units_l9': 2688, 'lr': 0.03542852622571978}. Best is trial 4 with value: 125.00850514740213.
[I 2025-03-25 13:24:16,441] Trial 7 pruned. 
[I 2025-03-25 13:24:25,815] Trial 8 pruned. 
[I 2025-03-25 13:24:39,777] Trial 9 pruned. 
[I 2025-03-25 13:36:12,857] Trial 56 finished with value: 4.312387459597542 and parameters: {'n_units_l0': 1024, 'n_units_l1': 3296, 'n_units_l2': 3936, 'n_units_l3': 3872, 'n_units_l4': 4000, 'n_units_l5': 3072, 'n_units_l6': 3456, 'n_units_l7': 3904, 'lr': 0.000261979351961829}. Best is trial 14 with value: 3.341512642862511.
[I 2025-03-25 13:36:32,076] Trial 57 pruned. 
[I 2025-03-25 13:36:47,188] Trial 58 pruned. 
[I 2025-03-25 13:37:11,237] Trial 59 pruned. 
[I 2025-03-25 13:37:34,985] Trial 60 pruned. 
[I 2025-03-25 13:38:01,030] Trial 61 pruned. 
[I 2025-03-25 13:38:28,732] Trial 62 pruned. 
[I 2025-03-25 13:38:47,603] Trial 63 pruned. 
[I 2025-03-25 13:39:00,840] Trial 64 pruned. 
[I 2025-03-25 13:39:26,633] Trial 65 pruned. 
[I 2025-03-25 13:39:43,348] Trial 66 pruned. 
[I 2025-03-25 13:40:11,328] Trial 67 pruned. 
[I 2025-03-25 13:40:26,181] Trial 68 pruned. 
[I 2025-03-25 13:40:41,675] Trial 69 pruned. 
[I 2025-03-25 13:41:02,822] Trial 70 pruned. 
[I 2025-03-25 13:41:55,884] Trial 71 pruned. 
[I 2025-03-25 13:42:12,461] Trial 72 pruned. 
[I 2025-03-25 13:42:33,761] Trial 73 pruned. 
[I 2025-03-25 13:43:50,247] Trial 74 pruned. 
[I 2025-03-25 13:44:10,032] Trial 75 pruned. 
[I 2025-03-25 13:44:30,147] Trial 76 pruned. 
[I 2025-03-25 13:44:48,245] Trial 77 pruned. 
[I 2025-03-25 13:45:08,143] Trial 78 pruned. 
[I 2025-03-25 13:45:20,091] Trial 79 pruned. 
[I 2025-03-25 13:45:36,150] Trial 80 pruned. 
[I 2025-03-25 13:46:14,559] Trial 81 pruned. 
[I 2025-03-25 13:46:35,843] Trial 82 pruned. 
[I 2025-03-25 13:47:23,341] Trial 10 finished with value: 125.0292326741911 and parameters: {'n_units_l0': 1568, 'n_units_l1': 1440, 'n_units_l2': 1120, 'n_units_l3': 3072, 'n_units_l4': 4096, 'n_units_l5': 32, 'n_units_l6': 2592, 'n_units_l7': 4000, 'n_units_l8': 2016, 'n_units_l9': 192, 'lr': 0.0016878763253597093}. Best is trial 4 with value: 125.00850514740213.
[I 2025-03-25 14:08:05,296] Trial 11 finished with value: 125.0134633471656 and parameters: {'n_units_l0': 1408, 'n_units_l1': 1568, 'n_units_l2': 2688, 'n_units_l3': 576, 'n_units_l4': 3072, 'n_units_l5': 32, 'n_units_l6': 3072, 'n_units_l7': 3840, 'n_units_l8': 2336, 'n_units_l9': 1920, 'lr': 0.09598681340100368}. Best is trial 4 with value: 125.00850514740213.
[I 2025-03-25 14:08:12,462] Trial 12 pruned. 
[I 2025-03-25 14:08:29,114] Trial 13 pruned. 
[I 2025-03-25 14:08:38,760] Trial 14 pruned. 
[I 2025-03-25 14:08:56,424] Trial 15 pruned. 
[I 2025-03-25 14:09:08,878] Trial 16 pruned. 
[I 2025-03-25 14:09:18,246] Trial 17 pruned. 
[I 2025-03-25 14:18:18,510] Trial 83 finished with value: 4.034903734270384 and parameters: {'n_units_l0': 160, 'n_units_l1': 3520, 'n_units_l2': 3712, 'n_units_l3': 3104, 'n_units_l4': 4096, 'n_units_l5': 704, 'n_units_l6': 3680, 'n_units_l7': 3904, 'lr': 0.000170738120059141}. Best is trial 14 with value: 3.341512642862511.
[I 2025-03-25 14:18:38,140] Trial 84 pruned. 
[I 2025-03-25 14:18:59,991] Trial 85 pruned. 
[I 2025-03-25 14:19:19,489] Trial 86 pruned. 
[I 2025-03-25 14:19:36,133] Trial 87 pruned. 
[I 2025-03-25 14:19:51,886] Trial 88 pruned. 
[I 2025-03-25 14:20:08,924] Trial 89 pruned. 
[I 2025-03-25 14:20:22,543] Trial 90 pruned. 
[I 2025-03-25 14:27:29,769] Trial 18 finished with value: 125.00879820948629 and parameters: {'n_units_l0': 1952, 'n_units_l1': 1120, 'n_units_l2': 2016, 'n_units_l3': 2528, 'n_units_l4': 1888, 'n_units_l5': 384, 'n_units_l6': 1824, 'n_units_l7': 3488, 'n_units_l8': 1408, 'n_units_l9': 1408, 'lr': 0.0397488643835636}. Best is trial 4 with value: 125.00850514740213.
[I 2025-03-25 14:49:09,488] Trial 19 finished with value: 125.00765860691507 and parameters: {'n_units_l0': 32, 'n_units_l1': 2912, 'n_units_l2': 1440, 'n_units_l3': 3392, 'n_units_l4': 32, 'n_units_l5': 1024, 'n_units_l6': 2624, 'n_units_l7': 3584, 'n_units_l8': 2080, 'n_units_l9': 3424, 'lr': 0.08580736487050683}. Best is trial 19 with value: 125.00765860691507.
[I 2025-03-25 14:49:28,562] Trial 20 pruned. 
[I 2025-03-25 14:49:44,326] Trial 21 pruned. 
[I 2025-03-25 14:49:59,596] Trial 22 pruned. 
[I 2025-03-25 14:50:12,010] Trial 23 pruned. 
[I 2025-03-25 14:50:25,114] Trial 24 pruned. 
[I 2025-03-25 14:50:40,017] Trial 91 finished with value: 3.766959961505494 and parameters: {'n_units_l0': 128, 'n_units_l1': 3808, 'n_units_l2': 4000, 'n_units_l3': 3104, 'n_units_l4': 4032, 'n_units_l5': 128, 'n_units_l6': 3904, 'n_units_l7': 3424, 'lr': 0.0001700332462082465}. Best is trial 14 with value: 3.341512642862511.
[I 2025-03-25 14:50:40,163] Trial 25 pruned. 
[I 2025-03-25 14:50:58,797] Trial 92 pruned. 
[I 2025-03-25 14:51:23,447] Trial 93 pruned. 
[I 2025-03-25 14:51:41,009] Trial 94 pruned. 
[I 2025-03-25 14:52:18,843] Trial 95 pruned. 
[I 2025-03-25 14:52:37,361] Trial 96 pruned. 
[I 2025-03-25 14:52:58,506] Trial 97 pruned. 
[I 2025-03-25 14:53:18,562] Trial 98 pruned. 
[I 2025-03-25 14:53:42,466] Trial 99 pruned. 
[I 2025-03-25 14:53:43,238] A new study created in memory with name: no-name-0a1d073e-100e-40d3-b6af-5c1804d816a8
[I 2025-03-25 15:03:00,928] Trial 26 finished with value: 125.0081167580331 and parameters: {'n_units_l0': 992, 'n_units_l1': 1888, 'n_units_l2': 576, 'n_units_l3': 1920, 'n_units_l4': 800, 'n_units_l5': 2560, 'n_units_l6': 2464, 'n_units_l7': 1312, 'n_units_l8': 96, 'n_units_l9': 1728, 'lr': 0.05695798956129299}. Best is trial 19 with value: 125.00765860691507.
[I 2025-03-25 15:17:19,081] Trial 27 finished with value: 125.00752942474607 and parameters: {'n_units_l0': 1664, 'n_units_l1': 1760, 'n_units_l2': 480, 'n_units_l3': 1856, 'n_units_l4': 1120, 'n_units_l5': 2880, 'n_units_l6': 2368, 'n_units_l7': 1408, 'n_units_l8': 32, 'n_units_l9': 1152, 'lr': 0.0852000596495777}. Best is trial 27 with value: 125.00752942474607.
[I 2025-03-25 15:17:26,712] Trial 28 pruned. 
[I 2025-03-25 15:17:35,573] Trial 29 pruned. 
[I 2025-03-25 15:17:45,643] Trial 30 pruned. 
[I 2025-03-25 15:17:54,682] Trial 31 pruned. 
[I 2025-03-25 15:23:33,505] Trial 0 finished with value: inf and parameters: {'n_units_l0': 2464, 'n_units_l1': 640, 'n_units_l2': 3648, 'n_units_l3': 3168, 'n_units_l4': 2592, 'n_units_l5': 3968, 'n_units_l6': 2176, 'n_units_l7': 1600, 'n_units_l8': 1280, 'n_units_l9': 3424, 'n_units_l10': 32, 'lr': 0.07326660907767665}. Best is trial 0 with value: inf.
[I 2025-03-25 15:29:45,760] Trial 32 finished with value: 125.00835150412628 and parameters: {'n_units_l0': 1696, 'n_units_l1': 1120, 'n_units_l2': 672, 'n_units_l3': 2720, 'n_units_l4': 288, 'n_units_l5': 3104, 'n_units_l6': 2368, 'n_units_l7': 1088, 'n_units_l8': 256, 'n_units_l9': 448, 'lr': 0.08533867890282482}. Best is trial 27 with value: 125.00752942474607.
[I 2025-03-25 15:29:52,887] Trial 33 pruned. 
[I 2025-03-25 15:30:01,323] Trial 34 pruned. 
[I 2025-03-25 15:30:10,046] Trial 35 pruned. 
[I 2025-03-25 15:30:17,502] Trial 36 pruned. 
[I 2025-03-25 15:30:29,894] Trial 37 pruned. 
[I 2025-03-25 15:30:38,071] Trial 38 pruned. 
[I 2025-03-25 15:30:49,339] Trial 39 pruned. 
[I 2025-03-25 15:31:00,025] Trial 40 pruned. 
[I 2025-03-25 15:31:06,962] Trial 41 pruned. 
[I 2025-03-25 15:51:18,669] Trial 42 finished with value: 125.01183320581974 and parameters: {'n_units_l0': 1664, 'n_units_l1': 1344, 'n_units_l2': 992, 'n_units_l3': 3424, 'n_units_l4': 2208, 'n_units_l5': 2944, 'n_units_l6': 2784, 'n_units_l7': 1024, 'n_units_l8': 576, 'n_units_l9': 736, 'lr': 0.08457091842127115}. Best is trial 27 with value: 125.00752942474607.
[I 2025-03-25 15:51:31,591] Trial 43 pruned. 
[I 2025-03-25 15:51:41,206] Trial 44 pruned. 
[I 2025-03-25 15:51:49,587] Trial 45 pruned. 
[I 2025-03-25 15:54:52,103] Trial 1 finished with value: inf and parameters: {'n_units_l0': 3616, 'n_units_l1': 3616, 'n_units_l2': 2720, 'n_units_l3': 1344, 'n_units_l4': 2816, 'n_units_l5': 2720, 'n_units_l6': 4096, 'n_units_l7': 256, 'n_units_l8': 1120, 'n_units_l9': 1504, 'n_units_l10': 2272, 'lr': 0.0613800878505328}. Best is trial 0 with value: inf.
[I 2025-03-25 16:13:52,505] Trial 46 finished with value: 125.00791306007154 and parameters: {'n_units_l0': 3648, 'n_units_l1': 1600, 'n_units_l2': 1792, 'n_units_l3': 3552, 'n_units_l4': 768, 'n_units_l5': 2144, 'n_units_l6': 2528, 'n_units_l7': 3904, 'n_units_l8': 512, 'n_units_l9': 1056, 'lr': 0.06779893206512663}. Best is trial 27 with value: 125.00752942474607.
[I 2025-03-25 16:14:04,124] Trial 47 pruned. 
[I 2025-03-25 16:14:17,015] Trial 48 pruned. 
[I 2025-03-25 16:29:44,835] Trial 49 finished with value: 125.04904311995334 and parameters: {'n_units_l0': 2816, 'n_units_l1': 1056, 'n_units_l2': 1728, 'n_units_l3': 3584, 'n_units_l4': 992, 'n_units_l5': 2144, 'n_units_l6': 1984, 'n_units_l7': 864, 'n_units_l8': 416, 'n_units_l9': 1088, 'lr': 0.05293420617493231}. Best is trial 27 with value: 125.00752942474607.
[I 2025-03-25 16:29:58,361] Trial 50 pruned. 
[I 2025-03-25 16:30:21,114] Trial 2 finished with value: inf and parameters: {'n_units_l0': 2336, 'n_units_l1': 2752, 'n_units_l2': 2528, 'n_units_l3': 2112, 'n_units_l4': 2848, 'n_units_l5': 3520, 'n_units_l6': 2624, 'n_units_l7': 1376, 'n_units_l8': 3776, 'n_units_l9': 2784, 'n_units_l10': 96, 'lr': 0.05535168722730261}. Best is trial 0 with value: inf.
[I 2025-03-25 16:47:00,234] Trial 3 finished with value: 124.79982237543236 and parameters: {'n_units_l0': 128, 'n_units_l1': 1792, 'n_units_l2': 3968, 'n_units_l3': 1824, 'n_units_l4': 1024, 'n_units_l5': 448, 'n_units_l6': 1344, 'n_units_l7': 1440, 'n_units_l8': 1120, 'n_units_l9': 2752, 'n_units_l10': 256, 'lr': 0.00883916342017053}. Best is trial 3 with value: 124.79982237543236.
[I 2025-03-25 16:55:21,940] Trial 51 finished with value: 125.00819844906187 and parameters: {'n_units_l0': 1792, 'n_units_l1': 1472, 'n_units_l2': 1536, 'n_units_l3': 4096, 'n_units_l4': 1856, 'n_units_l5': 3392, 'n_units_l6': 2560, 'n_units_l7': 3872, 'n_units_l8': 224, 'n_units_l9': 544, 'lr': 0.074155548542527}. Best is trial 27 with value: 125.00752942474607.
[I 2025-03-25 17:13:47,962] Trial 4 finished with value: inf and parameters: {'n_units_l0': 992, 'n_units_l1': 3552, 'n_units_l2': 1152, 'n_units_l3': 2272, 'n_units_l4': 480, 'n_units_l5': 3872, 'n_units_l6': 3648, 'n_units_l7': 1376, 'n_units_l8': 2656, 'n_units_l9': 1568, 'n_units_l10': 4032, 'lr': 0.09602552803274993}. Best is trial 3 with value: 124.79982237543236.
/trinity/home/fisheye/.local/lib/python3.9/site-packages/numpy/lib/function_base.py:4527: RuntimeWarning: invalid value encountered in subtract
  diff_b_a = subtract(b, a)
[I 2025-03-25 17:20:13,056] Trial 52 finished with value: 125.0105005564094 and parameters: {'n_units_l0': 1792, 'n_units_l1': 1504, 'n_units_l2': 1504, 'n_units_l3': 3904, 'n_units_l4': 1952, 'n_units_l5': 3392, 'n_units_l6': 2560, 'n_units_l7': 3328, 'n_units_l8': 192, 'n_units_l9': 1280, 'lr': 0.0726562533600666}. Best is trial 27 with value: 125.00752942474607.
[I 2025-03-25 17:20:28,254] Trial 53 pruned. 
[I 2025-03-25 17:20:41,394] Trial 54 pruned. 
[I 2025-03-25 17:20:55,108] Trial 55 pruned. 
[I 2025-03-25 17:29:47,452] Trial 5 finished with value: 124.81206591788225 and parameters: {'n_units_l0': 1120, 'n_units_l1': 1696, 'n_units_l2': 1664, 'n_units_l3': 672, 'n_units_l4': 704, 'n_units_l5': 3712, 'n_units_l6': 896, 'n_units_l7': 2112, 'n_units_l8': 3552, 'n_units_l9': 256, 'n_units_l10': 2720, 'lr': 0.05528677264756928}. Best is trial 3 with value: 124.79982237543236.
[I 2025-03-25 17:38:31,349] Trial 56 finished with value: 125.00744741317195 and parameters: {'n_units_l0': 640, 'n_units_l1': 928, 'n_units_l2': 2080, 'n_units_l3': 1888, 'n_units_l4': 2624, 'n_units_l5': 2688, 'n_units_l6': 1888, 'n_units_l7': 1504, 'n_units_l8': 448, 'n_units_l9': 1440, 'lr': 0.06199653792411755}. Best is trial 56 with value: 125.00744741317195.
[I 2025-03-25 17:38:43,892] Trial 57 pruned. 
[I 2025-03-25 17:38:58,468] Trial 58 pruned. 
[I 2025-03-25 17:39:16,449] Trial 59 pruned. 
[I 2025-03-25 17:58:55,458] Trial 60 finished with value: 125.02055262999768 and parameters: {'n_units_l0': 576, 'n_units_l1': 224, 'n_units_l2': 2016, 'n_units_l3': 1568, 'n_units_l4': 2272, 'n_units_l5': 2464, 'n_units_l6': 2656, 'n_units_l7': 3328, 'n_units_l8': 896, 'n_units_l9': 1312, 'lr': 0.05567039872078909}. Best is trial 56 with value: 125.00744741317195.
[I 2025-03-25 17:59:06,817] Trial 61 pruned. 
[I 2025-03-25 17:59:17,898] Trial 62 pruned. 
