[I 2025-03-22 01:12:06,528] Trial 36 pruned. 
[I 2025-03-22 01:12:06,977] Trial 76 pruned. 
[I 2025-03-22 01:12:07,033] Trial 37 pruned. 
[I 2025-03-22 01:12:07,430] Trial 77 pruned. 
[I 2025-03-22 01:12:07,450] Trial 38 pruned. 
[I 2025-03-22 01:12:07,858] Trial 39 pruned. 
[I 2025-03-22 01:12:08,150] Trial 78 pruned. 
[I 2025-03-22 01:12:08,410] Trial 40 pruned. 
[I 2025-03-22 01:12:08,681] Trial 79 pruned. 
[I 2025-03-22 01:12:09,093] Trial 80 pruned. 
[I 2025-03-22 01:12:09,111] Trial 41 pruned. 
[I 2025-03-22 01:12:17,661] Trial 42 pruned. 
[I 2025-03-22 01:12:18,484] Trial 43 pruned. 
[I 2025-03-22 01:12:19,266] Trial 44 pruned. 
[I 2025-03-22 01:12:20,306] Trial 45 pruned. 
[I 2025-03-22 01:12:20,743] Trial 46 pruned. 
[I 2025-03-22 01:12:21,338] Trial 47 pruned. 
[I 2025-03-22 01:12:21,909] Trial 48 pruned. 
[I 2025-03-22 01:12:22,371] Trial 49 pruned. 
[I 2025-03-22 01:12:22,992] Trial 50 pruned. 
[I 2025-03-22 01:12:24,920] Trial 81 finished with value: 28.416185083761494 and parameters: {'n_units_l0': 32, 'n_units_l1': 2112, 'n_units_l2': 448, 'n_units_l3': 256, 'n_units_l4': 224, 'n_units_l5': 2528, 'n_units_l6': 2752, 'n_units_l7': 2656, 'lr': 0.0033435531078812994}. Best is trial 51 with value: 10.912505045059119.
[I 2025-03-22 01:12:25,198] Trial 82 pruned. 
[I 2025-03-22 01:12:25,476] Trial 83 pruned. 
[I 2025-03-22 01:12:25,733] Trial 84 pruned. 
[I 2025-03-22 01:12:25,994] Trial 85 pruned. 
[I 2025-03-22 01:12:26,917] Trial 86 pruned. 
[I 2025-03-22 01:12:27,174] Trial 87 pruned. 
[I 2025-03-22 01:12:27,506] Trial 88 pruned. 
[I 2025-03-22 01:12:27,871] Trial 89 pruned. 
[I 2025-03-22 01:12:28,155] Trial 90 pruned. 
[I 2025-03-22 01:12:28,591] Trial 91 pruned. 
[I 2025-03-22 01:12:28,851] Trial 92 pruned. 
[I 2025-03-22 01:12:29,121] Trial 93 pruned. 
[I 2025-03-22 01:12:29,665] Trial 94 pruned. 
[I 2025-03-22 01:12:29,941] Trial 95 pruned. 
[I 2025-03-22 01:12:30,432] Trial 96 pruned. 
[I 2025-03-22 01:12:30,787] Trial 97 pruned. 
[I 2025-03-22 01:12:31,793] Trial 98 pruned. 
[I 2025-03-22 01:12:32,176] Trial 99 pruned. 
[I 2025-03-22 01:12:32,282] A new study created in memory with name: no-name-16e83253-a495-432d-aee6-3f548b5df655
[I 2025-03-22 01:12:46,246] Trial 51 finished with value: 14.292667462781175 and parameters: {'n_units_l0': 640, 'n_units_l1': 3200, 'n_units_l2': 704, 'n_units_l3': 3808, 'n_units_l4': 1568, 'n_units_l5': 416, 'n_units_l6': 928, 'n_units_l7': 2432, 'n_units_l8': 2976, 'lr': 0.0006092163168195176}. Best is trial 51 with value: 14.292667462781175.
[I 2025-03-22 01:12:46,644] Trial 52 pruned. 
[I 2025-03-22 01:12:58,476] Trial 0 finished with value: 125.27665223487864 and parameters: {'n_units_l0': 1792, 'n_units_l1': 576, 'n_units_l2': 4000, 'n_units_l3': 512, 'n_units_l4': 288, 'n_units_l5': 1120, 'n_units_l6': 2880, 'n_units_l7': 3392, 'n_units_l8': 2208, 'n_units_l9': 384, 'lr': 0.09674127012586799}. Best is trial 0 with value: 125.27665223487864.
[I 2025-03-22 01:13:10,350] Trial 53 finished with value: 11.247046362661244 and parameters: {'n_units_l0': 224, 'n_units_l1': 3456, 'n_units_l2': 416, 'n_units_l3': 3712, 'n_units_l4': 2368, 'n_units_l5': 352, 'n_units_l6': 1120, 'n_units_l7': 2848, 'n_units_l8': 2560, 'lr': 0.0002756655808563616}. Best is trial 53 with value: 11.247046362661244.
[I 2025-03-22 01:13:10,782] Trial 54 pruned. 
[I 2025-03-22 01:13:11,127] Trial 55 pruned. 
[I 2025-03-22 01:13:15,606] Trial 1 finished with value: 125.37175781729962 and parameters: {'n_units_l0': 3392, 'n_units_l1': 544, 'n_units_l2': 1216, 'n_units_l3': 160, 'n_units_l4': 3648, 'n_units_l5': 2272, 'n_units_l6': 320, 'n_units_l7': 544, 'n_units_l8': 3744, 'n_units_l9': 384, 'lr': 0.08504743557272278}. Best is trial 0 with value: 125.27665223487864.
[I 2025-03-22 01:13:37,430] Trial 56 finished with value: 37.78563968995223 and parameters: {'n_units_l0': 64, 'n_units_l1': 3296, 'n_units_l2': 2336, 'n_units_l3': 3456, 'n_units_l4': 896, 'n_units_l5': 384, 'n_units_l6': 448, 'n_units_l7': 2432, 'n_units_l8': 2880, 'lr': 0.008547744186090679}. Best is trial 53 with value: 11.247046362661244.
[I 2025-03-22 01:13:37,857] Trial 57 pruned. 
[I 2025-03-22 01:13:38,202] Trial 58 pruned. 
[I 2025-03-22 01:13:38,565] Trial 59 pruned. 
[I 2025-03-22 01:13:39,148] Trial 60 pruned. 
[I 2025-03-22 01:13:44,218] Trial 61 pruned. 
[I 2025-03-22 01:13:44,588] Trial 62 pruned. 
[I 2025-03-22 01:13:45,240] Trial 63 pruned. 
[I 2025-03-22 01:13:45,654] Trial 2 finished with value: 125.38549443716147 and parameters: {'n_units_l0': 2080, 'n_units_l1': 2336, 'n_units_l2': 2336, 'n_units_l3': 2016, 'n_units_l4': 1216, 'n_units_l5': 2048, 'n_units_l6': 2944, 'n_units_l7': 640, 'n_units_l8': 1280, 'n_units_l9': 3232, 'lr': 0.06069656560974293}. Best is trial 0 with value: 125.27665223487864.
[I 2025-03-22 01:13:49,739] Trial 64 pruned. 
[I 2025-03-22 01:13:50,194] Trial 65 pruned. 
[I 2025-03-22 01:13:50,666] Trial 66 pruned. 
[I 2025-03-22 01:13:51,053] Trial 67 pruned. 
[I 2025-03-22 01:13:51,416] Trial 68 pruned. 
[I 2025-03-22 01:13:51,933] Trial 69 pruned. 
[I 2025-03-22 01:13:52,468] Trial 70 pruned. 
[I 2025-03-22 01:13:58,563] Trial 71 pruned. 
[I 2025-03-22 01:13:58,986] Trial 72 pruned. 
[I 2025-03-22 01:14:02,753] Trial 3 finished with value: 125.52418077101402 and parameters: {'n_units_l0': 1376, 'n_units_l1': 192, 'n_units_l2': 1760, 'n_units_l3': 96, 'n_units_l4': 1408, 'n_units_l5': 1376, 'n_units_l6': 1760, 'n_units_l7': 3584, 'n_units_l8': 672, 'n_units_l9': 1440, 'lr': 0.04255815604042148}. Best is trial 0 with value: 125.27665223487864.
[I 2025-03-22 01:14:18,753] Trial 73 finished with value: 38.536865665046435 and parameters: {'n_units_l0': 1760, 'n_units_l1': 3392, 'n_units_l2': 128, 'n_units_l3': 448, 'n_units_l4': 2080, 'n_units_l5': 288, 'n_units_l6': 1600, 'n_units_l7': 2336, 'n_units_l8': 3072, 'lr': 0.0026194626211624703}. Best is trial 53 with value: 11.247046362661244.
[I 2025-03-22 01:14:19,363] Trial 74 pruned. 
[I 2025-03-22 01:14:19,718] Trial 75 pruned. 
[I 2025-03-22 01:14:20,150] Trial 76 pruned. 
[I 2025-03-22 01:14:20,704] Trial 77 pruned. 
[I 2025-03-22 01:14:24,311] Trial 4 finished with value: 125.35613241733137 and parameters: {'n_units_l0': 1664, 'n_units_l1': 480, 'n_units_l2': 832, 'n_units_l3': 64, 'n_units_l4': 1408, 'n_units_l5': 1664, 'n_units_l6': 2048, 'n_units_l7': 3136, 'n_units_l8': 928, 'n_units_l9': 4096, 'lr': 0.058928491475078185}. Best is trial 0 with value: 125.27665223487864.
[I 2025-03-22 01:14:28,281] Trial 78 pruned. 
[I 2025-03-22 01:14:28,857] Trial 79 pruned. 
[I 2025-03-22 01:14:29,355] Trial 80 pruned. 
[I 2025-03-22 01:14:53,538] Trial 5 finished with value: 38.02073252966645 and parameters: {'n_units_l0': 384, 'n_units_l1': 992, 'n_units_l2': 3616, 'n_units_l3': 3296, 'n_units_l4': 1888, 'n_units_l5': 2752, 'n_units_l6': 128, 'n_units_l7': 128, 'n_units_l8': 3520, 'n_units_l9': 736, 'lr': 0.0075680756288813225}. Best is trial 5 with value: 38.02073252966645.
[I 2025-03-22 01:14:53,973] Trial 6 pruned. 
[I 2025-03-22 01:14:54,642] Trial 7 pruned. 
[I 2025-03-22 01:14:55,354] Trial 8 pruned. 
[I 2025-03-22 01:14:55,565] Trial 9 pruned. 
[I 2025-03-22 01:14:57,768] Trial 81 finished with value: 39.620955530760675 and parameters: {'n_units_l0': 1984, 'n_units_l1': 2688, 'n_units_l2': 800, 'n_units_l3': 4032, 'n_units_l4': 2272, 'n_units_l5': 352, 'n_units_l6': 1568, 'n_units_l7': 2176, 'n_units_l8': 2784, 'lr': 0.002319495604593643}. Best is trial 53 with value: 11.247046362661244.
[I 2025-03-22 01:14:58,139] Trial 82 pruned. 
[I 2025-03-22 01:14:58,599] Trial 83 pruned. 
[I 2025-03-22 01:14:58,862] Trial 84 pruned. 
[I 2025-03-22 01:14:59,204] Trial 85 pruned. 
[I 2025-03-22 01:14:59,702] Trial 86 pruned. 
[I 2025-03-22 01:15:00,056] Trial 87 pruned. 
[I 2025-03-22 01:15:00,583] Trial 88 pruned. 
[I 2025-03-22 01:15:01,147] Trial 89 pruned. 
[I 2025-03-22 01:15:01,685] Trial 90 pruned. 
[I 2025-03-22 01:15:02,164] Trial 91 pruned. 
[I 2025-03-22 01:15:36,496] Trial 92 finished with value: 39.554354504596844 and parameters: {'n_units_l0': 64, 'n_units_l1': 3264, 'n_units_l2': 2272, 'n_units_l3': 3488, 'n_units_l4': 704, 'n_units_l5': 2496, 'n_units_l6': 2208, 'n_units_l7': 2400, 'n_units_l8': 3072, 'lr': 0.002149919097126922}. Best is trial 53 with value: 11.247046362661244.
[I 2025-03-22 01:15:46,708] Trial 10 finished with value: 125.2528727620176 and parameters: {'n_units_l0': 64, 'n_units_l1': 1344, 'n_units_l2': 3040, 'n_units_l3': 3936, 'n_units_l4': 3456, 'n_units_l5': 3936, 'n_units_l6': 3808, 'n_units_l7': 32, 'n_units_l8': 3008, 'n_units_l9': 1088, 'lr': 0.004383090559108788}. Best is trial 5 with value: 38.02073252966645.
[I 2025-03-22 01:16:02,945] Trial 93 finished with value: 37.190996637647956 and parameters: {'n_units_l0': 288, 'n_units_l1': 3360, 'n_units_l2': 2368, 'n_units_l3': 3264, 'n_units_l4': 576, 'n_units_l5': 480, 'n_units_l6': 512, 'n_units_l7': 2336, 'n_units_l8': 3296, 'lr': 0.005515204806779445}. Best is trial 53 with value: 11.247046362661244.
[I 2025-03-22 01:16:03,727] Trial 94 pruned. 
[I 2025-03-22 01:16:31,915] Trial 95 finished with value: 37.68212106277171 and parameters: {'n_units_l0': 768, 'n_units_l1': 3136, 'n_units_l2': 2432, 'n_units_l3': 3200, 'n_units_l4': 608, 'n_units_l5': 256, 'n_units_l6': 192, 'n_units_l7': 2880, 'n_units_l8': 3456, 'lr': 0.0021915820800567434}. Best is trial 53 with value: 11.247046362661244.
[I 2025-03-22 01:16:32,301] Trial 96 pruned. 
[I 2025-03-22 01:16:33,035] Trial 97 pruned. 
[I 2025-03-22 01:16:35,333] Trial 98 pruned. 
[I 2025-03-22 01:16:35,703] Trial 99 pruned. 
[I 2025-03-22 01:16:35,762] A new study created in memory with name: no-name-46d943c4-c28c-4fc6-858b-7722562d15dc
[I 2025-03-22 01:16:45,435] Trial 11 finished with value: 15.493483989610585 and parameters: {'n_units_l0': 64, 'n_units_l1': 1472, 'n_units_l2': 3072, 'n_units_l3': 4032, 'n_units_l4': 4064, 'n_units_l5': 4064, 'n_units_l6': 4000, 'n_units_l7': 64, 'n_units_l8': 3104, 'n_units_l9': 1088, 'lr': 0.0001422525322765369}. Best is trial 11 with value: 15.493483989610585.
[I 2025-03-22 01:17:20,125] Trial 0 finished with value: inf and parameters: {'n_units_l0': 2816, 'n_units_l1': 3744, 'n_units_l2': 4064, 'n_units_l3': 3328, 'n_units_l4': 160, 'n_units_l5': 3232, 'n_units_l6': 992, 'n_units_l7': 3264, 'n_units_l8': 384, 'n_units_l9': 1440, 'n_units_l10': 2272, 'lr': 0.088182485280432}. Best is trial 0 with value: inf.
[I 2025-03-22 01:17:44,747] Trial 12 finished with value: 14.484419400226399 and parameters: {'n_units_l0': 128, 'n_units_l1': 1472, 'n_units_l2': 3296, 'n_units_l3': 3840, 'n_units_l4': 2816, 'n_units_l5': 3424, 'n_units_l6': 3808, 'n_units_l7': 1792, 'n_units_l8': 3104, 'n_units_l9': 2272, 'lr': 0.00045694313840692055}. Best is trial 12 with value: 14.484419400226399.
[I 2025-03-22 01:17:45,893] Trial 13 pruned. 
[I 2025-03-22 01:18:02,628] Trial 1 finished with value: inf and parameters: {'n_units_l0': 512, 'n_units_l1': 608, 'n_units_l2': 480, 'n_units_l3': 3456, 'n_units_l4': 4032, 'n_units_l5': 576, 'n_units_l6': 2080, 'n_units_l7': 3552, 'n_units_l8': 2720, 'n_units_l9': 3872, 'n_units_l10': 416, 'lr': 0.09836166079098223}. Best is trial 0 with value: inf.
[I 2025-03-22 01:18:44,755] Trial 14 finished with value: 24.858102988446838 and parameters: {'n_units_l0': 64, 'n_units_l1': 1824, 'n_units_l2': 2944, 'n_units_l3': 3072, 'n_units_l4': 3040, 'n_units_l5': 3328, 'n_units_l6': 3264, 'n_units_l7': 2464, 'n_units_l8': 2944, 'n_units_l9': 2688, 'lr': 2.6040206938274962e-05}. Best is trial 12 with value: 14.484419400226399.
[I 2025-03-22 01:18:45,670] Trial 15 pruned. 
[I 2025-03-22 01:18:48,807] Trial 16 pruned. 
[I 2025-03-22 01:18:49,861] Trial 17 pruned. 
[I 2025-03-22 01:18:50,991] Trial 18 pruned. 
[I 2025-03-22 01:18:51,680] Trial 19 pruned. 
[I 2025-03-22 01:18:52,542] Trial 20 pruned. 
[I 2025-03-22 01:18:53,095] Trial 2 finished with value: 126.97149926533537 and parameters: {'n_units_l0': 2208, 'n_units_l1': 1792, 'n_units_l2': 3936, 'n_units_l3': 3648, 'n_units_l4': 3232, 'n_units_l5': 1664, 'n_units_l6': 1536, 'n_units_l7': 512, 'n_units_l8': 3296, 'n_units_l9': 1856, 'n_units_l10': 3104, 'lr': 0.014877738899236466}. Best is trial 2 with value: 126.97149926533537.
[I 2025-03-22 01:18:54,594] Trial 21 pruned. 
[I 2025-03-22 01:19:23,189] Trial 3 finished with value: 125.28182867255424 and parameters: {'n_units_l0': 3232, 'n_units_l1': 832, 'n_units_l2': 2080, 'n_units_l3': 416, 'n_units_l4': 3264, 'n_units_l5': 3936, 'n_units_l6': 2112, 'n_units_l7': 1600, 'n_units_l8': 256, 'n_units_l9': 32, 'n_units_l10': 1984, 'lr': 0.0779155510956405}. Best is trial 3 with value: 125.28182867255424.
[I 2025-03-22 01:19:55,621] Trial 22 finished with value: 13.247054789981867 and parameters: {'n_units_l0': 32, 'n_units_l1': 1568, 'n_units_l2': 3008, 'n_units_l3': 4096, 'n_units_l4': 3776, 'n_units_l5': 3104, 'n_units_l6': 3232, 'n_units_l7': 2112, 'n_units_l8': 2592, 'n_units_l9': 2720, 'lr': 0.001057522563439911}. Best is trial 22 with value: 13.247054789981867.
[I 2025-03-22 01:19:56,765] Trial 23 pruned. 
[I 2025-03-22 01:19:57,836] Trial 24 pruned. 
[I 2025-03-22 01:19:58,814] Trial 25 pruned. 
[I 2025-03-22 01:19:59,769] Trial 26 pruned. 
[I 2025-03-22 01:20:00,478] Trial 27 pruned. 
[I 2025-03-22 01:20:01,983] Trial 4 finished with value: inf and parameters: {'n_units_l0': 3520, 'n_units_l1': 3360, 'n_units_l2': 2304, 'n_units_l3': 1824, 'n_units_l4': 1344, 'n_units_l5': 544, 'n_units_l6': 672, 'n_units_l7': 2592, 'n_units_l8': 3872, 'n_units_l9': 928, 'n_units_l10': 1600, 'lr': 0.0597156089663068}. Best is trial 3 with value: 125.28182867255424.
/trinity/home/fisheye/.local/lib/python3.9/site-packages/numpy/lib/function_base.py:4527: RuntimeWarning: invalid value encountered in subtract
  diff_b_a = subtract(b, a)
[I 2025-03-22 01:20:31,242] Trial 5 finished with value: 22.658106245706712 and parameters: {'n_units_l0': 3008, 'n_units_l1': 1856, 'n_units_l2': 2368, 'n_units_l3': 768, 'n_units_l4': 1728, 'n_units_l5': 2272, 'n_units_l6': 1600, 'n_units_l7': 3648, 'n_units_l8': 800, 'n_units_l9': 512, 'n_units_l10': 288, 'lr': 0.000864355768943504}. Best is trial 5 with value: 22.658106245706712.
/trinity/home/fisheye/.local/lib/python3.9/site-packages/numpy/lib/function_base.py:4530: RuntimeWarning: invalid value encountered in subtract
  subtract(b, diff_b_a * (1 - t), out=lerp_interpolation, where=t >= 0.5)
[I 2025-03-22 01:20:47,819] Trial 28 finished with value: 21.67361096723364 and parameters: {'n_units_l0': 1376, 'n_units_l1': 832, 'n_units_l2': 3456, 'n_units_l3': 3200, 'n_units_l4': 2144, 'n_units_l5': 4096, 'n_units_l6': 3488, 'n_units_l7': 1056, 'n_units_l8': 2272, 'n_units_l9': 1856, 'lr': 0.0009314566751053646}. Best is trial 22 with value: 13.247054789981867.
[I 2025-03-22 01:20:48,539] Trial 29 pruned. 
[I 2025-03-22 01:20:49,297] Trial 30 pruned. 
[I 2025-03-22 01:20:50,491] Trial 31 pruned. 
[I 2025-03-22 01:20:51,374] Trial 32 pruned. 
[I 2025-03-22 01:20:52,137] Trial 33 pruned. 
[I 2025-03-22 01:21:11,071] Trial 6 finished with value: 125.29367942509688 and parameters: {'n_units_l0': 3840, 'n_units_l1': 608, 'n_units_l2': 3392, 'n_units_l3': 1568, 'n_units_l4': 672, 'n_units_l5': 2112, 'n_units_l6': 2272, 'n_units_l7': 1888, 'n_units_l8': 3200, 'n_units_l9': 2752, 'n_units_l10': 3264, 'lr': 0.004920177876648408}. Best is trial 5 with value: 22.658106245706712.
/trinity/home/fisheye/.local/lib/python3.9/site-packages/numpy/lib/function_base.py:4529: RuntimeWarning: invalid value encountered in multiply
  lerp_interpolation = asanyarray(add(a, diff_b_a * t, out=out))
[I 2025-03-22 01:21:38,065] Trial 34 finished with value: 12.54689169367519 and parameters: {'n_units_l0': 288, 'n_units_l1': 192, 'n_units_l2': 2336, 'n_units_l3': 3392, 'n_units_l4': 3744, 'n_units_l5': 3392, 'n_units_l6': 3840, 'n_units_l7': 448, 'n_units_l8': 2336, 'n_units_l9': 1600, 'lr': 0.0007460872147974506}. Best is trial 34 with value: 12.54689169367519.
[I 2025-03-22 01:21:38,785] Trial 35 pruned. 
[I 2025-03-22 01:21:39,573] Trial 36 pruned. 
[I 2025-03-22 01:21:40,170] Trial 37 pruned. 
[I 2025-03-22 01:21:40,677] Trial 38 pruned. 
[I 2025-03-22 01:21:41,135] Trial 39 pruned. 
[I 2025-03-22 01:21:41,736] Trial 40 pruned. 
[I 2025-03-22 01:21:43,842] Trial 7 finished with value: 125.33425879290724 and parameters: {'n_units_l0': 96, 'n_units_l1': 3648, 'n_units_l2': 128, 'n_units_l3': 2272, 'n_units_l4': 2176, 'n_units_l5': 2816, 'n_units_l6': 3552, 'n_units_l7': 3232, 'n_units_l8': 64, 'n_units_l9': 1984, 'n_units_l10': 704, 'lr': 0.08030513883751493}. Best is trial 5 with value: 22.658106245706712.
[I 2025-03-22 01:21:44,443] Trial 8 pruned. 
[I 2025-03-22 01:21:44,947] Trial 9 pruned. 
[I 2025-03-22 01:22:09,003] Trial 10 finished with value: 125.31617144086542 and parameters: {'n_units_l0': 1344, 'n_units_l1': 2400, 'n_units_l2': 2880, 'n_units_l3': 192, 'n_units_l4': 2432, 'n_units_l5': 1344, 'n_units_l6': 256, 'n_units_l7': 3840, 'n_units_l8': 1824, 'n_units_l9': 96, 'n_units_l10': 32, 'lr': 0.027966612491998836}. Best is trial 5 with value: 22.658106245706712.
[I 2025-03-22 01:22:09,554] Trial 11 pruned. 
[I 2025-03-22 01:22:10,150] Trial 12 pruned. 
[I 2025-03-22 01:22:10,816] Trial 13 pruned. 
[I 2025-03-22 01:22:11,172] Trial 14 pruned. 
[I 2025-03-22 01:22:11,952] Trial 15 pruned. 
[I 2025-03-22 01:22:21,535] Trial 41 finished with value: 17.338365807289534 and parameters: {'n_units_l0': 1472, 'n_units_l1': 576, 'n_units_l2': 3104, 'n_units_l3': 3264, 'n_units_l4': 1568, 'n_units_l5': 3552, 'n_units_l6': 3456, 'n_units_l7': 704, 'n_units_l8': 2304, 'n_units_l9': 1984, 'lr': 0.00021066492974142887}. Best is trial 34 with value: 12.54689169367519.
[I 2025-03-22 01:22:22,596] Trial 42 pruned. 
[I 2025-03-22 01:22:23,160] Trial 43 pruned. 
[I 2025-03-22 01:22:23,646] Trial 44 pruned. 
[I 2025-03-22 01:22:25,136] Trial 45 pruned. 
[I 2025-03-22 01:22:25,667] Trial 46 pruned. 
[I 2025-03-22 01:22:26,442] Trial 47 pruned. 
[I 2025-03-22 01:22:26,824] Trial 48 pruned. 
[I 2025-03-22 01:22:27,526] Trial 49 pruned. 
[I 2025-03-22 01:22:28,903] Trial 50 pruned. 
[I 2025-03-22 01:22:45,433] Trial 51 pruned. 
[I 2025-03-22 01:22:46,224] Trial 52 pruned. 
[I 2025-03-22 01:22:46,964] Trial 53 pruned. 
[I 2025-03-22 01:22:52,398] Trial 54 pruned. 
[I 2025-03-22 01:22:53,211] Trial 55 pruned. 
[I 2025-03-22 01:22:54,062] Trial 56 pruned. 
[I 2025-03-22 01:22:54,752] Trial 57 pruned. 
[I 2025-03-22 01:22:55,382] Trial 16 finished with value: 38.69969755958697 and parameters: {'n_units_l0': 2496, 'n_units_l1': 2752, 'n_units_l2': 2048, 'n_units_l3': 2624, 'n_units_l4': 3648, 'n_units_l5': 1344, 'n_units_l6': 2592, 'n_units_l7': 2400, 'n_units_l8': 704, 'n_units_l9': 1216, 'n_units_l10': 3968, 'lr': 0.000849044921044731}. Best is trial 5 with value: 22.658106245706712.
[I 2025-03-22 01:22:55,511] Trial 58 pruned. 
[I 2025-03-22 01:22:56,564] Trial 59 pruned. 
[I 2025-03-22 01:22:57,188] Trial 60 pruned. 
[I 2025-03-22 01:22:58,197] Trial 61 pruned. 
[I 2025-03-22 01:22:59,206] Trial 62 pruned. 
[I 2025-03-22 01:23:00,288] Trial 63 pruned. 
[I 2025-03-22 01:23:01,262] Trial 64 pruned. 
[I 2025-03-22 01:23:03,939] Trial 65 pruned. 
[I 2025-03-22 01:23:04,787] Trial 66 pruned. 
[I 2025-03-22 01:23:05,708] Trial 67 pruned. 
[I 2025-03-22 01:23:06,377] Trial 68 pruned. 
[I 2025-03-22 01:23:07,616] Trial 69 pruned. 
[I 2025-03-22 01:23:08,482] Trial 70 pruned. 
[I 2025-03-22 01:23:09,256] Trial 71 pruned. 
[I 2025-03-22 01:23:09,894] Trial 72 pruned. 
[I 2025-03-22 01:23:10,354] Trial 73 pruned. 
[I 2025-03-22 01:23:14,948] Trial 74 pruned. 
[I 2025-03-22 01:23:15,485] Trial 75 pruned. 
[I 2025-03-22 01:23:16,079] Trial 76 pruned. 
[I 2025-03-22 01:23:16,849] Trial 77 pruned. 
[I 2025-03-22 01:23:17,701] Trial 78 pruned. 
[I 2025-03-22 01:23:18,461] Trial 79 pruned. 
[I 2025-03-22 01:23:19,051] Trial 80 pruned. 
[I 2025-03-22 01:23:19,870] Trial 81 pruned. 
[I 2025-03-22 01:23:21,274] Trial 82 pruned. 
[I 2025-03-22 01:23:22,028] Trial 83 pruned. 
[I 2025-03-22 01:23:23,443] Trial 84 pruned. 
[I 2025-03-22 01:23:24,316] Trial 85 pruned. 
[I 2025-03-22 01:23:30,474] Trial 86 pruned. 
[I 2025-03-22 01:23:31,274] Trial 87 pruned. 
[I 2025-03-22 01:23:32,074] Trial 88 pruned. 
[I 2025-03-22 01:23:33,354] Trial 89 pruned. 
[I 2025-03-22 01:23:33,569] Trial 17 finished with value: 18.150690639425765 and parameters: {'n_units_l0': 1632, 'n_units_l1': 2848, 'n_units_l2': 1088, 'n_units_l3': 2656, 'n_units_l4': 768, 'n_units_l5': 1152, 'n_units_l6': 3968, 'n_units_l7': 2528, 'n_units_l8': 2528, 'n_units_l9': 1184, 'n_units_l10': 3584, 'lr': 0.0010928071534155167}. Best is trial 17 with value: 18.150690639425765.
[I 2025-03-22 01:23:34,257] Trial 18 pruned. 
[I 2025-03-22 01:23:34,632] Trial 19 pruned. 
[I 2025-03-22 01:23:34,750] Trial 90 pruned. 
[I 2025-03-22 01:23:35,318] Trial 91 pruned. 
[I 2025-03-22 01:23:35,929] Trial 92 pruned. 
[I 2025-03-22 01:23:36,357] Trial 93 pruned. 
[I 2025-03-22 01:23:36,792] Trial 94 pruned. 
[I 2025-03-22 01:23:37,365] Trial 95 pruned. 
[I 2025-03-22 01:23:38,118] Trial 96 pruned. 
[I 2025-03-22 01:23:38,999] Trial 97 pruned. 
[I 2025-03-22 01:23:39,799] Trial 98 pruned. 
[I 2025-03-22 01:23:40,167] Trial 99 pruned. 
[I 2025-03-22 01:23:40,269] A new study created in memory with name: no-name-40645ad8-c1ef-4671-86ff-efa1636d6fcc
[I 2025-03-22 01:24:07,423] Trial 20 finished with value: 125.3496708106494 and parameters: {'n_units_l0': 1856, 'n_units_l1': 1888, 'n_units_l2': 32, 'n_units_l3': 1280, 'n_units_l4': 128, 'n_units_l5': 928, 'n_units_l6': 4064, 'n_units_l7': 3616, 'n_units_l8': 2880, 'n_units_l9': 1152, 'n_units_l10': 32, 'lr': 0.008863352423784658}. Best is trial 17 with value: 18.150690639425765.
[I 2025-03-22 01:24:08,089] Trial 21 pruned. 
