[I 2025-03-21 23:27:16,348] Trial 73 finished with value: 94.78141784667969 and parameters: {'n_units_l0': 3680, 'n_units_l1': 3680, 'n_units_l2': 1920, 'n_units_l3': 2304, 'n_units_l4': 2208, 'n_units_l5': 864, 'n_units_l6': 1376, 'n_units_l7': 3936, 'lr': 0.00037185203271502653}. Best is trial 22 with value: 92.17191314697266.
[I 2025-03-21 23:27:16,600] Trial 74 pruned. 
[I 2025-03-21 23:27:16,814] Trial 75 pruned. 
[I 2025-03-21 23:27:17,088] Trial 76 pruned. 
[I 2025-03-21 23:27:17,144] Trial 18 finished with value: 129.40866088867188 and parameters: {'n_units_l0': 2368, 'n_units_l1': 2624, 'n_units_l2': 64, 'n_units_l3': 3328, 'n_units_l4': 2912, 'n_units_l5': 576, 'n_units_l6': 1024, 'n_units_l7': 1344, 'n_units_l8': 1472, 'lr': 0.018304181288483073}. Best is trial 14 with value: 127.86283111572266.
[I 2025-03-21 23:27:17,334] Trial 19 pruned. 
[I 2025-03-21 23:27:17,401] Trial 77 pruned. 
[I 2025-03-21 23:27:17,596] Trial 20 pruned. 
[I 2025-03-21 23:27:17,601] Trial 78 pruned. 
[I 2025-03-21 23:27:17,757] Trial 21 pruned. 
[I 2025-03-21 23:27:17,803] Trial 79 pruned. 
[I 2025-03-21 23:27:17,987] Trial 80 pruned. 
[I 2025-03-21 23:27:18,194] Trial 81 pruned. 
[I 2025-03-21 23:27:18,392] Trial 82 pruned. 
[I 2025-03-21 23:27:18,455] Trial 22 pruned. 
[I 2025-03-21 23:27:18,675] Trial 83 pruned. 
[I 2025-03-21 23:27:18,893] Trial 84 pruned. 
[I 2025-03-21 23:27:19,146] Trial 85 pruned. 
[I 2025-03-21 23:27:20,093] Trial 23 finished with value: 128.05096435546875 and parameters: {'n_units_l0': 1344, 'n_units_l1': 2304, 'n_units_l2': 1504, 'n_units_l3': 1280, 'n_units_l4': 3136, 'n_units_l5': 1120, 'n_units_l6': 32, 'n_units_l7': 448, 'n_units_l8': 384, 'lr': 0.019627970277228825}. Best is trial 14 with value: 127.86283111572266.
[I 2025-03-21 23:27:21,422] Trial 86 finished with value: 94.5643539428711 and parameters: {'n_units_l0': 3936, 'n_units_l1': 4032, 'n_units_l2': 1728, 'n_units_l3': 448, 'n_units_l4': 2176, 'n_units_l5': 448, 'n_units_l6': 704, 'n_units_l7': 1376, 'lr': 0.0001479422838142958}. Best is trial 22 with value: 92.17191314697266.
[I 2025-03-21 23:27:21,614] Trial 87 pruned. 
[I 2025-03-21 23:27:21,913] Trial 88 pruned. 
[I 2025-03-21 23:27:22,126] Trial 24 finished with value: 99.1663818359375 and parameters: {'n_units_l0': 480, 'n_units_l1': 3200, 'n_units_l2': 864, 'n_units_l3': 3200, 'n_units_l4': 3680, 'n_units_l5': 544, 'n_units_l6': 768, 'n_units_l7': 832, 'n_units_l8': 1056, 'lr': 0.0017524657558689732}. Best is trial 24 with value: 99.1663818359375.
[I 2025-03-21 23:27:22,134] Trial 89 pruned. 
[I 2025-03-21 23:27:22,300] Trial 90 pruned. 
[I 2025-03-21 23:27:24,666] Trial 25 finished with value: 93.47416687011719 and parameters: {'n_units_l0': 2560, 'n_units_l1': 3648, 'n_units_l2': 640, 'n_units_l3': 3264, 'n_units_l4': 3584, 'n_units_l5': 512, 'n_units_l6': 832, 'n_units_l7': 1088, 'n_units_l8': 1056, 'lr': 0.000470802981621804}. Best is trial 25 with value: 93.47416687011719.
[I 2025-03-21 23:27:24,726] Trial 91 finished with value: 94.3995132446289 and parameters: {'n_units_l0': 3904, 'n_units_l1': 4000, 'n_units_l2': 1632, 'n_units_l3': 704, 'n_units_l4': 2368, 'n_units_l5': 448, 'n_units_l6': 864, 'n_units_l7': 3584, 'lr': 0.0002923872437012819}. Best is trial 22 with value: 92.17191314697266.
[I 2025-03-21 23:27:24,929] Trial 92 pruned. 
[I 2025-03-21 23:27:25,178] Trial 93 pruned. 
[I 2025-03-21 23:27:25,415] Trial 94 pruned. 
[I 2025-03-21 23:27:25,555] Trial 95 pruned. 
[I 2025-03-21 23:27:25,795] Trial 96 pruned. 
[I 2025-03-21 23:27:26,001] Trial 97 pruned. 
[I 2025-03-21 23:27:26,239] Trial 98 pruned. 
[I 2025-03-21 23:27:26,516] Trial 99 pruned. 
[I 2025-03-21 23:27:26,525] A new study created in memory with name: no-name-682f781c-cde5-4b28-a1ea-38e49560a786
[I 2025-03-21 23:27:27,079] Trial 26 finished with value: 105.15834045410156 and parameters: {'n_units_l0': 2528, 'n_units_l1': 3840, 'n_units_l2': 800, 'n_units_l3': 3264, 'n_units_l4': 2048, 'n_units_l5': 448, 'n_units_l6': 1824, 'n_units_l7': 1568, 'n_units_l8': 1152, 'lr': 0.0015749369319139166}. Best is trial 25 with value: 93.47416687011719.
[I 2025-03-21 23:27:28,768] Trial 0 finished with value: 146.89743041992188 and parameters: {'n_units_l0': 3136, 'n_units_l1': 1696, 'n_units_l2': 1568, 'n_units_l3': 3744, 'n_units_l4': 1824, 'n_units_l5': 3488, 'n_units_l6': 352, 'n_units_l7': 896, 'n_units_l8': 2944, 'n_units_l9': 1056, 'lr': 0.035905737716104974}. Best is trial 0 with value: 146.89743041992188.
[I 2025-03-21 23:27:29,599] Trial 27 finished with value: 93.30274200439453 and parameters: {'n_units_l0': 2432, 'n_units_l1': 3776, 'n_units_l2': 800, 'n_units_l3': 3520, 'n_units_l4': 1856, 'n_units_l5': 256, 'n_units_l6': 1184, 'n_units_l7': 1696, 'n_units_l8': 2304, 'lr': 0.00010524942653323643}. Best is trial 27 with value: 93.30274200439453.
[I 2025-03-21 23:27:30,133] Trial 1 finished with value: 125.96171569824219 and parameters: {'n_units_l0': 1344, 'n_units_l1': 352, 'n_units_l2': 320, 'n_units_l3': 2336, 'n_units_l4': 3104, 'n_units_l5': 1184, 'n_units_l6': 928, 'n_units_l7': 1696, 'n_units_l8': 800, 'n_units_l9': 3520, 'lr': 0.023878736432802236}. Best is trial 1 with value: 125.96171569824219.
[I 2025-03-21 23:27:32,009] Trial 28 finished with value: 97.16026306152344 and parameters: {'n_units_l0': 3264, 'n_units_l1': 3744, 'n_units_l2': 64, 'n_units_l3': 3488, 'n_units_l4': 1888, 'n_units_l5': 448, 'n_units_l6': 832, 'n_units_l7': 2624, 'n_units_l8': 2336, 'lr': 0.0007937275580339534}. Best is trial 27 with value: 93.30274200439453.
[I 2025-03-21 23:27:32,252] Trial 29 pruned. 
[I 2025-03-21 23:27:32,489] Trial 30 pruned. 
[I 2025-03-21 23:27:32,703] Trial 2 finished with value: inf and parameters: {'n_units_l0': 160, 'n_units_l1': 2944, 'n_units_l2': 1632, 'n_units_l3': 3904, 'n_units_l4': 1792, 'n_units_l5': 1888, 'n_units_l6': 2112, 'n_units_l7': 2080, 'n_units_l8': 2912, 'n_units_l9': 2240, 'lr': 0.09374420090555069}. Best is trial 1 with value: 125.96171569824219.
[I 2025-03-21 23:27:34,708] Trial 3 finished with value: 126.03175354003906 and parameters: {'n_units_l0': 1056, 'n_units_l1': 2592, 'n_units_l2': 128, 'n_units_l3': 1056, 'n_units_l4': 2240, 'n_units_l5': 512, 'n_units_l6': 3808, 'n_units_l7': 2528, 'n_units_l8': 2080, 'n_units_l9': 2912, 'lr': 0.030602808127971504}. Best is trial 1 with value: 125.96171569824219.
[I 2025-03-21 23:27:34,816] Trial 31 finished with value: 93.35980987548828 and parameters: {'n_units_l0': 2560, 'n_units_l1': 3360, 'n_units_l2': 960, 'n_units_l3': 3040, 'n_units_l4': 1120, 'n_units_l5': 672, 'n_units_l6': 544, 'n_units_l7': 2400, 'n_units_l8': 2816, 'lr': 0.0006202468791627707}. Best is trial 27 with value: 93.30274200439453.
[I 2025-03-21 23:27:35,282] Trial 32 pruned. 
[I 2025-03-21 23:27:35,561] Trial 33 pruned. 
[I 2025-03-21 23:27:35,815] Trial 34 pruned. 
[I 2025-03-21 23:27:35,974] Trial 35 pruned. 
[I 2025-03-21 23:27:36,321] Trial 4 finished with value: 126.01280212402344 and parameters: {'n_units_l0': 1248, 'n_units_l1': 1760, 'n_units_l2': 2880, 'n_units_l3': 32, 'n_units_l4': 992, 'n_units_l5': 3808, 'n_units_l6': 3168, 'n_units_l7': 32, 'n_units_l8': 992, 'n_units_l9': 256, 'lr': 0.052174786118216444}. Best is trial 1 with value: 125.96171569824219.
[I 2025-03-21 23:27:36,413] Trial 5 pruned. 
[I 2025-03-21 23:27:36,566] Trial 36 pruned. 
[I 2025-03-21 23:27:36,616] Trial 6 pruned. 
[I 2025-03-21 23:27:36,748] Trial 7 pruned. 
[I 2025-03-21 23:27:36,793] Trial 37 pruned. 
[I 2025-03-21 23:27:36,924] Trial 8 pruned. 
[I 2025-03-21 23:27:36,958] Trial 38 pruned. 
[I 2025-03-21 23:27:37,140] Trial 39 pruned. 
[I 2025-03-21 23:27:37,149] Trial 9 pruned. 
[I 2025-03-21 23:27:37,456] Trial 40 pruned. 
[I 2025-03-21 23:27:37,987] Trial 41 pruned. 
[I 2025-03-21 23:27:40,148] Trial 42 finished with value: 111.8490219116211 and parameters: {'n_units_l0': 1696, 'n_units_l1': 3648, 'n_units_l2': 800, 'n_units_l3': 3456, 'n_units_l4': 1376, 'n_units_l5': 864, 'n_units_l6': 544, 'n_units_l7': 2656, 'n_units_l8': 1312, 'lr': 0.003943924513143992}. Best is trial 27 with value: 93.30274200439453.
[I 2025-03-21 23:27:40,398] Trial 43 pruned. 
[I 2025-03-21 23:27:40,977] Trial 10 finished with value: 126.1219711303711 and parameters: {'n_units_l0': 4096, 'n_units_l1': 3936, 'n_units_l2': 32, 'n_units_l3': 2272, 'n_units_l4': 4032, 'n_units_l5': 1024, 'n_units_l6': 1280, 'n_units_l7': 4096, 'n_units_l8': 3904, 'n_units_l9': 3936, 'lr': 0.004749718097861538}. Best is trial 1 with value: 125.96171569824219.
[I 2025-03-21 23:27:42,450] Trial 11 finished with value: 81.7640380859375 and parameters: {'n_units_l0': 224, 'n_units_l1': 128, 'n_units_l2': 736, 'n_units_l3': 2176, 'n_units_l4': 512, 'n_units_l5': 3904, 'n_units_l6': 3680, 'n_units_l7': 160, 'n_units_l8': 32, 'n_units_l9': 1568, 'lr': 0.0018592127134233472}. Best is trial 11 with value: 81.7640380859375.
[I 2025-03-21 23:27:42,885] Trial 44 finished with value: 95.889404296875 and parameters: {'n_units_l0': 1184, 'n_units_l1': 3904, 'n_units_l2': 224, 'n_units_l3': 3776, 'n_units_l4': 2752, 'n_units_l5': 992, 'n_units_l6': 800, 'n_units_l7': 3328, 'n_units_l8': 2048, 'lr': 0.0004197090380562758}. Best is trial 27 with value: 93.30274200439453.
[I 2025-03-21 23:27:43,116] Trial 45 pruned. 
[I 2025-03-21 23:27:43,410] Trial 46 pruned. 
[I 2025-03-21 23:27:43,750] Trial 12 finished with value: 97.33527374267578 and parameters: {'n_units_l0': 192, 'n_units_l1': 64, 'n_units_l2': 736, 'n_units_l3': 2432, 'n_units_l4': 32, 'n_units_l5': 2720, 'n_units_l6': 1184, 'n_units_l7': 1504, 'n_units_l8': 128, 'n_units_l9': 1600, 'lr': 0.0009083728536532394}. Best is trial 11 with value: 81.7640380859375.
[I 2025-03-21 23:27:43,763] Trial 47 pruned. 
[I 2025-03-21 23:27:45,002] Trial 13 finished with value: 41.667076110839844 and parameters: {'n_units_l0': 96, 'n_units_l1': 96, 'n_units_l2': 832, 'n_units_l3': 2848, 'n_units_l4': 32, 'n_units_l5': 2816, 'n_units_l6': 4032, 'n_units_l7': 512, 'n_units_l8': 224, 'n_units_l9': 1664, 'lr': 0.0016005691481643441}. Best is trial 13 with value: 41.667076110839844.
[I 2025-03-21 23:27:45,264] Trial 14 pruned. 
[I 2025-03-21 23:27:45,644] Trial 15 pruned. 
[I 2025-03-21 23:27:45,814] Trial 16 pruned. 
[I 2025-03-21 23:27:45,937] Trial 48 finished with value: 99.6305160522461 and parameters: {'n_units_l0': 3072, 'n_units_l1': 480, 'n_units_l2': 32, 'n_units_l3': 3648, 'n_units_l4': 1888, 'n_units_l5': 800, 'n_units_l6': 256, 'n_units_l7': 4000, 'n_units_l8': 3456, 'lr': 0.0004827565973774923}. Best is trial 27 with value: 93.30274200439453.
[I 2025-03-21 23:27:46,044] Trial 17 pruned. 
[I 2025-03-21 23:27:46,127] Trial 49 pruned. 
[I 2025-03-21 23:27:46,419] Trial 18 pruned. 
[I 2025-03-21 23:27:46,426] Trial 50 pruned. 
[I 2025-03-21 23:27:46,623] Trial 19 pruned. 
[I 2025-03-21 23:27:46,793] Trial 20 pruned. 
[I 2025-03-21 23:27:47,985] Trial 21 finished with value: 97.92463684082031 and parameters: {'n_units_l0': 32, 'n_units_l1': 32, 'n_units_l2': 800, 'n_units_l3': 2496, 'n_units_l4': 96, 'n_units_l5': 2720, 'n_units_l6': 1536, 'n_units_l7': 1472, 'n_units_l8': 32, 'n_units_l9': 1760, 'lr': 0.0003741682575163014}. Best is trial 13 with value: 41.667076110839844.
[I 2025-03-21 23:27:48,521] Trial 51 finished with value: 111.074462890625 and parameters: {'n_units_l0': 640, 'n_units_l1': 3136, 'n_units_l2': 960, 'n_units_l3': 2944, 'n_units_l4': 3584, 'n_units_l5': 608, 'n_units_l6': 672, 'n_units_l7': 672, 'n_units_l8': 1088, 'lr': 0.0034258975456805123}. Best is trial 27 with value: 93.30274200439453.
[I 2025-03-21 23:27:48,702] Trial 52 pruned. 
[I 2025-03-21 23:27:48,917] Trial 53 pruned. 
[I 2025-03-21 23:27:49,266] Trial 22 finished with value: 126.62361907958984 and parameters: {'n_units_l0': 416, 'n_units_l1': 32, 'n_units_l2': 640, 'n_units_l3': 2016, 'n_units_l4': 32, 'n_units_l5': 4096, 'n_units_l6': 608, 'n_units_l7': 512, 'n_units_l8': 288, 'n_units_l9': 1696, 'lr': 0.009173014854520729}. Best is trial 13 with value: 41.667076110839844.
[I 2025-03-21 23:27:49,381] Trial 23 pruned. 
[I 2025-03-21 23:27:49,482] Trial 24 pruned. 
[I 2025-03-21 23:27:49,654] Trial 25 pruned. 
[I 2025-03-21 23:27:49,726] Trial 54 pruned. 
[I 2025-03-21 23:27:49,841] Trial 26 pruned. 
[I 2025-03-21 23:27:49,870] Trial 55 pruned. 
[I 2025-03-21 23:27:49,987] Trial 27 pruned. 
[I 2025-03-21 23:27:50,044] Trial 56 pruned. 
[I 2025-03-21 23:27:50,215] Trial 28 pruned. 
[I 2025-03-21 23:27:50,497] Trial 29 pruned. 
[I 2025-03-21 23:27:50,705] Trial 30 pruned. 
[I 2025-03-21 23:27:51,914] Trial 31 finished with value: 97.85940551757812 and parameters: {'n_units_l0': 32, 'n_units_l1': 192, 'n_units_l2': 864, 'n_units_l3': 2496, 'n_units_l4': 96, 'n_units_l5': 2688, 'n_units_l6': 1696, 'n_units_l7': 1472, 'n_units_l8': 32, 'n_units_l9': 1792, 'lr': 0.0007400516165580846}. Best is trial 13 with value: 41.667076110839844.
[I 2025-03-21 23:27:52,007] Trial 32 pruned. 
[I 2025-03-21 23:27:52,141] Trial 33 pruned. 
[I 2025-03-21 23:27:52,263] Trial 57 finished with value: 94.27101135253906 and parameters: {'n_units_l0': 1952, 'n_units_l1': 2688, 'n_units_l2': 3392, 'n_units_l3': 864, 'n_units_l4': 3104, 'n_units_l5': 1216, 'n_units_l6': 160, 'n_units_l7': 704, 'n_units_l8': 1600, 'lr': 4.2639241866094504e-05}. Best is trial 27 with value: 93.30274200439453.
[I 2025-03-21 23:27:52,466] Trial 58 pruned. 
[I 2025-03-21 23:27:52,509] Trial 34 pruned. 
[I 2025-03-21 23:27:52,613] Trial 59 pruned. 
[I 2025-03-21 23:27:52,678] Trial 35 pruned. 
[I 2025-03-21 23:27:52,782] Trial 60 pruned. 
[I 2025-03-21 23:27:52,977] Trial 36 pruned. 
[I 2025-03-21 23:27:53,203] Trial 37 pruned. 
[I 2025-03-21 23:27:53,398] Trial 38 pruned. 
[I 2025-03-21 23:27:53,540] Trial 39 pruned. 
[I 2025-03-21 23:27:53,634] Trial 40 pruned. 
[I 2025-03-21 23:27:53,789] Trial 41 pruned. 
[I 2025-03-21 23:27:53,955] Trial 42 pruned. 
[I 2025-03-21 23:27:54,116] Trial 43 pruned. 
[I 2025-03-21 23:27:54,324] Trial 44 pruned. 
[I 2025-03-21 23:27:54,549] Trial 45 pruned. 
[I 2025-03-21 23:27:54,672] Trial 46 pruned. 
[I 2025-03-21 23:27:54,789] Trial 47 pruned. 
[I 2025-03-21 23:27:55,038] Trial 48 pruned. 
[I 2025-03-21 23:27:55,172] Trial 61 finished with value: 92.63768005371094 and parameters: {'n_units_l0': 1248, 'n_units_l1': 3296, 'n_units_l2': 3456, 'n_units_l3': 1120, 'n_units_l4': 3008, 'n_units_l5': 832, 'n_units_l6': 896, 'n_units_l7': 1088, 'n_units_l8': 672, 'lr': 0.0002524273607303744}. Best is trial 61 with value: 92.63768005371094.
[I 2025-03-21 23:27:55,241] Trial 49 pruned. 
[I 2025-03-21 23:27:55,409] Trial 62 pruned. 
[I 2025-03-21 23:27:55,502] Trial 50 pruned. 
[I 2025-03-21 23:27:55,689] Trial 51 pruned. 
[I 2025-03-21 23:27:55,841] Trial 52 pruned. 
[I 2025-03-21 23:27:56,033] Trial 53 pruned. 
[I 2025-03-21 23:27:56,189] Trial 54 pruned. 
[I 2025-03-21 23:27:56,365] Trial 55 pruned. 
[I 2025-03-21 23:27:56,468] Trial 56 pruned. 
[I 2025-03-21 23:27:56,584] Trial 57 pruned. 
[I 2025-03-21 23:27:56,777] Trial 58 pruned. 
[I 2025-03-21 23:27:56,883] Trial 59 pruned. 
[I 2025-03-21 23:27:57,207] Trial 60 pruned. 
[I 2025-03-21 23:27:57,373] Trial 61 pruned. 
[I 2025-03-21 23:27:57,527] Trial 62 pruned. 
[I 2025-03-21 23:27:57,650] Trial 63 finished with value: 93.0585708618164 and parameters: {'n_units_l0': 2208, 'n_units_l1': 3008, 'n_units_l2': 3232, 'n_units_l3': 704, 'n_units_l4': 2816, 'n_units_l5': 800, 'n_units_l6': 640, 'n_units_l7': 1024, 'n_units_l8': 1248, 'lr': 2.559638951671122e-05}. Best is trial 61 with value: 92.63768005371094.
[I 2025-03-21 23:27:57,790] Trial 63 pruned. 
[I 2025-03-21 23:27:57,822] Trial 64 pruned. 
[I 2025-03-21 23:27:58,011] Trial 64 pruned. 
[I 2025-03-21 23:27:58,030] Trial 65 pruned. 
[I 2025-03-21 23:27:58,246] Trial 65 pruned. 
[I 2025-03-21 23:27:58,376] Trial 66 pruned. 
[I 2025-03-21 23:27:58,545] Trial 67 pruned. 
[I 2025-03-21 23:27:58,728] Trial 68 pruned. 
[I 2025-03-21 23:27:59,051] Trial 69 pruned. 
[I 2025-03-21 23:27:59,311] Trial 70 pruned. 
[I 2025-03-21 23:27:59,523] Trial 71 pruned. 
[I 2025-03-21 23:27:59,718] Trial 72 pruned. 
[I 2025-03-21 23:27:59,880] Trial 73 pruned. 
[I 2025-03-21 23:28:00,079] Trial 74 pruned. 
[I 2025-03-21 23:28:00,333] Trial 66 finished with value: 102.25486755371094 and parameters: {'n_units_l0': 2368, 'n_units_l1': 2432, 'n_units_l2': 3904, 'n_units_l3': 320, 'n_units_l4': 2496, 'n_units_l5': 1504, 'n_units_l6': 1536, 'n_units_l7': 544, 'n_units_l8': 1344, 'lr': 0.0005003820334297695}. Best is trial 61 with value: 92.63768005371094.
[I 2025-03-21 23:28:00,341] Trial 75 pruned. 
[I 2025-03-21 23:28:00,485] Trial 67 pruned. 
[I 2025-03-21 23:28:00,636] Trial 68 pruned. 
[I 2025-03-21 23:28:00,819] Trial 69 pruned. 
[I 2025-03-21 23:28:01,103] Trial 70 pruned. 
[I 2025-03-21 23:28:03,449] Trial 76 finished with value: 97.81303405761719 and parameters: {'n_units_l0': 1760, 'n_units_l1': 2784, 'n_units_l2': 2080, 'n_units_l3': 2272, 'n_units_l4': 3136, 'n_units_l5': 3520, 'n_units_l6': 1280, 'n_units_l7': 2976, 'n_units_l8': 1888, 'n_units_l9': 832, 'lr': 0.00016793180098960436}. Best is trial 13 with value: 41.667076110839844.
[I 2025-03-21 23:28:03,703] Trial 77 pruned. 
[I 2025-03-21 23:28:03,979] Trial 71 finished with value: 93.69249725341797 and parameters: {'n_units_l0': 2656, 'n_units_l1': 3968, 'n_units_l2': 3520, 'n_units_l3': 448, 'n_units_l4': 2848, 'n_units_l5': 320, 'n_units_l6': 672, 'n_units_l7': 2304, 'n_units_l8': 2368, 'lr': 4.56149444835057e-05}. Best is trial 61 with value: 92.63768005371094.
[I 2025-03-21 23:28:04,031] Trial 78 pruned. 
[I 2025-03-21 23:28:04,209] Trial 72 pruned. 
[I 2025-03-21 23:28:04,437] Trial 79 pruned. 
[I 2025-03-21 23:28:04,504] Trial 73 pruned. 
[I 2025-03-21 23:28:04,738] Trial 80 pruned. 
[I 2025-03-21 23:28:05,242] Trial 74 pruned. 
[I 2025-03-21 23:28:05,463] Trial 75 pruned. 
[I 2025-03-21 23:28:05,667] Trial 76 pruned. 
[I 2025-03-21 23:28:05,863] Trial 77 pruned. 
[I 2025-03-21 23:28:06,128] Trial 78 pruned. 
[I 2025-03-21 23:28:06,359] Trial 79 pruned. 
[I 2025-03-21 23:28:06,648] Trial 80 pruned. 
[I 2025-03-21 23:28:06,875] Trial 81 finished with value: 97.99187469482422 and parameters: {'n_units_l0': 128, 'n_units_l1': 3168, 'n_units_l2': 576, 'n_units_l3': 1888, 'n_units_l4': 3168, 'n_units_l5': 2880, 'n_units_l6': 800, 'n_units_l7': 2880, 'n_units_l8': 2304, 'n_units_l9': 1376, 'lr': 0.0002900135294850302}. Best is trial 13 with value: 41.667076110839844.
[I 2025-03-21 23:28:08,927] Trial 81 finished with value: 93.98273468017578 and parameters: {'n_units_l0': 3296, 'n_units_l1': 3968, 'n_units_l2': 192, 'n_units_l3': 1472, 'n_units_l4': 1472, 'n_units_l5': 416, 'n_units_l6': 1088, 'n_units_l7': 2624, 'n_units_l8': 2304, 'lr': 0.0002780988567907789}. Best is trial 61 with value: 92.63768005371094.
[I 2025-03-21 23:28:09,076] Trial 82 finished with value: 98.54177856445312 and parameters: {'n_units_l0': 224, 'n_units_l1': 3360, 'n_units_l2': 544, 'n_units_l3': 2784, 'n_units_l4': 2784, 'n_units_l5': 2848, 'n_units_l6': 832, 'n_units_l7': 3104, 'n_units_l8': 2272, 'n_units_l9': 864, 'lr': 0.00026739821178269367}. Best is trial 13 with value: 41.667076110839844.
[I 2025-03-21 23:28:09,125] Trial 82 pruned. 
[I 2025-03-21 23:28:09,291] Trial 83 pruned. 
[I 2025-03-21 23:28:11,497] Trial 83 finished with value: 102.90192413330078 and parameters: {'n_units_l0': 3488, 'n_units_l1': 3808, 'n_units_l2': 384, 'n_units_l3': 896, 'n_units_l4': 1184, 'n_units_l5': 576, 'n_units_l6': 800, 'n_units_l7': 2752, 'n_units_l8': 2368, 'lr': 0.00021060953015831707}. Best is trial 61 with value: 92.63768005371094.
[I 2025-03-21 23:28:11,688] Trial 84 finished with value: 98.10784912109375 and parameters: {'n_units_l0': 256, 'n_units_l1': 3776, 'n_units_l2': 416, 'n_units_l3': 2784, 'n_units_l4': 2848, 'n_units_l5': 2624, 'n_units_l6': 896, 'n_units_l7': 2944, 'n_units_l8': 2784, 'n_units_l9': 928, 'lr': 0.00014636937515919845}. Best is trial 13 with value: 41.667076110839844.
[I 2025-03-21 23:28:11,745] Trial 84 pruned. 
[I 2025-03-21 23:28:11,998] Trial 85 pruned. 
[I 2025-03-21 23:28:12,087] Trial 85 pruned. 
[I 2025-03-21 23:28:12,129] Trial 86 pruned. 
[I 2025-03-21 23:28:12,323] Trial 86 pruned. 
[I 2025-03-21 23:28:12,405] Trial 87 pruned. 
[I 2025-03-21 23:28:12,583] Trial 87 pruned. 
[I 2025-03-21 23:28:12,712] Trial 88 pruned. 
[I 2025-03-21 23:28:12,797] Trial 88 pruned. 
[I 2025-03-21 23:28:12,865] Trial 89 pruned. 
[I 2025-03-21 23:28:13,066] Trial 90 pruned. 
[I 2025-03-21 23:28:13,073] Trial 89 pruned. 
[I 2025-03-21 23:28:13,310] Trial 90 pruned. 
[I 2025-03-21 23:28:13,418] Trial 91 pruned. 
[I 2025-03-21 23:28:13,563] Trial 91 pruned. 
[I 2025-03-21 23:28:13,603] Trial 92 pruned. 
[I 2025-03-21 23:28:13,848] Trial 93 pruned. 
[I 2025-03-21 23:28:14,062] Trial 94 pruned. 
[I 2025-03-21 23:28:14,229] Trial 95 pruned. 
[I 2025-03-21 23:28:14,382] Trial 96 pruned. 
[I 2025-03-21 23:28:14,528] Trial 97 pruned. 
[I 2025-03-21 23:28:14,772] Trial 98 pruned. 
[I 2025-03-21 23:28:15,063] Trial 99 pruned. 
[I 2025-03-21 23:28:15,072] A new study created in memory with name: no-name-57918d42-e11f-4fff-9424-55a45e862241
[I 2025-03-21 23:28:15,668] Trial 92 finished with value: 98.52039337158203 and parameters: {'n_units_l0': 320, 'n_units_l1': 3776, 'n_units_l2': 416, 'n_units_l3': 2400, 'n_units_l4': 3200, 'n_units_l5': 2272, 'n_units_l6': 800, 'n_units_l7': 2880, 'n_units_l8': 2144, 'n_units_l9': 1440, 'lr': 0.00011136040200732621}. Best is trial 13 with value: 41.667076110839844.
[I 2025-03-21 23:28:17,093] Trial 0 finished with value: 126.04252624511719 and parameters: {'n_units_l0': 480, 'n_units_l1': 832, 'n_units_l2': 1440, 'n_units_l3': 352, 'n_units_l4': 3552, 'n_units_l5': 2880, 'n_units_l6': 3424, 'n_units_l7': 352, 'n_units_l8': 992, 'n_units_l9': 1408, 'n_units_l10': 3200, 'lr': 0.032308405134049735}. Best is trial 0 with value: 126.04252624511719.
