[I 2025-03-21 23:36:12,063] Trial 4 finished with value: 52.91987826266397 and parameters: {'n_units_l0': 2240, 'n_units_l1': 4064, 'lr': 0.06185275101509198}. Best is trial 3 with value: 49.72926807601012.
[I 2025-03-21 23:36:12,115] Trial 5 pruned. 
[I 2025-03-21 23:36:12,161] Trial 6 pruned. 
[I 2025-03-21 23:36:12,198] Trial 45 pruned. 
[I 2025-03-21 23:36:12,216] Trial 7 pruned. 
[I 2025-03-21 23:36:12,277] Trial 8 pruned. 
[I 2025-03-21 23:36:12,318] Trial 9 pruned. 
[I 2025-03-21 23:36:12,383] Trial 10 pruned. 
[I 2025-03-21 23:36:12,437] Trial 46 pruned. 
[I 2025-03-21 23:36:12,443] Trial 11 pruned. 
[I 2025-03-21 23:36:12,522] Trial 12 pruned. 
[I 2025-03-21 23:36:12,577] Trial 13 pruned. 
[I 2025-03-21 23:36:12,681] Trial 47 pruned. 
[I 2025-03-21 23:36:12,687] Trial 14 pruned. 
[I 2025-03-21 23:36:12,738] Trial 15 pruned. 
[I 2025-03-21 23:36:12,856] Trial 16 pruned. 
[I 2025-03-21 23:36:12,902] Trial 17 pruned. 
[I 2025-03-21 23:36:12,917] Trial 48 pruned. 
[I 2025-03-21 23:36:13,001] Trial 18 pruned. 
[I 2025-03-21 23:36:13,039] Trial 19 pruned. 
[I 2025-03-21 23:36:13,104] Trial 20 pruned. 
[I 2025-03-21 23:36:13,288] Trial 49 pruned. 
[I 2025-03-21 23:36:13,677] Trial 50 pruned. 
[I 2025-03-21 23:36:14,022] Trial 51 pruned. 
[I 2025-03-21 23:36:14,148] Trial 21 pruned. 
[I 2025-03-21 23:36:14,215] Trial 22 pruned. 
[I 2025-03-21 23:36:14,241] Trial 52 pruned. 
[I 2025-03-21 23:36:14,247] Trial 23 pruned. 
[I 2025-03-21 23:36:14,289] Trial 24 pruned. 
[I 2025-03-21 23:36:14,624] Trial 53 pruned. 
[I 2025-03-21 23:36:14,709] Trial 25 pruned. 
[I 2025-03-21 23:36:14,762] Trial 26 pruned. 
[I 2025-03-21 23:36:14,855] Trial 54 pruned. 
[I 2025-03-21 23:36:14,859] Trial 27 pruned. 
[I 2025-03-21 23:36:14,895] Trial 28 pruned. 
[I 2025-03-21 23:36:14,941] Trial 29 pruned. 
[I 2025-03-21 23:36:14,977] Trial 30 pruned. 
[I 2025-03-21 23:36:15,021] Trial 31 pruned. 
[I 2025-03-21 23:36:15,066] Trial 32 pruned. 
[I 2025-03-21 23:36:15,136] Trial 55 pruned. 
[I 2025-03-21 23:36:15,138] Trial 33 pruned. 
[I 2025-03-21 23:36:15,221] Trial 34 pruned. 
[I 2025-03-21 23:36:15,302] Trial 35 pruned. 
[I 2025-03-21 23:36:15,361] Trial 36 pruned. 
[I 2025-03-21 23:36:15,418] Trial 56 pruned. 
[I 2025-03-21 23:36:15,454] Trial 37 pruned. 
[I 2025-03-21 23:36:15,559] Trial 38 pruned. 
[I 2025-03-21 23:36:15,609] Trial 39 pruned. 
[I 2025-03-21 23:36:15,614] Trial 57 pruned. 
[I 2025-03-21 23:36:15,659] Trial 40 pruned. 
[I 2025-03-21 23:36:15,701] Trial 41 pruned. 
[I 2025-03-21 23:36:15,756] Trial 42 pruned. 
[I 2025-03-21 23:36:15,810] Trial 43 pruned. 
[I 2025-03-21 23:36:15,846] Trial 58 pruned. 
[I 2025-03-21 23:36:15,851] Trial 44 pruned. 
[I 2025-03-21 23:36:15,910] Trial 45 pruned. 
[I 2025-03-21 23:36:15,960] Trial 46 pruned. 
[I 2025-03-21 23:36:16,029] Trial 47 pruned. 
[I 2025-03-21 23:36:16,189] Trial 59 pruned. 
[I 2025-03-21 23:36:16,745] Trial 60 pruned. 
[I 2025-03-21 23:36:17,973] Trial 48 finished with value: 46.74490719749814 and parameters: {'n_units_l0': 3872, 'n_units_l1': 864, 'lr': 0.05905284935646319}. Best is trial 48 with value: 46.74490719749814.
[I 2025-03-21 23:36:18,011] Trial 49 pruned. 
[I 2025-03-21 23:36:18,057] Trial 50 pruned. 
[I 2025-03-21 23:36:18,112] Trial 51 pruned. 
[I 2025-03-21 23:36:18,156] Trial 52 pruned. 
[I 2025-03-21 23:36:18,210] Trial 53 pruned. 
[I 2025-03-21 23:36:18,262] Trial 54 pruned. 
[I 2025-03-21 23:36:18,326] Trial 55 pruned. 
[I 2025-03-21 23:36:20,161] Trial 56 finished with value: 52.20933387393043 and parameters: {'n_units_l0': 1184, 'n_units_l1': 1600, 'lr': 0.037971004444405126}. Best is trial 48 with value: 46.74490719749814.
[I 2025-03-21 23:36:20,222] Trial 57 pruned. 
[I 2025-03-21 23:36:20,264] Trial 58 pruned. 
[I 2025-03-21 23:36:20,333] Trial 61 finished with value: 41.543250234503496 and parameters: {'n_units_l0': 192, 'n_units_l1': 992, 'n_units_l2': 1536, 'n_units_l3': 4096, 'n_units_l4': 32, 'n_units_l5': 1632, 'n_units_l6': 2432, 'n_units_l7': 1600, 'n_units_l8': 3392, 'n_units_l9': 3072, 'n_units_l10': 128, 'n_units_l11': 1472, 'lr': 0.0007828801161115761}. Best is trial 23 with value: 40.95242189106188.
[I 2025-03-21 23:36:20,371] Trial 59 pruned. 
[I 2025-03-21 23:36:20,407] Trial 60 pruned. 
[I 2025-03-21 23:36:20,528] Trial 61 pruned. 
[I 2025-03-21 23:36:20,571] Trial 62 pruned. 
[I 2025-03-21 23:36:20,589] Trial 62 pruned. 
[I 2025-03-21 23:36:20,625] Trial 63 pruned. 
[I 2025-03-21 23:36:22,333] Trial 63 pruned. 
[I 2025-03-21 23:36:22,561] Trial 64 finished with value: 49.08110027431701 and parameters: {'n_units_l0': 192, 'n_units_l1': 2368, 'lr': 0.038892808922630015}. Best is trial 48 with value: 46.74490719749814.
[I 2025-03-21 23:36:24,401] Trial 65 finished with value: 51.76916364902789 and parameters: {'n_units_l0': 128, 'n_units_l1': 2272, 'lr': 0.03683256312236323}. Best is trial 48 with value: 46.74490719749814.
[I 2025-03-21 23:36:24,453] Trial 66 pruned. 
[I 2025-03-21 23:36:24,527] Trial 67 pruned. 
[I 2025-03-21 23:36:24,783] Trial 64 finished with value: 97.69169215152138 and parameters: {'n_units_l0': 32, 'n_units_l1': 1056, 'n_units_l2': 1344, 'n_units_l3': 4064, 'n_units_l4': 672, 'n_units_l5': 896, 'n_units_l6': 2336, 'n_units_l7': 2240, 'n_units_l8': 224, 'n_units_l9': 2752, 'n_units_l10': 32, 'n_units_l11': 1888, 'lr': 0.0005660089242342367}. Best is trial 23 with value: 40.95242189106188.
[I 2025-03-21 23:36:25,032] Trial 65 pruned. 
[I 2025-03-21 23:36:25,261] Trial 66 pruned. 
[I 2025-03-21 23:36:25,479] Trial 67 pruned. 
[I 2025-03-21 23:36:25,777] Trial 68 pruned. 
[I 2025-03-21 23:36:26,007] Trial 69 pruned. 
[I 2025-03-21 23:36:26,314] Trial 70 pruned. 
[I 2025-03-21 23:36:26,447] Trial 68 finished with value: 44.06891970901015 and parameters: {'n_units_l0': 224, 'n_units_l1': 2080, 'lr': 0.04477872245864422}. Best is trial 68 with value: 44.06891970901015.
[I 2025-03-21 23:36:26,482] Trial 69 pruned. 
[I 2025-03-21 23:36:26,549] Trial 71 pruned. 
[I 2025-03-21 23:36:26,607] Trial 70 pruned. 
[I 2025-03-21 23:36:26,797] Trial 72 pruned. 
[I 2025-03-21 23:36:27,070] Trial 73 pruned. 
[I 2025-03-21 23:36:27,340] Trial 74 pruned. 
[I 2025-03-21 23:36:27,674] Trial 75 pruned. 
[I 2025-03-21 23:36:28,201] Trial 76 pruned. 
[I 2025-03-21 23:36:28,528] Trial 71 finished with value: 45.21069252219506 and parameters: {'n_units_l0': 256, 'n_units_l1': 2016, 'lr': 0.046947969966926885}. Best is trial 68 with value: 44.06891970901015.
[I 2025-03-21 23:36:28,563] Trial 72 pruned. 
[I 2025-03-21 23:36:28,564] Trial 77 pruned. 
[I 2025-03-21 23:36:28,598] Trial 73 pruned. 
[I 2025-03-21 23:36:28,785] Trial 78 pruned. 
[I 2025-03-21 23:36:28,992] Trial 79 pruned. 
[I 2025-03-21 23:36:29,210] Trial 80 pruned. 
[I 2025-03-21 23:36:29,667] Trial 81 pruned. 
[I 2025-03-21 23:36:29,978] Trial 82 pruned. 
[I 2025-03-21 23:36:30,418] Trial 74 finished with value: 44.50172070489413 and parameters: {'n_units_l0': 128, 'n_units_l1': 1728, 'lr': 0.05213200238715065}. Best is trial 68 with value: 44.06891970901015.
[I 2025-03-21 23:36:30,469] Trial 75 pruned. 
[I 2025-03-21 23:36:30,505] Trial 76 pruned. 
[I 2025-03-21 23:36:30,539] Trial 77 pruned. 
[I 2025-03-21 23:36:30,579] Trial 78 pruned. 
[I 2025-03-21 23:36:30,706] Trial 79 pruned. 
[I 2025-03-21 23:36:30,739] Trial 80 pruned. 
[I 2025-03-21 23:36:30,811] Trial 81 pruned. 
[I 2025-03-21 23:36:30,899] Trial 82 pruned. 
[I 2025-03-21 23:36:30,933] Trial 83 pruned. 
[I 2025-03-21 23:36:30,969] Trial 84 pruned. 
[I 2025-03-21 23:36:31,011] Trial 85 pruned. 
[I 2025-03-21 23:36:31,139] Trial 86 pruned. 
[I 2025-03-21 23:36:31,305] Trial 87 pruned. 
[I 2025-03-21 23:36:31,342] Trial 88 pruned. 
[I 2025-03-21 23:36:31,413] Trial 83 pruned. 
[I 2025-03-21 23:36:31,433] Trial 89 pruned. 
[I 2025-03-21 23:36:31,472] Trial 90 pruned. 
[I 2025-03-21 23:36:31,512] Trial 91 pruned. 
[I 2025-03-21 23:36:31,565] Trial 92 pruned. 
[I 2025-03-21 23:36:31,607] Trial 84 pruned. 
[I 2025-03-21 23:36:31,610] Trial 93 pruned. 
[I 2025-03-21 23:36:31,647] Trial 94 pruned. 
[I 2025-03-21 23:36:31,831] Trial 95 pruned. 
[I 2025-03-21 23:36:31,854] Trial 85 pruned. 
[I 2025-03-21 23:36:31,873] Trial 96 pruned. 
[I 2025-03-21 23:36:31,923] Trial 97 pruned. 
[I 2025-03-21 23:36:31,969] Trial 98 pruned. 
[I 2025-03-21 23:36:32,005] Trial 99 pruned. 
[I 2025-03-21 23:36:32,015] A new study created in memory with name: no-name-689700a0-a4b4-4bd0-b6ea-f57bc6440d01
[I 2025-03-21 23:36:32,326] Trial 86 pruned. 
[I 2025-03-21 23:36:32,526] Trial 87 pruned. 
[I 2025-03-21 23:36:32,827] Trial 88 pruned. 
[I 2025-03-21 23:36:33,051] Trial 89 pruned. 
[I 2025-03-21 23:36:33,333] Trial 90 pruned. 
[I 2025-03-21 23:36:33,610] Trial 91 pruned. 
[I 2025-03-21 23:36:33,998] Trial 0 finished with value: 85.75286997645354 and parameters: {'n_units_l0': 1760, 'n_units_l1': 1888, 'n_units_l2': 3488, 'lr': 0.03900108769854598}. Best is trial 0 with value: 85.75286997645354.
[I 2025-03-21 23:36:36,065] Trial 1 finished with value: 43.85484377017691 and parameters: {'n_units_l0': 1344, 'n_units_l1': 1664, 'n_units_l2': 2656, 'lr': 0.04716487163249666}. Best is trial 1 with value: 43.85484377017691.
[I 2025-03-21 23:36:36,586] Trial 92 finished with value: 96.58687149850945 and parameters: {'n_units_l0': 288, 'n_units_l1': 2528, 'n_units_l2': 1088, 'n_units_l3': 2336, 'n_units_l4': 2080, 'n_units_l5': 1088, 'n_units_l6': 832, 'n_units_l7': 640, 'n_units_l8': 2976, 'n_units_l9': 992, 'n_units_l10': 1568, 'n_units_l11': 2720, 'lr': 5.013322225393992e-05}. Best is trial 23 with value: 40.95242189106188.
[I 2025-03-21 23:36:36,844] Trial 93 pruned. 
[I 2025-03-21 23:36:37,106] Trial 94 pruned. 
[I 2025-03-21 23:36:37,297] Trial 95 pruned. 
[I 2025-03-21 23:36:37,478] Trial 96 pruned. 
[I 2025-03-21 23:36:37,901] Trial 97 pruned. 
[I 2025-03-21 23:36:38,000] Trial 2 finished with value: 49.40750156749379 and parameters: {'n_units_l0': 832, 'n_units_l1': 1088, 'n_units_l2': 352, 'lr': 0.015614985635815608}. Best is trial 1 with value: 43.85484377017691.
[I 2025-03-21 23:36:38,130] Trial 98 pruned. 
[I 2025-03-21 23:36:38,449] Trial 99 pruned. 
[I 2025-03-21 23:36:38,460] A new study created in memory with name: no-name-91f8a3e4-3da1-41ed-a18d-288a7ccc1566
[I 2025-03-21 23:36:40,076] Trial 3 finished with value: 74.06230415785608 and parameters: {'n_units_l0': 896, 'n_units_l1': 3520, 'n_units_l2': 1888, 'lr': 0.05728221560501354}. Best is trial 1 with value: 43.85484377017691.
[I 2025-03-21 23:36:40,677] Trial 0 finished with value: 41.72096950617883 and parameters: {'n_units_l0': 3392, 'n_units_l1': 1216, 'n_units_l2': 448, 'n_units_l3': 2240, 'lr': 0.047371098855044445}. Best is trial 0 with value: 41.72096950617883.
[I 2025-03-21 23:36:42,158] Trial 4 finished with value: 85.08564045803605 and parameters: {'n_units_l0': 2304, 'n_units_l1': 2112, 'n_units_l2': 2592, 'lr': 0.009968562425653731}. Best is trial 1 with value: 43.85484377017691.
[I 2025-03-21 23:36:42,215] Trial 5 pruned. 
[I 2025-03-21 23:36:42,250] Trial 6 pruned. 
[I 2025-03-21 23:36:42,452] Trial 7 pruned. 
[I 2025-03-21 23:36:42,563] Trial 8 pruned. 
[I 2025-03-21 23:36:42,728] Trial 9 pruned. 
[I 2025-03-21 23:36:42,784] Trial 10 pruned. 
[I 2025-03-21 23:36:42,904] Trial 1 finished with value: 91.6530858389339 and parameters: {'n_units_l0': 1024, 'n_units_l1': 1024, 'n_units_l2': 2240, 'n_units_l3': 2592, 'lr': 0.06182025655028196}. Best is trial 0 with value: 41.72096950617883.
[I 2025-03-21 23:36:44,748] Trial 11 finished with value: 43.88382430904168 and parameters: {'n_units_l0': 128, 'n_units_l1': 2336, 'n_units_l2': 128, 'lr': 0.036687480268740545}. Best is trial 1 with value: 43.85484377017691.
[I 2025-03-21 23:36:44,881] Trial 12 pruned. 
[I 2025-03-21 23:36:45,024] Trial 2 finished with value: 138.70772907896813 and parameters: {'n_units_l0': 3168, 'n_units_l1': 1600, 'n_units_l2': 960, 'n_units_l3': 2720, 'lr': 0.06500174449272925}. Best is trial 0 with value: 41.72096950617883.
[I 2025-03-21 23:36:46,970] Trial 13 finished with value: 40.8000062359266 and parameters: {'n_units_l0': 96, 'n_units_l1': 2720, 'n_units_l2': 1152, 'lr': 0.04139172821211166}. Best is trial 13 with value: 40.8000062359266.
[I 2025-03-21 23:36:47,021] Trial 14 pruned. 
[I 2025-03-21 23:36:47,091] Trial 15 pruned. 
[I 2025-03-21 23:36:47,150] Trial 16 pruned. 
[I 2025-03-21 23:36:47,218] Trial 3 finished with value: 133.6274721133783 and parameters: {'n_units_l0': 1952, 'n_units_l1': 1184, 'n_units_l2': 1664, 'n_units_l3': 128, 'lr': 0.09953265163174198}. Best is trial 0 with value: 41.72096950617883.
[I 2025-03-21 23:36:47,237] Trial 17 pruned. 
[I 2025-03-21 23:36:47,277] Trial 18 pruned. 
[I 2025-03-21 23:36:47,331] Trial 19 pruned. 
[I 2025-03-21 23:36:47,408] Trial 20 pruned. 
[I 2025-03-21 23:36:48,391] Trial 21 pruned. 
[I 2025-03-21 23:36:48,437] Trial 22 pruned. 
[I 2025-03-21 23:36:48,891] Trial 23 pruned. 
[I 2025-03-21 23:36:48,946] Trial 24 pruned. 
[I 2025-03-21 23:36:48,994] Trial 25 pruned. 
[I 2025-03-21 23:36:49,071] Trial 26 pruned. 
[I 2025-03-21 23:36:49,152] Trial 27 pruned. 
[I 2025-03-21 23:36:49,218] Trial 28 pruned. 
[I 2025-03-21 23:36:49,291] Trial 29 pruned. 
[I 2025-03-21 23:36:49,374] Trial 30 pruned. 
[I 2025-03-21 23:36:49,923] Trial 31 pruned. 
[I 2025-03-21 23:36:50,677] Trial 32 pruned. 
[I 2025-03-21 23:36:51,263] Trial 4 finished with value: 141.22346926229093 and parameters: {'n_units_l0': 3200, 'n_units_l1': 4032, 'n_units_l2': 2656, 'n_units_l3': 1664, 'lr': 0.04450102218012682}. Best is trial 0 with value: 41.72096950617883.
[I 2025-03-21 23:36:51,336] Trial 5 pruned. 
[I 2025-03-21 23:36:52,651] Trial 33 finished with value: 47.56890203933085 and parameters: {'n_units_l0': 832, 'n_units_l1': 544, 'n_units_l2': 416, 'lr': 0.04268113735953511}. Best is trial 13 with value: 40.8000062359266.
[I 2025-03-21 23:36:52,707] Trial 34 pruned. 
[I 2025-03-21 23:36:52,771] Trial 35 pruned. 
[I 2025-03-21 23:36:52,849] Trial 36 pruned. 
[I 2025-03-21 23:36:52,927] Trial 37 pruned. 
[I 2025-03-21 23:36:52,993] Trial 38 pruned. 
[I 2025-03-21 23:36:53,035] Trial 39 pruned. 
[I 2025-03-21 23:36:53,082] Trial 40 pruned. 
[I 2025-03-21 23:36:53,400] Trial 41 pruned. 
[I 2025-03-21 23:36:53,449] Trial 42 pruned. 
[I 2025-03-21 23:36:53,518] Trial 43 pruned. 
[I 2025-03-21 23:36:53,595] Trial 44 pruned. 
[I 2025-03-21 23:36:53,609] Trial 6 finished with value: 56.64052994058739 and parameters: {'n_units_l0': 768, 'n_units_l1': 3680, 'n_units_l2': 1472, 'n_units_l3': 1728, 'lr': 0.024673406572001257}. Best is trial 0 with value: 41.72096950617883.
[I 2025-03-21 23:36:53,667] Trial 45 pruned. 
[I 2025-03-21 23:36:53,885] Trial 46 pruned. 
[I 2025-03-21 23:36:54,137] Trial 47 pruned. 
[I 2025-03-21 23:36:54,186] Trial 48 pruned. 
[I 2025-03-21 23:36:54,296] Trial 49 pruned. 
[I 2025-03-21 23:36:54,359] Trial 50 pruned. 
[I 2025-03-21 23:36:54,443] Trial 51 pruned. 
[I 2025-03-21 23:36:54,550] Trial 52 pruned. 
[I 2025-03-21 23:36:54,627] Trial 53 pruned. 
[I 2025-03-21 23:36:54,685] Trial 54 pruned. 
[I 2025-03-21 23:36:54,760] Trial 55 pruned. 
[I 2025-03-21 23:36:54,822] Trial 56 pruned. 
[I 2025-03-21 23:36:54,879] Trial 57 pruned. 
[I 2025-03-21 23:36:54,950] Trial 58 pruned. 
[I 2025-03-21 23:36:55,046] Trial 59 pruned. 
[I 2025-03-21 23:36:55,119] Trial 60 pruned. 
[I 2025-03-21 23:36:55,219] Trial 61 pruned. 
[I 2025-03-21 23:36:55,481] Trial 62 pruned. 
[I 2025-03-21 23:36:55,562] Trial 63 pruned. 
[I 2025-03-21 23:36:55,862] Trial 7 finished with value: 146.21528764491742 and parameters: {'n_units_l0': 768, 'n_units_l1': 928, 'n_units_l2': 2784, 'n_units_l3': 2720, 'lr': 0.01925047571372643}. Best is trial 0 with value: 41.72096950617883.
[I 2025-03-21 23:36:55,938] Trial 64 pruned. 
[I 2025-03-21 23:36:55,986] Trial 65 pruned. 
[I 2025-03-21 23:36:56,073] Trial 66 pruned. 
[I 2025-03-21 23:36:56,289] Trial 67 pruned. 
[I 2025-03-21 23:36:56,352] Trial 68 pruned. 
[I 2025-03-21 23:36:56,420] Trial 69 pruned. 
[I 2025-03-21 23:36:56,746] Trial 8 pruned. 
[I 2025-03-21 23:36:56,801] Trial 9 pruned. 
[I 2025-03-21 23:36:57,083] Trial 10 pruned. 
[I 2025-03-21 23:36:58,505] Trial 70 finished with value: 41.731377278477694 and parameters: {'n_units_l0': 128, 'n_units_l1': 1696, 'n_units_l2': 384, 'lr': 0.05370253512200036}. Best is trial 13 with value: 40.8000062359266.
[I 2025-03-21 23:36:58,586] Trial 71 pruned. 
[I 2025-03-21 23:36:58,649] Trial 72 pruned. 
[I 2025-03-21 23:36:58,696] Trial 73 pruned. 
[I 2025-03-21 23:36:58,739] Trial 74 pruned. 
[I 2025-03-21 23:36:59,198] Trial 11 finished with value: 40.74407958984375 and parameters: {'n_units_l0': 96, 'n_units_l1': 4032, 'n_units_l2': 64, 'n_units_l3': 1920, 'lr': 0.0354190831515282}. Best is trial 11 with value: 40.74407958984375.
[I 2025-03-21 23:36:59,304] Trial 12 pruned. 
[I 2025-03-21 23:36:59,433] Trial 75 pruned. 
[I 2025-03-21 23:36:59,482] Trial 76 pruned. 
[I 2025-03-21 23:36:59,522] Trial 77 pruned. 
[I 2025-03-21 23:36:59,567] Trial 78 pruned. 
[I 2025-03-21 23:36:59,638] Trial 79 pruned. 
[I 2025-03-21 23:36:59,701] Trial 80 pruned. 
[I 2025-03-21 23:36:59,808] Trial 81 pruned. 
[I 2025-03-21 23:36:59,884] Trial 82 pruned. 
[I 2025-03-21 23:36:59,904] Trial 13 pruned. 
[I 2025-03-21 23:36:59,982] Trial 83 pruned. 
[I 2025-03-21 23:37:00,048] Trial 84 pruned. 
[I 2025-03-21 23:37:00,129] Trial 85 pruned. 
[I 2025-03-21 23:37:00,166] Trial 14 pruned. 
[I 2025-03-21 23:37:00,247] Trial 86 pruned. 
[I 2025-03-21 23:37:00,312] Trial 87 pruned. 
[I 2025-03-21 23:37:00,358] Trial 88 pruned. 
[I 2025-03-21 23:37:00,649] Trial 89 pruned. 
[I 2025-03-21 23:37:00,713] Trial 90 pruned. 
[I 2025-03-21 23:37:00,756] Trial 91 pruned. 
[I 2025-03-21 23:37:02,294] Trial 15 finished with value: 39.39758622226755 and parameters: {'n_units_l0': 64, 'n_units_l1': 2528, 'n_units_l2': 576, 'n_units_l3': 2304, 'lr': 0.009422882098132183}. Best is trial 15 with value: 39.39758622226755.
[I 2025-03-21 23:37:02,815] Trial 92 finished with value: 42.887877850493126 and parameters: {'n_units_l0': 32, 'n_units_l1': 416, 'n_units_l2': 32, 'lr': 0.04687265262565767}. Best is trial 13 with value: 40.8000062359266.
[I 2025-03-21 23:37:03,729] Trial 16 pruned. 
[I 2025-03-21 23:37:04,774] Trial 93 finished with value: 46.69034018398317 and parameters: {'n_units_l0': 256, 'n_units_l1': 768, 'n_units_l2': 32, 'lr': 0.04859399993001309}. Best is trial 13 with value: 40.8000062359266.
[I 2025-03-21 23:37:05,027] Trial 94 pruned. 
[I 2025-03-21 23:37:05,494] Trial 95 pruned. 
[I 2025-03-21 23:37:05,536] Trial 96 pruned. 
[I 2025-03-21 23:37:05,904] Trial 17 finished with value: 44.56995516632902 and parameters: {'n_units_l0': 480, 'n_units_l1': 2368, 'n_units_l2': 1952, 'n_units_l3': 3264, 'lr': 0.01608646011601926}. Best is trial 15 with value: 39.39758622226755.
[I 2025-03-21 23:37:06,038] Trial 18 pruned. 
[I 2025-03-21 23:37:06,744] Trial 19 pruned. 
[I 2025-03-21 23:37:07,298] Trial 20 pruned. 
[I 2025-03-21 23:37:07,369] Trial 21 pruned. 
[I 2025-03-21 23:37:07,591] Trial 97 finished with value: 42.94843610653207 and parameters: {'n_units_l0': 32, 'n_units_l1': 736, 'n_units_l2': 256, 'lr': 0.04617653603088133}. Best is trial 13 with value: 40.8000062359266.
[I 2025-03-21 23:37:07,599] Trial 22 pruned. 
[I 2025-03-21 23:37:07,680] Trial 23 pruned. 
[I 2025-03-21 23:37:07,753] Trial 24 pruned. 
[I 2025-03-21 23:37:07,830] Trial 25 pruned. 
[I 2025-03-21 23:37:07,935] Trial 26 pruned. 
[I 2025-03-21 23:37:08,491] Trial 27 pruned. 
[I 2025-03-21 23:37:09,645] Trial 98 finished with value: 45.09775924682617 and parameters: {'n_units_l0': 64, 'n_units_l1': 736, 'n_units_l2': 288, 'lr': 0.04671429493141905}. Best is trial 13 with value: 40.8000062359266.
[I 2025-03-21 23:37:09,762] Trial 99 pruned. 
[I 2025-03-21 23:37:09,772] A new study created in memory with name: no-name-42896dfb-31f4-4226-89a2-5fd2f87f4bda
[I 2025-03-21 23:37:10,619] Trial 28 finished with value: 43.774896246552714 and parameters: {'n_units_l0': 32, 'n_units_l1': 3680, 'n_units_l2': 384, 'n_units_l3': 3808, 'lr': 0.00845388707239808}. Best is trial 15 with value: 39.39758622226755.
[I 2025-03-21 23:37:10,734] Trial 29 pruned. 
[I 2025-03-21 23:37:10,864] Trial 30 pruned. 
[I 2025-03-21 23:37:13,103] Trial 31 finished with value: 42.536963231815314 and parameters: {'n_units_l0': 64, 'n_units_l1': 3584, 'n_units_l2': 384, 'n_units_l3': 2560, 'lr': 0.00784916871473815}. Best is trial 15 with value: 39.39758622226755.
[I 2025-03-21 23:37:13,532] Trial 32 pruned. 
[I 2025-03-21 23:37:13,967] Trial 33 pruned. 
[I 2025-03-21 23:37:14,091] Trial 34 pruned. 
[I 2025-03-21 23:37:14,485] Trial 35 pruned. 
[I 2025-03-21 23:37:14,570] Trial 36 pruned. 
[I 2025-03-21 23:37:14,720] Trial 37 pruned. 
[I 2025-03-21 23:37:14,774] Trial 38 pruned. 
[I 2025-03-21 23:37:15,006] Trial 39 pruned. 
[I 2025-03-21 23:37:15,121] Trial 40 pruned. 
[I 2025-03-21 23:37:15,622] Trial 0 finished with value: 92.5743613429138 and parameters: {'n_units_l0': 64, 'n_units_l1': 3776, 'n_units_l2': 3872, 'n_units_l3': 3776, 'n_units_l4': 3104, 'lr': 0.033731532212541715}. Best is trial 0 with value: 92.5743613429138.
[I 2025-03-21 23:37:17,362] Trial 41 finished with value: 42.71221913560824 and parameters: {'n_units_l0': 64, 'n_units_l1': 3648, 'n_units_l2': 352, 'n_units_l3': 3456, 'lr': 0.00585374650044721}. Best is trial 15 with value: 39.39758622226755.
[I 2025-03-21 23:37:17,437] Trial 42 pruned. 
[I 2025-03-21 23:37:17,826] Trial 43 pruned. 
[I 2025-03-21 23:37:18,156] Trial 44 pruned. 
[I 2025-03-21 23:37:18,225] Trial 45 pruned. 
[I 2025-03-21 23:37:18,695] Trial 46 pruned. 
[I 2025-03-21 23:37:18,724] Trial 1 finished with value: 92.32815075508134 and parameters: {'n_units_l0': 192, 'n_units_l1': 3680, 'n_units_l2': 3072, 'n_units_l3': 2016, 'n_units_l4': 960, 'lr': 0.05262385697207187}. Best is trial 1 with value: 92.32815075508134.
[I 2025-03-21 23:37:18,754] Trial 47 pruned. 
