[I 2025-03-22 02:02:40,514] Trial 12 pruned. 
[I 2025-03-22 02:02:45,647] Trial 67 finished with value: 22.462680189155186 and parameters: {'n_units_l0': 32, 'n_units_l1': 1280, 'n_units_l2': 2688, 'n_units_l3': 672, 'n_units_l4': 2688, 'n_units_l5': 1792, 'lr': 0.00254765039785415}. Best is trial 54 with value: 11.544585293675713.
[I 2025-03-22 02:02:45,954] Trial 68 pruned. 
[I 2025-03-22 02:02:46,239] Trial 69 pruned. 
[I 2025-03-22 02:02:46,590] Trial 70 pruned. 
[I 2025-03-22 02:02:46,880] Trial 71 pruned. 
[I 2025-03-22 02:02:47,309] Trial 72 pruned. 
[I 2025-03-22 02:02:47,685] Trial 73 pruned. 
[I 2025-03-22 02:02:48,225] Trial 74 pruned. 
[I 2025-03-22 02:02:48,691] Trial 75 pruned. 
[I 2025-03-22 02:02:49,011] Trial 76 pruned. 
[I 2025-03-22 02:02:49,331] Trial 77 pruned. 
[I 2025-03-22 02:02:49,872] Trial 78 pruned. 
[I 2025-03-22 02:02:50,433] Trial 79 pruned. 
[I 2025-03-22 02:02:50,781] Trial 80 pruned. 
[I 2025-03-22 02:02:51,086] Trial 81 pruned. 
[I 2025-03-22 02:02:51,631] Trial 82 pruned. 
[I 2025-03-22 02:02:51,956] Trial 83 pruned. 
[I 2025-03-22 02:02:52,414] Trial 84 pruned. 
[I 2025-03-22 02:02:52,848] Trial 85 pruned. 
[I 2025-03-22 02:02:53,376] Trial 86 pruned. 
[I 2025-03-22 02:02:53,827] Trial 87 pruned. 
[I 2025-03-22 02:02:54,174] Trial 88 pruned. 
[I 2025-03-22 02:02:54,833] Trial 89 pruned. 
[I 2025-03-22 02:02:55,521] Trial 90 pruned. 
[I 2025-03-22 02:03:04,874] Trial 13 finished with value: 125.35224287167769 and parameters: {'n_units_l0': 2048, 'n_units_l1': 1504, 'n_units_l2': 1376, 'n_units_l3': 2880, 'n_units_l4': 960, 'n_units_l5': 896, 'n_units_l6': 3008, 'lr': 0.04062923619538087}. Best is trial 0 with value: 125.26535161046613.
[I 2025-03-22 02:03:05,642] Trial 14 pruned. 
[I 2025-03-22 02:03:18,367] Trial 91 finished with value: 10.175727029283816 and parameters: {'n_units_l0': 96, 'n_units_l1': 256, 'n_units_l2': 4096, 'n_units_l3': 704, 'n_units_l4': 2464, 'n_units_l5': 1440, 'lr': 0.002144220817960534}. Best is trial 91 with value: 10.175727029283816.
[I 2025-03-22 02:03:18,759] Trial 92 pruned. 
[I 2025-03-22 02:03:19,046] Trial 93 pruned. 
[I 2025-03-22 02:03:19,552] Trial 94 pruned. 
[I 2025-03-22 02:03:19,824] Trial 95 pruned. 
[I 2025-03-22 02:03:20,139] Trial 96 pruned. 
[I 2025-03-22 02:03:20,879] Trial 97 pruned. 
[I 2025-03-22 02:03:21,163] Trial 98 pruned. 
[I 2025-03-22 02:03:29,888] Trial 99 pruned. 
[I 2025-03-22 02:03:29,967] A new study created in memory with name: no-name-da24b8d0-4f21-4453-bcf2-609ff87b9f98
[I 2025-03-22 02:03:47,335] Trial 15 finished with value: 125.2900384384348 and parameters: {'n_units_l0': 2464, 'n_units_l1': 4096, 'n_units_l2': 2880, 'n_units_l3': 544, 'n_units_l4': 1536, 'n_units_l5': 800, 'n_units_l6': 4000, 'lr': 0.06405873764281496}. Best is trial 0 with value: 125.26535161046613.
[I 2025-03-22 02:03:48,907] Trial 16 pruned. 
[I 2025-03-22 02:04:07,915] Trial 0 finished with value: 124.12970681156897 and parameters: {'n_units_l0': 416, 'n_units_l1': 992, 'n_units_l2': 1184, 'n_units_l3': 3488, 'n_units_l4': 3008, 'n_units_l5': 2432, 'n_units_l6': 352, 'n_units_l7': 2944, 'lr': 0.04212292975965725}. Best is trial 0 with value: 124.12970681156897.
[I 2025-03-22 02:04:12,950] Trial 17 finished with value: 125.27523751099872 and parameters: {'n_units_l0': 64, 'n_units_l1': 1440, 'n_units_l2': 1376, 'n_units_l3': 1472, 'n_units_l4': 2080, 'n_units_l5': 704, 'n_units_l6': 3392, 'lr': 0.04020455828157175}. Best is trial 0 with value: 125.26535161046613.
[I 2025-03-22 02:04:13,375] Trial 18 pruned. 
[I 2025-03-22 02:04:37,393] Trial 19 finished with value: 14.52023436924912 and parameters: {'n_units_l0': 800, 'n_units_l1': 192, 'n_units_l2': 672, 'n_units_l3': 3008, 'n_units_l4': 2336, 'n_units_l5': 672, 'n_units_l6': 1568, 'lr': 0.002408452889177057}. Best is trial 19 with value: 14.52023436924912.
[I 2025-03-22 02:04:58,191] Trial 1 finished with value: 124.28081631018223 and parameters: {'n_units_l0': 3680, 'n_units_l1': 2400, 'n_units_l2': 1440, 'n_units_l3': 1248, 'n_units_l4': 1984, 'n_units_l5': 3040, 'n_units_l6': 2048, 'n_units_l7': 3392, 'lr': 0.05622398582269955}. Best is trial 0 with value: 124.12970681156897.
[I 2025-03-22 02:05:01,798] Trial 20 finished with value: 21.65358298233168 and parameters: {'n_units_l0': 800, 'n_units_l1': 288, 'n_units_l2': 448, 'n_units_l3': 3808, 'n_units_l4': 3232, 'n_units_l5': 32, 'n_units_l6': 1696, 'lr': 0.0028016544086058442}. Best is trial 19 with value: 14.52023436924912.
[I 2025-03-22 02:05:29,016] Trial 21 finished with value: 35.142520947988594 and parameters: {'n_units_l0': 768, 'n_units_l1': 96, 'n_units_l2': 608, 'n_units_l3': 3936, 'n_units_l4': 3168, 'n_units_l5': 608, 'n_units_l6': 1696, 'lr': 0.0028320887942468076}. Best is trial 19 with value: 14.52023436924912.
[I 2025-03-22 02:05:53,577] Trial 22 finished with value: 37.73230239811287 and parameters: {'n_units_l0': 896, 'n_units_l1': 224, 'n_units_l2': 320, 'n_units_l3': 4000, 'n_units_l4': 3168, 'n_units_l5': 32, 'n_units_l6': 1664, 'lr': 0.005107962556688064}. Best is trial 19 with value: 14.52023436924912.
[I 2025-03-22 02:05:56,692] Trial 2 finished with value: 124.11460542263848 and parameters: {'n_units_l0': 3648, 'n_units_l1': 3776, 'n_units_l2': 3232, 'n_units_l3': 4000, 'n_units_l4': 1056, 'n_units_l5': 96, 'n_units_l6': 384, 'n_units_l7': 1632, 'lr': 0.020171003294343175}. Best is trial 2 with value: 124.11460542263848.
[I 2025-03-22 02:06:20,730] Trial 23 finished with value: 125.34454533396658 and parameters: {'n_units_l0': 992, 'n_units_l1': 608, 'n_units_l2': 352, 'n_units_l3': 3520, 'n_units_l4': 3552, 'n_units_l5': 608, 'n_units_l6': 1696, 'lr': 0.014175770613511619}. Best is trial 19 with value: 14.52023436924912.
[I 2025-03-22 02:06:51,571] Trial 24 finished with value: 17.302038990999506 and parameters: {'n_units_l0': 480, 'n_units_l1': 672, 'n_units_l2': 960, 'n_units_l3': 3424, 'n_units_l4': 3968, 'n_units_l5': 480, 'n_units_l6': 1152, 'lr': 0.0012692738740273828}. Best is trial 19 with value: 14.52023436924912.
[I 2025-03-22 02:06:52,459] Trial 25 pruned. 
[I 2025-03-22 02:06:55,342] Trial 3 finished with value: 132.06600847177074 and parameters: {'n_units_l0': 3008, 'n_units_l1': 1440, 'n_units_l2': 2112, 'n_units_l3': 1280, 'n_units_l4': 3296, 'n_units_l5': 2048, 'n_units_l6': 4096, 'n_units_l7': 3424, 'lr': 0.007374184603307661}. Best is trial 2 with value: 124.11460542263848.
[I 2025-03-22 02:07:20,644] Trial 4 finished with value: 30.863067619048653 and parameters: {'n_units_l0': 672, 'n_units_l1': 2656, 'n_units_l2': 1248, 'n_units_l3': 448, 'n_units_l4': 736, 'n_units_l5': 2208, 'n_units_l6': 1312, 'n_units_l7': 3232, 'lr': 0.006077289008948941}. Best is trial 4 with value: 30.863067619048653.
[I 2025-03-22 02:07:21,326] Trial 5 pruned. 
[I 2025-03-22 02:07:21,983] Trial 6 pruned. 
[I 2025-03-22 02:07:22,452] Trial 7 pruned. 
[I 2025-03-22 02:07:23,021] Trial 8 pruned. 
[I 2025-03-22 02:07:23,385] Trial 9 pruned. 
[I 2025-03-22 02:07:23,936] Trial 10 pruned. 
[I 2025-03-22 02:07:25,231] Trial 11 pruned. 
[I 2025-03-22 02:07:26,636] Trial 26 finished with value: 7.828149305858284 and parameters: {'n_units_l0': 1632, 'n_units_l1': 608, 'n_units_l2': 1600, 'n_units_l3': 3456, 'n_units_l4': 3936, 'n_units_l5': 448, 'n_units_l6': 416, 'lr': 0.0016030320040889695}. Best is trial 26 with value: 7.828149305858284.
[I 2025-03-22 02:07:27,122] Trial 27 pruned. 
[I 2025-03-22 02:07:27,492] Trial 28 pruned. 
[I 2025-03-22 02:08:01,521] Trial 29 finished with value: 11.872581579690642 and parameters: {'n_units_l0': 384, 'n_units_l1': 512, 'n_units_l2': 960, 'n_units_l3': 3104, 'n_units_l4': 3680, 'n_units_l5': 1536, 'n_units_l6': 1312, 'lr': 0.00043372009533849823}. Best is trial 26 with value: 7.828149305858284.
[I 2025-03-22 02:08:01,957] Trial 30 pruned. 
[I 2025-03-22 02:08:17,364] Trial 12 finished with value: 38.658222574739106 and parameters: {'n_units_l0': 2016, 'n_units_l1': 4064, 'n_units_l2': 3360, 'n_units_l3': 2880, 'n_units_l4': 992, 'n_units_l5': 992, 'n_units_l6': 928, 'n_units_l7': 1504, 'lr': 0.0024663764366797164}. Best is trial 4 with value: 30.863067619048653.
[I 2025-03-22 02:08:36,978] Trial 31 finished with value: 24.402676601492857 and parameters: {'n_units_l0': 352, 'n_units_l1': 512, 'n_units_l2': 1024, 'n_units_l3': 3488, 'n_units_l4': 4064, 'n_units_l5': 992, 'n_units_l6': 1280, 'lr': 0.0007878840946697262}. Best is trial 26 with value: 7.828149305858284.
[I 2025-03-22 02:08:37,425] Trial 32 pruned. 
[I 2025-03-22 02:08:37,878] Trial 33 pruned. 
[I 2025-03-22 02:09:04,884] Trial 13 finished with value: 11.825409733898354 and parameters: {'n_units_l0': 1984, 'n_units_l1': 2944, 'n_units_l2': 4096, 'n_units_l3': 2848, 'n_units_l4': 480, 'n_units_l5': 1248, 'n_units_l6': 1088, 'n_units_l7': 64, 'lr': 0.0009678032781717354}. Best is trial 13 with value: 11.825409733898354.
[I 2025-03-22 02:09:05,386] Trial 14 pruned. 
[I 2025-03-22 02:09:11,735] Trial 34 finished with value: 22.85166920013965 and parameters: {'n_units_l0': 1088, 'n_units_l1': 1792, 'n_units_l2': 1696, 'n_units_l3': 2432, 'n_units_l4': 3424, 'n_units_l5': 1120, 'n_units_l6': 992, 'lr': 0.00011186720176450406}. Best is trial 26 with value: 7.828149305858284.
[I 2025-03-22 02:09:12,146] Trial 35 pruned. 
[I 2025-03-22 02:09:12,488] Trial 36 pruned. 
[I 2025-03-22 02:09:12,996] Trial 37 pruned. 
[I 2025-03-22 02:09:13,434] Trial 38 pruned. 
[I 2025-03-22 02:09:14,038] Trial 39 pruned. 
[I 2025-03-22 02:09:14,499] Trial 40 pruned. 
[I 2025-03-22 02:09:20,974] Trial 41 pruned. 
[I 2025-03-22 02:09:21,639] Trial 42 pruned. 
[I 2025-03-22 02:09:21,975] Trial 43 pruned. 
[I 2025-03-22 02:09:22,312] Trial 44 pruned. 
[I 2025-03-22 02:09:22,760] Trial 45 pruned. 
[I 2025-03-22 02:09:23,098] Trial 46 pruned. 
[I 2025-03-22 02:09:23,799] Trial 47 pruned. 
[I 2025-03-22 02:09:37,149] Trial 15 finished with value: 17.60375895936905 and parameters: {'n_units_l0': 1664, 'n_units_l1': 3296, 'n_units_l2': 192, 'n_units_l3': 2016, 'n_units_l4': 512, 'n_units_l5': 1696, 'n_units_l6': 2688, 'n_units_l7': 2720, 'lr': 0.0022010628019728997}. Best is trial 13 with value: 11.825409733898354.
[I 2025-03-22 02:09:51,867] Trial 48 finished with value: 20.929567617075516 and parameters: {'n_units_l0': 640, 'n_units_l1': 704, 'n_units_l2': 1536, 'n_units_l3': 3008, 'n_units_l4': 3456, 'n_units_l5': 416, 'n_units_l6': 640, 'lr': 0.004058520738164014}. Best is trial 26 with value: 7.828149305858284.
[I 2025-03-22 02:09:52,253] Trial 49 pruned. 
[I 2025-03-22 02:09:52,657] Trial 50 pruned. 
[I 2025-03-22 02:10:18,426] Trial 51 finished with value: 34.511930897409165 and parameters: {'n_units_l0': 192, 'n_units_l1': 736, 'n_units_l2': 1504, 'n_units_l3': 2976, 'n_units_l4': 3296, 'n_units_l5': 384, 'n_units_l6': 928, 'lr': 0.004025188613768911}. Best is trial 26 with value: 7.828149305858284.
[I 2025-03-22 02:10:19,319] Trial 52 pruned. 
[I 2025-03-22 02:10:19,669] Trial 53 pruned. 
[I 2025-03-22 02:10:20,121] Trial 54 pruned. 
[I 2025-03-22 02:10:25,639] Trial 16 finished with value: 12.261094960047899 and parameters: {'n_units_l0': 1664, 'n_units_l1': 3360, 'n_units_l2': 384, 'n_units_l3': 1888, 'n_units_l4': 3904, 'n_units_l5': 1600, 'n_units_l6': 3040, 'n_units_l7': 2496, 'lr': 0.0005282455673889103}. Best is trial 13 with value: 11.825409733898354.
[I 2025-03-22 02:10:26,612] Trial 17 pruned. 
[I 2025-03-22 02:10:27,082] Trial 18 pruned. 
[I 2025-03-22 02:10:27,725] Trial 19 pruned. 
[I 2025-03-22 02:10:28,612] Trial 20 pruned. 
[I 2025-03-22 02:10:29,025] Trial 21 pruned. 
[I 2025-03-22 02:10:44,502] Trial 55 finished with value: 14.046436822100885 and parameters: {'n_units_l0': 384, 'n_units_l1': 416, 'n_units_l2': 224, 'n_units_l3': 3648, 'n_units_l4': 1248, 'n_units_l5': 160, 'n_units_l6': 1600, 'lr': 0.002073402448341811}. Best is trial 26 with value: 7.828149305858284.
[I 2025-03-22 02:10:44,816] Trial 56 pruned. 
[I 2025-03-22 02:10:47,588] Trial 57 pruned. 
[I 2025-03-22 02:10:47,935] Trial 58 pruned. 
[I 2025-03-22 02:10:48,392] Trial 59 pruned. 
[I 2025-03-22 02:10:48,688] Trial 60 pruned. 
[I 2025-03-22 02:11:02,337] Trial 22 finished with value: 11.683032854335515 and parameters: {'n_units_l0': 2176, 'n_units_l1': 2912, 'n_units_l2': 544, 'n_units_l3': 1632, 'n_units_l4': 480, 'n_units_l5': 1248, 'n_units_l6': 3008, 'n_units_l7': 2592, 'lr': 0.001283761304164778}. Best is trial 22 with value: 11.683032854335515.
[I 2025-03-22 02:11:02,886] Trial 23 pruned. 
[I 2025-03-22 02:11:03,362] Trial 24 pruned. 
[I 2025-03-22 02:11:07,413] Trial 25 pruned. 
[I 2025-03-22 02:11:07,904] Trial 26 pruned. 
[I 2025-03-22 02:11:08,671] Trial 27 pruned. 
[I 2025-03-22 02:11:09,279] Trial 28 pruned. 
[I 2025-03-22 02:11:09,894] Trial 29 pruned. 
[I 2025-03-22 02:11:10,426] Trial 30 pruned. 
[I 2025-03-22 02:11:14,152] Trial 61 finished with value: 12.758358196038147 and parameters: {'n_units_l0': 224, 'n_units_l1': 640, 'n_units_l2': 448, 'n_units_l3': 3456, 'n_units_l4': 3968, 'n_units_l5': 128, 'n_units_l6': 2112, 'lr': 0.0038002671982288625}. Best is trial 26 with value: 7.828149305858284.
[I 2025-03-22 02:11:39,894] Trial 31 finished with value: 9.411910700491736 and parameters: {'n_units_l0': 1728, 'n_units_l1': 3136, 'n_units_l2': 64, 'n_units_l3': 1856, 'n_units_l4': 352, 'n_units_l5': 1664, 'n_units_l6': 2720, 'n_units_l7': 2656, 'lr': 0.0010610118318401791}. Best is trial 31 with value: 9.411910700491736.
[I 2025-03-22 02:11:40,129] Trial 62 finished with value: 36.12888089162416 and parameters: {'n_units_l0': 224, 'n_units_l1': 608, 'n_units_l2': 544, 'n_units_l3': 3488, 'n_units_l4': 3968, 'n_units_l5': 160, 'n_units_l6': 1056, 'lr': 0.005022653031878373}. Best is trial 26 with value: 7.828149305858284.
[I 2025-03-22 02:11:40,320] Trial 32 pruned. 
[I 2025-03-22 02:11:40,523] Trial 63 pruned. 
[I 2025-03-22 02:11:40,884] Trial 33 pruned. 
[I 2025-03-22 02:11:41,228] Trial 34 pruned. 
[I 2025-03-22 02:11:42,524] Trial 35 pruned. 
[I 2025-03-22 02:11:42,847] Trial 36 pruned. 
[I 2025-03-22 02:11:43,331] Trial 37 pruned. 
[I 2025-03-22 02:11:43,870] Trial 38 pruned. 
[I 2025-03-22 02:11:44,557] Trial 39 pruned. 
[I 2025-03-22 02:11:45,268] Trial 40 pruned. 
[I 2025-03-22 02:11:48,634] Trial 41 pruned. 
[I 2025-03-22 02:12:02,462] Trial 42 pruned. 
[I 2025-03-22 02:12:03,100] Trial 43 pruned. 
[I 2025-03-22 02:12:03,450] Trial 44 pruned. 
[I 2025-03-22 02:12:04,097] Trial 45 pruned. 
[I 2025-03-22 02:12:04,947] Trial 64 finished with value: 36.54872699483973 and parameters: {'n_units_l0': 320, 'n_units_l1': 416, 'n_units_l2': 992, 'n_units_l3': 3200, 'n_units_l4': 64, 'n_units_l5': 576, 'n_units_l6': 2944, 'lr': 0.0027157485343255712}. Best is trial 26 with value: 7.828149305858284.
[I 2025-03-22 02:12:05,320] Trial 65 pruned. 
[I 2025-03-22 02:12:05,928] Trial 66 pruned. 
[I 2025-03-22 02:12:06,495] Trial 67 pruned. 
[I 2025-03-22 02:12:06,813] Trial 68 pruned. 
[I 2025-03-22 02:12:07,210] Trial 69 pruned. 
[I 2025-03-22 02:12:07,640] Trial 70 pruned. 
[I 2025-03-22 02:12:10,481] Trial 71 pruned. 
[I 2025-03-22 02:12:10,816] Trial 72 pruned. 
[I 2025-03-22 02:12:11,455] Trial 73 pruned. 
[I 2025-03-22 02:12:11,832] Trial 74 pruned. 
[I 2025-03-22 02:12:12,287] Trial 75 pruned. 
[I 2025-03-22 02:12:12,728] Trial 76 pruned. 
[I 2025-03-22 02:12:37,138] Trial 77 finished with value: 26.26843361687675 and parameters: {'n_units_l0': 32, 'n_units_l1': 1440, 'n_units_l2': 736, 'n_units_l3': 3008, 'n_units_l4': 416, 'n_units_l5': 288, 'n_units_l6': 416, 'lr': 0.011309431490850303}. Best is trial 26 with value: 7.828149305858284.
[I 2025-03-22 02:12:37,595] Trial 78 pruned. 
[I 2025-03-22 02:12:37,994] Trial 79 pruned. 
[I 2025-03-22 02:12:38,236] Trial 46 finished with value: 24.6772990821557 and parameters: {'n_units_l0': 160, 'n_units_l1': 3776, 'n_units_l2': 960, 'n_units_l3': 2496, 'n_units_l4': 1120, 'n_units_l5': 1088, 'n_units_l6': 2560, 'n_units_l7': 3488, 'lr': 0.0006045742182274804}. Best is trial 31 with value: 9.411910700491736.
[I 2025-03-22 02:12:38,304] Trial 80 pruned. 
[I 2025-03-22 02:12:38,755] Trial 47 pruned. 
[I 2025-03-22 02:12:39,550] Trial 48 pruned. 
[I 2025-03-22 02:12:39,898] Trial 49 pruned. 
[I 2025-03-22 02:12:40,385] Trial 50 pruned. 
[I 2025-03-22 02:12:41,167] Trial 81 pruned. 
[I 2025-03-22 02:12:41,686] Trial 82 pruned. 
[I 2025-03-22 02:12:42,758] Trial 83 pruned. 
[I 2025-03-22 02:12:43,406] Trial 84 pruned. 
[I 2025-03-22 02:12:44,199] Trial 85 pruned. 
[I 2025-03-22 02:12:44,722] Trial 86 pruned. 
[I 2025-03-22 02:12:45,139] Trial 87 pruned. 
[I 2025-03-22 02:12:45,431] Trial 88 pruned. 
[I 2025-03-22 02:12:45,929] Trial 89 pruned. 
[I 2025-03-22 02:12:46,277] Trial 90 pruned. 
[I 2025-03-22 02:12:47,613] Trial 91 pruned. 
[I 2025-03-22 02:12:48,242] Trial 92 pruned. 
[I 2025-03-22 02:12:48,670] Trial 93 pruned. 
[I 2025-03-22 02:12:49,165] Trial 94 pruned. 
[I 2025-03-22 02:12:49,663] Trial 95 pruned. 
[I 2025-03-22 02:12:50,253] Trial 96 pruned. 
[I 2025-03-22 02:12:50,581] Trial 97 pruned. 
[I 2025-03-22 02:12:51,057] Trial 98 pruned. 
[I 2025-03-22 02:12:51,386] Trial 99 pruned. 
[I 2025-03-22 02:12:51,453] A new study created in memory with name: no-name-45942a51-35c7-421d-bcae-0455adc2f5e1
[I 2025-03-22 02:13:13,969] Trial 51 finished with value: 25.030413377448035 and parameters: {'n_units_l0': 64, 'n_units_l1': 3840, 'n_units_l2': 960, 'n_units_l3': 2496, 'n_units_l4': 992, 'n_units_l5': 1120, 'n_units_l6': 2560, 'n_units_l7': 3488, 'lr': 0.0010707452883565276}. Best is trial 31 with value: 9.411910700491736.
[I 2025-03-22 02:13:17,096] Trial 52 pruned. 
[I 2025-03-22 02:13:17,704] Trial 53 pruned. 
[I 2025-03-22 02:13:18,011] Trial 0 finished with value: 124.7051839260076 and parameters: {'n_units_l0': 256, 'n_units_l1': 3712, 'n_units_l2': 128, 'n_units_l3': 544, 'n_units_l4': 224, 'n_units_l5': 2016, 'n_units_l6': 96, 'n_units_l7': 1312, 'n_units_l8': 3552, 'lr': 0.06730151228846894}. Best is trial 0 with value: 124.7051839260076.
[I 2025-03-22 02:13:18,165] Trial 54 pruned. 
[I 2025-03-22 02:13:18,605] Trial 55 pruned. 
[I 2025-03-22 02:13:19,232] Trial 56 pruned. 
[I 2025-03-22 02:13:19,611] Trial 57 pruned. 
[I 2025-03-22 02:13:19,983] Trial 58 pruned. 
[I 2025-03-22 02:13:20,474] Trial 59 pruned. 
[I 2025-03-22 02:13:20,965] Trial 60 pruned. 
[I 2025-03-22 02:13:21,465] Trial 61 pruned. 
[I 2025-03-22 02:13:21,883] Trial 62 pruned. 
[I 2025-03-22 02:13:24,022] Trial 63 pruned. 
[I 2025-03-22 02:13:29,978] Trial 64 pruned. 
[I 2025-03-22 02:13:30,566] Trial 65 pruned. 
[I 2025-03-22 02:13:30,971] Trial 66 pruned. 
[I 2025-03-22 02:13:31,295] Trial 67 pruned. 
[I 2025-03-22 02:13:31,959] Trial 68 pruned. 
[I 2025-03-22 02:13:32,808] Trial 69 pruned. 
[I 2025-03-22 02:13:33,443] Trial 70 pruned. 
[I 2025-03-22 02:13:33,788] Trial 71 pruned. 
[I 2025-03-22 02:13:34,125] Trial 72 pruned. 
[I 2025-03-22 02:13:50,149] Trial 73 pruned. 
[I 2025-03-22 02:13:50,486] Trial 74 pruned. 
[I 2025-03-22 02:13:51,787] Trial 75 pruned. 
[I 2025-03-22 02:13:52,175] Trial 76 pruned. 
[I 2025-03-22 02:13:52,821] Trial 77 pruned. 
[I 2025-03-22 02:13:53,317] Trial 1 finished with value: 124.70470125312048 and parameters: {'n_units_l0': 192, 'n_units_l1': 832, 'n_units_l2': 2208, 'n_units_l3': 64, 'n_units_l4': 2528, 'n_units_l5': 3008, 'n_units_l6': 2144, 'n_units_l7': 1888, 'n_units_l8': 1120, 'lr': 0.04649836093843306}. Best is trial 1 with value: 124.70470125312048.
[I 2025-03-22 02:13:53,814] Trial 78 pruned. 
[I 2025-03-22 02:13:54,153] Trial 79 pruned. 
[I 2025-03-22 02:13:54,706] Trial 80 pruned. 
[I 2025-03-22 02:13:55,506] Trial 81 pruned. 
[I 2025-03-22 02:13:56,186] Trial 82 pruned. 
[I 2025-03-22 02:13:56,927] Trial 83 pruned. 
[I 2025-03-22 02:13:59,555] Trial 84 pruned. 
[I 2025-03-22 02:14:01,571] Trial 85 pruned. 
[I 2025-03-22 02:14:02,100] Trial 86 pruned. 
[I 2025-03-22 02:14:02,557] Trial 87 pruned. 
[I 2025-03-22 02:14:02,991] Trial 88 pruned. 
[I 2025-03-22 02:14:04,013] Trial 89 pruned. 
[I 2025-03-22 02:14:04,656] Trial 90 pruned. 
[I 2025-03-22 02:14:05,524] Trial 91 pruned. 
[I 2025-03-22 02:14:06,099] Trial 92 pruned. 
[I 2025-03-22 02:14:06,826] Trial 93 pruned. 
[I 2025-03-22 02:14:07,537] Trial 94 pruned. 
[I 2025-03-22 02:14:08,086] Trial 95 pruned. 
[I 2025-03-22 02:14:08,510] Trial 96 pruned. 
[I 2025-03-22 02:14:09,059] Trial 97 pruned. 
[I 2025-03-22 02:14:09,535] Trial 98 pruned. 
[I 2025-03-22 02:14:09,875] Trial 99 pruned. 
[I 2025-03-22 02:14:09,981] A new study created in memory with name: no-name-1c7c57ae-b026-486f-b1a9-f80e39b3f0de
[I 2025-03-22 02:14:49,026] Trial 2 finished with value: 124.70629549342276 and parameters: {'n_units_l0': 3328, 'n_units_l1': 2816, 'n_units_l2': 3328, 'n_units_l3': 2208, 'n_units_l4': 1568, 'n_units_l5': 2240, 'n_units_l6': 1280, 'n_units_l7': 1536, 'n_units_l8': 992, 'lr': 0.039072667616372236}. Best is trial 1 with value: 124.70470125312048.
[I 2025-03-22 02:14:53,007] Trial 0 finished with value: 123.95868414630542 and parameters: {'n_units_l0': 64, 'n_units_l1': 1664, 'n_units_l2': 736, 'n_units_l3': 2112, 'n_units_l4': 2208, 'n_units_l5': 960, 'n_units_l6': 3328, 'n_units_l7': 2368, 'n_units_l8': 3200, 'n_units_l9': 96, 'lr': 0.06015527281178625}. Best is trial 0 with value: 123.95868414630542.
[I 2025-03-22 02:15:41,887] Trial 3 finished with value: 124.70363778625892 and parameters: {'n_units_l0': 2304, 'n_units_l1': 2048, 'n_units_l2': 3776, 'n_units_l3': 3136, 'n_units_l4': 576, 'n_units_l5': 2816, 'n_units_l6': 3392, 'n_units_l7': 32, 'n_units_l8': 2816, 'lr': 0.08618072647300341}. Best is trial 3 with value: 124.70363778625892.
[I 2025-03-22 02:16:04,409] Trial 1 finished with value: 123.94741052023411 and parameters: {'n_units_l0': 3776, 'n_units_l1': 3232, 'n_units_l2': 1792, 'n_units_l3': 2752, 'n_units_l4': 1760, 'n_units_l5': 928, 'n_units_l6': 2080, 'n_units_l7': 3936, 'n_units_l8': 1792, 'n_units_l9': 3456, 'lr': 0.013252114952397347}. Best is trial 1 with value: 123.94741052023411.
