[I 2025-03-22 05:00:10,619] Trial 39 pruned. 
[I 2025-03-22 05:00:11,768] Trial 40 pruned. 
[I 2025-03-22 05:00:16,543] Trial 1 finished with value: 124.56466805919315 and parameters: {'n_units_l0': 2016, 'n_units_l1': 1344, 'n_units_l2': 1056, 'n_units_l3': 2016, 'n_units_l4': 1248, 'n_units_l5': 3808, 'n_units_l6': 192, 'n_units_l7': 2304, 'n_units_l8': 2304, 'n_units_l9': 3520, 'n_units_l10': 1568, 'n_units_l11': 928, 'lr': 0.02213735832046359}. Best is trial 0 with value: 124.50958042808331.
[I 2025-03-22 05:01:43,580] Trial 41 finished with value: 8.904313961581964 and parameters: {'n_units_l0': 512, 'n_units_l1': 3808, 'n_units_l2': 1792, 'n_units_l3': 3520, 'n_units_l4': 3488, 'n_units_l5': 1536, 'n_units_l6': 960, 'n_units_l7': 1824, 'n_units_l8': 1888, 'n_units_l9': 544, 'n_units_l10': 384, 'lr': 0.00046060490824356844}. Best is trial 24 with value: 8.571668461788683.
[I 2025-03-22 05:01:44,461] Trial 42 pruned. 
[I 2025-03-22 05:02:00,832] Trial 2 finished with value: inf and parameters: {'n_units_l0': 3936, 'n_units_l1': 1888, 'n_units_l2': 1536, 'n_units_l3': 3392, 'n_units_l4': 1984, 'n_units_l5': 3360, 'n_units_l6': 1024, 'n_units_l7': 1856, 'n_units_l8': 2016, 'n_units_l9': 64, 'n_units_l10': 2272, 'n_units_l11': 3936, 'lr': 0.09195470447883186}. Best is trial 0 with value: 124.50958042808331.
[I 2025-03-22 05:03:08,944] Trial 43 finished with value: 17.341784454361616 and parameters: {'n_units_l0': 928, 'n_units_l1': 3648, 'n_units_l2': 1504, 'n_units_l3': 3584, 'n_units_l4': 2560, 'n_units_l5': 1184, 'n_units_l6': 640, 'n_units_l7': 2496, 'n_units_l8': 2240, 'n_units_l9': 544, 'n_units_l10': 1792, 'lr': 0.0005184705687358279}. Best is trial 24 with value: 8.571668461788683.
[I 2025-03-22 05:03:10,073] Trial 44 pruned. 
[I 2025-03-22 05:03:10,869] Trial 3 finished with value: 124.51474928799769 and parameters: {'n_units_l0': 2912, 'n_units_l1': 2080, 'n_units_l2': 1888, 'n_units_l3': 800, 'n_units_l4': 672, 'n_units_l5': 640, 'n_units_l6': 2688, 'n_units_l7': 4000, 'n_units_l8': 160, 'n_units_l9': 256, 'n_units_l10': 736, 'n_units_l11': 2464, 'lr': 0.03377829934877521}. Best is trial 0 with value: 124.50958042808331.
[I 2025-03-22 05:03:11,686] Trial 45 pruned. 
[I 2025-03-22 05:03:12,981] Trial 46 pruned. 
[I 2025-03-22 05:04:27,009] Trial 47 finished with value: 20.288525763343596 and parameters: {'n_units_l0': 736, 'n_units_l1': 1472, 'n_units_l2': 992, 'n_units_l3': 3008, 'n_units_l4': 2976, 'n_units_l5': 1760, 'n_units_l6': 192, 'n_units_l7': 3040, 'n_units_l8': 2976, 'n_units_l9': 128, 'n_units_l10': 1920, 'lr': 3.1914607190819955e-05}. Best is trial 24 with value: 8.571668461788683.
[I 2025-03-22 05:04:28,252] Trial 48 pruned. 
[I 2025-03-22 05:04:29,605] Trial 49 pruned. 
[I 2025-03-22 05:04:30,145] Trial 4 finished with value: 124.51526646635278 and parameters: {'n_units_l0': 2368, 'n_units_l1': 1728, 'n_units_l2': 416, 'n_units_l3': 1344, 'n_units_l4': 2880, 'n_units_l5': 4000, 'n_units_l6': 1088, 'n_units_l7': 1312, 'n_units_l8': 2400, 'n_units_l9': 896, 'n_units_l10': 352, 'n_units_l11': 3808, 'lr': 0.03521640196781655}. Best is trial 0 with value: 124.50958042808331.
[I 2025-03-22 05:04:30,420] Trial 50 pruned. 
[I 2025-03-22 05:04:31,269] Trial 5 pruned. 
[I 2025-03-22 05:04:32,348] Trial 6 pruned. 
[I 2025-03-22 05:04:33,172] Trial 7 pruned. 
[I 2025-03-22 05:04:34,287] Trial 8 pruned. 
[I 2025-03-22 05:04:35,489] Trial 9 pruned. 
[I 2025-03-22 05:04:36,979] Trial 10 pruned. 
[I 2025-03-22 05:05:48,570] Trial 51 finished with value: 12.115279263326348 and parameters: {'n_units_l0': 224, 'n_units_l1': 3488, 'n_units_l2': 2272, 'n_units_l3': 3200, 'n_units_l4': 1792, 'n_units_l5': 1536, 'n_units_l6': 1024, 'n_units_l7': 1728, 'n_units_l8': 1312, 'n_units_l9': 800, 'n_units_l10': 2368, 'lr': 0.00025774127945507033}. Best is trial 24 with value: 8.571668461788683.
[I 2025-03-22 05:06:11,517] Trial 11 finished with value: 11.164714911269044 and parameters: {'n_units_l0': 3264, 'n_units_l1': 3712, 'n_units_l2': 320, 'n_units_l3': 1856, 'n_units_l4': 64, 'n_units_l5': 96, 'n_units_l6': 4000, 'n_units_l7': 3744, 'n_units_l8': 96, 'n_units_l9': 1536, 'n_units_l10': 2976, 'n_units_l11': 2592, 'lr': 0.0007780241367129764}. Best is trial 11 with value: 11.164714911269044.
[I 2025-03-22 05:06:56,378] Trial 52 finished with value: 36.409501227894964 and parameters: {'n_units_l0': 224, 'n_units_l1': 3584, 'n_units_l2': 1792, 'n_units_l3': 3168, 'n_units_l4': 2080, 'n_units_l5': 736, 'n_units_l6': 1120, 'n_units_l7': 1120, 'n_units_l8': 1344, 'n_units_l9': 768, 'n_units_l10': 2176, 'lr': 0.0040217480838816}. Best is trial 24 with value: 8.571668461788683.
[I 2025-03-22 05:06:57,401] Trial 53 pruned. 
[I 2025-03-22 05:06:58,556] Trial 54 pruned. 
[I 2025-03-22 05:06:59,665] Trial 55 pruned. 
[I 2025-03-22 05:07:00,752] Trial 56 pruned. 
[I 2025-03-22 05:07:01,659] Trial 57 pruned. 
[I 2025-03-22 05:07:02,730] Trial 58 pruned. 
[I 2025-03-22 05:07:03,289] Trial 59 pruned. 
[I 2025-03-22 05:08:27,477] Trial 12 finished with value: 124.58123188782137 and parameters: {'n_units_l0': 3648, 'n_units_l1': 4096, 'n_units_l2': 128, 'n_units_l3': 2016, 'n_units_l4': 64, 'n_units_l5': 224, 'n_units_l6': 3936, 'n_units_l7': 4096, 'n_units_l8': 3392, 'n_units_l9': 1600, 'n_units_l10': 3040, 'n_units_l11': 2688, 'lr': 0.007752667769452176}. Best is trial 11 with value: 11.164714911269044.
[I 2025-03-22 05:09:13,970] Trial 60 finished with value: 19.396667452624243 and parameters: {'n_units_l0': 800, 'n_units_l1': 3168, 'n_units_l2': 1856, 'n_units_l3': 3424, 'n_units_l4': 2144, 'n_units_l5': 2816, 'n_units_l6': 32, 'n_units_l7': 992, 'n_units_l8': 3968, 'n_units_l9': 3616, 'n_units_l10': 3744, 'lr': 3.784576659472639e-05}. Best is trial 24 with value: 8.571668461788683.
[I 2025-03-22 05:09:15,627] Trial 61 pruned. 
[I 2025-03-22 05:09:17,085] Trial 62 pruned. 
[I 2025-03-22 05:09:18,674] Trial 63 pruned. 
[I 2025-03-22 05:09:19,298] Trial 64 pruned. 
[I 2025-03-22 05:09:59,107] Trial 13 finished with value: 36.10923796126645 and parameters: {'n_units_l0': 3040, 'n_units_l1': 3744, 'n_units_l2': 512, 'n_units_l3': 2464, 'n_units_l4': 1440, 'n_units_l5': 1088, 'n_units_l6': 4000, 'n_units_l7': 64, 'n_units_l8': 1056, 'n_units_l9': 2656, 'n_units_l10': 2944, 'n_units_l11': 1760, 'lr': 0.0018823398080479378}. Best is trial 11 with value: 11.164714911269044.
[I 2025-03-22 05:10:00,578] Trial 14 pruned. 
[I 2025-03-22 05:10:42,807] Trial 65 finished with value: 36.08151447586521 and parameters: {'n_units_l0': 480, 'n_units_l1': 3360, 'n_units_l2': 1696, 'n_units_l3': 1920, 'n_units_l4': 2048, 'n_units_l5': 2272, 'n_units_l6': 544, 'n_units_l7': 1920, 'n_units_l8': 1408, 'n_units_l9': 3104, 'n_units_l10': 2688, 'lr': 0.004837152102248905}. Best is trial 24 with value: 8.571668461788683.
[I 2025-03-22 05:10:58,888] Trial 66 pruned. 
[I 2025-03-22 05:11:00,246] Trial 67 pruned. 
[I 2025-03-22 05:11:01,518] Trial 68 pruned. 
[I 2025-03-22 05:11:02,779] Trial 69 pruned. 
[I 2025-03-22 05:11:04,207] Trial 70 pruned. 
[I 2025-03-22 05:12:11,748] Trial 71 finished with value: 17.928466836652866 and parameters: {'n_units_l0': 128, 'n_units_l1': 3424, 'n_units_l2': 1920, 'n_units_l3': 2560, 'n_units_l4': 1920, 'n_units_l5': 1408, 'n_units_l6': 928, 'n_units_l7': 1696, 'n_units_l8': 704, 'n_units_l9': 1184, 'n_units_l10': 2464, 'lr': 0.00021704788113924447}. Best is trial 24 with value: 8.571668461788683.
[I 2025-03-22 05:12:12,613] Trial 72 pruned. 
[I 2025-03-22 05:12:17,848] Trial 15 finished with value: 124.70668290817018 and parameters: {'n_units_l0': 2880, 'n_units_l1': 3488, 'n_units_l2': 2816, 'n_units_l3': 1632, 'n_units_l4': 3968, 'n_units_l5': 32, 'n_units_l6': 4032, 'n_units_l7': 3360, 'n_units_l8': 64, 'n_units_l9': 3904, 'n_units_l10': 3328, 'n_units_l11': 2112, 'lr': 0.0014302461060260153}. Best is trial 11 with value: 11.164714911269044.
[I 2025-03-22 05:12:19,057] Trial 16 pruned. 
[I 2025-03-22 05:12:20,642] Trial 17 pruned. 
[I 2025-03-22 05:12:21,771] Trial 18 pruned. 
[I 2025-03-22 05:13:22,704] Trial 73 finished with value: 30.139097205789543 and parameters: {'n_units_l0': 704, 'n_units_l1': 3520, 'n_units_l2': 1696, 'n_units_l3': 3264, 'n_units_l4': 1312, 'n_units_l5': 1568, 'n_units_l6': 1280, 'n_units_l7': 1728, 'n_units_l8': 352, 'n_units_l9': 1152, 'n_units_l10': 2592, 'lr': 0.002304160971609683}. Best is trial 24 with value: 8.571668461788683.
[I 2025-03-22 05:13:23,422] Trial 74 pruned. 
[I 2025-03-22 05:13:24,421] Trial 75 pruned. 
[I 2025-03-22 05:13:25,299] Trial 19 finished with value: 18.364828054361745 and parameters: {'n_units_l0': 3520, 'n_units_l1': 384, 'n_units_l2': 3808, 'n_units_l3': 320, 'n_units_l4': 1472, 'n_units_l5': 384, 'n_units_l6': 3456, 'n_units_l7': 3584, 'n_units_l8': 384, 'n_units_l9': 1824, 'n_units_l10': 1376, 'n_units_l11': 384, 'lr': 0.0008257961128328671}. Best is trial 11 with value: 11.164714911269044.
[I 2025-03-22 05:13:26,014] Trial 20 pruned. 
[I 2025-03-22 05:13:37,381] Trial 76 pruned. 
[I 2025-03-22 05:13:38,560] Trial 77 pruned. 
[I 2025-03-22 05:14:34,233] Trial 21 finished with value: 14.077748538373248 and parameters: {'n_units_l0': 3104, 'n_units_l1': 768, 'n_units_l2': 3360, 'n_units_l3': 480, 'n_units_l4': 1472, 'n_units_l5': 704, 'n_units_l6': 3616, 'n_units_l7': 2912, 'n_units_l8': 768, 'n_units_l9': 1184, 'n_units_l10': 1184, 'n_units_l11': 544, 'lr': 0.0004707152013276655}. Best is trial 11 with value: 11.164714911269044.
[I 2025-03-22 05:14:36,077] Trial 22 pruned. 
[I 2025-03-22 05:15:21,306] Trial 78 finished with value: 24.678952675541947 and parameters: {'n_units_l0': 896, 'n_units_l1': 2208, 'n_units_l2': 3808, 'n_units_l3': 3616, 'n_units_l4': 2560, 'n_units_l5': 992, 'n_units_l6': 1440, 'n_units_l7': 2080, 'n_units_l8': 1920, 'n_units_l9': 1312, 'n_units_l10': 512, 'lr': 0.0025111255943212254}. Best is trial 24 with value: 8.571668461788683.
[I 2025-03-22 05:15:22,674] Trial 79 pruned. 
[I 2025-03-22 05:15:23,515] Trial 80 pruned. 
[I 2025-03-22 05:15:24,533] Trial 81 pruned. 
[I 2025-03-22 05:15:25,321] Trial 82 pruned. 
[I 2025-03-22 05:15:32,650] Trial 83 pruned. 
[I 2025-03-22 05:15:34,010] Trial 84 pruned. 
[I 2025-03-22 05:15:34,853] Trial 85 pruned. 
[I 2025-03-22 05:15:35,700] Trial 86 pruned. 
[I 2025-03-22 05:15:36,884] Trial 87 pruned. 
[I 2025-03-22 05:15:38,117] Trial 88 pruned. 
[I 2025-03-22 05:15:40,071] Trial 89 pruned. 
[I 2025-03-22 05:15:40,842] Trial 23 finished with value: 14.704050940429545 and parameters: {'n_units_l0': 3392, 'n_units_l1': 704, 'n_units_l2': 3296, 'n_units_l3': 416, 'n_units_l4': 928, 'n_units_l5': 704, 'n_units_l6': 3584, 'n_units_l7': 3616, 'n_units_l8': 32, 'n_units_l9': 1248, 'n_units_l10': 1120, 'n_units_l11': 544, 'lr': 0.0003736772836415903}. Best is trial 11 with value: 11.164714911269044.
[I 2025-03-22 05:15:40,990] Trial 90 pruned. 
[I 2025-03-22 05:15:41,586] Trial 24 pruned. 
[I 2025-03-22 05:15:42,697] Trial 91 pruned. 
[I 2025-03-22 05:15:42,773] Trial 25 pruned. 
[I 2025-03-22 05:15:43,650] Trial 26 pruned. 
[I 2025-03-22 05:15:44,411] Trial 92 pruned. 
[I 2025-03-22 05:15:44,580] Trial 27 pruned. 
[I 2025-03-22 05:15:45,548] Trial 28 pruned. 
[I 2025-03-22 05:15:45,908] Trial 93 pruned. 
[I 2025-03-22 05:15:46,407] Trial 29 pruned. 
[I 2025-03-22 05:15:47,244] Trial 94 pruned. 
[I 2025-03-22 05:15:47,964] Trial 30 pruned. 
[I 2025-03-22 05:16:51,880] Trial 31 finished with value: 13.912601099006798 and parameters: {'n_units_l0': 3520, 'n_units_l1': 480, 'n_units_l2': 3744, 'n_units_l3': 288, 'n_units_l4': 1440, 'n_units_l5': 352, 'n_units_l6': 3488, 'n_units_l7': 3552, 'n_units_l8': 416, 'n_units_l9': 1824, 'n_units_l10': 1216, 'n_units_l11': 384, 'lr': 0.00042824311803299486}. Best is trial 11 with value: 11.164714911269044.
[I 2025-03-22 05:16:52,813] Trial 95 finished with value: 16.33816081117664 and parameters: {'n_units_l0': 2272, 'n_units_l1': 3360, 'n_units_l2': 1632, 'n_units_l3': 320, 'n_units_l4': 3136, 'n_units_l5': 1184, 'n_units_l6': 832, 'n_units_l7': 896, 'n_units_l8': 1504, 'n_units_l9': 992, 'n_units_l10': 3168, 'lr': 0.0022277608459356133}. Best is trial 24 with value: 8.571668461788683.
[I 2025-03-22 05:16:53,486] Trial 96 pruned. 
[I 2025-03-22 05:16:54,372] Trial 97 pruned. 
[I 2025-03-22 05:16:55,244] Trial 98 pruned. 
[I 2025-03-22 05:16:57,209] Trial 99 pruned. 
[I 2025-03-22 05:16:57,362] A new study created in memory with name: no-name-55bb646f-d590-49e8-af0c-f7258e5b5f88
[I 2025-03-22 05:17:45,194] Trial 0 finished with value: 27.318082139094866 and parameters: {'n_units_l0': 4096, 'n_units_l1': 2240, 'lr': 0.05945472026785344}. Best is trial 0 with value: 27.318082139094866.
[I 2025-03-22 05:17:54,293] Trial 32 finished with value: 12.476421295832564 and parameters: {'n_units_l0': 4064, 'n_units_l1': 512, 'n_units_l2': 3456, 'n_units_l3': 288, 'n_units_l4': 1120, 'n_units_l5': 288, 'n_units_l6': 3520, 'n_units_l7': 3008, 'n_units_l8': 480, 'n_units_l9': 1856, 'n_units_l10': 1184, 'n_units_l11': 288, 'lr': 0.0004361211634434776}. Best is trial 11 with value: 11.164714911269044.
[I 2025-03-22 05:17:54,907] Trial 33 pruned. 
[I 2025-03-22 05:17:55,782] Trial 34 pruned. 
[I 2025-03-22 05:17:56,691] Trial 35 pruned. 
[I 2025-03-22 05:17:57,742] Trial 36 pruned. 
[I 2025-03-22 05:17:58,449] Trial 37 pruned. 
[I 2025-03-22 05:17:59,372] Trial 38 pruned. 
[I 2025-03-22 05:18:00,028] Trial 39 pruned. 
[I 2025-03-22 05:18:01,039] Trial 40 pruned. 
[I 2025-03-22 05:18:01,992] Trial 41 pruned. 
[I 2025-03-22 05:18:02,910] Trial 42 pruned. 
[I 2025-03-22 05:18:03,759] Trial 43 pruned. 
[I 2025-03-22 05:18:14,194] Trial 44 pruned. 
[I 2025-03-22 05:18:14,930] Trial 45 pruned. 
[I 2025-03-22 05:18:15,839] Trial 46 pruned. 
[I 2025-03-22 05:18:16,986] Trial 47 pruned. 
[I 2025-03-22 05:18:18,388] Trial 48 pruned. 
[I 2025-03-22 05:18:19,668] Trial 49 pruned. 
[I 2025-03-22 05:18:20,588] Trial 50 pruned. 
[I 2025-03-22 05:18:21,354] Trial 51 pruned. 
[I 2025-03-22 05:18:22,195] Trial 52 pruned. 
[I 2025-03-22 05:18:23,079] Trial 53 pruned. 
[I 2025-03-22 05:18:23,973] Trial 54 pruned. 
[I 2025-03-22 05:18:24,962] Trial 55 pruned. 
[I 2025-03-22 05:18:25,942] Trial 56 pruned. 
[I 2025-03-22 05:18:27,133] Trial 57 pruned. 
[I 2025-03-22 05:18:29,218] Trial 58 pruned. 
[I 2025-03-22 05:18:30,139] Trial 59 pruned. 
[I 2025-03-22 05:18:31,300] Trial 60 pruned. 
[I 2025-03-22 05:18:32,548] Trial 1 finished with value: 124.85640397875602 and parameters: {'n_units_l0': 3776, 'n_units_l1': 2976, 'lr': 0.0927732101866041}. Best is trial 0 with value: 27.318082139094866.
[I 2025-03-22 05:18:32,609] Trial 61 pruned. 
[I 2025-03-22 05:18:33,762] Trial 62 pruned. 
[I 2025-03-22 05:18:34,667] Trial 63 pruned. 
[I 2025-03-22 05:18:35,443] Trial 64 pruned. 
[I 2025-03-22 05:18:37,121] Trial 65 pruned. 
[I 2025-03-22 05:18:50,735] Trial 66 pruned. 
[I 2025-03-22 05:18:52,024] Trial 67 pruned. 
[I 2025-03-22 05:18:53,368] Trial 68 pruned. 
[I 2025-03-22 05:19:01,990] Trial 69 pruned. 
[I 2025-03-22 05:19:02,827] Trial 70 pruned. 
[I 2025-03-22 05:19:03,590] Trial 71 pruned. 
[I 2025-03-22 05:19:04,207] Trial 72 pruned. 
[I 2025-03-22 05:19:05,263] Trial 73 pruned. 
[I 2025-03-22 05:19:06,166] Trial 74 pruned. 
[I 2025-03-22 05:19:07,465] Trial 75 pruned. 
[I 2025-03-22 05:19:09,084] Trial 76 pruned. 
[I 2025-03-22 05:19:10,349] Trial 77 pruned. 
[I 2025-03-22 05:19:11,473] Trial 78 pruned. 
[I 2025-03-22 05:19:12,597] Trial 79 pruned. 
[I 2025-03-22 05:19:13,990] Trial 80 pruned. 
[I 2025-03-22 05:19:15,052] Trial 81 pruned. 
[I 2025-03-22 05:19:15,835] Trial 82 pruned. 
[I 2025-03-22 05:19:16,497] Trial 83 pruned. 
[I 2025-03-22 05:19:17,522] Trial 84 pruned. 
[I 2025-03-22 05:19:18,530] Trial 85 pruned. 
[I 2025-03-22 05:19:19,923] Trial 2 finished with value: 28.865459732216575 and parameters: {'n_units_l0': 2336, 'n_units_l1': 2592, 'lr': 0.025911040541178255}. Best is trial 0 with value: 27.318082139094866.
[I 2025-03-22 05:19:19,953] Trial 86 pruned. 
[I 2025-03-22 05:19:20,829] Trial 87 pruned. 
[I 2025-03-22 05:19:21,616] Trial 88 pruned. 
[I 2025-03-22 05:20:07,044] Trial 3 finished with value: 17.353073863382885 and parameters: {'n_units_l0': 3456, 'n_units_l1': 3008, 'lr': 0.005055669424276026}. Best is trial 3 with value: 17.353073863382885.
[I 2025-03-22 05:20:43,467] Trial 89 finished with value: 37.73914462385644 and parameters: {'n_units_l0': 4000, 'n_units_l1': 2560, 'n_units_l2': 3488, 'n_units_l3': 672, 'n_units_l4': 288, 'n_units_l5': 832, 'n_units_l6': 2816, 'n_units_l7': 1984, 'n_units_l8': 128, 'n_units_l9': 864, 'n_units_l10': 1856, 'n_units_l11': 704, 'lr': 0.002088876624896955}. Best is trial 11 with value: 11.164714911269044.
[I 2025-03-22 05:20:45,532] Trial 90 pruned. 
[I 2025-03-22 05:20:48,172] Trial 91 pruned. 
[I 2025-03-22 05:20:52,767] Trial 92 pruned. 
[I 2025-03-22 05:20:53,579] Trial 93 pruned. 
[I 2025-03-22 05:20:53,945] Trial 4 finished with value: 16.77464668942079 and parameters: {'n_units_l0': 672, 'n_units_l1': 352, 'lr': 0.016784566497273196}. Best is trial 4 with value: 16.77464668942079.
[I 2025-03-22 05:20:54,505] Trial 94 pruned. 
[I 2025-03-22 05:20:55,793] Trial 95 pruned. 
[I 2025-03-22 05:20:56,926] Trial 96 pruned. 
[I 2025-03-22 05:20:57,565] Trial 97 pruned. 
[I 2025-03-22 05:20:58,816] Trial 98 pruned. 
[I 2025-03-22 05:20:59,998] Trial 99 pruned. 
[I 2025-03-22 05:21:00,179] A new study created in memory with name: no-name-57861932-0794-4bc0-8a2d-e110689df966
[I 2025-03-22 05:21:00,652] Trial 5 pruned. 
[I 2025-03-22 05:21:01,156] Trial 6 pruned. 
[I 2025-03-22 05:21:01,637] Trial 7 pruned. 
[I 2025-03-22 05:21:11,230] Trial 8 pruned. 
[I 2025-03-22 05:21:12,268] Trial 9 pruned. 
[I 2025-03-22 05:21:12,756] Trial 10 pruned. 
[I 2025-03-22 05:21:13,730] Trial 11 pruned. 
[I 2025-03-22 05:21:14,702] Trial 12 pruned. 
[I 2025-03-22 05:21:20,136] Trial 13 pruned. 
[I 2025-03-22 05:21:22,654] Trial 14 pruned. 
[I 2025-03-22 05:21:29,375] Trial 15 pruned. 
[I 2025-03-22 05:21:58,065] Trial 0 finished with value: 124.42518421672987 and parameters: {'n_units_l0': 2208, 'n_units_l1': 3712, 'n_units_l2': 2336, 'lr': 0.09909063812442301}. Best is trial 0 with value: 124.42518421672987.
[I 2025-03-22 05:22:18,362] Trial 16 finished with value: 35.99848814728744 and parameters: {'n_units_l0': 672, 'n_units_l1': 704, 'lr': 0.010691789167917621}. Best is trial 4 with value: 16.77464668942079.
[I 2025-03-22 05:22:19,348] Trial 17 pruned. 
[I 2025-03-22 05:22:19,881] Trial 18 pruned. 
[I 2025-03-22 05:22:25,780] Trial 19 pruned. 
[I 2025-03-22 05:22:30,371] Trial 20 pruned. 
[I 2025-03-22 05:22:35,822] Trial 21 pruned. 
[I 2025-03-22 05:22:36,356] Trial 22 pruned. 
[I 2025-03-22 05:22:36,990] Trial 23 pruned. 
[I 2025-03-22 05:22:37,501] Trial 24 pruned. 
[I 2025-03-22 05:22:38,065] Trial 25 pruned. 
[I 2025-03-22 05:22:38,578] Trial 26 pruned. 
[I 2025-03-22 05:22:44,550] Trial 27 pruned. 
[I 2025-03-22 05:22:45,063] Trial 28 pruned. 
[I 2025-03-22 05:22:50,126] Trial 29 pruned. 
[I 2025-03-22 05:22:50,646] Trial 30 pruned. 
[I 2025-03-22 05:22:50,913] Trial 1 finished with value: 11.237448599632897 and parameters: {'n_units_l0': 1248, 'n_units_l1': 288, 'n_units_l2': 2528, 'lr': 0.0028893911909468727}. Best is trial 1 with value: 11.237448599632897.
[I 2025-03-22 05:22:51,156] Trial 31 pruned. 
[I 2025-03-22 05:22:51,673] Trial 32 pruned. 
[I 2025-03-22 05:22:52,201] Trial 33 pruned. 
[I 2025-03-22 05:22:52,724] Trial 34 pruned. 
[I 2025-03-22 05:22:53,259] Trial 35 pruned. 
[I 2025-03-22 05:22:58,271] Trial 36 pruned. 
[I 2025-03-22 05:22:58,821] Trial 37 pruned. 
[I 2025-03-22 05:23:04,814] Trial 38 pruned. 
[I 2025-03-22 05:23:11,746] Trial 39 pruned. 
[I 2025-03-22 05:23:12,749] Trial 40 pruned. 
[I 2025-03-22 05:23:15,726] Trial 41 pruned. 
[I 2025-03-22 05:23:16,274] Trial 42 pruned. 
[I 2025-03-22 05:23:19,297] Trial 43 pruned. 
[I 2025-03-22 05:23:20,398] Trial 44 pruned. 
[I 2025-03-22 05:23:20,919] Trial 45 pruned. 
[I 2025-03-22 05:23:40,738] Trial 46 pruned. 
[I 2025-03-22 05:23:43,727] Trial 47 pruned. 
[I 2025-03-22 05:23:44,057] Trial 2 finished with value: 26.918697920380506 and parameters: {'n_units_l0': 2784, 'n_units_l1': 3744, 'n_units_l2': 96, 'lr': 0.07769529438904628}. Best is trial 1 with value: 11.237448599632897.
[I 2025-03-22 05:23:44,235] Trial 48 pruned. 
[I 2025-03-22 05:23:50,264] Trial 49 pruned. 
[I 2025-03-22 05:23:51,258] Trial 50 pruned. 
[I 2025-03-22 05:23:51,804] Trial 51 pruned. 
[I 2025-03-22 05:23:58,898] Trial 52 pruned. 
[I 2025-03-22 05:23:59,428] Trial 53 pruned. 
[I 2025-03-22 05:24:00,032] Trial 54 pruned. 
[I 2025-03-22 05:24:00,575] Trial 55 pruned. 
[I 2025-03-22 05:24:01,600] Trial 56 pruned. 
[I 2025-03-22 05:24:04,574] Trial 57 pruned. 
[I 2025-03-22 05:24:05,080] Trial 58 pruned. 
[I 2025-03-22 05:24:05,635] Trial 59 pruned. 
[I 2025-03-22 05:24:11,235] Trial 60 pruned. 
[I 2025-03-22 05:24:14,217] Trial 61 pruned. 
[I 2025-03-22 05:24:14,693] Trial 62 pruned. 
[I 2025-03-22 05:24:21,453] Trial 63 pruned. 
[I 2025-03-22 05:24:36,552] Trial 3 finished with value: 20.559543620301927 and parameters: {'n_units_l0': 3328, 'n_units_l1': 32, 'n_units_l2': 1568, 'lr': 0.0008175962818567468}. Best is trial 1 with value: 11.237448599632897.
[I 2025-03-22 05:25:10,394] Trial 64 finished with value: 25.1468653261691 and parameters: {'n_units_l0': 224, 'n_units_l1': 672, 'lr': 0.018679752344116667}. Best is trial 4 with value: 16.77464668942079.
[I 2025-03-22 05:25:21,800] Trial 65 pruned. 
[I 2025-03-22 05:25:22,336] Trial 66 pruned. 
[I 2025-03-22 05:25:22,841] Trial 67 pruned. 
[I 2025-03-22 05:25:27,251] Trial 68 pruned. 
[I 2025-03-22 05:25:27,901] Trial 69 pruned. 
[I 2025-03-22 05:25:28,421] Trial 70 pruned. 
[I 2025-03-22 05:25:28,908] Trial 71 pruned. 
[I 2025-03-22 05:25:29,412] Trial 72 pruned. 
