[I 2025-03-22 05:49:53,929] Trial 76 finished with value: 30.337422761157384 and parameters: {'n_units_l0': 672, 'n_units_l1': 1536, 'n_units_l2': 704, 'n_units_l3': 2976, 'n_units_l4': 3040, 'lr': 0.0025572800940300983}. Best is trial 2 with value: 7.838201957273538.
[I 2025-03-22 05:49:54,695] Trial 77 pruned. 
[I 2025-03-22 05:49:55,450] Trial 78 pruned. 
[I 2025-03-22 05:49:56,233] Trial 79 pruned. 
[I 2025-03-22 05:49:56,921] Trial 80 pruned. 
[I 2025-03-22 05:49:57,683] Trial 81 pruned. 
[I 2025-03-22 05:49:58,370] Trial 82 pruned. 
[I 2025-03-22 05:50:02,047] Trial 83 pruned. 
[I 2025-03-22 05:50:15,732] Trial 0 finished with value: 125.34158154254581 and parameters: {'n_units_l0': 3808, 'n_units_l1': 3104, 'n_units_l2': 1984, 'n_units_l3': 1952, 'n_units_l4': 96, 'n_units_l5': 96, 'lr': 0.07333257325502315}. Best is trial 0 with value: 125.34158154254581.
[I 2025-03-22 05:50:16,214] Trial 84 pruned. 
[I 2025-03-22 05:50:16,866] Trial 85 pruned. 
[I 2025-03-22 05:50:17,469] Trial 86 pruned. 
[I 2025-03-22 05:50:18,186] Trial 87 pruned. 
[I 2025-03-22 05:50:18,837] Trial 88 pruned. 
[I 2025-03-22 05:50:30,682] Trial 89 pruned. 
[I 2025-03-22 05:50:31,326] Trial 90 pruned. 
[I 2025-03-22 05:51:30,958] Trial 91 finished with value: 17.96871305003568 and parameters: {'n_units_l0': 640, 'n_units_l1': 1504, 'n_units_l2': 800, 'n_units_l3': 3168, 'n_units_l4': 3040, 'lr': 0.002197194036733222}. Best is trial 2 with value: 7.838201957273538.
[I 2025-03-22 05:51:38,032] Trial 1 finished with value: 125.24923569604206 and parameters: {'n_units_l0': 1024, 'n_units_l1': 2464, 'n_units_l2': 3200, 'n_units_l3': 2144, 'n_units_l4': 832, 'n_units_l5': 3072, 'lr': 0.05033011314419203}. Best is trial 1 with value: 125.24923569604206.
[I 2025-03-22 05:51:39,769] Trial 92 pruned. 
[I 2025-03-22 05:51:40,543] Trial 93 pruned. 
[I 2025-03-22 05:51:41,361] Trial 94 pruned. 
[I 2025-03-22 05:51:42,161] Trial 95 pruned. 
[I 2025-03-22 05:51:43,410] Trial 96 pruned. 
[I 2025-03-22 05:51:58,701] Trial 97 pruned. 
[I 2025-03-22 05:51:59,840] Trial 98 pruned. 
[I 2025-03-22 05:52:00,491] Trial 99 pruned. 
[I 2025-03-22 05:52:00,711] A new study created in memory with name: no-name-095c6d30-5d3d-4658-a6c9-70785ea6afe1
[I 2025-03-22 05:53:40,085] Trial 2 finished with value: 125.24431472775802 and parameters: {'n_units_l0': 4000, 'n_units_l1': 3776, 'n_units_l2': 1184, 'n_units_l3': 3488, 'n_units_l4': 1984, 'n_units_l5': 2176, 'lr': 0.053623934205831}. Best is trial 2 with value: 125.24431472775802.
[I 2025-03-22 05:54:41,447] Trial 3 finished with value: 125.2729465199508 and parameters: {'n_units_l0': 3296, 'n_units_l1': 1568, 'n_units_l2': 1536, 'n_units_l3': 3360, 'n_units_l4': 128, 'n_units_l5': 864, 'lr': 0.0256858903876316}. Best is trial 2 with value: 125.24431472775802.
[I 2025-03-22 05:55:03,016] Trial 0 finished with value: 125.18876608257276 and parameters: {'n_units_l0': 1504, 'n_units_l1': 2720, 'n_units_l2': 4064, 'n_units_l3': 3904, 'n_units_l4': 2944, 'n_units_l5': 3168, 'n_units_l6': 928, 'lr': 0.006679973767755528}. Best is trial 0 with value: 125.18876608257276.
[I 2025-03-22 05:55:43,039] Trial 4 finished with value: 125.2430666615282 and parameters: {'n_units_l0': 3136, 'n_units_l1': 96, 'n_units_l2': 480, 'n_units_l3': 2368, 'n_units_l4': 2528, 'n_units_l5': 1568, 'lr': 0.05966293937125581}. Best is trial 4 with value: 125.2430666615282.
[I 2025-03-22 05:55:43,961] Trial 5 pruned. 
[I 2025-03-22 05:55:45,744] Trial 6 pruned. 
[I 2025-03-22 05:56:20,457] Trial 1 finished with value: 124.82030135108563 and parameters: {'n_units_l0': 1248, 'n_units_l1': 1024, 'n_units_l2': 1216, 'n_units_l3': 1056, 'n_units_l4': 1440, 'n_units_l5': 3616, 'n_units_l6': 2368, 'lr': 0.06850781387800133}. Best is trial 1 with value: 124.82030135108563.
[I 2025-03-22 05:56:47,202] Trial 7 finished with value: 7.023020674462091 and parameters: {'n_units_l0': 3584, 'n_units_l1': 2176, 'n_units_l2': 608, 'n_units_l3': 1600, 'n_units_l4': 1248, 'n_units_l5': 256, 'lr': 0.0005038373822634139}. Best is trial 7 with value: 7.023020674462091.
[I 2025-03-22 05:56:47,891] Trial 8 pruned. 
[I 2025-03-22 05:56:48,929] Trial 9 pruned. 
[I 2025-03-22 05:58:18,196] Trial 10 finished with value: 7.707268130678958 and parameters: {'n_units_l0': 2016, 'n_units_l1': 1472, 'n_units_l2': 2720, 'n_units_l3': 448, 'n_units_l4': 3552, 'n_units_l5': 4032, 'lr': 0.00019743099347307384}. Best is trial 7 with value: 7.023020674462091.
[I 2025-03-22 05:58:19,153] Trial 11 pruned. 
[I 2025-03-22 05:58:54,268] Trial 2 finished with value: 34.992696017861014 and parameters: {'n_units_l0': 3264, 'n_units_l1': 1472, 'n_units_l2': 4064, 'n_units_l3': 3296, 'n_units_l4': 1248, 'n_units_l5': 3776, 'n_units_l6': 3072, 'lr': 0.0030485716318715875}. Best is trial 2 with value: 34.992696017861014.
[I 2025-03-22 05:59:24,213] Trial 12 finished with value: 14.12165617773663 and parameters: {'n_units_l0': 2208, 'n_units_l1': 800, 'n_units_l2': 2656, 'n_units_l3': 320, 'n_units_l4': 2912, 'n_units_l5': 3872, 'lr': 0.00017440820776601555}. Best is trial 7 with value: 7.023020674462091.
[I 2025-03-22 05:59:24,903] Trial 13 pruned. 
[I 2025-03-22 05:59:25,970] Trial 14 pruned. 
[I 2025-03-22 06:00:29,777] Trial 15 finished with value: 125.29717488895449 and parameters: {'n_units_l0': 2784, 'n_units_l1': 2240, 'n_units_l2': 2784, 'n_units_l3': 1024, 'n_units_l4': 672, 'n_units_l5': 896, 'lr': 0.010268330146798925}. Best is trial 7 with value: 7.023020674462091.
[I 2025-03-22 06:00:30,540] Trial 16 pruned. 
[I 2025-03-22 06:01:31,339] Trial 17 finished with value: 125.26213541237007 and parameters: {'n_units_l0': 992, 'n_units_l1': 1760, 'n_units_l2': 1568, 'n_units_l3': 544, 'n_units_l4': 1632, 'n_units_l5': 1920, 'lr': 0.011790557425002398}. Best is trial 7 with value: 7.023020674462091.
[I 2025-03-22 06:01:33,201] Trial 3 finished with value: 34.57555582965327 and parameters: {'n_units_l0': 1440, 'n_units_l1': 3680, 'n_units_l2': 3264, 'n_units_l3': 1536, 'n_units_l4': 3616, 'n_units_l5': 3008, 'n_units_l6': 2208, 'lr': 0.002434187671791317}. Best is trial 3 with value: 34.57555582965327.
[I 2025-03-22 06:03:01,523] Trial 18 finished with value: 125.24438535221101 and parameters: {'n_units_l0': 2848, 'n_units_l1': 2880, 'n_units_l2': 2272, 'n_units_l3': 2496, 'n_units_l4': 864, 'n_units_l5': 2336, 'lr': 0.03624345188883411}. Best is trial 7 with value: 7.023020674462091.
[I 2025-03-22 06:03:25,672] Trial 4 finished with value: 124.81937361972521 and parameters: {'n_units_l0': 2688, 'n_units_l1': 3424, 'n_units_l2': 416, 'n_units_l3': 544, 'n_units_l4': 1824, 'n_units_l5': 3840, 'n_units_l6': 3200, 'lr': 0.06192034111950475}. Best is trial 3 with value: 34.57555582965327.
[I 2025-03-22 06:03:26,474] Trial 5 pruned. 
[I 2025-03-22 06:03:28,210] Trial 6 pruned. 
[I 2025-03-22 06:03:29,175] Trial 7 pruned. 
[I 2025-03-22 06:03:31,307] Trial 8 pruned. 
[I 2025-03-22 06:03:32,707] Trial 9 pruned. 
[I 2025-03-22 06:03:33,973] Trial 10 pruned. 
[I 2025-03-22 06:03:34,900] Trial 11 pruned. 
[I 2025-03-22 06:03:35,741] Trial 12 pruned. 
[I 2025-03-22 06:03:36,937] Trial 13 pruned. 
[I 2025-03-22 06:03:38,727] Trial 14 pruned. 
[I 2025-03-22 06:03:39,803] Trial 15 pruned. 
[I 2025-03-22 06:03:40,631] Trial 16 pruned. 
[I 2025-03-22 06:03:42,207] Trial 17 pruned. 
[I 2025-03-22 06:04:14,799] Trial 19 finished with value: 125.24437337628963 and parameters: {'n_units_l0': 1920, 'n_units_l1': 1344, 'n_units_l2': 3232, 'n_units_l3': 1696, 'n_units_l4': 2240, 'n_units_l5': 1344, 'lr': 0.01256772228842579}. Best is trial 7 with value: 7.023020674462091.
[I 2025-03-22 06:04:15,817] Trial 20 pruned. 
[I 2025-03-22 06:04:16,624] Trial 21 pruned. 
[I 2025-03-22 06:04:48,975] Trial 18 finished with value: 6.923282262012681 and parameters: {'n_units_l0': 1888, 'n_units_l1': 1792, 'n_units_l2': 1504, 'n_units_l3': 1664, 'n_units_l4': 64, 'n_units_l5': 2752, 'n_units_l6': 2336, 'lr': 0.0003436594294128417}. Best is trial 18 with value: 6.923282262012681.
[I 2025-03-22 06:04:49,798] Trial 19 pruned. 
[I 2025-03-22 06:04:50,779] Trial 20 pruned. 
[I 2025-03-22 06:04:51,883] Trial 21 pruned. 
[I 2025-03-22 06:04:52,753] Trial 22 pruned. 
[I 2025-03-22 06:04:53,728] Trial 23 pruned. 
[I 2025-03-22 06:04:54,571] Trial 24 pruned. 
[I 2025-03-22 06:05:19,239] Trial 22 finished with value: 8.528129449557046 and parameters: {'n_units_l0': 2240, 'n_units_l1': 512, 'n_units_l2': 2688, 'n_units_l3': 576, 'n_units_l4': 2912, 'n_units_l5': 3328, 'lr': 0.0007172373868702003}. Best is trial 7 with value: 7.023020674462091.
[I 2025-03-22 06:05:19,982] Trial 23 pruned. 
[I 2025-03-22 06:06:11,629] Trial 25 finished with value: 4.797606270840029 and parameters: {'n_units_l0': 2112, 'n_units_l1': 1760, 'n_units_l2': 3136, 'n_units_l3': 2688, 'n_units_l4': 448, 'n_units_l5': 96, 'n_units_l6': 2304, 'lr': 0.0012338260497340022}. Best is trial 25 with value: 4.797606270840029.
[I 2025-03-22 06:06:12,565] Trial 26 pruned. 
[I 2025-03-22 06:06:13,321] Trial 27 pruned. 
[I 2025-03-22 06:06:22,384] Trial 28 pruned. 
[I 2025-03-22 06:06:24,053] Trial 29 pruned. 
[I 2025-03-22 06:06:24,875] Trial 30 pruned. 
[I 2025-03-22 06:06:26,499] Trial 31 pruned. 
[I 2025-03-22 06:07:10,596] Trial 24 finished with value: 7.89635341180431 and parameters: {'n_units_l0': 3040, 'n_units_l1': 1216, 'n_units_l2': 3008, 'n_units_l3': 1312, 'n_units_l4': 3872, 'n_units_l5': 3584, 'lr': 0.0010043565486118435}. Best is trial 7 with value: 7.023020674462091.
[I 2025-03-22 06:07:14,149] Trial 25 pruned. 
[I 2025-03-22 06:07:15,994] Trial 26 pruned. 
[I 2025-03-22 06:07:17,157] Trial 27 pruned. 
[I 2025-03-22 06:07:18,168] Trial 28 pruned. 
[I 2025-03-22 06:07:19,029] Trial 29 pruned. 
[I 2025-03-22 06:08:53,389] Trial 32 finished with value: 12.849400337565914 and parameters: {'n_units_l0': 3712, 'n_units_l1': 896, 'n_units_l2': 3584, 'n_units_l3': 3520, 'n_units_l4': 1728, 'n_units_l5': 3776, 'n_units_l6': 2560, 'lr': 0.0008384271222312231}. Best is trial 25 with value: 4.797606270840029.
[I 2025-03-22 06:09:03,557] Trial 33 pruned. 
[I 2025-03-22 06:09:05,394] Trial 34 pruned. 
[I 2025-03-22 06:09:06,720] Trial 35 pruned. 
[I 2025-03-22 06:09:07,498] Trial 36 pruned. 
[I 2025-03-22 06:09:08,493] Trial 37 pruned. 
[I 2025-03-22 06:09:09,873] Trial 38 pruned. 
[I 2025-03-22 06:09:11,815] Trial 39 pruned. 
[I 2025-03-22 06:09:12,581] Trial 40 pruned. 
[I 2025-03-22 06:09:18,092] Trial 30 finished with value: 125.29120662294585 and parameters: {'n_units_l0': 2912, 'n_units_l1': 3424, 'n_units_l2': 2976, 'n_units_l3': 4064, 'n_units_l4': 256, 'n_units_l5': 2944, 'lr': 0.006875325976565037}. Best is trial 7 with value: 7.023020674462091.
[I 2025-03-22 06:09:23,188] Trial 41 pruned. 
[I 2025-03-22 06:09:24,851] Trial 42 pruned. 
[I 2025-03-22 06:09:39,318] Trial 43 pruned. 
[I 2025-03-22 06:09:41,477] Trial 44 pruned. 
[I 2025-03-22 06:09:43,085] Trial 45 pruned. 
[I 2025-03-22 06:09:44,143] Trial 46 pruned. 
[I 2025-03-22 06:09:45,957] Trial 47 pruned. 
[I 2025-03-22 06:09:46,859] Trial 48 pruned. 
[I 2025-03-22 06:09:47,926] Trial 49 pruned. 
[I 2025-03-22 06:09:49,012] Trial 50 pruned. 
[I 2025-03-22 06:09:50,497] Trial 51 pruned. 
[I 2025-03-22 06:09:51,856] Trial 52 pruned. 
[I 2025-03-22 06:09:53,001] Trial 53 pruned. 
[I 2025-03-22 06:09:54,975] Trial 54 pruned. 
[I 2025-03-22 06:09:56,112] Trial 55 pruned. 
[I 2025-03-22 06:09:57,852] Trial 56 pruned. 
[I 2025-03-22 06:09:59,636] Trial 57 pruned. 
[I 2025-03-22 06:10:00,406] Trial 58 pruned. 
[I 2025-03-22 06:10:01,199] Trial 59 pruned. 
[I 2025-03-22 06:10:09,701] Trial 60 pruned. 
[I 2025-03-22 06:10:10,472] Trial 61 pruned. 
[I 2025-03-22 06:10:11,410] Trial 62 pruned. 
[I 2025-03-22 06:10:12,475] Trial 63 pruned. 
[I 2025-03-22 06:10:20,062] Trial 31 finished with value: 12.512806480305755 and parameters: {'n_units_l0': 2112, 'n_units_l1': 448, 'n_units_l2': 2496, 'n_units_l3': 384, 'n_units_l4': 2656, 'n_units_l5': 3456, 'lr': 0.00010174478364855059}. Best is trial 7 with value: 7.023020674462091.
[I 2025-03-22 06:10:20,962] Trial 32 pruned. 
[I 2025-03-22 06:10:23,935] Trial 33 pruned. 
[I 2025-03-22 06:10:24,750] Trial 34 pruned. 
[I 2025-03-22 06:10:25,467] Trial 35 pruned. 
[I 2025-03-22 06:10:26,550] Trial 36 pruned. 
[I 2025-03-22 06:10:27,408] Trial 37 pruned. 
[I 2025-03-22 06:10:28,382] Trial 38 pruned. 
[I 2025-03-22 06:10:29,315] Trial 39 pruned. 
[I 2025-03-22 06:10:29,965] Trial 40 pruned. 
[I 2025-03-22 06:11:32,050] Trial 41 finished with value: 14.641847782610196 and parameters: {'n_units_l0': 2080, 'n_units_l1': 96, 'n_units_l2': 2464, 'n_units_l3': 288, 'n_units_l4': 2592, 'n_units_l5': 3360, 'lr': 0.0002719276224047502}. Best is trial 7 with value: 7.023020674462091.
[I 2025-03-22 06:11:32,293] Trial 64 finished with value: 11.416903283198021 and parameters: {'n_units_l0': 32, 'n_units_l1': 2944, 'n_units_l2': 1408, 'n_units_l3': 256, 'n_units_l4': 960, 'n_units_l5': 4096, 'n_units_l6': 2784, 'lr': 0.002575188199635528}. Best is trial 25 with value: 4.797606270840029.
[I 2025-03-22 06:11:33,325] Trial 42 pruned. 
[I 2025-03-22 06:12:48,284] Trial 43 finished with value: 21.209190198089242 and parameters: {'n_units_l0': 2432, 'n_units_l1': 256, 'n_units_l2': 3072, 'n_units_l3': 1920, 'n_units_l4': 2720, 'n_units_l5': 2528, 'lr': 0.0003829321763370623}. Best is trial 7 with value: 7.023020674462091.
[I 2025-03-22 06:12:48,829] Trial 65 finished with value: 12.151106475488426 and parameters: {'n_units_l0': 576, 'n_units_l1': 3104, 'n_units_l2': 384, 'n_units_l3': 256, 'n_units_l4': 1088, 'n_units_l5': 4096, 'n_units_l6': 2784, 'lr': 0.0019041131976766375}. Best is trial 25 with value: 4.797606270840029.
[I 2025-03-22 06:12:49,137] Trial 44 pruned. 
[I 2025-03-22 06:12:49,599] Trial 66 pruned. 
[I 2025-03-22 06:12:49,965] Trial 45 pruned. 
[I 2025-03-22 06:12:50,696] Trial 67 pruned. 
[I 2025-03-22 06:12:50,737] Trial 46 pruned. 
[I 2025-03-22 06:12:51,503] Trial 47 pruned. 
[I 2025-03-22 06:12:51,835] Trial 68 pruned. 
[I 2025-03-22 06:12:52,561] Trial 48 pruned. 
[I 2025-03-22 06:13:58,233] Trial 69 finished with value: 9.96063460933169 and parameters: {'n_units_l0': 544, 'n_units_l1': 2688, 'n_units_l2': 800, 'n_units_l3': 256, 'n_units_l4': 1056, 'n_units_l5': 1632, 'n_units_l6': 2720, 'lr': 0.002596007313977947}. Best is trial 25 with value: 4.797606270840029.
[I 2025-03-22 06:14:04,302] Trial 49 finished with value: 33.1916299073182 and parameters: {'n_units_l0': 1280, 'n_units_l1': 1920, 'n_units_l2': 3776, 'n_units_l3': 704, 'n_units_l4': 1728, 'n_units_l5': 2880, 'lr': 0.004149932755603764}. Best is trial 7 with value: 7.023020674462091.
[I 2025-03-22 06:14:05,296] Trial 50 pruned. 
[I 2025-03-22 06:15:05,044] Trial 70 finished with value: 10.30058789747814 and parameters: {'n_units_l0': 640, 'n_units_l1': 3040, 'n_units_l2': 544, 'n_units_l3': 192, 'n_units_l4': 32, 'n_units_l5': 1952, 'n_units_l6': 2304, 'lr': 0.0029413393650292133}. Best is trial 25 with value: 4.797606270840029.
[I 2025-03-22 06:15:08,267] Trial 51 finished with value: 14.00548629889766 and parameters: {'n_units_l0': 2144, 'n_units_l1': 256, 'n_units_l2': 2656, 'n_units_l3': 352, 'n_units_l4': 3040, 'n_units_l5': 3936, 'lr': 0.0015137530443195073}. Best is trial 7 with value: 7.023020674462091.
[I 2025-03-22 06:15:09,012] Trial 52 pruned. 
[I 2025-03-22 06:15:10,992] Trial 53 pruned. 
[I 2025-03-22 06:15:11,743] Trial 54 pruned. 
[I 2025-03-22 06:15:12,593] Trial 55 pruned. 
[I 2025-03-22 06:15:13,546] Trial 56 pruned. 
[I 2025-03-22 06:15:14,371] Trial 57 pruned. 
[I 2025-03-22 06:15:15,123] Trial 58 pruned. 
[I 2025-03-22 06:15:16,339] Trial 59 pruned. 
[I 2025-03-22 06:15:17,011] Trial 60 pruned. 
[I 2025-03-22 06:15:18,023] Trial 61 pruned. 
[I 2025-03-22 06:15:18,746] Trial 62 pruned. 
[I 2025-03-22 06:15:19,447] Trial 63 pruned. 
[I 2025-03-22 06:15:20,328] Trial 64 pruned. 
[I 2025-03-22 06:15:21,716] Trial 65 pruned. 
[I 2025-03-22 06:15:47,083] Trial 66 pruned. 
[I 2025-03-22 06:15:47,926] Trial 67 pruned. 
[I 2025-03-22 06:15:49,190] Trial 68 pruned. 
[I 2025-03-22 06:15:51,828] Trial 69 pruned. 
[I 2025-03-22 06:15:52,650] Trial 70 pruned. 
[I 2025-03-22 06:16:11,734] Trial 71 finished with value: 18.52273628905607 and parameters: {'n_units_l0': 672, 'n_units_l1': 2688, 'n_units_l2': 704, 'n_units_l3': 192, 'n_units_l4': 224, 'n_units_l5': 2368, 'n_units_l6': 2304, 'lr': 0.0016703270511848171}. Best is trial 25 with value: 4.797606270840029.
[I 2025-03-22 06:16:12,445] Trial 72 pruned. 
[I 2025-03-22 06:16:17,189] Trial 73 pruned. 
[I 2025-03-22 06:16:17,920] Trial 74 pruned. 
[I 2025-03-22 06:16:18,621] Trial 75 pruned. 
[I 2025-03-22 06:16:19,477] Trial 76 pruned. 
[I 2025-03-22 06:16:28,179] Trial 77 pruned. 
[I 2025-03-22 06:16:33,564] Trial 78 pruned. 
[I 2025-03-22 06:16:34,308] Trial 79 pruned. 
[I 2025-03-22 06:16:35,029] Trial 80 pruned. 
[I 2025-03-22 06:16:40,511] Trial 81 pruned. 
[I 2025-03-22 06:16:41,263] Trial 82 pruned. 
[I 2025-03-22 06:16:55,150] Trial 71 finished with value: 12.006640679567605 and parameters: {'n_units_l0': 2112, 'n_units_l1': 128, 'n_units_l2': 2464, 'n_units_l3': 352, 'n_units_l4': 2592, 'n_units_l5': 3328, 'lr': 0.0001829162302827514}. Best is trial 7 with value: 7.023020674462091.
[I 2025-03-22 06:16:55,837] Trial 72 pruned. 
[I 2025-03-22 06:16:57,259] Trial 73 pruned. 
[I 2025-03-22 06:16:58,193] Trial 74 pruned. 
[I 2025-03-22 06:16:59,048] Trial 75 pruned. 
[I 2025-03-22 06:16:59,773] Trial 76 pruned. 
[I 2025-03-22 06:17:00,465] Trial 77 pruned. 
[I 2025-03-22 06:17:01,140] Trial 78 pruned. 
[I 2025-03-22 06:17:01,803] Trial 79 pruned. 
[I 2025-03-22 06:17:02,750] Trial 80 pruned. 
[I 2025-03-22 06:17:03,504] Trial 81 pruned. 
[I 2025-03-22 06:17:48,200] Trial 83 finished with value: 17.81279396971551 and parameters: {'n_units_l0': 160, 'n_units_l1': 3072, 'n_units_l2': 576, 'n_units_l3': 2016, 'n_units_l4': 416, 'n_units_l5': 2400, 'n_units_l6': 2016, 'lr': 0.0027454589379785127}. Best is trial 25 with value: 4.797606270840029.
[I 2025-03-22 06:18:00,101] Trial 84 pruned. 
[I 2025-03-22 06:18:04,831] Trial 85 pruned. 
[I 2025-03-22 06:18:06,087] Trial 82 finished with value: 15.877480197712014 and parameters: {'n_units_l0': 1856, 'n_units_l1': 352, 'n_units_l2': 2528, 'n_units_l3': 160, 'n_units_l4': 2304, 'n_units_l5': 3104, 'lr': 0.0027701042938946922}. Best is trial 7 with value: 7.023020674462091.
[I 2025-03-22 06:18:06,785] Trial 83 pruned. 
[I 2025-03-22 06:18:09,673] Trial 86 pruned. 
[I 2025-03-22 06:18:10,405] Trial 87 pruned. 
[I 2025-03-22 06:18:15,889] Trial 88 pruned. 
[I 2025-03-22 06:18:16,620] Trial 89 pruned. 
[I 2025-03-22 06:18:21,319] Trial 90 pruned. 
[I 2025-03-22 06:18:26,014] Trial 91 pruned. 
[I 2025-03-22 06:18:26,714] Trial 92 pruned. 
[I 2025-03-22 06:18:27,982] Trial 93 pruned. 
[I 2025-03-22 06:18:32,841] Trial 94 pruned. 
[I 2025-03-22 06:18:40,203] Trial 95 pruned. 
[I 2025-03-22 06:18:40,956] Trial 96 pruned. 
[I 2025-03-22 06:18:42,103] Trial 97 pruned. 
[I 2025-03-22 06:18:43,046] Trial 98 pruned. 
[I 2025-03-22 06:18:44,741] Trial 99 pruned. 
[I 2025-03-22 06:18:44,898] A new study created in memory with name: no-name-545dc39d-177f-4737-9dc2-0b2f7a68f543
[I 2025-03-22 06:19:08,885] Trial 84 finished with value: 12.97568351045101 and parameters: {'n_units_l0': 1952, 'n_units_l1': 512, 'n_units_l2': 2336, 'n_units_l3': 416, 'n_units_l4': 2784, 'n_units_l5': 3712, 'lr': 0.0022186787897011066}. Best is trial 7 with value: 7.023020674462091.
[I 2025-03-22 06:19:09,549] Trial 85 pruned. 
[I 2025-03-22 06:19:10,544] Trial 86 pruned. 
[I 2025-03-22 06:19:13,545] Trial 87 pruned. 
[I 2025-03-22 06:19:14,847] Trial 88 pruned. 
[I 2025-03-22 06:19:15,905] Trial 89 pruned. 
[I 2025-03-22 06:19:16,598] Trial 90 pruned. 
[I 2025-03-22 06:19:17,384] Trial 91 pruned. 
[I 2025-03-22 06:19:18,085] Trial 92 pruned. 
[I 2025-03-22 06:19:18,738] Trial 93 pruned. 
[I 2025-03-22 06:19:27,334] Trial 94 pruned. 
[I 2025-03-22 06:19:28,126] Trial 95 pruned. 
[I 2025-03-22 06:19:40,360] Trial 96 pruned. 
[I 2025-03-22 06:19:41,104] Trial 97 pruned. 
[I 2025-03-22 06:19:41,727] Trial 98 pruned. 
[I 2025-03-22 06:19:51,507] Trial 99 pruned. 
[I 2025-03-22 06:19:51,670] A new study created in memory with name: no-name-1772b937-a3db-475c-b1c3-504fd7d0f4a7
[I 2025-03-22 06:21:34,034] Trial 0 finished with value: 124.47899092189132 and parameters: {'n_units_l0': 1056, 'n_units_l1': 3200, 'n_units_l2': 3360, 'n_units_l3': 2432, 'n_units_l4': 2592, 'n_units_l5': 3360, 'n_units_l6': 2208, 'n_units_l7': 2272, 'lr': 0.03384220526998319}. Best is trial 0 with value: 124.47899092189132.
[I 2025-03-22 06:22:40,407] Trial 0 finished with value: 125.12855541610749 and parameters: {'n_units_l0': 2656, 'n_units_l1': 3232, 'n_units_l2': 3680, 'n_units_l3': 608, 'n_units_l4': 1472, 'n_units_l5': 3680, 'n_units_l6': 2624, 'n_units_l7': 3168, 'n_units_l8': 896, 'lr': 0.028950345673416488}. Best is trial 0 with value: 125.12855541610749.
[I 2025-03-22 06:23:04,662] Trial 1 finished with value: 124.48783409258762 and parameters: {'n_units_l0': 3840, 'n_units_l1': 352, 'n_units_l2': 3968, 'n_units_l3': 1536, 'n_units_l4': 2752, 'n_units_l5': 1824, 'n_units_l6': 1376, 'n_units_l7': 1632, 'lr': 0.019250036775060958}. Best is trial 0 with value: 124.47899092189132.
[I 2025-03-22 06:24:38,578] Trial 1 finished with value: 125.15298285662405 and parameters: {'n_units_l0': 2432, 'n_units_l1': 2272, 'n_units_l2': 1248, 'n_units_l3': 2304, 'n_units_l4': 1504, 'n_units_l5': 1600, 'n_units_l6': 3456, 'n_units_l7': 1504, 'n_units_l8': 2304, 'lr': 0.049111464737274575}. Best is trial 0 with value: 125.12855541610749.
[I 2025-03-22 06:24:42,527] Trial 2 finished with value: 124.50057622505395 and parameters: {'n_units_l0': 3328, 'n_units_l1': 2464, 'n_units_l2': 2272, 'n_units_l3': 448, 'n_units_l4': 3904, 'n_units_l5': 320, 'n_units_l6': 1952, 'n_units_l7': 3552, 'lr': 0.018111726178442294}. Best is trial 0 with value: 124.47899092189132.
