[I 2025-03-23 16:33:26,606] Trial 41 finished with value: 4.693921063144392 and parameters: {'n_units_l0': 1312, 'n_units_l1': 1824, 'n_units_l2': 352, 'n_units_l3': 1120, 'n_units_l4': 512, 'n_units_l5': 2240, 'n_units_l6': 448, 'n_units_l7': 1536, 'n_units_l8': 2176, 'n_units_l9': 2304, 'n_units_l10': 1344, 'n_units_l11': 2656, 'lr': 0.0008547698187192209}. Best is trial 16 with value: 3.9490838659083174.
[I 2025-03-23 16:33:30,303] Trial 42 pruned. 
[I 2025-03-23 16:33:34,567] Trial 43 pruned. 
[I 2025-03-23 16:33:39,081] Trial 44 pruned. 
[I 2025-03-23 16:36:17,998] Trial 23 finished with value: 17.099341010835616 and parameters: {'n_units_l0': 1056, 'n_units_l1': 512, 'n_units_l2': 1504, 'lr': 0.012603710586051144}. Best is trial 3 with value: 4.758873539669092.
[I 2025-03-23 16:36:21,012] Trial 24 pruned. 
[I 2025-03-23 16:36:24,228] Trial 25 pruned. 
[I 2025-03-23 16:36:27,304] Trial 26 pruned. 
[I 2025-03-23 16:36:30,381] Trial 27 pruned. 
[I 2025-03-23 16:36:58,164] Trial 28 pruned. 
[I 2025-03-23 16:39:31,606] Trial 45 finished with value: 59.382269589239215 and parameters: {'n_units_l0': 448, 'n_units_l1': 3648, 'n_units_l2': 704, 'n_units_l3': 1536, 'n_units_l4': 928, 'n_units_l5': 2240, 'n_units_l6': 32, 'n_units_l7': 1248, 'n_units_l8': 2208, 'n_units_l9': 1056, 'n_units_l10': 1440, 'n_units_l11': 2880, 'lr': 0.0032749885364363115}. Best is trial 16 with value: 3.9490838659083174.
[I 2025-03-23 16:39:37,129] Trial 46 pruned. 
[I 2025-03-23 16:39:43,288] Trial 47 pruned. 
[I 2025-03-23 16:39:47,930] Trial 48 pruned. 
[I 2025-03-23 16:39:51,675] Trial 49 pruned. 
[I 2025-03-23 16:39:59,204] Trial 50 pruned. 
[I 2025-03-23 16:42:00,871] Trial 29 finished with value: 17.077059144263153 and parameters: {'n_units_l0': 288, 'n_units_l1': 1184, 'n_units_l2': 928, 'lr': 0.004537676479581156}. Best is trial 3 with value: 4.758873539669092.
[I 2025-03-23 16:42:03,951] Trial 30 pruned. 
[I 2025-03-23 16:42:13,044] Trial 31 pruned. 
[I 2025-03-23 16:47:03,499] Trial 51 finished with value: 9.291605121483318 and parameters: {'n_units_l0': 1184, 'n_units_l1': 1472, 'n_units_l2': 864, 'n_units_l3': 736, 'n_units_l4': 864, 'n_units_l5': 2400, 'n_units_l6': 384, 'n_units_l7': 2496, 'n_units_l8': 2176, 'n_units_l9': 2752, 'n_units_l10': 1280, 'n_units_l11': 2080, 'lr': 0.00011494839297775438}. Best is trial 16 with value: 3.9490838659083174.
[I 2025-03-23 16:47:08,022] Trial 52 pruned. 
[I 2025-03-23 16:47:17,547] Trial 32 finished with value: 13.07525394671125 and parameters: {'n_units_l0': 800, 'n_units_l1': 864, 'n_units_l2': 1120, 'lr': 0.012080275699390824}. Best is trial 3 with value: 4.758873539669092.
[I 2025-03-23 16:52:22,304] Trial 33 finished with value: 13.791404940265682 and parameters: {'n_units_l0': 256, 'n_units_l1': 832, 'n_units_l2': 1088, 'lr': 0.006531497250729565}. Best is trial 3 with value: 4.758873539669092.
[I 2025-03-23 16:52:25,355] Trial 34 pruned. 
[I 2025-03-23 16:52:28,483] Trial 35 pruned. 
[I 2025-03-23 16:52:34,484] Trial 36 pruned. 
[I 2025-03-23 16:53:40,773] Trial 53 finished with value: 7.269210595357076 and parameters: {'n_units_l0': 1472, 'n_units_l1': 1760, 'n_units_l2': 704, 'n_units_l3': 960, 'n_units_l4': 928, 'n_units_l5': 2304, 'n_units_l6': 608, 'n_units_l7': 2688, 'n_units_l8': 2016, 'n_units_l9': 1760, 'n_units_l10': 960, 'n_units_l11': 1984, 'lr': 0.00017639818741548848}. Best is trial 16 with value: 3.9490838659083174.
[I 2025-03-23 16:53:43,983] Trial 54 pruned. 
[I 2025-03-23 16:53:49,436] Trial 55 pruned. 
[I 2025-03-23 16:53:57,589] Trial 56 pruned. 
[I 2025-03-23 16:54:02,476] Trial 57 pruned. 
[I 2025-03-23 16:54:06,377] Trial 58 pruned. 
[I 2025-03-23 16:57:38,524] Trial 37 finished with value: 10.074616268795443 and parameters: {'n_units_l0': 256, 'n_units_l1': 704, 'n_units_l2': 1344, 'lr': 0.007858998931392773}. Best is trial 3 with value: 4.758873539669092.
[I 2025-03-23 16:57:41,539] Trial 38 pruned. 
[I 2025-03-23 16:57:44,616] Trial 39 pruned. 
[I 2025-03-23 16:57:47,629] Trial 40 pruned. 
[I 2025-03-23 16:57:50,653] Trial 41 pruned. 
[I 2025-03-23 16:57:53,592] Trial 42 pruned. 
[I 2025-03-23 17:02:55,905] Trial 43 finished with value: 15.96736477443506 and parameters: {'n_units_l0': 512, 'n_units_l1': 288, 'n_units_l2': 800, 'lr': 0.0054546189940844906}. Best is trial 3 with value: 4.758873539669092.
[I 2025-03-23 17:02:58,938] Trial 44 pruned. 
[I 2025-03-23 17:03:08,033] Trial 45 pruned. 
[I 2025-03-23 17:03:11,092] Trial 46 pruned. 
[I 2025-03-23 17:03:17,147] Trial 47 pruned. 
[I 2025-03-23 17:03:20,165] Trial 48 pruned. 
[I 2025-03-23 17:03:23,220] Trial 49 pruned. 
[I 2025-03-23 17:03:26,350] Trial 50 pruned. 
[I 2025-03-23 17:05:00,033] Trial 59 finished with value: 124.87941658464273 and parameters: {'n_units_l0': 3584, 'n_units_l1': 1152, 'n_units_l2': 928, 'n_units_l3': 1216, 'n_units_l4': 960, 'n_units_l5': 3232, 'n_units_l6': 1408, 'n_units_l7': 2464, 'n_units_l8': 2528, 'n_units_l9': 2720, 'n_units_l10': 2944, 'n_units_l11': 2496, 'lr': 0.003756565125350677}. Best is trial 16 with value: 3.9490838659083174.
[I 2025-03-23 17:05:03,545] Trial 60 pruned. 
[I 2025-03-23 17:08:30,808] Trial 51 finished with value: 10.317434816068387 and parameters: {'n_units_l0': 960, 'n_units_l1': 288, 'n_units_l2': 896, 'lr': 0.008362059356979543}. Best is trial 3 with value: 4.758873539669092.
[I 2025-03-23 17:08:33,827] Trial 52 pruned. 
[I 2025-03-23 17:08:36,890] Trial 53 pruned. 
[I 2025-03-23 17:08:39,851] Trial 54 pruned. 
[I 2025-03-23 17:08:42,874] Trial 55 pruned. 
[I 2025-03-23 17:08:45,905] Trial 56 pruned. 
[I 2025-03-23 17:08:48,945] Trial 57 pruned. 
[I 2025-03-23 17:08:52,122] Trial 58 pruned. 
[I 2025-03-23 17:08:55,196] Trial 59 pruned. 
[I 2025-03-23 17:08:58,263] Trial 60 pruned. 
[I 2025-03-23 17:11:57,819] Trial 61 finished with value: 5.232565861337574 and parameters: {'n_units_l0': 1344, 'n_units_l1': 1792, 'n_units_l2': 704, 'n_units_l3': 1024, 'n_units_l4': 768, 'n_units_l5': 2400, 'n_units_l6': 576, 'n_units_l7': 1536, 'n_units_l8': 2048, 'n_units_l9': 2304, 'n_units_l10': 1568, 'n_units_l11': 2752, 'lr': 0.00018911694608631392}. Best is trial 16 with value: 3.9490838659083174.
[I 2025-03-23 17:12:02,964] Trial 62 pruned. 
[I 2025-03-23 17:14:05,167] Trial 61 finished with value: 11.116268117963578 and parameters: {'n_units_l0': 1344, 'n_units_l1': 448, 'n_units_l2': 1280, 'lr': 0.009830721598348111}. Best is trial 3 with value: 4.758873539669092.
[I 2025-03-23 17:14:08,221] Trial 62 pruned. 
[I 2025-03-23 17:14:11,340] Trial 63 pruned. 
[I 2025-03-23 17:14:14,402] Trial 64 pruned. 
[I 2025-03-23 17:14:17,563] Trial 65 pruned. 
[I 2025-03-23 17:14:23,761] Trial 66 pruned. 
[I 2025-03-23 17:14:26,823] Trial 67 pruned. 
[I 2025-03-23 17:14:29,875] Trial 68 pruned. 
[I 2025-03-23 17:14:32,910] Trial 69 pruned. 
[I 2025-03-23 17:14:36,068] Trial 70 pruned. 
[I 2025-03-23 17:14:39,143] Trial 71 pruned. 
[I 2025-03-23 17:14:42,224] Trial 72 pruned. 
[I 2025-03-23 17:14:45,277] Trial 73 pruned. 
[I 2025-03-23 17:14:48,299] Trial 74 pruned. 
[I 2025-03-23 17:14:51,352] Trial 75 pruned. 
[I 2025-03-23 17:14:54,536] Trial 76 pruned. 
[I 2025-03-23 17:14:57,624] Trial 77 pruned. 
[I 2025-03-23 17:15:00,709] Trial 78 pruned. 
[I 2025-03-23 17:15:03,753] Trial 79 pruned. 
[I 2025-03-23 17:15:06,766] Trial 80 pruned. 
[I 2025-03-23 17:18:52,316] Trial 63 finished with value: 6.848747132954676 and parameters: {'n_units_l0': 640, 'n_units_l1': 2528, 'n_units_l2': 800, 'n_units_l3': 1472, 'n_units_l4': 416, 'n_units_l5': 2592, 'n_units_l6': 704, 'n_units_l7': 3168, 'n_units_l8': 1664, 'n_units_l9': 1568, 'n_units_l10': 1600, 'n_units_l11': 2336, 'lr': 0.0008989251909431987}. Best is trial 16 with value: 3.9490838659083174.
[I 2025-03-23 17:20:11,109] Trial 81 finished with value: 14.339327321189254 and parameters: {'n_units_l0': 288, 'n_units_l1': 736, 'n_units_l2': 896, 'lr': 0.005072160090928821}. Best is trial 3 with value: 4.758873539669092.
[I 2025-03-23 17:20:26,512] Trial 82 pruned. 
[I 2025-03-23 17:25:29,644] Trial 83 finished with value: 10.41654900164901 and parameters: {'n_units_l0': 192, 'n_units_l1': 448, 'n_units_l2': 864, 'lr': 0.005978791295673091}. Best is trial 3 with value: 4.758873539669092.
[I 2025-03-23 17:25:32,664] Trial 84 pruned. 
[I 2025-03-23 17:25:35,696] Trial 85 pruned. 
[I 2025-03-23 17:25:38,777] Trial 86 pruned. 
[I 2025-03-23 17:25:41,800] Trial 87 pruned. 
[I 2025-03-23 17:25:44,858] Trial 88 pruned. 
[I 2025-03-23 17:25:47,940] Trial 89 pruned. 
[I 2025-03-23 17:25:50,980] Trial 90 pruned. 
[I 2025-03-23 17:25:54,133] Trial 91 pruned. 
[I 2025-03-23 17:25:57,200] Trial 92 pruned. 
[I 2025-03-23 17:26:00,259] Trial 93 pruned. 
[I 2025-03-23 17:26:03,252] Trial 94 pruned. 
[I 2025-03-23 17:26:06,277] Trial 95 pruned. 
[I 2025-03-23 17:26:13,040] Trial 64 finished with value: 12.321436920962258 and parameters: {'n_units_l0': 512, 'n_units_l1': 2624, 'n_units_l2': 704, 'n_units_l3': 1504, 'n_units_l4': 1344, 'n_units_l5': 2592, 'n_units_l6': 320, 'n_units_l7': 3520, 'n_units_l8': 1632, 'n_units_l9': 1504, 'n_units_l10': 1728, 'n_units_l11': 2784, 'lr': 0.0031713452430562044}. Best is trial 16 with value: 3.9490838659083174.
[I 2025-03-23 17:26:21,612] Trial 65 pruned. 
[I 2025-03-23 17:26:26,567] Trial 66 pruned. 
[I 2025-03-23 17:26:35,542] Trial 67 pruned. 
[I 2025-03-23 17:27:37,470] Trial 68 pruned. 
[I 2025-03-23 17:27:44,925] Trial 69 pruned. 
[I 2025-03-23 17:27:51,092] Trial 70 pruned. 
[I 2025-03-23 17:27:54,989] Trial 71 pruned. 
[I 2025-03-23 17:31:12,351] Trial 96 finished with value: 11.179341475893374 and parameters: {'n_units_l0': 416, 'n_units_l1': 352, 'n_units_l2': 832, 'lr': 0.007499330480801328}. Best is trial 3 with value: 4.758873539669092.
[I 2025-03-23 17:31:15,530] Trial 97 pruned. 
[I 2025-03-23 17:31:18,681] Trial 98 pruned. 
[I 2025-03-23 17:31:21,691] Trial 99 pruned. 
[I 2025-03-23 17:31:22,156] A new study created in memory with name: no-name-77d174c7-7197-4bc5-b106-ec74d3349d1e
[I 2025-03-23 17:36:47,772] Trial 0 finished with value: 124.99294891425137 and parameters: {'n_units_l0': 2912, 'n_units_l1': 96, 'n_units_l2': 2080, 'n_units_l3': 352, 'lr': 0.07173234844234906}. Best is trial 0 with value: 124.99294891425137.
[I 2025-03-23 17:37:17,165] Trial 72 finished with value: 6.709895842888772 and parameters: {'n_units_l0': 1632, 'n_units_l1': 2304, 'n_units_l2': 1504, 'n_units_l3': 1184, 'n_units_l4': 864, 'n_units_l5': 3904, 'n_units_l6': 800, 'n_units_l7': 3200, 'n_units_l8': 2304, 'n_units_l9': 2976, 'n_units_l10': 1664, 'n_units_l11': 288, 'lr': 0.0024307944148363172}. Best is trial 16 with value: 3.9490838659083174.
[I 2025-03-23 17:38:39,412] Trial 73 pruned. 
[I 2025-03-23 17:38:44,617] Trial 74 pruned. 
[I 2025-03-23 17:38:51,609] Trial 75 pruned. 
[I 2025-03-23 17:42:14,201] Trial 1 finished with value: 124.99478525874802 and parameters: {'n_units_l0': 3008, 'n_units_l1': 2496, 'n_units_l2': 448, 'n_units_l3': 608, 'lr': 0.057714028696147786}. Best is trial 0 with value: 124.99294891425137.
[I 2025-03-23 17:46:31,806] Trial 76 finished with value: 8.278076492583832 and parameters: {'n_units_l0': 1248, 'n_units_l1': 1312, 'n_units_l2': 2304, 'n_units_l3': 864, 'n_units_l4': 832, 'n_units_l5': 3648, 'n_units_l6': 512, 'n_units_l7': 3456, 'n_units_l8': 1696, 'n_units_l9': 2208, 'n_units_l10': 1152, 'n_units_l11': 2464, 'lr': 0.0003345129535495793}. Best is trial 16 with value: 3.9490838659083174.
[I 2025-03-23 17:46:36,053] Trial 77 pruned. 
[I 2025-03-23 17:46:42,256] Trial 78 pruned. 
[I 2025-03-23 17:46:57,376] Trial 79 pruned. 
[I 2025-03-23 17:49:08,995] Trial 2 finished with value: 124.9918444060861 and parameters: {'n_units_l0': 2144, 'n_units_l1': 2400, 'n_units_l2': 4032, 'n_units_l3': 1088, 'lr': 0.030844395077500805}. Best is trial 2 with value: 124.9918444060861.
[I 2025-03-23 17:49:20,718] Trial 80 pruned. 
[I 2025-03-23 17:54:38,610] Trial 3 finished with value: 124.99163131321514 and parameters: {'n_units_l0': 2880, 'n_units_l1': 1344, 'n_units_l2': 1184, 'n_units_l3': 2464, 'lr': 0.0546886774399972}. Best is trial 3 with value: 124.99163131321514.
[I 2025-03-23 17:57:33,911] Trial 81 finished with value: 13.66462387742809 and parameters: {'n_units_l0': 1152, 'n_units_l1': 1504, 'n_units_l2': 2240, 'n_units_l3': 352, 'n_units_l4': 896, 'n_units_l5': 3936, 'n_units_l6': 320, 'n_units_l7': 2944, 'n_units_l8': 2432, 'n_units_l9': 2432, 'n_units_l10': 1504, 'n_units_l11': 2432, 'lr': 0.0001442532594261527}. Best is trial 16 with value: 3.9490838659083174.
[I 2025-03-23 18:00:07,441] Trial 4 finished with value: 124.9913957302904 and parameters: {'n_units_l0': 1760, 'n_units_l1': 3296, 'n_units_l2': 1024, 'n_units_l3': 2080, 'lr': 0.016307640375197534}. Best is trial 4 with value: 124.9913957302904.
[I 2025-03-23 18:00:10,674] Trial 5 pruned. 
[I 2025-03-23 18:05:37,187] Trial 6 finished with value: 125.00471778559131 and parameters: {'n_units_l0': 2528, 'n_units_l1': 2080, 'n_units_l2': 384, 'n_units_l3': 2208, 'lr': 0.03002930253173111}. Best is trial 4 with value: 124.9913957302904.
[I 2025-03-23 18:05:40,505] Trial 7 pruned. 
[I 2025-03-23 18:05:43,740] Trial 8 pruned. 
[I 2025-03-23 18:05:46,927] Trial 9 pruned. 
[I 2025-03-23 18:06:14,326] Trial 82 finished with value: 6.17422447964496 and parameters: {'n_units_l0': 1312, 'n_units_l1': 1664, 'n_units_l2': 2624, 'n_units_l3': 736, 'n_units_l4': 832, 'n_units_l5': 3680, 'n_units_l6': 896, 'n_units_l7': 3840, 'n_units_l8': 2144, 'n_units_l9': 2080, 'n_units_l10': 960, 'n_units_l11': 1824, 'lr': 0.0001379176969296062}. Best is trial 16 with value: 3.9490838659083174.
[I 2025-03-23 18:06:30,518] Trial 83 pruned. 
[I 2025-03-23 18:06:35,426] Trial 84 pruned. 
[I 2025-03-23 18:06:40,721] Trial 85 pruned. 
[I 2025-03-23 18:06:48,191] Trial 86 pruned. 
[I 2025-03-23 18:06:56,585] Trial 87 pruned. 
[I 2025-03-23 18:07:02,809] Trial 88 pruned. 
[I 2025-03-23 18:07:23,379] Trial 89 pruned. 
[I 2025-03-23 18:07:30,269] Trial 90 pruned. 
[I 2025-03-23 18:14:43,723] Trial 91 finished with value: 5.762536228715184 and parameters: {'n_units_l0': 1184, 'n_units_l1': 1024, 'n_units_l2': 128, 'n_units_l3': 992, 'n_units_l4': 992, 'n_units_l5': 2688, 'n_units_l6': 384, 'n_units_l7': 2816, 'n_units_l8': 2144, 'n_units_l9': 2656, 'n_units_l10': 1760, 'n_units_l11': 1888, 'lr': 0.0002505499005591059}. Best is trial 16 with value: 3.9490838659083174.
[I 2025-03-23 18:14:48,406] Trial 92 pruned. 
[I 2025-03-23 18:14:53,158] Trial 93 pruned. 
[I 2025-03-23 18:15:02,573] Trial 94 pruned. 
[I 2025-03-23 18:15:12,913] Trial 95 pruned. 
[I 2025-03-23 18:15:18,806] Trial 96 pruned. 
[I 2025-03-23 18:15:56,054] Trial 10 finished with value: 15.500498233998014 and parameters: {'n_units_l0': 1408, 'n_units_l1': 3936, 'n_units_l2': 2784, 'n_units_l3': 4032, 'lr': 0.0017437941517607011}. Best is trial 10 with value: 15.500498233998014.
[I 2025-03-23 18:21:44,330] Trial 97 finished with value: 8.741950029723737 and parameters: {'n_units_l0': 928, 'n_units_l1': 736, 'n_units_l2': 576, 'n_units_l3': 1792, 'n_units_l4': 320, 'n_units_l5': 32, 'n_units_l6': 704, 'n_units_l7': 2784, 'n_units_l8': 1856, 'n_units_l9': 2112, 'n_units_l10': 2272, 'n_units_l11': 1600, 'lr': 0.002382995819644347}. Best is trial 16 with value: 3.9490838659083174.
[I 2025-03-23 18:21:50,776] Trial 98 pruned. 
[I 2025-03-23 18:22:51,183] Trial 99 pruned. 
[I 2025-03-23 18:22:51,732] A new study created in memory with name: no-name-ae1da49d-dc1f-483e-b893-333add9e4fe1
[I 2025-03-23 18:26:15,511] Trial 11 finished with value: 10.551143005752095 and parameters: {'n_units_l0': 1408, 'n_units_l1': 4000, 'n_units_l2': 2816, 'n_units_l3': 4032, 'lr': 0.0021328991081569527}. Best is trial 11 with value: 10.551143005752095.
[I 2025-03-23 18:26:21,827] Trial 12 pruned. 
[I 2025-03-23 18:26:28,073] Trial 13 pruned. 
[I 2025-03-23 18:28:38,635] Trial 0 finished with value: 124.90246780189061 and parameters: {'n_units_l0': 64, 'n_units_l1': 1664, 'n_units_l2': 3104, 'n_units_l3': 480, 'n_units_l4': 4000, 'lr': 0.07463846161510632}. Best is trial 0 with value: 124.90246780189061.
[I 2025-03-23 18:34:23,719] Trial 1 finished with value: 124.91914923171268 and parameters: {'n_units_l0': 128, 'n_units_l1': 928, 'n_units_l2': 3840, 'n_units_l3': 288, 'n_units_l4': 2112, 'lr': 0.05572904620682325}. Best is trial 0 with value: 124.90246780189061.
[I 2025-03-23 18:34:29,676] Trial 14 finished with value: 124.9952502104659 and parameters: {'n_units_l0': 320, 'n_units_l1': 3360, 'n_units_l2': 2848, 'n_units_l3': 3968, 'lr': 0.037213341536385794}. Best is trial 11 with value: 10.551143005752095.
[I 2025-03-23 18:34:37,425] Trial 15 pruned. 
[I 2025-03-23 18:34:42,281] Trial 16 pruned. 
[I 2025-03-23 18:34:47,160] Trial 17 pruned. 
[I 2025-03-23 18:34:52,586] Trial 18 pruned. 
[I 2025-03-23 18:34:56,127] Trial 19 pruned. 
[I 2025-03-23 18:41:04,143] Trial 20 finished with value: 124.99418329758761 and parameters: {'n_units_l0': 32, 'n_units_l1': 3584, 'n_units_l2': 3360, 'n_units_l3': 1600, 'lr': 0.04379565330230793}. Best is trial 11 with value: 10.551143005752095.
[I 2025-03-23 18:41:07,437] Trial 21 pruned. 
[I 2025-03-23 18:41:12,773] Trial 22 pruned. 
[I 2025-03-23 18:41:15,459] Trial 2 finished with value: 124.89816481301274 and parameters: {'n_units_l0': 2080, 'n_units_l1': 1280, 'n_units_l2': 1792, 'n_units_l3': 3520, 'n_units_l4': 2112, 'lr': 0.05717333136949097}. Best is trial 2 with value: 124.89816481301274.
[I 2025-03-23 18:41:17,868] Trial 23 pruned. 
[I 2025-03-23 18:41:22,134] Trial 24 pruned. 
[I 2025-03-23 18:46:59,515] Trial 3 finished with value: 33.343660930216465 and parameters: {'n_units_l0': 352, 'n_units_l1': 928, 'n_units_l2': 1952, 'n_units_l3': 2048, 'n_units_l4': 3648, 'lr': 0.007350323506367696}. Best is trial 3 with value: 33.343660930216465.
[I 2025-03-23 18:48:57,814] Trial 25 finished with value: 8.215920679458522 and parameters: {'n_units_l0': 768, 'n_units_l1': 3552, 'n_units_l2': 3136, 'n_units_l3': 2176, 'lr': 0.0005611058460026214}. Best is trial 25 with value: 8.215920679458522.
[I 2025-03-23 18:49:03,938] Trial 26 pruned. 
[I 2025-03-23 18:49:10,112] Trial 27 pruned. 
[I 2025-03-23 18:49:15,911] Trial 28 pruned. 
[I 2025-03-23 18:52:41,310] Trial 4 finished with value: 19.284965608695742 and parameters: {'n_units_l0': 1792, 'n_units_l1': 352, 'n_units_l2': 800, 'n_units_l3': 1376, 'n_units_l4': 1792, 'lr': 0.010890206456484822}. Best is trial 4 with value: 19.284965608695742.
[I 2025-03-23 18:52:48,308] Trial 5 pruned. 
[I 2025-03-23 18:54:40,807] Trial 29 finished with value: 10.483655732616635 and parameters: {'n_units_l0': 448, 'n_units_l1': 640, 'n_units_l2': 1984, 'n_units_l3': 192, 'lr': 0.008185228347707185}. Best is trial 25 with value: 8.215920679458522.
[I 2025-03-23 18:54:53,785] Trial 30 pruned. 
[I 2025-03-23 18:58:34,280] Trial 6 finished with value: 124.90691818239696 and parameters: {'n_units_l0': 1760, 'n_units_l1': 1088, 'n_units_l2': 512, 'n_units_l3': 1184, 'n_units_l4': 1344, 'lr': 0.06857915011148442}. Best is trial 4 with value: 19.284965608695742.
[I 2025-03-23 18:58:46,891] Trial 7 pruned. 
[I 2025-03-23 19:00:19,692] Trial 31 finished with value: 10.455239710221635 and parameters: {'n_units_l0': 896, 'n_units_l1': 800, 'n_units_l2': 2656, 'n_units_l3': 544, 'lr': 0.0044179328680471405}. Best is trial 25 with value: 8.215920679458522.
[I 2025-03-23 19:00:23,018] Trial 32 pruned. 
[I 2025-03-23 19:05:06,437] Trial 8 finished with value: 7.24210686876203 and parameters: {'n_units_l0': 1280, 'n_units_l1': 2176, 'n_units_l2': 2112, 'n_units_l3': 3840, 'n_units_l4': 544, 'lr': 0.004297451333940203}. Best is trial 8 with value: 7.24210686876203.
[I 2025-03-23 19:05:16,552] Trial 9 pruned. 
[I 2025-03-23 19:05:21,477] Trial 10 pruned. 
[I 2025-03-23 19:05:25,213] Trial 11 pruned. 
[I 2025-03-23 19:05:28,708] Trial 12 pruned. 
[I 2025-03-23 19:05:32,196] Trial 13 pruned. 
[I 2025-03-23 19:05:49,171] Trial 33 finished with value: 14.37643860412577 and parameters: {'n_units_l0': 96, 'n_units_l1': 1056, 'n_units_l2': 2592, 'n_units_l3': 352, 'lr': 0.011036153780356868}. Best is trial 25 with value: 8.215920679458522.
[I 2025-03-23 19:06:31,306] Trial 34 pruned. 
[I 2025-03-23 19:06:34,579] Trial 35 pruned. 
[I 2025-03-23 19:06:37,905] Trial 36 pruned. 
[I 2025-03-23 19:06:41,236] Trial 37 pruned. 
[I 2025-03-23 19:06:44,582] Trial 38 pruned. 
[I 2025-03-23 19:06:47,849] Trial 39 pruned. 
[I 2025-03-23 19:07:20,006] Trial 40 pruned. 
[I 2025-03-23 19:12:45,630] Trial 41 finished with value: 13.223007749452485 and parameters: {'n_units_l0': 64, 'n_units_l1': 1248, 'n_units_l2': 2560, 'n_units_l3': 384, 'lr': 0.014301483503895372}. Best is trial 25 with value: 8.215920679458522.
[I 2025-03-23 19:12:48,937] Trial 42 pruned. 
[I 2025-03-23 19:13:01,779] Trial 43 pruned. 
[I 2025-03-23 19:13:05,026] Trial 44 pruned. 
[I 2025-03-23 19:13:08,309] Trial 45 pruned. 
[I 2025-03-23 19:13:11,594] Trial 46 pruned. 
[I 2025-03-23 19:13:14,842] Trial 47 pruned. 
[I 2025-03-23 19:13:18,096] Trial 48 pruned. 
[I 2025-03-23 19:13:24,645] Trial 49 pruned. 
[I 2025-03-23 19:13:34,276] Trial 50 pruned. 
[I 2025-03-23 19:13:57,293] Trial 51 pruned. 
[I 2025-03-23 19:19:22,289] Trial 52 finished with value: 11.118269431275793 and parameters: {'n_units_l0': 32, 'n_units_l1': 1504, 'n_units_l2': 32, 'n_units_l3': 352, 'lr': 0.005224911380075681}. Best is trial 25 with value: 8.215920679458522.
[I 2025-03-23 19:19:41,063] Trial 14 finished with value: 7.270555842005583 and parameters: {'n_units_l0': 4000, 'n_units_l1': 2720, 'n_units_l2': 2496, 'n_units_l3': 4096, 'n_units_l4': 2880, 'lr': 0.00046119589128686134}. Best is trial 8 with value: 7.24210686876203.
[I 2025-03-23 19:19:58,199] Trial 15 pruned. 
