[I 2025-03-22 02:16:08,663] Trial 4 finished with value: 124.91840190761137 and parameters: {'n_units_l0': 3296, 'n_units_l1': 1248, 'n_units_l2': 2272, 'n_units_l3': 288, 'n_units_l4': 960, 'n_units_l5': 576, 'n_units_l6': 896, 'n_units_l7': 2368, 'n_units_l8': 384, 'lr': 0.07686267358295054}. Best is trial 3 with value: 124.70363778625892.
[I 2025-03-22 02:16:09,294] Trial 5 pruned. 
[I 2025-03-22 02:16:09,774] Trial 6 pruned. 
[I 2025-03-22 02:16:10,327] Trial 7 pruned. 
[I 2025-03-22 02:16:36,933] Trial 8 finished with value: 124.76464959959321 and parameters: {'n_units_l0': 768, 'n_units_l1': 3360, 'n_units_l2': 672, 'n_units_l3': 224, 'n_units_l4': 704, 'n_units_l5': 2208, 'n_units_l6': 576, 'n_units_l7': 160, 'n_units_l8': 1824, 'lr': 0.08545549979426464}. Best is trial 3 with value: 124.70363778625892.
[I 2025-03-22 02:16:37,402] Trial 9 pruned. 
[I 2025-03-22 02:16:38,212] Trial 10 pruned. 
[I 2025-03-22 02:16:55,766] Trial 2 finished with value: 123.98448510114629 and parameters: {'n_units_l0': 1888, 'n_units_l1': 3232, 'n_units_l2': 1792, 'n_units_l3': 4032, 'n_units_l4': 2624, 'n_units_l5': 800, 'n_units_l6': 1984, 'n_units_l7': 64, 'n_units_l8': 1408, 'n_units_l9': 1472, 'lr': 0.08802781047011267}. Best is trial 1 with value: 123.94741052023411.
[I 2025-03-22 02:17:37,257] Trial 11 finished with value: 124.69926730528573 and parameters: {'n_units_l0': 1440, 'n_units_l1': 128, 'n_units_l2': 1632, 'n_units_l3': 2016, 'n_units_l4': 2816, 'n_units_l5': 3424, 'n_units_l6': 2848, 'n_units_l7': 2432, 'n_units_l8': 2528, 'lr': 0.00713862781536749}. Best is trial 11 with value: 124.69926730528573.
[I 2025-03-22 02:17:50,749] Trial 3 finished with value: 38.576111453484934 and parameters: {'n_units_l0': 1920, 'n_units_l1': 3296, 'n_units_l2': 1440, 'n_units_l3': 3392, 'n_units_l4': 2080, 'n_units_l5': 480, 'n_units_l6': 320, 'n_units_l7': 3040, 'n_units_l8': 3008, 'n_units_l9': 1344, 'lr': 0.0012360218915458587}. Best is trial 3 with value: 38.576111453484934.
[I 2025-03-22 02:18:52,125] Trial 12 finished with value: 124.71849358160765 and parameters: {'n_units_l0': 1344, 'n_units_l1': 256, 'n_units_l2': 1728, 'n_units_l3': 1984, 'n_units_l4': 2688, 'n_units_l5': 3680, 'n_units_l6': 3264, 'n_units_l7': 4096, 'n_units_l8': 2784, 'lr': 0.008938804079720586}. Best is trial 11 with value: 124.69926730528573.
[I 2025-03-22 02:19:33,078] Trial 4 finished with value: 123.95722610954424 and parameters: {'n_units_l0': 3584, 'n_units_l1': 4096, 'n_units_l2': 2880, 'n_units_l3': 3264, 'n_units_l4': 3616, 'n_units_l5': 1792, 'n_units_l6': 1568, 'n_units_l7': 2016, 'n_units_l8': 3872, 'n_units_l9': 3040, 'lr': 0.029981963410584938}. Best is trial 3 with value: 38.576111453484934.
[I 2025-03-22 02:19:33,739] Trial 5 pruned. 
[I 2025-03-22 02:19:34,592] Trial 6 pruned. 
[I 2025-03-22 02:19:36,239] Trial 7 pruned. 
[I 2025-03-22 02:19:36,649] Trial 8 pruned. 
[I 2025-03-22 02:19:38,894] Trial 9 pruned. 
[I 2025-03-22 02:20:02,316] Trial 13 finished with value: 8.87614730809698 and parameters: {'n_units_l0': 2720, 'n_units_l1': 1824, 'n_units_l2': 1536, 'n_units_l3': 1920, 'n_units_l4': 3520, 'n_units_l5': 3264, 'n_units_l6': 2848, 'n_units_l7': 2432, 'n_units_l8': 2464, 'lr': 0.0003789997883295402}. Best is trial 13 with value: 8.87614730809698.
[I 2025-03-22 02:20:32,899] Trial 10 finished with value: 18.968192124248144 and parameters: {'n_units_l0': 2624, 'n_units_l1': 4032, 'n_units_l2': 4032, 'n_units_l3': 1120, 'n_units_l4': 896, 'n_units_l5': 3360, 'n_units_l6': 416, 'n_units_l7': 1056, 'n_units_l8': 64, 'n_units_l9': 2368, 'lr': 0.0018931450993226705}. Best is trial 10 with value: 18.968192124248144.
[I 2025-03-22 02:20:34,130] Trial 11 pruned. 
[I 2025-03-22 02:21:02,947] Trial 14 finished with value: 124.7045356801014 and parameters: {'n_units_l0': 2784, 'n_units_l1': 64, 'n_units_l2': 1536, 'n_units_l3': 1696, 'n_units_l4': 3744, 'n_units_l5': 3296, 'n_units_l6': 2784, 'n_units_l7': 2560, 'n_units_l8': 2176, 'lr': 0.0033963053185780854}. Best is trial 13 with value: 8.87614730809698.
[I 2025-03-22 02:21:04,888] Trial 15 pruned. 
[I 2025-03-22 02:21:25,166] Trial 12 finished with value: 25.661438165414786 and parameters: {'n_units_l0': 1440, 'n_units_l1': 2528, 'n_units_l2': 4032, 'n_units_l3': 1344, 'n_units_l4': 1344, 'n_units_l5': 2784, 'n_units_l6': 288, 'n_units_l7': 1184, 'n_units_l8': 3648, 'n_units_l9': 1248, 'lr': 0.00014045994383993688}. Best is trial 10 with value: 18.968192124248144.
[I 2025-03-22 02:21:26,497] Trial 13 pruned. 
[I 2025-03-22 02:21:27,062] Trial 14 pruned. 
[I 2025-03-22 02:21:27,845] Trial 15 pruned. 
[I 2025-03-22 02:21:28,397] Trial 16 pruned. 
[I 2025-03-22 02:21:28,904] Trial 17 pruned. 
[I 2025-03-22 02:21:29,517] Trial 18 pruned. 
[I 2025-03-22 02:21:30,468] Trial 19 pruned. 
[I 2025-03-22 02:21:31,347] Trial 20 pruned. 
[I 2025-03-22 02:21:32,327] Trial 21 pruned. 
[I 2025-03-22 02:22:15,681] Trial 16 finished with value: 29.550537374635407 and parameters: {'n_units_l0': 2656, 'n_units_l1': 2880, 'n_units_l2': 1440, 'n_units_l3': 2464, 'n_units_l4': 2624, 'n_units_l5': 3424, 'n_units_l6': 4096, 'n_units_l7': 896, 'n_units_l8': 2112, 'lr': 2.4015967062376853e-05}. Best is trial 13 with value: 8.87614730809698.
[I 2025-03-22 02:22:16,359] Trial 17 pruned. 
[I 2025-03-22 02:22:43,769] Trial 22 finished with value: 36.13023475786149 and parameters: {'n_units_l0': 3168, 'n_units_l1': 3712, 'n_units_l2': 1504, 'n_units_l3': 2304, 'n_units_l4': 2656, 'n_units_l5': 3200, 'n_units_l6': 416, 'n_units_l7': 2432, 'n_units_l8': 3680, 'n_units_l9': 1728, 'lr': 0.0013016351422386455}. Best is trial 10 with value: 18.968192124248144.
[I 2025-03-22 02:23:16,801] Trial 18 finished with value: 8.750023102918208 and parameters: {'n_units_l0': 2720, 'n_units_l1': 3136, 'n_units_l2': 96, 'n_units_l3': 2528, 'n_units_l4': 3296, 'n_units_l5': 3264, 'n_units_l6': 3488, 'n_units_l7': 800, 'n_units_l8': 1568, 'lr': 0.0001998290456662871}. Best is trial 18 with value: 8.750023102918208.
[I 2025-03-22 02:23:17,580] Trial 19 pruned. 
[I 2025-03-22 02:23:18,653] Trial 20 pruned. 
[I 2025-03-22 02:24:15,882] Trial 23 finished with value: 13.854898008343394 and parameters: {'n_units_l0': 3232, 'n_units_l1': 3872, 'n_units_l2': 2208, 'n_units_l3': 2272, 'n_units_l4': 3328, 'n_units_l5': 3200, 'n_units_l6': 1728, 'n_units_l7': 2368, 'n_units_l8': 3712, 'n_units_l9': 1824, 'lr': 0.0011619459282759049}. Best is trial 23 with value: 13.854898008343394.
[I 2025-03-22 02:24:16,987] Trial 24 pruned. 
[I 2025-03-22 02:24:18,056] Trial 25 pruned. 
[I 2025-03-22 02:24:19,154] Trial 26 pruned. 
[I 2025-03-22 02:24:20,342] Trial 27 pruned. 
[I 2025-03-22 02:24:21,022] Trial 28 pruned. 
[I 2025-03-22 02:24:24,863] Trial 29 pruned. 
[I 2025-03-22 02:24:25,617] Trial 30 pruned. 
[I 2025-03-22 02:24:26,684] Trial 31 pruned. 
[I 2025-03-22 02:24:28,410] Trial 32 pruned. 
[I 2025-03-22 02:24:36,787] Trial 33 pruned. 
[I 2025-03-22 02:24:36,800] Trial 21 finished with value: 12.750912091589921 and parameters: {'n_units_l0': 2688, 'n_units_l1': 2976, 'n_units_l2': 1920, 'n_units_l3': 2592, 'n_units_l4': 3488, 'n_units_l5': 3552, 'n_units_l6': 4032, 'n_units_l7': 576, 'n_units_l8': 2240, 'lr': 0.0011264104497012775}. Best is trial 18 with value: 8.750023102918208.
[I 2025-03-22 02:24:37,954] Trial 34 pruned. 
[I 2025-03-22 02:24:38,002] Trial 22 pruned. 
[I 2025-03-22 02:24:39,005] Trial 35 pruned. 
[I 2025-03-22 02:24:54,129] Trial 36 pruned. 
[I 2025-03-22 02:24:54,856] Trial 37 pruned. 
[I 2025-03-22 02:24:55,721] Trial 38 pruned. 
[I 2025-03-22 02:24:56,682] Trial 39 pruned. 
[I 2025-03-22 02:24:57,813] Trial 40 pruned. 
[I 2025-03-22 02:24:59,117] Trial 41 pruned. 
[I 2025-03-22 02:25:03,175] Trial 42 pruned. 
[I 2025-03-22 02:25:04,157] Trial 43 pruned. 
[I 2025-03-22 02:25:05,275] Trial 44 pruned. 
[I 2025-03-22 02:25:06,139] Trial 45 pruned. 
[I 2025-03-22 02:25:06,613] Trial 46 pruned. 
[I 2025-03-22 02:25:07,673] Trial 47 pruned. 
[I 2025-03-22 02:25:08,886] Trial 48 pruned. 
[I 2025-03-22 02:25:09,598] Trial 49 pruned. 
[I 2025-03-22 02:25:10,656] Trial 50 pruned. 
[I 2025-03-22 02:25:11,548] Trial 51 pruned. 
[I 2025-03-22 02:25:13,050] Trial 52 pruned. 
[I 2025-03-22 02:25:14,596] Trial 53 pruned. 
[I 2025-03-22 02:25:15,253] Trial 54 pruned. 
[I 2025-03-22 02:25:16,144] Trial 55 pruned. 
[I 2025-03-22 02:25:19,055] Trial 56 pruned. 
[I 2025-03-22 02:25:19,883] Trial 57 pruned. 
[I 2025-03-22 02:25:20,765] Trial 58 pruned. 
[I 2025-03-22 02:25:21,962] Trial 59 pruned. 
[I 2025-03-22 02:25:22,724] Trial 60 pruned. 
[I 2025-03-22 02:25:23,993] Trial 61 pruned. 
[I 2025-03-22 02:25:25,201] Trial 62 pruned. 
[I 2025-03-22 02:25:26,539] Trial 63 pruned. 
[I 2025-03-22 02:25:27,879] Trial 64 pruned. 
[I 2025-03-22 02:25:29,669] Trial 65 pruned. 
[I 2025-03-22 02:25:30,928] Trial 66 pruned. 
[I 2025-03-22 02:25:31,937] Trial 67 pruned. 
[I 2025-03-22 02:25:34,085] Trial 68 pruned. 
[I 2025-03-22 02:25:35,024] Trial 69 pruned. 
[I 2025-03-22 02:25:35,821] Trial 70 pruned. 
[I 2025-03-22 02:25:36,446] Trial 71 pruned. 
[I 2025-03-22 02:25:37,184] Trial 72 pruned. 
[I 2025-03-22 02:25:37,814] Trial 73 pruned. 
[I 2025-03-22 02:25:38,652] Trial 74 pruned. 
[I 2025-03-22 02:25:39,262] Trial 75 pruned. 
[I 2025-03-22 02:25:39,811] Trial 76 pruned. 
[I 2025-03-22 02:25:40,450] Trial 77 pruned. 
[I 2025-03-22 02:25:41,317] Trial 78 pruned. 
[I 2025-03-22 02:25:42,645] Trial 79 pruned. 
[I 2025-03-22 02:25:45,469] Trial 80 pruned. 
[I 2025-03-22 02:25:46,224] Trial 81 pruned. 
[I 2025-03-22 02:25:46,979] Trial 82 pruned. 
[I 2025-03-22 02:25:47,663] Trial 83 pruned. 
[I 2025-03-22 02:25:48,345] Trial 84 pruned. 
[I 2025-03-22 02:25:48,934] Trial 85 pruned. 
[I 2025-03-22 02:25:49,756] Trial 86 pruned. 
[I 2025-03-22 02:25:50,520] Trial 87 pruned. 
[I 2025-03-22 02:25:51,648] Trial 88 pruned. 
[I 2025-03-22 02:25:52,829] Trial 89 pruned. 
[I 2025-03-22 02:25:53,296] Trial 90 pruned. 
[I 2025-03-22 02:26:02,297] Trial 23 finished with value: 14.66443373193804 and parameters: {'n_units_l0': 2976, 'n_units_l1': 4096, 'n_units_l2': 1952, 'n_units_l3': 2272, 'n_units_l4': 3488, 'n_units_l5': 4096, 'n_units_l6': 3136, 'n_units_l7': 512, 'n_units_l8': 3264, 'lr': 0.0007570047735595287}. Best is trial 18 with value: 8.750023102918208.
[I 2025-03-22 02:26:03,223] Trial 24 pruned. 
[I 2025-03-22 02:26:04,170] Trial 25 pruned. 
[I 2025-03-22 02:26:05,032] Trial 26 pruned. 
[I 2025-03-22 02:26:06,210] Trial 27 pruned. 
[I 2025-03-22 02:26:06,826] Trial 28 pruned. 
[I 2025-03-22 02:26:07,774] Trial 29 pruned. 
[I 2025-03-22 02:26:08,319] Trial 30 pruned. 
[I 2025-03-22 02:26:10,715] Trial 91 pruned. 
[I 2025-03-22 02:26:12,464] Trial 92 pruned. 
[I 2025-03-22 02:26:13,541] Trial 93 pruned. 
[I 2025-03-22 02:26:15,306] Trial 94 pruned. 
[I 2025-03-22 02:26:34,519] Trial 95 pruned. 
[I 2025-03-22 02:26:35,335] Trial 96 pruned. 
[I 2025-03-22 02:26:36,164] Trial 97 pruned. 
[I 2025-03-22 02:26:37,026] Trial 98 pruned. 
[I 2025-03-22 02:26:38,719] Trial 99 pruned. 
[I 2025-03-22 02:26:38,808] A new study created in memory with name: no-name-504601d5-be16-49d9-a3fb-73b81f9e5d1f
[I 2025-03-22 02:27:21,284] Trial 0 finished with value: inf and parameters: {'n_units_l0': 3104, 'n_units_l1': 3968, 'n_units_l2': 992, 'n_units_l3': 1184, 'n_units_l4': 2752, 'n_units_l5': 1440, 'n_units_l6': 96, 'n_units_l7': 1728, 'n_units_l8': 416, 'n_units_l9': 512, 'n_units_l10': 1856, 'lr': 0.09755774447163279}. Best is trial 0 with value: inf.
[I 2025-03-22 02:27:31,339] Trial 31 finished with value: 36.451267419271915 and parameters: {'n_units_l0': 3072, 'n_units_l1': 3936, 'n_units_l2': 1920, 'n_units_l3': 2208, 'n_units_l4': 3552, 'n_units_l5': 4096, 'n_units_l6': 3200, 'n_units_l7': 384, 'n_units_l8': 3808, 'lr': 0.0023659612685170486}. Best is trial 18 with value: 8.750023102918208.
[I 2025-03-22 02:28:53,912] Trial 1 finished with value: 124.68419857258087 and parameters: {'n_units_l0': 1408, 'n_units_l1': 3744, 'n_units_l2': 1376, 'n_units_l3': 2848, 'n_units_l4': 4064, 'n_units_l5': 3104, 'n_units_l6': 1696, 'n_units_l7': 3072, 'n_units_l8': 1184, 'n_units_l9': 3616, 'n_units_l10': 3584, 'lr': 0.03171253035082154}. Best is trial 1 with value: 124.68419857258087.
[I 2025-03-22 02:28:56,900] Trial 32 finished with value: 21.582577901170744 and parameters: {'n_units_l0': 2560, 'n_units_l1': 2048, 'n_units_l2': 1984, 'n_units_l3': 2240, 'n_units_l4': 4064, 'n_units_l5': 3904, 'n_units_l6': 3840, 'n_units_l7': 1376, 'n_units_l8': 3456, 'lr': 0.0002485302559439573}. Best is trial 18 with value: 8.750023102918208.
[I 2025-03-22 02:28:58,024] Trial 33 pruned. 
[I 2025-03-22 02:28:58,866] Trial 34 pruned. 
[I 2025-03-22 02:28:59,918] Trial 35 pruned. 
[I 2025-03-22 02:29:01,039] Trial 36 pruned. 
[I 2025-03-22 02:29:51,612] Trial 2 finished with value: 124.6846369840274 and parameters: {'n_units_l0': 3104, 'n_units_l1': 3008, 'n_units_l2': 2144, 'n_units_l3': 1024, 'n_units_l4': 2592, 'n_units_l5': 3136, 'n_units_l6': 3072, 'n_units_l7': 512, 'n_units_l8': 256, 'n_units_l9': 64, 'n_units_l10': 256, 'lr': 0.045558487923575065}. Best is trial 1 with value: 124.68419857258087.
[I 2025-03-22 02:30:03,408] Trial 37 finished with value: 16.929096360869757 and parameters: {'n_units_l0': 2208, 'n_units_l1': 4064, 'n_units_l2': 928, 'n_units_l3': 2528, 'n_units_l4': 3840, 'n_units_l5': 2368, 'n_units_l6': 2624, 'n_units_l7': 800, 'n_units_l8': 3072, 'lr': 0.00018467698487842788}. Best is trial 18 with value: 8.750023102918208.
[I 2025-03-22 02:30:04,399] Trial 38 pruned. 
[I 2025-03-22 02:30:05,333] Trial 39 pruned. 
[I 2025-03-22 02:30:06,321] Trial 40 pruned. 
[I 2025-03-22 02:30:56,048] Trial 3 finished with value: inf and parameters: {'n_units_l0': 3488, 'n_units_l1': 1184, 'n_units_l2': 160, 'n_units_l3': 1888, 'n_units_l4': 2624, 'n_units_l5': 2976, 'n_units_l6': 3264, 'n_units_l7': 1664, 'n_units_l8': 3712, 'n_units_l9': 1248, 'n_units_l10': 2304, 'lr': 0.09822897955233108}. Best is trial 1 with value: 124.68419857258087.
[I 2025-03-22 02:31:13,318] Trial 41 finished with value: 15.879460997928847 and parameters: {'n_units_l0': 2848, 'n_units_l1': 3776, 'n_units_l2': 928, 'n_units_l3': 2496, 'n_units_l4': 3840, 'n_units_l5': 2848, 'n_units_l6': 2624, 'n_units_l7': 768, 'n_units_l8': 3040, 'lr': 0.0005531751958294818}. Best is trial 18 with value: 8.750023102918208.
[I 2025-03-22 02:31:14,217] Trial 42 pruned. 
[I 2025-03-22 02:31:15,216] Trial 43 pruned. 
[I 2025-03-22 02:31:16,245] Trial 44 pruned. 
[I 2025-03-22 02:31:17,114] Trial 45 pruned. 
[I 2025-03-22 02:31:18,330] Trial 46 pruned. 
[I 2025-03-22 02:31:19,175] Trial 47 pruned. 
[I 2025-03-22 02:31:20,056] Trial 48 pruned. 
[I 2025-03-22 02:31:20,574] Trial 49 pruned. 
[I 2025-03-22 02:31:21,300] Trial 50 pruned. 
[I 2025-03-22 02:31:22,295] Trial 51 pruned. 
[I 2025-03-22 02:32:11,468] Trial 4 finished with value: inf and parameters: {'n_units_l0': 1568, 'n_units_l1': 1472, 'n_units_l2': 480, 'n_units_l3': 2944, 'n_units_l4': 3456, 'n_units_l5': 2400, 'n_units_l6': 1376, 'n_units_l7': 4096, 'n_units_l8': 3104, 'n_units_l9': 1792, 'n_units_l10': 3008, 'lr': 0.09857609199244244}. Best is trial 1 with value: 124.68419857258087.
/trinity/home/fisheye/.local/lib/python3.9/site-packages/numpy/lib/function_base.py:4527: RuntimeWarning: invalid value encountered in subtract
  diff_b_a = subtract(b, a)
[I 2025-03-22 02:32:24,488] Trial 52 finished with value: 16.69778951430163 and parameters: {'n_units_l0': 2240, 'n_units_l1': 3840, 'n_units_l2': 1120, 'n_units_l3': 2624, 'n_units_l4': 3744, 'n_units_l5': 2496, 'n_units_l6': 2336, 'n_units_l7': 672, 'n_units_l8': 2592, 'lr': 0.0001261575525094317}. Best is trial 18 with value: 8.750023102918208.
[I 2025-03-22 02:33:25,312] Trial 53 finished with value: 11.908972658068928 and parameters: {'n_units_l0': 2688, 'n_units_l1': 3520, 'n_units_l2': 1472, 'n_units_l3': 2944, 'n_units_l4': 3680, 'n_units_l5': 2048, 'n_units_l6': 1920, 'n_units_l7': 544, 'n_units_l8': 2688, 'lr': 0.000557280574091289}. Best is trial 18 with value: 8.750023102918208.
[I 2025-03-22 02:33:25,413] Trial 5 finished with value: 124.89127537943122 and parameters: {'n_units_l0': 1568, 'n_units_l1': 3648, 'n_units_l2': 1536, 'n_units_l3': 1408, 'n_units_l4': 3008, 'n_units_l5': 896, 'n_units_l6': 480, 'n_units_l7': 3616, 'n_units_l8': 3456, 'n_units_l9': 2784, 'n_units_l10': 3584, 'lr': 0.02053621447545653}. Best is trial 1 with value: 124.68419857258087.
/trinity/home/fisheye/.local/lib/python3.9/site-packages/numpy/lib/function_base.py:4530: RuntimeWarning: invalid value encountered in subtract
  subtract(b, diff_b_a * (1 - t), out=lerp_interpolation, where=t >= 0.5)
[I 2025-03-22 02:33:26,165] Trial 54 pruned. 
[I 2025-03-22 02:33:27,008] Trial 55 pruned. 
[I 2025-03-22 02:33:27,862] Trial 56 pruned. 
[I 2025-03-22 02:33:28,668] Trial 57 pruned. 
[I 2025-03-22 02:34:10,362] Trial 6 finished with value: 124.80101233805911 and parameters: {'n_units_l0': 2944, 'n_units_l1': 3808, 'n_units_l2': 2336, 'n_units_l3': 1696, 'n_units_l4': 480, 'n_units_l5': 1280, 'n_units_l6': 800, 'n_units_l7': 768, 'n_units_l8': 64, 'n_units_l9': 544, 'n_units_l10': 1696, 'lr': 0.09863807798119631}. Best is trial 1 with value: 124.68419857258087.
/trinity/home/fisheye/.local/lib/python3.9/site-packages/numpy/lib/function_base.py:4529: RuntimeWarning: invalid value encountered in multiply
  lerp_interpolation = asanyarray(add(a, diff_b_a * t, out=out))
[I 2025-03-22 02:34:38,770] Trial 58 finished with value: 13.518403261702582 and parameters: {'n_units_l0': 2880, 'n_units_l1': 3424, 'n_units_l2': 1248, 'n_units_l3': 3520, 'n_units_l4': 3040, 'n_units_l5': 3168, 'n_units_l6': 3744, 'n_units_l7': 160, 'n_units_l8': 1664, 'lr': 0.0020808871881123885}. Best is trial 18 with value: 8.750023102918208.
[I 2025-03-22 02:34:39,493] Trial 59 pruned. 
[I 2025-03-22 02:34:40,690] Trial 60 pruned. 
[I 2025-03-22 02:34:42,342] Trial 61 pruned. 
[I 2025-03-22 02:34:48,584] Trial 7 finished with value: 124.68516225307482 and parameters: {'n_units_l0': 160, 'n_units_l1': 3712, 'n_units_l2': 2912, 'n_units_l3': 736, 'n_units_l4': 800, 'n_units_l5': 1760, 'n_units_l6': 1408, 'n_units_l7': 416, 'n_units_l8': 320, 'n_units_l9': 1952, 'n_units_l10': 2080, 'lr': 0.08634635257309509}. Best is trial 1 with value: 124.68419857258087.
[I 2025-03-22 02:34:49,291] Trial 8 pruned. 
[I 2025-03-22 02:34:49,814] Trial 9 pruned. 
[I 2025-03-22 02:34:57,599] Trial 62 pruned. 
[I 2025-03-22 02:34:58,540] Trial 63 pruned. 
[I 2025-03-22 02:34:59,386] Trial 64 pruned. 
[I 2025-03-22 02:35:00,334] Trial 65 pruned. 
[I 2025-03-22 02:35:01,192] Trial 66 pruned. 
[I 2025-03-22 02:35:02,203] Trial 67 pruned. 
[I 2025-03-22 02:35:03,504] Trial 68 pruned. 
[I 2025-03-22 02:35:04,156] Trial 69 pruned. 
[I 2025-03-22 02:35:56,181] Trial 70 finished with value: 14.420801554294611 and parameters: {'n_units_l0': 928, 'n_units_l1': 2048, 'n_units_l2': 480, 'n_units_l3': 2880, 'n_units_l4': 3104, 'n_units_l5': 2240, 'n_units_l6': 3488, 'n_units_l7': 1120, 'n_units_l8': 3744, 'lr': 0.0015229053161412115}. Best is trial 18 with value: 8.750023102918208.
[I 2025-03-22 02:35:56,895] Trial 71 pruned. 
[I 2025-03-22 02:35:57,571] Trial 72 pruned. 
[I 2025-03-22 02:35:58,140] Trial 73 pruned. 
[I 2025-03-22 02:35:58,974] Trial 74 pruned. 
[I 2025-03-22 02:36:12,887] Trial 75 pruned. 
[I 2025-03-22 02:36:13,608] Trial 76 pruned. 
[I 2025-03-22 02:36:14,532] Trial 77 pruned. 
[I 2025-03-22 02:36:15,518] Trial 78 pruned. 
[I 2025-03-22 02:36:16,166] Trial 79 pruned. 
[I 2025-03-22 02:36:16,928] Trial 80 pruned. 
[I 2025-03-22 02:36:46,808] Trial 10 finished with value: 136.06369294293103 and parameters: {'n_units_l0': 416, 'n_units_l1': 2560, 'n_units_l2': 3232, 'n_units_l3': 4064, 'n_units_l4': 3872, 'n_units_l5': 3424, 'n_units_l6': 2400, 'n_units_l7': 2592, 'n_units_l8': 1504, 'n_units_l9': 4096, 'n_units_l10': 4000, 'lr': 0.005268647451335717}. Best is trial 1 with value: 124.68419857258087.
[I 2025-03-22 02:37:20,035] Trial 81 finished with value: 11.75820384751882 and parameters: {'n_units_l0': 2272, 'n_units_l1': 4000, 'n_units_l2': 1184, 'n_units_l3': 2624, 'n_units_l4': 3776, 'n_units_l5': 2496, 'n_units_l6': 2304, 'n_units_l7': 608, 'n_units_l8': 2688, 'lr': 0.00031168088793766556}. Best is trial 18 with value: 8.750023102918208.
[I 2025-03-22 02:37:20,702] Trial 82 pruned. 
[I 2025-03-22 02:38:00,579] Trial 11 finished with value: 124.7868121160382 and parameters: {'n_units_l0': 2368, 'n_units_l1': 3072, 'n_units_l2': 2112, 'n_units_l3': 64, 'n_units_l4': 1280, 'n_units_l5': 4000, 'n_units_l6': 3808, 'n_units_l7': 2400, 'n_units_l8': 1312, 'n_units_l9': 3296, 'n_units_l10': 1120, 'lr': 0.04619032940810145}. Best is trial 1 with value: 124.68419857258087.
[I 2025-03-22 02:38:04,090] Trial 12 pruned. 
[I 2025-03-22 02:38:26,399] Trial 83 finished with value: 26.71250858685828 and parameters: {'n_units_l0': 2880, 'n_units_l1': 3968, 'n_units_l2': 1344, 'n_units_l3': 2176, 'n_units_l4': 3904, 'n_units_l5': 2528, 'n_units_l6': 2304, 'n_units_l7': 768, 'n_units_l8': 2784, 'lr': 0.0016476805402159608}. Best is trial 18 with value: 8.750023102918208.
[I 2025-03-22 02:38:27,163] Trial 84 pruned. 
[I 2025-03-22 02:38:28,076] Trial 85 pruned. 
[I 2025-03-22 02:38:28,994] Trial 86 pruned. 
[I 2025-03-22 02:38:29,848] Trial 87 pruned. 
[I 2025-03-22 02:38:37,684] Trial 88 pruned. 
[I 2025-03-22 02:38:38,528] Trial 89 pruned. 
[I 2025-03-22 02:38:39,647] Trial 90 pruned. 
[I 2025-03-22 02:38:49,396] Trial 91 pruned. 
[I 2025-03-22 02:38:50,326] Trial 92 pruned. 
[I 2025-03-22 02:38:51,191] Trial 93 pruned. 
[I 2025-03-22 02:38:52,046] Trial 94 pruned. 
[I 2025-03-22 02:39:01,763] Trial 95 pruned. 
[I 2025-03-22 02:39:02,755] Trial 96 pruned. 
[I 2025-03-22 02:39:03,823] Trial 97 pruned. 
[I 2025-03-22 02:39:04,630] Trial 98 pruned. 
