[I 2025-03-21 23:25:02,015] Trial 19 pruned. 
[I 2025-03-21 23:25:02,104] Trial 61 pruned. 
[I 2025-03-21 23:25:02,224] Trial 20 pruned. 
[I 2025-03-21 23:25:02,227] Trial 62 pruned. 
[I 2025-03-21 23:25:02,535] Trial 21 pruned. 
[I 2025-03-21 23:25:03,234] Trial 63 finished with value: 90.92417907714844 and parameters: {'n_units_l0': 448, 'n_units_l1': 3552, 'n_units_l2': 2048, 'n_units_l3': 160, 'lr': 0.003427123186538035}. Best is trial 3 with value: 52.8553352355957.
[I 2025-03-21 23:25:03,304] Trial 64 pruned. 
[I 2025-03-21 23:25:03,389] Trial 65 pruned. 
[I 2025-03-21 23:25:03,458] Trial 66 pruned. 
[I 2025-03-21 23:25:03,570] Trial 67 pruned. 
[I 2025-03-21 23:25:03,661] Trial 68 pruned. 
[I 2025-03-21 23:25:03,768] Trial 22 pruned. 
[I 2025-03-21 23:25:03,777] Trial 69 pruned. 
[I 2025-03-21 23:25:03,851] Trial 70 pruned. 
[I 2025-03-21 23:25:04,084] Trial 71 pruned. 
[I 2025-03-21 23:25:04,155] Trial 72 pruned. 
[I 2025-03-21 23:25:04,254] Trial 73 pruned. 
[I 2025-03-21 23:25:04,319] Trial 74 pruned. 
[I 2025-03-21 23:25:04,410] Trial 75 pruned. 
[I 2025-03-21 23:25:04,529] Trial 76 pruned. 
[I 2025-03-21 23:25:04,673] Trial 77 pruned. 
[I 2025-03-21 23:25:04,751] Trial 78 pruned. 
[I 2025-03-21 23:25:04,782] Trial 23 finished with value: 95.10149383544922 and parameters: {'n_units_l0': 480, 'n_units_l1': 2528, 'n_units_l2': 2496, 'n_units_l3': 2080, 'n_units_l4': 1728, 'lr': 0.0003840586175850036}. Best is trial 6 with value: 85.71846771240234.
[I 2025-03-21 23:25:04,889] Trial 24 pruned. 
[I 2025-03-21 23:25:05,046] Trial 25 pruned. 
[I 2025-03-21 23:25:05,196] Trial 26 pruned. 
[I 2025-03-21 23:25:05,353] Trial 27 pruned. 
[I 2025-03-21 23:25:05,537] Trial 28 pruned. 
[I 2025-03-21 23:25:05,604] Trial 29 pruned. 
[I 2025-03-21 23:25:05,626] Trial 79 finished with value: 50.6838264465332 and parameters: {'n_units_l0': 32, 'n_units_l1': 1632, 'n_units_l2': 704, 'n_units_l3': 1024, 'lr': 0.012370820195519324}. Best is trial 79 with value: 50.6838264465332.
[I 2025-03-21 23:25:05,731] Trial 30 pruned. 
[I 2025-03-21 23:25:06,499] Trial 80 finished with value: 48.800148010253906 and parameters: {'n_units_l0': 64, 'n_units_l1': 1344, 'n_units_l2': 704, 'n_units_l3': 992, 'lr': 0.01223325194081987}. Best is trial 80 with value: 48.800148010253906.
[I 2025-03-21 23:25:07,099] Trial 31 finished with value: 99.87964630126953 and parameters: {'n_units_l0': 1632, 'n_units_l1': 3008, 'n_units_l2': 2784, 'n_units_l3': 1728, 'n_units_l4': 1664, 'lr': 0.0029426597391953666}. Best is trial 6 with value: 85.71846771240234.
[I 2025-03-21 23:25:07,476] Trial 81 finished with value: 47.99542999267578 and parameters: {'n_units_l0': 32, 'n_units_l1': 1568, 'n_units_l2': 736, 'n_units_l3': 960, 'lr': 0.01365306302753222}. Best is trial 81 with value: 47.99542999267578.
[I 2025-03-21 23:25:07,542] Trial 82 pruned. 
[I 2025-03-21 23:25:08,230] Trial 32 pruned. 
[I 2025-03-21 23:25:08,356] Trial 33 pruned. 
[I 2025-03-21 23:25:08,414] Trial 83 finished with value: 57.523250579833984 and parameters: {'n_units_l0': 32, 'n_units_l1': 1536, 'n_units_l2': 288, 'n_units_l3': 1344, 'lr': 0.0070678768781110915}. Best is trial 81 with value: 47.99542999267578.
[I 2025-03-21 23:25:08,455] Trial 84 pruned. 
[I 2025-03-21 23:25:08,492] Trial 85 pruned. 
[I 2025-03-21 23:25:08,534] Trial 86 pruned. 
[I 2025-03-21 23:25:08,579] Trial 87 pruned. 
[I 2025-03-21 23:25:08,620] Trial 88 pruned. 
[I 2025-03-21 23:25:08,677] Trial 89 pruned. 
[I 2025-03-21 23:25:08,722] Trial 90 pruned. 
[I 2025-03-21 23:25:08,801] Trial 91 pruned. 
[I 2025-03-21 23:25:08,855] Trial 92 pruned. 
[I 2025-03-21 23:25:08,902] Trial 93 pruned. 
[I 2025-03-21 23:25:08,958] Trial 94 pruned. 
[I 2025-03-21 23:25:09,021] Trial 95 pruned. 
[I 2025-03-21 23:25:09,058] Trial 96 pruned. 
[I 2025-03-21 23:25:09,097] Trial 97 pruned. 
[I 2025-03-21 23:25:09,142] Trial 98 pruned. 
[I 2025-03-21 23:25:09,707] Trial 34 finished with value: 94.98777770996094 and parameters: {'n_units_l0': 800, 'n_units_l1': 2016, 'n_units_l2': 3744, 'n_units_l3': 2336, 'n_units_l4': 1216, 'lr': 0.00022343314298842285}. Best is trial 6 with value: 85.71846771240234.
[I 2025-03-21 23:25:09,836] Trial 35 pruned. 
[I 2025-03-21 23:25:09,958] Trial 36 pruned. 
[I 2025-03-21 23:25:10,012] Trial 99 finished with value: 91.76661682128906 and parameters: {'n_units_l0': 32, 'n_units_l1': 1824, 'n_units_l2': 512, 'n_units_l3': 736, 'lr': 0.003135664287117593}. Best is trial 81 with value: 47.99542999267578.
[I 2025-03-21 23:25:10,021] A new study created in memory with name: no-name-460125fb-3f3b-4366-9c58-3de7704f9a59
[I 2025-03-21 23:25:10,128] Trial 37 pruned. 
[I 2025-03-21 23:25:10,205] Trial 38 pruned. 
[I 2025-03-21 23:25:10,343] Trial 39 pruned. 
[I 2025-03-21 23:25:10,412] Trial 40 pruned. 
[I 2025-03-21 23:25:11,172] Trial 0 finished with value: 126.83226776123047 and parameters: {'n_units_l0': 1856, 'n_units_l1': 2400, 'n_units_l2': 448, 'n_units_l3': 2464, 'n_units_l4': 960, 'n_units_l5': 864, 'lr': 0.05004104569446544}. Best is trial 0 with value: 126.83226776123047.
[I 2025-03-21 23:25:11,515] Trial 41 pruned. 
[I 2025-03-21 23:25:11,644] Trial 42 pruned. 
[I 2025-03-21 23:25:12,779] Trial 43 finished with value: 97.63636016845703 and parameters: {'n_units_l0': 576, 'n_units_l1': 2432, 'n_units_l2': 3072, 'n_units_l3': 1408, 'n_units_l4': 2240, 'lr': 0.0003747505939617002}. Best is trial 6 with value: 85.71846771240234.
[I 2025-03-21 23:25:12,943] Trial 44 pruned. 
[I 2025-03-21 23:25:13,026] Trial 45 pruned. 
[I 2025-03-21 23:25:13,159] Trial 46 pruned. 
[I 2025-03-21 23:25:13,292] Trial 47 pruned. 
[I 2025-03-21 23:25:13,422] Trial 48 pruned. 
[I 2025-03-21 23:25:13,474] Trial 49 pruned. 
[I 2025-03-21 23:25:13,550] Trial 50 pruned. 
[I 2025-03-21 23:25:13,609] Trial 51 pruned. 
[I 2025-03-21 23:25:13,687] Trial 52 pruned. 
[I 2025-03-21 23:25:13,776] Trial 53 pruned. 
[I 2025-03-21 23:25:13,831] Trial 54 pruned. 
[I 2025-03-21 23:25:13,915] Trial 55 pruned. 
[I 2025-03-21 23:25:13,965] Trial 56 pruned. 
[I 2025-03-21 23:25:14,948] Trial 57 finished with value: 82.1800765991211 and parameters: {'n_units_l0': 32, 'n_units_l1': 3072, 'n_units_l2': 2144, 'n_units_l3': 1984, 'n_units_l4': 640, 'lr': 0.009047488623591744}. Best is trial 57 with value: 82.1800765991211.
[I 2025-03-21 23:25:15,043] Trial 58 pruned. 
[I 2025-03-21 23:25:15,174] Trial 1 finished with value: 148.55528259277344 and parameters: {'n_units_l0': 3648, 'n_units_l1': 3488, 'n_units_l2': 3392, 'n_units_l3': 3296, 'n_units_l4': 3552, 'n_units_l5': 2208, 'lr': 0.021279100745180402}. Best is trial 0 with value: 126.83226776123047.
[I 2025-03-21 23:25:15,324] Trial 59 pruned. 
[I 2025-03-21 23:25:15,481] Trial 60 pruned. 
[I 2025-03-21 23:25:15,608] Trial 61 pruned. 
[I 2025-03-21 23:25:15,719] Trial 62 pruned. 
[I 2025-03-21 23:25:15,890] Trial 63 pruned. 
[I 2025-03-21 23:25:16,055] Trial 64 pruned. 
[I 2025-03-21 23:25:16,137] Trial 65 pruned. 
[I 2025-03-21 23:25:16,269] Trial 66 pruned. 
[I 2025-03-21 23:25:16,444] Trial 67 pruned. 
[I 2025-03-21 23:25:16,529] Trial 68 pruned. 
[I 2025-03-21 23:25:16,655] Trial 69 pruned. 
[I 2025-03-21 23:25:16,756] Trial 70 pruned. 
[I 2025-03-21 23:25:17,381] Trial 2 finished with value: 14530.0498046875 and parameters: {'n_units_l0': 2624, 'n_units_l1': 2720, 'n_units_l2': 1024, 'n_units_l3': 3616, 'n_units_l4': 2272, 'n_units_l5': 2912, 'lr': 0.08367358722595744}. Best is trial 0 with value: 126.83226776123047.
[I 2025-03-21 23:25:17,396] Trial 71 pruned. 
[I 2025-03-21 23:25:18,535] Trial 3 finished with value: 142.90948486328125 and parameters: {'n_units_l0': 2528, 'n_units_l1': 1824, 'n_units_l2': 1536, 'n_units_l3': 704, 'n_units_l4': 2240, 'n_units_l5': 64, 'lr': 0.06771121786629548}. Best is trial 0 with value: 126.83226776123047.
[I 2025-03-21 23:25:18,759] Trial 72 finished with value: 112.3824234008789 and parameters: {'n_units_l0': 544, 'n_units_l1': 2464, 'n_units_l2': 3072, 'n_units_l3': 2080, 'n_units_l4': 2208, 'lr': 0.0004001139438038406}. Best is trial 57 with value: 82.1800765991211.
[I 2025-03-21 23:25:18,870] Trial 73 pruned. 
[I 2025-03-21 23:25:19,002] Trial 74 pruned. 
[I 2025-03-21 23:25:19,117] Trial 75 pruned. 
[I 2025-03-21 23:25:19,253] Trial 76 pruned. 
[I 2025-03-21 23:25:19,319] Trial 77 pruned. 
[I 2025-03-21 23:25:19,437] Trial 78 pruned. 
[I 2025-03-21 23:25:19,582] Trial 79 pruned. 
[I 2025-03-21 23:25:19,719] Trial 80 pruned. 
[I 2025-03-21 23:25:19,774] Trial 81 pruned. 
[I 2025-03-21 23:25:19,825] Trial 82 pruned. 
[I 2025-03-21 23:25:19,878] Trial 83 pruned. 
[I 2025-03-21 23:25:20,425] Trial 4 finished with value: 102.23870849609375 and parameters: {'n_units_l0': 1696, 'n_units_l1': 4096, 'n_units_l2': 2240, 'n_units_l3': 2688, 'n_units_l4': 640, 'n_units_l5': 128, 'lr': 0.023302190980213563}. Best is trial 4 with value: 102.23870849609375.
[I 2025-03-21 23:25:20,542] Trial 5 pruned. 
[I 2025-03-21 23:25:20,783] Trial 6 pruned. 
[I 2025-03-21 23:25:20,826] Trial 84 finished with value: 99.3430404663086 and parameters: {'n_units_l0': 1152, 'n_units_l1': 320, 'n_units_l2': 288, 'n_units_l3': 1024, 'n_units_l4': 3936, 'lr': 0.0027058155983759624}. Best is trial 57 with value: 82.1800765991211.
[I 2025-03-21 23:25:20,859] Trial 7 pruned. 
[I 2025-03-21 23:25:20,898] Trial 85 pruned. 
[I 2025-03-21 23:25:20,979] Trial 86 pruned. 
[I 2025-03-21 23:25:21,129] Trial 87 pruned. 
[I 2025-03-21 23:25:21,188] Trial 88 pruned. 
[I 2025-03-21 23:25:21,270] Trial 89 pruned. 
[I 2025-03-21 23:25:21,372] Trial 90 pruned. 
[I 2025-03-21 23:25:21,487] Trial 91 pruned. 
[I 2025-03-21 23:25:21,555] Trial 92 pruned. 
[I 2025-03-21 23:25:21,711] Trial 93 pruned. 
[I 2025-03-21 23:25:21,765] Trial 94 pruned. 
[I 2025-03-21 23:25:21,939] Trial 95 pruned. 
[I 2025-03-21 23:25:22,919] Trial 96 pruned. 
[I 2025-03-21 23:25:23,006] Trial 97 pruned. 
[I 2025-03-21 23:25:23,173] Trial 98 pruned. 
[I 2025-03-21 23:25:23,286] Trial 99 pruned. 
[I 2025-03-21 23:25:23,295] A new study created in memory with name: no-name-c65c84bf-743e-4b07-8ec9-796a206fd734
[I 2025-03-21 23:25:23,490] Trial 8 finished with value: 102.49583435058594 and parameters: {'n_units_l0': 320, 'n_units_l1': 3744, 'n_units_l2': 4096, 'n_units_l3': 2208, 'n_units_l4': 1376, 'n_units_l5': 3392, 'lr': 0.0017992192639852843}. Best is trial 4 with value: 102.23870849609375.
[I 2025-03-21 23:25:23,609] Trial 9 pruned. 
[I 2025-03-21 23:25:23,853] Trial 10 pruned. 
[I 2025-03-21 23:25:25,152] Trial 0 finished with value: 146.4439697265625 and parameters: {'n_units_l0': 2016, 'n_units_l1': 2784, 'n_units_l2': 800, 'n_units_l3': 2784, 'n_units_l4': 2688, 'n_units_l5': 896, 'n_units_l6': 3296, 'lr': 0.04369550213914894}. Best is trial 0 with value: 146.4439697265625.
[I 2025-03-21 23:25:26,379] Trial 11 finished with value: 100.49906921386719 and parameters: {'n_units_l0': 160, 'n_units_l1': 3264, 'n_units_l2': 4032, 'n_units_l3': 2816, 'n_units_l4': 1120, 'n_units_l5': 4064, 'lr': 0.0009244394308016296}. Best is trial 11 with value: 100.49906921386719.
[I 2025-03-21 23:25:27,618] Trial 1 finished with value: 15923.5068359375 and parameters: {'n_units_l0': 3744, 'n_units_l1': 1056, 'n_units_l2': 4000, 'n_units_l3': 1024, 'n_units_l4': 3584, 'n_units_l5': 2112, 'n_units_l6': 3200, 'lr': 0.08861966356151534}. Best is trial 0 with value: 146.4439697265625.
[I 2025-03-21 23:25:28,164] Trial 12 finished with value: 103.08489990234375 and parameters: {'n_units_l0': 1024, 'n_units_l1': 2848, 'n_units_l2': 2912, 'n_units_l3': 3040, 'n_units_l4': 320, 'n_units_l5': 1664, 'lr': 0.0016330528807398763}. Best is trial 11 with value: 100.49906921386719.
[I 2025-03-21 23:25:28,422] Trial 13 pruned. 
[I 2025-03-21 23:25:28,536] Trial 14 pruned. 
[I 2025-03-21 23:25:28,887] Trial 15 pruned. 
[I 2025-03-21 23:25:29,004] Trial 16 pruned. 
[I 2025-03-21 23:25:29,272] Trial 17 pruned. 
[I 2025-03-21 23:25:29,386] Trial 18 pruned. 
[I 2025-03-21 23:25:29,638] Trial 19 pruned. 
[I 2025-03-21 23:25:29,933] Trial 20 pruned. 
[I 2025-03-21 23:25:29,989] Trial 2 finished with value: 145.61904907226562 and parameters: {'n_units_l0': 1920, 'n_units_l1': 1952, 'n_units_l2': 3072, 'n_units_l3': 3680, 'n_units_l4': 1472, 'n_units_l5': 1088, 'n_units_l6': 1920, 'lr': 0.061231918049624585}. Best is trial 2 with value: 145.61904907226562.
[I 2025-03-21 23:25:31,276] Trial 3 finished with value: 146.3686065673828 and parameters: {'n_units_l0': 1280, 'n_units_l1': 2720, 'n_units_l2': 800, 'n_units_l3': 2272, 'n_units_l4': 736, 'n_units_l5': 4096, 'n_units_l6': 448, 'lr': 0.03644096637743664}. Best is trial 2 with value: 145.61904907226562.
[I 2025-03-21 23:25:32,722] Trial 21 finished with value: 103.21858215332031 and parameters: {'n_units_l0': 512, 'n_units_l1': 3744, 'n_units_l2': 4064, 'n_units_l3': 2272, 'n_units_l4': 1504, 'n_units_l5': 3616, 'lr': 0.002467802316404808}. Best is trial 11 with value: 100.49906921386719.
[I 2025-03-21 23:25:32,854] Trial 4 finished with value: 131.37042236328125 and parameters: {'n_units_l0': 1600, 'n_units_l1': 224, 'n_units_l2': 1088, 'n_units_l3': 448, 'n_units_l4': 1664, 'n_units_l5': 4000, 'n_units_l6': 2304, 'lr': 0.00598367785966679}. Best is trial 4 with value: 131.37042236328125.
[I 2025-03-21 23:25:33,010] Trial 5 pruned. 
[I 2025-03-21 23:25:33,154] Trial 6 pruned. 
[I 2025-03-21 23:25:34,352] Trial 7 finished with value: 141.20555114746094 and parameters: {'n_units_l0': 320, 'n_units_l1': 2592, 'n_units_l2': 1280, 'n_units_l3': 352, 'n_units_l4': 864, 'n_units_l5': 1088, 'n_units_l6': 128, 'lr': 0.08642910876968397}. Best is trial 4 with value: 131.37042236328125.
[I 2025-03-21 23:25:34,849] Trial 22 finished with value: 104.07748413085938 and parameters: {'n_units_l0': 96, 'n_units_l1': 3168, 'n_units_l2': 3680, 'n_units_l3': 2912, 'n_units_l4': 640, 'n_units_l5': 3264, 'lr': 0.002460496750687261}. Best is trial 11 with value: 100.49906921386719.
[I 2025-03-21 23:25:35,020] Trial 23 pruned. 
[I 2025-03-21 23:25:35,258] Trial 24 pruned. 
[I 2025-03-21 23:25:35,452] Trial 25 pruned. 
[I 2025-03-21 23:25:35,886] Trial 8 finished with value: 129.20547485351562 and parameters: {'n_units_l0': 768, 'n_units_l1': 2208, 'n_units_l2': 672, 'n_units_l3': 3264, 'n_units_l4': 2272, 'n_units_l5': 1216, 'n_units_l6': 2240, 'lr': 0.01559592156931063}. Best is trial 8 with value: 129.20547485351562.
[I 2025-03-21 23:25:36,151] Trial 9 pruned. 
[I 2025-03-21 23:25:37,191] Trial 26 finished with value: 100.24395751953125 and parameters: {'n_units_l0': 672, 'n_units_l1': 2496, 'n_units_l2': 2592, 'n_units_l3': 2688, 'n_units_l4': 864, 'n_units_l5': 4096, 'lr': 0.0007210408302952853}. Best is trial 26 with value: 100.24395751953125.
[I 2025-03-21 23:25:37,354] Trial 27 pruned. 
[I 2025-03-21 23:25:37,447] Trial 28 pruned. 
[I 2025-03-21 23:25:37,542] Trial 10 finished with value: 102.06199645996094 and parameters: {'n_units_l0': 64, 'n_units_l1': 4064, 'n_units_l2': 1952, 'n_units_l3': 3840, 'n_units_l4': 32, 'n_units_l5': 128, 'n_units_l6': 1248, 'lr': 0.0034208386301612173}. Best is trial 10 with value: 102.06199645996094.
[I 2025-03-21 23:25:37,571] Trial 29 pruned. 
[I 2025-03-21 23:25:37,686] Trial 30 pruned. 
[I 2025-03-21 23:25:38,845] Trial 11 finished with value: 104.6273193359375 and parameters: {'n_units_l0': 160, 'n_units_l1': 4096, 'n_units_l2': 64, 'n_units_l3': 4096, 'n_units_l4': 96, 'n_units_l5': 32, 'n_units_l6': 1344, 'lr': 0.0022796954037405098}. Best is trial 10 with value: 102.06199645996094.
[I 2025-03-21 23:25:39,916] Trial 31 finished with value: 103.04087829589844 and parameters: {'n_units_l0': 256, 'n_units_l1': 3744, 'n_units_l2': 3072, 'n_units_l3': 2144, 'n_units_l4': 1344, 'n_units_l5': 3424, 'lr': 0.0001750974895928112}. Best is trial 26 with value: 100.24395751953125.
[I 2025-03-21 23:25:40,082] Trial 32 pruned. 
[I 2025-03-21 23:25:40,222] Trial 12 finished with value: 126.2345199584961 and parameters: {'n_units_l0': 128, 'n_units_l1': 4000, 'n_units_l2': 1920, 'n_units_l3': 3872, 'n_units_l4': 64, 'n_units_l5': 64, 'n_units_l6': 1184, 'lr': 0.02179709289682511}. Best is trial 10 with value: 102.06199645996094.
[I 2025-03-21 23:25:40,305] Trial 33 pruned. 
[I 2025-03-21 23:25:40,545] Trial 34 pruned. 
[I 2025-03-21 23:25:40,758] Trial 35 pruned. 
[I 2025-03-21 23:25:41,436] Trial 13 finished with value: 99.75782775878906 and parameters: {'n_units_l0': 736, 'n_units_l1': 3520, 'n_units_l2': 64, 'n_units_l3': 3968, 'n_units_l4': 128, 'n_units_l5': 480, 'n_units_l6': 1184, 'lr': 0.0027576255984307113}. Best is trial 13 with value: 99.75782775878906.
[I 2025-03-21 23:25:41,559] Trial 14 pruned. 
[I 2025-03-21 23:25:41,640] Trial 15 pruned. 
[I 2025-03-21 23:25:43,509] Trial 36 finished with value: 98.71920013427734 and parameters: {'n_units_l0': 4064, 'n_units_l1': 2528, 'n_units_l2': 3424, 'n_units_l3': 2688, 'n_units_l4': 1184, 'n_units_l5': 3456, 'lr': 5.8703000712463844e-05}. Best is trial 36 with value: 98.71920013427734.
[I 2025-03-21 23:25:43,734] Trial 37 pruned. 
[I 2025-03-21 23:25:43,923] Trial 38 pruned. 
[I 2025-03-21 23:25:44,034] Trial 39 pruned. 
[I 2025-03-21 23:25:44,263] Trial 40 pruned. 
[I 2025-03-21 23:25:45,086] Trial 16 finished with value: 102.20050811767578 and parameters: {'n_units_l0': 2592, 'n_units_l1': 3264, 'n_units_l2': 2496, 'n_units_l3': 2752, 'n_units_l4': 3328, 'n_units_l5': 1856, 'n_units_l6': 4032, 'lr': 0.00021010263692647574}. Best is trial 13 with value: 99.75782775878906.
[I 2025-03-21 23:25:45,199] Trial 17 pruned. 
[I 2025-03-21 23:25:45,367] Trial 18 pruned. 
[I 2025-03-21 23:25:45,540] Trial 19 pruned. 
[I 2025-03-21 23:25:45,903] Trial 20 pruned. 
[I 2025-03-21 23:25:46,918] Trial 41 finished with value: 100.22713470458984 and parameters: {'n_units_l0': 1216, 'n_units_l1': 3424, 'n_units_l2': 3840, 'n_units_l3': 2368, 'n_units_l4': 1344, 'n_units_l5': 3456, 'lr': 0.00037558561431569}. Best is trial 36 with value: 98.71920013427734.
[I 2025-03-21 23:25:47,128] Trial 42 pruned. 
[I 2025-03-21 23:25:47,243] Trial 43 pruned. 
[I 2025-03-21 23:25:47,454] Trial 44 pruned. 
[I 2025-03-21 23:25:47,618] Trial 45 pruned. 
[I 2025-03-21 23:25:47,800] Trial 46 pruned. 
[I 2025-03-21 23:25:47,904] Trial 47 pruned. 
[I 2025-03-21 23:25:49,078] Trial 48 finished with value: 102.4038314819336 and parameters: {'n_units_l0': 2144, 'n_units_l1': 96, 'n_units_l2': 2656, 'n_units_l3': 1824, 'n_units_l4': 672, 'n_units_l5': 3136, 'lr': 0.0003896774197461261}. Best is trial 36 with value: 98.71920013427734.
[I 2025-03-21 23:25:49,320] Trial 49 pruned. 
[I 2025-03-21 23:25:49,456] Trial 21 finished with value: 100.79277038574219 and parameters: {'n_units_l0': 2688, 'n_units_l1': 3168, 'n_units_l2': 2464, 'n_units_l3': 2720, 'n_units_l4': 3232, 'n_units_l5': 2048, 'n_units_l6': 4096, 'lr': 0.006021834756132861}. Best is trial 13 with value: 99.75782775878906.
[I 2025-03-21 23:25:49,518] Trial 50 pruned. 
[I 2025-03-21 23:25:49,717] Trial 22 pruned. 
[I 2025-03-21 23:25:49,960] Trial 23 pruned. 
[I 2025-03-21 23:25:50,065] Trial 24 pruned. 
[I 2025-03-21 23:25:50,289] Trial 25 pruned. 
[I 2025-03-21 23:25:50,842] Trial 51 finished with value: 100.97940826416016 and parameters: {'n_units_l0': 3456, 'n_units_l1': 544, 'n_units_l2': 2688, 'n_units_l3': 1824, 'n_units_l4': 704, 'n_units_l5': 2880, 'lr': 0.00043815766960073055}. Best is trial 36 with value: 98.71920013427734.
[I 2025-03-21 23:25:50,965] Trial 52 pruned. 
[I 2025-03-21 23:25:51,098] Trial 53 pruned. 
[I 2025-03-21 23:25:51,200] Trial 54 pruned. 
[I 2025-03-21 23:25:51,305] Trial 55 pruned. 
[I 2025-03-21 23:25:51,576] Trial 56 pruned. 
[I 2025-03-21 23:25:51,814] Trial 57 pruned. 
[I 2025-03-21 23:25:52,024] Trial 58 pruned. 
[I 2025-03-21 23:25:52,380] Trial 59 pruned. 
[I 2025-03-21 23:25:52,520] Trial 60 pruned. 
[I 2025-03-21 23:25:52,601] Trial 61 pruned. 
[I 2025-03-21 23:25:53,330] Trial 26 finished with value: 102.92991638183594 and parameters: {'n_units_l0': 1664, 'n_units_l1': 3840, 'n_units_l2': 2144, 'n_units_l3': 3232, 'n_units_l4': 3328, 'n_units_l5': 1472, 'n_units_l6': 1888, 'lr': 0.000735143070991367}. Best is trial 13 with value: 99.75782775878906.
[I 2025-03-21 23:25:53,551] Trial 27 pruned. 
[I 2025-03-21 23:25:53,798] Trial 62 finished with value: 104.01519012451172 and parameters: {'n_units_l0': 3712, 'n_units_l1': 256, 'n_units_l2': 2624, 'n_units_l3': 1792, 'n_units_l4': 672, 'n_units_l5': 3072, 'lr': 0.0008483348283202564}. Best is trial 36 with value: 98.71920013427734.
[I 2025-03-21 23:25:53,878] Trial 63 pruned. 
[I 2025-03-21 23:25:53,959] Trial 64 pruned. 
[I 2025-03-21 23:25:54,057] Trial 65 pruned. 
[I 2025-03-21 23:25:54,154] Trial 66 pruned. 
[I 2025-03-21 23:25:54,270] Trial 67 pruned. 
[I 2025-03-21 23:25:54,472] Trial 68 pruned. 
[I 2025-03-21 23:25:54,659] Trial 69 pruned. 
[I 2025-03-21 23:25:54,821] Trial 70 pruned. 
[I 2025-03-21 23:25:55,027] Trial 71 pruned. 
[I 2025-03-21 23:25:55,265] Trial 72 pruned. 
[I 2025-03-21 23:25:55,364] Trial 28 finished with value: 110.70744323730469 and parameters: {'n_units_l0': 512, 'n_units_l1': 1376, 'n_units_l2': 1568, 'n_units_l3': 3776, 'n_units_l4': 2912, 'n_units_l5': 224, 'n_units_l6': 2848, 'lr': 0.0072160864612831385}. Best is trial 13 with value: 99.75782775878906.
[I 2025-03-21 23:25:55,544] Trial 29 pruned. 
[I 2025-03-21 23:25:55,781] Trial 30 pruned. 
[I 2025-03-21 23:25:57,900] Trial 73 finished with value: 98.87385559082031 and parameters: {'n_units_l0': 576, 'n_units_l1': 3424, 'n_units_l2': 3968, 'n_units_l3': 2816, 'n_units_l4': 1248, 'n_units_l5': 3168, 'lr': 0.0002857133096436443}. Best is trial 36 with value: 98.71920013427734.
[I 2025-03-21 23:25:58,153] Trial 74 pruned. 
[I 2025-03-21 23:25:59,384] Trial 31 finished with value: 114.6608657836914 and parameters: {'n_units_l0': 2784, 'n_units_l1': 3360, 'n_units_l2': 2560, 'n_units_l3': 2784, 'n_units_l4': 3168, 'n_units_l5': 1792, 'n_units_l6': 4096, 'lr': 0.0004421807049432942}. Best is trial 13 with value: 99.75782775878906.
