[I 2025-03-24 23:30:21,156] Trial 24 pruned. 
[I 2025-03-24 23:38:25,485] Trial 80 finished with value: 4.784057451033386 and parameters: {'n_units_l0': 2208, 'n_units_l1': 3744, 'n_units_l2': 672, 'n_units_l3': 3168, 'n_units_l4': 1664, 'n_units_l5': 1696, 'n_units_l6': 2912, 'n_units_l7': 1888, 'n_units_l8': 1984, 'n_units_l9': 352, 'n_units_l10': 3520, 'n_units_l11': 3584, 'lr': 2.1394777500730456e-05}. Best is trial 43 with value: 2.3112908800302954.
[I 2025-03-24 23:39:26,342] Trial 25 finished with value: 3.1704368736472754 and parameters: {'n_units_l0': 32, 'n_units_l1': 864, 'n_units_l2': 256, 'n_units_l3': 320, 'n_units_l4': 3360, 'lr': 0.0006679685978171166}. Best is trial 25 with value: 3.1704368736472754.
[I 2025-03-24 23:39:31,744] Trial 26 pruned. 
[I 2025-03-24 23:48:40,342] Trial 27 finished with value: 4.299262792515272 and parameters: {'n_units_l0': 704, 'n_units_l1': 32, 'n_units_l2': 416, 'n_units_l3': 768, 'n_units_l4': 2912, 'lr': 0.0012391082858892854}. Best is trial 25 with value: 3.1704368736472754.
[I 2025-03-24 23:48:45,934] Trial 28 pruned. 
[I 2025-03-24 23:48:51,589] Trial 29 pruned. 
[I 2025-03-24 23:48:57,262] Trial 30 pruned. 
[I 2025-03-24 23:56:52,816] Trial 81 finished with value: 124.79075731518643 and parameters: {'n_units_l0': 2176, 'n_units_l1': 3968, 'n_units_l2': 608, 'n_units_l3': 3872, 'n_units_l4': 1600, 'n_units_l5': 1664, 'n_units_l6': 2528, 'n_units_l7': 1856, 'n_units_l8': 1984, 'n_units_l9': 320, 'n_units_l10': 3616, 'n_units_l11': 4096, 'lr': 0.003521168133491812}. Best is trial 43 with value: 2.3112908800302954.
[I 2025-03-24 23:57:05,582] Trial 82 pruned. 
[I 2025-03-24 23:58:03,039] Trial 31 finished with value: 15.427561554911229 and parameters: {'n_units_l0': 544, 'n_units_l1': 1088, 'n_units_l2': 512, 'n_units_l3': 832, 'n_units_l4': 2656, 'lr': 0.0019168127202767262}. Best is trial 25 with value: 3.1704368736472754.
[I 2025-03-24 23:58:08,443] Trial 32 pruned. 
[I 2025-03-25 00:07:19,753] Trial 33 finished with value: 3.271643903562944 and parameters: {'n_units_l0': 832, 'n_units_l1': 1696, 'n_units_l2': 1088, 'n_units_l3': 608, 'n_units_l4': 1600, 'lr': 0.0007789183666032972}. Best is trial 25 with value: 3.1704368736472754.
[I 2025-03-25 00:07:25,219] Trial 34 pruned. 
[I 2025-03-25 00:07:30,754] Trial 35 pruned. 
[I 2025-03-25 00:07:36,285] Trial 36 pruned. 
[I 2025-03-25 00:07:41,800] Trial 37 pruned. 
[I 2025-03-25 00:07:47,458] Trial 38 pruned. 
[I 2025-03-25 00:07:53,000] Trial 39 pruned. 
[I 2025-03-25 00:07:58,718] Trial 40 pruned. 
[I 2025-03-25 00:08:04,105] Trial 41 pruned. 
[I 2025-03-25 00:08:09,647] Trial 42 pruned. 
[I 2025-03-25 00:08:15,065] Trial 43 pruned. 
[I 2025-03-25 00:10:53,469] Trial 44 pruned. 
[I 2025-03-25 00:12:53,063] Trial 83 finished with value: 5.392535188752663 and parameters: {'n_units_l0': 2400, 'n_units_l1': 3456, 'n_units_l2': 192, 'n_units_l3': 3392, 'n_units_l4': 1920, 'n_units_l5': 1632, 'n_units_l6': 2912, 'n_units_l7': 2112, 'n_units_l8': 1024, 'n_units_l9': 352, 'n_units_l10': 2944, 'n_units_l11': 2752, 'lr': 0.00044031861473906096}. Best is trial 43 with value: 2.3112908800302954.
[I 2025-03-25 00:19:59,673] Trial 45 finished with value: 2.88393819101546 and parameters: {'n_units_l0': 288, 'n_units_l1': 992, 'n_units_l2': 1152, 'n_units_l3': 1024, 'n_units_l4': 3136, 'lr': 0.0003159432696991544}. Best is trial 45 with value: 2.88393819101546.
[I 2025-03-25 00:20:05,173] Trial 46 pruned. 
[I 2025-03-25 00:20:10,610] Trial 47 pruned. 
[I 2025-03-25 00:20:16,219] Trial 48 pruned. 
[I 2025-03-25 00:20:21,627] Trial 49 pruned. 
[I 2025-03-25 00:20:27,168] Trial 50 pruned. 
[I 2025-03-25 00:20:32,555] Trial 51 pruned. 
[I 2025-03-25 00:20:38,116] Trial 52 pruned. 
[I 2025-03-25 00:29:51,606] Trial 53 finished with value: 9.465425070223326 and parameters: {'n_units_l0': 32, 'n_units_l1': 1792, 'n_units_l2': 1376, 'n_units_l3': 1728, 'n_units_l4': 2560, 'lr': 0.00039932497070416007}. Best is trial 45 with value: 2.88393819101546.
[I 2025-03-25 00:29:57,222] Trial 54 pruned. 
[I 2025-03-25 00:30:02,825] Trial 55 pruned. 
[I 2025-03-25 00:30:08,673] Trial 56 pruned. 
[I 2025-03-25 00:30:14,259] Trial 57 pruned. 
[I 2025-03-25 00:30:19,773] Trial 58 pruned. 
[I 2025-03-25 00:33:01,932] Trial 84 finished with value: 11.340414397626448 and parameters: {'n_units_l0': 2752, 'n_units_l1': 3840, 'n_units_l2': 352, 'n_units_l3': 3104, 'n_units_l4': 2144, 'n_units_l5': 3008, 'n_units_l6': 2848, 'n_units_l7': 1504, 'n_units_l8': 1760, 'n_units_l9': 480, 'n_units_l10': 3552, 'n_units_l11': 3552, 'lr': 0.002538478390649992}. Best is trial 43 with value: 2.3112908800302954.
[I 2025-03-25 00:33:11,503] Trial 85 pruned. 
[I 2025-03-25 00:33:20,295] Trial 86 pruned. 
[I 2025-03-25 00:33:31,996] Trial 87 pruned. 
[I 2025-03-25 00:33:43,228] Trial 88 pruned. 
[I 2025-03-25 00:33:51,984] Trial 89 pruned. 
[I 2025-03-25 00:34:03,809] Trial 90 pruned. 
[I 2025-03-25 00:39:27,797] Trial 59 finished with value: 6.485412943401602 and parameters: {'n_units_l0': 416, 'n_units_l1': 1376, 'n_units_l2': 384, 'n_units_l3': 3904, 'n_units_l4': 1984, 'lr': 0.003249613053010053}. Best is trial 45 with value: 2.88393819101546.
[I 2025-03-25 00:39:33,358] Trial 60 pruned. 
[I 2025-03-25 00:39:39,005] Trial 61 pruned. 
[I 2025-03-25 00:48:51,520] Trial 62 finished with value: 10.902444599591206 and parameters: {'n_units_l0': 288, 'n_units_l1': 1056, 'n_units_l2': 640, 'n_units_l3': 3680, 'n_units_l4': 2304, 'lr': 0.0023565999561126006}. Best is trial 45 with value: 2.88393819101546.
[I 2025-03-25 00:48:57,033] Trial 63 pruned. 
[I 2025-03-25 00:51:48,029] Trial 91 finished with value: 4.74896882948018 and parameters: {'n_units_l0': 2368, 'n_units_l1': 3392, 'n_units_l2': 192, 'n_units_l3': 3392, 'n_units_l4': 1760, 'n_units_l5': 2368, 'n_units_l6': 2912, 'n_units_l7': 2048, 'n_units_l8': 2656, 'n_units_l9': 352, 'n_units_l10': 2944, 'n_units_l11': 2816, 'lr': 0.00013947336212315594}. Best is trial 43 with value: 2.3112908800302954.
[I 2025-03-25 00:58:12,082] Trial 64 finished with value: 7.009685507535182 and parameters: {'n_units_l0': 128, 'n_units_l1': 128, 'n_units_l2': 864, 'n_units_l3': 3424, 'n_units_l4': 3296, 'lr': 0.00032094593570473846}. Best is trial 45 with value: 2.88393819101546.
[I 2025-03-25 00:58:17,622] Trial 65 pruned. 
[I 2025-03-25 00:58:23,232] Trial 66 pruned. 
[I 2025-03-25 00:58:29,017] Trial 67 pruned. 
[I 2025-03-25 00:58:36,828] Trial 68 pruned. 
[I 2025-03-25 00:58:42,400] Trial 69 pruned. 
[I 2025-03-25 00:58:47,881] Trial 70 pruned. 
[I 2025-03-25 00:58:53,569] Trial 71 pruned. 
[I 2025-03-25 00:58:59,072] Trial 72 pruned. 
[I 2025-03-25 00:59:05,275] Trial 73 pruned. 
[I 2025-03-25 00:59:10,826] Trial 74 pruned. 
[I 2025-03-25 00:59:16,462] Trial 75 pruned. 
[I 2025-03-25 00:59:22,315] Trial 76 pruned. 
[I 2025-03-25 00:59:27,829] Trial 77 pruned. 
[I 2025-03-25 00:59:33,213] Trial 78 pruned. 
[I 2025-03-25 00:59:38,808] Trial 79 pruned. 
[I 2025-03-25 01:09:47,094] Trial 80 finished with value: 6.23958617919932 and parameters: {'n_units_l0': 1824, 'n_units_l1': 1440, 'n_units_l2': 1280, 'n_units_l3': 3328, 'n_units_l4': 2656, 'lr': 0.0026002029112380527}. Best is trial 45 with value: 2.88393819101546.
[I 2025-03-25 01:09:53,448] Trial 81 pruned. 
[I 2025-03-25 01:09:59,842] Trial 82 pruned. 
[I 2025-03-25 01:10:05,849] Trial 83 pruned. 
[I 2025-03-25 01:10:11,642] Trial 84 pruned. 
[I 2025-03-25 01:10:19,317] Trial 85 pruned. 
[I 2025-03-25 01:10:24,945] Trial 86 pruned. 
[I 2025-03-25 01:10:36,149] Trial 87 pruned. 
[I 2025-03-25 01:10:41,798] Trial 88 pruned. 
[I 2025-03-25 01:10:47,347] Trial 89 pruned. 
[I 2025-03-25 01:11:00,419] Trial 92 finished with value: 14.727004247241965 and parameters: {'n_units_l0': 2336, 'n_units_l1': 3296, 'n_units_l2': 256, 'n_units_l3': 3712, 'n_units_l4': 1760, 'n_units_l5': 2336, 'n_units_l6': 2944, 'n_units_l7': 2368, 'n_units_l8': 2944, 'n_units_l9': 224, 'n_units_l10': 2848, 'n_units_l11': 3840, 'lr': 0.00017841216087793172}. Best is trial 43 with value: 2.3112908800302954.
[I 2025-03-25 01:19:55,287] Trial 90 finished with value: 10.695693620656659 and parameters: {'n_units_l0': 256, 'n_units_l1': 1248, 'n_units_l2': 480, 'n_units_l3': 160, 'n_units_l4': 2208, 'lr': 0.0020011717984791642}. Best is trial 45 with value: 2.88393819101546.
[I 2025-03-25 01:20:06,196] Trial 91 pruned. 
[I 2025-03-25 01:20:17,046] Trial 92 pruned. 
[I 2025-03-25 01:20:22,510] Trial 93 pruned. 
[I 2025-03-25 01:20:28,154] Trial 94 pruned. 
[I 2025-03-25 01:20:33,618] Trial 95 pruned. 
[I 2025-03-25 01:20:39,217] Trial 96 pruned. 
[I 2025-03-25 01:20:47,476] Trial 97 pruned. 
[I 2025-03-25 01:20:53,010] Trial 98 pruned. 
[I 2025-03-25 01:29:28,829] Trial 93 finished with value: 8.199690039458341 and parameters: {'n_units_l0': 2176, 'n_units_l1': 3776, 'n_units_l2': 608, 'n_units_l3': 3168, 'n_units_l4': 1568, 'n_units_l5': 2688, 'n_units_l6': 2784, 'n_units_l7': 1728, 'n_units_l8': 2624, 'n_units_l9': 448, 'n_units_l10': 3072, 'n_units_l11': 3104, 'lr': 0.0024350187538157244}. Best is trial 43 with value: 2.3112908800302954.
[I 2025-03-25 01:29:58,396] Trial 99 finished with value: 3.898522913687326 and parameters: {'n_units_l0': 704, 'n_units_l1': 1696, 'n_units_l2': 160, 'n_units_l3': 832, 'n_units_l4': 1632, 'lr': 0.0014901546562234053}. Best is trial 45 with value: 2.88393819101546.
[I 2025-03-25 01:29:59,138] A new study created in memory with name: no-name-703abdb2-556e-4db0-86f7-7bb88119016e
[I 2025-03-25 01:39:41,658] Trial 0 finished with value: 125.02943491490223 and parameters: {'n_units_l0': 2176, 'n_units_l1': 448, 'n_units_l2': 1856, 'n_units_l3': 3072, 'n_units_l4': 96, 'n_units_l5': 224, 'lr': 0.0629370110636446}. Best is trial 0 with value: 125.02943491490223.
[I 2025-03-25 01:50:58,969] Trial 94 finished with value: 124.79073851051469 and parameters: {'n_units_l0': 2016, 'n_units_l1': 3488, 'n_units_l2': 992, 'n_units_l3': 2944, 'n_units_l4': 1984, 'n_units_l5': 2080, 'n_units_l6': 3264, 'n_units_l7': 2880, 'n_units_l8': 2432, 'n_units_l9': 576, 'n_units_l10': 4096, 'n_units_l11': 2624, 'lr': 0.004947239646890813}. Best is trial 43 with value: 2.3112908800302954.
[I 2025-03-25 01:59:34,596] Trial 1 finished with value: 125.02717148444563 and parameters: {'n_units_l0': 2624, 'n_units_l1': 3840, 'n_units_l2': 3360, 'n_units_l3': 2432, 'n_units_l4': 928, 'n_units_l5': 1664, 'lr': 0.05367303462094453}. Best is trial 1 with value: 125.02717148444563.
[I 2025-03-25 02:09:19,424] Trial 2 finished with value: 125.0298409403609 and parameters: {'n_units_l0': 1536, 'n_units_l1': 192, 'n_units_l2': 3776, 'n_units_l3': 2144, 'n_units_l4': 1696, 'n_units_l5': 1152, 'lr': 0.0649842641687198}. Best is trial 1 with value: 125.02717148444563.
[I 2025-03-25 02:10:51,810] Trial 95 finished with value: 4.5099131927854765 and parameters: {'n_units_l0': 1856, 'n_units_l1': 4096, 'n_units_l2': 1088, 'n_units_l3': 1856, 'n_units_l4': 2624, 'n_units_l5': 2400, 'n_units_l6': 3072, 'n_units_l7': 1984, 'n_units_l8': 2752, 'n_units_l9': 128, 'n_units_l10': 3200, 'n_units_l11': 3008, 'lr': 2.9075154832978295e-05}. Best is trial 43 with value: 2.3112908800302954.
[I 2025-03-25 02:18:59,327] Trial 3 finished with value: 125.0317838070793 and parameters: {'n_units_l0': 2112, 'n_units_l1': 1824, 'n_units_l2': 1408, 'n_units_l3': 64, 'n_units_l4': 512, 'n_units_l5': 1632, 'lr': 0.005377354707566212}. Best is trial 1 with value: 125.02717148444563.
[I 2025-03-25 02:31:00,892] Trial 4 finished with value: 125.02770821647937 and parameters: {'n_units_l0': 3264, 'n_units_l1': 1536, 'n_units_l2': 3456, 'n_units_l3': 1440, 'n_units_l4': 2336, 'n_units_l5': 384, 'lr': 0.05160878765984623}. Best is trial 1 with value: 125.02717148444563.
[I 2025-03-25 02:31:18,248] Trial 5 pruned. 
[I 2025-03-25 02:31:42,202] Trial 6 pruned. 
[I 2025-03-25 02:31:59,509] Trial 7 pruned. 
[I 2025-03-25 02:32:17,827] Trial 96 finished with value: 124.79116761311236 and parameters: {'n_units_l0': 1792, 'n_units_l1': 4096, 'n_units_l2': 1120, 'n_units_l3': 3424, 'n_units_l4': 2656, 'n_units_l5': 2432, 'n_units_l6': 3136, 'n_units_l7': 1984, 'n_units_l8': 2848, 'n_units_l9': 128, 'n_units_l10': 3232, 'n_units_l11': 2976, 'lr': 0.002380797954304152}. Best is trial 43 with value: 2.3112908800302954.
[I 2025-03-25 02:32:29,813] Trial 97 pruned. 
[I 2025-03-25 02:32:41,031] Trial 98 pruned. 
[I 2025-03-25 02:32:53,311] Trial 99 pruned. 
[I 2025-03-25 02:32:54,143] A new study created in memory with name: no-name-b0bca053-d7af-43d2-8275-36cd02312624
[I 2025-03-25 02:45:26,915] Trial 8 finished with value: 7.914086867227352 and parameters: {'n_units_l0': 1632, 'n_units_l1': 3072, 'n_units_l2': 2432, 'n_units_l3': 2304, 'n_units_l4': 1216, 'n_units_l5': 928, 'lr': 0.0027643830490393854}. Best is trial 8 with value: 7.914086867227352.
[I 2025-03-25 02:45:44,274] Trial 9 pruned. 
[I 2025-03-25 02:51:16,860] Trial 0 finished with value: 124.97340462286186 and parameters: {'n_units_l0': 2048, 'n_units_l1': 384, 'n_units_l2': 2848, 'n_units_l3': 2976, 'n_units_l4': 3328, 'n_units_l5': 1728, 'n_units_l6': 2688, 'lr': 0.0548785538833775}. Best is trial 0 with value: 124.97340462286186.
[I 2025-03-25 02:55:31,183] Trial 10 finished with value: 9.64999943394409 and parameters: {'n_units_l0': 128, 'n_units_l1': 3008, 'n_units_l2': 864, 'n_units_l3': 3264, 'n_units_l4': 1312, 'n_units_l5': 2464, 'lr': 0.0017412708945325987}. Best is trial 8 with value: 7.914086867227352.
[I 2025-03-25 03:03:51,696] Trial 1 finished with value: 124.97785513264586 and parameters: {'n_units_l0': 3328, 'n_units_l1': 1856, 'n_units_l2': 1888, 'n_units_l3': 1728, 'n_units_l4': 1920, 'n_units_l5': 1216, 'n_units_l6': 1280, 'lr': 0.018334310907625204}. Best is trial 0 with value: 124.97340462286186.
[I 2025-03-25 03:05:15,643] Trial 11 finished with value: 8.103077872696518 and parameters: {'n_units_l0': 32, 'n_units_l1': 2912, 'n_units_l2': 672, 'n_units_l3': 3392, 'n_units_l4': 1440, 'n_units_l5': 4064, 'lr': 0.0010565591960881933}. Best is trial 8 with value: 7.914086867227352.
[I 2025-03-25 03:05:27,592] Trial 12 pruned. 
[I 2025-03-25 03:17:28,500] Trial 2 finished with value: 124.9734463481708 and parameters: {'n_units_l0': 3808, 'n_units_l1': 1024, 'n_units_l2': 704, 'n_units_l3': 3008, 'n_units_l4': 3488, 'n_units_l5': 1344, 'n_units_l6': 128, 'lr': 0.015135878599645778}. Best is trial 0 with value: 124.97340462286186.
[I 2025-03-25 03:18:35,616] Trial 13 finished with value: 125.02845961773178 and parameters: {'n_units_l0': 256, 'n_units_l1': 2496, 'n_units_l2': 128, 'n_units_l3': 4064, 'n_units_l4': 2720, 'n_units_l5': 3456, 'lr': 0.022631626975102136}. Best is trial 8 with value: 7.914086867227352.
[I 2025-03-25 03:18:41,567] Trial 14 pruned. 
[I 2025-03-25 03:18:58,461] Trial 15 pruned. 
[I 2025-03-25 03:19:15,966] Trial 16 pruned. 
[I 2025-03-25 03:27:37,500] Trial 3 finished with value: 37.067523510869826 and parameters: {'n_units_l0': 96, 'n_units_l1': 1024, 'n_units_l2': 2080, 'n_units_l3': 1856, 'n_units_l4': 224, 'n_units_l5': 1408, 'n_units_l6': 3360, 'lr': 0.010206892868889192}. Best is trial 3 with value: 37.067523510869826.
[I 2025-03-25 03:38:18,342] Trial 17 finished with value: 125.02747231549482 and parameters: {'n_units_l0': 3616, 'n_units_l1': 3520, 'n_units_l2': 2240, 'n_units_l3': 2464, 'n_units_l4': 1568, 'n_units_l5': 1824, 'lr': 0.013375421427393293}. Best is trial 8 with value: 7.914086867227352.
[I 2025-03-25 03:38:24,132] Trial 18 pruned. 
[I 2025-03-25 03:40:02,932] Trial 4 finished with value: 124.97341907713685 and parameters: {'n_units_l0': 2848, 'n_units_l1': 1056, 'n_units_l2': 736, 'n_units_l3': 3712, 'n_units_l4': 1536, 'n_units_l5': 3200, 'n_units_l6': 832, 'lr': 0.012789664134803267}. Best is trial 3 with value: 37.067523510869826.
[I 2025-03-25 03:40:15,541] Trial 5 pruned. 
[I 2025-03-25 03:48:12,812] Trial 19 finished with value: 6.905412381152898 and parameters: {'n_units_l0': 1120, 'n_units_l1': 2816, 'n_units_l2': 1376, 'n_units_l3': 3584, 'n_units_l4': 608, 'n_units_l5': 2432, 'lr': 0.000840418011766763}. Best is trial 19 with value: 6.905412381152898.
[I 2025-03-25 03:48:18,638] Trial 20 pruned. 
[I 2025-03-25 03:58:18,743] Trial 6 finished with value: 10.215296721764814 and parameters: {'n_units_l0': 1120, 'n_units_l1': 1632, 'n_units_l2': 3744, 'n_units_l3': 2528, 'n_units_l4': 1376, 'n_units_l5': 2272, 'n_units_l6': 2784, 'lr': 0.0032046270848595493}. Best is trial 6 with value: 10.215296721764814.
[I 2025-03-25 03:59:56,129] Trial 7 pruned. 
[I 2025-03-25 04:03:58,973] Trial 21 finished with value: 5.211215301906583 and parameters: {'n_units_l0': 1760, 'n_units_l1': 2816, 'n_units_l2': 2144, 'n_units_l3': 3456, 'n_units_l4': 1120, 'n_units_l5': 3616, 'lr': 0.0015451865422948792}. Best is trial 21 with value: 5.211215301906583.
[I 2025-03-25 04:04:06,179] Trial 22 pruned. 
[I 2025-03-25 04:04:16,378] Trial 23 pruned. 
[I 2025-03-25 04:10:06,488] Trial 8 finished with value: 5.042056968822348 and parameters: {'n_units_l0': 832, 'n_units_l1': 1440, 'n_units_l2': 1440, 'n_units_l3': 2912, 'n_units_l4': 1632, 'n_units_l5': 672, 'n_units_l6': 3584, 'lr': 0.0007583417560284219}. Best is trial 8 with value: 5.042056968822348.
[I 2025-03-25 04:10:38,867] Trial 9 pruned. 
[I 2025-03-25 04:10:44,926] Trial 10 pruned. 
[I 2025-03-25 04:10:51,263] Trial 11 pruned. 
[I 2025-03-25 04:17:58,383] Trial 24 finished with value: 4.158612829017547 and parameters: {'n_units_l0': 1696, 'n_units_l1': 2720, 'n_units_l2': 2912, 'n_units_l3': 2080, 'n_units_l4': 864, 'n_units_l5': 2112, 'lr': 2.87697079140311e-05}. Best is trial 24 with value: 4.158612829017547.
[I 2025-03-25 04:18:04,577] Trial 25 pruned. 
[I 2025-03-25 04:18:11,696] Trial 26 pruned. 
[I 2025-03-25 04:18:17,646] Trial 27 pruned. 
[I 2025-03-25 04:18:28,830] Trial 28 pruned. 
[I 2025-03-25 04:18:36,984] Trial 29 pruned. 
[I 2025-03-25 04:21:01,075] Trial 12 finished with value: 5.844790245358451 and parameters: {'n_units_l0': 1056, 'n_units_l1': 352, 'n_units_l2': 3808, 'n_units_l3': 2560, 'n_units_l4': 1312, 'n_units_l5': 128, 'n_units_l6': 3200, 'lr': 0.00025426072858520266}. Best is trial 8 with value: 5.042056968822348.
[I 2025-03-25 04:21:09,390] Trial 13 pruned. 
[I 2025-03-25 04:21:15,614] Trial 14 pruned. 
[I 2025-03-25 04:35:55,134] Trial 15 finished with value: 6.958849890617918 and parameters: {'n_units_l0': 1664, 'n_units_l1': 1280, 'n_units_l2': 2400, 'n_units_l3': 1088, 'n_units_l4': 1792, 'n_units_l5': 3808, 'n_units_l6': 2016, 'lr': 0.0030722888446490775}. Best is trial 8 with value: 5.042056968822348.
[I 2025-03-25 04:36:08,178] Trial 16 pruned. 
[I 2025-03-25 04:36:14,341] Trial 17 pruned. 
[I 2025-03-25 04:37:49,166] Trial 30 finished with value: 3.3874700449907547 and parameters: {'n_units_l0': 1888, 'n_units_l1': 3712, 'n_units_l2': 1600, 'n_units_l3': 3872, 'n_units_l4': 1984, 'n_units_l5': 3136, 'lr': 0.0002517218278896854}. Best is trial 30 with value: 3.3874700449907547.
[I 2025-03-25 04:51:42,379] Trial 18 finished with value: 12.926804326933238 and parameters: {'n_units_l0': 1504, 'n_units_l1': 4096, 'n_units_l2': 3360, 'n_units_l3': 1248, 'n_units_l4': 32, 'n_units_l5': 416, 'n_units_l6': 3040, 'lr': 0.0026363436040383516}. Best is trial 8 with value: 5.042056968822348.
[I 2025-03-25 04:51:52,921] Trial 19 pruned. 
[I 2025-03-25 04:51:58,968] Trial 20 pruned. 
[I 2025-03-25 04:56:29,013] Trial 31 finished with value: 5.6929804104126225 and parameters: {'n_units_l0': 1920, 'n_units_l1': 3776, 'n_units_l2': 1600, 'n_units_l3': 3904, 'n_units_l4': 1824, 'n_units_l5': 3040, 'lr': 0.002237366404073197}. Best is trial 30 with value: 3.3874700449907547.
[I 2025-03-25 04:56:41,256] Trial 32 pruned. 
[I 2025-03-25 04:56:53,849] Trial 33 pruned. 
[I 2025-03-25 04:57:07,015] Trial 34 pruned. 
[I 2025-03-25 04:57:18,972] Trial 35 pruned. 
[I 2025-03-25 04:57:35,512] Trial 36 pruned. 
[I 2025-03-25 04:57:48,743] Trial 37 pruned. 
[I 2025-03-25 04:57:54,762] Trial 38 pruned. 
[I 2025-03-25 05:06:13,237] Trial 21 finished with value: 5.340758976936223 and parameters: {'n_units_l0': 1696, 'n_units_l1': 1280, 'n_units_l2': 2432, 'n_units_l3': 1088, 'n_units_l4': 1824, 'n_units_l5': 3648, 'n_units_l6': 1824, 'lr': 0.0004056781183124777}. Best is trial 8 with value: 5.042056968822348.
[I 2025-03-25 05:06:33,116] Trial 22 pruned. 
[I 2025-03-25 05:06:39,793] Trial 23 pruned. 
[I 2025-03-25 05:20:46,024] Trial 24 finished with value: 4.0734450584445705 and parameters: {'n_units_l0': 1472, 'n_units_l1': 1408, 'n_units_l2': 1568, 'n_units_l3': 544, 'n_units_l4': 2816, 'n_units_l5': 2816, 'n_units_l6': 3008, 'lr': 0.00032982721527551425}. Best is trial 24 with value: 4.0734450584445705.
[I 2025-03-25 05:20:55,060] Trial 25 pruned. 
[I 2025-03-25 05:21:06,178] Trial 26 pruned. 
[I 2025-03-25 05:21:14,838] Trial 27 pruned. 
[I 2025-03-25 05:21:22,143] Trial 28 pruned. 
[I 2025-03-25 05:21:30,470] Trial 29 pruned. 
[I 2025-03-25 05:21:37,337] Trial 30 pruned. 
[I 2025-03-25 05:21:48,056] Trial 31 pruned. 
[I 2025-03-25 05:21:48,988] Trial 39 finished with value: 3.313145600311197 and parameters: {'n_units_l0': 1472, 'n_units_l1': 3136, 'n_units_l2': 3264, 'n_units_l3': 4096, 'n_units_l4': 2368, 'n_units_l5': 1600, 'lr': 0.0005080604631300405}. Best is trial 39 with value: 3.313145600311197.
[I 2025-03-25 05:21:54,877] Trial 40 pruned. 
[I 2025-03-25 05:23:33,181] Trial 41 pruned. 
[I 2025-03-25 05:23:47,819] Trial 42 pruned. 
[I 2025-03-25 05:24:01,786] Trial 43 pruned. 
[I 2025-03-25 05:24:19,370] Trial 44 pruned. 
[I 2025-03-25 05:34:37,173] Trial 32 finished with value: 5.523446682940597 and parameters: {'n_units_l0': 1952, 'n_units_l1': 864, 'n_units_l2': 1952, 'n_units_l3': 2176, 'n_units_l4': 960, 'n_units_l5': 2752, 'n_units_l6': 2912, 'lr': 0.00017847072693414213}. Best is trial 24 with value: 4.0734450584445705.
[I 2025-03-25 05:34:46,352] Trial 33 pruned. 
[I 2025-03-25 05:34:52,865] Trial 34 pruned. 
[I 2025-03-25 05:35:03,192] Trial 35 pruned. 
