[I 2025-03-21 23:29:27,599] Trial 21 finished with value: 49.065635364317025 and parameters: {'n_units_l0': 32, 'n_units_l1': 2048, 'lr': 0.03896984706006272}. Best is trial 21 with value: 49.065635364317025.
[I 2025-03-21 23:29:27,627] Trial 22 pruned. 
[I 2025-03-21 23:29:27,831] Trial 23 pruned. 
[I 2025-03-21 23:29:27,963] Trial 24 pruned. 
[I 2025-03-21 23:29:27,989] Trial 25 pruned. 
[I 2025-03-21 23:29:28,796] Trial 29 finished with value: 98.38854217529297 and parameters: {'n_units_l0': 1984, 'n_units_l1': 1952, 'n_units_l2': 3136, 'n_units_l3': 160, 'n_units_l4': 1120, 'n_units_l5': 4096, 'n_units_l6': 3584, 'n_units_l7': 1888, 'n_units_l8': 2112, 'n_units_l9': 1024, 'n_units_l10': 1344, 'n_units_l11': 2432, 'lr': 0.0002955916447643619}. Best is trial 26 with value: 97.91554260253906.
[I 2025-03-21 23:29:29,094] Trial 30 pruned. 
[I 2025-03-21 23:29:29,186] Trial 26 finished with value: 51.00945559530163 and parameters: {'n_units_l0': 608, 'n_units_l1': 1984, 'lr': 0.05383775340194347}. Best is trial 21 with value: 49.065635364317025.
[I 2025-03-21 23:29:29,222] Trial 27 pruned. 
[I 2025-03-21 23:29:29,250] Trial 28 pruned. 
[I 2025-03-21 23:29:29,374] Trial 29 pruned. 
[I 2025-03-21 23:29:29,404] Trial 30 pruned. 
[I 2025-03-21 23:29:29,430] Trial 31 pruned. 
[I 2025-03-21 23:29:29,572] Trial 32 pruned. 
[I 2025-03-21 23:29:29,601] Trial 33 pruned. 
[I 2025-03-21 23:29:29,632] Trial 34 pruned. 
[I 2025-03-21 23:29:29,672] Trial 35 pruned. 
[I 2025-03-21 23:29:29,710] Trial 36 pruned. 
[I 2025-03-21 23:29:29,722] Trial 31 pruned. 
[I 2025-03-21 23:29:29,768] Trial 37 pruned. 
[I 2025-03-21 23:29:29,806] Trial 38 pruned. 
[I 2025-03-21 23:29:29,854] Trial 39 pruned. 
[I 2025-03-21 23:29:29,911] Trial 40 pruned. 
[I 2025-03-21 23:29:31,203] Trial 41 finished with value: 48.912801862951135 and parameters: {'n_units_l0': 160, 'n_units_l1': 2080, 'lr': 0.03466526509244931}. Best is trial 41 with value: 48.912801862951135.
[I 2025-03-21 23:29:31,233] Trial 42 pruned. 
[I 2025-03-21 23:29:31,260] Trial 43 pruned. 
[I 2025-03-21 23:29:31,465] Trial 44 pruned. 
[I 2025-03-21 23:29:31,506] Trial 45 pruned. 
[I 2025-03-21 23:29:31,543] Trial 46 pruned. 
[I 2025-03-21 23:29:31,582] Trial 47 pruned. 
[I 2025-03-21 23:29:31,613] Trial 48 pruned. 
[I 2025-03-21 23:29:31,648] Trial 49 pruned. 
[I 2025-03-21 23:29:31,682] Trial 50 pruned. 
[I 2025-03-21 23:29:31,854] Trial 51 pruned. 
[I 2025-03-21 23:29:31,880] Trial 52 pruned. 
[I 2025-03-21 23:29:33,069] Trial 53 finished with value: 52.052233065481595 and parameters: {'n_units_l0': 128, 'n_units_l1': 2080, 'lr': 0.04530631526005708}. Best is trial 41 with value: 48.912801862951135.
[I 2025-03-21 23:29:33,096] Trial 54 pruned. 
[I 2025-03-21 23:29:33,126] Trial 55 pruned. 
[I 2025-03-21 23:29:33,164] Trial 56 pruned. 
[I 2025-03-21 23:29:33,194] Trial 57 pruned. 
[I 2025-03-21 23:29:33,237] Trial 58 pruned. 
[I 2025-03-21 23:29:33,299] Trial 59 pruned. 
[I 2025-03-21 23:29:33,354] Trial 32 finished with value: 107.16443634033203 and parameters: {'n_units_l0': 1408, 'n_units_l1': 2400, 'n_units_l2': 3680, 'n_units_l3': 128, 'n_units_l4': 1408, 'n_units_l5': 3648, 'n_units_l6': 4032, 'n_units_l7': 2272, 'n_units_l8': 2144, 'n_units_l9': 2176, 'n_units_l10': 1792, 'n_units_l11': 2912, 'lr': 0.0012598399894804125}. Best is trial 26 with value: 97.91554260253906.
[I 2025-03-21 23:29:33,372] Trial 60 pruned. 
[I 2025-03-21 23:29:33,719] Trial 33 pruned. 
[I 2025-03-21 23:29:34,054] Trial 34 pruned. 
[I 2025-03-21 23:29:34,666] Trial 61 finished with value: 50.3548584998248 and parameters: {'n_units_l0': 128, 'n_units_l1': 2176, 'lr': 0.029830726228067483}. Best is trial 41 with value: 48.912801862951135.
[I 2025-03-21 23:29:34,695] Trial 62 pruned. 
[I 2025-03-21 23:29:34,733] Trial 63 pruned. 
[I 2025-03-21 23:29:34,766] Trial 64 pruned. 
[I 2025-03-21 23:29:34,830] Trial 65 pruned. 
[I 2025-03-21 23:29:34,858] Trial 66 pruned. 
[I 2025-03-21 23:29:34,915] Trial 35 pruned. 
[I 2025-03-21 23:29:35,098] Trial 67 pruned. 
[I 2025-03-21 23:29:35,142] Trial 68 pruned. 
[I 2025-03-21 23:29:35,171] Trial 69 pruned. 
[I 2025-03-21 23:29:35,205] Trial 70 pruned. 
[I 2025-03-21 23:29:35,444] Trial 71 pruned. 
[I 2025-03-21 23:29:35,611] Trial 72 pruned. 
[I 2025-03-21 23:29:35,640] Trial 73 pruned. 
[I 2025-03-21 23:29:35,668] Trial 74 pruned. 
[I 2025-03-21 23:29:35,703] Trial 75 pruned. 
[I 2025-03-21 23:29:36,893] Trial 76 finished with value: 49.77088362988444 and parameters: {'n_units_l0': 32, 'n_units_l1': 2048, 'lr': 0.02911586462428632}. Best is trial 41 with value: 48.912801862951135.
[I 2025-03-21 23:29:36,936] Trial 77 pruned. 
[I 2025-03-21 23:29:36,975] Trial 78 pruned. 
[I 2025-03-21 23:29:37,012] Trial 79 pruned. 
[I 2025-03-21 23:29:37,049] Trial 80 pruned. 
[I 2025-03-21 23:29:37,149] Trial 81 pruned. 
[I 2025-03-21 23:29:37,176] Trial 82 pruned. 
[I 2025-03-21 23:29:37,228] Trial 83 pruned. 
[I 2025-03-21 23:29:37,278] Trial 84 pruned. 
[I 2025-03-21 23:29:37,311] Trial 85 pruned. 
[I 2025-03-21 23:29:37,341] Trial 86 pruned. 
[I 2025-03-21 23:29:37,391] Trial 87 pruned. 
[I 2025-03-21 23:29:38,699] Trial 88 finished with value: 49.653452749664204 and parameters: {'n_units_l0': 32, 'n_units_l1': 2592, 'lr': 0.03421420496439383}. Best is trial 41 with value: 48.912801862951135.
[I 2025-03-21 23:29:38,732] Trial 89 pruned. 
[I 2025-03-21 23:29:38,782] Trial 90 pruned. 
[I 2025-03-21 23:29:38,810] Trial 91 pruned. 
[I 2025-03-21 23:29:38,839] Trial 92 pruned. 
[I 2025-03-21 23:29:38,878] Trial 93 pruned. 
[I 2025-03-21 23:29:39,003] Trial 94 pruned. 
[I 2025-03-21 23:29:39,020] Trial 36 finished with value: 97.5465316772461 and parameters: {'n_units_l0': 1536, 'n_units_l1': 1856, 'n_units_l2': 3456, 'n_units_l3': 448, 'n_units_l4': 1376, 'n_units_l5': 3776, 'n_units_l6': 3552, 'n_units_l7': 2432, 'n_units_l8': 2016, 'n_units_l9': 3200, 'n_units_l10': 3008, 'n_units_l11': 2400, 'lr': 8.204824294158778e-05}. Best is trial 36 with value: 97.5465316772461.
[I 2025-03-21 23:29:39,041] Trial 95 pruned. 
[I 2025-03-21 23:29:39,068] Trial 96 pruned. 
[I 2025-03-21 23:29:39,099] Trial 97 pruned. 
[I 2025-03-21 23:29:39,223] Trial 98 pruned. 
[I 2025-03-21 23:29:39,261] Trial 99 pruned. 
[I 2025-03-21 23:29:39,271] A new study created in memory with name: no-name-0c6ccedc-eca5-47f7-9ceb-510d69257c9d
[I 2025-03-21 23:29:39,376] Trial 37 pruned. 
[I 2025-03-21 23:29:39,778] Trial 38 pruned. 
[I 2025-03-21 23:29:40,109] Trial 39 pruned. 
[I 2025-03-21 23:29:40,452] Trial 40 pruned. 
[I 2025-03-21 23:29:40,575] Trial 0 finished with value: 92.22277236688332 and parameters: {'n_units_l0': 1472, 'n_units_l1': 2784, 'n_units_l2': 1664, 'lr': 0.07538740973579844}. Best is trial 0 with value: 92.22277236688332.
[I 2025-03-21 23:29:41,970] Trial 1 finished with value: 138.17845884229317 and parameters: {'n_units_l0': 3552, 'n_units_l1': 2464, 'n_units_l2': 96, 'lr': 0.08322063848932093}. Best is trial 0 with value: 92.22277236688332.
[I 2025-03-21 23:29:43,276] Trial 2 finished with value: 97.75539983530514 and parameters: {'n_units_l0': 960, 'n_units_l1': 3584, 'n_units_l2': 1472, 'lr': 0.0820535943178253}. Best is trial 0 with value: 92.22277236688332.
[I 2025-03-21 23:29:44,523] Trial 41 finished with value: 97.11416625976562 and parameters: {'n_units_l0': 1408, 'n_units_l1': 3136, 'n_units_l2': 3616, 'n_units_l3': 192, 'n_units_l4': 1408, 'n_units_l5': 3648, 'n_units_l6': 3968, 'n_units_l7': 2272, 'n_units_l8': 2016, 'n_units_l9': 2240, 'n_units_l10': 2848, 'n_units_l11': 2720, 'lr': 0.0003520065434906717}. Best is trial 41 with value: 97.11416625976562.
[I 2025-03-21 23:29:44,532] Trial 3 finished with value: 45.557881939997436 and parameters: {'n_units_l0': 1344, 'n_units_l1': 288, 'n_units_l2': 3808, 'lr': 0.06264913257291334}. Best is trial 3 with value: 45.557881939997436.
[I 2025-03-21 23:29:45,073] Trial 42 pruned. 
[I 2025-03-21 23:29:45,575] Trial 43 pruned. 
[I 2025-03-21 23:29:45,892] Trial 4 finished with value: 125.78323284211706 and parameters: {'n_units_l0': 512, 'n_units_l1': 416, 'n_units_l2': 3424, 'lr': 0.07013581925210857}. Best is trial 3 with value: 45.557881939997436.
[I 2025-03-21 23:29:46,234] Trial 44 pruned. 
[I 2025-03-21 23:29:47,194] Trial 5 finished with value: 36.947116163910415 and parameters: {'n_units_l0': 128, 'n_units_l1': 3936, 'n_units_l2': 1504, 'lr': 0.045477356379266136}. Best is trial 5 with value: 36.947116163910415.
[I 2025-03-21 23:29:48,777] Trial 6 finished with value: 81.04866192927126 and parameters: {'n_units_l0': 1696, 'n_units_l1': 3104, 'n_units_l2': 3584, 'lr': 0.0019522538586310232}. Best is trial 5 with value: 36.947116163910415.
[I 2025-03-21 23:29:49,608] Trial 45 finished with value: 97.26039123535156 and parameters: {'n_units_l0': 1312, 'n_units_l1': 1920, 'n_units_l2': 2560, 'n_units_l3': 192, 'n_units_l4': 2304, 'n_units_l5': 4096, 'n_units_l6': 3424, 'n_units_l7': 1216, 'n_units_l8': 1504, 'n_units_l9': 2368, 'n_units_l10': 2816, 'n_units_l11': 2880, 'lr': 0.005155694638660488}. Best is trial 41 with value: 97.11416625976562.
[I 2025-03-21 23:29:50,011] Trial 46 pruned. 
[I 2025-03-21 23:29:50,049] Trial 7 finished with value: 52.371543859262935 and parameters: {'n_units_l0': 1824, 'n_units_l1': 128, 'n_units_l2': 736, 'lr': 0.015523633625811039}. Best is trial 5 with value: 36.947116163910415.
[I 2025-03-21 23:29:50,082] Trial 8 pruned. 
[I 2025-03-21 23:29:50,210] Trial 9 pruned. 
[I 2025-03-21 23:29:50,395] Trial 47 pruned. 
[I 2025-03-21 23:29:51,517] Trial 10 finished with value: 55.44812356917585 and parameters: {'n_units_l0': 256, 'n_units_l1': 1600, 'n_units_l2': 2720, 'lr': 0.030948831366858016}. Best is trial 5 with value: 36.947116163910415.
[I 2025-03-21 23:29:52,938] Trial 11 finished with value: 52.050132426277536 and parameters: {'n_units_l0': 64, 'n_units_l1': 1504, 'n_units_l2': 2528, 'lr': 0.04317141169491573}. Best is trial 5 with value: 36.947116163910415.
[I 2025-03-21 23:29:53,050] Trial 12 pruned. 
[I 2025-03-21 23:29:53,090] Trial 13 pruned. 
[I 2025-03-21 23:29:53,133] Trial 14 pruned. 
[I 2025-03-21 23:29:53,201] Trial 15 pruned. 
[I 2025-03-21 23:29:53,271] Trial 16 pruned. 
[I 2025-03-21 23:29:53,344] Trial 17 pruned. 
[I 2025-03-21 23:29:53,386] Trial 18 pruned. 
[I 2025-03-21 23:29:53,431] Trial 19 pruned. 
[I 2025-03-21 23:29:53,535] Trial 20 pruned. 
[I 2025-03-21 23:29:53,581] Trial 21 pruned. 
[I 2025-03-21 23:29:53,631] Trial 22 pruned. 
[I 2025-03-21 23:29:53,684] Trial 23 pruned. 
[I 2025-03-21 23:29:53,779] Trial 24 pruned. 
[I 2025-03-21 23:29:54,731] Trial 48 finished with value: 97.7602310180664 and parameters: {'n_units_l0': 1600, 'n_units_l1': 1536, 'n_units_l2': 3520, 'n_units_l3': 672, 'n_units_l4': 2176, 'n_units_l5': 3936, 'n_units_l6': 3680, 'n_units_l7': 2976, 'n_units_l8': 2528, 'n_units_l9': 2368, 'n_units_l10': 2336, 'n_units_l11': 3200, 'lr': 0.0005601656139584364}. Best is trial 41 with value: 97.11416625976562.
[I 2025-03-21 23:29:55,085] Trial 25 finished with value: 42.26529402185659 and parameters: {'n_units_l0': 32, 'n_units_l1': 1792, 'n_units_l2': 1024, 'lr': 0.04104344070342387}. Best is trial 5 with value: 36.947116163910415.
[I 2025-03-21 23:29:55,137] Trial 26 pruned. 
[I 2025-03-21 23:29:55,184] Trial 49 pruned. 
[I 2025-03-21 23:29:55,192] Trial 27 pruned. 
[I 2025-03-21 23:29:55,295] Trial 28 pruned. 
[I 2025-03-21 23:29:55,341] Trial 29 pruned. 
[I 2025-03-21 23:29:55,396] Trial 30 pruned. 
[I 2025-03-21 23:29:55,589] Trial 50 pruned. 
[I 2025-03-21 23:29:56,797] Trial 31 finished with value: 59.72935200675589 and parameters: {'n_units_l0': 32, 'n_units_l1': 1088, 'n_units_l2': 544, 'lr': 0.04180958779139753}. Best is trial 5 with value: 36.947116163910415.
[I 2025-03-21 23:29:56,847] Trial 32 pruned. 
[I 2025-03-21 23:29:56,951] Trial 33 pruned. 
[I 2025-03-21 23:29:57,006] Trial 34 pruned. 
[I 2025-03-21 23:29:57,519] Trial 35 pruned. 
[I 2025-03-21 23:29:57,603] Trial 36 pruned. 
[I 2025-03-21 23:29:57,654] Trial 37 pruned. 
[I 2025-03-21 23:29:57,704] Trial 38 pruned. 
[I 2025-03-21 23:29:57,788] Trial 39 pruned. 
[I 2025-03-21 23:29:59,080] Trial 40 finished with value: 55.151627137231046 and parameters: {'n_units_l0': 512, 'n_units_l1': 256, 'n_units_l2': 3424, 'lr': 0.008817803716382001}. Best is trial 5 with value: 36.947116163910415.
[I 2025-03-21 23:29:59,592] Trial 41 pruned. 
[I 2025-03-21 23:29:59,666] Trial 42 pruned. 
[I 2025-03-21 23:29:59,701] Trial 43 pruned. 
[I 2025-03-21 23:29:59,747] Trial 44 pruned. 
[I 2025-03-21 23:29:59,837] Trial 51 finished with value: 97.28138732910156 and parameters: {'n_units_l0': 1632, 'n_units_l1': 1952, 'n_units_l2': 3264, 'n_units_l3': 640, 'n_units_l4': 2720, 'n_units_l5': 3936, 'n_units_l6': 3520, 'n_units_l7': 2592, 'n_units_l8': 2144, 'n_units_l9': 2848, 'n_units_l10': 2368, 'n_units_l11': 2592, 'lr': 4.565662864537447e-05}. Best is trial 41 with value: 97.11416625976562.
[I 2025-03-21 23:29:59,850] Trial 45 pruned. 
[I 2025-03-21 23:30:00,234] Trial 46 pruned. 
[I 2025-03-21 23:30:00,272] Trial 47 pruned. 
[I 2025-03-21 23:30:00,332] Trial 48 pruned. 
[I 2025-03-21 23:30:00,372] Trial 49 pruned. 
[I 2025-03-21 23:30:00,434] Trial 50 pruned. 
[I 2025-03-21 23:30:00,522] Trial 51 pruned. 
[I 2025-03-21 23:30:00,617] Trial 52 pruned. 
[I 2025-03-21 23:30:00,848] Trial 53 pruned. 
[I 2025-03-21 23:30:00,950] Trial 52 pruned. 
[I 2025-03-21 23:30:01,051] Trial 54 pruned. 
[I 2025-03-21 23:30:01,113] Trial 55 pruned. 
[I 2025-03-21 23:30:01,183] Trial 56 pruned. 
[I 2025-03-21 23:30:01,967] Trial 53 pruned. 
[I 2025-03-21 23:30:02,329] Trial 54 pruned. 
[I 2025-03-21 23:30:02,485] Trial 57 finished with value: 40.55606225435851 and parameters: {'n_units_l0': 160, 'n_units_l1': 576, 'n_units_l2': 1376, 'lr': 0.031096628333898167}. Best is trial 5 with value: 36.947116163910415.
[I 2025-03-21 23:30:03,884] Trial 58 finished with value: 44.987043074310805 and parameters: {'n_units_l0': 192, 'n_units_l1': 768, 'n_units_l2': 992, 'lr': 0.03757033009908714}. Best is trial 5 with value: 36.947116163910415.
[I 2025-03-21 23:30:05,188] Trial 59 finished with value: 41.05600280761719 and parameters: {'n_units_l0': 160, 'n_units_l1': 768, 'n_units_l2': 1344, 'lr': 0.03786779720697695}. Best is trial 5 with value: 36.947116163910415.
[I 2025-03-21 23:30:05,224] Trial 60 pruned. 
[I 2025-03-21 23:30:06,526] Trial 61 finished with value: 41.55887846399526 and parameters: {'n_units_l0': 128, 'n_units_l1': 544, 'n_units_l2': 1056, 'lr': 0.030093320502304483}. Best is trial 5 with value: 36.947116163910415.
[I 2025-03-21 23:30:06,560] Trial 62 pruned. 
[I 2025-03-21 23:30:06,697] Trial 55 finished with value: 96.16648864746094 and parameters: {'n_units_l0': 704, 'n_units_l1': 1248, 'n_units_l2': 2624, 'n_units_l3': 416, 'n_units_l4': 3264, 'n_units_l5': 3552, 'n_units_l6': 3456, 'n_units_l7': 3488, 'n_units_l8': 2496, 'n_units_l9': 2976, 'n_units_l10': 2208, 'n_units_l11': 3904, 'lr': 0.00047942739321211986}. Best is trial 55 with value: 96.16648864746094.
[I 2025-03-21 23:30:07,118] Trial 56 pruned. 
[I 2025-03-21 23:30:07,609] Trial 57 pruned. 
[I 2025-03-21 23:30:07,966] Trial 63 finished with value: 40.364010920290085 and parameters: {'n_units_l0': 32, 'n_units_l1': 480, 'n_units_l2': 1056, 'lr': 0.03844662135155366}. Best is trial 5 with value: 36.947116163910415.
[I 2025-03-21 23:30:08,011] Trial 58 pruned. 
[I 2025-03-21 23:30:09,265] Trial 64 finished with value: 39.39917800152888 and parameters: {'n_units_l0': 160, 'n_units_l1': 1184, 'n_units_l2': 1120, 'lr': 0.03822314093267794}. Best is trial 5 with value: 36.947116163910415.
[I 2025-03-21 23:30:09,298] Trial 65 pruned. 
[I 2025-03-21 23:30:09,338] Trial 66 pruned. 
[I 2025-03-21 23:30:09,374] Trial 67 pruned. 
[I 2025-03-21 23:30:09,715] Trial 59 pruned. 
[I 2025-03-21 23:30:09,744] Trial 68 pruned. 
[I 2025-03-21 23:30:09,780] Trial 69 pruned. 
[I 2025-03-21 23:30:09,823] Trial 70 pruned. 
[I 2025-03-21 23:30:09,895] Trial 71 pruned. 
[I 2025-03-21 23:30:09,955] Trial 72 pruned. 
[I 2025-03-21 23:30:09,991] Trial 73 pruned. 
[I 2025-03-21 23:30:10,149] Trial 60 pruned. 
[I 2025-03-21 23:30:11,396] Trial 74 finished with value: 47.613805151767416 and parameters: {'n_units_l0': 32, 'n_units_l1': 672, 'n_units_l2': 1248, 'lr': 0.04564445973278104}. Best is trial 5 with value: 36.947116163910415.
[I 2025-03-21 23:30:11,449] Trial 75 pruned. 
[I 2025-03-21 23:30:11,485] Trial 76 pruned. 
[I 2025-03-21 23:30:11,546] Trial 77 pruned. 
[I 2025-03-21 23:30:11,609] Trial 78 pruned. 
[I 2025-03-21 23:30:11,644] Trial 79 pruned. 
[I 2025-03-21 23:30:11,868] Trial 80 pruned. 
[I 2025-03-21 23:30:11,904] Trial 81 pruned. 
[I 2025-03-21 23:30:11,938] Trial 82 pruned. 
[I 2025-03-21 23:30:11,973] Trial 83 pruned. 
[I 2025-03-21 23:30:12,009] Trial 84 pruned. 
[I 2025-03-21 23:30:12,059] Trial 85 pruned. 
[I 2025-03-21 23:30:12,099] Trial 86 pruned. 
[I 2025-03-21 23:30:12,140] Trial 87 pruned. 
[I 2025-03-21 23:30:12,199] Trial 88 pruned. 
[I 2025-03-21 23:30:12,246] Trial 89 pruned. 
[I 2025-03-21 23:30:12,292] Trial 90 pruned. 
[I 2025-03-21 23:30:12,328] Trial 91 pruned. 
[I 2025-03-21 23:30:12,364] Trial 92 pruned. 
[I 2025-03-21 23:30:12,402] Trial 93 pruned. 
[I 2025-03-21 23:30:12,465] Trial 94 pruned. 
[I 2025-03-21 23:30:12,518] Trial 95 pruned. 
[I 2025-03-21 23:30:12,558] Trial 96 pruned. 
[I 2025-03-21 23:30:12,606] Trial 97 pruned. 
[I 2025-03-21 23:30:12,643] Trial 98 pruned. 
[I 2025-03-21 23:30:12,699] Trial 99 pruned. 
[I 2025-03-21 23:30:12,709] A new study created in memory with name: no-name-680460fa-85ee-4a9e-9e0f-aa5ce24eea4b
[I 2025-03-21 23:30:14,070] Trial 0 finished with value: 88.6510226221737 and parameters: {'n_units_l0': 1408, 'n_units_l1': 864, 'n_units_l2': 96, 'n_units_l3': 3840, 'lr': 0.07803364499447454}. Best is trial 0 with value: 88.6510226221737.
[I 2025-03-21 23:30:14,442] Trial 61 finished with value: 97.55949401855469 and parameters: {'n_units_l0': 832, 'n_units_l1': 1024, 'n_units_l2': 3520, 'n_units_l3': 224, 'n_units_l4': 2144, 'n_units_l5': 3936, 'n_units_l6': 3328, 'n_units_l7': 3136, 'n_units_l8': 2496, 'n_units_l9': 2944, 'n_units_l10': 3008, 'n_units_l11': 2912, 'lr': 0.00017984403919744734}. Best is trial 55 with value: 96.16648864746094.
[I 2025-03-21 23:30:15,549] Trial 1 finished with value: 135.576374687667 and parameters: {'n_units_l0': 1280, 'n_units_l1': 224, 'n_units_l2': 2752, 'n_units_l3': 2080, 'lr': 0.07806980006637235}. Best is trial 0 with value: 88.6510226221737.
[I 2025-03-21 23:30:16,297] Trial 62 pruned. 
[I 2025-03-21 23:30:16,956] Trial 2 finished with value: 93.88716331755299 and parameters: {'n_units_l0': 1024, 'n_units_l1': 1984, 'n_units_l2': 1856, 'n_units_l3': 3808, 'lr': 0.09454306869928776}. Best is trial 0 with value: 88.6510226221737.
[I 2025-03-21 23:30:18,333] Trial 3 finished with value: 122.76796548451973 and parameters: {'n_units_l0': 2688, 'n_units_l1': 3040, 'n_units_l2': 32, 'n_units_l3': 2592, 'lr': 0.01837703944471436}. Best is trial 0 with value: 88.6510226221737.
[I 2025-03-21 23:30:19,816] Trial 4 finished with value: 88.48670149315451 and parameters: {'n_units_l0': 3712, 'n_units_l1': 960, 'n_units_l2': 1792, 'n_units_l3': 320, 'lr': 0.0540718763791501}. Best is trial 4 with value: 88.48670149315451.
[I 2025-03-21 23:30:19,893] Trial 5 pruned. 
[I 2025-03-21 23:30:20,122] Trial 6 pruned. 
[I 2025-03-21 23:30:20,251] Trial 7 pruned. 
[I 2025-03-21 23:30:20,318] Trial 8 pruned. 
[I 2025-03-21 23:30:20,385] Trial 9 pruned. 
[I 2025-03-21 23:30:20,452] Trial 10 pruned. 
[I 2025-03-21 23:30:20,542] Trial 63 finished with value: 97.3409423828125 and parameters: {'n_units_l0': 896, 'n_units_l1': 576, 'n_units_l2': 3520, 'n_units_l3': 480, 'n_units_l4': 2112, 'n_units_l5': 3744, 'n_units_l6': 3712, 'n_units_l7': 3616, 'n_units_l8': 2240, 'n_units_l9': 2912, 'n_units_l10': 2752, 'n_units_l11': 2880, 'lr': 5.658438867853655e-05}. Best is trial 55 with value: 96.16648864746094.
[I 2025-03-21 23:30:20,964] Trial 64 pruned. 
[I 2025-03-21 23:30:21,405] Trial 65 pruned. 
[I 2025-03-21 23:30:21,849] Trial 11 finished with value: 47.72856146349581 and parameters: {'n_units_l0': 96, 'n_units_l1': 832, 'n_units_l2': 864, 'n_units_l3': 2784, 'lr': 0.06286270897846867}. Best is trial 11 with value: 47.72856146349581.
[I 2025-03-21 23:30:21,898] Trial 12 pruned. 
[I 2025-03-21 23:30:23,457] Trial 13 finished with value: 49.72643589429824 and parameters: {'n_units_l0': 288, 'n_units_l1': 1440, 'n_units_l2': 4096, 'n_units_l3': 1440, 'lr': 0.03062127065286807}. Best is trial 11 with value: 47.72856146349581.
[I 2025-03-21 23:30:24,940] Trial 14 finished with value: 85.48014908582458 and parameters: {'n_units_l0': 32, 'n_units_l1': 2784, 'n_units_l2': 3648, 'n_units_l3': 1440, 'lr': 0.024968526862384578}. Best is trial 11 with value: 47.72856146349581.
[I 2025-03-21 23:30:25,013] Trial 66 finished with value: 129.84503173828125 and parameters: {'n_units_l0': 1056, 'n_units_l1': 192, 'n_units_l2': 1888, 'n_units_l3': 480, 'n_units_l4': 1792, 'n_units_l5': 3680, 'n_units_l6': 3168, 'n_units_l7': 3904, 'n_units_l8': 2176, 'n_units_l9': 2816, 'n_units_l10': 2560, 'n_units_l11': 2080, 'lr': 0.0036012156764464614}. Best is trial 55 with value: 96.16648864746094.
[I 2025-03-21 23:30:25,467] Trial 67 pruned. 
[I 2025-03-21 23:30:25,949] Trial 68 pruned. 
[I 2025-03-21 23:30:26,467] Trial 15 finished with value: 90.43527711253213 and parameters: {'n_units_l0': 416, 'n_units_l1': 1568, 'n_units_l2': 2656, 'n_units_l3': 1760, 'lr': 0.0010253467507657238}. Best is trial 11 with value: 47.72856146349581.
[I 2025-03-21 23:30:26,628] Trial 16 pruned. 
[I 2025-03-21 23:30:26,681] Trial 17 pruned. 
[I 2025-03-21 23:30:26,742] Trial 18 pruned. 
