[I 2025-03-21 23:40:57,406] Trial 32 finished with value: 42.51390324468198 and parameters: {'n_units_l0': 2688, 'n_units_l1': 3264, 'n_units_l2': 2208, 'n_units_l3': 1568, 'n_units_l4': 416, 'n_units_l5': 2720, 'n_units_l6': 1824, 'n_units_l7': 3872, 'lr': 0.006156144892130589}. Best is trial 12 with value: 38.37236628719985.
[I 2025-03-21 23:40:57,616] Trial 33 pruned. 
[I 2025-03-21 23:40:57,645] Trial 28 pruned. 
[I 2025-03-21 23:40:57,762] Trial 29 pruned. 
[I 2025-03-21 23:40:57,800] Trial 34 pruned. 
[I 2025-03-21 23:40:57,952] Trial 35 pruned. 
[I 2025-03-21 23:40:57,985] Trial 30 pruned. 
[I 2025-03-21 23:40:58,129] Trial 36 pruned. 
[I 2025-03-21 23:40:58,154] Trial 31 pruned. 
[I 2025-03-21 23:40:58,314] Trial 32 pruned. 
[I 2025-03-21 23:40:58,328] Trial 37 pruned. 
[I 2025-03-21 23:40:58,541] Trial 33 pruned. 
[I 2025-03-21 23:40:58,615] Trial 38 pruned. 
[I 2025-03-21 23:40:58,760] Trial 34 pruned. 
[I 2025-03-21 23:40:58,836] Trial 39 pruned. 
[I 2025-03-21 23:40:58,919] Trial 40 pruned. 
[I 2025-03-21 23:40:58,946] Trial 35 pruned. 
[I 2025-03-21 23:41:02,930] Trial 36 finished with value: 124.95879169724743 and parameters: {'n_units_l0': 704, 'n_units_l1': 1344, 'n_units_l2': 3104, 'n_units_l3': 2880, 'n_units_l4': 192, 'n_units_l5': 320, 'n_units_l6': 32, 'n_units_l7': 3840, 'n_units_l8': 2368, 'lr': 0.04068068147465097}. Best is trial 10 with value: 89.82378646503078.
[I 2025-03-21 23:41:03,090] Trial 37 pruned. 
[I 2025-03-21 23:41:03,280] Trial 38 pruned. 
[I 2025-03-21 23:41:04,923] Trial 41 finished with value: 57.897448908961834 and parameters: {'n_units_l0': 3040, 'n_units_l1': 3904, 'n_units_l2': 1984, 'n_units_l3': 1344, 'n_units_l4': 1152, 'n_units_l5': 2592, 'n_units_l6': 1984, 'n_units_l7': 3936, 'lr': 0.0006378328514570708}. Best is trial 12 with value: 38.37236628719985.
[I 2025-03-21 23:41:05,163] Trial 42 pruned. 
[I 2025-03-21 23:41:05,574] Trial 43 pruned. 
[I 2025-03-21 23:41:05,852] Trial 44 pruned. 
[I 2025-03-21 23:41:06,170] Trial 45 pruned. 
[I 2025-03-21 23:41:06,189] Trial 39 finished with value: 117.64768501739817 and parameters: {'n_units_l0': 608, 'n_units_l1': 288, 'n_units_l2': 1280, 'n_units_l3': 1920, 'n_units_l4': 288, 'n_units_l5': 672, 'n_units_l6': 384, 'n_units_l7': 1184, 'n_units_l8': 3424, 'lr': 0.0003330594549834781}. Best is trial 10 with value: 89.82378646503078.
[I 2025-03-21 23:41:06,441] Trial 46 pruned. 
[I 2025-03-21 23:41:06,986] Trial 47 pruned. 
[I 2025-03-21 23:41:09,114] Trial 40 finished with value: 40.9682199624261 and parameters: {'n_units_l0': 544, 'n_units_l1': 288, 'n_units_l2': 1280, 'n_units_l3': 1376, 'n_units_l4': 256, 'n_units_l5': 832, 'n_units_l6': 1216, 'n_units_l7': 1056, 'n_units_l8': 3616, 'lr': 0.002259031030877442}. Best is trial 40 with value: 40.9682199624261.
[I 2025-03-21 23:41:09,354] Trial 41 pruned. 
[I 2025-03-21 23:41:09,576] Trial 42 pruned. 
[I 2025-03-21 23:41:12,385] Trial 48 pruned. 
[I 2025-03-21 23:41:12,402] Trial 43 finished with value: 89.13751287045686 and parameters: {'n_units_l0': 768, 'n_units_l1': 256, 'n_units_l2': 1344, 'n_units_l3': 960, 'n_units_l4': 512, 'n_units_l5': 1472, 'n_units_l6': 416, 'n_units_l7': 864, 'n_units_l8': 3808, 'lr': 0.0003033357741046529}. Best is trial 40 with value: 40.9682199624261.
[I 2025-03-21 23:41:12,565] Trial 44 pruned. 
[I 2025-03-21 23:41:12,658] Trial 49 pruned. 
[I 2025-03-21 23:41:12,668] Trial 45 pruned. 
[I 2025-03-21 23:41:12,869] Trial 50 pruned. 
[I 2025-03-21 23:41:13,230] Trial 51 pruned. 
[I 2025-03-21 23:41:15,632] Trial 46 finished with value: 124.763052124908 and parameters: {'n_units_l0': 352, 'n_units_l1': 32, 'n_units_l2': 1632, 'n_units_l3': 1472, 'n_units_l4': 224, 'n_units_l5': 736, 'n_units_l6': 1376, 'n_units_l7': 1568, 'n_units_l8': 3808, 'lr': 0.005670477560238054}. Best is trial 40 with value: 40.9682199624261.
[I 2025-03-21 23:41:15,763] Trial 47 pruned. 
[I 2025-03-21 23:41:15,918] Trial 48 pruned. 
[I 2025-03-21 23:41:18,267] Trial 52 finished with value: 38.46781121327023 and parameters: {'n_units_l0': 2656, 'n_units_l1': 3200, 'n_units_l2': 1664, 'n_units_l3': 1792, 'n_units_l4': 160, 'n_units_l5': 3936, 'n_units_l6': 1856, 'n_units_l7': 3616, 'lr': 0.001388881064007893}. Best is trial 12 with value: 38.37236628719985.
[I 2025-03-21 23:41:18,663] Trial 53 pruned. 
[I 2025-03-21 23:41:18,853] Trial 49 finished with value: 48.75629849167344 and parameters: {'n_units_l0': 928, 'n_units_l1': 608, 'n_units_l2': 1856, 'n_units_l3': 1760, 'n_units_l4': 224, 'n_units_l5': 160, 'n_units_l6': 1184, 'n_units_l7': 1088, 'n_units_l8': 3392, 'lr': 0.00036744251805823167}. Best is trial 40 with value: 40.9682199624261.
[I 2025-03-21 23:41:18,919] Trial 54 pruned. 
[I 2025-03-21 23:41:19,003] Trial 50 pruned. 
[I 2025-03-21 23:41:21,828] Trial 51 finished with value: 40.710598189391455 and parameters: {'n_units_l0': 672, 'n_units_l1': 224, 'n_units_l2': 1504, 'n_units_l3': 1984, 'n_units_l4': 224, 'n_units_l5': 224, 'n_units_l6': 1408, 'n_units_l7': 1024, 'n_units_l8': 3808, 'lr': 0.0008015606419497102}. Best is trial 51 with value: 40.710598189391455.
[I 2025-03-21 23:41:21,929] Trial 52 pruned. 
[I 2025-03-21 23:41:23,087] Trial 55 pruned. 
[I 2025-03-21 23:41:23,322] Trial 56 pruned. 
[I 2025-03-21 23:41:23,676] Trial 57 pruned. 
[I 2025-03-21 23:41:23,951] Trial 58 pruned. 
[I 2025-03-21 23:41:24,140] Trial 59 pruned. 
[I 2025-03-21 23:41:24,439] Trial 60 pruned. 
[I 2025-03-21 23:41:24,656] Trial 61 pruned. 
[I 2025-03-21 23:41:24,891] Trial 53 finished with value: 45.46228519384412 and parameters: {'n_units_l0': 1152, 'n_units_l1': 576, 'n_units_l2': 1504, 'n_units_l3': 2272, 'n_units_l4': 224, 'n_units_l5': 544, 'n_units_l6': 1824, 'n_units_l7': 1120, 'n_units_l8': 3424, 'lr': 0.00045377291093898745}. Best is trial 51 with value: 40.710598189391455.
[I 2025-03-21 23:41:24,931] Trial 62 pruned. 
[I 2025-03-21 23:41:25,021] Trial 54 pruned. 
[I 2025-03-21 23:41:25,126] Trial 55 pruned. 
[I 2025-03-21 23:41:25,171] Trial 63 pruned. 
[I 2025-03-21 23:41:25,332] Trial 56 pruned. 
[I 2025-03-21 23:41:25,368] Trial 64 pruned. 
[I 2025-03-21 23:41:25,515] Trial 57 pruned. 
[I 2025-03-21 23:41:25,576] Trial 65 pruned. 
[I 2025-03-21 23:41:25,859] Trial 66 pruned. 
[I 2025-03-21 23:41:26,168] Trial 67 pruned. 
[I 2025-03-21 23:41:26,371] Trial 68 pruned. 
[I 2025-03-21 23:41:26,599] Trial 69 pruned. 
[I 2025-03-21 23:41:28,541] Trial 58 finished with value: 124.85718662743736 and parameters: {'n_units_l0': 864, 'n_units_l1': 192, 'n_units_l2': 1920, 'n_units_l3': 2112, 'n_units_l4': 1120, 'n_units_l5': 544, 'n_units_l6': 2432, 'n_units_l7': 1312, 'n_units_l8': 3712, 'lr': 0.0038283065717323412}. Best is trial 51 with value: 40.710598189391455.
[I 2025-03-21 23:41:28,691] Trial 59 pruned. 
[I 2025-03-21 23:41:28,842] Trial 60 pruned. 
[I 2025-03-21 23:41:28,972] Trial 61 pruned. 
[I 2025-03-21 23:41:29,114] Trial 62 pruned. 
[I 2025-03-21 23:41:29,271] Trial 63 pruned. 
[I 2025-03-21 23:41:30,358] Trial 70 finished with value: 38.80178950686879 and parameters: {'n_units_l0': 2528, 'n_units_l1': 4000, 'n_units_l2': 992, 'n_units_l3': 1952, 'n_units_l4': 224, 'n_units_l5': 2784, 'n_units_l6': 1440, 'n_units_l7': 608, 'lr': 0.004234576591274949}. Best is trial 12 with value: 38.37236628719985.
[I 2025-03-21 23:41:32,195] Trial 64 finished with value: 43.13126508345515 and parameters: {'n_units_l0': 1632, 'n_units_l1': 128, 'n_units_l2': 1248, 'n_units_l3': 864, 'n_units_l4': 288, 'n_units_l5': 128, 'n_units_l6': 1984, 'n_units_l7': 672, 'n_units_l8': 3744, 'lr': 0.000753621892055467}. Best is trial 51 with value: 40.710598189391455.
[I 2025-03-21 23:41:32,294] Trial 65 pruned. 
[I 2025-03-21 23:41:32,391] Trial 66 pruned. 
[I 2025-03-21 23:41:32,499] Trial 67 pruned. 
[I 2025-03-21 23:41:32,597] Trial 68 pruned. 
[I 2025-03-21 23:41:32,714] Trial 69 pruned. 
[I 2025-03-21 23:41:32,886] Trial 70 pruned. 
[I 2025-03-21 23:41:33,896] Trial 71 finished with value: 42.039044516427175 and parameters: {'n_units_l0': 2496, 'n_units_l1': 3968, 'n_units_l2': 800, 'n_units_l3': 1920, 'n_units_l4': 192, 'n_units_l5': 2688, 'n_units_l6': 1472, 'n_units_l7': 736, 'lr': 0.003942835517470342}. Best is trial 12 with value: 38.37236628719985.
[I 2025-03-21 23:41:34,125] Trial 72 pruned. 
[I 2025-03-21 23:41:34,409] Trial 73 pruned. 
[I 2025-03-21 23:41:34,549] Trial 74 pruned. 
[I 2025-03-21 23:41:34,739] Trial 75 pruned. 
[I 2025-03-21 23:41:34,930] Trial 76 pruned. 
[I 2025-03-21 23:41:35,098] Trial 77 pruned. 
[I 2025-03-21 23:41:35,227] Trial 78 pruned. 
[I 2025-03-21 23:41:35,399] Trial 79 pruned. 
[I 2025-03-21 23:41:35,800] Trial 71 finished with value: 89.58407813915308 and parameters: {'n_units_l0': 576, 'n_units_l1': 320, 'n_units_l2': 1248, 'n_units_l3': 2528, 'n_units_l4': 288, 'n_units_l5': 1216, 'n_units_l6': 608, 'n_units_l7': 832, 'n_units_l8': 3424, 'lr': 0.00038418255524816185}. Best is trial 51 with value: 40.710598189391455.
[I 2025-03-21 23:41:35,939] Trial 72 pruned. 
[I 2025-03-21 23:41:36,075] Trial 73 pruned. 
[I 2025-03-21 23:41:36,220] Trial 74 pruned. 
[I 2025-03-21 23:41:36,359] Trial 75 pruned. 
[I 2025-03-21 23:41:36,573] Trial 76 pruned. 
[I 2025-03-21 23:41:36,681] Trial 77 pruned. 
[I 2025-03-21 23:41:36,892] Trial 78 pruned. 
[I 2025-03-21 23:41:37,007] Trial 79 pruned. 
[I 2025-03-21 23:41:37,169] Trial 80 pruned. 
[I 2025-03-21 23:41:39,167] Trial 80 pruned. 
[I 2025-03-21 23:41:40,008] Trial 81 finished with value: 90.64950161888486 and parameters: {'n_units_l0': 608, 'n_units_l1': 320, 'n_units_l2': 1312, 'n_units_l3': 2112, 'n_units_l4': 320, 'n_units_l5': 576, 'n_units_l6': 512, 'n_units_l7': 1152, 'n_units_l8': 3424, 'lr': 0.0001065843371503241}. Best is trial 51 with value: 40.710598189391455.
[I 2025-03-21 23:41:40,154] Trial 82 pruned. 
[I 2025-03-21 23:41:40,301] Trial 83 pruned. 
[I 2025-03-21 23:41:40,412] Trial 84 pruned. 
[I 2025-03-21 23:41:40,520] Trial 85 pruned. 
[I 2025-03-21 23:41:40,627] Trial 86 pruned. 
[I 2025-03-21 23:41:40,751] Trial 87 pruned. 
[I 2025-03-21 23:41:40,992] Trial 88 pruned. 
[I 2025-03-21 23:41:41,116] Trial 89 pruned. 
[I 2025-03-21 23:41:41,264] Trial 90 pruned. 
[I 2025-03-21 23:41:41,380] Trial 91 pruned. 
[I 2025-03-21 23:41:41,493] Trial 92 pruned. 
[I 2025-03-21 23:41:41,611] Trial 93 pruned. 
[I 2025-03-21 23:41:41,757] Trial 94 pruned. 
[I 2025-03-21 23:41:41,884] Trial 95 pruned. 
[I 2025-03-21 23:41:42,013] Trial 96 pruned. 
[I 2025-03-21 23:41:42,167] Trial 97 pruned. 
[I 2025-03-21 23:41:42,309] Trial 98 pruned. 
[I 2025-03-21 23:41:42,454] Trial 99 pruned. 
[I 2025-03-21 23:41:42,465] A new study created in memory with name: no-name-3715dd99-c218-4d3c-8fa0-ef51db1b2844
[I 2025-03-21 23:41:42,693] Trial 81 pruned. 
[I 2025-03-21 23:41:42,891] Trial 82 pruned. 
[I 2025-03-21 23:41:43,214] Trial 83 pruned. 
[I 2025-03-21 23:41:43,474] Trial 84 pruned. 
[I 2025-03-21 23:41:43,806] Trial 85 pruned. 
[I 2025-03-21 23:41:44,047] Trial 86 pruned. 
[I 2025-03-21 23:41:44,304] Trial 87 pruned. 
[I 2025-03-21 23:41:44,545] Trial 88 pruned. 
[I 2025-03-21 23:41:44,828] Trial 89 pruned. 
[I 2025-03-21 23:41:44,995] Trial 90 pruned. 
[I 2025-03-21 23:41:45,454] Trial 91 pruned. 
[I 2025-03-21 23:41:47,830] Trial 0 finished with value: 124.29391741703263 and parameters: {'n_units_l0': 128, 'n_units_l1': 3904, 'n_units_l2': 4096, 'n_units_l3': 384, 'n_units_l4': 2848, 'n_units_l5': 3936, 'n_units_l6': 512, 'n_units_l7': 896, 'n_units_l8': 640, 'n_units_l9': 1472, 'lr': 0.016819784978977327}. Best is trial 0 with value: 124.29391741703263.
[I 2025-03-21 23:41:50,982] Trial 92 finished with value: 45.60819094324211 and parameters: {'n_units_l0': 3072, 'n_units_l1': 3744, 'n_units_l2': 1984, 'n_units_l3': 32, 'n_units_l4': 896, 'n_units_l5': 2752, 'n_units_l6': 2176, 'n_units_l7': 3872, 'lr': 0.0005000017511804525}. Best is trial 12 with value: 38.37236628719985.
[I 2025-03-21 23:41:51,284] Trial 93 pruned. 
[I 2025-03-21 23:41:51,589] Trial 94 pruned. 
[I 2025-03-21 23:41:51,910] Trial 95 pruned. 
[I 2025-03-21 23:41:52,194] Trial 96 pruned. 
[I 2025-03-21 23:41:52,446] Trial 97 pruned. 
[I 2025-03-21 23:41:52,591] Trial 98 pruned. 
[I 2025-03-21 23:41:52,836] Trial 1 finished with value: 141.79753131747987 and parameters: {'n_units_l0': 2368, 'n_units_l1': 864, 'n_units_l2': 3392, 'n_units_l3': 2912, 'n_units_l4': 1472, 'n_units_l5': 2368, 'n_units_l6': 640, 'n_units_l7': 3328, 'n_units_l8': 1280, 'n_units_l9': 160, 'lr': 0.02153565505167753}. Best is trial 0 with value: 124.29391741703263.
[I 2025-03-21 23:41:56,752] Trial 99 pruned. 
[I 2025-03-21 23:41:56,762] A new study created in memory with name: no-name-9e204b66-2bde-459a-8e66-4ac3ee4deec1
[I 2025-03-21 23:41:59,581] Trial 2 finished with value: 126.8132841058893 and parameters: {'n_units_l0': 1088, 'n_units_l1': 1312, 'n_units_l2': 3968, 'n_units_l3': 3456, 'n_units_l4': 1312, 'n_units_l5': 288, 'n_units_l6': 1184, 'n_units_l7': 2016, 'n_units_l8': 3072, 'n_units_l9': 4064, 'lr': 0.0787126154282654}. Best is trial 0 with value: 124.29391741703263.
[I 2025-03-21 23:42:04,908] Trial 0 finished with value: 66309.484375 and parameters: {'n_units_l0': 3616, 'n_units_l1': 1536, 'n_units_l2': 2112, 'n_units_l3': 1728, 'n_units_l4': 2432, 'n_units_l5': 3680, 'n_units_l6': 2208, 'n_units_l7': 3584, 'n_units_l8': 1888, 'n_units_l9': 1216, 'n_units_l10': 3648, 'lr': 0.03462888213498159}. Best is trial 0 with value: 66309.484375.
[I 2025-03-21 23:42:05,605] Trial 3 finished with value: 126.42182552740441 and parameters: {'n_units_l0': 960, 'n_units_l1': 736, 'n_units_l2': 2528, 'n_units_l3': 3808, 'n_units_l4': 1600, 'n_units_l5': 96, 'n_units_l6': 1632, 'n_units_l7': 2400, 'n_units_l8': 2944, 'n_units_l9': 3328, 'lr': 0.08380572093914941}. Best is trial 0 with value: 124.29391741703263.
[I 2025-03-21 23:42:09,842] Trial 1 finished with value: 125.63095160695583 and parameters: {'n_units_l0': 736, 'n_units_l1': 3328, 'n_units_l2': 1920, 'n_units_l3': 2688, 'n_units_l4': 1664, 'n_units_l5': 480, 'n_units_l6': 3872, 'n_units_l7': 160, 'n_units_l8': 2752, 'n_units_l9': 1120, 'n_units_l10': 3456, 'lr': 0.06763607446894869}. Best is trial 1 with value: 125.63095160695583.
[I 2025-03-21 23:42:10,751] Trial 4 finished with value: 130.93669014687865 and parameters: {'n_units_l0': 3264, 'n_units_l1': 640, 'n_units_l2': 896, 'n_units_l3': 2400, 'n_units_l4': 2080, 'n_units_l5': 512, 'n_units_l6': 576, 'n_units_l7': 3776, 'n_units_l8': 3904, 'n_units_l9': 1184, 'lr': 0.09056372194827816}. Best is trial 0 with value: 124.29391741703263.
[I 2025-03-21 23:42:11,160] Trial 5 pruned. 
[I 2025-03-21 23:42:17,558] Trial 6 finished with value: 124.16482095343233 and parameters: {'n_units_l0': 3360, 'n_units_l1': 3168, 'n_units_l2': 32, 'n_units_l3': 3168, 'n_units_l4': 3360, 'n_units_l5': 1504, 'n_units_l6': 192, 'n_units_l7': 3136, 'n_units_l8': 2240, 'n_units_l9': 3840, 'lr': 0.010720128837938214}. Best is trial 6 with value: 124.16482095343233.
[I 2025-03-21 23:42:18,204] Trial 7 pruned. 
[I 2025-03-21 23:42:18,469] Trial 8 pruned. 
[I 2025-03-21 23:42:18,761] Trial 9 pruned. 
[I 2025-03-21 23:42:19,809] Trial 2 finished with value: 142.20306317505137 and parameters: {'n_units_l0': 3776, 'n_units_l1': 3968, 'n_units_l2': 3360, 'n_units_l3': 1024, 'n_units_l4': 3328, 'n_units_l5': 1984, 'n_units_l6': 2176, 'n_units_l7': 2848, 'n_units_l8': 2048, 'n_units_l9': 3392, 'n_units_l10': 1792, 'lr': 0.03603927068225768}. Best is trial 1 with value: 125.63095160695583.
[I 2025-03-21 23:42:24,013] Trial 10 finished with value: 108.36546376230307 and parameters: {'n_units_l0': 2368, 'n_units_l1': 3936, 'n_units_l2': 32, 'n_units_l3': 704, 'n_units_l4': 128, 'n_units_l5': 1632, 'n_units_l6': 2624, 'n_units_l7': 2016, 'n_units_l8': 2272, 'n_units_l9': 3968, 'lr': 0.0010748797707444118}. Best is trial 10 with value: 108.36546376230307.
[I 2025-03-21 23:42:26,516] Trial 3 finished with value: inf and parameters: {'n_units_l0': 2048, 'n_units_l1': 1440, 'n_units_l2': 2336, 'n_units_l3': 704, 'n_units_l4': 2944, 'n_units_l5': 1536, 'n_units_l6': 1728, 'n_units_l7': 3072, 'n_units_l8': 2848, 'n_units_l9': 2176, 'n_units_l10': 3232, 'lr': 0.06490997843722231}. Best is trial 1 with value: 125.63095160695583.
[I 2025-03-21 23:42:29,165] Trial 11 finished with value: 124.14939532862441 and parameters: {'n_units_l0': 2464, 'n_units_l1': 4032, 'n_units_l2': 64, 'n_units_l3': 96, 'n_units_l4': 32, 'n_units_l5': 1632, 'n_units_l6': 2560, 'n_units_l7': 1984, 'n_units_l8': 2112, 'n_units_l9': 4032, 'lr': 0.0051782136145778375}. Best is trial 10 with value: 108.36546376230307.
[I 2025-03-21 23:42:32,377] Trial 4 finished with value: inf and parameters: {'n_units_l0': 4000, 'n_units_l1': 512, 'n_units_l2': 2144, 'n_units_l3': 1632, 'n_units_l4': 3264, 'n_units_l5': 2528, 'n_units_l6': 640, 'n_units_l7': 3840, 'n_units_l8': 3232, 'n_units_l9': 256, 'n_units_l10': 1216, 'lr': 0.06892207617446054}. Best is trial 1 with value: 125.63095160695583.
/trinity/home/fisheye/.local/lib/python3.9/site-packages/numpy/lib/function_base.py:4529: RuntimeWarning: invalid value encountered in multiply
  lerp_interpolation = asanyarray(add(a, diff_b_a * t, out=out))
[I 2025-03-21 23:42:34,472] Trial 12 finished with value: 39.60696814716726 and parameters: {'n_units_l0': 2208, 'n_units_l1': 4064, 'n_units_l2': 992, 'n_units_l3': 160, 'n_units_l4': 160, 'n_units_l5': 1728, 'n_units_l6': 2720, 'n_units_l7': 1792, 'n_units_l8': 2176, 'n_units_l9': 3264, 'lr': 0.0009964956665036223}. Best is trial 12 with value: 39.60696814716726.
[I 2025-03-21 23:42:34,747] Trial 13 pruned. 
[I 2025-03-21 23:42:38,611] Trial 5 finished with value: inf and parameters: {'n_units_l0': 3232, 'n_units_l1': 2688, 'n_units_l2': 2432, 'n_units_l3': 3040, 'n_units_l4': 768, 'n_units_l5': 384, 'n_units_l6': 2240, 'n_units_l7': 2624, 'n_units_l8': 1216, 'n_units_l9': 1024, 'n_units_l10': 3584, 'lr': 0.09842835661605967}. Best is trial 1 with value: 125.63095160695583.
/trinity/home/fisheye/.local/lib/python3.9/site-packages/numpy/lib/function_base.py:4530: RuntimeWarning: invalid value encountered in subtract
  subtract(b, diff_b_a * (1 - t), out=lerp_interpolation, where=t >= 0.5)
[I 2025-03-21 23:42:39,873] Trial 14 finished with value: 92.98900789059468 and parameters: {'n_units_l0': 2752, 'n_units_l1': 3232, 'n_units_l2': 800, 'n_units_l3': 928, 'n_units_l4': 512, 'n_units_l5': 2048, 'n_units_l6': 3008, 'n_units_l7': 1440, 'n_units_l8': 1632, 'n_units_l9': 2848, 'lr': 0.00014299134786692545}. Best is trial 12 with value: 39.60696814716726.
[I 2025-03-21 23:42:40,137] Trial 15 pruned. 
[I 2025-03-21 23:42:40,347] Trial 16 pruned. 
[I 2025-03-21 23:42:40,567] Trial 17 pruned. 
[I 2025-03-21 23:42:40,824] Trial 18 pruned. 
[I 2025-03-21 23:42:45,087] Trial 6 finished with value: 92.71753638921071 and parameters: {'n_units_l0': 3584, 'n_units_l1': 2560, 'n_units_l2': 384, 'n_units_l3': 2208, 'n_units_l4': 2944, 'n_units_l5': 2304, 'n_units_l6': 2176, 'n_units_l7': 2880, 'n_units_l8': 992, 'n_units_l9': 1120, 'n_units_l10': 2240, 'lr': 0.014452449075132358}. Best is trial 6 with value: 92.71753638921071.
[I 2025-03-21 23:42:45,998] Trial 19 finished with value: 46.56901575566325 and parameters: {'n_units_l0': 2848, 'n_units_l1': 2080, 'n_units_l2': 544, 'n_units_l3': 2240, 'n_units_l4': 448, 'n_units_l5': 3136, 'n_units_l6': 2048, 'n_units_l7': 2432, 'n_units_l8': 1824, 'n_units_l9': 3456, 'lr': 0.0012113392190228897}. Best is trial 12 with value: 39.60696814716726.
[I 2025-03-21 23:42:46,285] Trial 20 pruned. 
[I 2025-03-21 23:42:51,417] Trial 21 finished with value: 91.08963943070754 and parameters: {'n_units_l0': 2880, 'n_units_l1': 2176, 'n_units_l2': 640, 'n_units_l3': 1984, 'n_units_l4': 480, 'n_units_l5': 3968, 'n_units_l6': 2848, 'n_units_l7': 1632, 'n_units_l8': 864, 'n_units_l9': 2496, 'lr': 0.00032201598192679675}. Best is trial 12 with value: 39.60696814716726.
[I 2025-03-21 23:42:51,627] Trial 22 pruned. 
[I 2025-03-21 23:42:51,823] Trial 23 pruned. 
[I 2025-03-21 23:42:52,084] Trial 24 pruned. 
[I 2025-03-21 23:42:52,647] Trial 7 finished with value: 125.56800733293805 and parameters: {'n_units_l0': 2144, 'n_units_l1': 416, 'n_units_l2': 3616, 'n_units_l3': 3424, 'n_units_l4': 736, 'n_units_l5': 2880, 'n_units_l6': 2912, 'n_units_l7': 1888, 'n_units_l8': 2656, 'n_units_l9': 2240, 'n_units_l10': 3232, 'lr': 0.02235207818227806}. Best is trial 6 with value: 92.71753638921071.
[I 2025-03-21 23:42:58,361] Trial 25 finished with value: 39.97523988996233 and parameters: {'n_units_l0': 3744, 'n_units_l1': 2272, 'n_units_l2': 448, 'n_units_l3': 2016, 'n_units_l4': 1152, 'n_units_l5': 3328, 'n_units_l6': 2176, 'n_units_l7': 1760, 'n_units_l8': 2592, 'n_units_l9': 3104, 'lr': 0.0008721271601773906}. Best is trial 12 with value: 39.60696814716726.
[I 2025-03-21 23:42:58,655] Trial 26 pruned. 
[I 2025-03-21 23:42:58,951] Trial 27 pruned. 
[I 2025-03-21 23:42:59,209] Trial 28 pruned. 
[I 2025-03-21 23:42:59,513] Trial 29 pruned. 
[I 2025-03-21 23:42:59,785] Trial 30 pruned. 
[I 2025-03-21 23:43:00,974] Trial 8 finished with value: 148.49859751825747 and parameters: {'n_units_l0': 3296, 'n_units_l1': 3104, 'n_units_l2': 3456, 'n_units_l3': 3296, 'n_units_l4': 1504, 'n_units_l5': 768, 'n_units_l6': 1408, 'n_units_l7': 256, 'n_units_l8': 3744, 'n_units_l9': 2208, 'n_units_l10': 3392, 'lr': 0.007233143489998329}. Best is trial 6 with value: 92.71753638921071.
[I 2025-03-21 23:43:01,411] Trial 9 pruned. 
[I 2025-03-21 23:43:04,528] Trial 10 finished with value: 93.4716526450084 and parameters: {'n_units_l0': 2304, 'n_units_l1': 1632, 'n_units_l2': 320, 'n_units_l3': 2144, 'n_units_l4': 32, 'n_units_l5': 4032, 'n_units_l6': 288, 'n_units_l7': 1280, 'n_units_l8': 128, 'n_units_l9': 192, 'n_units_l10': 96, 'lr': 0.0029268687690382385}. Best is trial 6 with value: 92.71753638921071.
