[I 2025-03-23 06:35:18,717] Trial 11 finished with value: 15.967124585067817 and parameters: {'n_units_l0': 3008, 'n_units_l1': 3968, 'n_units_l2': 192, 'n_units_l3': 1696, 'n_units_l4': 1568, 'n_units_l5': 96, 'n_units_l6': 1920, 'n_units_l7': 4000, 'lr': 0.0009873521874914012}. Best is trial 10 with value: 10.555731010626515.
[I 2025-03-23 06:36:07,746] Trial 12 pruned. 
[I 2025-03-23 06:36:24,484] Trial 13 pruned. 
[I 2025-03-23 06:36:40,520] Trial 14 pruned. 
[I 2025-03-23 06:36:45,981] Trial 15 pruned. 
[I 2025-03-23 06:36:50,327] Trial 16 pruned. 
[I 2025-03-23 06:37:00,341] Trial 9 finished with value: 8.244631766621627 and parameters: {'n_units_l0': 4096, 'n_units_l1': 2176, 'n_units_l2': 960, 'n_units_l3': 3488, 'n_units_l4': 3392, 'n_units_l5': 64, 'n_units_l6': 2944, 'n_units_l7': 3328, 'n_units_l8': 576, 'lr': 0.0014096965332958276}. Best is trial 9 with value: 8.244631766621627.
[I 2025-03-23 06:37:20,701] Trial 10 pruned. 
[I 2025-03-23 06:44:20,753] Trial 11 finished with value: 4.925369762545866 and parameters: {'n_units_l0': 1888, 'n_units_l1': 1984, 'n_units_l2': 1472, 'n_units_l3': 4032, 'n_units_l4': 2848, 'n_units_l5': 1152, 'n_units_l6': 64, 'n_units_l7': 32, 'n_units_l8': 352, 'lr': 0.001009978518790193}. Best is trial 11 with value: 4.925369762545866.
[I 2025-03-23 06:44:29,401] Trial 12 pruned. 
[I 2025-03-23 06:45:19,042] Trial 17 finished with value: 5.545341322251869 and parameters: {'n_units_l0': 3584, 'n_units_l1': 3456, 'n_units_l2': 2400, 'n_units_l3': 2368, 'n_units_l4': 1792, 'n_units_l5': 512, 'n_units_l6': 1888, 'n_units_l7': 2112, 'lr': 0.00040683699210891373}. Best is trial 17 with value: 5.545341322251869.
[I 2025-03-23 06:45:24,201] Trial 18 pruned. 
[I 2025-03-23 06:45:28,866] Trial 19 pruned. 
[I 2025-03-23 06:45:39,157] Trial 20 pruned. 
[I 2025-03-23 06:51:18,024] Trial 21 finished with value: 6.364634142113079 and parameters: {'n_units_l0': 3072, 'n_units_l1': 3808, 'n_units_l2': 96, 'n_units_l3': 1824, 'n_units_l4': 1728, 'n_units_l5': 448, 'n_units_l6': 1792, 'n_units_l7': 2848, 'lr': 0.000642196288078248}. Best is trial 17 with value: 5.545341322251869.
[I 2025-03-23 06:52:23,434] Trial 13 finished with value: 28.8774582114366 and parameters: {'n_units_l0': 1440, 'n_units_l1': 1600, 'n_units_l2': 1408, 'n_units_l3': 3360, 'n_units_l4': 2560, 'n_units_l5': 1056, 'n_units_l6': 3008, 'n_units_l7': 2400, 'n_units_l8': 800, 'lr': 0.002508229247044578}. Best is trial 11 with value: 4.925369762545866.
[I 2025-03-23 06:52:32,798] Trial 14 pruned. 
[I 2025-03-23 06:52:38,792] Trial 15 pruned. 
[I 2025-03-23 06:52:46,447] Trial 16 pruned. 
[I 2025-03-23 06:52:51,188] Trial 17 pruned. 
[I 2025-03-23 06:52:56,469] Trial 18 pruned. 
[I 2025-03-23 06:58:46,170] Trial 22 finished with value: 124.83900760676534 and parameters: {'n_units_l0': 3616, 'n_units_l1': 3264, 'n_units_l2': 992, 'n_units_l3': 2592, 'n_units_l4': 1824, 'n_units_l5': 1312, 'n_units_l6': 1504, 'n_units_l7': 2848, 'lr': 0.010917438172506837}. Best is trial 17 with value: 5.545341322251869.
[I 2025-03-23 06:58:50,138] Trial 23 pruned. 
[I 2025-03-23 07:01:08,389] Trial 19 finished with value: 29.73034574742788 and parameters: {'n_units_l0': 832, 'n_units_l1': 1696, 'n_units_l2': 128, 'n_units_l3': 3104, 'n_units_l4': 3712, 'n_units_l5': 1824, 'n_units_l6': 3232, 'n_units_l7': 2048, 'n_units_l8': 896, 'lr': 0.0013230621810861876}. Best is trial 11 with value: 4.925369762545866.
[I 2025-03-23 07:01:17,242] Trial 20 pruned. 
[I 2025-03-23 07:03:16,564] Trial 24 finished with value: 4.826752393011581 and parameters: {'n_units_l0': 3424, 'n_units_l1': 2976, 'n_units_l2': 32, 'n_units_l3': 1632, 'n_units_l4': 1120, 'n_units_l5': 512, 'n_units_l6': 992, 'n_units_l7': 3552, 'lr': 0.00020659807822957007}. Best is trial 24 with value: 4.826752393011581.
[I 2025-03-23 07:03:19,933] Trial 25 pruned. 
[I 2025-03-23 07:03:25,032] Trial 26 pruned. 
[I 2025-03-23 07:03:28,735] Trial 27 pruned. 
[I 2025-03-23 07:09:30,674] Trial 28 finished with value: 4.195747849167055 and parameters: {'n_units_l0': 3328, 'n_units_l1': 3712, 'n_units_l2': 512, 'n_units_l3': 2624, 'n_units_l4': 1792, 'n_units_l5': 1152, 'n_units_l6': 416, 'n_units_l7': 2272, 'lr': 0.00010994525188086357}. Best is trial 28 with value: 4.195747849167055.
[I 2025-03-23 07:09:33,902] Trial 29 pruned. 
[I 2025-03-23 07:09:38,272] Trial 30 pruned. 
[I 2025-03-23 07:09:56,796] Trial 21 finished with value: 9.112055557862982 and parameters: {'n_units_l0': 1632, 'n_units_l1': 1696, 'n_units_l2': 1536, 'n_units_l3': 3584, 'n_units_l4': 2592, 'n_units_l5': 1088, 'n_units_l6': 3072, 'n_units_l7': 2688, 'n_units_l8': 736, 'lr': 0.0010780167329829818}. Best is trial 11 with value: 4.925369762545866.
[I 2025-03-23 07:10:02,647] Trial 22 pruned. 
[I 2025-03-23 07:11:38,244] Trial 23 pruned. 
[I 2025-03-23 07:11:44,023] Trial 24 pruned. 
[I 2025-03-23 07:11:50,548] Trial 25 pruned. 
[I 2025-03-23 07:14:11,163] Trial 31 finished with value: 5.468914420858561 and parameters: {'n_units_l0': 2592, 'n_units_l1': 3776, 'n_units_l2': 32, 'n_units_l3': 1920, 'n_units_l4': 1760, 'n_units_l5': 768, 'n_units_l6': 896, 'n_units_l7': 2304, 'lr': 0.0002857235618084047}. Best is trial 28 with value: 4.195747849167055.
[I 2025-03-23 07:18:26,626] Trial 32 finished with value: 34.990524269883494 and parameters: {'n_units_l0': 96, 'n_units_l1': 3424, 'n_units_l2': 512, 'n_units_l3': 2080, 'n_units_l4': 2400, 'n_units_l5': 800, 'n_units_l6': 928, 'n_units_l7': 2240, 'lr': 0.0064672982140924285}. Best is trial 28 with value: 4.195747849167055.
[I 2025-03-23 07:18:29,993] Trial 33 pruned. 
[I 2025-03-23 07:18:34,057] Trial 34 pruned. 
[I 2025-03-23 07:18:39,673] Trial 35 pruned. 
[I 2025-03-23 07:18:43,627] Trial 36 pruned. 
[I 2025-03-23 07:18:47,262] Trial 37 pruned. 
[I 2025-03-23 07:18:50,667] Trial 38 pruned. 
[I 2025-03-23 07:18:55,350] Trial 39 pruned. 
[I 2025-03-23 07:18:55,508] Trial 26 finished with value: 6.507818232230214 and parameters: {'n_units_l0': 1440, 'n_units_l1': 1376, 'n_units_l2': 320, 'n_units_l3': 2464, 'n_units_l4': 3712, 'n_units_l5': 768, 'n_units_l6': 2912, 'n_units_l7': 2688, 'n_units_l8': 1280, 'lr': 0.0011413193573881146}. Best is trial 11 with value: 4.925369762545866.
[I 2025-03-23 07:18:57,917] Trial 40 pruned. 
[I 2025-03-23 07:18:59,741] Trial 27 pruned. 
[I 2025-03-23 07:19:01,836] Trial 41 pruned. 
[I 2025-03-23 07:19:03,853] Trial 28 pruned. 
[I 2025-03-23 07:19:07,609] Trial 29 pruned. 
[I 2025-03-23 07:19:12,100] Trial 30 pruned. 
[I 2025-03-23 07:19:30,628] Trial 42 pruned. 
[I 2025-03-23 07:26:00,968] Trial 43 finished with value: 5.133258953890396 and parameters: {'n_units_l0': 2336, 'n_units_l1': 3424, 'n_units_l2': 64, 'n_units_l3': 2240, 'n_units_l4': 2336, 'n_units_l5': 1056, 'n_units_l6': 2400, 'n_units_l7': 3264, 'lr': 0.00021481021849810303}. Best is trial 28 with value: 4.195747849167055.
[I 2025-03-23 07:26:08,982] Trial 44 pruned. 
[I 2025-03-23 07:26:14,303] Trial 45 pruned. 
[I 2025-03-23 07:26:24,718] Trial 46 pruned. 
[I 2025-03-23 07:26:28,953] Trial 47 pruned. 
[I 2025-03-23 07:26:35,626] Trial 48 pruned. 
[I 2025-03-23 07:26:38,937] Trial 49 pruned. 
[I 2025-03-23 07:26:43,359] Trial 50 pruned. 
[I 2025-03-23 07:27:08,823] Trial 31 finished with value: 18.25506794026594 and parameters: {'n_units_l0': 1472, 'n_units_l1': 1536, 'n_units_l2': 1248, 'n_units_l3': 3488, 'n_units_l4': 2912, 'n_units_l5': 832, 'n_units_l6': 2944, 'n_units_l7': 2624, 'n_units_l8': 736, 'lr': 0.0024480145996030496}. Best is trial 11 with value: 4.925369762545866.
[I 2025-03-23 07:27:27,024] Trial 51 pruned. 
[I 2025-03-23 07:33:42,012] Trial 52 finished with value: 8.694999174322389 and parameters: {'n_units_l0': 3392, 'n_units_l1': 3584, 'n_units_l2': 32, 'n_units_l3': 2240, 'n_units_l4': 2304, 'n_units_l5': 608, 'n_units_l6': 1952, 'n_units_l7': 2720, 'lr': 0.00045760079689828365}. Best is trial 28 with value: 4.195747849167055.
[I 2025-03-23 07:33:45,407] Trial 53 pruned. 
[I 2025-03-23 07:33:48,497] Trial 54 pruned. 
[I 2025-03-23 07:33:57,835] Trial 55 pruned. 
[I 2025-03-23 07:34:04,567] Trial 56 pruned. 
[I 2025-03-23 07:34:08,817] Trial 57 pruned. 
[I 2025-03-23 07:34:31,646] Trial 58 pruned. 
[I 2025-03-23 07:34:34,316] Trial 59 pruned. 
[I 2025-03-23 07:34:52,036] Trial 60 pruned. 
[I 2025-03-23 07:37:03,871] Trial 32 finished with value: 9.539421369407782 and parameters: {'n_units_l0': 2432, 'n_units_l1': 2240, 'n_units_l2': 1664, 'n_units_l3': 3840, 'n_units_l4': 1984, 'n_units_l5': 1760, 'n_units_l6': 3296, 'n_units_l7': 2752, 'n_units_l8': 288, 'lr': 0.00016539487567773228}. Best is trial 11 with value: 4.925369762545866.
[I 2025-03-23 07:37:07,874] Trial 33 pruned. 
[I 2025-03-23 07:37:12,944] Trial 34 pruned. 
[I 2025-03-23 07:37:18,530] Trial 35 pruned. 
[I 2025-03-23 07:37:24,324] Trial 36 pruned. 
[I 2025-03-23 07:37:35,873] Trial 37 pruned. 
[I 2025-03-23 07:37:41,293] Trial 38 pruned. 
[I 2025-03-23 07:37:45,527] Trial 39 pruned. 
[I 2025-03-23 07:37:50,258] Trial 40 pruned. 
[I 2025-03-23 07:41:20,741] Trial 61 finished with value: 4.321938943144382 and parameters: {'n_units_l0': 3392, 'n_units_l1': 3520, 'n_units_l2': 64, 'n_units_l3': 2272, 'n_units_l4': 2464, 'n_units_l5': 608, 'n_units_l6': 2016, 'n_units_l7': 2752, 'lr': 0.00022604500163612073}. Best is trial 28 with value: 4.195747849167055.
[I 2025-03-23 07:41:24,455] Trial 62 pruned. 
[I 2025-03-23 07:41:28,093] Trial 63 pruned. 
[I 2025-03-23 07:41:32,124] Trial 64 pruned. 
[I 2025-03-23 07:41:35,662] Trial 65 pruned. 
[I 2025-03-23 07:41:40,907] Trial 66 pruned. 
[I 2025-03-23 07:41:44,564] Trial 67 pruned. 
[I 2025-03-23 07:41:50,319] Trial 68 pruned. 
[I 2025-03-23 07:42:00,739] Trial 69 pruned. 
[I 2025-03-23 07:42:13,111] Trial 70 pruned. 
[I 2025-03-23 07:42:17,157] Trial 71 pruned. 
[I 2025-03-23 07:42:24,344] Trial 72 pruned. 
[I 2025-03-23 07:42:27,981] Trial 73 pruned. 
[I 2025-03-23 07:42:53,556] Trial 74 pruned. 
[I 2025-03-23 07:42:57,039] Trial 75 pruned. 
[I 2025-03-23 07:43:01,386] Trial 76 pruned. 
[I 2025-03-23 07:43:04,329] Trial 77 pruned. 
[I 2025-03-23 07:43:07,844] Trial 78 pruned. 
[I 2025-03-23 07:43:13,119] Trial 79 pruned. 
[I 2025-03-23 07:43:28,324] Trial 80 pruned. 
[I 2025-03-23 07:43:58,149] Trial 81 pruned. 
[I 2025-03-23 07:44:01,587] Trial 82 pruned. 
[I 2025-03-23 07:44:23,723] Trial 83 pruned. 
[I 2025-03-23 07:44:48,130] Trial 84 pruned. 
[I 2025-03-23 07:45:03,315] Trial 85 pruned. 
[I 2025-03-23 07:45:06,731] Trial 86 pruned. 
[I 2025-03-23 07:45:09,448] Trial 87 pruned. 
[I 2025-03-23 07:45:13,662] Trial 88 pruned. 
[I 2025-03-23 07:45:55,810] Trial 89 pruned. 
[I 2025-03-23 07:46:01,325] Trial 90 pruned. 
[I 2025-03-23 07:46:04,832] Trial 91 pruned. 
[I 2025-03-23 07:46:08,413] Trial 92 pruned. 
[I 2025-03-23 07:46:12,338] Trial 93 pruned. 
[I 2025-03-23 07:46:41,639] Trial 94 pruned. 
[I 2025-03-23 07:46:44,226] Trial 95 pruned. 
[I 2025-03-23 07:46:47,939] Trial 96 pruned. 
[I 2025-03-23 07:47:11,944] Trial 97 pruned. 
[I 2025-03-23 07:47:15,794] Trial 98 pruned. 
[I 2025-03-23 07:47:20,573] Trial 99 pruned. 
[I 2025-03-23 07:47:20,900] A new study created in memory with name: no-name-f80fe127-ccba-4cd4-af7b-93c1c6a3b770
[I 2025-03-23 07:47:41,370] Trial 41 finished with value: 4.579639478818197 and parameters: {'n_units_l0': 2336, 'n_units_l1': 2240, 'n_units_l2': 1632, 'n_units_l3': 3712, 'n_units_l4': 2144, 'n_units_l5': 1792, 'n_units_l6': 3296, 'n_units_l7': 2752, 'n_units_l8': 320, 'lr': 0.0009226119070752927}. Best is trial 41 with value: 4.579639478818197.
[I 2025-03-23 07:47:50,727] Trial 42 pruned. 
[I 2025-03-23 07:48:52,600] Trial 43 pruned. 
[I 2025-03-23 07:48:58,746] Trial 44 pruned. 
[I 2025-03-23 07:49:49,932] Trial 45 pruned. 
[I 2025-03-23 07:49:54,605] Trial 46 pruned. 
[I 2025-03-23 07:53:30,600] Trial 0 finished with value: 124.9693565482373 and parameters: {'n_units_l0': 2368, 'n_units_l1': 3008, 'n_units_l2': 1856, 'n_units_l3': 480, 'n_units_l4': 288, 'n_units_l5': 1184, 'n_units_l6': 3008, 'n_units_l7': 1312, 'n_units_l8': 448, 'n_units_l9': 1472, 'lr': 0.03126199794294662}. Best is trial 0 with value: 124.9693565482373.
[I 2025-03-23 07:57:52,174] Trial 47 finished with value: 4.685886768136273 and parameters: {'n_units_l0': 2752, 'n_units_l1': 3840, 'n_units_l2': 512, 'n_units_l3': 3840, 'n_units_l4': 3392, 'n_units_l5': 1088, 'n_units_l6': 32, 'n_units_l7': 2368, 'n_units_l8': 448, 'lr': 0.0003754916444591291}. Best is trial 41 with value: 4.579639478818197.
[I 2025-03-23 07:57:56,026] Trial 48 pruned. 
[I 2025-03-23 07:58:01,186] Trial 49 pruned. 
[I 2025-03-23 07:58:04,065] Trial 50 pruned. 
[I 2025-03-23 07:58:19,721] Trial 51 pruned. 
[I 2025-03-23 07:58:31,064] Trial 52 pruned. 
[I 2025-03-23 07:58:34,161] Trial 53 pruned. 
[I 2025-03-23 07:58:38,925] Trial 54 pruned. 
[I 2025-03-23 07:58:49,673] Trial 55 pruned. 
[I 2025-03-23 07:58:53,417] Trial 56 pruned. 
[I 2025-03-23 07:59:10,388] Trial 57 pruned. 
[I 2025-03-23 07:59:17,360] Trial 58 pruned. 
[I 2025-03-23 07:59:23,752] Trial 59 pruned. 
[I 2025-03-23 07:59:32,321] Trial 60 pruned. 
[I 2025-03-23 07:59:38,581] Trial 1 finished with value: 124.93621135508236 and parameters: {'n_units_l0': 3296, 'n_units_l1': 1952, 'n_units_l2': 736, 'n_units_l3': 2080, 'n_units_l4': 1120, 'n_units_l5': 576, 'n_units_l6': 1664, 'n_units_l7': 1280, 'n_units_l8': 3360, 'n_units_l9': 928, 'lr': 0.033281233329451286}. Best is trial 1 with value: 124.93621135508236.
[I 2025-03-23 07:59:44,601] Trial 61 pruned. 
[I 2025-03-23 08:00:20,344] Trial 62 pruned. 
[I 2025-03-23 08:00:25,427] Trial 63 pruned. 
[I 2025-03-23 08:00:53,341] Trial 64 pruned. 
[I 2025-03-23 08:00:58,109] Trial 65 pruned. 
[I 2025-03-23 08:01:03,060] Trial 66 pruned. 
[I 2025-03-23 08:01:13,980] Trial 67 pruned. 
[I 2025-03-23 08:01:20,786] Trial 68 pruned. 
[I 2025-03-23 08:01:26,680] Trial 69 pruned. 
[I 2025-03-23 08:01:34,960] Trial 70 pruned. 
[I 2025-03-23 08:02:05,944] Trial 71 pruned. 
[I 2025-03-23 08:02:11,753] Trial 72 pruned. 
[I 2025-03-23 08:02:38,249] Trial 73 pruned. 
[I 2025-03-23 08:02:42,147] Trial 74 pruned. 
[I 2025-03-23 08:03:10,754] Trial 75 pruned. 
[I 2025-03-23 08:03:15,813] Trial 76 pruned. 
[I 2025-03-23 08:03:21,217] Trial 77 pruned. 
[I 2025-03-23 08:03:28,954] Trial 78 pruned. 
[I 2025-03-23 08:03:32,820] Trial 79 pruned. 
[I 2025-03-23 08:03:38,665] Trial 80 pruned. 
[I 2025-03-23 08:04:08,782] Trial 81 pruned. 
[I 2025-03-23 08:04:22,630] Trial 82 pruned. 
[I 2025-03-23 08:04:27,929] Trial 83 pruned. 
[I 2025-03-23 08:04:32,928] Trial 84 pruned. 
[I 2025-03-23 08:04:37,894] Trial 85 pruned. 
[I 2025-03-23 08:04:44,742] Trial 86 pruned. 
[I 2025-03-23 08:04:49,823] Trial 87 pruned. 
[I 2025-03-23 08:05:03,400] Trial 88 pruned. 
[I 2025-03-23 08:05:19,634] Trial 89 pruned. 
[I 2025-03-23 08:05:25,744] Trial 90 pruned. 
[I 2025-03-23 08:05:31,598] Trial 91 pruned. 
[I 2025-03-23 08:05:47,811] Trial 2 finished with value: 124.96317785060259 and parameters: {'n_units_l0': 2336, 'n_units_l1': 3200, 'n_units_l2': 1152, 'n_units_l3': 1568, 'n_units_l4': 2592, 'n_units_l5': 832, 'n_units_l6': 96, 'n_units_l7': 3424, 'n_units_l8': 448, 'n_units_l9': 3968, 'lr': 0.06051455058491659}. Best is trial 1 with value: 124.93621135508236.
[I 2025-03-23 08:12:45,182] Trial 3 finished with value: 124.93480727861322 and parameters: {'n_units_l0': 3680, 'n_units_l1': 2016, 'n_units_l2': 1472, 'n_units_l3': 3840, 'n_units_l4': 1600, 'n_units_l5': 608, 'n_units_l6': 896, 'n_units_l7': 768, 'n_units_l8': 608, 'n_units_l9': 3392, 'lr': 0.011618663705165223}. Best is trial 3 with value: 124.93480727861322.
[I 2025-03-23 08:14:26,728] Trial 92 finished with value: 9.135910614883048 and parameters: {'n_units_l0': 992, 'n_units_l1': 1632, 'n_units_l2': 224, 'n_units_l3': 3008, 'n_units_l4': 3744, 'n_units_l5': 1856, 'n_units_l6': 3328, 'n_units_l7': 2656, 'n_units_l8': 864, 'lr': 0.0018905123073243574}. Best is trial 41 with value: 4.579639478818197.
[I 2025-03-23 08:15:00,028] Trial 93 pruned. 
[I 2025-03-23 08:15:06,624] Trial 94 pruned. 
[I 2025-03-23 08:15:22,302] Trial 95 pruned. 
[I 2025-03-23 08:15:27,688] Trial 96 pruned. 
[I 2025-03-23 08:15:35,248] Trial 97 pruned. 
[I 2025-03-23 08:17:25,409] Trial 4 finished with value: 124.93466116522036 and parameters: {'n_units_l0': 1248, 'n_units_l1': 544, 'n_units_l2': 896, 'n_units_l3': 1344, 'n_units_l4': 1728, 'n_units_l5': 2144, 'n_units_l6': 640, 'n_units_l7': 3680, 'n_units_l8': 480, 'n_units_l9': 608, 'lr': 0.044980075432987744}. Best is trial 4 with value: 124.93466116522036.
[I 2025-03-23 08:17:28,270] Trial 5 pruned. 
[I 2025-03-23 08:17:34,080] Trial 6 pruned. 
[I 2025-03-23 08:17:39,843] Trial 7 pruned. 
[I 2025-03-23 08:18:43,012] Trial 8 pruned. 
[I 2025-03-23 08:18:47,325] Trial 9 pruned. 
[I 2025-03-23 08:18:53,661] Trial 10 pruned. 
[I 2025-03-23 08:24:30,219] Trial 98 finished with value: 8.794401630137214 and parameters: {'n_units_l0': 2304, 'n_units_l1': 3552, 'n_units_l2': 352, 'n_units_l3': 3008, 'n_units_l4': 2112, 'n_units_l5': 2176, 'n_units_l6': 2592, 'n_units_l7': 3008, 'n_units_l8': 1056, 'lr': 0.0017906072288554865}. Best is trial 41 with value: 4.579639478818197.
[I 2025-03-23 08:27:48,836] Trial 11 finished with value: 7.741302344608718 and parameters: {'n_units_l0': 4032, 'n_units_l1': 1696, 'n_units_l2': 2912, 'n_units_l3': 4032, 'n_units_l4': 1312, 'n_units_l5': 2144, 'n_units_l6': 1056, 'n_units_l7': 32, 'n_units_l8': 1056, 'n_units_l9': 2816, 'lr': 0.0006697521740971699}. Best is trial 11 with value: 7.741302344608718.
[I 2025-03-23 08:28:03,437] Trial 12 pruned. 
[I 2025-03-23 08:28:11,458] Trial 13 pruned. 
[I 2025-03-23 08:28:22,689] Trial 14 pruned. 
[I 2025-03-23 08:34:09,563] Trial 15 finished with value: 124.93486430321991 and parameters: {'n_units_l0': 224, 'n_units_l1': 480, 'n_units_l2': 2464, 'n_units_l3': 3328, 'n_units_l4': 64, 'n_units_l5': 3872, 'n_units_l6': 1120, 'n_units_l7': 2752, 'n_units_l8': 1184, 'n_units_l9': 32, 'lr': 0.004138857973563303}. Best is trial 11 with value: 7.741302344608718.
[I 2025-03-23 08:34:17,753] Trial 16 pruned. 
[I 2025-03-23 08:34:19,438] Trial 99 finished with value: 5.5291883015998256 and parameters: {'n_units_l0': 2304, 'n_units_l1': 3968, 'n_units_l2': 320, 'n_units_l3': 2592, 'n_units_l4': 1760, 'n_units_l5': 2304, 'n_units_l6': 3680, 'n_units_l7': 3040, 'n_units_l8': 1024, 'lr': 0.0009311065813059834}. Best is trial 41 with value: 4.579639478818197.
[I 2025-03-23 08:34:19,749] A new study created in memory with name: no-name-57409cca-40f6-424e-8d28-153ca2cd9fc3
[I 2025-03-23 08:34:25,479] Trial 17 pruned. 
[I 2025-03-23 08:39:48,482] Trial 18 finished with value: 124.93074910030258 and parameters: {'n_units_l0': 544, 'n_units_l1': 672, 'n_units_l2': 2304, 'n_units_l3': 2528, 'n_units_l4': 1696, 'n_units_l5': 2912, 'n_units_l6': 32, 'n_units_l7': 64, 'n_units_l8': 1568, 'n_units_l9': 1280, 'lr': 0.025422793750284257}. Best is trial 11 with value: 7.741302344608718.
[I 2025-03-23 08:41:38,487] Trial 0 finished with value: 125.22754554852823 and parameters: {'n_units_l0': 352, 'n_units_l1': 416, 'n_units_l2': 2816, 'n_units_l3': 352, 'n_units_l4': 224, 'n_units_l5': 1984, 'n_units_l6': 1728, 'n_units_l7': 1664, 'n_units_l8': 3488, 'n_units_l9': 2496, 'n_units_l10': 1856, 'lr': 0.06283889506743487}. Best is trial 0 with value: 125.22754554852823.
[I 2025-03-23 08:48:06,926] Trial 19 finished with value: 124.94332376020797 and parameters: {'n_units_l0': 544, 'n_units_l1': 2400, 'n_units_l2': 3040, 'n_units_l3': 2432, 'n_units_l4': 2720, 'n_units_l5': 2976, 'n_units_l6': 32, 'n_units_l7': 32, 'n_units_l8': 2208, 'n_units_l9': 1600, 'lr': 0.01756120817603816}. Best is trial 11 with value: 7.741302344608718.
[I 2025-03-23 08:48:13,596] Trial 20 pruned. 
[I 2025-03-23 08:48:16,411] Trial 21 pruned. 
[I 2025-03-23 08:48:19,271] Trial 22 pruned. 
[I 2025-03-23 08:48:23,946] Trial 23 pruned. 
[I 2025-03-23 08:48:28,135] Trial 24 pruned. 
[I 2025-03-23 08:48:36,748] Trial 25 pruned. 
[I 2025-03-23 08:49:30,759] Trial 1 finished with value: 125.1924470066086 and parameters: {'n_units_l0': 2016, 'n_units_l1': 480, 'n_units_l2': 3136, 'n_units_l3': 1760, 'n_units_l4': 608, 'n_units_l5': 224, 'n_units_l6': 1760, 'n_units_l7': 3072, 'n_units_l8': 288, 'n_units_l9': 4000, 'n_units_l10': 3712, 'lr': 0.0329019915969967}. Best is trial 1 with value: 125.1924470066086.
[I 2025-03-23 08:57:38,933] Trial 26 finished with value: 124.9318278269406 and parameters: {'n_units_l0': 1952, 'n_units_l1': 832, 'n_units_l2': 2624, 'n_units_l3': 3552, 'n_units_l4': 3008, 'n_units_l5': 3360, 'n_units_l6': 928, 'n_units_l7': 352, 'n_units_l8': 320, 'n_units_l9': 1600, 'lr': 0.02735232540754803}. Best is trial 11 with value: 7.741302344608718.
[I 2025-03-23 08:57:45,926] Trial 27 pruned. 
[I 2025-03-23 09:01:56,075] Trial 2 finished with value: 125.1883961950357 and parameters: {'n_units_l0': 3232, 'n_units_l1': 3936, 'n_units_l2': 1856, 'n_units_l3': 3328, 'n_units_l4': 3136, 'n_units_l5': 2752, 'n_units_l6': 768, 'n_units_l7': 2112, 'n_units_l8': 1856, 'n_units_l9': 1568, 'n_units_l10': 32, 'lr': 0.05674280124453783}. Best is trial 2 with value: 125.1883961950357.
[I 2025-03-23 09:08:06,228] Trial 3 finished with value: 125.20770380094248 and parameters: {'n_units_l0': 2368, 'n_units_l1': 416, 'n_units_l2': 3616, 'n_units_l3': 960, 'n_units_l4': 4000, 'n_units_l5': 736, 'n_units_l6': 1728, 'n_units_l7': 544, 'n_units_l8': 768, 'n_units_l9': 1440, 'n_units_l10': 3584, 'lr': 0.03682006954196604}. Best is trial 2 with value: 125.1883961950357.
[I 2025-03-23 09:09:22,587] Trial 28 finished with value: 9.263928620931367 and parameters: {'n_units_l0': 2720, 'n_units_l1': 2336, 'n_units_l2': 3136, 'n_units_l3': 3360, 'n_units_l4': 3264, 'n_units_l5': 3680, 'n_units_l6': 1184, 'n_units_l7': 32, 'n_units_l8': 128, 'n_units_l9': 2176, 'lr': 0.00038264500604769797}. Best is trial 11 with value: 7.741302344608718.
[I 2025-03-23 09:09:51,414] Trial 29 pruned. 
