[I 2025-03-22 13:00:25,901] Trial 39 finished with value: 82.61089792364005 and parameters: {'n_units_l0': 1568, 'n_units_l1': 1984, 'n_units_l2': 384, 'n_units_l3': 1024, 'n_units_l4': 2720, 'n_units_l5': 1824, 'n_units_l6': 3232, 'n_units_l7': 288, 'n_units_l8': 2208, 'lr': 0.0043947415265772945}. Best is trial 21 with value: 4.611209227980969.
[I 2025-03-22 13:00:27,954] Trial 40 pruned. 
[I 2025-03-22 13:02:15,656] Trial 1 finished with value: inf and parameters: {'n_units_l0': 2272, 'n_units_l1': 3616, 'n_units_l2': 2176, 'n_units_l3': 864, 'n_units_l4': 2496, 'n_units_l5': 1408, 'n_units_l6': 3872, 'n_units_l7': 96, 'n_units_l8': 992, 'n_units_l9': 2944, 'n_units_l10': 1152, 'lr': 0.07615244781858863}. Best is trial 0 with value: 124.91455520817773.
[I 2025-03-22 13:05:02,186] Trial 41 finished with value: 6.350624707775609 and parameters: {'n_units_l0': 3232, 'n_units_l1': 2976, 'n_units_l2': 1024, 'n_units_l3': 2208, 'n_units_l4': 3776, 'n_units_l5': 3488, 'n_units_l6': 3872, 'n_units_l7': 224, 'n_units_l8': 704, 'lr': 0.0011775077883418494}. Best is trial 21 with value: 4.611209227980969.
[I 2025-03-22 13:06:03,601] Trial 2 finished with value: 124.9137578652965 and parameters: {'n_units_l0': 2848, 'n_units_l1': 128, 'n_units_l2': 2272, 'n_units_l3': 640, 'n_units_l4': 352, 'n_units_l5': 3872, 'n_units_l6': 3232, 'n_units_l7': 2784, 'n_units_l8': 608, 'n_units_l9': 3488, 'n_units_l10': 3040, 'lr': 0.05093370173708253}. Best is trial 2 with value: 124.9137578652965.
[I 2025-03-22 13:08:52,057] Trial 42 finished with value: 56.25105611410209 and parameters: {'n_units_l0': 3040, 'n_units_l1': 3072, 'n_units_l2': 1504, 'n_units_l3': 384, 'n_units_l4': 3616, 'n_units_l5': 3200, 'n_units_l6': 3840, 'n_units_l7': 256, 'n_units_l8': 704, 'lr': 0.004769716571454609}. Best is trial 21 with value: 4.611209227980969.
[I 2025-03-22 13:08:55,167] Trial 43 pruned. 
[I 2025-03-22 13:08:57,460] Trial 44 pruned. 
[I 2025-03-22 13:09:07,031] Trial 45 pruned. 
[I 2025-03-22 13:09:09,619] Trial 46 pruned. 
[I 2025-03-22 13:09:13,574] Trial 47 pruned. 
[I 2025-03-22 13:09:15,719] Trial 48 pruned. 
[I 2025-03-22 13:09:18,114] Trial 49 pruned. 
[I 2025-03-22 13:09:28,562] Trial 50 pruned. 
[I 2025-03-22 13:09:45,101] Trial 51 pruned. 
[I 2025-03-22 13:09:47,835] Trial 52 pruned. 
[I 2025-03-22 13:09:50,373] Trial 53 pruned. 
[I 2025-03-22 13:09:52,953] Trial 54 pruned. 
[I 2025-03-22 13:09:56,664] Trial 55 pruned. 
[I 2025-03-22 13:09:59,293] Trial 56 pruned. 
[I 2025-03-22 13:11:49,005] Trial 3 finished with value: inf and parameters: {'n_units_l0': 3616, 'n_units_l1': 3072, 'n_units_l2': 2592, 'n_units_l3': 3008, 'n_units_l4': 3200, 'n_units_l5': 1984, 'n_units_l6': 3296, 'n_units_l7': 3136, 'n_units_l8': 448, 'n_units_l9': 3680, 'n_units_l10': 672, 'lr': 0.07720885540067919}. Best is trial 2 with value: 124.9137578652965.
[I 2025-03-22 13:13:59,480] Trial 57 finished with value: 12.87294321436064 and parameters: {'n_units_l0': 2240, 'n_units_l1': 3136, 'n_units_l2': 1600, 'n_units_l3': 2880, 'n_units_l4': 3232, 'n_units_l5': 3072, 'n_units_l6': 2080, 'n_units_l7': 224, 'n_units_l8': 992, 'lr': 0.00042054647886460286}. Best is trial 21 with value: 4.611209227980969.
[I 2025-03-22 13:14:02,063] Trial 58 pruned. 
[I 2025-03-22 13:14:08,634] Trial 59 pruned. 
[I 2025-03-22 13:14:12,124] Trial 60 pruned. 
[I 2025-03-22 13:14:15,233] Trial 61 pruned. 
[I 2025-03-22 13:14:17,899] Trial 62 pruned. 
[I 2025-03-22 13:14:20,882] Trial 63 pruned. 
[I 2025-03-22 13:14:23,562] Trial 64 pruned. 
[I 2025-03-22 13:14:26,746] Trial 65 pruned. 
[I 2025-03-22 13:14:29,745] Trial 66 pruned. 
[I 2025-03-22 13:14:45,664] Trial 4 finished with value: 124.91406363963263 and parameters: {'n_units_l0': 1632, 'n_units_l1': 2592, 'n_units_l2': 2240, 'n_units_l3': 2272, 'n_units_l4': 512, 'n_units_l5': 1952, 'n_units_l6': 2880, 'n_units_l7': 256, 'n_units_l8': 1216, 'n_units_l9': 992, 'n_units_l10': 2528, 'lr': 0.032496646483919554}. Best is trial 2 with value: 124.9137578652965.
/trinity/home/fisheye/.local/lib/python3.9/site-packages/numpy/lib/function_base.py:4529: RuntimeWarning: invalid value encountered in multiply
  lerp_interpolation = asanyarray(add(a, diff_b_a * t, out=out))
[I 2025-03-22 13:18:45,730] Trial 5 finished with value: 124.9150737949351 and parameters: {'n_units_l0': 2336, 'n_units_l1': 3040, 'n_units_l2': 2560, 'n_units_l3': 672, 'n_units_l4': 3008, 'n_units_l5': 3552, 'n_units_l6': 1120, 'n_units_l7': 2112, 'n_units_l8': 1504, 'n_units_l9': 1216, 'n_units_l10': 1792, 'lr': 0.04834916927288749}. Best is trial 2 with value: 124.9137578652965.
[I 2025-03-22 13:18:59,166] Trial 6 pruned. 
[I 2025-03-22 13:19:01,583] Trial 7 pruned. 
[I 2025-03-22 13:19:03,653] Trial 8 pruned. 
[I 2025-03-22 13:19:07,380] Trial 9 pruned. 
[I 2025-03-22 13:19:35,394] Trial 67 finished with value: 33.44893696635363 and parameters: {'n_units_l0': 2240, 'n_units_l1': 3456, 'n_units_l2': 2048, 'n_units_l3': 1984, 'n_units_l4': 4096, 'n_units_l5': 3616, 'n_units_l6': 3136, 'n_units_l7': 1120, 'n_units_l8': 1216, 'lr': 0.002993465458426982}. Best is trial 21 with value: 4.611209227980969.
[I 2025-03-22 13:19:37,806] Trial 68 pruned. 
[I 2025-03-22 13:19:40,329] Trial 69 pruned. 
[I 2025-03-22 13:19:42,492] Trial 70 pruned. 
[I 2025-03-22 13:23:44,166] Trial 71 finished with value: 4.92101041704978 and parameters: {'n_units_l0': 2240, 'n_units_l1': 3040, 'n_units_l2': 1568, 'n_units_l3': 2912, 'n_units_l4': 3232, 'n_units_l5': 3072, 'n_units_l6': 2208, 'n_units_l7': 192, 'n_units_l8': 864, 'lr': 0.0005400561039110742}. Best is trial 21 with value: 4.611209227980969.
[I 2025-03-22 13:23:46,901] Trial 72 pruned. 
[I 2025-03-22 13:23:54,898] Trial 73 pruned. 
[I 2025-03-22 13:23:57,322] Trial 74 pruned. 
[I 2025-03-22 13:24:00,076] Trial 75 pruned. 
[I 2025-03-22 13:24:03,013] Trial 76 pruned. 
[I 2025-03-22 13:24:06,388] Trial 77 pruned. 
[I 2025-03-22 13:24:09,611] Trial 78 pruned. 
[I 2025-03-22 13:24:11,841] Trial 79 pruned. 
[I 2025-03-22 13:24:13,771] Trial 80 pruned. 
[I 2025-03-22 13:24:16,442] Trial 81 pruned. 
[I 2025-03-22 13:24:19,055] Trial 82 pruned. 
[I 2025-03-22 13:24:21,485] Trial 83 pruned. 
[I 2025-03-22 13:24:38,339] Trial 84 pruned. 
[I 2025-03-22 13:24:41,354] Trial 85 pruned. 
[I 2025-03-22 13:24:47,182] Trial 86 pruned. 
[I 2025-03-22 13:24:53,650] Trial 10 finished with value: 10.94603187620296 and parameters: {'n_units_l0': 128, 'n_units_l1': 288, 'n_units_l2': 1280, 'n_units_l3': 4000, 'n_units_l4': 1664, 'n_units_l5': 3840, 'n_units_l6': 2560, 'n_units_l7': 4032, 'n_units_l8': 2272, 'n_units_l9': 2656, 'n_units_l10': 3936, 'lr': 0.0006034425559492407}. Best is trial 10 with value: 10.94603187620296.
[I 2025-03-22 13:24:54,098] Trial 87 pruned. 
[I 2025-03-22 13:24:56,374] Trial 88 pruned. 
[I 2025-03-22 13:24:58,707] Trial 89 pruned. 
[I 2025-03-22 13:25:01,340] Trial 90 pruned. 
[I 2025-03-22 13:25:03,110] Trial 91 pruned. 
[I 2025-03-22 13:27:22,511] Trial 92 finished with value: 13.09740837663915 and parameters: {'n_units_l0': 448, 'n_units_l1': 960, 'n_units_l2': 704, 'n_units_l3': 864, 'n_units_l4': 1984, 'n_units_l5': 3648, 'n_units_l6': 2080, 'n_units_l7': 1440, 'n_units_l8': 416, 'lr': 0.0023154276044153083}. Best is trial 21 with value: 4.611209227980969.
[I 2025-03-22 13:29:20,773] Trial 93 finished with value: 6.975769076025696 and parameters: {'n_units_l0': 96, 'n_units_l1': 800, 'n_units_l2': 704, 'n_units_l3': 608, 'n_units_l4': 1984, 'n_units_l5': 3648, 'n_units_l6': 2144, 'n_units_l7': 128, 'n_units_l8': 128, 'lr': 0.002243450618021462}. Best is trial 21 with value: 4.611209227980969.
[I 2025-03-22 13:29:35,249] Trial 94 pruned. 
[I 2025-03-22 13:29:50,888] Trial 95 pruned. 
[I 2025-03-22 13:29:55,231] Trial 96 pruned. 
[I 2025-03-22 13:30:41,566] Trial 11 finished with value: 14.066120213010983 and parameters: {'n_units_l0': 96, 'n_units_l1': 32, 'n_units_l2': 1408, 'n_units_l3': 3904, 'n_units_l4': 1728, 'n_units_l5': 4064, 'n_units_l6': 2496, 'n_units_l7': 3840, 'n_units_l8': 2208, 'n_units_l9': 2752, 'n_units_l10': 3712, 'lr': 0.0005331057394731216}. Best is trial 10 with value: 10.94603187620296.
[I 2025-03-22 13:33:33,015] Trial 97 finished with value: 11.808178413816224 and parameters: {'n_units_l0': 1984, 'n_units_l1': 3264, 'n_units_l2': 448, 'n_units_l3': 544, 'n_units_l4': 3552, 'n_units_l5': 3840, 'n_units_l6': 3840, 'n_units_l7': 224, 'n_units_l8': 160, 'lr': 0.0016277386424649307}. Best is trial 21 with value: 4.611209227980969.
[I 2025-03-22 13:33:45,689] Trial 98 pruned. 
[I 2025-03-22 13:33:48,561] Trial 99 pruned. 
[I 2025-03-22 13:33:48,763] A new study created in memory with name: no-name-919c12fa-a723-496a-a378-ff7a845b61e3
[I 2025-03-22 13:36:34,426] Trial 12 finished with value: 8.942574654243863 and parameters: {'n_units_l0': 64, 'n_units_l1': 32, 'n_units_l2': 1312, 'n_units_l3': 4032, 'n_units_l4': 1760, 'n_units_l5': 4096, 'n_units_l6': 2400, 'n_units_l7': 4064, 'n_units_l8': 2336, 'n_units_l9': 2528, 'n_units_l10': 4096, 'lr': 0.00031840897946340486}. Best is trial 12 with value: 8.942574654243863.
[I 2025-03-22 13:36:37,969] Trial 13 pruned. 
[I 2025-03-22 13:39:22,269] Trial 0 finished with value: inf and parameters: {'n_units_l0': 1184, 'n_units_l1': 2144, 'n_units_l2': 2400, 'n_units_l3': 3264, 'n_units_l4': 3008, 'n_units_l5': 4096, 'n_units_l6': 480, 'n_units_l7': 2976, 'n_units_l8': 3840, 'n_units_l9': 1504, 'n_units_l10': 1248, 'n_units_l11': 1888, 'lr': 0.047589744832662796}. Best is trial 0 with value: inf.
[I 2025-03-22 13:41:35,993] Trial 1 finished with value: 125.338713314082 and parameters: {'n_units_l0': 2144, 'n_units_l1': 288, 'n_units_l2': 3328, 'n_units_l3': 1728, 'n_units_l4': 1248, 'n_units_l5': 864, 'n_units_l6': 256, 'n_units_l7': 3968, 'n_units_l8': 768, 'n_units_l9': 960, 'n_units_l10': 1216, 'n_units_l11': 1152, 'lr': 0.050404128713721144}. Best is trial 1 with value: 125.338713314082.
[I 2025-03-22 13:42:01,110] Trial 14 finished with value: 17.036583750565196 and parameters: {'n_units_l0': 864, 'n_units_l1': 768, 'n_units_l2': 1504, 'n_units_l3': 3488, 'n_units_l4': 3904, 'n_units_l5': 992, 'n_units_l6': 2528, 'n_units_l7': 4096, 'n_units_l8': 2688, 'n_units_l9': 1792, 'n_units_l10': 3552, 'lr': 0.0017979526263253004}. Best is trial 12 with value: 8.942574654243863.
[I 2025-03-22 13:42:04,009] Trial 15 pruned. 
[I 2025-03-22 13:42:08,037] Trial 16 pruned. 
[I 2025-03-22 13:42:10,318] Trial 17 pruned. 
[I 2025-03-22 13:42:12,500] Trial 18 pruned. 
[I 2025-03-22 13:42:15,932] Trial 19 pruned. 
[I 2025-03-22 13:42:18,826] Trial 20 pruned. 
[I 2025-03-22 13:45:28,146] Trial 2 finished with value: 125.41017436211989 and parameters: {'n_units_l0': 4032, 'n_units_l1': 1632, 'n_units_l2': 2112, 'n_units_l3': 3744, 'n_units_l4': 1440, 'n_units_l5': 1952, 'n_units_l6': 1408, 'n_units_l7': 3008, 'n_units_l8': 416, 'n_units_l9': 1856, 'n_units_l10': 1632, 'n_units_l11': 1472, 'lr': 0.024860600942629225}. Best is trial 1 with value: 125.338713314082.
[I 2025-03-22 13:48:04,580] Trial 21 finished with value: 12.719541019208402 and parameters: {'n_units_l0': 64, 'n_units_l1': 64, 'n_units_l2': 1184, 'n_units_l3': 3776, 'n_units_l4': 1728, 'n_units_l5': 4032, 'n_units_l6': 2688, 'n_units_l7': 3744, 'n_units_l8': 2240, 'n_units_l9': 2752, 'n_units_l10': 3808, 'lr': 0.0006532755292312742}. Best is trial 12 with value: 8.942574654243863.
[I 2025-03-22 13:50:23,153] Trial 3 finished with value: inf and parameters: {'n_units_l0': 2880, 'n_units_l1': 2368, 'n_units_l2': 2048, 'n_units_l3': 3744, 'n_units_l4': 2432, 'n_units_l5': 1280, 'n_units_l6': 1408, 'n_units_l7': 1664, 'n_units_l8': 3968, 'n_units_l9': 928, 'n_units_l10': 1824, 'n_units_l11': 3424, 'lr': 0.09112418238439375}. Best is trial 1 with value: 125.338713314082.
[I 2025-03-22 13:53:36,174] Trial 22 finished with value: 12.654827245162382 and parameters: {'n_units_l0': 448, 'n_units_l1': 1024, 'n_units_l2': 1056, 'n_units_l3': 3680, 'n_units_l4': 1440, 'n_units_l5': 4064, 'n_units_l6': 2944, 'n_units_l7': 3680, 'n_units_l8': 2432, 'n_units_l9': 2080, 'n_units_l10': 3776, 'lr': 0.0019164554058622957}. Best is trial 12 with value: 8.942574654243863.
[I 2025-03-22 13:53:39,217] Trial 23 pruned. 
[I 2025-03-22 13:53:43,536] Trial 24 pruned. 
[I 2025-03-22 13:53:47,006] Trial 25 pruned. 
[I 2025-03-22 13:53:50,890] Trial 26 pruned. 
[I 2025-03-22 13:53:58,587] Trial 27 pruned. 
[I 2025-03-22 13:54:00,898] Trial 28 pruned. 
[I 2025-03-22 13:54:03,256] Trial 29 pruned. 
[I 2025-03-22 13:54:06,748] Trial 30 pruned. 
[I 2025-03-22 13:54:14,368] Trial 31 pruned. 
[I 2025-03-22 13:54:21,792] Trial 4 finished with value: 125.36659373166118 and parameters: {'n_units_l0': 1600, 'n_units_l1': 2848, 'n_units_l2': 1632, 'n_units_l3': 832, 'n_units_l4': 4064, 'n_units_l5': 3776, 'n_units_l6': 448, 'n_units_l7': 544, 'n_units_l8': 2720, 'n_units_l9': 2240, 'n_units_l10': 704, 'n_units_l11': 3040, 'lr': 0.03023717593843319}. Best is trial 1 with value: 125.338713314082.
[I 2025-03-22 13:54:22,029] Trial 32 pruned. 
/trinity/home/fisheye/.local/lib/python3.9/site-packages/numpy/lib/function_base.py:4529: RuntimeWarning: invalid value encountered in multiply
  lerp_interpolation = asanyarray(add(a, diff_b_a * t, out=out))
[I 2025-03-22 13:54:26,352] Trial 33 pruned. 
[I 2025-03-22 13:54:29,418] Trial 34 pruned. 
[I 2025-03-22 13:58:11,876] Trial 35 finished with value: 8.258750354332596 and parameters: {'n_units_l0': 640, 'n_units_l1': 160, 'n_units_l2': 2080, 'n_units_l3': 3808, 'n_units_l4': 1504, 'n_units_l5': 1472, 'n_units_l6': 2368, 'n_units_l7': 3616, 'n_units_l8': 160, 'n_units_l9': 2240, 'n_units_l10': 4064, 'lr': 0.0004821306155419477}. Best is trial 35 with value: 8.258750354332596.
[I 2025-03-22 13:58:14,935] Trial 36 pruned. 
[I 2025-03-22 13:58:17,644] Trial 37 pruned. 
[I 2025-03-22 13:58:20,605] Trial 38 pruned. 
[I 2025-03-22 13:58:22,534] Trial 39 pruned. 
[I 2025-03-22 13:58:25,331] Trial 40 pruned. 
[I 2025-03-22 13:58:30,953] Trial 41 pruned. 
[I 2025-03-22 13:58:34,494] Trial 42 pruned. 
[I 2025-03-22 13:58:37,649] Trial 43 pruned. 
[I 2025-03-22 13:58:40,454] Trial 44 pruned. 
[I 2025-03-22 13:58:47,558] Trial 45 pruned. 
[I 2025-03-22 13:58:50,431] Trial 46 pruned. 
[I 2025-03-22 13:58:53,272] Trial 47 pruned. 
[I 2025-03-22 13:59:12,487] Trial 48 pruned. 
[I 2025-03-22 13:59:14,505] Trial 49 pruned. 
[I 2025-03-22 13:59:17,996] Trial 50 pruned. 
[I 2025-03-22 13:59:25,135] Trial 51 pruned. 
[I 2025-03-22 13:59:28,617] Trial 52 pruned. 
[I 2025-03-22 13:59:35,800] Trial 53 pruned. 
[I 2025-03-22 13:59:39,501] Trial 54 pruned. 
[I 2025-03-22 14:00:13,364] Trial 5 finished with value: inf and parameters: {'n_units_l0': 2560, 'n_units_l1': 2400, 'n_units_l2': 3648, 'n_units_l3': 1984, 'n_units_l4': 2080, 'n_units_l5': 2688, 'n_units_l6': 736, 'n_units_l7': 3488, 'n_units_l8': 2016, 'n_units_l9': 3264, 'n_units_l10': 2656, 'n_units_l11': 3072, 'lr': 0.09471210548394574}. Best is trial 1 with value: 125.338713314082.
/trinity/home/fisheye/.local/lib/python3.9/site-packages/numpy/lib/function_base.py:4530: RuntimeWarning: invalid value encountered in subtract
  subtract(b, diff_b_a * (1 - t), out=lerp_interpolation, where=t >= 0.5)
[I 2025-03-22 14:00:45,474] Trial 55 pruned. 
[I 2025-03-22 14:00:49,197] Trial 56 pruned. 
[I 2025-03-22 14:00:51,808] Trial 57 pruned. 
[I 2025-03-22 14:00:54,821] Trial 58 pruned. 
[I 2025-03-22 14:01:19,562] Trial 59 pruned. 
[I 2025-03-22 14:01:22,230] Trial 60 pruned. 
[I 2025-03-22 14:01:38,309] Trial 61 pruned. 
[I 2025-03-22 14:01:44,450] Trial 62 pruned. 
[I 2025-03-22 14:01:47,474] Trial 63 pruned. 
[I 2025-03-22 14:01:50,799] Trial 64 pruned. 
[I 2025-03-22 14:01:56,727] Trial 65 pruned. 
[I 2025-03-22 14:01:59,335] Trial 66 pruned. 
[I 2025-03-22 14:02:02,841] Trial 67 pruned. 
[I 2025-03-22 14:02:06,007] Trial 68 pruned. 
[I 2025-03-22 14:02:08,135] Trial 69 pruned. 
[I 2025-03-22 14:02:11,608] Trial 70 pruned. 
[I 2025-03-22 14:02:13,928] Trial 71 pruned. 
[I 2025-03-22 14:02:16,783] Trial 72 pruned. 
[I 2025-03-22 14:02:18,752] Trial 73 pruned. 
[I 2025-03-22 14:02:21,359] Trial 74 pruned. 
[I 2025-03-22 14:02:24,866] Trial 75 pruned. 
[I 2025-03-22 14:02:27,610] Trial 76 pruned. 
[I 2025-03-22 14:02:30,187] Trial 77 pruned. 
[I 2025-03-22 14:02:34,200] Trial 78 pruned. 
[I 2025-03-22 14:02:37,161] Trial 79 pruned. 
[I 2025-03-22 14:02:41,756] Trial 80 pruned. 
[I 2025-03-22 14:02:43,557] Trial 81 pruned. 
[I 2025-03-22 14:02:47,699] Trial 82 pruned. 
[I 2025-03-22 14:02:49,385] Trial 83 pruned. 
[I 2025-03-22 14:02:51,464] Trial 84 pruned. 
[I 2025-03-22 14:02:53,801] Trial 85 pruned. 
[I 2025-03-22 14:02:57,117] Trial 86 pruned. 
[I 2025-03-22 14:03:00,263] Trial 87 pruned. 
[I 2025-03-22 14:03:06,235] Trial 88 pruned. 
[I 2025-03-22 14:03:10,086] Trial 89 pruned. 
[I 2025-03-22 14:03:13,559] Trial 90 pruned. 
[I 2025-03-22 14:03:15,297] Trial 91 pruned. 
[I 2025-03-22 14:03:17,364] Trial 92 pruned. 
[I 2025-03-22 14:03:20,037] Trial 93 pruned. 
[I 2025-03-22 14:03:22,103] Trial 94 pruned. 
[I 2025-03-22 14:03:23,727] Trial 95 pruned. 
[I 2025-03-22 14:03:26,481] Trial 96 pruned. 
[I 2025-03-22 14:03:28,881] Trial 97 pruned. 
[I 2025-03-22 14:03:31,301] Trial 98 pruned. 
[I 2025-03-22 14:03:32,944] Trial 99 pruned. 
[I 2025-03-22 14:03:33,211] A new study created in memory with name: no-name-20e36ea4-604b-426b-82d7-aa7e073d0488
[I 2025-03-22 14:04:58,737] Trial 6 finished with value: inf and parameters: {'n_units_l0': 928, 'n_units_l1': 4032, 'n_units_l2': 2112, 'n_units_l3': 2816, 'n_units_l4': 448, 'n_units_l5': 3392, 'n_units_l6': 3232, 'n_units_l7': 1312, 'n_units_l8': 3680, 'n_units_l9': 1376, 'n_units_l10': 2688, 'n_units_l11': 896, 'lr': 0.06174198626139035}. Best is trial 1 with value: 125.338713314082.
/trinity/home/fisheye/.local/lib/python3.9/site-packages/numpy/lib/function_base.py:4527: RuntimeWarning: invalid value encountered in subtract
  diff_b_a = subtract(b, a)
[I 2025-03-22 14:05:29,635] Trial 0 finished with value: 42.54798220952665 and parameters: {'n_units_l0': 3072, 'n_units_l1': 2912, 'lr': 0.09864233677938251}. Best is trial 0 with value: 42.54798220952665.
[I 2025-03-22 14:07:26,296] Trial 1 finished with value: 16.516779852390837 and parameters: {'n_units_l0': 1856, 'n_units_l1': 3232, 'lr': 0.013454026160276519}. Best is trial 1 with value: 16.516779852390837.
[I 2025-03-22 14:08:06,361] Trial 7 finished with value: 125.33092922947748 and parameters: {'n_units_l0': 3968, 'n_units_l1': 1824, 'n_units_l2': 1952, 'n_units_l3': 672, 'n_units_l4': 320, 'n_units_l5': 1376, 'n_units_l6': 2784, 'n_units_l7': 2336, 'n_units_l8': 416, 'n_units_l9': 1600, 'n_units_l10': 1856, 'n_units_l11': 864, 'lr': 0.02019030373735272}. Best is trial 7 with value: 125.33092922947748.
[I 2025-03-22 14:09:22,648] Trial 2 finished with value: 124.82384942644984 and parameters: {'n_units_l0': 1888, 'n_units_l1': 3136, 'lr': 0.09603091826639097}. Best is trial 1 with value: 16.516779852390837.
[I 2025-03-22 14:11:18,358] Trial 3 finished with value: 12.585056542591099 and parameters: {'n_units_l0': 2560, 'n_units_l1': 960, 'lr': 0.005608623258559824}. Best is trial 3 with value: 12.585056542591099.
[I 2025-03-22 14:11:55,487] Trial 8 finished with value: 125.3567149361841 and parameters: {'n_units_l0': 288, 'n_units_l1': 512, 'n_units_l2': 512, 'n_units_l3': 2016, 'n_units_l4': 672, 'n_units_l5': 3744, 'n_units_l6': 3904, 'n_units_l7': 1600, 'n_units_l8': 128, 'n_units_l9': 3264, 'n_units_l10': 2720, 'n_units_l11': 1600, 'lr': 0.0534421348239496}. Best is trial 7 with value: 125.33092922947748.
[I 2025-03-22 14:13:14,481] Trial 4 finished with value: 22.24410024799777 and parameters: {'n_units_l0': 2624, 'n_units_l1': 224, 'lr': 0.0414658424843629}. Best is trial 3 with value: 12.585056542591099.
[I 2025-03-22 14:13:20,318] Trial 5 pruned. 
[I 2025-03-22 14:13:26,202] Trial 6 pruned. 
[I 2025-03-22 14:13:27,469] Trial 7 pruned. 
[I 2025-03-22 14:13:29,800] Trial 8 pruned. 
[I 2025-03-22 14:13:31,053] Trial 9 pruned. 
[I 2025-03-22 14:13:33,433] Trial 10 pruned. 
[I 2025-03-22 14:13:34,572] Trial 11 pruned. 
[I 2025-03-22 14:13:35,722] Trial 12 pruned. 
[I 2025-03-22 14:15:15,528] Trial 9 finished with value: 125.33041271228178 and parameters: {'n_units_l0': 1888, 'n_units_l1': 1216, 'n_units_l2': 1152, 'n_units_l3': 2144, 'n_units_l4': 2272, 'n_units_l5': 1728, 'n_units_l6': 1344, 'n_units_l7': 1024, 'n_units_l8': 3424, 'n_units_l9': 1376, 'n_units_l10': 1376, 'n_units_l11': 2880, 'lr': 0.02157775547897061}. Best is trial 9 with value: 125.33041271228178.
[I 2025-03-22 14:15:31,824] Trial 13 finished with value: 7.386692377453893 and parameters: {'n_units_l0': 128, 'n_units_l1': 2368, 'lr': 0.002765041644088674}. Best is trial 13 with value: 7.386692377453893.
[I 2025-03-22 14:17:27,769] Trial 14 finished with value: 7.55344932230748 and parameters: {'n_units_l0': 192, 'n_units_l1': 2336, 'lr': 0.0029825509302595582}. Best is trial 13 with value: 7.386692377453893.
[I 2025-03-22 14:17:35,865] Trial 15 pruned. 
[I 2025-03-22 14:17:37,096] Trial 16 pruned. 
[I 2025-03-22 14:17:41,775] Trial 17 pruned. 
[I 2025-03-22 14:17:43,002] Trial 18 pruned. 
[I 2025-03-22 14:17:51,050] Trial 19 pruned. 
[I 2025-03-22 14:17:52,303] Trial 20 pruned. 
[I 2025-03-22 14:17:54,567] Trial 21 pruned. 
[I 2025-03-22 14:17:55,811] Trial 22 pruned. 
[I 2025-03-22 14:17:56,930] Trial 23 pruned. 
[I 2025-03-22 14:17:59,277] Trial 24 pruned. 
[I 2025-03-22 14:18:01,634] Trial 25 pruned. 
[I 2025-03-22 14:18:13,273] Trial 26 pruned. 
[I 2025-03-22 14:18:24,799] Trial 27 pruned. 
[I 2025-03-22 14:18:26,060] Trial 28 pruned. 
[I 2025-03-22 14:18:27,220] Trial 29 pruned. 
[I 2025-03-22 14:18:28,383] Trial 30 pruned. 
