[I 2025-03-21 23:24:27,049] A new study created in memory with name: no-name-591ccbe8-4029-47d2-af16-181ae20adea1
[I 2025-03-21 23:24:27,052] A new study created in memory with name: no-name-39f4bed7-dafa-4374-bb56-696638eb45f3
[I 2025-03-21 23:24:29,348] Trial 0 finished with value: 108.40189361572266 and parameters: {'n_units_l0': 928, 'n_units_l1': 3040, 'lr': 0.014388224508265842}. Best is trial 0 with value: 108.40189361572266.
[I 2025-03-21 23:24:29,433] Trial 0 finished with value: 43.689640045166016 and parameters: {'n_units_l0': 448, 'n_units_l1': 992, 'n_units_l2': 1728, 'lr': 0.08794772509624219}. Best is trial 0 with value: 43.689640045166016.
[I 2025-03-21 23:24:30,184] Trial 1 finished with value: 95.3088150024414 and parameters: {'n_units_l0': 2816, 'n_units_l1': 2272, 'lr': 0.007461887575665681}. Best is trial 1 with value: 95.3088150024414.
[I 2025-03-21 23:24:30,464] Trial 1 finished with value: 82.2402572631836 and parameters: {'n_units_l0': 1024, 'n_units_l1': 3776, 'n_units_l2': 3360, 'lr': 0.063000087953054}. Best is trial 0 with value: 43.689640045166016.
[I 2025-03-21 23:24:30,904] Trial 2 finished with value: 93.7197036743164 and parameters: {'n_units_l0': 2592, 'n_units_l1': 896, 'lr': 0.037316383869697003}. Best is trial 2 with value: 93.7197036743164.
[I 2025-03-21 23:24:31,251] Trial 2 finished with value: 92.62342071533203 and parameters: {'n_units_l0': 2752, 'n_units_l1': 1472, 'n_units_l2': 128, 'lr': 0.06195623524997994}. Best is trial 0 with value: 43.689640045166016.
[I 2025-03-21 23:24:31,616] Trial 3 finished with value: 84.9065933227539 and parameters: {'n_units_l0': 2016, 'n_units_l1': 416, 'lr': 0.038729705888436855}. Best is trial 3 with value: 84.9065933227539.
[I 2025-03-21 23:24:32,323] Trial 4 finished with value: 85.04524993896484 and parameters: {'n_units_l0': 256, 'n_units_l1': 3648, 'lr': 0.02447802206412743}. Best is trial 3 with value: 84.9065933227539.
[I 2025-03-21 23:24:32,360] Trial 5 pruned. 
[I 2025-03-21 23:24:32,391] Trial 6 pruned. 
[I 2025-03-21 23:24:32,453] Trial 7 pruned. 
[I 2025-03-21 23:24:32,494] Trial 8 pruned. 
[I 2025-03-21 23:24:32,509] Trial 9 pruned. 
[I 2025-03-21 23:24:32,549] Trial 3 finished with value: 96.17406463623047 and parameters: {'n_units_l0': 2048, 'n_units_l1': 4096, 'n_units_l2': 3424, 'lr': 0.028585083039464103}. Best is trial 0 with value: 43.689640045166016.
[I 2025-03-21 23:24:32,550] Trial 10 pruned. 
[I 2025-03-21 23:24:32,597] Trial 11 pruned. 
[I 2025-03-21 23:24:32,700] Trial 12 pruned. 
[I 2025-03-21 23:24:32,765] Trial 13 pruned. 
[I 2025-03-21 23:24:32,815] Trial 14 pruned. 
[I 2025-03-21 23:24:32,838] Trial 15 pruned. 
[I 2025-03-21 23:24:32,869] Trial 16 pruned. 
[I 2025-03-21 23:24:32,913] Trial 17 pruned. 
[I 2025-03-21 23:24:32,965] Trial 18 pruned. 
[I 2025-03-21 23:24:32,997] Trial 19 pruned. 
[I 2025-03-21 23:24:33,027] Trial 20 pruned. 
[I 2025-03-21 23:24:33,056] Trial 21 pruned. 
[I 2025-03-21 23:24:33,080] Trial 22 pruned. 
[I 2025-03-21 23:24:33,124] Trial 23 pruned. 
[I 2025-03-21 23:24:33,158] Trial 24 pruned. 
[I 2025-03-21 23:24:33,204] Trial 25 pruned. 
[I 2025-03-21 23:24:33,230] Trial 26 pruned. 
[I 2025-03-21 23:24:33,259] Trial 27 pruned. 
[I 2025-03-21 23:24:33,310] Trial 28 pruned. 
[I 2025-03-21 23:24:33,355] Trial 29 pruned. 
[I 2025-03-21 23:24:33,380] Trial 30 pruned. 
[I 2025-03-21 23:24:33,415] Trial 4 finished with value: 123.40021514892578 and parameters: {'n_units_l0': 3840, 'n_units_l1': 2112, 'n_units_l2': 3456, 'lr': 0.09591288754258724}. Best is trial 0 with value: 43.689640045166016.
[I 2025-03-21 23:24:33,439] Trial 31 pruned. 
[I 2025-03-21 23:24:33,482] Trial 32 pruned. 
[I 2025-03-21 23:24:33,492] Trial 5 pruned. 
[I 2025-03-21 23:24:33,578] Trial 6 pruned. 
[I 2025-03-21 23:24:33,622] Trial 33 pruned. 
[I 2025-03-21 23:24:33,631] Trial 7 pruned. 
[I 2025-03-21 23:24:33,655] Trial 34 pruned. 
[I 2025-03-21 23:24:33,679] Trial 8 pruned. 
[I 2025-03-21 23:24:33,709] Trial 35 pruned. 
[I 2025-03-21 23:24:33,766] Trial 36 pruned. 
[I 2025-03-21 23:24:33,791] Trial 37 pruned. 
[I 2025-03-21 23:24:33,839] Trial 9 pruned. 
[I 2025-03-21 23:24:33,936] Trial 10 pruned. 
[I 2025-03-21 23:24:34,017] Trial 11 pruned. 
[I 2025-03-21 23:24:34,053] Trial 38 pruned. 
[I 2025-03-21 23:24:34,090] Trial 12 pruned. 
[I 2025-03-21 23:24:34,108] Trial 39 pruned. 
[I 2025-03-21 23:24:34,148] Trial 13 pruned. 
[I 2025-03-21 23:24:34,173] Trial 40 pruned. 
[I 2025-03-21 23:24:34,190] Trial 14 pruned. 
[I 2025-03-21 23:24:34,349] Trial 15 pruned. 
[I 2025-03-21 23:24:34,522] Trial 16 pruned. 
[I 2025-03-21 23:24:34,612] Trial 17 pruned. 
[I 2025-03-21 23:24:34,916] Trial 41 finished with value: 81.81121063232422 and parameters: {'n_units_l0': 32, 'n_units_l1': 3232, 'lr': 0.007396552835436908}. Best is trial 41 with value: 81.81121063232422.
[I 2025-03-21 23:24:35,020] Trial 42 pruned. 
[I 2025-03-21 23:24:35,452] Trial 18 finished with value: 46.906768798828125 and parameters: {'n_units_l0': 1408, 'n_units_l1': 2848, 'n_units_l2': 1120, 'lr': 0.06972586567325403}. Best is trial 0 with value: 43.689640045166016.
[I 2025-03-21 23:24:35,519] Trial 19 pruned. 
[I 2025-03-21 23:24:35,562] Trial 20 pruned. 
[I 2025-03-21 23:24:35,676] Trial 21 pruned. 
[I 2025-03-21 23:24:35,762] Trial 43 finished with value: 88.95929718017578 and parameters: {'n_units_l0': 128, 'n_units_l1': 3776, 'lr': 0.0014135184986646173}. Best is trial 41 with value: 81.81121063232422.
[I 2025-03-21 23:24:35,834] Trial 44 pruned. 
[I 2025-03-21 23:24:35,877] Trial 45 pruned. 
[I 2025-03-21 23:24:35,911] Trial 46 pruned. 
[I 2025-03-21 23:24:35,987] Trial 22 pruned. 
[I 2025-03-21 23:24:36,110] Trial 23 pruned. 
[I 2025-03-21 23:24:36,132] Trial 47 pruned. 
[I 2025-03-21 23:24:36,178] Trial 24 pruned. 
[I 2025-03-21 23:24:36,212] Trial 48 pruned. 
[I 2025-03-21 23:24:36,244] Trial 25 pruned. 
[I 2025-03-21 23:24:36,289] Trial 26 pruned. 
[I 2025-03-21 23:24:36,308] Trial 49 pruned. 
[I 2025-03-21 23:24:36,429] Trial 27 pruned. 
[I 2025-03-21 23:24:36,431] Trial 50 pruned. 
[I 2025-03-21 23:24:36,478] Trial 51 pruned. 
[I 2025-03-21 23:24:36,531] Trial 28 pruned. 
[I 2025-03-21 23:24:36,541] Trial 52 pruned. 
[I 2025-03-21 23:24:36,686] Trial 53 pruned. 
[I 2025-03-21 23:24:36,708] Trial 29 pruned. 
[I 2025-03-21 23:24:36,723] Trial 54 pruned. 
[I 2025-03-21 23:24:36,766] Trial 55 pruned. 
[I 2025-03-21 23:24:36,787] Trial 30 pruned. 
[I 2025-03-21 23:24:36,801] Trial 56 pruned. 
[I 2025-03-21 23:24:37,016] Trial 31 pruned. 
[I 2025-03-21 23:24:37,157] Trial 32 pruned. 
[I 2025-03-21 23:24:37,226] Trial 33 pruned. 
[I 2025-03-21 23:24:37,327] Trial 34 pruned. 
[I 2025-03-21 23:24:37,425] Trial 35 pruned. 
[I 2025-03-21 23:24:37,478] Trial 36 pruned. 
[I 2025-03-21 23:24:37,525] Trial 37 pruned. 
[I 2025-03-21 23:24:37,584] Trial 38 pruned. 
[I 2025-03-21 23:24:37,649] Trial 57 finished with value: 59.132102966308594 and parameters: {'n_units_l0': 32, 'n_units_l1': 3360, 'lr': 0.008586053228472584}. Best is trial 57 with value: 59.132102966308594.
[I 2025-03-21 23:24:37,661] Trial 39 pruned. 
[I 2025-03-21 23:24:37,672] Trial 58 pruned. 
[I 2025-03-21 23:24:37,703] Trial 59 pruned. 
[I 2025-03-21 23:24:37,746] Trial 60 pruned. 
[I 2025-03-21 23:24:37,764] Trial 40 pruned. 
[I 2025-03-21 23:24:37,811] Trial 61 pruned. 
[I 2025-03-21 23:24:37,915] Trial 62 pruned. 
[I 2025-03-21 23:24:37,924] Trial 41 pruned. 
[I 2025-03-21 23:24:37,940] Trial 63 pruned. 
[I 2025-03-21 23:24:38,001] Trial 64 pruned. 
[I 2025-03-21 23:24:38,040] Trial 65 pruned. 
[I 2025-03-21 23:24:38,061] Trial 42 pruned. 
[I 2025-03-21 23:24:38,076] Trial 66 pruned. 
[I 2025-03-21 23:24:38,104] Trial 67 pruned. 
[I 2025-03-21 23:24:38,160] Trial 68 pruned. 
[I 2025-03-21 23:24:38,189] Trial 69 pruned. 
[I 2025-03-21 23:24:38,217] Trial 70 pruned. 
[I 2025-03-21 23:24:38,261] Trial 71 pruned. 
[I 2025-03-21 23:24:38,306] Trial 72 pruned. 
[I 2025-03-21 23:24:38,366] Trial 43 pruned. 
[I 2025-03-21 23:24:38,374] Trial 73 pruned. 
[I 2025-03-21 23:24:38,428] Trial 74 pruned. 
[I 2025-03-21 23:24:38,456] Trial 75 pruned. 
[I 2025-03-21 23:24:38,486] Trial 76 pruned. 
[I 2025-03-21 23:24:38,501] Trial 44 pruned. 
[I 2025-03-21 23:24:38,523] Trial 77 pruned. 
[I 2025-03-21 23:24:38,544] Trial 45 pruned. 
[I 2025-03-21 23:24:38,548] Trial 78 pruned. 
[I 2025-03-21 23:24:38,590] Trial 79 pruned. 
[I 2025-03-21 23:24:38,644] Trial 46 pruned. 
[I 2025-03-21 23:24:38,763] Trial 47 pruned. 
[I 2025-03-21 23:24:38,793] Trial 80 pruned. 
[I 2025-03-21 23:24:39,100] Trial 81 pruned. 
[I 2025-03-21 23:24:39,124] Trial 82 pruned. 
[I 2025-03-21 23:24:39,170] Trial 83 pruned. 
[I 2025-03-21 23:24:39,371] Trial 84 pruned. 
[I 2025-03-21 23:24:39,401] Trial 85 pruned. 
[I 2025-03-21 23:24:39,478] Trial 86 pruned. 
[I 2025-03-21 23:24:39,518] Trial 87 pruned. 
[I 2025-03-21 23:24:39,549] Trial 88 pruned. 
[I 2025-03-21 23:24:39,618] Trial 89 pruned. 
[I 2025-03-21 23:24:39,646] Trial 90 pruned. 
[I 2025-03-21 23:24:39,692] Trial 48 finished with value: 45.08711624145508 and parameters: {'n_units_l0': 704, 'n_units_l1': 1888, 'n_units_l2': 1312, 'lr': 0.06712894942286245}. Best is trial 0 with value: 43.689640045166016.
[I 2025-03-21 23:24:39,839] Trial 49 pruned. 
[I 2025-03-21 23:24:39,871] Trial 91 pruned. 
[I 2025-03-21 23:24:39,887] Trial 50 pruned. 
[I 2025-03-21 23:24:39,936] Trial 51 pruned. 
[I 2025-03-21 23:24:39,975] Trial 92 pruned. 
[I 2025-03-21 23:24:40,000] Trial 52 pruned. 
[I 2025-03-21 23:24:40,023] Trial 93 pruned. 
[I 2025-03-21 23:24:40,099] Trial 53 pruned. 
[I 2025-03-21 23:24:40,115] Trial 94 pruned. 
[I 2025-03-21 23:24:40,151] Trial 54 pruned. 
[I 2025-03-21 23:24:40,185] Trial 55 pruned. 
[I 2025-03-21 23:24:40,219] Trial 95 pruned. 
[I 2025-03-21 23:24:40,255] Trial 96 pruned. 
[I 2025-03-21 23:24:40,284] Trial 97 pruned. 
[I 2025-03-21 23:24:40,309] Trial 98 pruned. 
[I 2025-03-21 23:24:40,349] Trial 99 pruned. 
[I 2025-03-21 23:24:40,359] A new study created in memory with name: no-name-05dd7f77-ea48-4fd1-8645-59640abd68df
[I 2025-03-21 23:24:40,455] Trial 56 pruned. 
[I 2025-03-21 23:24:40,557] Trial 57 pruned. 
[I 2025-03-21 23:24:40,671] Trial 58 pruned. 
[I 2025-03-21 23:24:40,729] Trial 59 pruned. 
[I 2025-03-21 23:24:40,822] Trial 60 pruned. 
[I 2025-03-21 23:24:40,888] Trial 61 pruned. 
[I 2025-03-21 23:24:40,943] Trial 62 pruned. 
[I 2025-03-21 23:24:41,092] Trial 63 pruned. 
[I 2025-03-21 23:24:41,195] Trial 64 pruned. 
[I 2025-03-21 23:24:41,273] Trial 65 pruned. 
[I 2025-03-21 23:24:41,311] Trial 66 pruned. 
[I 2025-03-21 23:24:41,317] Trial 0 finished with value: 99.18009948730469 and parameters: {'n_units_l0': 3360, 'n_units_l1': 1120, 'n_units_l2': 1248, 'n_units_l3': 3104, 'lr': 0.03370003986807366}. Best is trial 0 with value: 99.18009948730469.
[I 2025-03-21 23:24:41,347] Trial 67 pruned. 
[I 2025-03-21 23:24:41,425] Trial 68 pruned. 
[I 2025-03-21 23:24:41,472] Trial 69 pruned. 
[I 2025-03-21 23:24:41,532] Trial 70 pruned. 
[I 2025-03-21 23:24:41,807] Trial 71 pruned. 
[I 2025-03-21 23:24:41,864] Trial 72 pruned. 
[I 2025-03-21 23:24:42,139] Trial 73 pruned. 
[I 2025-03-21 23:24:42,259] Trial 74 pruned. 
[I 2025-03-21 23:24:42,316] Trial 1 finished with value: 144.519287109375 and parameters: {'n_units_l0': 1216, 'n_units_l1': 1664, 'n_units_l2': 3744, 'n_units_l3': 2432, 'lr': 0.06121444516820411}. Best is trial 0 with value: 99.18009948730469.
[I 2025-03-21 23:24:42,955] Trial 75 pruned. 
[I 2025-03-21 23:24:43,047] Trial 76 pruned. 
[I 2025-03-21 23:24:43,137] Trial 77 pruned. 
[I 2025-03-21 23:24:43,868] Trial 2 finished with value: 125.97509765625 and parameters: {'n_units_l0': 3808, 'n_units_l1': 3424, 'n_units_l2': 2592, 'n_units_l3': 1728, 'lr': 0.05986999802098276}. Best is trial 0 with value: 99.18009948730469.
[I 2025-03-21 23:24:44,088] Trial 78 finished with value: 105.76943969726562 and parameters: {'n_units_l0': 224, 'n_units_l1': 3712, 'n_units_l2': 1600, 'lr': 0.014072026119624752}. Best is trial 0 with value: 43.689640045166016.
[I 2025-03-21 23:24:44,335] Trial 79 pruned. 
[I 2025-03-21 23:24:44,713] Trial 3 finished with value: 52.8553352355957 and parameters: {'n_units_l0': 736, 'n_units_l1': 1280, 'n_units_l2': 2016, 'n_units_l3': 1056, 'lr': 0.05972972802048718}. Best is trial 3 with value: 52.8553352355957.
[I 2025-03-21 23:24:45,166] Trial 80 finished with value: 82.80947875976562 and parameters: {'n_units_l0': 256, 'n_units_l1': 1920, 'n_units_l2': 1568, 'lr': 0.01365584621149995}. Best is trial 0 with value: 43.689640045166016.
[I 2025-03-21 23:24:45,492] Trial 81 pruned. 
[I 2025-03-21 23:24:45,678] Trial 4 finished with value: 97.60523986816406 and parameters: {'n_units_l0': 2080, 'n_units_l1': 3872, 'n_units_l2': 416, 'n_units_l3': 2048, 'lr': 0.002825637443704913}. Best is trial 3 with value: 52.8553352355957.
[I 2025-03-21 23:24:45,724] Trial 82 pruned. 
[I 2025-03-21 23:24:45,969] Trial 83 pruned. 
[I 2025-03-21 23:24:46,225] Trial 84 pruned. 
[I 2025-03-21 23:24:46,274] Trial 85 pruned. 
[I 2025-03-21 23:24:46,321] Trial 86 pruned. 
[I 2025-03-21 23:24:46,462] Trial 87 pruned. 
[I 2025-03-21 23:24:46,567] Trial 5 finished with value: 127.44100189208984 and parameters: {'n_units_l0': 864, 'n_units_l1': 672, 'n_units_l2': 2400, 'n_units_l3': 3520, 'lr': 0.03886053359184879}. Best is trial 3 with value: 52.8553352355957.
[I 2025-03-21 23:24:46,895] Trial 88 pruned. 
[I 2025-03-21 23:24:47,006] Trial 89 pruned. 
[I 2025-03-21 23:24:47,065] Trial 90 pruned. 
[I 2025-03-21 23:24:47,168] Trial 91 pruned. 
[I 2025-03-21 23:24:47,258] Trial 92 pruned. 
[I 2025-03-21 23:24:47,465] Trial 93 pruned. 
[I 2025-03-21 23:24:47,620] Trial 6 finished with value: 96.70781707763672 and parameters: {'n_units_l0': 3328, 'n_units_l1': 4064, 'n_units_l2': 768, 'n_units_l3': 1536, 'lr': 0.008502283556629289}. Best is trial 3 with value: 52.8553352355957.
[I 2025-03-21 23:24:47,707] Trial 7 pruned. 
[I 2025-03-21 23:24:47,777] Trial 8 pruned. 
[I 2025-03-21 23:24:47,856] Trial 9 pruned. 
[I 2025-03-21 23:24:47,968] Trial 10 pruned. 
[I 2025-03-21 23:24:48,395] Trial 94 finished with value: 54.64208984375 and parameters: {'n_units_l0': 32, 'n_units_l1': 3808, 'n_units_l2': 736, 'lr': 0.058573409646931696}. Best is trial 0 with value: 43.689640045166016.
[I 2025-03-21 23:24:48,526] Trial 95 pruned. 
[I 2025-03-21 23:24:48,898] Trial 11 finished with value: 95.56430053710938 and parameters: {'n_units_l0': 3104, 'n_units_l1': 4096, 'n_units_l2': 64, 'n_units_l3': 1056, 'lr': 0.007314577061548897}. Best is trial 3 with value: 52.8553352355957.
[I 2025-03-21 23:24:49,345] Trial 96 finished with value: 43.803409576416016 and parameters: {'n_units_l0': 256, 'n_units_l1': 3264, 'n_units_l2': 192, 'lr': 0.05697145507982995}. Best is trial 0 with value: 43.689640045166016.
[I 2025-03-21 23:24:49,377] Trial 97 pruned. 
[I 2025-03-21 23:24:49,453] Trial 98 pruned. 
[I 2025-03-21 23:24:49,851] Trial 12 finished with value: 56.9333381652832 and parameters: {'n_units_l0': 160, 'n_units_l1': 2720, 'n_units_l2': 32, 'n_units_l3': 864, 'lr': 0.018679496557280097}. Best is trial 3 with value: 52.8553352355957.
[I 2025-03-21 23:24:49,901] Trial 13 pruned. 
[I 2025-03-21 23:24:49,964] Trial 14 pruned. 
[I 2025-03-21 23:24:50,069] Trial 15 pruned. 
[I 2025-03-21 23:24:50,154] Trial 16 pruned. 
[I 2025-03-21 23:24:50,243] Trial 17 pruned. 
[I 2025-03-21 23:24:50,270] Trial 99 finished with value: 49.86149978637695 and parameters: {'n_units_l0': 128, 'n_units_l1': 3232, 'n_units_l2': 288, 'lr': 0.04298233160707382}. Best is trial 0 with value: 43.689640045166016.
[I 2025-03-21 23:24:50,280] A new study created in memory with name: no-name-161290a4-ecf3-4f95-baac-b1372f6d4ae8
[I 2025-03-21 23:24:50,330] Trial 18 pruned. 
[I 2025-03-21 23:24:50,432] Trial 19 pruned. 
[I 2025-03-21 23:24:50,492] Trial 20 pruned. 
[I 2025-03-21 23:24:51,176] Trial 0 finished with value: 126.05773162841797 and parameters: {'n_units_l0': 2656, 'n_units_l1': 896, 'n_units_l2': 2624, 'n_units_l3': 128, 'n_units_l4': 1088, 'lr': 0.08351362727779814}. Best is trial 0 with value: 126.05773162841797.
[I 2025-03-21 23:24:51,405] Trial 21 finished with value: 84.39807891845703 and parameters: {'n_units_l0': 2944, 'n_units_l1': 3488, 'n_units_l2': 160, 'n_units_l3': 1152, 'lr': 0.008663041007160184}. Best is trial 3 with value: 52.8553352355957.
[I 2025-03-21 23:24:51,515] Trial 22 pruned. 
[I 2025-03-21 23:24:51,601] Trial 23 pruned. 
[I 2025-03-21 23:24:52,200] Trial 1 finished with value: 126.0708999633789 and parameters: {'n_units_l0': 2560, 'n_units_l1': 2656, 'n_units_l2': 1216, 'n_units_l3': 128, 'n_units_l4': 2048, 'lr': 0.09201942888092889}. Best is trial 0 with value: 126.05773162841797.
[I 2025-03-21 23:24:52,369] Trial 24 pruned. 
[I 2025-03-21 23:24:52,485] Trial 25 pruned. 
[I 2025-03-21 23:24:52,550] Trial 26 pruned. 
[I 2025-03-21 23:24:52,623] Trial 27 pruned. 
[I 2025-03-21 23:24:52,707] Trial 28 pruned. 
[I 2025-03-21 23:24:52,758] Trial 29 pruned. 
[I 2025-03-21 23:24:52,868] Trial 30 pruned. 
[I 2025-03-21 23:24:52,996] Trial 31 pruned. 
[I 2025-03-21 23:24:53,138] Trial 32 pruned. 
[I 2025-03-21 23:24:53,145] Trial 2 finished with value: 126.034423828125 and parameters: {'n_units_l0': 2944, 'n_units_l1': 992, 'n_units_l2': 3584, 'n_units_l3': 1440, 'n_units_l4': 1408, 'lr': 0.04363266822258348}. Best is trial 2 with value: 126.034423828125.
[I 2025-03-21 23:24:53,267] Trial 33 pruned. 
[I 2025-03-21 23:24:54,051] Trial 3 finished with value: 96.60340118408203 and parameters: {'n_units_l0': 544, 'n_units_l1': 1408, 'n_units_l2': 2304, 'n_units_l3': 416, 'n_units_l4': 1248, 'lr': 0.02868591271067468}. Best is trial 3 with value: 96.60340118408203.
[I 2025-03-21 23:24:54,295] Trial 34 finished with value: 94.71138763427734 and parameters: {'n_units_l0': 2432, 'n_units_l1': 3648, 'n_units_l2': 896, 'n_units_l3': 288, 'lr': 0.0014850530592908154}. Best is trial 3 with value: 52.8553352355957.
[I 2025-03-21 23:24:54,921] Trial 35 pruned. 
[I 2025-03-21 23:24:54,980] Trial 36 pruned. 
[I 2025-03-21 23:24:55,052] Trial 4 finished with value: 126.0116195678711 and parameters: {'n_units_l0': 2048, 'n_units_l1': 352, 'n_units_l2': 3488, 'n_units_l3': 576, 'n_units_l4': 1440, 'lr': 0.04975235017768071}. Best is trial 3 with value: 96.60340118408203.
[I 2025-03-21 23:24:55,109] Trial 37 pruned. 
[I 2025-03-21 23:24:55,184] Trial 38 pruned. 
[I 2025-03-21 23:24:55,226] Trial 5 pruned. 
[I 2025-03-21 23:24:55,257] Trial 39 pruned. 
[I 2025-03-21 23:24:55,359] Trial 40 pruned. 
[I 2025-03-21 23:24:56,007] Trial 41 pruned. 
[I 2025-03-21 23:24:56,141] Trial 6 finished with value: 85.71846771240234 and parameters: {'n_units_l0': 352, 'n_units_l1': 800, 'n_units_l2': 704, 'n_units_l3': 1312, 'n_units_l4': 1952, 'lr': 0.05879347804742895}. Best is trial 6 with value: 85.71846771240234.
[I 2025-03-21 23:24:56,230] Trial 7 pruned. 
[I 2025-03-21 23:24:56,276] Trial 42 pruned. 
[I 2025-03-21 23:24:56,370] Trial 43 pruned. 
[I 2025-03-21 23:24:56,459] Trial 44 pruned. 
[I 2025-03-21 23:24:56,985] Trial 45 pruned. 
[I 2025-03-21 23:24:57,201] Trial 8 finished with value: 98.68798828125 and parameters: {'n_units_l0': 2656, 'n_units_l1': 3488, 'n_units_l2': 1600, 'n_units_l3': 96, 'n_units_l4': 832, 'lr': 0.0010823051214735964}. Best is trial 6 with value: 85.71846771240234.
[I 2025-03-21 23:24:57,299] Trial 9 pruned. 
[I 2025-03-21 23:24:57,384] Trial 10 pruned. 
[I 2025-03-21 23:24:57,464] Trial 11 pruned. 
[I 2025-03-21 23:24:57,600] Trial 12 pruned. 
[I 2025-03-21 23:24:57,711] Trial 13 pruned. 
[I 2025-03-21 23:24:57,929] Trial 46 finished with value: 91.9939956665039 and parameters: {'n_units_l0': 1888, 'n_units_l1': 3616, 'n_units_l2': 1248, 'n_units_l3': 2624, 'lr': 0.0005493585275884276}. Best is trial 3 with value: 52.8553352355957.
[I 2025-03-21 23:24:58,646] Trial 14 finished with value: 98.22590637207031 and parameters: {'n_units_l0': 832, 'n_units_l1': 576, 'n_units_l2': 800, 'n_units_l3': 832, 'n_units_l4': 2688, 'lr': 0.020252198619645164}. Best is trial 6 with value: 85.71846771240234.
[I 2025-03-21 23:24:58,930] Trial 47 finished with value: 90.46742248535156 and parameters: {'n_units_l0': 1920, 'n_units_l1': 992, 'n_units_l2': 1728, 'n_units_l3': 2560, 'lr': 0.00039863118624802437}. Best is trial 3 with value: 52.8553352355957.
[I 2025-03-21 23:24:58,999] Trial 48 pruned. 
[I 2025-03-21 23:24:59,906] Trial 49 finished with value: 106.6782455444336 and parameters: {'n_units_l0': 1824, 'n_units_l1': 1472, 'n_units_l2': 1696, 'n_units_l3': 2368, 'lr': 0.0003752746200654418}. Best is trial 3 with value: 52.8553352355957.
[I 2025-03-21 23:24:59,960] Trial 50 pruned. 
[I 2025-03-21 23:25:00,021] Trial 51 pruned. 
[I 2025-03-21 23:25:00,026] Trial 15 finished with value: 95.8720932006836 and parameters: {'n_units_l0': 1472, 'n_units_l1': 2848, 'n_units_l2': 2912, 'n_units_l3': 1696, 'n_units_l4': 1600, 'lr': 0.0010284641712200657}. Best is trial 6 with value: 85.71846771240234.
[I 2025-03-21 23:25:00,119] Trial 52 pruned. 
[I 2025-03-21 23:25:00,207] Trial 53 pruned. 
[I 2025-03-21 23:25:00,280] Trial 54 pruned. 
[I 2025-03-21 23:25:01,422] Trial 55 finished with value: 80.41300201416016 and parameters: {'n_units_l0': 64, 'n_units_l1': 3584, 'n_units_l2': 2656, 'n_units_l3': 3328, 'lr': 0.0006126222440684646}. Best is trial 3 with value: 52.8553352355957.
[I 2025-03-21 23:25:01,511] Trial 56 pruned. 
[I 2025-03-21 23:25:01,614] Trial 16 finished with value: 94.63041687011719 and parameters: {'n_units_l0': 1472, 'n_units_l1': 2976, 'n_units_l2': 3008, 'n_units_l3': 1824, 'n_units_l4': 3456, 'lr': 0.000272965888072213}. Best is trial 6 with value: 85.71846771240234.
[I 2025-03-21 23:25:01,619] Trial 57 pruned. 
[I 2025-03-21 23:25:01,803] Trial 58 pruned. 
[I 2025-03-21 23:25:01,830] Trial 17 pruned. 
[I 2025-03-21 23:25:01,871] Trial 59 pruned. 
[I 2025-03-21 23:25:01,914] Trial 18 pruned. 
[I 2025-03-21 23:25:01,980] Trial 60 pruned. 
