[I 2025-03-21 23:54:25,369] Trial 71 pruned. 
[I 2025-03-21 23:54:25,585] Trial 43 pruned. 
[I 2025-03-21 23:54:25,687] Trial 72 pruned. 
[I 2025-03-21 23:54:25,767] Trial 44 pruned. 
[I 2025-03-21 23:54:26,024] Trial 45 pruned. 
[I 2025-03-21 23:54:26,092] Trial 73 pruned. 
[I 2025-03-21 23:54:26,383] Trial 46 pruned. 
[I 2025-03-21 23:54:26,482] Trial 74 pruned. 
[I 2025-03-21 23:54:26,838] Trial 75 pruned. 
[I 2025-03-21 23:54:27,155] Trial 76 pruned. 
[I 2025-03-21 23:54:27,535] Trial 77 pruned. 
[I 2025-03-21 23:54:27,969] Trial 78 pruned. 
[I 2025-03-21 23:54:28,244] Trial 79 pruned. 
[I 2025-03-21 23:54:28,534] Trial 80 pruned. 
[I 2025-03-21 23:54:28,882] Trial 81 pruned. 
[I 2025-03-21 23:54:29,225] Trial 82 pruned. 
[I 2025-03-21 23:54:29,426] Trial 83 pruned. 
[I 2025-03-21 23:54:30,992] Trial 47 finished with value: 92.03286502868171 and parameters: {'n_units_l0': 576, 'n_units_l1': 1664, 'n_units_l2': 2048, 'n_units_l3': 224, 'n_units_l4': 384, 'n_units_l5': 1184, 'n_units_l6': 224, 'n_units_l7': 960, 'n_units_l8': 1696, 'n_units_l9': 1376, 'lr': 0.00011607563338633306}. Best is trial 14 with value: 18.138900992125663.
[I 2025-03-21 23:54:31,132] Trial 48 pruned. 
[I 2025-03-21 23:54:31,312] Trial 49 pruned. 
[I 2025-03-21 23:54:31,470] Trial 50 pruned. 
[I 2025-03-21 23:54:36,475] Trial 51 finished with value: 33.45241496569216 and parameters: {'n_units_l0': 1088, 'n_units_l1': 1472, 'n_units_l2': 2112, 'n_units_l3': 896, 'n_units_l4': 864, 'n_units_l5': 1216, 'n_units_l6': 32, 'n_units_l7': 2368, 'n_units_l8': 2496, 'n_units_l9': 1408, 'lr': 0.00018924773237433102}. Best is trial 14 with value: 18.138900992125663.
[I 2025-03-21 23:54:36,746] Trial 52 pruned. 
[I 2025-03-21 23:54:36,900] Trial 53 pruned. 
[I 2025-03-21 23:54:36,926] Trial 84 finished with value: 38.53222401936849 and parameters: {'n_units_l0': 2368, 'n_units_l1': 1568, 'n_units_l2': 1472, 'n_units_l3': 416, 'n_units_l4': 1952, 'n_units_l5': 2624, 'n_units_l6': 3712, 'n_units_l7': 2272, 'n_units_l8': 288, 'lr': 0.00027278259764199476}. Best is trial 52 with value: 34.162881215413414.
[I 2025-03-21 23:54:37,030] Trial 54 pruned. 
[I 2025-03-21 23:54:37,161] Trial 55 pruned. 
[I 2025-03-21 23:54:37,208] Trial 85 pruned. 
[I 2025-03-21 23:54:37,428] Trial 56 pruned. 
[I 2025-03-21 23:54:37,572] Trial 57 pruned. 
[I 2025-03-21 23:54:37,618] Trial 86 pruned. 
[I 2025-03-21 23:54:37,780] Trial 58 pruned. 
[I 2025-03-21 23:54:37,924] Trial 59 pruned. 
[I 2025-03-21 23:54:37,929] Trial 87 pruned. 
[I 2025-03-21 23:54:38,074] Trial 60 pruned. 
[I 2025-03-21 23:54:38,228] Trial 88 pruned. 
[I 2025-03-21 23:54:38,378] Trial 89 pruned. 
[I 2025-03-21 23:54:38,399] Trial 61 pruned. 
[I 2025-03-21 23:54:38,596] Trial 62 pruned. 
[I 2025-03-21 23:54:38,729] Trial 90 pruned. 
[I 2025-03-21 23:54:38,808] Trial 63 pruned. 
[I 2025-03-21 23:54:43,980] Trial 64 finished with value: 83.44211998886949 and parameters: {'n_units_l0': 192, 'n_units_l1': 2304, 'n_units_l2': 2080, 'n_units_l3': 2016, 'n_units_l4': 128, 'n_units_l5': 1248, 'n_units_l6': 2048, 'n_units_l7': 736, 'n_units_l8': 2176, 'n_units_l9': 1472, 'lr': 0.00010087638746937495}. Best is trial 14 with value: 18.138900992125663.
[I 2025-03-21 23:54:44,142] Trial 65 pruned. 
[I 2025-03-21 23:54:44,336] Trial 66 pruned. 
[I 2025-03-21 23:54:44,478] Trial 67 pruned. 
[I 2025-03-21 23:54:44,803] Trial 68 pruned. 
[I 2025-03-21 23:54:44,953] Trial 69 pruned. 
[I 2025-03-21 23:54:45,103] Trial 70 pruned. 
[I 2025-03-21 23:54:45,532] Trial 71 pruned. 
[I 2025-03-21 23:54:46,062] Trial 72 pruned. 
[I 2025-03-21 23:54:47,034] Trial 91 finished with value: 81.82168324788411 and parameters: {'n_units_l0': 2496, 'n_units_l1': 2016, 'n_units_l2': 2880, 'n_units_l3': 224, 'n_units_l4': 1568, 'n_units_l5': 2624, 'n_units_l6': 3808, 'n_units_l7': 2272, 'n_units_l8': 288, 'lr': 0.00010362276592822649}. Best is trial 52 with value: 34.162881215413414.
[I 2025-03-21 23:54:47,336] Trial 92 pruned. 
[I 2025-03-21 23:54:47,759] Trial 93 pruned. 
[I 2025-03-21 23:54:48,030] Trial 94 pruned. 
[I 2025-03-21 23:54:48,349] Trial 95 pruned. 
[I 2025-03-21 23:54:48,769] Trial 96 pruned. 
[I 2025-03-21 23:54:49,047] Trial 97 pruned. 
[I 2025-03-21 23:54:49,287] Trial 98 pruned. 
[I 2025-03-21 23:54:52,461] Trial 99 pruned. 
[I 2025-03-21 23:54:52,477] A new study created in memory with name: no-name-0d222fee-d6c3-4d26-90d0-7c5043a27573
[I 2025-03-21 23:54:54,899] Trial 73 finished with value: 81.95269817442406 and parameters: {'n_units_l0': 512, 'n_units_l1': 3168, 'n_units_l2': 2080, 'n_units_l3': 2304, 'n_units_l4': 1408, 'n_units_l5': 1120, 'n_units_l6': 2240, 'n_units_l7': 2912, 'n_units_l8': 2304, 'n_units_l9': 1792, 'lr': 0.0002106426227930935}. Best is trial 14 with value: 18.138900992125663.
[I 2025-03-21 23:54:55,183] Trial 74 pruned. 
[I 2025-03-21 23:54:55,453] Trial 75 pruned. 
[I 2025-03-21 23:54:55,831] Trial 76 pruned. 
[I 2025-03-21 23:54:56,053] Trial 77 pruned. 
[I 2025-03-21 23:54:56,243] Trial 78 pruned. 
[I 2025-03-21 23:54:56,418] Trial 79 pruned. 
[I 2025-03-21 23:54:56,742] Trial 80 pruned. 
[I 2025-03-21 23:55:00,904] Trial 0 finished with value: 124.45270849896976 and parameters: {'n_units_l0': 3072, 'n_units_l1': 2400, 'n_units_l2': 864, 'n_units_l3': 1024, 'n_units_l4': 3488, 'n_units_l5': 2816, 'n_units_l6': 2912, 'n_units_l7': 256, 'n_units_l8': 320, 'n_units_l9': 832, 'n_units_l10': 2752, 'lr': 0.0624296900734377}. Best is trial 0 with value: 124.45270849896976.
[I 2025-03-21 23:55:03,522] Trial 81 finished with value: 45.451846756021496 and parameters: {'n_units_l0': 256, 'n_units_l1': 1728, 'n_units_l2': 1888, 'n_units_l3': 2880, 'n_units_l4': 1504, 'n_units_l5': 1696, 'n_units_l6': 128, 'n_units_l7': 3104, 'n_units_l8': 2272, 'n_units_l9': 1664, 'lr': 0.0002226868450492443}. Best is trial 14 with value: 18.138900992125663.
[I 2025-03-21 23:55:03,845] Trial 82 pruned. 
[I 2025-03-21 23:55:04,249] Trial 83 pruned. 
[I 2025-03-21 23:55:04,404] Trial 84 pruned. 
[I 2025-03-21 23:55:04,724] Trial 85 pruned. 
[I 2025-03-21 23:55:04,965] Trial 86 pruned. 
[I 2025-03-21 23:55:05,497] Trial 87 pruned. 
[I 2025-03-21 23:55:05,742] Trial 88 pruned. 
[I 2025-03-21 23:55:06,052] Trial 89 pruned. 
[I 2025-03-21 23:55:06,226] Trial 90 pruned. 
[I 2025-03-21 23:55:06,487] Trial 91 pruned. 
[I 2025-03-21 23:55:06,752] Trial 92 pruned. 
[I 2025-03-21 23:55:06,969] Trial 93 pruned. 
[I 2025-03-21 23:55:07,226] Trial 94 pruned. 
[I 2025-03-21 23:55:07,652] Trial 95 pruned. 
[I 2025-03-21 23:55:07,939] Trial 96 pruned. 
[I 2025-03-21 23:55:12,889] Trial 1 finished with value: 93.71411871785268 and parameters: {'n_units_l0': 3680, 'n_units_l1': 3040, 'n_units_l2': 2176, 'n_units_l3': 1056, 'n_units_l4': 1024, 'n_units_l5': 320, 'n_units_l6': 1888, 'n_units_l7': 1792, 'n_units_l8': 3040, 'n_units_l9': 3744, 'n_units_l10': 3488, 'lr': 0.006559457011949749}. Best is trial 1 with value: 93.71411871785268.
[I 2025-03-21 23:55:13,747] Trial 97 finished with value: 101.30698032329089 and parameters: {'n_units_l0': 864, 'n_units_l1': 2048, 'n_units_l2': 1920, 'n_units_l3': 2560, 'n_units_l4': 1312, 'n_units_l5': 768, 'n_units_l6': 672, 'n_units_l7': 1152, 'n_units_l8': 2208, 'n_units_l9': 1504, 'lr': 8.399610938194794e-05}. Best is trial 14 with value: 18.138900992125663.
[I 2025-03-21 23:55:13,974] Trial 98 pruned. 
[I 2025-03-21 23:55:14,268] Trial 99 pruned. 
[I 2025-03-21 23:55:14,285] A new study created in memory with name: no-name-354e4feb-d152-4ac1-b68c-a08206fbde84
[I 2025-03-21 23:55:21,783] Trial 2 finished with value: 144.0305167792355 and parameters: {'n_units_l0': 736, 'n_units_l1': 1248, 'n_units_l2': 1248, 'n_units_l3': 3520, 'n_units_l4': 2528, 'n_units_l5': 2208, 'n_units_l6': 1280, 'n_units_l7': 1152, 'n_units_l8': 3328, 'n_units_l9': 2240, 'n_units_l10': 352, 'lr': 0.008828269134885484}. Best is trial 1 with value: 93.71411871785268.
[I 2025-03-21 23:55:26,877] Trial 0 finished with value: inf and parameters: {'n_units_l0': 1856, 'n_units_l1': 2880, 'n_units_l2': 896, 'n_units_l3': 3200, 'n_units_l4': 2560, 'n_units_l5': 2848, 'n_units_l6': 3584, 'n_units_l7': 2240, 'n_units_l8': 2624, 'n_units_l9': 224, 'n_units_l10': 4000, 'n_units_l11': 1248, 'lr': 0.043697856003807135}. Best is trial 0 with value: inf.
[I 2025-03-21 23:55:30,234] Trial 3 finished with value: 124.40199647274316 and parameters: {'n_units_l0': 3968, 'n_units_l1': 3392, 'n_units_l2': 960, 'n_units_l3': 3904, 'n_units_l4': 1472, 'n_units_l5': 1120, 'n_units_l6': 768, 'n_units_l7': 2432, 'n_units_l8': 2208, 'n_units_l9': 32, 'n_units_l10': 3296, 'lr': 0.005288989969359602}. Best is trial 1 with value: 93.71411871785268.
[I 2025-03-21 23:55:37,143] Trial 4 finished with value: 124.71766698547682 and parameters: {'n_units_l0': 3552, 'n_units_l1': 576, 'n_units_l2': 1536, 'n_units_l3': 2976, 'n_units_l4': 224, 'n_units_l5': 2752, 'n_units_l6': 3616, 'n_units_l7': 1088, 'n_units_l8': 64, 'n_units_l9': 2624, 'n_units_l10': 1792, 'lr': 0.08068627291221687}. Best is trial 1 with value: 93.71411871785268.
[I 2025-03-21 23:55:37,609] Trial 5 pruned. 
[I 2025-03-21 23:55:37,961] Trial 6 pruned. 
[I 2025-03-21 23:55:38,166] Trial 7 pruned. 
[I 2025-03-21 23:55:38,381] Trial 8 pruned. 
[I 2025-03-21 23:55:38,533] Trial 9 pruned. 
[I 2025-03-21 23:55:39,038] Trial 10 pruned. 
[I 2025-03-21 23:55:40,136] Trial 1 finished with value: 49.04922850759406 and parameters: {'n_units_l0': 512, 'n_units_l1': 2976, 'n_units_l2': 3360, 'n_units_l3': 1472, 'n_units_l4': 1952, 'n_units_l5': 3072, 'n_units_l6': 4096, 'n_units_l7': 1664, 'n_units_l8': 352, 'n_units_l9': 1728, 'n_units_l10': 4064, 'n_units_l11': 1920, 'lr': 0.007652338511391975}. Best is trial 1 with value: 49.04922850759406.
[I 2025-03-21 23:55:45,771] Trial 11 finished with value: 124.52114312935875 and parameters: {'n_units_l0': 4064, 'n_units_l1': 3168, 'n_units_l2': 32, 'n_units_l3': 3936, 'n_units_l4': 1440, 'n_units_l5': 1184, 'n_units_l6': 64, 'n_units_l7': 2848, 'n_units_l8': 1888, 'n_units_l9': 64, 'n_units_l10': 3904, 'lr': 0.03731799211623503}. Best is trial 1 with value: 93.71411871785268.
[I 2025-03-21 23:55:46,364] Trial 12 pruned. 
[I 2025-03-21 23:55:46,660] Trial 13 pruned. 
[I 2025-03-21 23:55:47,024] Trial 14 pruned. 
[I 2025-03-21 23:55:47,518] Trial 15 pruned. 
[I 2025-03-21 23:55:47,918] Trial 16 pruned. 
[I 2025-03-21 23:55:48,306] Trial 17 pruned. 
[I 2025-03-21 23:55:51,144] Trial 2 finished with value: 124.67696444862767 and parameters: {'n_units_l0': 1952, 'n_units_l1': 2016, 'n_units_l2': 4000, 'n_units_l3': 4000, 'n_units_l4': 2112, 'n_units_l5': 1568, 'n_units_l6': 512, 'n_units_l7': 3456, 'n_units_l8': 288, 'n_units_l9': 2496, 'n_units_l10': 1536, 'n_units_l11': 1472, 'lr': 0.021551209048135133}. Best is trial 1 with value: 49.04922850759406.
[I 2025-03-21 23:55:56,283] Trial 18 finished with value: 38.45499438141029 and parameters: {'n_units_l0': 1984, 'n_units_l1': 3584, 'n_units_l2': 1504, 'n_units_l3': 608, 'n_units_l4': 2976, 'n_units_l5': 1120, 'n_units_l6': 2400, 'n_units_l7': 3072, 'n_units_l8': 672, 'n_units_l9': 672, 'n_units_l10': 2272, 'lr': 0.002291011684305493}. Best is trial 18 with value: 38.45499438141029.
[I 2025-03-21 23:55:56,731] Trial 19 pruned. 
[I 2025-03-21 23:55:56,997] Trial 20 pruned. 
[I 2025-03-21 23:56:07,182] Trial 21 finished with value: 38.3644719348528 and parameters: {'n_units_l0': 2592, 'n_units_l1': 4064, 'n_units_l2': 1792, 'n_units_l3': 1600, 'n_units_l4': 2144, 'n_units_l5': 1216, 'n_units_l6': 1920, 'n_units_l7': 2752, 'n_units_l8': 2528, 'n_units_l9': 512, 'n_units_l10': 3648, 'lr': 0.0005649302190908823}. Best is trial 21 with value: 38.3644719348528.
[I 2025-03-21 23:56:07,674] Trial 22 pruned. 
[I 2025-03-21 23:56:10,347] Trial 3 finished with value: 1810.4619204872533 and parameters: {'n_units_l0': 1856, 'n_units_l1': 3328, 'n_units_l2': 3872, 'n_units_l3': 4096, 'n_units_l4': 3872, 'n_units_l5': 3392, 'n_units_l6': 992, 'n_units_l7': 3328, 'n_units_l8': 1728, 'n_units_l9': 2784, 'n_units_l10': 1824, 'n_units_l11': 3264, 'lr': 0.004741879577974227}. Best is trial 1 with value: 49.04922850759406.
[I 2025-03-21 23:56:18,145] Trial 4 finished with value: 105.44500194348787 and parameters: {'n_units_l0': 3584, 'n_units_l1': 1600, 'n_units_l2': 1216, 'n_units_l3': 640, 'n_units_l4': 1728, 'n_units_l5': 2432, 'n_units_l6': 2656, 'n_units_l7': 576, 'n_units_l8': 1056, 'n_units_l9': 1024, 'n_units_l10': 1888, 'n_units_l11': 3648, 'lr': 0.01930032621543564}. Best is trial 1 with value: 49.04922850759406.
[I 2025-03-21 23:56:18,801] Trial 5 pruned. 
[I 2025-03-21 23:56:19,038] Trial 6 pruned. 
[I 2025-03-21 23:56:19,197] Trial 7 pruned. 
[I 2025-03-21 23:56:19,689] Trial 8 pruned. 
[I 2025-03-21 23:56:19,770] Trial 23 finished with value: 36.750423691035564 and parameters: {'n_units_l0': 2656, 'n_units_l1': 3712, 'n_units_l2': 2336, 'n_units_l3': 768, 'n_units_l4': 2560, 'n_units_l5': 1952, 'n_units_l6': 2560, 'n_units_l7': 2912, 'n_units_l8': 2592, 'n_units_l9': 1088, 'n_units_l10': 4000, 'lr': 0.0012778701449685872}. Best is trial 23 with value: 36.750423691035564.
[I 2025-03-21 23:56:20,386] Trial 24 pruned. 
[I 2025-03-21 23:56:20,865] Trial 25 pruned. 
[I 2025-03-21 23:56:21,139] Trial 9 pruned. 
[I 2025-03-21 23:56:21,307] Trial 26 pruned. 
[I 2025-03-21 23:56:21,411] Trial 10 pruned. 
[I 2025-03-21 23:56:21,633] Trial 27 pruned. 
[I 2025-03-21 23:56:30,372] Trial 28 finished with value: 39.1774123825952 and parameters: {'n_units_l0': 2048, 'n_units_l1': 3744, 'n_units_l2': 1824, 'n_units_l3': 384, 'n_units_l4': 2400, 'n_units_l5': 896, 'n_units_l6': 2112, 'n_units_l7': 3552, 'n_units_l8': 2048, 'n_units_l9': 448, 'n_units_l10': 2400, 'lr': 0.0011008062735811265}. Best is trial 23 with value: 36.750423691035564.
[I 2025-03-21 23:56:30,708] Trial 29 pruned. 
[I 2025-03-21 23:56:30,976] Trial 30 pruned. 
[I 2025-03-21 23:56:31,282] Trial 31 pruned. 
[I 2025-03-21 23:56:31,464] Trial 11 finished with value: 44.89131899381939 and parameters: {'n_units_l0': 3936, 'n_units_l1': 1120, 'n_units_l2': 1984, 'n_units_l3': 96, 'n_units_l4': 1440, 'n_units_l5': 4064, 'n_units_l6': 2272, 'n_units_l7': 1376, 'n_units_l8': 1120, 'n_units_l9': 1408, 'n_units_l10': 2720, 'n_units_l11': 4096, 'lr': 0.00034173269379810835}. Best is trial 11 with value: 44.89131899381939.
[I 2025-03-21 23:56:38,275] Trial 32 finished with value: 92.56441234169206 and parameters: {'n_units_l0': 2368, 'n_units_l1': 3392, 'n_units_l2': 2112, 'n_units_l3': 960, 'n_units_l4': 2816, 'n_units_l5': 1088, 'n_units_l6': 2016, 'n_units_l7': 128, 'n_units_l8': 320, 'n_units_l9': 576, 'n_units_l10': 2144, 'lr': 7.805596339481666e-05}. Best is trial 23 with value: 36.750423691035564.
[I 2025-03-21 23:56:38,706] Trial 33 pruned. 
[I 2025-03-21 23:56:39,457] Trial 34 pruned. 
[I 2025-03-21 23:56:39,810] Trial 35 pruned. 
[I 2025-03-21 23:56:40,111] Trial 36 pruned. 
[I 2025-03-21 23:56:40,425] Trial 37 pruned. 
[I 2025-03-21 23:56:41,065] Trial 38 pruned. 
[I 2025-03-21 23:56:41,445] Trial 39 pruned. 
[I 2025-03-21 23:56:41,511] Trial 12 finished with value: 36.553196314761514 and parameters: {'n_units_l0': 4096, 'n_units_l1': 768, 'n_units_l2': 2240, 'n_units_l3': 2144, 'n_units_l4': 1280, 'n_units_l5': 4064, 'n_units_l6': 1760, 'n_units_l7': 1504, 'n_units_l8': 1056, 'n_units_l9': 1920, 'n_units_l10': 2816, 'n_units_l11': 2560, 'lr': 0.0022623380754770916}. Best is trial 12 with value: 36.553196314761514.
[I 2025-03-21 23:56:41,806] Trial 40 pruned. 
[I 2025-03-21 23:56:43,032] Trial 41 pruned. 
[I 2025-03-21 23:56:43,313] Trial 42 pruned. 
[I 2025-03-21 23:56:43,941] Trial 43 pruned. 
[I 2025-03-21 23:56:44,186] Trial 44 pruned. 
[I 2025-03-21 23:56:44,516] Trial 45 pruned. 
[I 2025-03-21 23:56:44,765] Trial 46 pruned. 
[I 2025-03-21 23:56:45,074] Trial 47 pruned. 
[I 2025-03-21 23:56:45,384] Trial 48 pruned. 
[I 2025-03-21 23:56:46,071] Trial 13 pruned. 
[I 2025-03-21 23:56:46,460] Trial 14 pruned. 
[I 2025-03-21 23:56:46,637] Trial 49 pruned. 
[I 2025-03-21 23:56:46,759] Trial 15 pruned. 
[I 2025-03-21 23:56:46,932] Trial 50 pruned. 
[I 2025-03-21 23:56:47,096] Trial 16 pruned. 
[I 2025-03-21 23:56:47,437] Trial 17 pruned. 
[I 2025-03-21 23:56:47,754] Trial 18 pruned. 
[I 2025-03-21 23:56:48,073] Trial 51 pruned. 
[I 2025-03-21 23:56:48,478] Trial 52 pruned. 
[I 2025-03-21 23:56:48,857] Trial 53 pruned. 
[I 2025-03-21 23:56:49,304] Trial 54 pruned. 
[I 2025-03-21 23:56:49,826] Trial 55 pruned. 
[I 2025-03-21 23:56:50,148] Trial 56 pruned. 
[I 2025-03-21 23:56:50,436] Trial 57 pruned. 
[I 2025-03-21 23:56:57,732] Trial 19 finished with value: 43.9048235039962 and parameters: {'n_units_l0': 2400, 'n_units_l1': 480, 'n_units_l2': 2240, 'n_units_l3': 3456, 'n_units_l4': 1376, 'n_units_l5': 3872, 'n_units_l6': 1472, 'n_units_l7': 2400, 'n_units_l8': 1248, 'n_units_l9': 1344, 'n_units_l10': 3296, 'n_units_l11': 1216, 'lr': 0.0008026479955062435}. Best is trial 12 with value: 36.553196314761514.
[I 2025-03-21 23:56:58,078] Trial 20 pruned. 
[I 2025-03-21 23:56:59,195] Trial 58 finished with value: 37.28498662579122 and parameters: {'n_units_l0': 2368, 'n_units_l1': 3328, 'n_units_l2': 1984, 'n_units_l3': 1920, 'n_units_l4': 512, 'n_units_l5': 64, 'n_units_l6': 2336, 'n_units_l7': 3136, 'n_units_l8': 1824, 'n_units_l9': 1408, 'n_units_l10': 2208, 'lr': 0.0033928678338119456}. Best is trial 23 with value: 36.750423691035564.
[I 2025-03-21 23:56:59,205] Trial 21 pruned. 
[I 2025-03-21 23:56:59,529] Trial 59 pruned. 
[I 2025-03-21 23:57:00,030] Trial 22 pruned. 
[I 2025-03-21 23:57:00,077] Trial 60 pruned. 
[I 2025-03-21 23:57:00,384] Trial 61 pruned. 
[I 2025-03-21 23:57:00,404] Trial 23 pruned. 
[I 2025-03-21 23:57:00,702] Trial 24 pruned. 
[I 2025-03-21 23:57:00,717] Trial 62 pruned. 
[I 2025-03-21 23:57:00,944] Trial 25 pruned. 
[I 2025-03-21 23:57:01,242] Trial 26 pruned. 
[I 2025-03-21 23:57:01,269] Trial 63 pruned. 
[I 2025-03-21 23:57:01,609] Trial 27 pruned. 
[I 2025-03-21 23:57:02,742] Trial 28 pruned. 
[I 2025-03-21 23:57:04,096] Trial 29 pruned. 
[I 2025-03-21 23:57:04,500] Trial 30 pruned. 
[I 2025-03-21 23:57:04,937] Trial 31 pruned. 
[I 2025-03-21 23:57:06,114] Trial 64 pruned. 
[I 2025-03-21 23:57:06,267] Trial 32 pruned. 
[I 2025-03-21 23:57:06,371] Trial 65 pruned. 
[I 2025-03-21 23:57:06,628] Trial 33 pruned. 
[I 2025-03-21 23:57:06,760] Trial 66 pruned. 
[I 2025-03-21 23:57:07,107] Trial 67 pruned. 
[I 2025-03-21 23:57:07,389] Trial 34 pruned. 
[I 2025-03-21 23:57:07,391] Trial 68 pruned. 
[I 2025-03-21 23:57:07,673] Trial 69 pruned. 
[I 2025-03-21 23:57:07,856] Trial 35 pruned. 
[I 2025-03-21 23:57:07,991] Trial 70 pruned. 
[I 2025-03-21 23:57:08,509] Trial 36 pruned. 
[I 2025-03-21 23:57:08,636] Trial 71 pruned. 
[I 2025-03-21 23:57:09,030] Trial 72 pruned. 
[I 2025-03-21 23:57:09,404] Trial 73 pruned. 
[I 2025-03-21 23:57:09,676] Trial 74 pruned. 
[I 2025-03-21 23:57:09,701] Trial 37 pruned. 
[I 2025-03-21 23:57:09,891] Trial 75 pruned. 
[I 2025-03-21 23:57:10,053] Trial 38 pruned. 
[I 2025-03-21 23:57:10,230] Trial 76 pruned. 
[I 2025-03-21 23:57:10,289] Trial 39 pruned. 
[I 2025-03-21 23:57:10,580] Trial 77 pruned. 
[I 2025-03-21 23:57:10,696] Trial 40 pruned. 
[I 2025-03-21 23:57:15,308] Trial 41 pruned. 
[I 2025-03-21 23:57:15,608] Trial 42 pruned. 
[I 2025-03-21 23:57:16,369] Trial 43 pruned. 
[I 2025-03-21 23:57:16,628] Trial 44 pruned. 
[I 2025-03-21 23:57:16,927] Trial 45 pruned. 
[I 2025-03-21 23:57:17,221] Trial 46 pruned. 
[I 2025-03-21 23:57:17,509] Trial 78 finished with value: 90.19075231901638 and parameters: {'n_units_l0': 2272, 'n_units_l1': 3552, 'n_units_l2': 2176, 'n_units_l3': 512, 'n_units_l4': 608, 'n_units_l5': 1632, 'n_units_l6': 2432, 'n_units_l7': 32, 'n_units_l8': 640, 'n_units_l9': 1088, 'n_units_l10': 3520, 'lr': 0.00015267352149133913}. Best is trial 23 with value: 36.750423691035564.
[I 2025-03-21 23:57:24,267] Trial 79 pruned. 
[I 2025-03-21 23:57:24,620] Trial 80 pruned. 
[I 2025-03-21 23:57:24,859] Trial 81 pruned. 
[I 2025-03-21 23:57:24,957] Trial 47 pruned. 
[I 2025-03-21 23:57:25,115] Trial 82 pruned. 
[I 2025-03-21 23:57:25,358] Trial 48 pruned. 
[I 2025-03-21 23:57:25,525] Trial 83 pruned. 
[I 2025-03-21 23:57:25,694] Trial 49 pruned. 
[I 2025-03-21 23:57:25,823] Trial 84 pruned. 
[I 2025-03-21 23:57:26,131] Trial 50 pruned. 
[I 2025-03-21 23:57:26,196] Trial 85 pruned. 
[I 2025-03-21 23:57:26,547] Trial 51 pruned. 
[I 2025-03-21 23:57:26,906] Trial 52 pruned. 
[I 2025-03-21 23:57:27,272] Trial 53 pruned. 
[I 2025-03-21 23:57:27,498] Trial 54 pruned. 
[I 2025-03-21 23:57:27,914] Trial 55 pruned. 
[I 2025-03-21 23:57:31,395] Trial 86 pruned. 
[I 2025-03-21 23:57:31,746] Trial 87 pruned. 
[I 2025-03-21 23:57:32,032] Trial 88 pruned. 
[I 2025-03-21 23:57:32,437] Trial 89 pruned. 
[I 2025-03-21 23:57:32,945] Trial 90 pruned. 
[I 2025-03-21 23:57:33,220] Trial 91 pruned. 
[I 2025-03-21 23:57:33,558] Trial 92 pruned. 
[I 2025-03-21 23:57:33,810] Trial 93 pruned. 
[I 2025-03-21 23:57:34,073] Trial 94 pruned. 
[I 2025-03-21 23:57:34,382] Trial 95 pruned. 
[I 2025-03-21 23:57:34,721] Trial 96 pruned. 
[I 2025-03-21 23:57:34,984] Trial 97 pruned. 
[I 2025-03-21 23:57:35,403] Trial 98 pruned. 
[I 2025-03-21 23:57:35,730] Trial 99 pruned. 
[I 2025-03-21 23:57:35,750] A new study created in memory with name: no-name-934a63f5-0dcf-4440-94b9-2df5fac74e68
[I 2025-03-21 23:57:37,923] Trial 56 finished with value: 40.485289121928965 and parameters: {'n_units_l0': 3936, 'n_units_l1': 1088, 'n_units_l2': 3488, 'n_units_l3': 1536, 'n_units_l4': 1344, 'n_units_l5': 768, 'n_units_l6': 3840, 'n_units_l7': 1216, 'n_units_l8': 3360, 'n_units_l9': 2272, 'n_units_l10': 1888, 'n_units_l11': 1504, 'lr': 0.003624732115964151}. Best is trial 12 with value: 36.553196314761514.
[I 2025-03-21 23:57:38,736] Trial 57 pruned. 
[I 2025-03-21 23:57:39,112] Trial 58 pruned. 
[I 2025-03-21 23:57:39,391] Trial 59 pruned. 
[I 2025-03-21 23:57:40,390] Trial 60 pruned. 
