[I 2025-03-22 00:08:21,746] Trial 20 finished with value: 72.29321159173634 and parameters: {'n_units_l0': 2432, 'n_units_l1': 1184, 'n_units_l2': 1408, 'n_units_l3': 3488, 'n_units_l4': 3584, 'n_units_l5': 1728, 'n_units_l6': 1792, 'n_units_l7': 1408, 'n_units_l8': 4064, 'lr': 4.562624161079387e-05}. Best is trial 20 with value: 72.29321159173634.
[I 2025-03-22 00:08:36,247] Trial 21 finished with value: 36.769396045779395 and parameters: {'n_units_l0': 2432, 'n_units_l1': 704, 'n_units_l2': 1344, 'n_units_l3': 3456, 'n_units_l4': 3584, 'n_units_l5': 1824, 'n_units_l6': 2528, 'n_units_l7': 1440, 'n_units_l8': 4064, 'lr': 0.0017180401528390794}. Best is trial 21 with value: 36.769396045779395.
[I 2025-03-22 00:08:37,666] Trial 5 finished with value: 124.93478070073374 and parameters: {'n_units_l0': 1312, 'n_units_l1': 3808, 'n_units_l2': 3616, 'n_units_l3': 2848, 'n_units_l4': 1184, 'n_units_l5': 928, 'n_units_l6': 2560, 'n_units_l7': 3808, 'n_units_l8': 480, 'n_units_l9': 768, 'lr': 0.05764148027077029}. Best is trial 2 with value: 124.8276281113887.
[I 2025-03-22 00:08:38,303] Trial 6 pruned. 
[I 2025-03-22 00:08:49,245] Trial 22 finished with value: 36.96372691383046 and parameters: {'n_units_l0': 2368, 'n_units_l1': 1312, 'n_units_l2': 1184, 'n_units_l3': 3424, 'n_units_l4': 2944, 'n_units_l5': 2080, 'n_units_l6': 2592, 'n_units_l7': 832, 'n_units_l8': 4096, 'lr': 0.0010961646426200804}. Best is trial 21 with value: 36.769396045779395.
[I 2025-03-22 00:08:51,200] Trial 7 finished with value: 125.02836185728025 and parameters: {'n_units_l0': 2688, 'n_units_l1': 3808, 'n_units_l2': 3872, 'n_units_l3': 160, 'n_units_l4': 288, 'n_units_l5': 1024, 'n_units_l6': 1376, 'n_units_l7': 3456, 'n_units_l8': 128, 'n_units_l9': 1824, 'lr': 0.07393278485685005}. Best is trial 2 with value: 124.8276281113887.
[I 2025-03-22 00:08:51,519] Trial 8 pruned. 
[I 2025-03-22 00:08:51,950] Trial 9 pruned. 
[I 2025-03-22 00:09:02,136] Trial 23 finished with value: 31.080594821015666 and parameters: {'n_units_l0': 2400, 'n_units_l1': 1312, 'n_units_l2': 992, 'n_units_l3': 3520, 'n_units_l4': 2912, 'n_units_l5': 1920, 'n_units_l6': 2560, 'n_units_l7': 896, 'n_units_l8': 4096, 'lr': 0.00019221379779305332}. Best is trial 23 with value: 31.080594821015666.
[I 2025-03-22 00:09:02,575] Trial 10 finished with value: 124.95882815734814 and parameters: {'n_units_l0': 4032, 'n_units_l1': 160, 'n_units_l2': 640, 'n_units_l3': 4064, 'n_units_l4': 2848, 'n_units_l5': 2432, 'n_units_l6': 128, 'n_units_l7': 64, 'n_units_l8': 1120, 'n_units_l9': 2752, 'lr': 0.0033706620807415766}. Best is trial 2 with value: 124.8276281113887.
[I 2025-03-22 00:09:13,792] Trial 24 finished with value: 123.95523544185417 and parameters: {'n_units_l0': 2176, 'n_units_l1': 1920, 'n_units_l2': 864, 'n_units_l3': 3584, 'n_units_l4': 2944, 'n_units_l5': 2112, 'n_units_l6': 2528, 'n_units_l7': 64, 'n_units_l8': 4096, 'lr': 0.015364571073194593}. Best is trial 23 with value: 31.080594821015666.
[I 2025-03-22 00:09:15,094] Trial 11 finished with value: 124.83569632462037 and parameters: {'n_units_l0': 32, 'n_units_l1': 1664, 'n_units_l2': 1568, 'n_units_l3': 4000, 'n_units_l4': 2400, 'n_units_l5': 992, 'n_units_l6': 2816, 'n_units_l7': 2912, 'n_units_l8': 32, 'n_units_l9': 256, 'lr': 0.05424996183759763}. Best is trial 2 with value: 124.8276281113887.
[I 2025-03-22 00:09:22,691] Trial 12 pruned. 
[I 2025-03-22 00:09:23,137] Trial 13 pruned. 
[I 2025-03-22 00:09:23,413] Trial 14 pruned. 
[I 2025-03-22 00:09:23,829] Trial 15 pruned. 
[I 2025-03-22 00:09:24,125] Trial 16 pruned. 
[I 2025-03-22 00:09:24,429] Trial 17 pruned. 
[I 2025-03-22 00:09:27,418] Trial 25 finished with value: 22.014864620492478 and parameters: {'n_units_l0': 2880, 'n_units_l1': 4032, 'n_units_l2': 96, 'n_units_l3': 2848, 'n_units_l4': 2368, 'n_units_l5': 2656, 'n_units_l6': 2592, 'n_units_l7': 864, 'n_units_l8': 3680, 'lr': 0.0005393105049381616}. Best is trial 25 with value: 22.014864620492478.
[I 2025-03-22 00:09:27,813] Trial 26 pruned. 
[I 2025-03-22 00:09:28,458] Trial 27 pruned. 
[I 2025-03-22 00:09:35,230] Trial 18 finished with value: 124.9772146282964 and parameters: {'n_units_l0': 1440, 'n_units_l1': 1696, 'n_units_l2': 1056, 'n_units_l3': 3616, 'n_units_l4': 2432, 'n_units_l5': 1312, 'n_units_l6': 4064, 'n_units_l7': 32, 'n_units_l8': 1568, 'n_units_l9': 96, 'lr': 0.09897573426897482}. Best is trial 2 with value: 124.8276281113887.
[I 2025-03-22 00:09:41,776] Trial 28 finished with value: 33.11012630620279 and parameters: {'n_units_l0': 1568, 'n_units_l1': 1536, 'n_units_l2': 832, 'n_units_l3': 3648, 'n_units_l4': 2688, 'n_units_l5': 1760, 'n_units_l6': 3648, 'n_units_l7': 1152, 'n_units_l8': 3712, 'lr': 0.00015728309444115366}. Best is trial 25 with value: 22.014864620492478.
[I 2025-03-22 00:09:42,119] Trial 29 pruned. 
[I 2025-03-22 00:09:42,312] Trial 30 pruned. 
[I 2025-03-22 00:09:48,367] Trial 19 finished with value: 125.03139141023208 and parameters: {'n_units_l0': 3520, 'n_units_l1': 2656, 'n_units_l2': 576, 'n_units_l3': 2592, 'n_units_l4': 3136, 'n_units_l5': 96, 'n_units_l6': 3264, 'n_units_l7': 1536, 'n_units_l8': 2432, 'n_units_l9': 1984, 'lr': 0.02195224665058862}. Best is trial 2 with value: 124.8276281113887.
[I 2025-03-22 00:09:49,459] Trial 20 pruned. 
[I 2025-03-22 00:09:49,781] Trial 21 pruned. 
[I 2025-03-22 00:09:50,244] Trial 22 pruned. 
[I 2025-03-22 00:09:50,586] Trial 23 pruned. 
[I 2025-03-22 00:09:51,004] Trial 24 pruned. 
[I 2025-03-22 00:09:51,298] Trial 25 pruned. 
[I 2025-03-22 00:09:51,465] Trial 26 pruned. 
[I 2025-03-22 00:09:51,770] Trial 27 pruned. 
[I 2025-03-22 00:09:52,055] Trial 28 pruned. 
[I 2025-03-22 00:09:52,628] Trial 29 pruned. 
[I 2025-03-22 00:09:53,042] Trial 30 pruned. 
[I 2025-03-22 00:09:53,394] Trial 31 pruned. 
[I 2025-03-22 00:09:55,685] Trial 31 finished with value: 39.56699633637736 and parameters: {'n_units_l0': 1952, 'n_units_l1': 768, 'n_units_l2': 1024, 'n_units_l3': 3712, 'n_units_l4': 2688, 'n_units_l5': 1888, 'n_units_l6': 2752, 'n_units_l7': 1632, 'n_units_l8': 3808, 'lr': 0.0018961999831857224}. Best is trial 25 with value: 22.014864620492478.
[I 2025-03-22 00:09:56,038] Trial 32 pruned. 
[I 2025-03-22 00:09:56,291] Trial 33 pruned. 
[I 2025-03-22 00:09:56,703] Trial 34 pruned. 
[I 2025-03-22 00:09:56,961] Trial 35 pruned. 
[I 2025-03-22 00:09:57,445] Trial 36 pruned. 
[I 2025-03-22 00:09:57,796] Trial 37 pruned. 
[I 2025-03-22 00:09:58,277] Trial 38 pruned. 
[I 2025-03-22 00:09:58,582] Trial 39 pruned. 
[I 2025-03-22 00:09:58,868] Trial 40 pruned. 
[I 2025-03-22 00:09:59,452] Trial 41 pruned. 
[I 2025-03-22 00:10:06,148] Trial 32 finished with value: 125.00672770290954 and parameters: {'n_units_l0': 3840, 'n_units_l1': 512, 'n_units_l2': 320, 'n_units_l3': 3936, 'n_units_l4': 3712, 'n_units_l5': 3008, 'n_units_l6': 32, 'n_units_l7': 832, 'n_units_l8': 1184, 'n_units_l9': 2240, 'lr': 0.01199727145263117}. Best is trial 2 with value: 124.8276281113887.
[I 2025-03-22 00:10:13,041] Trial 42 finished with value: 38.7889848378079 and parameters: {'n_units_l0': 2528, 'n_units_l1': 1824, 'n_units_l2': 1312, 'n_units_l3': 3328, 'n_units_l4': 2848, 'n_units_l5': 2048, 'n_units_l6': 2720, 'n_units_l7': 736, 'n_units_l8': 3904, 'lr': 0.0009051691947592443}. Best is trial 25 with value: 22.014864620492478.
[I 2025-03-22 00:10:13,462] Trial 43 pruned. 
[I 2025-03-22 00:10:13,784] Trial 44 pruned. 
[I 2025-03-22 00:10:14,254] Trial 45 pruned. 
[I 2025-03-22 00:10:14,671] Trial 46 pruned. 
[I 2025-03-22 00:10:15,011] Trial 47 pruned. 
[I 2025-03-22 00:10:15,413] Trial 48 pruned. 
[I 2025-03-22 00:10:16,123] Trial 49 pruned. 
[I 2025-03-22 00:10:16,392] Trial 50 pruned. 
[I 2025-03-22 00:10:16,831] Trial 33 finished with value: 46.187538701780724 and parameters: {'n_units_l0': 3008, 'n_units_l1': 960, 'n_units_l2': 864, 'n_units_l3': 3456, 'n_units_l4': 2208, 'n_units_l5': 3392, 'n_units_l6': 640, 'n_units_l7': 192, 'n_units_l8': 320, 'n_units_l9': 3616, 'lr': 0.0032723139947463883}. Best is trial 33 with value: 46.187538701780724.
[I 2025-03-22 00:10:17,005] Trial 34 pruned. 
[I 2025-03-22 00:10:17,307] Trial 35 pruned. 
[I 2025-03-22 00:10:17,565] Trial 36 pruned. 
[I 2025-03-22 00:10:17,873] Trial 37 pruned. 
[I 2025-03-22 00:10:18,308] Trial 38 pruned. 
[I 2025-03-22 00:10:18,810] Trial 39 pruned. 
[I 2025-03-22 00:10:19,149] Trial 40 pruned. 
[I 2025-03-22 00:10:30,194] Trial 51 finished with value: 42.94778037583532 and parameters: {'n_units_l0': 2560, 'n_units_l1': 1824, 'n_units_l2': 1408, 'n_units_l3': 3264, 'n_units_l4': 2784, 'n_units_l5': 2080, 'n_units_l6': 2656, 'n_units_l7': 832, 'n_units_l8': 3936, 'lr': 0.00012400937982953676}. Best is trial 25 with value: 22.014864620492478.
[I 2025-03-22 00:10:30,233] Trial 41 finished with value: 46.77880805774899 and parameters: {'n_units_l0': 3904, 'n_units_l1': 736, 'n_units_l2': 320, 'n_units_l3': 3904, 'n_units_l4': 2784, 'n_units_l5': 2528, 'n_units_l6': 576, 'n_units_l7': 32, 'n_units_l8': 992, 'n_units_l9': 2912, 'lr': 0.0012036008185370246}. Best is trial 33 with value: 46.187538701780724.
[I 2025-03-22 00:10:30,512] Trial 52 pruned. 
[I 2025-03-22 00:10:40,265] Trial 42 finished with value: 52.961054689882225 and parameters: {'n_units_l0': 3808, 'n_units_l1': 800, 'n_units_l2': 384, 'n_units_l3': 3872, 'n_units_l4': 2272, 'n_units_l5': 3232, 'n_units_l6': 640, 'n_units_l7': 672, 'n_units_l8': 32, 'n_units_l9': 3552, 'lr': 0.001740531007250988}. Best is trial 33 with value: 46.187538701780724.
[I 2025-03-22 00:10:45,924] Trial 53 finished with value: 72.38425318189888 and parameters: {'n_units_l0': 2688, 'n_units_l1': 1664, 'n_units_l2': 1504, 'n_units_l3': 3392, 'n_units_l4': 3392, 'n_units_l5': 2496, 'n_units_l6': 2720, 'n_units_l7': 416, 'n_units_l8': 3520, 'lr': 2.417807396401777e-05}. Best is trial 25 with value: 22.014864620492478.
[I 2025-03-22 00:10:46,253] Trial 54 pruned. 
[I 2025-03-22 00:10:46,488] Trial 55 pruned. 
[I 2025-03-22 00:10:46,781] Trial 56 pruned. 
[I 2025-03-22 00:10:47,278] Trial 57 pruned. 
[I 2025-03-22 00:10:47,547] Trial 58 pruned. 
[I 2025-03-22 00:10:48,207] Trial 59 pruned. 
[I 2025-03-22 00:10:48,599] Trial 60 pruned. 
[I 2025-03-22 00:10:49,211] Trial 61 pruned. 
[I 2025-03-22 00:10:49,522] Trial 62 pruned. 
[I 2025-03-22 00:10:49,899] Trial 63 pruned. 
[I 2025-03-22 00:10:50,283] Trial 43 finished with value: 94.77767795133316 and parameters: {'n_units_l0': 3808, 'n_units_l1': 768, 'n_units_l2': 352, 'n_units_l3': 3872, 'n_units_l4': 2240, 'n_units_l5': 3232, 'n_units_l6': 640, 'n_units_l7': 640, 'n_units_l8': 64, 'n_units_l9': 3488, 'lr': 0.00016092313008444657}. Best is trial 33 with value: 46.187538701780724.
[I 2025-03-22 00:10:59,876] Trial 44 finished with value: 89.97638351327588 and parameters: {'n_units_l0': 3776, 'n_units_l1': 640, 'n_units_l2': 288, 'n_units_l3': 3808, 'n_units_l4': 2144, 'n_units_l5': 3136, 'n_units_l6': 608, 'n_units_l7': 704, 'n_units_l8': 352, 'n_units_l9': 3552, 'lr': 0.0006683118535994343}. Best is trial 33 with value: 46.187538701780724.
[I 2025-03-22 00:11:02,513] Trial 64 finished with value: 30.867231703198645 and parameters: {'n_units_l0': 1952, 'n_units_l1': 704, 'n_units_l2': 512, 'n_units_l3': 3712, 'n_units_l4': 1984, 'n_units_l5': 1792, 'n_units_l6': 3040, 'n_units_l7': 1984, 'n_units_l8': 3968, 'lr': 0.00019166829508339694}. Best is trial 25 with value: 22.014864620492478.
[I 2025-03-22 00:11:02,848] Trial 65 pruned. 
[I 2025-03-22 00:11:09,871] Trial 45 finished with value: 109.5291146033106 and parameters: {'n_units_l0': 3712, 'n_units_l1': 480, 'n_units_l2': 256, 'n_units_l3': 3584, 'n_units_l4': 2208, 'n_units_l5': 3264, 'n_units_l6': 608, 'n_units_l7': 672, 'n_units_l8': 672, 'n_units_l9': 3776, 'lr': 0.0009077170769802523}. Best is trial 33 with value: 46.187538701780724.
[I 2025-03-22 00:11:10,166] Trial 46 pruned. 
[I 2025-03-22 00:11:11,027] Trial 47 pruned. 
[I 2025-03-22 00:11:11,325] Trial 48 pruned. 
[I 2025-03-22 00:11:11,551] Trial 49 pruned. 
[I 2025-03-22 00:11:12,258] Trial 50 pruned. 
[I 2025-03-22 00:11:14,017] Trial 66 finished with value: 75.761706769959 and parameters: {'n_units_l0': 1408, 'n_units_l1': 1568, 'n_units_l2': 416, 'n_units_l3': 3200, 'n_units_l4': 1728, 'n_units_l5': 1280, 'n_units_l6': 2976, 'n_units_l7': 2016, 'n_units_l8': 3360, 'lr': 2.129673255376371e-05}. Best is trial 25 with value: 22.014864620492478.
[I 2025-03-22 00:11:14,481] Trial 67 pruned. 
[I 2025-03-22 00:11:14,856] Trial 68 pruned. 
[I 2025-03-22 00:11:15,035] Trial 69 pruned. 
[I 2025-03-22 00:11:15,328] Trial 70 pruned. 
[I 2025-03-22 00:11:15,784] Trial 71 pruned. 
[I 2025-03-22 00:11:16,091] Trial 72 pruned. 
[I 2025-03-22 00:11:16,479] Trial 73 pruned. 
[I 2025-03-22 00:11:22,267] Trial 51 finished with value: 56.97345683176986 and parameters: {'n_units_l0': 3744, 'n_units_l1': 384, 'n_units_l2': 192, 'n_units_l3': 3712, 'n_units_l4': 2272, 'n_units_l5': 3360, 'n_units_l6': 608, 'n_units_l7': 608, 'n_units_l8': 608, 'n_units_l9': 3776, 'lr': 0.0009753840115888158}. Best is trial 33 with value: 46.187538701780724.
[I 2025-03-22 00:11:22,795] Trial 52 pruned. 
[I 2025-03-22 00:11:23,044] Trial 53 pruned. 
[I 2025-03-22 00:11:23,314] Trial 54 pruned. 
[I 2025-03-22 00:11:23,547] Trial 55 pruned. 
[I 2025-03-22 00:11:25,191] Trial 56 pruned. 
[I 2025-03-22 00:11:29,810] Trial 74 finished with value: 36.28597733678897 and parameters: {'n_units_l0': 2592, 'n_units_l1': 1376, 'n_units_l2': 544, 'n_units_l3': 3520, 'n_units_l4': 2976, 'n_units_l5': 2048, 'n_units_l6': 2816, 'n_units_l7': 1216, 'n_units_l8': 3840, 'lr': 0.0018989582951877925}. Best is trial 25 with value: 22.014864620492478.
[I 2025-03-22 00:11:30,101] Trial 75 pruned. 
[I 2025-03-22 00:11:30,663] Trial 76 pruned. 
[I 2025-03-22 00:11:31,054] Trial 77 pruned. 
[I 2025-03-22 00:11:31,314] Trial 78 pruned. 
[I 2025-03-22 00:11:31,648] Trial 79 pruned. 
[I 2025-03-22 00:11:31,928] Trial 80 pruned. 
[I 2025-03-22 00:11:32,480] Trial 81 pruned. 
[I 2025-03-22 00:11:36,927] Trial 57 finished with value: 101.62807437642833 and parameters: {'n_units_l0': 4064, 'n_units_l1': 1344, 'n_units_l2': 544, 'n_units_l3': 3936, 'n_units_l4': 2368, 'n_units_l5': 3168, 'n_units_l6': 512, 'n_units_l7': 1024, 'n_units_l8': 352, 'n_units_l9': 2656, 'lr': 0.0005234994634178785}. Best is trial 33 with value: 46.187538701780724.
[I 2025-03-22 00:11:37,208] Trial 58 pruned. 
[I 2025-03-22 00:11:37,489] Trial 59 pruned. 
[I 2025-03-22 00:11:37,774] Trial 60 pruned. 
[I 2025-03-22 00:11:38,421] Trial 61 pruned. 
[I 2025-03-22 00:11:38,656] Trial 62 pruned. 
[I 2025-03-22 00:11:39,122] Trial 63 pruned. 
[I 2025-03-22 00:11:46,163] Trial 82 finished with value: 34.711250027743255 and parameters: {'n_units_l0': 2144, 'n_units_l1': 416, 'n_units_l2': 1344, 'n_units_l3': 3776, 'n_units_l4': 2688, 'n_units_l5': 1952, 'n_units_l6': 2720, 'n_units_l7': 1536, 'n_units_l8': 3872, 'lr': 0.0003830029461970203}. Best is trial 25 with value: 22.014864620492478.
[I 2025-03-22 00:11:51,472] Trial 64 finished with value: 93.82581237191143 and parameters: {'n_units_l0': 2752, 'n_units_l1': 1152, 'n_units_l2': 768, 'n_units_l3': 3744, 'n_units_l4': 2496, 'n_units_l5': 3392, 'n_units_l6': 928, 'n_units_l7': 1440, 'n_units_l8': 352, 'n_units_l9': 3008, 'lr': 0.00027553983578186466}. Best is trial 33 with value: 46.187538701780724.
[I 2025-03-22 00:11:51,791] Trial 65 pruned. 
[I 2025-03-22 00:11:52,051] Trial 66 pruned. 
[I 2025-03-22 00:11:52,309] Trial 67 pruned. 
[I 2025-03-22 00:11:52,634] Trial 68 pruned. 
[I 2025-03-22 00:12:00,781] Trial 83 finished with value: 36.714234123545246 and parameters: {'n_units_l0': 2304, 'n_units_l1': 352, 'n_units_l2': 1280, 'n_units_l3': 4000, 'n_units_l4': 2784, 'n_units_l5': 2048, 'n_units_l6': 2304, 'n_units_l7': 1920, 'n_units_l8': 3872, 'lr': 0.0003796859424502381}. Best is trial 25 with value: 22.014864620492478.
[I 2025-03-22 00:12:01,208] Trial 84 pruned. 
[I 2025-03-22 00:12:03,595] Trial 69 finished with value: 94.25487530848582 and parameters: {'n_units_l0': 2496, 'n_units_l1': 1280, 'n_units_l2': 448, 'n_units_l3': 3680, 'n_units_l4': 2432, 'n_units_l5': 2720, 'n_units_l6': 640, 'n_units_l7': 1536, 'n_units_l8': 480, 'n_units_l9': 3456, 'lr': 2.6101156010574196e-05}. Best is trial 33 with value: 46.187538701780724.
[I 2025-03-22 00:12:03,851] Trial 70 pruned. 
[I 2025-03-22 00:12:04,100] Trial 71 pruned. 
[I 2025-03-22 00:12:14,720] Trial 72 finished with value: 109.69799812210321 and parameters: {'n_units_l0': 2304, 'n_units_l1': 704, 'n_units_l2': 512, 'n_units_l3': 4032, 'n_units_l4': 2400, 'n_units_l5': 2944, 'n_units_l6': 832, 'n_units_l7': 1600, 'n_units_l8': 128, 'n_units_l9': 3584, 'lr': 0.00043873465591832517}. Best is trial 33 with value: 46.187538701780724.
[I 2025-03-22 00:12:15,024] Trial 73 pruned. 
[I 2025-03-22 00:12:15,328] Trial 74 pruned. 
[I 2025-03-22 00:12:15,572] Trial 75 pruned. 
[I 2025-03-22 00:12:15,910] Trial 76 pruned. 
[I 2025-03-22 00:12:16,208] Trial 77 pruned. 
[I 2025-03-22 00:12:16,547] Trial 78 pruned. 
[I 2025-03-22 00:12:17,995] Trial 85 finished with value: 63.572808610900374 and parameters: {'n_units_l0': 2112, 'n_units_l1': 160, 'n_units_l2': 1216, 'n_units_l3': 4064, 'n_units_l4': 3264, 'n_units_l5': 2336, 'n_units_l6': 2816, 'n_units_l7': 1984, 'n_units_l8': 3872, 'lr': 7.265716720435584e-05}. Best is trial 25 with value: 22.014864620492478.
[I 2025-03-22 00:12:18,361] Trial 86 pruned. 
[I 2025-03-22 00:12:18,816] Trial 87 pruned. 
[I 2025-03-22 00:12:19,157] Trial 88 pruned. 
[I 2025-03-22 00:12:19,515] Trial 89 pruned. 
[I 2025-03-22 00:12:19,843] Trial 90 pruned. 
[I 2025-03-22 00:12:20,317] Trial 91 pruned. 
[I 2025-03-22 00:12:20,700] Trial 92 pruned. 
[I 2025-03-22 00:12:21,099] Trial 93 pruned. 
[I 2025-03-22 00:12:21,441] Trial 94 pruned. 
[I 2025-03-22 00:12:21,910] Trial 95 pruned. 
[I 2025-03-22 00:12:22,186] Trial 96 pruned. 
[I 2025-03-22 00:12:22,556] Trial 97 pruned. 
[I 2025-03-22 00:12:22,960] Trial 98 pruned. 
[I 2025-03-22 00:12:29,074] Trial 79 finished with value: 94.20469012922602 and parameters: {'n_units_l0': 3232, 'n_units_l1': 864, 'n_units_l2': 704, 'n_units_l3': 3264, 'n_units_l4': 2816, 'n_units_l5': 3456, 'n_units_l6': 576, 'n_units_l7': 640, 'n_units_l8': 1728, 'n_units_l9': 2016, 'lr': 7.860322204116606e-05}. Best is trial 33 with value: 46.187538701780724.
[I 2025-03-22 00:12:29,402] Trial 80 pruned. 
[I 2025-03-22 00:12:35,348] Trial 99 finished with value: 21.268217780373313 and parameters: {'n_units_l0': 2112, 'n_units_l1': 1056, 'n_units_l2': 640, 'n_units_l3': 3520, 'n_units_l4': 2848, 'n_units_l5': 1824, 'n_units_l6': 2592, 'n_units_l7': 1216, 'n_units_l8': 3808, 'lr': 0.00022585225141483312}. Best is trial 99 with value: 21.268217780373313.
[I 2025-03-22 00:12:35,368] A new study created in memory with name: no-name-179508f7-25b7-4596-94e3-fe4a21bbd7fd
[I 2025-03-22 00:12:42,880] Trial 81 finished with value: 44.76669252594671 and parameters: {'n_units_l0': 3232, 'n_units_l1': 864, 'n_units_l2': 832, 'n_units_l3': 3872, 'n_units_l4': 2624, 'n_units_l5': 3424, 'n_units_l6': 576, 'n_units_l7': 704, 'n_units_l8': 1632, 'n_units_l9': 3616, 'lr': 0.0027161760237820846}. Best is trial 81 with value: 44.76669252594671.
[I 2025-03-22 00:12:43,222] Trial 82 pruned. 
[I 2025-03-22 00:12:43,560] Trial 83 pruned. 
[I 2025-03-22 00:12:43,979] Trial 84 pruned. 
[I 2025-03-22 00:12:44,322] Trial 85 pruned. 
[I 2025-03-22 00:12:44,799] Trial 86 pruned. 
[I 2025-03-22 00:12:52,666] Trial 0 finished with value: inf and parameters: {'n_units_l0': 2432, 'n_units_l1': 2848, 'n_units_l2': 4000, 'n_units_l3': 480, 'n_units_l4': 640, 'n_units_l5': 3552, 'n_units_l6': 3712, 'n_units_l7': 1824, 'n_units_l8': 2176, 'n_units_l9': 1248, 'n_units_l10': 64, 'lr': 0.08226933301697127}. Best is trial 0 with value: inf.
[I 2025-03-22 00:12:59,674] Trial 87 finished with value: 62.56315466097955 and parameters: {'n_units_l0': 2592, 'n_units_l1': 1088, 'n_units_l2': 896, 'n_units_l3': 4000, 'n_units_l4': 2752, 'n_units_l5': 2912, 'n_units_l6': 896, 'n_units_l7': 32, 'n_units_l8': 2624, 'n_units_l9': 3776, 'lr': 0.0002537570496776789}. Best is trial 81 with value: 44.76669252594671.
[I 2025-03-22 00:13:00,638] Trial 88 pruned. 
[I 2025-03-22 00:13:01,052] Trial 89 pruned. 
[I 2025-03-22 00:13:01,422] Trial 90 pruned. 
[I 2025-03-22 00:13:01,734] Trial 91 pruned. 
[I 2025-03-22 00:13:02,048] Trial 92 pruned. 
[I 2025-03-22 00:13:05,853] Trial 1 finished with value: 125.20764663746648 and parameters: {'n_units_l0': 3904, 'n_units_l1': 736, 'n_units_l2': 2624, 'n_units_l3': 1024, 'n_units_l4': 448, 'n_units_l5': 2752, 'n_units_l6': 2624, 'n_units_l7': 2496, 'n_units_l8': 1056, 'n_units_l9': 2240, 'n_units_l10': 3648, 'lr': 0.014915095040458654}. Best is trial 1 with value: 125.20764663746648.
[I 2025-03-22 00:13:16,045] Trial 93 finished with value: 92.46262654889874 and parameters: {'n_units_l0': 2720, 'n_units_l1': 1248, 'n_units_l2': 928, 'n_units_l3': 3744, 'n_units_l4': 2240, 'n_units_l5': 3520, 'n_units_l6': 1152, 'n_units_l7': 1312, 'n_units_l8': 2208, 'n_units_l9': 1632, 'lr': 0.00018769267627589286}. Best is trial 81 with value: 44.76669252594671.
[I 2025-03-22 00:13:16,399] Trial 94 pruned. 
[I 2025-03-22 00:13:16,702] Trial 95 pruned. 
[I 2025-03-22 00:13:17,072] Trial 96 pruned. 
[I 2025-03-22 00:13:17,435] Trial 97 pruned. 
[I 2025-03-22 00:13:21,404] Trial 2 finished with value: inf and parameters: {'n_units_l0': 2656, 'n_units_l1': 1664, 'n_units_l2': 3520, 'n_units_l3': 3872, 'n_units_l4': 1568, 'n_units_l5': 1920, 'n_units_l6': 1632, 'n_units_l7': 1088, 'n_units_l8': 2112, 'n_units_l9': 1088, 'n_units_l10': 1376, 'lr': 0.06828857915018534}. Best is trial 1 with value: 125.20764663746648.
