[I 2025-03-22 19:35:30,018] Trial 42 finished with value: 12.015019701756945 and parameters: {'n_units_l0': 2592, 'n_units_l1': 2560, 'n_units_l2': 2816, 'n_units_l3': 2240, 'n_units_l4': 2208, 'n_units_l5': 3168, 'n_units_l6': 3488, 'n_units_l7': 224, 'n_units_l8': 864, 'n_units_l9': 3680, 'lr': 0.0015370104058755646}. Best is trial 23 with value: 5.499811446545878.
[I 2025-03-22 19:35:38,451] Trial 43 pruned. 
[I 2025-03-22 19:35:41,980] Trial 44 pruned. 
[I 2025-03-22 19:35:46,802] Trial 45 pruned. 
[I 2025-03-22 19:35:55,276] Trial 46 pruned. 
[I 2025-03-22 19:35:57,688] Trial 47 pruned. 
[I 2025-03-22 19:36:01,670] Trial 48 pruned. 
[I 2025-03-22 19:36:10,589] Trial 49 pruned. 
[I 2025-03-22 19:36:14,315] Trial 50 pruned. 
[I 2025-03-22 19:36:18,509] Trial 51 pruned. 
[I 2025-03-22 19:36:22,368] Trial 52 pruned. 
[I 2025-03-22 19:36:45,834] Trial 53 pruned. 
[I 2025-03-22 19:36:53,588] Trial 54 pruned. 
[I 2025-03-22 19:36:57,139] Trial 55 pruned. 
[I 2025-03-22 19:37:00,090] Trial 56 pruned. 
[I 2025-03-22 19:41:14,454] Trial 57 finished with value: 8.598735452015069 and parameters: {'n_units_l0': 1536, 'n_units_l1': 1984, 'n_units_l2': 2080, 'n_units_l3': 2368, 'n_units_l4': 1824, 'n_units_l5': 224, 'n_units_l6': 2176, 'n_units_l7': 1824, 'n_units_l8': 1344, 'n_units_l9': 1600, 'lr': 0.003076715598046474}. Best is trial 23 with value: 5.499811446545878.
[I 2025-03-22 19:41:17,595] Trial 58 pruned. 
[I 2025-03-22 19:41:20,989] Trial 59 pruned. 
[I 2025-03-22 19:41:24,493] Trial 60 pruned. 
[I 2025-03-22 19:42:10,431] Trial 60 finished with value: 7.056041018758868 and parameters: {'n_units_l0': 480, 'n_units_l1': 4096, 'n_units_l2': 3232, 'n_units_l3': 576, 'n_units_l4': 4000, 'n_units_l5': 3904, 'n_units_l6': 1920, 'n_units_l7': 4000, 'n_units_l8': 1120, 'lr': 0.0028710876807619273}. Best is trial 51 with value: 6.297148913342717.
[I 2025-03-22 19:43:11,421] Trial 61 pruned. 
[I 2025-03-22 19:43:21,068] Trial 62 pruned. 
[I 2025-03-22 19:43:25,237] Trial 63 pruned. 
[I 2025-03-22 19:45:35,450] Trial 61 finished with value: 9.88944869743332 and parameters: {'n_units_l0': 1728, 'n_units_l1': 2272, 'n_units_l2': 3360, 'n_units_l3': 2176, 'n_units_l4': 2048, 'n_units_l5': 96, 'n_units_l6': 1312, 'n_units_l7': 192, 'n_units_l8': 576, 'n_units_l9': 1312, 'lr': 0.0028841015227442923}. Best is trial 23 with value: 5.499811446545878.
[I 2025-03-22 19:49:35,728] Trial 62 finished with value: 11.84235682664407 and parameters: {'n_units_l0': 1632, 'n_units_l1': 2272, 'n_units_l2': 3456, 'n_units_l3': 1792, 'n_units_l4': 2016, 'n_units_l5': 128, 'n_units_l6': 1216, 'n_units_l7': 352, 'n_units_l8': 608, 'n_units_l9': 1312, 'lr': 0.0028544620806399126}. Best is trial 23 with value: 5.499811446545878.
[I 2025-03-22 19:49:38,985] Trial 63 pruned. 
[I 2025-03-22 19:49:49,348] Trial 64 pruned. 
[I 2025-03-22 19:49:51,815] Trial 65 pruned. 
[I 2025-03-22 19:49:53,719] Trial 66 pruned. 
[I 2025-03-22 19:50:41,078] Trial 64 finished with value: 17.77416460111251 and parameters: {'n_units_l0': 192, 'n_units_l1': 3936, 'n_units_l2': 3648, 'n_units_l3': 1024, 'n_units_l4': 3552, 'n_units_l5': 3936, 'n_units_l6': 1632, 'n_units_l7': 2432, 'n_units_l8': 1856, 'lr': 0.003566732421993438}. Best is trial 51 with value: 6.297148913342717.
[I 2025-03-22 19:50:45,590] Trial 65 pruned. 
[I 2025-03-22 19:50:53,303] Trial 66 pruned. 
[I 2025-03-22 19:50:57,885] Trial 67 pruned. 
[I 2025-03-22 19:51:01,308] Trial 68 pruned. 
[I 2025-03-22 19:51:04,441] Trial 69 pruned. 
[I 2025-03-22 19:51:07,233] Trial 70 pruned. 
[I 2025-03-22 19:51:22,055] Trial 67 pruned. 
[I 2025-03-22 19:51:25,196] Trial 68 pruned. 
[I 2025-03-22 19:51:34,093] Trial 69 pruned. 
[I 2025-03-22 19:54:37,309] Trial 70 finished with value: 13.065168700818726 and parameters: {'n_units_l0': 2400, 'n_units_l1': 3904, 'n_units_l2': 320, 'n_units_l3': 2848, 'n_units_l4': 1248, 'n_units_l5': 96, 'n_units_l6': 1344, 'n_units_l7': 736, 'n_units_l8': 32, 'n_units_l9': 1440, 'lr': 0.0027113438567870946}. Best is trial 23 with value: 5.499811446545878.
[I 2025-03-22 19:54:40,322] Trial 71 pruned. 
[I 2025-03-22 19:54:45,468] Trial 72 pruned. 
[I 2025-03-22 19:54:45,930] Trial 71 finished with value: 11.239077780093153 and parameters: {'n_units_l0': 1376, 'n_units_l1': 864, 'n_units_l2': 2368, 'n_units_l3': 1152, 'n_units_l4': 4000, 'n_units_l5': 640, 'n_units_l6': 2464, 'n_units_l7': 1152, 'n_units_l8': 3264, 'lr': 0.0023733767010794323}. Best is trial 51 with value: 6.297148913342717.
[I 2025-03-22 19:54:47,403] Trial 73 pruned. 
[I 2025-03-22 19:54:48,153] Trial 72 pruned. 
[I 2025-03-22 19:54:50,004] Trial 73 pruned. 
[I 2025-03-22 19:54:59,751] Trial 74 pruned. 
[I 2025-03-22 19:55:01,508] Trial 75 pruned. 
[I 2025-03-22 19:55:04,218] Trial 76 pruned. 
[I 2025-03-22 19:55:06,583] Trial 77 pruned. 
[I 2025-03-22 19:55:09,474] Trial 78 pruned. 
[I 2025-03-22 19:55:12,997] Trial 79 pruned. 
[I 2025-03-22 19:55:20,632] Trial 80 pruned. 
[I 2025-03-22 19:55:30,482] Trial 81 pruned. 
[I 2025-03-22 19:55:32,826] Trial 82 pruned. 
[I 2025-03-22 19:55:35,142] Trial 83 pruned. 
[I 2025-03-22 19:55:38,505] Trial 84 pruned. 
[I 2025-03-22 19:55:42,380] Trial 85 pruned. 
[I 2025-03-22 19:55:45,912] Trial 86 pruned. 
[I 2025-03-22 19:55:49,386] Trial 87 pruned. 
[I 2025-03-22 19:55:55,208] Trial 88 pruned. 
[I 2025-03-22 19:56:02,997] Trial 89 pruned. 
[I 2025-03-22 19:56:06,609] Trial 90 pruned. 
[I 2025-03-22 19:56:14,065] Trial 91 pruned. 
[I 2025-03-22 19:56:18,626] Trial 92 pruned. 
[I 2025-03-22 19:56:22,269] Trial 93 pruned. 
[I 2025-03-22 19:56:26,559] Trial 94 pruned. 
[I 2025-03-22 19:56:31,142] Trial 95 pruned. 
[I 2025-03-22 19:56:44,123] Trial 96 pruned. 
[I 2025-03-22 19:56:45,844] Trial 74 pruned. 
[I 2025-03-22 19:56:48,687] Trial 75 pruned. 
[I 2025-03-22 19:56:51,971] Trial 76 pruned. 
[I 2025-03-22 19:56:52,188] Trial 97 pruned. 
[I 2025-03-22 19:56:54,235] Trial 77 pruned. 
[I 2025-03-22 19:56:56,536] Trial 78 pruned. 
[I 2025-03-22 19:56:57,423] Trial 98 pruned. 
[I 2025-03-22 19:57:00,528] Trial 79 pruned. 
[I 2025-03-22 19:57:03,300] Trial 99 pruned. 
[I 2025-03-22 19:57:03,336] Trial 80 pruned. 
[I 2025-03-22 19:57:03,539] A new study created in memory with name: no-name-9d537cb6-48ea-450d-b4da-68337a9f8775
[I 2025-03-22 19:57:05,288] Trial 81 pruned. 
[I 2025-03-22 20:00:13,354] Trial 82 finished with value: 7.857983072368045 and parameters: {'n_units_l0': 2752, 'n_units_l1': 3840, 'n_units_l2': 160, 'n_units_l3': 3200, 'n_units_l4': 1152, 'n_units_l5': 128, 'n_units_l6': 1280, 'n_units_l7': 864, 'n_units_l8': 224, 'n_units_l9': 1184, 'lr': 0.0023477106016700894}. Best is trial 23 with value: 5.499811446545878.
[I 2025-03-22 20:00:15,275] Trial 83 pruned. 
[I 2025-03-22 20:00:17,724] Trial 84 pruned. 
[I 2025-03-22 20:00:19,781] Trial 85 pruned. 
[I 2025-03-22 20:00:21,938] Trial 86 pruned. 
[I 2025-03-22 20:00:25,973] Trial 87 pruned. 
[I 2025-03-22 20:00:29,116] Trial 88 pruned. 
[I 2025-03-22 20:00:32,624] Trial 89 pruned. 
[I 2025-03-22 20:00:35,785] Trial 90 pruned. 
[I 2025-03-22 20:03:36,619] Trial 91 finished with value: 9.38393201131276 and parameters: {'n_units_l0': 2272, 'n_units_l1': 3872, 'n_units_l2': 320, 'n_units_l3': 2880, 'n_units_l4': 1280, 'n_units_l5': 128, 'n_units_l6': 1568, 'n_units_l7': 704, 'n_units_l8': 128, 'n_units_l9': 1088, 'lr': 0.0024865275568207376}. Best is trial 23 with value: 5.499811446545878.
[I 2025-03-22 20:03:38,708] Trial 92 pruned. 
[I 2025-03-22 20:03:43,574] Trial 93 pruned. 
[I 2025-03-22 20:03:46,169] Trial 94 pruned. 
[I 2025-03-22 20:03:48,997] Trial 95 pruned. 
[I 2025-03-22 20:03:51,256] Trial 96 pruned. 
[I 2025-03-22 20:03:54,371] Trial 97 pruned. 
[I 2025-03-22 20:03:57,521] Trial 98 pruned. 
[I 2025-03-22 20:03:59,515] Trial 99 pruned. 
[I 2025-03-22 20:03:59,753] A new study created in memory with name: no-name-d255b189-9ee2-4a0e-968e-a363ce577119
[I 2025-03-22 20:04:46,365] Trial 0 finished with value: 125.12285706295447 and parameters: {'n_units_l0': 3392, 'n_units_l1': 1152, 'n_units_l2': 1632, 'n_units_l3': 2496, 'n_units_l4': 3264, 'n_units_l5': 2240, 'n_units_l6': 4032, 'n_units_l7': 2432, 'n_units_l8': 224, 'n_units_l9': 2240, 'n_units_l10': 4000, 'lr': 0.039825816164146384}. Best is trial 0 with value: 125.12285706295447.
[I 2025-03-22 20:08:19,802] Trial 1 finished with value: 125.13777777325132 and parameters: {'n_units_l0': 768, 'n_units_l1': 1888, 'n_units_l2': 352, 'n_units_l3': 3392, 'n_units_l4': 1984, 'n_units_l5': 1664, 'n_units_l6': 1088, 'n_units_l7': 128, 'n_units_l8': 800, 'n_units_l9': 1728, 'n_units_l10': 1408, 'lr': 0.05568189523113833}. Best is trial 0 with value: 125.12285706295447.
[I 2025-03-22 20:10:38,557] Trial 0 finished with value: 125.01163529146727 and parameters: {'n_units_l0': 1120, 'n_units_l1': 2976, 'n_units_l2': 3488, 'n_units_l3': 1152, 'n_units_l4': 1120, 'n_units_l5': 96, 'n_units_l6': 1600, 'n_units_l7': 3552, 'n_units_l8': 1664, 'n_units_l9': 1376, 'n_units_l10': 2496, 'n_units_l11': 3360, 'lr': 0.027817581300118577}. Best is trial 0 with value: 125.01163529146727.
[I 2025-03-22 20:12:55,143] Trial 2 finished with value: 125.10966041756716 and parameters: {'n_units_l0': 3872, 'n_units_l1': 1952, 'n_units_l2': 1184, 'n_units_l3': 64, 'n_units_l4': 2592, 'n_units_l5': 672, 'n_units_l6': 4096, 'n_units_l7': 2016, 'n_units_l8': 832, 'n_units_l9': 896, 'n_units_l10': 2592, 'lr': 0.037347582487585795}. Best is trial 2 with value: 125.10966041756716.
[I 2025-03-22 20:18:05,913] Trial 1 finished with value: inf and parameters: {'n_units_l0': 1312, 'n_units_l1': 640, 'n_units_l2': 2880, 'n_units_l3': 2112, 'n_units_l4': 2656, 'n_units_l5': 2880, 'n_units_l6': 2848, 'n_units_l7': 2272, 'n_units_l8': 3840, 'n_units_l9': 640, 'n_units_l10': 2880, 'n_units_l11': 608, 'lr': 0.06391443694129413}. Best is trial 0 with value: 125.01163529146727.
[I 2025-03-22 20:21:48,776] Trial 3 finished with value: 125.1053304084527 and parameters: {'n_units_l0': 1952, 'n_units_l1': 1408, 'n_units_l2': 1568, 'n_units_l3': 416, 'n_units_l4': 2656, 'n_units_l5': 3872, 'n_units_l6': 4096, 'n_units_l7': 4096, 'n_units_l8': 2592, 'n_units_l9': 1248, 'n_units_l10': 1024, 'lr': 0.006873568757518013}. Best is trial 3 with value: 125.1053304084527.
[I 2025-03-22 20:25:41,018] Trial 4 finished with value: inf and parameters: {'n_units_l0': 1888, 'n_units_l1': 1280, 'n_units_l2': 320, 'n_units_l3': 1728, 'n_units_l4': 1248, 'n_units_l5': 2112, 'n_units_l6': 224, 'n_units_l7': 2176, 'n_units_l8': 3136, 'n_units_l9': 960, 'n_units_l10': 2592, 'lr': 0.08539681541149068}. Best is trial 3 with value: 125.1053304084527.
[I 2025-03-22 20:25:44,847] Trial 5 pruned. 
[I 2025-03-22 20:25:48,604] Trial 6 pruned. 
[I 2025-03-22 20:25:52,661] Trial 7 pruned. 
[I 2025-03-22 20:29:55,523] Trial 2 finished with value: inf and parameters: {'n_units_l0': 3232, 'n_units_l1': 3872, 'n_units_l2': 3584, 'n_units_l3': 2048, 'n_units_l4': 3456, 'n_units_l5': 3360, 'n_units_l6': 3520, 'n_units_l7': 1792, 'n_units_l8': 2752, 'n_units_l9': 1344, 'n_units_l10': 3456, 'n_units_l11': 736, 'lr': 0.06216789389247167}. Best is trial 0 with value: 125.01163529146727.
[I 2025-03-22 20:31:10,038] Trial 8 finished with value: 125.10572778088782 and parameters: {'n_units_l0': 2400, 'n_units_l1': 1376, 'n_units_l2': 1024, 'n_units_l3': 2656, 'n_units_l4': 2240, 'n_units_l5': 3648, 'n_units_l6': 2080, 'n_units_l7': 1376, 'n_units_l8': 256, 'n_units_l9': 1760, 'n_units_l10': 448, 'lr': 0.006374193785056516}. Best is trial 3 with value: 125.1053304084527.
[I 2025-03-22 20:31:13,894] Trial 9 pruned. 
[I 2025-03-22 20:31:19,218] Trial 10 pruned. 
[I 2025-03-22 20:31:24,270] Trial 11 pruned. 
[I 2025-03-22 20:31:27,941] Trial 12 pruned. 
[I 2025-03-22 20:38:48,552] Trial 3 finished with value: inf and parameters: {'n_units_l0': 3168, 'n_units_l1': 4064, 'n_units_l2': 3168, 'n_units_l3': 1824, 'n_units_l4': 1312, 'n_units_l5': 4064, 'n_units_l6': 224, 'n_units_l7': 864, 'n_units_l8': 2240, 'n_units_l9': 1920, 'n_units_l10': 3552, 'n_units_l11': 2720, 'lr': 0.07632068881115242}. Best is trial 0 with value: 125.01163529146727.
[I 2025-03-22 20:39:03,563] Trial 13 finished with value: 125.10829859993515 and parameters: {'n_units_l0': 1536, 'n_units_l1': 736, 'n_units_l2': 2912, 'n_units_l3': 2880, 'n_units_l4': 2720, 'n_units_l5': 3520, 'n_units_l6': 3296, 'n_units_l7': 3168, 'n_units_l8': 128, 'n_units_l9': 1472, 'n_units_l10': 1344, 'lr': 0.017517356896858398}. Best is trial 3 with value: 125.1053304084527.
[I 2025-03-22 20:39:06,011] Trial 14 pruned. 
[I 2025-03-22 20:39:10,172] Trial 15 pruned. 
[I 2025-03-22 20:39:14,357] Trial 16 pruned. 
[I 2025-03-22 20:39:18,410] Trial 17 pruned. 
[I 2025-03-22 20:39:22,365] Trial 18 pruned. 
[I 2025-03-22 20:39:27,013] Trial 19 pruned. 
[I 2025-03-22 20:43:44,345] Trial 4 finished with value: inf and parameters: {'n_units_l0': 3232, 'n_units_l1': 1248, 'n_units_l2': 3328, 'n_units_l3': 672, 'n_units_l4': 1280, 'n_units_l5': 1984, 'n_units_l6': 96, 'n_units_l7': 4096, 'n_units_l8': 2016, 'n_units_l9': 2272, 'n_units_l10': 480, 'n_units_l11': 3392, 'lr': 0.07353976502091177}. Best is trial 0 with value: 125.01163529146727.
/trinity/home/fisheye/.local/lib/python3.9/site-packages/numpy/lib/function_base.py:4527: RuntimeWarning: invalid value encountered in subtract
  diff_b_a = subtract(b, a)
[I 2025-03-22 20:45:02,296] Trial 20 finished with value: 125.11541381122919 and parameters: {'n_units_l0': 1344, 'n_units_l1': 1376, 'n_units_l2': 768, 'n_units_l3': 3072, 'n_units_l4': 1536, 'n_units_l5': 3840, 'n_units_l6': 2656, 'n_units_l7': 800, 'n_units_l8': 1248, 'n_units_l9': 1952, 'n_units_l10': 2592, 'lr': 0.025895549101163973}. Best is trial 3 with value: 125.1053304084527.
[I 2025-03-22 20:52:07,590] Trial 5 finished with value: inf and parameters: {'n_units_l0': 1792, 'n_units_l1': 4064, 'n_units_l2': 2720, 'n_units_l3': 256, 'n_units_l4': 1152, 'n_units_l5': 3520, 'n_units_l6': 1696, 'n_units_l7': 1536, 'n_units_l8': 2816, 'n_units_l9': 2656, 'n_units_l10': 2752, 'n_units_l11': 2880, 'lr': 0.07456574017137246}. Best is trial 0 with value: 125.01163529146727.
[I 2025-03-22 20:52:52,587] Trial 21 finished with value: 125.11921464169347 and parameters: {'n_units_l0': 1504, 'n_units_l1': 640, 'n_units_l2': 3136, 'n_units_l3': 2880, 'n_units_l4': 2816, 'n_units_l5': 3552, 'n_units_l6': 3456, 'n_units_l7': 2912, 'n_units_l8': 128, 'n_units_l9': 1504, 'n_units_l10': 1376, 'lr': 0.010213984219818279}. Best is trial 3 with value: 125.1053304084527.
[I 2025-03-22 20:52:57,890] Trial 22 pruned. 
[I 2025-03-22 20:53:03,782] Trial 23 pruned. 
[I 2025-03-22 20:58:36,361] Trial 6 finished with value: inf and parameters: {'n_units_l0': 3680, 'n_units_l1': 3072, 'n_units_l2': 64, 'n_units_l3': 192, 'n_units_l4': 1632, 'n_units_l5': 3840, 'n_units_l6': 928, 'n_units_l7': 3680, 'n_units_l8': 2720, 'n_units_l9': 1248, 'n_units_l10': 1376, 'n_units_l11': 2784, 'lr': 0.06955269649443568}. Best is trial 0 with value: 125.01163529146727.
[I 2025-03-22 21:00:43,457] Trial 24 finished with value: 125.10827161139638 and parameters: {'n_units_l0': 1184, 'n_units_l1': 512, 'n_units_l2': 1664, 'n_units_l3': 2240, 'n_units_l4': 3008, 'n_units_l5': 4096, 'n_units_l6': 3712, 'n_units_l7': 3744, 'n_units_l8': 160, 'n_units_l9': 1312, 'n_units_l10': 512, 'lr': 0.02013183824225722}. Best is trial 3 with value: 125.1053304084527.
[I 2025-03-22 21:00:47,890] Trial 25 pruned. 
[I 2025-03-22 21:05:05,651] Trial 7 finished with value: inf and parameters: {'n_units_l0': 2240, 'n_units_l1': 320, 'n_units_l2': 1696, 'n_units_l3': 2848, 'n_units_l4': 1216, 'n_units_l5': 2304, 'n_units_l6': 256, 'n_units_l7': 1760, 'n_units_l8': 3520, 'n_units_l9': 2016, 'n_units_l10': 4096, 'n_units_l11': 2176, 'lr': 0.07128676808752413}. Best is trial 0 with value: 125.01163529146727.
[I 2025-03-22 21:07:24,595] Trial 26 finished with value: 8.597595466077504 and parameters: {'n_units_l0': 2016, 'n_units_l1': 1120, 'n_units_l2': 1280, 'n_units_l3': 1504, 'n_units_l4': 2240, 'n_units_l5': 2528, 'n_units_l6': 3616, 'n_units_l7': 4096, 'n_units_l8': 864, 'n_units_l9': 1152, 'n_units_l10': 608, 'lr': 2.407334711507919e-05}. Best is trial 26 with value: 8.597595466077504.
[I 2025-03-22 21:09:08,203] Trial 8 finished with value: 125.02340976776036 and parameters: {'n_units_l0': 3392, 'n_units_l1': 2016, 'n_units_l2': 608, 'n_units_l3': 1152, 'n_units_l4': 288, 'n_units_l5': 3136, 'n_units_l6': 1984, 'n_units_l7': 896, 'n_units_l8': 832, 'n_units_l9': 1024, 'n_units_l10': 608, 'n_units_l11': 2944, 'lr': 0.054848198971122746}. Best is trial 0 with value: 125.01163529146727.
[I 2025-03-22 21:12:15,958] Trial 27 finished with value: 8.759511463815963 and parameters: {'n_units_l0': 2048, 'n_units_l1': 2208, 'n_units_l2': 1248, 'n_units_l3': 512, 'n_units_l4': 1792, 'n_units_l5': 1728, 'n_units_l6': 2208, 'n_units_l7': 4096, 'n_units_l8': 1056, 'n_units_l9': 512, 'n_units_l10': 800, 'lr': 0.0009551880263069969}. Best is trial 26 with value: 8.597595466077504.
[I 2025-03-22 21:17:47,728] Trial 28 finished with value: 6.692786505272862 and parameters: {'n_units_l0': 1984, 'n_units_l1': 2208, 'n_units_l2': 1312, 'n_units_l3': 448, 'n_units_l4': 1120, 'n_units_l5': 1248, 'n_units_l6': 3808, 'n_units_l7': 4096, 'n_units_l8': 1056, 'n_units_l9': 320, 'n_units_l10': 800, 'lr': 2.1362654724898134e-05}. Best is trial 28 with value: 6.692786505272862.
[I 2025-03-22 21:19:57,883] Trial 9 finished with value: inf and parameters: {'n_units_l0': 3936, 'n_units_l1': 3712, 'n_units_l2': 3264, 'n_units_l3': 3712, 'n_units_l4': 224, 'n_units_l5': 2656, 'n_units_l6': 1344, 'n_units_l7': 3424, 'n_units_l8': 3680, 'n_units_l9': 3264, 'n_units_l10': 1312, 'n_units_l11': 1216, 'lr': 0.04000146536316457}. Best is trial 0 with value: 125.01163529146727.
[I 2025-03-22 21:22:37,680] Trial 29 finished with value: 4.505351145373732 and parameters: {'n_units_l0': 3584, 'n_units_l1': 2208, 'n_units_l2': 1248, 'n_units_l3': 896, 'n_units_l4': 1088, 'n_units_l5': 1216, 'n_units_l6': 2400, 'n_units_l7': 3360, 'n_units_l8': 960, 'n_units_l9': 320, 'n_units_l10': 2336, 'lr': 0.000473157092545147}. Best is trial 29 with value: 4.505351145373732.
[I 2025-03-22 21:22:40,900] Trial 30 pruned. 
[I 2025-03-22 21:24:40,278] Trial 10 finished with value: 125.01331365714294 and parameters: {'n_units_l0': 64, 'n_units_l1': 2688, 'n_units_l2': 1888, 'n_units_l3': 1216, 'n_units_l4': 2496, 'n_units_l5': 32, 'n_units_l6': 2688, 'n_units_l7': 2976, 'n_units_l8': 160, 'n_units_l9': 128, 'n_units_l10': 2048, 'n_units_l11': 4096, 'lr': 0.008418410134722179}. Best is trial 0 with value: 125.01163529146727.
[I 2025-03-22 21:27:39,065] Trial 31 finished with value: 5.306489130545767 and parameters: {'n_units_l0': 2848, 'n_units_l1': 2240, 'n_units_l2': 1248, 'n_units_l3': 800, 'n_units_l4': 768, 'n_units_l5': 1664, 'n_units_l6': 2368, 'n_units_l7': 3840, 'n_units_l8': 1088, 'n_units_l9': 384, 'n_units_l10': 3232, 'lr': 0.0008374086654145648}. Best is trial 29 with value: 4.505351145373732.
[I 2025-03-22 21:29:22,395] Trial 11 finished with value: 125.0162714052762 and parameters: {'n_units_l0': 64, 'n_units_l1': 2976, 'n_units_l2': 1856, 'n_units_l3': 1088, 'n_units_l4': 2496, 'n_units_l5': 64, 'n_units_l6': 2752, 'n_units_l7': 2848, 'n_units_l8': 128, 'n_units_l9': 32, 'n_units_l10': 2112, 'n_units_l11': 4096, 'lr': 0.010276760755044951}. Best is trial 0 with value: 125.01163529146727.
[I 2025-03-22 21:32:32,991] Trial 32 finished with value: 9.863839485048034 and parameters: {'n_units_l0': 3584, 'n_units_l1': 2336, 'n_units_l2': 1344, 'n_units_l3': 1472, 'n_units_l4': 736, 'n_units_l5': 1088, 'n_units_l6': 2496, 'n_units_l7': 3424, 'n_units_l8': 800, 'n_units_l9': 96, 'n_units_l10': 3200, 'lr': 0.00012696921599870693}. Best is trial 29 with value: 4.505351145373732.
[I 2025-03-22 21:32:35,989] Trial 33 pruned. 
[I 2025-03-22 21:34:34,467] Trial 12 finished with value: 125.02226090874714 and parameters: {'n_units_l0': 96, 'n_units_l1': 2304, 'n_units_l2': 1216, 'n_units_l3': 1440, 'n_units_l4': 4000, 'n_units_l5': 192, 'n_units_l6': 2592, 'n_units_l7': 2912, 'n_units_l8': 1280, 'n_units_l9': 320, 'n_units_l10': 2112, 'n_units_l11': 4000, 'lr': 0.007094514489901532}. Best is trial 0 with value: 125.01163529146727.
[I 2025-03-22 21:38:01,414] Trial 34 finished with value: 125.11410461974565 and parameters: {'n_units_l0': 2944, 'n_units_l1': 2048, 'n_units_l2': 1152, 'n_units_l3': 256, 'n_units_l4': 992, 'n_units_l5': 1792, 'n_units_l6': 3808, 'n_units_l7': 3360, 'n_units_l8': 736, 'n_units_l9': 800, 'n_units_l10': 3008, 'lr': 0.0081283244677219}. Best is trial 29 with value: 4.505351145373732.
[I 2025-03-22 21:38:05,207] Trial 35 pruned. 
[I 2025-03-22 21:38:08,586] Trial 36 pruned. 
[I 2025-03-22 21:38:11,893] Trial 37 pruned. 
[I 2025-03-22 21:38:14,786] Trial 38 pruned. 
[I 2025-03-22 21:38:17,183] Trial 39 pruned. 
[I 2025-03-22 21:38:20,326] Trial 40 pruned. 
[I 2025-03-22 21:42:45,850] Trial 13 finished with value: 125.01828653960007 and parameters: {'n_units_l0': 608, 'n_units_l1': 2464, 'n_units_l2': 4096, 'n_units_l3': 2592, 'n_units_l4': 2208, 'n_units_l5': 928, 'n_units_l6': 4096, 'n_units_l7': 2816, 'n_units_l8': 192, 'n_units_l9': 4096, 'n_units_l10': 1408, 'n_units_l11': 3712, 'lr': 0.028042346917011556}. Best is trial 0 with value: 125.01163529146727.
[I 2025-03-22 21:43:06,328] Trial 41 finished with value: 6.154345485351526 and parameters: {'n_units_l0': 2080, 'n_units_l1': 2208, 'n_units_l2': 1280, 'n_units_l3': 544, 'n_units_l4': 1728, 'n_units_l5': 1664, 'n_units_l6': 2048, 'n_units_l7': 4096, 'n_units_l8': 1056, 'n_units_l9': 480, 'n_units_l10': 192, 'lr': 2.84571114083871e-05}. Best is trial 29 with value: 4.505351145373732.
[I 2025-03-22 21:43:09,143] Trial 42 pruned. 
