[I 2025-03-22 02:57:16,518] Trial 32 finished with value: 7.461233816393916 and parameters: {'n_units_l0': 3904, 'n_units_l1': 352, 'n_units_l2': 2336, 'n_units_l3': 448, 'n_units_l4': 480, 'n_units_l5': 1792, 'n_units_l6': 2592, 'n_units_l7': 256, 'n_units_l8': 3712, 'n_units_l9': 4032, 'n_units_l10': 1792, 'n_units_l11': 1792, 'lr': 0.00020610245075079747}. Best is trial 32 with value: 7.461233816393916.
[I 2025-03-22 02:57:17,361] Trial 33 pruned. 
[I 2025-03-22 02:57:18,351] Trial 34 pruned. 
[I 2025-03-22 02:57:19,157] Trial 35 pruned. 
[I 2025-03-22 02:57:19,720] Trial 36 pruned. 
[I 2025-03-22 02:57:20,519] Trial 37 pruned. 
[I 2025-03-22 02:57:21,543] Trial 38 pruned. 
[I 2025-03-22 02:57:22,501] Trial 39 pruned. 
[I 2025-03-22 02:57:51,762] Trial 91 finished with value: 7.481936463853682 and parameters: {'n_units_l0': 3424, 'n_units_l1': 1856, 'n_units_l2': 320, 'n_units_l3': 3136, 'n_units_l4': 992, 'n_units_l5': 384, 'n_units_l6': 3104, 'n_units_l7': 1728, 'n_units_l8': 1152, 'n_units_l9': 576, 'n_units_l10': 1952, 'lr': 0.0006527921909853019}. Best is trial 85 with value: 6.34401033591395.
[I 2025-03-22 02:57:52,298] Trial 92 pruned. 
[I 2025-03-22 02:58:23,879] Trial 40 finished with value: 19.735687065322164 and parameters: {'n_units_l0': 3552, 'n_units_l1': 224, 'n_units_l2': 2624, 'n_units_l3': 160, 'n_units_l4': 2688, 'n_units_l5': 2048, 'n_units_l6': 2464, 'n_units_l7': 1312, 'n_units_l8': 4096, 'n_units_l9': 2784, 'n_units_l10': 2688, 'n_units_l11': 608, 'lr': 0.00022239819298409264}. Best is trial 32 with value: 7.461233816393916.
[I 2025-03-22 02:58:27,864] Trial 41 pruned. 
[I 2025-03-22 02:58:28,714] Trial 42 pruned. 
[I 2025-03-22 02:58:29,805] Trial 93 finished with value: 124.68449783562085 and parameters: {'n_units_l0': 3040, 'n_units_l1': 2144, 'n_units_l2': 224, 'n_units_l3': 3776, 'n_units_l4': 1184, 'n_units_l5': 224, 'n_units_l6': 3104, 'n_units_l7': 1856, 'n_units_l8': 1472, 'n_units_l9': 256, 'n_units_l10': 1824, 'lr': 0.003631987663147146}. Best is trial 85 with value: 6.34401033591395.
[I 2025-03-22 02:58:30,216] Trial 43 pruned. 
[I 2025-03-22 02:58:31,834] Trial 44 pruned. 
[I 2025-03-22 02:58:32,953] Trial 45 pruned. 
[I 2025-03-22 02:58:33,911] Trial 46 pruned. 
[I 2025-03-22 02:58:35,961] Trial 47 pruned. 
[I 2025-03-22 02:58:36,594] Trial 48 pruned. 
[I 2025-03-22 02:59:06,020] Trial 94 finished with value: 9.761417415171177 and parameters: {'n_units_l0': 2720, 'n_units_l1': 1344, 'n_units_l2': 480, 'n_units_l3': 4064, 'n_units_l4': 1024, 'n_units_l5': 1120, 'n_units_l6': 2688, 'n_units_l7': 1568, 'n_units_l8': 1344, 'n_units_l9': 32, 'n_units_l10': 1472, 'lr': 0.00031015040601451414}. Best is trial 85 with value: 6.34401033591395.
[I 2025-03-22 02:59:06,584] Trial 95 pruned. 
[I 2025-03-22 02:59:07,049] Trial 96 pruned. 
[I 2025-03-22 02:59:07,484] Trial 97 pruned. 
[I 2025-03-22 02:59:07,949] Trial 98 pruned. 
[I 2025-03-22 02:59:08,370] Trial 99 pruned. 
[I 2025-03-22 02:59:08,504] A new study created in memory with name: no-name-36338454-c558-422d-a8a2-84bad5a939cb
[I 2025-03-22 02:59:32,998] Trial 49 finished with value: 124.89747891915277 and parameters: {'n_units_l0': 1920, 'n_units_l1': 224, 'n_units_l2': 1472, 'n_units_l3': 960, 'n_units_l4': 3488, 'n_units_l5': 3392, 'n_units_l6': 2528, 'n_units_l7': 416, 'n_units_l8': 32, 'n_units_l9': 2048, 'n_units_l10': 2784, 'n_units_l11': 2272, 'lr': 0.011022194361539261}. Best is trial 32 with value: 7.461233816393916.
[I 2025-03-22 02:59:36,238] Trial 0 finished with value: 35.889953693024076 and parameters: {'n_units_l0': 64, 'n_units_l1': 1216, 'lr': 0.04602280507292396}. Best is trial 0 with value: 35.889953693024076.
[I 2025-03-22 03:00:03,891] Trial 1 finished with value: 20.547856258853844 and parameters: {'n_units_l0': 736, 'n_units_l1': 4064, 'lr': 0.0015135778282619964}. Best is trial 1 with value: 20.547856258853844.
[I 2025-03-22 03:00:20,407] Trial 50 finished with value: 25.010424553273257 and parameters: {'n_units_l0': 1184, 'n_units_l1': 640, 'n_units_l2': 2336, 'n_units_l3': 1376, 'n_units_l4': 736, 'n_units_l5': 2560, 'n_units_l6': 1920, 'n_units_l7': 256, 'n_units_l8': 1088, 'n_units_l9': 3552, 'n_units_l10': 2048, 'n_units_l11': 2624, 'lr': 5.265972305705088e-05}. Best is trial 32 with value: 7.461233816393916.
[I 2025-03-22 03:00:31,841] Trial 2 finished with value: 22.087621131639803 and parameters: {'n_units_l0': 3360, 'n_units_l1': 576, 'lr': 0.015183195861539834}. Best is trial 1 with value: 20.547856258853844.
[I 2025-03-22 03:00:59,520] Trial 3 finished with value: 35.662384991113775 and parameters: {'n_units_l0': 64, 'n_units_l1': 256, 'lr': 0.05219829561522837}. Best is trial 1 with value: 20.547856258853844.
[I 2025-03-22 03:01:02,530] Trial 51 finished with value: 20.400726800236676 and parameters: {'n_units_l0': 1216, 'n_units_l1': 608, 'n_units_l2': 2240, 'n_units_l3': 1760, 'n_units_l4': 640, 'n_units_l5': 2624, 'n_units_l6': 96, 'n_units_l7': 256, 'n_units_l8': 1056, 'n_units_l9': 3520, 'n_units_l10': 2016, 'n_units_l11': 2624, 'lr': 0.0006403176557407648}. Best is trial 32 with value: 7.461233816393916.
[I 2025-03-22 03:01:27,434] Trial 4 finished with value: 40.69789809124072 and parameters: {'n_units_l0': 1184, 'n_units_l1': 1216, 'lr': 0.05739551377554967}. Best is trial 1 with value: 20.547856258853844.
[I 2025-03-22 03:01:27,727] Trial 5 pruned. 
[I 2025-03-22 03:01:28,019] Trial 6 pruned. 
[I 2025-03-22 03:01:28,298] Trial 7 pruned. 
[I 2025-03-22 03:01:28,688] Trial 8 pruned. 
[I 2025-03-22 03:01:30,838] Trial 9 pruned. 
[I 2025-03-22 03:01:31,142] Trial 10 pruned. 
[I 2025-03-22 03:01:31,478] Trial 11 pruned. 
[I 2025-03-22 03:01:31,908] Trial 12 pruned. 
[I 2025-03-22 03:01:32,187] Trial 13 pruned. 
[I 2025-03-22 03:01:32,495] Trial 14 pruned. 
[I 2025-03-22 03:01:32,807] Trial 15 pruned. 
[I 2025-03-22 03:01:33,086] Trial 16 pruned. 
[I 2025-03-22 03:01:33,383] Trial 17 pruned. 
[I 2025-03-22 03:01:33,717] Trial 18 pruned. 
[I 2025-03-22 03:01:34,004] Trial 19 pruned. 
[I 2025-03-22 03:01:34,289] Trial 20 pruned. 
[I 2025-03-22 03:01:34,566] Trial 21 pruned. 
[I 2025-03-22 03:01:35,210] Trial 22 pruned. 
[I 2025-03-22 03:01:35,763] Trial 23 pruned. 
[I 2025-03-22 03:01:36,041] Trial 24 pruned. 
[I 2025-03-22 03:01:36,320] Trial 25 pruned. 
[I 2025-03-22 03:01:37,397] Trial 26 pruned. 
[I 2025-03-22 03:01:37,782] Trial 27 pruned. 
[I 2025-03-22 03:01:38,097] Trial 28 pruned. 
[I 2025-03-22 03:01:41,380] Trial 52 finished with value: 8.985797965884826 and parameters: {'n_units_l0': 800, 'n_units_l1': 800, 'n_units_l2': 2432, 'n_units_l3': 2432, 'n_units_l4': 256, 'n_units_l5': 2080, 'n_units_l6': 32, 'n_units_l7': 64, 'n_units_l8': 416, 'n_units_l9': 3808, 'n_units_l10': 1600, 'n_units_l11': 3232, 'lr': 0.00015853315002169188}. Best is trial 32 with value: 7.461233816393916.
[I 2025-03-22 03:01:42,013] Trial 53 pruned. 
[I 2025-03-22 03:01:46,081] Trial 29 pruned. 
[I 2025-03-22 03:01:46,373] Trial 30 pruned. 
[I 2025-03-22 03:01:51,940] Trial 31 pruned. 
[I 2025-03-22 03:01:52,221] Trial 32 pruned. 
[I 2025-03-22 03:01:53,412] Trial 33 pruned. 
[I 2025-03-22 03:01:53,702] Trial 34 pruned. 
[I 2025-03-22 03:02:00,098] Trial 35 pruned. 
[I 2025-03-22 03:02:00,382] Trial 36 pruned. 
[I 2025-03-22 03:02:01,578] Trial 37 pruned. 
[I 2025-03-22 03:02:01,860] Trial 38 pruned. 
[I 2025-03-22 03:02:02,151] Trial 39 pruned. 
[I 2025-03-22 03:02:02,470] Trial 40 pruned. 
[I 2025-03-22 03:02:03,562] Trial 41 pruned. 
[I 2025-03-22 03:02:04,218] Trial 42 pruned. 
[I 2025-03-22 03:02:05,302] Trial 43 pruned. 
[I 2025-03-22 03:02:05,586] Trial 44 pruned. 
[I 2025-03-22 03:02:05,882] Trial 45 pruned. 
[I 2025-03-22 03:02:06,167] Trial 46 pruned. 
[I 2025-03-22 03:02:07,354] Trial 47 pruned. 
[I 2025-03-22 03:02:07,658] Trial 48 pruned. 
[I 2025-03-22 03:02:11,281] Trial 49 pruned. 
[I 2025-03-22 03:02:11,566] Trial 50 pruned. 
[I 2025-03-22 03:02:11,848] Trial 51 pruned. 
[I 2025-03-22 03:02:14,826] Trial 54 finished with value: 124.86513606728667 and parameters: {'n_units_l0': 416, 'n_units_l1': 800, 'n_units_l2': 2240, 'n_units_l3': 1760, 'n_units_l4': 544, 'n_units_l5': 1856, 'n_units_l6': 256, 'n_units_l7': 64, 'n_units_l8': 352, 'n_units_l9': 3392, 'n_units_l10': 1184, 'n_units_l11': 3488, 'lr': 0.008799332448501333}. Best is trial 32 with value: 7.461233816393916.
[I 2025-03-22 03:02:15,429] Trial 55 pruned. 
[I 2025-03-22 03:02:17,398] Trial 52 pruned. 
[I 2025-03-22 03:02:17,943] Trial 53 pruned. 
[I 2025-03-22 03:02:26,050] Trial 54 pruned. 
[I 2025-03-22 03:02:34,177] Trial 55 pruned. 
[I 2025-03-22 03:02:34,459] Trial 56 pruned. 
[I 2025-03-22 03:02:40,079] Trial 57 pruned. 
[I 2025-03-22 03:02:40,359] Trial 58 pruned. 
[I 2025-03-22 03:02:40,656] Trial 59 pruned. 
[I 2025-03-22 03:02:40,940] Trial 60 pruned. 
[I 2025-03-22 03:02:41,231] Trial 61 pruned. 
[I 2025-03-22 03:02:41,529] Trial 62 pruned. 
[I 2025-03-22 03:02:41,819] Trial 63 pruned. 
[I 2025-03-22 03:02:49,905] Trial 64 pruned. 
[I 2025-03-22 03:02:57,986] Trial 65 pruned. 
[I 2025-03-22 03:03:04,452] Trial 56 finished with value: 124.87944817735742 and parameters: {'n_units_l0': 1408, 'n_units_l1': 1056, 'n_units_l2': 1888, 'n_units_l3': 2336, 'n_units_l4': 640, 'n_units_l5': 2144, 'n_units_l6': 352, 'n_units_l7': 544, 'n_units_l8': 1216, 'n_units_l9': 3776, 'n_units_l10': 2272, 'n_units_l11': 3040, 'lr': 0.00447008904200772}. Best is trial 32 with value: 7.461233816393916.
[I 2025-03-22 03:03:05,068] Trial 57 pruned. 
[I 2025-03-22 03:03:06,058] Trial 66 pruned. 
[I 2025-03-22 03:03:06,340] Trial 67 pruned. 
[I 2025-03-22 03:03:06,628] Trial 68 pruned. 
[I 2025-03-22 03:03:07,175] Trial 69 pruned. 
[I 2025-03-22 03:03:13,607] Trial 70 pruned. 
[I 2025-03-22 03:03:21,683] Trial 71 pruned. 
[I 2025-03-22 03:03:21,974] Trial 72 pruned. 
[I 2025-03-22 03:03:28,362] Trial 73 pruned. 
[I 2025-03-22 03:03:32,061] Trial 74 pruned. 
[I 2025-03-22 03:03:33,164] Trial 75 pruned. 
[I 2025-03-22 03:03:33,455] Trial 76 pruned. 
[I 2025-03-22 03:03:34,012] Trial 77 pruned. 
[I 2025-03-22 03:03:34,295] Trial 78 pruned. 
[I 2025-03-22 03:03:35,487] Trial 79 pruned. 
[I 2025-03-22 03:03:35,787] Trial 80 pruned. 
[I 2025-03-22 03:03:36,075] Trial 81 pruned. 
[I 2025-03-22 03:03:41,672] Trial 82 pruned. 
[I 2025-03-22 03:03:41,958] Trial 83 pruned. 
[I 2025-03-22 03:03:42,251] Trial 84 pruned. 
[I 2025-03-22 03:03:42,538] Trial 85 pruned. 
[I 2025-03-22 03:03:42,829] Trial 86 pruned. 
[I 2025-03-22 03:03:43,189] Trial 87 pruned. 
[I 2025-03-22 03:03:43,517] Trial 88 pruned. 
[I 2025-03-22 03:03:44,437] Trial 89 pruned. 
[I 2025-03-22 03:03:44,732] Trial 90 pruned. 
[I 2025-03-22 03:03:45,017] Trial 91 pruned. 
[I 2025-03-22 03:03:50,310] Trial 58 finished with value: 124.90589013450504 and parameters: {'n_units_l0': 800, 'n_units_l1': 3136, 'n_units_l2': 2048, 'n_units_l3': 2016, 'n_units_l4': 32, 'n_units_l5': 1184, 'n_units_l6': 128, 'n_units_l7': 832, 'n_units_l8': 768, 'n_units_l9': 4000, 'n_units_l10': 1472, 'n_units_l11': 3776, 'lr': 0.0038477338081471567}. Best is trial 32 with value: 7.461233816393916.
[I 2025-03-22 03:03:51,146] Trial 59 pruned. 
[I 2025-03-22 03:03:52,005] Trial 60 pruned. 
[I 2025-03-22 03:03:53,085] Trial 92 pruned. 
[I 2025-03-22 03:03:53,633] Trial 93 pruned. 
[I 2025-03-22 03:03:53,914] Trial 94 pruned. 
[I 2025-03-22 03:03:59,506] Trial 95 pruned. 
[I 2025-03-22 03:04:07,635] Trial 96 pruned. 
[I 2025-03-22 03:04:07,944] Trial 97 pruned. 
[I 2025-03-22 03:04:08,228] Trial 98 pruned. 
[I 2025-03-22 03:04:08,521] Trial 99 pruned. 
[I 2025-03-22 03:04:08,628] A new study created in memory with name: no-name-688b81bd-6e1d-4ee4-8afe-60109116f5d0
[I 2025-03-22 03:04:25,490] Trial 61 finished with value: 14.943541618702943 and parameters: {'n_units_l0': 4000, 'n_units_l1': 864, 'n_units_l2': 2880, 'n_units_l3': 224, 'n_units_l4': 1024, 'n_units_l5': 2592, 'n_units_l6': 480, 'n_units_l7': 512, 'n_units_l8': 1728, 'n_units_l9': 3296, 'n_units_l10': 160, 'n_units_l11': 1952, 'lr': 0.00028181435822791003}. Best is trial 32 with value: 7.461233816393916.
[I 2025-03-22 03:04:25,932] Trial 62 pruned. 
[I 2025-03-22 03:04:38,504] Trial 0 finished with value: 23.905930119932087 and parameters: {'n_units_l0': 2304, 'n_units_l1': 2752, 'n_units_l2': 3232, 'lr': 0.022334042500669834}. Best is trial 0 with value: 23.905930119932087.
[I 2025-03-22 03:04:56,633] Trial 63 finished with value: 124.87317848324157 and parameters: {'n_units_l0': 3968, 'n_units_l1': 672, 'n_units_l2': 2880, 'n_units_l3': 384, 'n_units_l4': 448, 'n_units_l5': 3008, 'n_units_l6': 544, 'n_units_l7': 32, 'n_units_l8': 1408, 'n_units_l9': 2624, 'n_units_l10': 704, 'n_units_l11': 2016, 'lr': 0.002782701739267107}. Best is trial 32 with value: 7.461233816393916.
[I 2025-03-22 03:04:57,353] Trial 64 pruned. 
[I 2025-03-22 03:04:57,948] Trial 65 pruned. 
[I 2025-03-22 03:05:24,424] Trial 1 finished with value: 129.56342287749246 and parameters: {'n_units_l0': 2112, 'n_units_l1': 3872, 'n_units_l2': 3456, 'lr': 0.08885699318167259}. Best is trial 0 with value: 23.905930119932087.
[I 2025-03-22 03:05:32,361] Trial 66 finished with value: 30.467089956412043 and parameters: {'n_units_l0': 2272, 'n_units_l1': 1024, 'n_units_l2': 2976, 'n_units_l3': 320, 'n_units_l4': 960, 'n_units_l5': 1696, 'n_units_l6': 704, 'n_units_l7': 480, 'n_units_l8': 1984, 'n_units_l9': 2880, 'n_units_l10': 544, 'n_units_l11': 1920, 'lr': 7.934475562046623e-05}. Best is trial 32 with value: 7.461233816393916.
[I 2025-03-22 03:05:33,167] Trial 67 pruned. 
[I 2025-03-22 03:05:34,124] Trial 68 pruned. 
[I 2025-03-22 03:05:34,981] Trial 69 pruned. 
[I 2025-03-22 03:05:35,682] Trial 70 pruned. 
[I 2025-03-22 03:05:36,143] Trial 71 pruned. 
[I 2025-03-22 03:05:36,923] Trial 72 pruned. 
[I 2025-03-22 03:05:37,412] Trial 73 pruned. 
[I 2025-03-22 03:05:38,562] Trial 74 pruned. 
[I 2025-03-22 03:05:39,241] Trial 75 pruned. 
[I 2025-03-22 03:05:40,590] Trial 76 pruned. 
[I 2025-03-22 03:05:53,851] Trial 2 finished with value: 42.057755372290515 and parameters: {'n_units_l0': 1376, 'n_units_l1': 1088, 'n_units_l2': 2784, 'lr': 0.0780096734691155}. Best is trial 0 with value: 23.905930119932087.
[I 2025-03-22 03:06:23,267] Trial 3 finished with value: 38.83344228806838 and parameters: {'n_units_l0': 1120, 'n_units_l1': 1440, 'n_units_l2': 3136, 'lr': 0.05673279615136551}. Best is trial 0 with value: 23.905930119932087.
[I 2025-03-22 03:06:26,558] Trial 77 finished with value: 16.671654482826668 and parameters: {'n_units_l0': 1152, 'n_units_l1': 544, 'n_units_l2': 2560, 'n_units_l3': 800, 'n_units_l4': 1856, 'n_units_l5': 1824, 'n_units_l6': 2144, 'n_units_l7': 832, 'n_units_l8': 1760, 'n_units_l9': 3456, 'n_units_l10': 1344, 'n_units_l11': 1504, 'lr': 2.403250377306515e-05}. Best is trial 32 with value: 7.461233816393916.
[I 2025-03-22 03:06:27,287] Trial 78 pruned. 
[I 2025-03-22 03:06:27,968] Trial 79 pruned. 
[I 2025-03-22 03:06:28,623] Trial 80 pruned. 
[I 2025-03-22 03:06:29,334] Trial 81 pruned. 
[I 2025-03-22 03:06:52,817] Trial 4 finished with value: 125.26443983090469 and parameters: {'n_units_l0': 768, 'n_units_l1': 1248, 'n_units_l2': 64, 'lr': 0.09754089307821638}. Best is trial 0 with value: 23.905930119932087.
[I 2025-03-22 03:06:53,252] Trial 5 pruned. 
[I 2025-03-22 03:06:53,596] Trial 6 pruned. 
[I 2025-03-22 03:07:06,095] Trial 82 finished with value: 7.24310765399834 and parameters: {'n_units_l0': 1248, 'n_units_l1': 832, 'n_units_l2': 3072, 'n_units_l3': 384, 'n_units_l4': 1024, 'n_units_l5': 2016, 'n_units_l6': 2112, 'n_units_l7': 352, 'n_units_l8': 2016, 'n_units_l9': 3104, 'n_units_l10': 192, 'n_units_l11': 1824, 'lr': 0.00019462626962649495}. Best is trial 82 with value: 7.24310765399834.
[I 2025-03-22 03:07:06,659] Trial 83 pruned. 
[I 2025-03-22 03:07:07,435] Trial 84 pruned. 
[I 2025-03-22 03:07:08,111] Trial 85 pruned. 
[I 2025-03-22 03:07:08,663] Trial 86 pruned. 
[I 2025-03-22 03:07:09,123] Trial 87 pruned. 
[I 2025-03-22 03:07:09,975] Trial 88 pruned. 
[I 2025-03-22 03:07:10,933] Trial 89 pruned. 
[I 2025-03-22 03:07:12,195] Trial 90 pruned. 
[I 2025-03-22 03:07:12,694] Trial 91 pruned. 
[I 2025-03-22 03:07:22,881] Trial 7 finished with value: 47.486640343759575 and parameters: {'n_units_l0': 224, 'n_units_l1': 1376, 'n_units_l2': 672, 'lr': 0.0426650457959487}. Best is trial 0 with value: 23.905930119932087.
[I 2025-03-22 03:07:23,272] Trial 8 pruned. 
[I 2025-03-22 03:07:23,621] Trial 9 pruned. 
[I 2025-03-22 03:07:24,235] Trial 10 pruned. 
[I 2025-03-22 03:07:46,005] Trial 92 finished with value: 124.88020991191962 and parameters: {'n_units_l0': 3520, 'n_units_l1': 448, 'n_units_l2': 2336, 'n_units_l3': 224, 'n_units_l4': 640, 'n_units_l5': 2912, 'n_units_l6': 1632, 'n_units_l7': 1152, 'n_units_l8': 1792, 'n_units_l9': 1792, 'n_units_l10': 384, 'n_units_l11': 1504, 'lr': 0.0026550261363086983}. Best is trial 82 with value: 7.24310765399834.
[I 2025-03-22 03:07:46,548] Trial 93 pruned. 
[I 2025-03-22 03:07:47,603] Trial 94 pruned. 
[I 2025-03-22 03:07:53,564] Trial 11 finished with value: 39.902463945376326 and parameters: {'n_units_l0': 1344, 'n_units_l1': 1984, 'n_units_l2': 2144, 'lr': 0.058668242634726794}. Best is trial 0 with value: 23.905930119932087.
[I 2025-03-22 03:07:53,907] Trial 12 pruned. 
[I 2025-03-22 03:07:54,202] Trial 13 pruned. 
[I 2025-03-22 03:07:54,641] Trial 14 pruned. 
[I 2025-03-22 03:07:55,282] Trial 15 pruned. 
[I 2025-03-22 03:08:24,726] Trial 16 finished with value: 37.53566055995966 and parameters: {'n_units_l0': 64, 'n_units_l1': 1632, 'n_units_l2': 2336, 'lr': 0.02586871960862556}. Best is trial 0 with value: 23.905930119932087.
[I 2025-03-22 03:08:25,067] Trial 17 pruned. 
[I 2025-03-22 03:08:25,472] Trial 18 pruned. 
[I 2025-03-22 03:08:30,688] Trial 95 finished with value: 15.804149948475892 and parameters: {'n_units_l0': 1408, 'n_units_l1': 896, 'n_units_l2': 2912, 'n_units_l3': 320, 'n_units_l4': 128, 'n_units_l5': 2784, 'n_units_l6': 3040, 'n_units_l7': 224, 'n_units_l8': 1024, 'n_units_l9': 3936, 'n_units_l10': 1408, 'n_units_l11': 1600, 'lr': 0.0004013994610656721}. Best is trial 82 with value: 7.24310765399834.
[I 2025-03-22 03:08:31,372] Trial 96 pruned. 
[I 2025-03-22 03:08:55,055] Trial 19 finished with value: 37.9672270711263 and parameters: {'n_units_l0': 32, 'n_units_l1': 1696, 'n_units_l2': 1376, 'lr': 0.031224573112917438}. Best is trial 0 with value: 23.905930119932087.
[I 2025-03-22 03:08:55,415] Trial 20 pruned. 
[I 2025-03-22 03:08:56,009] Trial 21 pruned. 
[I 2025-03-22 03:08:56,328] Trial 22 pruned. 
[I 2025-03-22 03:09:22,803] Trial 97 finished with value: 7.574776949907214 and parameters: {'n_units_l0': 1056, 'n_units_l1': 864, 'n_units_l2': 2816, 'n_units_l3': 320, 'n_units_l4': 288, 'n_units_l5': 1568, 'n_units_l6': 3040, 'n_units_l7': 128, 'n_units_l8': 3456, 'n_units_l9': 3904, 'n_units_l10': 1760, 'n_units_l11': 1856, 'lr': 3.0898074994485565e-05}. Best is trial 82 with value: 7.24310765399834.
[I 2025-03-22 03:09:23,533] Trial 98 pruned. 
[I 2025-03-22 03:09:24,316] Trial 99 pruned. 
[I 2025-03-22 03:09:24,430] A new study created in memory with name: no-name-8907fb07-69f8-440e-8f19-ef3c6c8ab478
[I 2025-03-22 03:09:25,837] Trial 23 finished with value: 40.547311478159784 and parameters: {'n_units_l0': 32, 'n_units_l1': 2272, 'n_units_l2': 960, 'lr': 0.037384183908889264}. Best is trial 0 with value: 23.905930119932087.
[I 2025-03-22 03:09:26,148] Trial 24 pruned. 
[I 2025-03-22 03:09:26,492] Trial 25 pruned. 
[I 2025-03-22 03:09:26,848] Trial 26 pruned. 
[I 2025-03-22 03:09:27,175] Trial 27 pruned. 
[I 2025-03-22 03:09:27,493] Trial 28 pruned. 
[I 2025-03-22 03:09:28,293] Trial 29 pruned. 
[I 2025-03-22 03:09:28,748] Trial 30 pruned. 
[I 2025-03-22 03:09:59,158] Trial 31 finished with value: 41.12149105096954 and parameters: {'n_units_l0': 1088, 'n_units_l1': 1440, 'n_units_l2': 3232, 'lr': 0.06925319460939436}. Best is trial 0 with value: 23.905930119932087.
[I 2025-03-22 03:10:01,125] Trial 0 finished with value: 125.21131962686563 and parameters: {'n_units_l0': 2432, 'n_units_l1': 2048, 'n_units_l2': 3296, 'n_units_l3': 1856, 'lr': 0.010757869744827722}. Best is trial 0 with value: 125.21131962686563.
[I 2025-03-22 03:10:29,679] Trial 32 finished with value: 41.51863020155165 and parameters: {'n_units_l0': 544, 'n_units_l1': 1600, 'n_units_l2': 3104, 'lr': 0.052862683935597524}. Best is trial 0 with value: 23.905930119932087.
[I 2025-03-22 03:10:30,010] Trial 33 pruned. 
[I 2025-03-22 03:10:30,361] Trial 34 pruned. 
[I 2025-03-22 03:10:30,721] Trial 35 pruned. 
[I 2025-03-22 03:10:33,073] Trial 1 finished with value: 8.628387817010866 and parameters: {'n_units_l0': 2112, 'n_units_l1': 832, 'n_units_l2': 1152, 'n_units_l3': 1696, 'lr': 0.0025652622910919257}. Best is trial 1 with value: 8.628387817010866.
[I 2025-03-22 03:11:01,100] Trial 36 finished with value: 38.007496535357305 and parameters: {'n_units_l0': 320, 'n_units_l1': 1280, 'n_units_l2': 2944, 'lr': 0.04369771322277917}. Best is trial 0 with value: 23.905930119932087.
[I 2025-03-22 03:11:01,424] Trial 37 pruned. 
[I 2025-03-22 03:11:01,738] Trial 38 pruned. 
[I 2025-03-22 03:11:02,065] Trial 39 pruned. 
[I 2025-03-22 03:11:02,423] Trial 40 pruned. 
[I 2025-03-22 03:11:03,047] Trial 41 pruned. 
[I 2025-03-22 03:11:03,388] Trial 42 pruned. 
[I 2025-03-22 03:11:03,721] Trial 43 pruned. 
[I 2025-03-22 03:11:04,131] Trial 44 pruned. 
[I 2025-03-22 03:11:04,457] Trial 45 pruned. 
[I 2025-03-22 03:11:04,788] Trial 46 pruned. 
[I 2025-03-22 03:11:05,016] Trial 2 finished with value: 124.79423966792312 and parameters: {'n_units_l0': 2368, 'n_units_l1': 1088, 'n_units_l2': 1856, 'n_units_l3': 1024, 'lr': 0.0668946341157332}. Best is trial 1 with value: 8.628387817010866.
[I 2025-03-22 03:11:05,151] Trial 47 pruned. 
[I 2025-03-22 03:11:05,503] Trial 48 pruned. 
[I 2025-03-22 03:11:05,842] Trial 49 pruned. 
[I 2025-03-22 03:11:06,189] Trial 50 pruned. 
[I 2025-03-22 03:11:06,531] Trial 51 pruned. 
