[I 2025-03-22 00:00:10,018] Trial 6 pruned. 
[I 2025-03-22 00:00:10,169] Trial 7 pruned. 
[I 2025-03-22 00:00:10,461] Trial 8 pruned. 
[I 2025-03-22 00:00:10,680] Trial 9 pruned. 
[I 2025-03-22 00:00:10,984] Trial 10 pruned. 
[I 2025-03-22 00:00:13,842] Trial 61 finished with value: 25.99430322450542 and parameters: {'n_units_l0': 32, 'n_units_l1': 480, 'n_units_l2': 1952, 'n_units_l3': 864, 'lr': 0.011658896498280275}. Best is trial 61 with value: 25.99430322450542.
[I 2025-03-22 00:00:16,529] Trial 11 finished with value: 80.38077505011307 and parameters: {'n_units_l0': 1216, 'n_units_l1': 1536, 'n_units_l2': 32, 'n_units_l3': 864, 'n_units_l4': 64, 'lr': 0.013130086197056023}. Best is trial 4 with value: 44.08068827578896.
[I 2025-03-22 00:00:19,017] Trial 62 finished with value: 37.554132639231604 and parameters: {'n_units_l0': 32, 'n_units_l1': 544, 'n_units_l2': 1504, 'n_units_l3': 896, 'lr': 0.01187282871167891}. Best is trial 61 with value: 25.99430322450542.
[I 2025-03-22 00:00:19,102] Trial 63 pruned. 
[I 2025-03-22 00:00:19,184] Trial 64 pruned. 
[I 2025-03-22 00:00:19,267] Trial 65 pruned. 
[I 2025-03-22 00:00:19,357] Trial 66 pruned. 
[I 2025-03-22 00:00:19,436] Trial 67 pruned. 
[I 2025-03-22 00:00:19,526] Trial 68 pruned. 
[I 2025-03-22 00:00:22,408] Trial 12 finished with value: 41.63790592394377 and parameters: {'n_units_l0': 3648, 'n_units_l1': 3168, 'n_units_l2': 1408, 'n_units_l3': 32, 'n_units_l4': 1184, 'lr': 0.0030377120171324046}. Best is trial 12 with value: 41.63790592394377.
[I 2025-03-22 00:00:22,701] Trial 13 pruned. 
[I 2025-03-22 00:00:22,923] Trial 14 pruned. 
[I 2025-03-22 00:00:24,842] Trial 69 finished with value: 36.65119103213921 and parameters: {'n_units_l0': 160, 'n_units_l1': 160, 'n_units_l2': 1728, 'n_units_l3': 832, 'lr': 0.00738188264127195}. Best is trial 61 with value: 25.99430322450542.
[I 2025-03-22 00:00:24,925] Trial 70 pruned. 
[I 2025-03-22 00:00:25,417] Trial 71 pruned. 
[I 2025-03-22 00:00:25,557] Trial 72 pruned. 
[I 2025-03-22 00:00:30,866] Trial 73 finished with value: 25.5227102372436 and parameters: {'n_units_l0': 32, 'n_units_l1': 512, 'n_units_l2': 1184, 'n_units_l3': 800, 'lr': 0.009288201010261156}. Best is trial 73 with value: 25.5227102372436.
[I 2025-03-22 00:00:30,943] Trial 74 pruned. 
[I 2025-03-22 00:00:33,550] Trial 15 finished with value: 54.37790961014597 and parameters: {'n_units_l0': 896, 'n_units_l1': 2880, 'n_units_l2': 4096, 'n_units_l3': 3168, 'n_units_l4': 832, 'lr': 0.0016499273964364972}. Best is trial 12 with value: 41.63790592394377.
[I 2025-03-22 00:00:33,685] Trial 16 pruned. 
[I 2025-03-22 00:00:36,132] Trial 75 finished with value: 27.70027666650129 and parameters: {'n_units_l0': 32, 'n_units_l1': 352, 'n_units_l2': 1152, 'n_units_l3': 1280, 'lr': 0.0051227744565810794}. Best is trial 73 with value: 25.5227102372436.
[I 2025-03-22 00:00:39,356] Trial 17 finished with value: 41.18308378520765 and parameters: {'n_units_l0': 352, 'n_units_l1': 3616, 'n_units_l2': 1248, 'n_units_l3': 1536, 'n_units_l4': 576, 'lr': 0.019054300013394303}. Best is trial 17 with value: 41.18308378520765.
[I 2025-03-22 00:00:39,829] Trial 18 pruned. 
[I 2025-03-22 00:00:39,973] Trial 19 pruned. 
[I 2025-03-22 00:00:40,097] Trial 20 pruned. 
[I 2025-03-22 00:00:40,220] Trial 21 pruned. 
[I 2025-03-22 00:00:41,437] Trial 76 finished with value: 25.356500078407283 and parameters: {'n_units_l0': 32, 'n_units_l1': 320, 'n_units_l2': 1440, 'n_units_l3': 1024, 'lr': 0.01606150415233015}. Best is trial 76 with value: 25.356500078407283.
[I 2025-03-22 00:00:41,520] Trial 77 pruned. 
[I 2025-03-22 00:00:41,605] Trial 78 pruned. 
[I 2025-03-22 00:00:41,685] Trial 79 pruned. 
[I 2025-03-22 00:00:41,771] Trial 80 pruned. 
[I 2025-03-22 00:00:42,575] Trial 22 pruned. 
[I 2025-03-22 00:00:42,741] Trial 23 pruned. 
[I 2025-03-22 00:00:42,937] Trial 24 pruned. 
[I 2025-03-22 00:00:43,029] Trial 25 pruned. 
[I 2025-03-22 00:00:43,161] Trial 26 pruned. 
[I 2025-03-22 00:00:43,268] Trial 27 pruned. 
[I 2025-03-22 00:00:43,412] Trial 28 pruned. 
[I 2025-03-22 00:00:43,591] Trial 29 pruned. 
[I 2025-03-22 00:00:43,695] Trial 30 pruned. 
[I 2025-03-22 00:00:44,934] Trial 31 pruned. 
[I 2025-03-22 00:00:45,427] Trial 32 pruned. 
[I 2025-03-22 00:00:45,571] Trial 33 pruned. 
[I 2025-03-22 00:00:45,733] Trial 34 pruned. 
[I 2025-03-22 00:00:45,834] Trial 35 pruned. 
[I 2025-03-22 00:00:46,730] Trial 36 pruned. 
[I 2025-03-22 00:00:46,875] Trial 37 pruned. 
[I 2025-03-22 00:00:46,981] Trial 81 finished with value: 36.705367391009226 and parameters: {'n_units_l0': 32, 'n_units_l1': 512, 'n_units_l2': 1472, 'n_units_l3': 832, 'lr': 0.011385639349217797}. Best is trial 76 with value: 25.356500078407283.
[I 2025-03-22 00:00:47,061] Trial 82 pruned. 
[I 2025-03-22 00:00:47,113] Trial 38 pruned. 
[I 2025-03-22 00:00:47,140] Trial 83 pruned. 
[I 2025-03-22 00:00:47,222] Trial 84 pruned. 
[I 2025-03-22 00:00:47,238] Trial 39 pruned. 
[I 2025-03-22 00:00:47,399] Trial 40 pruned. 
[I 2025-03-22 00:00:47,703] Trial 85 pruned. 
[I 2025-03-22 00:00:47,789] Trial 86 pruned. 
[I 2025-03-22 00:00:47,922] Trial 87 pruned. 
[I 2025-03-22 00:00:48,000] Trial 88 pruned. 
[I 2025-03-22 00:00:48,102] Trial 89 pruned. 
[I 2025-03-22 00:00:48,191] Trial 90 pruned. 
[I 2025-03-22 00:00:48,244] Trial 41 pruned. 
[I 2025-03-22 00:00:48,275] Trial 91 pruned. 
[I 2025-03-22 00:00:48,379] Trial 92 pruned. 
[I 2025-03-22 00:00:48,460] Trial 93 pruned. 
[I 2025-03-22 00:00:48,540] Trial 94 pruned. 
[I 2025-03-22 00:00:48,622] Trial 95 pruned. 
[I 2025-03-22 00:00:48,717] Trial 96 pruned. 
[I 2025-03-22 00:00:48,825] Trial 97 pruned. 
[I 2025-03-22 00:00:48,919] Trial 98 pruned. 
[I 2025-03-22 00:00:49,061] Trial 99 pruned. 
[I 2025-03-22 00:00:49,080] A new study created in memory with name: no-name-6680a0f5-0122-414f-8289-0f4dd2e968fd
[I 2025-03-22 00:00:50,579] Trial 42 pruned. 
[I 2025-03-22 00:00:50,831] Trial 43 pruned. 
[I 2025-03-22 00:00:51,033] Trial 44 pruned. 
[I 2025-03-22 00:00:51,264] Trial 45 pruned. 
[I 2025-03-22 00:00:52,146] Trial 46 pruned. 
[I 2025-03-22 00:00:52,295] Trial 47 pruned. 
[I 2025-03-22 00:00:52,557] Trial 48 pruned. 
[I 2025-03-22 00:00:52,715] Trial 49 pruned. 
[I 2025-03-22 00:00:52,878] Trial 50 pruned. 
[I 2025-03-22 00:00:55,599] Trial 0 finished with value: 27.05576832040911 and parameters: {'n_units_l0': 2784, 'n_units_l1': 1184, 'n_units_l2': 2208, 'n_units_l3': 1312, 'n_units_l4': 1760, 'n_units_l5': 3776, 'lr': 0.0015372163551778653}. Best is trial 0 with value: 27.05576832040911.
[I 2025-03-22 00:00:58,502] Trial 51 finished with value: 39.006145678068464 and parameters: {'n_units_l0': 1184, 'n_units_l1': 1344, 'n_units_l2': 128, 'n_units_l3': 288, 'n_units_l4': 32, 'lr': 0.013593694586633898}. Best is trial 51 with value: 39.006145678068464.
[I 2025-03-22 00:00:58,984] Trial 52 pruned. 
[I 2025-03-22 00:00:59,450] Trial 53 pruned. 
[I 2025-03-22 00:00:59,939] Trial 54 pruned. 
[I 2025-03-22 00:01:00,045] Trial 55 pruned. 
[I 2025-03-22 00:01:00,542] Trial 56 pruned. 
[I 2025-03-22 00:01:00,648] Trial 57 pruned. 
[I 2025-03-22 00:01:00,794] Trial 58 pruned. 
[I 2025-03-22 00:01:01,401] Trial 59 pruned. 
[I 2025-03-22 00:01:01,511] Trial 60 pruned. 
[I 2025-03-22 00:01:01,541] Trial 1 finished with value: 132.88262151983878 and parameters: {'n_units_l0': 576, 'n_units_l1': 2496, 'n_units_l2': 2464, 'n_units_l3': 480, 'n_units_l4': 1312, 'n_units_l5': 1728, 'lr': 0.04000095403044495}. Best is trial 0 with value: 27.05576832040911.
[I 2025-03-22 00:01:01,982] Trial 61 pruned. 
[I 2025-03-22 00:01:02,454] Trial 62 pruned. 
[I 2025-03-22 00:01:03,197] Trial 63 pruned. 
[I 2025-03-22 00:01:03,961] Trial 64 pruned. 
[I 2025-03-22 00:01:07,462] Trial 2 finished with value: 123.08213033149386 and parameters: {'n_units_l0': 224, 'n_units_l1': 2784, 'n_units_l2': 544, 'n_units_l3': 320, 'n_units_l4': 1280, 'n_units_l5': 800, 'lr': 0.08368588969695502}. Best is trial 0 with value: 27.05576832040911.
[I 2025-03-22 00:01:09,562] Trial 65 finished with value: 48.06510945370323 and parameters: {'n_units_l0': 416, 'n_units_l1': 800, 'n_units_l2': 1024, 'n_units_l3': 640, 'n_units_l4': 416, 'lr': 0.02449596775426819}. Best is trial 51 with value: 39.006145678068464.
[I 2025-03-22 00:01:09,655] Trial 66 pruned. 
[I 2025-03-22 00:01:15,179] Trial 67 finished with value: 39.886559536582546 and parameters: {'n_units_l0': 224, 'n_units_l1': 544, 'n_units_l2': 1088, 'n_units_l3': 576, 'n_units_l4': 1120, 'lr': 0.01826932123159237}. Best is trial 51 with value: 39.006145678068464.
[I 2025-03-22 00:01:15,267] Trial 68 pruned. 
[I 2025-03-22 00:01:15,353] Trial 69 pruned. 
[I 2025-03-22 00:01:16,572] Trial 3 finished with value: 123.07203173657045 and parameters: {'n_units_l0': 2496, 'n_units_l1': 2912, 'n_units_l2': 1024, 'n_units_l3': 992, 'n_units_l4': 3328, 'n_units_l5': 3264, 'lr': 0.08732058470234519}. Best is trial 0 with value: 27.05576832040911.
[I 2025-03-22 00:01:20,941] Trial 70 finished with value: 54.672136407149466 and parameters: {'n_units_l0': 64, 'n_units_l1': 352, 'n_units_l2': 1600, 'n_units_l3': 288, 'n_units_l4': 1472, 'lr': 0.028214772939856293}. Best is trial 51 with value: 39.006145678068464.
[I 2025-03-22 00:01:21,035] Trial 71 pruned. 
[I 2025-03-22 00:01:21,523] Trial 72 pruned. 
[I 2025-03-22 00:01:21,635] Trial 73 pruned. 
[I 2025-03-22 00:01:21,732] Trial 74 pruned. 
[I 2025-03-22 00:01:22,456] Trial 4 finished with value: 123.04961265696048 and parameters: {'n_units_l0': 224, 'n_units_l1': 64, 'n_units_l2': 480, 'n_units_l3': 64, 'n_units_l4': 3328, 'n_units_l5': 1888, 'lr': 0.07569053627906634}. Best is trial 0 with value: 27.05576832040911.
[I 2025-03-22 00:01:22,596] Trial 5 pruned. 
[I 2025-03-22 00:01:22,687] Trial 6 pruned. 
[I 2025-03-22 00:01:22,775] Trial 7 pruned. 
[I 2025-03-22 00:01:22,892] Trial 75 pruned. 
[I 2025-03-22 00:01:22,906] Trial 8 pruned. 
[I 2025-03-22 00:01:23,020] Trial 76 pruned. 
[I 2025-03-22 00:01:23,088] Trial 9 pruned. 
[I 2025-03-22 00:01:23,258] Trial 77 pruned. 
[I 2025-03-22 00:01:23,399] Trial 78 pruned. 
[I 2025-03-22 00:01:23,595] Trial 79 pruned. 
[I 2025-03-22 00:01:23,701] Trial 80 pruned. 
[I 2025-03-22 00:01:29,223] Trial 81 finished with value: 40.24134967201635 and parameters: {'n_units_l0': 32, 'n_units_l1': 352, 'n_units_l2': 1600, 'n_units_l3': 288, 'n_units_l4': 1472, 'lr': 0.02127422453042238}. Best is trial 51 with value: 39.006145678068464.
[I 2025-03-22 00:01:34,417] Trial 10 finished with value: 47.47646362292108 and parameters: {'n_units_l0': 3968, 'n_units_l1': 1120, 'n_units_l2': 3552, 'n_units_l3': 2880, 'n_units_l4': 2304, 'n_units_l5': 2784, 'lr': 0.0014230020342951458}. Best is trial 0 with value: 27.05576832040911.
[I 2025-03-22 00:01:34,853] Trial 82 finished with value: 40.634944112677324 and parameters: {'n_units_l0': 32, 'n_units_l1': 768, 'n_units_l2': 1568, 'n_units_l3': 480, 'n_units_l4': 1280, 'lr': 0.021257297701421374}. Best is trial 51 with value: 39.006145678068464.
[I 2025-03-22 00:01:34,950] Trial 83 pruned. 
[I 2025-03-22 00:01:35,039] Trial 84 pruned. 
[I 2025-03-22 00:01:35,500] Trial 85 pruned. 
[I 2025-03-22 00:01:35,595] Trial 86 pruned. 
[I 2025-03-22 00:01:35,698] Trial 87 pruned. 
[I 2025-03-22 00:01:35,807] Trial 88 pruned. 
[I 2025-03-22 00:01:35,909] Trial 89 pruned. 
[I 2025-03-22 00:01:41,507] Trial 90 finished with value: 41.75948815596731 and parameters: {'n_units_l0': 160, 'n_units_l1': 576, 'n_units_l2': 1376, 'n_units_l3': 320, 'n_units_l4': 2080, 'lr': 0.027491150043605698}. Best is trial 51 with value: 39.006145678068464.
[I 2025-03-22 00:01:41,598] Trial 91 pruned. 
[I 2025-03-22 00:01:41,738] Trial 92 pruned. 
[I 2025-03-22 00:01:41,832] Trial 93 pruned. 
[I 2025-03-22 00:01:46,361] Trial 11 finished with value: 39.31748082789132 and parameters: {'n_units_l0': 4032, 'n_units_l1': 1120, 'n_units_l2': 3616, 'n_units_l3': 2912, 'n_units_l4': 2464, 'n_units_l5': 2912, 'lr': 0.0022241624766938728}. Best is trial 0 with value: 27.05576832040911.
[I 2025-03-22 00:01:46,618] Trial 12 pruned. 
[I 2025-03-22 00:01:46,956] Trial 13 pruned. 
[I 2025-03-22 00:01:47,243] Trial 14 pruned. 
[I 2025-03-22 00:01:47,348] Trial 94 finished with value: 41.322493302194694 and parameters: {'n_units_l0': 224, 'n_units_l1': 928, 'n_units_l2': 928, 'n_units_l3': 672, 'n_units_l4': 2208, 'lr': 0.008089654804362615}. Best is trial 51 with value: 39.006145678068464.
[I 2025-03-22 00:01:47,356] Trial 15 pruned. 
[I 2025-03-22 00:01:47,439] Trial 95 pruned. 
[I 2025-03-22 00:01:47,562] Trial 96 pruned. 
[I 2025-03-22 00:01:47,655] Trial 97 pruned. 
[I 2025-03-22 00:01:47,736] Trial 16 pruned. 
[I 2025-03-22 00:01:47,783] Trial 98 pruned. 
[I 2025-03-22 00:01:47,887] Trial 99 pruned. 
[I 2025-03-22 00:01:47,906] A new study created in memory with name: no-name-242c3ab7-448b-4e1e-85dc-31586d079eb6
[I 2025-03-22 00:01:48,057] Trial 17 pruned. 
[I 2025-03-22 00:01:48,252] Trial 18 pruned. 
[I 2025-03-22 00:01:48,382] Trial 19 pruned. 
[I 2025-03-22 00:01:48,632] Trial 20 pruned. 
[I 2025-03-22 00:01:50,138] Trial 21 pruned. 
[I 2025-03-22 00:01:51,798] Trial 22 pruned. 
[I 2025-03-22 00:01:52,137] Trial 23 pruned. 
[I 2025-03-22 00:01:52,566] Trial 24 pruned. 
[I 2025-03-22 00:01:52,887] Trial 25 pruned. 
[I 2025-03-22 00:01:57,142] Trial 0 finished with value: 123.49948302367963 and parameters: {'n_units_l0': 2112, 'n_units_l1': 3840, 'n_units_l2': 1792, 'n_units_l3': 256, 'n_units_l4': 2208, 'n_units_l5': 3232, 'n_units_l6': 608, 'lr': 0.08731660837340728}. Best is trial 0 with value: 123.49948302367963.
[I 2025-03-22 00:01:59,706] Trial 26 finished with value: 33.256537306141674 and parameters: {'n_units_l0': 2368, 'n_units_l1': 1280, 'n_units_l2': 2048, 'n_units_l3': 1984, 'n_units_l4': 1984, 'n_units_l5': 2624, 'lr': 0.0016034413882050566}. Best is trial 0 with value: 27.05576832040911.
[I 2025-03-22 00:01:59,885] Trial 27 pruned. 
[I 2025-03-22 00:02:00,054] Trial 28 pruned. 
[I 2025-03-22 00:02:00,196] Trial 29 pruned. 
[I 2025-03-22 00:02:00,336] Trial 30 pruned. 
[I 2025-03-22 00:02:01,685] Trial 31 pruned. 
[I 2025-03-22 00:02:01,895] Trial 32 pruned. 
[I 2025-03-22 00:02:02,103] Trial 33 pruned. 
[I 2025-03-22 00:02:06,426] Trial 1 finished with value: 123.51301687828202 and parameters: {'n_units_l0': 3424, 'n_units_l1': 2624, 'n_units_l2': 704, 'n_units_l3': 3872, 'n_units_l4': 2560, 'n_units_l5': 416, 'n_units_l6': 2016, 'lr': 0.05954120866378893}. Best is trial 0 with value: 123.49948302367963.
[I 2025-03-22 00:02:12,542] Trial 34 finished with value: 68.70088321594591 and parameters: {'n_units_l0': 1952, 'n_units_l1': 2848, 'n_units_l2': 1824, 'n_units_l3': 2944, 'n_units_l4': 2080, 'n_units_l5': 3072, 'lr': 0.0002723631279816629}. Best is trial 0 with value: 27.05576832040911.
[I 2025-03-22 00:02:12,781] Trial 35 pruned. 
[I 2025-03-22 00:02:13,073] Trial 36 pruned. 
[I 2025-03-22 00:02:13,268] Trial 37 pruned. 
[I 2025-03-22 00:02:13,414] Trial 38 pruned. 
[I 2025-03-22 00:02:13,549] Trial 39 pruned. 
[I 2025-03-22 00:02:13,695] Trial 40 pruned. 
[I 2025-03-22 00:02:13,953] Trial 41 pruned. 
[I 2025-03-22 00:02:14,550] Trial 42 pruned. 
[I 2025-03-22 00:02:14,824] Trial 43 pruned. 
[I 2025-03-22 00:02:15,180] Trial 44 pruned. 
[I 2025-03-22 00:02:15,402] Trial 45 pruned. 
[I 2025-03-22 00:02:15,553] Trial 46 pruned. 
[I 2025-03-22 00:02:16,650] Trial 47 pruned. 
[I 2025-03-22 00:02:16,986] Trial 48 pruned. 
[I 2025-03-22 00:02:17,217] Trial 49 pruned. 
[I 2025-03-22 00:02:17,526] Trial 50 pruned. 
[I 2025-03-22 00:02:17,714] Trial 51 pruned. 
[I 2025-03-22 00:02:17,838] Trial 52 pruned. 
[I 2025-03-22 00:02:17,952] Trial 53 pruned. 
[I 2025-03-22 00:02:22,642] Trial 2 finished with value: 123.5115768332065 and parameters: {'n_units_l0': 2752, 'n_units_l1': 4032, 'n_units_l2': 4096, 'n_units_l3': 2208, 'n_units_l4': 3712, 'n_units_l5': 864, 'n_units_l6': 800, 'lr': 0.0984711700641582}. Best is trial 0 with value: 123.49948302367963.
[I 2025-03-22 00:02:23,877] Trial 54 finished with value: 37.183011293214705 and parameters: {'n_units_l0': 128, 'n_units_l1': 864, 'n_units_l2': 704, 'n_units_l3': 448, 'n_units_l4': 4096, 'n_units_l5': 2624, 'lr': 0.0044351024635721934}. Best is trial 0 with value: 27.05576832040911.
[I 2025-03-22 00:02:24,074] Trial 55 pruned. 
[I 2025-03-22 00:02:24,280] Trial 56 pruned. 
[I 2025-03-22 00:02:24,451] Trial 57 pruned. 
[I 2025-03-22 00:02:25,216] Trial 58 pruned. 
[I 2025-03-22 00:02:25,368] Trial 59 pruned. 
[I 2025-03-22 00:02:25,541] Trial 60 pruned. 
[I 2025-03-22 00:02:25,668] Trial 61 pruned. 
[I 2025-03-22 00:02:25,806] Trial 62 pruned. 
[I 2025-03-22 00:02:26,703] Trial 63 pruned. 
[I 2025-03-22 00:02:26,831] Trial 64 pruned. 
[I 2025-03-22 00:02:27,073] Trial 65 pruned. 
[I 2025-03-22 00:02:27,232] Trial 66 pruned. 
[I 2025-03-22 00:02:27,372] Trial 67 pruned. 
[I 2025-03-22 00:02:27,555] Trial 68 pruned. 
[I 2025-03-22 00:02:27,729] Trial 69 pruned. 
[I 2025-03-22 00:02:27,866] Trial 70 pruned. 
[I 2025-03-22 00:02:28,126] Trial 71 pruned. 
[I 2025-03-22 00:02:28,378] Trial 72 pruned. 
[I 2025-03-22 00:02:28,590] Trial 73 pruned. 
[I 2025-03-22 00:02:28,784] Trial 74 pruned. 
[I 2025-03-22 00:02:29,115] Trial 75 pruned. 
[I 2025-03-22 00:02:29,450] Trial 76 pruned. 
[I 2025-03-22 00:02:29,612] Trial 77 pruned. 
[I 2025-03-22 00:02:29,804] Trial 78 pruned. 
[I 2025-03-22 00:02:30,032] Trial 79 pruned. 
[I 2025-03-22 00:02:30,267] Trial 80 pruned. 
[I 2025-03-22 00:02:30,376] Trial 81 pruned. 
[I 2025-03-22 00:02:30,501] Trial 82 pruned. 
[I 2025-03-22 00:02:30,607] Trial 83 pruned. 
[I 2025-03-22 00:02:30,758] Trial 84 pruned. 
[I 2025-03-22 00:02:30,921] Trial 85 pruned. 
[I 2025-03-22 00:02:31,233] Trial 86 pruned. 
[I 2025-03-22 00:02:31,546] Trial 87 pruned. 
[I 2025-03-22 00:02:31,751] Trial 88 pruned. 
[I 2025-03-22 00:02:31,935] Trial 89 pruned. 
[I 2025-03-22 00:02:32,144] Trial 90 pruned. 
[I 2025-03-22 00:02:32,503] Trial 91 pruned. 
[I 2025-03-22 00:02:32,646] Trial 92 pruned. 
[I 2025-03-22 00:02:32,811] Trial 93 pruned. 
[I 2025-03-22 00:02:33,020] Trial 94 pruned. 
[I 2025-03-22 00:02:33,153] Trial 95 pruned. 
[I 2025-03-22 00:02:33,360] Trial 96 pruned. 
[I 2025-03-22 00:02:34,119] Trial 3 finished with value: 57.781812526445215 and parameters: {'n_units_l0': 896, 'n_units_l1': 3360, 'n_units_l2': 1952, 'n_units_l3': 1408, 'n_units_l4': 2272, 'n_units_l5': 3040, 'n_units_l6': 3104, 'lr': 0.07968190092701952}. Best is trial 3 with value: 57.781812526445215.
[I 2025-03-22 00:02:39,232] Trial 97 finished with value: 23.103209966485007 and parameters: {'n_units_l0': 608, 'n_units_l1': 2624, 'n_units_l2': 224, 'n_units_l3': 896, 'n_units_l4': 1440, 'n_units_l5': 1920, 'lr': 0.00023545862240824215}. Best is trial 97 with value: 23.103209966485007.
[I 2025-03-22 00:02:39,375] Trial 98 pruned. 
[I 2025-03-22 00:02:39,509] Trial 99 pruned. 
[I 2025-03-22 00:02:39,528] A new study created in memory with name: no-name-d4d68fb5-2f13-4b1e-aea0-39764cdd0c30
[I 2025-03-22 00:02:46,320] Trial 4 finished with value: 36.94883763849048 and parameters: {'n_units_l0': 2528, 'n_units_l1': 3296, 'n_units_l2': 544, 'n_units_l3': 2560, 'n_units_l4': 3328, 'n_units_l5': 4000, 'n_units_l6': 352, 'lr': 0.003930046146306346}. Best is trial 4 with value: 36.94883763849048.
[I 2025-03-22 00:02:46,448] Trial 5 pruned. 
[I 2025-03-22 00:02:48,117] Trial 0 finished with value: 127.80688610013955 and parameters: {'n_units_l0': 2784, 'n_units_l1': 768, 'n_units_l2': 320, 'n_units_l3': 2528, 'n_units_l4': 2560, 'n_units_l5': 3552, 'n_units_l6': 576, 'n_units_l7': 2144, 'lr': 0.05192430293419401}. Best is trial 0 with value: 127.80688610013955.
[I 2025-03-22 00:02:48,562] Trial 6 pruned. 
[I 2025-03-22 00:02:48,829] Trial 7 pruned. 
[I 2025-03-22 00:02:49,306] Trial 8 pruned. 
[I 2025-03-22 00:02:49,538] Trial 9 pruned. 
[I 2025-03-22 00:02:57,219] Trial 1 finished with value: 128.87805462827777 and parameters: {'n_units_l0': 3008, 'n_units_l1': 1056, 'n_units_l2': 2368, 'n_units_l3': 992, 'n_units_l4': 2816, 'n_units_l5': 2304, 'n_units_l6': 1536, 'n_units_l7': 1984, 'lr': 0.08204767561284369}. Best is trial 0 with value: 127.80688610013955.
[I 2025-03-22 00:03:03,735] Trial 2 finished with value: 127.89733921970078 and parameters: {'n_units_l0': 3200, 'n_units_l1': 928, 'n_units_l2': 608, 'n_units_l3': 2112, 'n_units_l4': 832, 'n_units_l5': 4000, 'n_units_l6': 288, 'n_units_l7': 2304, 'lr': 0.05900189973572451}. Best is trial 0 with value: 127.80688610013955.
[I 2025-03-22 00:03:10,505] Trial 10 finished with value: 37.78434184669859 and parameters: {'n_units_l0': 4064, 'n_units_l1': 2656, 'n_units_l2': 2752, 'n_units_l3': 2912, 'n_units_l4': 3008, 'n_units_l5': 4064, 'n_units_l6': 3968, 'lr': 0.0013127686255696852}. Best is trial 4 with value: 36.94883763849048.
[I 2025-03-22 00:03:16,664] Trial 3 finished with value: 127.78216237990377 and parameters: {'n_units_l0': 384, 'n_units_l1': 928, 'n_units_l2': 2816, 'n_units_l3': 4096, 'n_units_l4': 3712, 'n_units_l5': 1728, 'n_units_l6': 288, 'n_units_l7': 3520, 'lr': 0.05942333938919759}. Best is trial 3 with value: 127.78216237990377.
[I 2025-03-22 00:03:25,617] Trial 4 finished with value: 107.90159360174299 and parameters: {'n_units_l0': 2400, 'n_units_l1': 64, 'n_units_l2': 3744, 'n_units_l3': 608, 'n_units_l4': 1088, 'n_units_l5': 2336, 'n_units_l6': 2816, 'n_units_l7': 3872, 'lr': 0.054743804890378896}. Best is trial 4 with value: 107.90159360174299.
[I 2025-03-22 00:03:25,837] Trial 5 pruned. 
[I 2025-03-22 00:03:27,186] Trial 6 pruned. 
[I 2025-03-22 00:03:27,571] Trial 7 pruned. 
[I 2025-03-22 00:03:28,144] Trial 8 pruned. 
[I 2025-03-22 00:03:28,402] Trial 9 pruned. 
