[I 2025-03-21 23:32:56,660] Trial 63 finished with value: 91.66114536973296 and parameters: {'n_units_l0': 960, 'n_units_l1': 1568, 'n_units_l2': 3552, 'n_units_l3': 3104, 'n_units_l4': 1376, 'n_units_l5': 3680, 'n_units_l6': 1632, 'lr': 0.0005563531656564288}. Best is trial 31 with value: 39.480076061311316.
[I 2025-03-21 23:32:56,673] Trial 89 pruned. 
[I 2025-03-21 23:32:56,790] Trial 90 pruned. 
[I 2025-03-21 23:32:56,883] Trial 64 pruned. 
[I 2025-03-21 23:32:57,373] Trial 65 pruned. 
[I 2025-03-21 23:32:57,587] Trial 66 pruned. 
[I 2025-03-21 23:32:57,831] Trial 67 pruned. 
[I 2025-03-21 23:32:58,122] Trial 68 pruned. 
[I 2025-03-21 23:32:58,894] Trial 91 finished with value: 77.03270834743387 and parameters: {'n_units_l0': 3200, 'n_units_l1': 1184, 'n_units_l2': 1152, 'n_units_l3': 224, 'n_units_l4': 3520, 'n_units_l5': 1856, 'n_units_l6': 1248, 'n_units_l7': 2624, 'lr': 0.0017614209098485885}. Best is trial 70 with value: 43.14649612124604.
[I 2025-03-21 23:32:59,036] Trial 92 pruned. 
[I 2025-03-21 23:32:59,165] Trial 93 pruned. 
[I 2025-03-21 23:32:59,349] Trial 94 pruned. 
[I 2025-03-21 23:32:59,600] Trial 95 pruned. 
[I 2025-03-21 23:32:59,731] Trial 96 pruned. 
[I 2025-03-21 23:32:59,947] Trial 97 pruned. 
[I 2025-03-21 23:33:00,066] Trial 98 pruned. 
[I 2025-03-21 23:33:00,308] Trial 99 pruned. 
[I 2025-03-21 23:33:00,318] A new study created in memory with name: no-name-940b61e6-ecb2-47c7-b510-466b44893b7c
[I 2025-03-21 23:33:01,321] Trial 69 finished with value: 97.29107756067495 and parameters: {'n_units_l0': 576, 'n_units_l1': 704, 'n_units_l2': 3168, 'n_units_l3': 3840, 'n_units_l4': 1984, 'n_units_l5': 3584, 'n_units_l6': 448, 'lr': 0.0026584478516883106}. Best is trial 31 with value: 39.480076061311316.
[I 2025-03-21 23:33:01,538] Trial 70 pruned. 
[I 2025-03-21 23:33:05,124] Trial 71 pruned. 
[I 2025-03-21 23:33:05,457] Trial 72 pruned. 
[I 2025-03-21 23:33:05,527] Trial 0 finished with value: 127.15729241622121 and parameters: {'n_units_l0': 3392, 'n_units_l1': 2368, 'n_units_l2': 3296, 'n_units_l3': 1088, 'n_units_l4': 2720, 'n_units_l5': 3360, 'n_units_l6': 2720, 'n_units_l7': 2592, 'n_units_l8': 3648, 'lr': 0.03894166183520607}. Best is trial 0 with value: 127.15729241622121.
[I 2025-03-21 23:33:07,914] Trial 73 pruned. 
[I 2025-03-21 23:33:08,144] Trial 74 pruned. 
[I 2025-03-21 23:33:08,402] Trial 75 pruned. 
[I 2025-03-21 23:33:08,613] Trial 76 pruned. 
[I 2025-03-21 23:33:08,920] Trial 77 pruned. 
[I 2025-03-21 23:33:09,329] Trial 78 pruned. 
[I 2025-03-21 23:33:09,486] Trial 79 pruned. 
[I 2025-03-21 23:33:09,807] Trial 80 pruned. 
[I 2025-03-21 23:33:10,110] Trial 81 pruned. 
[I 2025-03-21 23:33:10,410] Trial 82 pruned. 
[I 2025-03-21 23:33:10,430] Trial 1 finished with value: 99.46758029335423 and parameters: {'n_units_l0': 2560, 'n_units_l1': 4000, 'n_units_l2': 2688, 'n_units_l3': 1760, 'n_units_l4': 2688, 'n_units_l5': 1920, 'n_units_l6': 928, 'n_units_l7': 3232, 'n_units_l8': 3712, 'lr': 0.008445736755881991}. Best is trial 1 with value: 99.46758029335423.
[I 2025-03-21 23:33:10,736] Trial 83 pruned. 
[I 2025-03-21 23:33:11,086] Trial 84 pruned. 
[I 2025-03-21 23:33:11,393] Trial 85 pruned. 
[I 2025-03-21 23:33:11,673] Trial 86 pruned. 
[I 2025-03-21 23:33:11,796] Trial 87 pruned. 
[I 2025-03-21 23:33:12,056] Trial 88 pruned. 
[I 2025-03-21 23:33:12,249] Trial 89 pruned. 
[I 2025-03-21 23:33:12,527] Trial 90 pruned. 
[I 2025-03-21 23:33:12,893] Trial 91 pruned. 
[I 2025-03-21 23:33:13,114] Trial 92 pruned. 
[I 2025-03-21 23:33:13,321] Trial 93 pruned. 
[I 2025-03-21 23:33:13,438] Trial 2 finished with value: 146.87424750077096 and parameters: {'n_units_l0': 2848, 'n_units_l1': 544, 'n_units_l2': 1088, 'n_units_l3': 2592, 'n_units_l4': 448, 'n_units_l5': 2784, 'n_units_l6': 3168, 'n_units_l7': 3808, 'n_units_l8': 384, 'lr': 0.02573197542656673}. Best is trial 1 with value: 99.46758029335423.
[I 2025-03-21 23:33:13,685] Trial 94 pruned. 
[I 2025-03-21 23:33:13,917] Trial 95 pruned. 
[I 2025-03-21 23:33:14,241] Trial 96 pruned. 
[I 2025-03-21 23:33:14,487] Trial 97 pruned. 
[I 2025-03-21 23:33:16,541] Trial 98 pruned. 
[I 2025-03-21 23:33:16,720] Trial 99 pruned. 
[I 2025-03-21 23:33:16,730] A new study created in memory with name: no-name-a16547ea-13b4-4723-ae8b-c50aa157862f
[I 2025-03-21 23:33:16,803] Trial 3 finished with value: 127.50564735814145 and parameters: {'n_units_l0': 2176, 'n_units_l1': 2560, 'n_units_l2': 736, 'n_units_l3': 2496, 'n_units_l4': 2848, 'n_units_l5': 2496, 'n_units_l6': 1792, 'n_units_l7': 1344, 'n_units_l8': 2880, 'lr': 0.0667757584286261}. Best is trial 1 with value: 99.46758029335423.
[I 2025-03-21 23:33:20,971] Trial 4 finished with value: 127.15016575863487 and parameters: {'n_units_l0': 608, 'n_units_l1': 3040, 'n_units_l2': 2784, 'n_units_l3': 2720, 'n_units_l4': 2720, 'n_units_l5': 3232, 'n_units_l6': 704, 'n_units_l7': 1856, 'n_units_l8': 3104, 'lr': 0.06449300048214227}. Best is trial 1 with value: 99.46758029335423.
[I 2025-03-21 23:33:21,197] Trial 5 pruned. 
[I 2025-03-21 23:33:21,788] Trial 6 pruned. 
[I 2025-03-21 23:33:21,966] Trial 7 pruned. 
[I 2025-03-21 23:33:22,152] Trial 8 pruned. 
[I 2025-03-21 23:33:22,484] Trial 9 pruned. 
[I 2025-03-21 23:33:22,741] Trial 0 finished with value: inf and parameters: {'n_units_l0': 256, 'n_units_l1': 4096, 'n_units_l2': 2624, 'n_units_l3': 1600, 'n_units_l4': 2176, 'n_units_l5': 1664, 'n_units_l6': 3264, 'n_units_l7': 3840, 'n_units_l8': 3744, 'n_units_l9': 2784, 'lr': 0.09403127394410622}. Best is trial 0 with value: inf.
[I 2025-03-21 23:33:26,115] Trial 1 finished with value: 126.30858451441715 and parameters: {'n_units_l0': 2592, 'n_units_l1': 4096, 'n_units_l2': 1984, 'n_units_l3': 96, 'n_units_l4': 2016, 'n_units_l5': 1440, 'n_units_l6': 1984, 'n_units_l7': 128, 'n_units_l8': 3008, 'n_units_l9': 2272, 'lr': 0.021638984152413308}. Best is trial 1 with value: 126.30858451441715.
[I 2025-03-21 23:33:26,611] Trial 10 finished with value: 127.11781953510486 and parameters: {'n_units_l0': 4064, 'n_units_l1': 4064, 'n_units_l2': 1728, 'n_units_l3': 3904, 'n_units_l4': 1920, 'n_units_l5': 32, 'n_units_l6': 128, 'n_units_l7': 4000, 'n_units_l8': 1376, 'lr': 0.01012796783455415}. Best is trial 1 with value: 99.46758029335423.
[I 2025-03-21 23:33:30,722] Trial 2 finished with value: 126.17070007324219 and parameters: {'n_units_l0': 1920, 'n_units_l1': 3232, 'n_units_l2': 3104, 'n_units_l3': 3456, 'n_units_l4': 4096, 'n_units_l5': 736, 'n_units_l6': 1248, 'n_units_l7': 1728, 'n_units_l8': 384, 'n_units_l9': 3968, 'lr': 0.013329738574142519}. Best is trial 2 with value: 126.17070007324219.
[I 2025-03-21 23:33:30,835] Trial 11 finished with value: 50.08347621716951 and parameters: {'n_units_l0': 4032, 'n_units_l1': 4096, 'n_units_l2': 1664, 'n_units_l3': 4096, 'n_units_l4': 1856, 'n_units_l5': 96, 'n_units_l6': 32, 'n_units_l7': 3968, 'n_units_l8': 1440, 'lr': 0.0020638847008542655}. Best is trial 11 with value: 50.08347621716951.
[I 2025-03-21 23:33:33,453] Trial 12 finished with value: 53.91387337132504 and parameters: {'n_units_l0': 4000, 'n_units_l1': 3424, 'n_units_l2': 1888, 'n_units_l3': 32, 'n_units_l4': 2048, 'n_units_l5': 192, 'n_units_l6': 64, 'n_units_l7': 3264, 'n_units_l8': 928, 'lr': 0.0011042718249544765}. Best is trial 11 with value: 50.08347621716951.
[I 2025-03-21 23:33:33,838] Trial 13 pruned. 
[I 2025-03-21 23:33:34,179] Trial 3 finished with value: 2237.7380499588817 and parameters: {'n_units_l0': 2784, 'n_units_l1': 768, 'n_units_l2': 1120, 'n_units_l3': 3616, 'n_units_l4': 256, 'n_units_l5': 3008, 'n_units_l6': 3552, 'n_units_l7': 2496, 'n_units_l8': 2432, 'n_units_l9': 224, 'lr': 0.0508398563152932}. Best is trial 2 with value: 126.17070007324219.
[I 2025-03-21 23:33:34,265] Trial 14 pruned. 
[I 2025-03-21 23:33:34,604] Trial 15 pruned. 
[I 2025-03-21 23:33:34,811] Trial 16 pruned. 
[I 2025-03-21 23:33:35,064] Trial 17 pruned. 
[I 2025-03-21 23:33:37,655] Trial 4 finished with value: 145.34115921823602 and parameters: {'n_units_l0': 928, 'n_units_l1': 1984, 'n_units_l2': 2496, 'n_units_l3': 864, 'n_units_l4': 2080, 'n_units_l5': 2944, 'n_units_l6': 3840, 'n_units_l7': 800, 'n_units_l8': 1120, 'n_units_l9': 1344, 'lr': 0.02937276494794266}. Best is trial 2 with value: 126.17070007324219.
[I 2025-03-21 23:33:37,951] Trial 5 pruned. 
[I 2025-03-21 23:33:38,254] Trial 18 finished with value: 79.06777472245066 and parameters: {'n_units_l0': 3008, 'n_units_l1': 3040, 'n_units_l2': 1312, 'n_units_l3': 3520, 'n_units_l4': 2368, 'n_units_l5': 352, 'n_units_l6': 64, 'n_units_l7': 2848, 'n_units_l8': 768, 'lr': 0.00477962703119345}. Best is trial 11 with value: 50.08347621716951.
[I 2025-03-21 23:33:40,200] Trial 19 finished with value: 127.43325082879318 and parameters: {'n_units_l0': 2112, 'n_units_l1': 1760, 'n_units_l2': 64, 'n_units_l3': 2208, 'n_units_l4': 3264, 'n_units_l5': 1216, 'n_units_l6': 512, 'n_units_l7': 544, 'n_units_l8': 2016, 'lr': 0.015190945163253332}. Best is trial 11 with value: 50.08347621716951.
[I 2025-03-21 23:33:40,456] Trial 20 pruned. 
[I 2025-03-21 23:33:40,460] Trial 6 finished with value: 126.48262786865234 and parameters: {'n_units_l0': 128, 'n_units_l1': 928, 'n_units_l2': 64, 'n_units_l3': 3360, 'n_units_l4': 544, 'n_units_l5': 1920, 'n_units_l6': 448, 'n_units_l7': 608, 'n_units_l8': 3872, 'n_units_l9': 3904, 'lr': 0.012620320478320731}. Best is trial 2 with value: 126.17070007324219.
[I 2025-03-21 23:33:40,687] Trial 7 pruned. 
[I 2025-03-21 23:33:40,843] Trial 8 pruned. 
[I 2025-03-21 23:33:41,081] Trial 9 pruned. 
[I 2025-03-21 23:33:43,580] Trial 21 finished with value: 79.77608650609066 and parameters: {'n_units_l0': 3104, 'n_units_l1': 2912, 'n_units_l2': 1344, 'n_units_l3': 3552, 'n_units_l4': 2304, 'n_units_l5': 384, 'n_units_l6': 128, 'n_units_l7': 2816, 'n_units_l8': 800, 'lr': 0.0010030011240557443}. Best is trial 11 with value: 50.08347621716951.
[I 2025-03-21 23:33:43,806] Trial 22 pruned. 
[I 2025-03-21 23:33:44,035] Trial 23 pruned. 
[I 2025-03-21 23:33:44,284] Trial 24 pruned. 
[I 2025-03-21 23:33:44,652] Trial 25 pruned. 
[I 2025-03-21 23:33:44,858] Trial 26 pruned. 
[I 2025-03-21 23:33:45,077] Trial 27 pruned. 
[I 2025-03-21 23:33:45,446] Trial 28 pruned. 
[I 2025-03-21 23:33:45,954] Trial 29 pruned. 
[I 2025-03-21 23:33:46,021] Trial 10 finished with value: 78.20452238384046 and parameters: {'n_units_l0': 2400, 'n_units_l1': 2368, 'n_units_l2': 4096, 'n_units_l3': 4064, 'n_units_l4': 4000, 'n_units_l5': 288, 'n_units_l6': 64, 'n_units_l7': 1568, 'n_units_l8': 256, 'n_units_l9': 3936, 'lr': 0.0008053685507407524}. Best is trial 10 with value: 78.20452238384046.
[I 2025-03-21 23:33:46,246] Trial 30 pruned. 
[I 2025-03-21 23:33:49,380] Trial 31 finished with value: 100.79614538895457 and parameters: {'n_units_l0': 3168, 'n_units_l1': 2880, 'n_units_l2': 1152, 'n_units_l3': 3520, 'n_units_l4': 2496, 'n_units_l5': 512, 'n_units_l6': 320, 'n_units_l7': 2848, 'n_units_l8': 864, 'lr': 0.0004235492586231334}. Best is trial 11 with value: 50.08347621716951.
[I 2025-03-21 23:33:49,718] Trial 32 pruned. 
[I 2025-03-21 23:33:50,022] Trial 33 pruned. 
[I 2025-03-21 23:33:50,303] Trial 34 pruned. 
[I 2025-03-21 23:33:50,526] Trial 35 pruned. 
[I 2025-03-21 23:33:50,694] Trial 11 finished with value: 80.76321290668689 and parameters: {'n_units_l0': 2368, 'n_units_l1': 2368, 'n_units_l2': 4032, 'n_units_l3': 4096, 'n_units_l4': 4032, 'n_units_l5': 32, 'n_units_l6': 32, 'n_units_l7': 1600, 'n_units_l8': 64, 'n_units_l9': 3968, 'lr': 0.0009551115813102365}. Best is trial 10 with value: 78.20452238384046.
[I 2025-03-21 23:33:50,702] Trial 36 pruned. 
[I 2025-03-21 23:33:50,960] Trial 37 pruned. 
[I 2025-03-21 23:33:51,274] Trial 12 pruned. 
[I 2025-03-21 23:33:51,347] Trial 38 pruned. 
[I 2025-03-21 23:33:51,591] Trial 39 pruned. 
[I 2025-03-21 23:33:51,754] Trial 40 pruned. 
[I 2025-03-21 23:33:52,062] Trial 41 pruned. 
[I 2025-03-21 23:33:52,474] Trial 42 pruned. 
[I 2025-03-21 23:33:53,279] Trial 43 pruned. 
[I 2025-03-21 23:33:53,456] Trial 44 pruned. 
[I 2025-03-21 23:33:53,834] Trial 45 pruned. 
[I 2025-03-21 23:33:55,554] Trial 13 finished with value: 81.39743122301604 and parameters: {'n_units_l0': 2176, 'n_units_l1': 1664, 'n_units_l2': 4032, 'n_units_l3': 3936, 'n_units_l4': 3232, 'n_units_l5': 32, 'n_units_l6': 32, 'n_units_l7': 3232, 'n_units_l8': 768, 'n_units_l9': 3232, 'lr': 0.00036526864736802055}. Best is trial 10 with value: 78.20452238384046.
[I 2025-03-21 23:33:55,913] Trial 14 pruned. 
[I 2025-03-21 23:33:56,156] Trial 15 pruned. 
[I 2025-03-21 23:33:56,378] Trial 46 finished with value: 55.03105404502467 and parameters: {'n_units_l0': 2560, 'n_units_l1': 2592, 'n_units_l2': 2176, 'n_units_l3': 256, 'n_units_l4': 3456, 'n_units_l5': 576, 'n_units_l6': 640, 'n_units_l7': 3904, 'n_units_l8': 928, 'lr': 0.0012528369867951458}. Best is trial 11 with value: 50.08347621716951.
[I 2025-03-21 23:33:56,444] Trial 16 pruned. 
[I 2025-03-21 23:33:58,668] Trial 47 finished with value: 42.86132390875565 and parameters: {'n_units_l0': 1440, 'n_units_l1': 2624, 'n_units_l2': 2176, 'n_units_l3': 288, 'n_units_l4': 4000, 'n_units_l5': 640, 'n_units_l6': 544, 'n_units_l7': 3904, 'n_units_l8': 960, 'lr': 0.0010574074868888819}. Best is trial 47 with value: 42.86132390875565.
[I 2025-03-21 23:33:58,972] Trial 48 pruned. 
[I 2025-03-21 23:33:59,122] Trial 49 pruned. 
[I 2025-03-21 23:33:59,296] Trial 50 pruned. 
[I 2025-03-21 23:34:01,196] Trial 17 finished with value: 94.27335518284848 and parameters: {'n_units_l0': 2464, 'n_units_l1': 1632, 'n_units_l2': 4064, 'n_units_l3': 4064, 'n_units_l4': 2656, 'n_units_l5': 416, 'n_units_l6': 2752, 'n_units_l7': 1344, 'n_units_l8': 896, 'n_units_l9': 2944, 'lr': 5.937166710438173e-05}. Best is trial 10 with value: 78.20452238384046.
[I 2025-03-21 23:34:01,197] Trial 51 finished with value: 95.30462887412624 and parameters: {'n_units_l0': 1504, 'n_units_l1': 2656, 'n_units_l2': 1536, 'n_units_l3': 832, 'n_units_l4': 3520, 'n_units_l5': 160, 'n_units_l6': 352, 'n_units_l7': 3968, 'n_units_l8': 480, 'lr': 0.0005133221175883273}. Best is trial 47 with value: 42.86132390875565.
[I 2025-03-21 23:34:01,454] Trial 18 pruned. 
[I 2025-03-21 23:34:01,738] Trial 19 pruned. 
[I 2025-03-21 23:34:02,002] Trial 20 pruned. 
[I 2025-03-21 23:34:03,643] Trial 52 finished with value: 93.29123125578228 and parameters: {'n_units_l0': 2176, 'n_units_l1': 2976, 'n_units_l2': 1312, 'n_units_l3': 384, 'n_units_l4': 3840, 'n_units_l5': 480, 'n_units_l6': 192, 'n_units_l7': 3488, 'n_units_l8': 1504, 'lr': 0.0004595517318691031}. Best is trial 47 with value: 42.86132390875565.
[I 2025-03-21 23:34:03,894] Trial 53 pruned. 
[I 2025-03-21 23:34:04,124] Trial 54 pruned. 
[I 2025-03-21 23:34:04,299] Trial 55 pruned. 
[I 2025-03-21 23:34:04,484] Trial 56 pruned. 
[I 2025-03-21 23:34:04,700] Trial 57 pruned. 
[I 2025-03-21 23:34:05,021] Trial 58 pruned. 
[I 2025-03-21 23:34:05,199] Trial 59 pruned. 
[I 2025-03-21 23:34:05,406] Trial 60 pruned. 
[I 2025-03-21 23:34:06,339] Trial 21 finished with value: 126.71850987484581 and parameters: {'n_units_l0': 2336, 'n_units_l1': 1536, 'n_units_l2': 3936, 'n_units_l3': 4064, 'n_units_l4': 3744, 'n_units_l5': 32, 'n_units_l6': 128, 'n_units_l7': 3360, 'n_units_l8': 608, 'n_units_l9': 3168, 'lr': 0.0033648065980491706}. Best is trial 10 with value: 78.20452238384046.
[I 2025-03-21 23:34:06,780] Trial 22 pruned. 
[I 2025-03-21 23:34:07,104] Trial 23 pruned. 
[I 2025-03-21 23:34:07,599] Trial 61 finished with value: 96.16956931666324 and parameters: {'n_units_l0': 2240, 'n_units_l1': 2976, 'n_units_l2': 1280, 'n_units_l3': 320, 'n_units_l4': 3808, 'n_units_l5': 32, 'n_units_l6': 160, 'n_units_l7': 3520, 'n_units_l8': 1824, 'lr': 0.0002483892719472811}. Best is trial 47 with value: 42.86132390875565.
[I 2025-03-21 23:34:07,675] Trial 24 pruned. 
[I 2025-03-21 23:34:07,926] Trial 25 pruned. 
[I 2025-03-21 23:34:08,238] Trial 26 pruned. 
[I 2025-03-21 23:34:08,782] Trial 27 pruned. 
[I 2025-03-21 23:34:09,083] Trial 28 pruned. 
[I 2025-03-21 23:34:09,253] Trial 29 pruned. 
[I 2025-03-21 23:34:09,493] Trial 30 pruned. 
[I 2025-03-21 23:34:10,081] Trial 62 finished with value: 72.2000278673674 and parameters: {'n_units_l0': 2176, 'n_units_l1': 2592, 'n_units_l2': 1536, 'n_units_l3': 448, 'n_units_l4': 3968, 'n_units_l5': 512, 'n_units_l6': 576, 'n_units_l7': 3040, 'n_units_l8': 1504, 'lr': 0.002152646336649998}. Best is trial 47 with value: 42.86132390875565.
[I 2025-03-21 23:34:10,314] Trial 63 pruned. 
[I 2025-03-21 23:34:10,508] Trial 64 pruned. 
[I 2025-03-21 23:34:10,634] Trial 65 pruned. 
[I 2025-03-21 23:34:10,783] Trial 66 pruned. 
[I 2025-03-21 23:34:10,946] Trial 67 pruned. 
[I 2025-03-21 23:34:11,194] Trial 68 pruned. 
[I 2025-03-21 23:34:11,388] Trial 69 pruned. 
[I 2025-03-21 23:34:11,550] Trial 70 pruned. 
[I 2025-03-21 23:34:12,899] Trial 71 pruned. 
[I 2025-03-21 23:34:14,081] Trial 31 finished with value: 93.66878509521484 and parameters: {'n_units_l0': 2368, 'n_units_l1': 1408, 'n_units_l2': 4032, 'n_units_l3': 4064, 'n_units_l4': 2656, 'n_units_l5': 416, 'n_units_l6': 2464, 'n_units_l7': 1408, 'n_units_l8': 1024, 'n_units_l9': 2976, 'lr': 0.00010423988219757411}. Best is trial 10 with value: 78.20452238384046.
[I 2025-03-21 23:34:14,406] Trial 32 pruned. 
[I 2025-03-21 23:34:14,631] Trial 33 pruned. 
[I 2025-03-21 23:34:14,874] Trial 72 finished with value: 45.53459267867239 and parameters: {'n_units_l0': 2112, 'n_units_l1': 2912, 'n_units_l2': 832, 'n_units_l3': 352, 'n_units_l4': 3936, 'n_units_l5': 160, 'n_units_l6': 288, 'n_units_l7': 3488, 'n_units_l8': 1504, 'lr': 0.002656358018528959}. Best is trial 47 with value: 42.86132390875565.
[I 2025-03-21 23:34:14,969] Trial 34 pruned. 
[I 2025-03-21 23:34:15,076] Trial 73 pruned. 
[I 2025-03-21 23:34:15,229] Trial 35 pruned. 
[I 2025-03-21 23:34:15,231] Trial 74 pruned. 
[I 2025-03-21 23:34:15,410] Trial 75 pruned. 
[I 2025-03-21 23:34:15,566] Trial 36 pruned. 
[I 2025-03-21 23:34:15,628] Trial 76 pruned. 
[I 2025-03-21 23:34:15,833] Trial 37 pruned. 
[I 2025-03-21 23:34:15,981] Trial 77 pruned. 
[I 2025-03-21 23:34:16,101] Trial 38 pruned. 
[I 2025-03-21 23:34:16,123] Trial 78 pruned. 
[I 2025-03-21 23:34:16,313] Trial 39 pruned. 
[I 2025-03-21 23:34:16,360] Trial 79 pruned. 
[I 2025-03-21 23:34:16,609] Trial 40 pruned. 
[I 2025-03-21 23:34:16,718] Trial 80 pruned. 
[I 2025-03-21 23:34:17,195] Trial 41 pruned. 
[I 2025-03-21 23:34:17,712] Trial 42 pruned. 
[I 2025-03-21 23:34:17,983] Trial 43 pruned. 
[I 2025-03-21 23:34:18,069] Trial 81 pruned. 
[I 2025-03-21 23:34:18,215] Trial 82 pruned. 
[I 2025-03-21 23:34:18,513] Trial 44 pruned. 
[I 2025-03-21 23:34:18,859] Trial 45 pruned. 
[I 2025-03-21 23:34:18,927] Trial 83 pruned. 
[I 2025-03-21 23:34:19,152] Trial 46 pruned. 
[I 2025-03-21 23:34:19,225] Trial 84 pruned. 
[I 2025-03-21 23:34:19,371] Trial 47 pruned. 
[I 2025-03-21 23:34:19,484] Trial 85 pruned. 
[I 2025-03-21 23:34:19,649] Trial 86 pruned. 
[I 2025-03-21 23:34:19,693] Trial 48 pruned. 
[I 2025-03-21 23:34:19,867] Trial 87 pruned. 
[I 2025-03-21 23:34:19,977] Trial 49 pruned. 
[I 2025-03-21 23:34:20,127] Trial 88 pruned. 
[I 2025-03-21 23:34:20,297] Trial 50 pruned. 
[I 2025-03-21 23:34:20,856] Trial 51 pruned. 
[I 2025-03-21 23:34:21,534] Trial 52 pruned. 
[I 2025-03-21 23:34:21,536] Trial 89 pruned. 
[I 2025-03-21 23:34:21,760] Trial 90 pruned. 
[I 2025-03-21 23:34:21,851] Trial 53 pruned. 
[I 2025-03-21 23:34:21,883] Trial 91 pruned. 
[I 2025-03-21 23:34:22,018] Trial 92 pruned. 
[I 2025-03-21 23:34:22,216] Trial 54 pruned. 
[I 2025-03-21 23:34:22,695] Trial 55 pruned. 
[I 2025-03-21 23:34:23,032] Trial 56 pruned. 
[I 2025-03-21 23:34:23,416] Trial 93 pruned. 
[I 2025-03-21 23:34:23,660] Trial 94 pruned. 
[I 2025-03-21 23:34:23,938] Trial 95 pruned. 
[I 2025-03-21 23:34:24,172] Trial 96 pruned. 
[I 2025-03-21 23:34:24,483] Trial 97 pruned. 
[I 2025-03-21 23:34:24,679] Trial 98 pruned. 
[I 2025-03-21 23:34:24,940] Trial 99 pruned. 
[I 2025-03-21 23:34:24,949] A new study created in memory with name: no-name-a575fa43-7742-4aec-b1b2-0c487f9a95c8
[I 2025-03-21 23:34:27,533] Trial 57 finished with value: 94.48742354543586 and parameters: {'n_units_l0': 1568, 'n_units_l1': 2496, 'n_units_l2': 3840, 'n_units_l3': 2816, 'n_units_l4': 3232, 'n_units_l5': 736, 'n_units_l6': 2752, 'n_units_l7': 2496, 'n_units_l8': 128, 'n_units_l9': 2432, 'lr': 0.0001022907406356242}. Best is trial 10 with value: 78.20452238384046.
[I 2025-03-21 23:34:29,243] Trial 0 finished with value: 91.89782192832546 and parameters: {'n_units_l0': 352, 'n_units_l1': 2400, 'n_units_l2': 3968, 'n_units_l3': 1120, 'n_units_l4': 3584, 'n_units_l5': 2304, 'n_units_l6': 544, 'n_units_l7': 3136, 'n_units_l8': 2208, 'n_units_l9': 2336, 'n_units_l10': 1056, 'lr': 0.010191970842730129}. Best is trial 0 with value: 91.89782192832546.
[I 2025-03-21 23:34:31,886] Trial 58 finished with value: 92.77436145983245 and parameters: {'n_units_l0': 928, 'n_units_l1': 2432, 'n_units_l2': 3840, 'n_units_l3': 2880, 'n_units_l4': 3200, 'n_units_l5': 768, 'n_units_l6': 2688, 'n_units_l7': 2976, 'n_units_l8': 96, 'n_units_l9': 2016, 'lr': 0.0005128281041292784}. Best is trial 10 with value: 78.20452238384046.
[I 2025-03-21 23:34:31,992] Trial 1 finished with value: 101.92292343942742 and parameters: {'n_units_l0': 2496, 'n_units_l1': 576, 'n_units_l2': 704, 'n_units_l3': 2560, 'n_units_l4': 3584, 'n_units_l5': 1088, 'n_units_l6': 1216, 'n_units_l7': 992, 'n_units_l8': 416, 'n_units_l9': 3840, 'n_units_l10': 928, 'lr': 0.0016979283644231928}. Best is trial 0 with value: 91.89782192832546.
[I 2025-03-21 23:34:32,173] Trial 59 pruned. 
[I 2025-03-21 23:34:32,492] Trial 60 pruned. 
[I 2025-03-21 23:34:32,872] Trial 61 pruned. 
[I 2025-03-21 23:34:33,277] Trial 62 pruned. 
[I 2025-03-21 23:34:33,602] Trial 63 pruned. 
[I 2025-03-21 23:34:33,954] Trial 64 pruned. 
