[I 2025-03-22 01:36:59,535] Trial 11 pruned. 
[I 2025-03-22 01:37:01,028] Trial 22 pruned. 
[I 2025-03-22 01:37:02,178] Trial 23 pruned. 
[I 2025-03-22 01:37:04,436] Trial 24 pruned. 
[I 2025-03-22 01:37:05,356] Trial 25 pruned. 
[I 2025-03-22 01:37:05,881] Trial 26 pruned. 
[I 2025-03-22 01:37:07,334] Trial 27 pruned. 
[I 2025-03-22 01:37:08,539] Trial 28 pruned. 
[I 2025-03-22 01:37:09,203] Trial 29 pruned. 
[I 2025-03-22 01:37:09,932] Trial 30 pruned. 
[I 2025-03-22 01:37:19,101] Trial 12 finished with value: 45.06337921010194 and parameters: {'n_units_l0': 3328, 'n_units_l1': 2656, 'n_units_l2': 896, 'lr': 0.06924264610370534}. Best is trial 1 with value: 27.46808596963455.
[I 2025-03-22 01:37:20,351] Trial 13 pruned. 
[I 2025-03-22 01:37:22,887] Trial 14 pruned. 
[I 2025-03-22 01:37:23,102] Trial 15 pruned. 
[I 2025-03-22 01:37:24,489] Trial 16 pruned. 
[I 2025-03-22 01:37:27,683] Trial 17 pruned. 
[I 2025-03-22 01:37:35,317] Trial 18 pruned. 
[I 2025-03-22 01:37:54,461] Trial 19 finished with value: 37.40862461004196 and parameters: {'n_units_l0': 2816, 'n_units_l1': 3168, 'n_units_l2': 1760, 'lr': 0.05433741170502343}. Best is trial 1 with value: 27.46808596963455.
[I 2025-03-22 01:37:54,660] Trial 20 pruned. 
[I 2025-03-22 01:37:54,923] Trial 21 pruned. 
[I 2025-03-22 01:38:02,342] Trial 31 finished with value: 22.521313991652978 and parameters: {'n_units_l0': 2912, 'n_units_l1': 1344, 'n_units_l2': 3648, 'n_units_l3': 2752, 'n_units_l4': 2496, 'n_units_l5': 2400, 'n_units_l6': 2400, 'n_units_l7': 2720, 'n_units_l8': 2560, 'n_units_l9': 2752, 'n_units_l10': 352, 'n_units_l11': 1536, 'lr': 3.4893815776105175e-05}. Best is trial 12 with value: 16.359388519404714.
[I 2025-03-22 01:38:03,767] Trial 32 pruned. 
[I 2025-03-22 01:38:05,100] Trial 33 pruned. 
[I 2025-03-22 01:38:18,727] Trial 22 finished with value: 42.93069908427345 and parameters: {'n_units_l0': 3552, 'n_units_l1': 3744, 'n_units_l2': 1344, 'lr': 0.055962455182581174}. Best is trial 1 with value: 27.46808596963455.
[I 2025-03-22 01:38:19,644] Trial 23 pruned. 
[I 2025-03-22 01:38:21,929] Trial 24 pruned. 
[I 2025-03-22 01:38:40,998] Trial 25 finished with value: 41.23362971957718 and parameters: {'n_units_l0': 3712, 'n_units_l1': 2176, 'n_units_l2': 448, 'lr': 0.0634139464892958}. Best is trial 1 with value: 27.46808596963455.
[I 2025-03-22 01:38:42,142] Trial 26 pruned. 
[I 2025-03-22 01:39:01,256] Trial 27 finished with value: 36.53922937271443 and parameters: {'n_units_l0': 672, 'n_units_l1': 4064, 'n_units_l2': 1568, 'lr': 0.052335490998301704}. Best is trial 1 with value: 27.46808596963455.
[I 2025-03-22 01:39:01,468] Trial 28 pruned. 
[I 2025-03-22 01:39:01,694] Trial 29 pruned. 
[I 2025-03-22 01:39:01,922] Trial 30 pruned. 
[I 2025-03-22 01:39:06,861] Trial 34 finished with value: 37.066920867549584 and parameters: {'n_units_l0': 2304, 'n_units_l1': 1056, 'n_units_l2': 3968, 'n_units_l3': 3296, 'n_units_l4': 3136, 'n_units_l5': 2528, 'n_units_l6': 3392, 'n_units_l7': 2912, 'n_units_l8': 2240, 'n_units_l9': 2944, 'n_units_l10': 800, 'n_units_l11': 1472, 'lr': 0.0008009770590048767}. Best is trial 12 with value: 16.359388519404714.
[I 2025-03-22 01:39:07,695] Trial 35 pruned. 
[I 2025-03-22 01:39:23,887] Trial 31 pruned. 
[I 2025-03-22 01:39:43,043] Trial 32 finished with value: 39.272928331292775 and parameters: {'n_units_l0': 832, 'n_units_l1': 3456, 'n_units_l2': 2592, 'lr': 0.04982290484002713}. Best is trial 1 with value: 27.46808596963455.
[I 2025-03-22 01:39:43,292] Trial 33 pruned. 
[I 2025-03-22 01:39:43,591] Trial 34 pruned. 
[I 2025-03-22 01:39:43,838] Trial 35 pruned. 
[I 2025-03-22 01:39:44,052] Trial 36 pruned. 
[I 2025-03-22 01:39:44,346] Trial 37 pruned. 
[I 2025-03-22 01:39:51,587] Trial 36 finished with value: 124.95452345125243 and parameters: {'n_units_l0': 1728, 'n_units_l1': 832, 'n_units_l2': 3232, 'n_units_l3': 3168, 'n_units_l4': 2752, 'n_units_l5': 1920, 'n_units_l6': 4064, 'n_units_l7': 1888, 'n_units_l8': 96, 'n_units_l9': 1952, 'n_units_l10': 1472, 'n_units_l11': 2528, 'lr': 0.019463056179114393}. Best is trial 12 with value: 16.359388519404714.
[I 2025-03-22 01:39:52,458] Trial 37 pruned. 
[I 2025-03-22 01:40:03,696] Trial 38 finished with value: 41.97826486282963 and parameters: {'n_units_l0': 1792, 'n_units_l1': 1952, 'n_units_l2': 2976, 'lr': 0.046564098119507555}. Best is trial 1 with value: 27.46808596963455.
[I 2025-03-22 01:40:04,027] Trial 39 pruned. 
[I 2025-03-22 01:40:04,259] Trial 40 pruned. 
[I 2025-03-22 01:40:04,713] Trial 41 pruned. 
[I 2025-03-22 01:40:05,024] Trial 42 pruned. 
[I 2025-03-22 01:40:05,288] Trial 43 pruned. 
[I 2025-03-22 01:40:05,555] Trial 44 pruned. 
[I 2025-03-22 01:40:05,824] Trial 45 pruned. 
[I 2025-03-22 01:40:06,213] Trial 46 pruned. 
[I 2025-03-22 01:40:07,209] Trial 47 pruned. 
[I 2025-03-22 01:40:07,456] Trial 48 pruned. 
[I 2025-03-22 01:40:07,738] Trial 49 pruned. 
[I 2025-03-22 01:40:08,252] Trial 50 pruned. 
[I 2025-03-22 01:40:08,523] Trial 51 pruned. 
[I 2025-03-22 01:40:08,812] Trial 52 pruned. 
[I 2025-03-22 01:40:09,091] Trial 53 pruned. 
[I 2025-03-22 01:40:28,835] Trial 54 finished with value: 31.3222272093201 and parameters: {'n_units_l0': 576, 'n_units_l1': 3648, 'n_units_l2': 2656, 'lr': 0.04411643303141545}. Best is trial 1 with value: 27.46808596963455.
[I 2025-03-22 01:40:29,074] Trial 55 pruned. 
[I 2025-03-22 01:40:48,563] Trial 56 finished with value: 42.12939306321013 and parameters: {'n_units_l0': 480, 'n_units_l1': 2976, 'n_units_l2': 1696, 'lr': 0.044463751211142835}. Best is trial 1 with value: 27.46808596963455.
[I 2025-03-22 01:40:48,857] Trial 57 pruned. 
[I 2025-03-22 01:40:48,981] Trial 38 finished with value: 124.99342906697925 and parameters: {'n_units_l0': 32, 'n_units_l1': 1408, 'n_units_l2': 800, 'n_units_l3': 3296, 'n_units_l4': 3520, 'n_units_l5': 3264, 'n_units_l6': 3200, 'n_units_l7': 2720, 'n_units_l8': 3328, 'n_units_l9': 3296, 'n_units_l10': 224, 'n_units_l11': 896, 'lr': 0.004565352380538581}. Best is trial 12 with value: 16.359388519404714.
[I 2025-03-22 01:40:49,893] Trial 39 pruned. 
[I 2025-03-22 01:40:50,606] Trial 40 pruned. 
[I 2025-03-22 01:41:08,265] Trial 58 finished with value: 41.516612477057286 and parameters: {'n_units_l0': 288, 'n_units_l1': 3840, 'n_units_l2': 192, 'lr': 0.058521068865255314}. Best is trial 1 with value: 27.46808596963455.
[I 2025-03-22 01:41:08,893] Trial 59 pruned. 
[I 2025-03-22 01:41:09,142] Trial 60 pruned. 
[I 2025-03-22 01:41:28,100] Trial 61 finished with value: 39.88482082503267 and parameters: {'n_units_l0': 960, 'n_units_l1': 2080, 'n_units_l2': 1824, 'lr': 0.048845680676851286}. Best is trial 1 with value: 27.46808596963455.
[I 2025-03-22 01:41:28,447] Trial 62 pruned. 
[I 2025-03-22 01:41:44,797] Trial 41 finished with value: 37.575770350900704 and parameters: {'n_units_l0': 2656, 'n_units_l1': 1856, 'n_units_l2': 3584, 'n_units_l3': 2528, 'n_units_l4': 2016, 'n_units_l5': 2464, 'n_units_l6': 3296, 'n_units_l7': 3008, 'n_units_l8': 1632, 'n_units_l9': 3744, 'n_units_l10': 608, 'n_units_l11': 1344, 'lr': 0.0011155259386981767}. Best is trial 12 with value: 16.359388519404714.
[I 2025-03-22 01:41:45,756] Trial 42 pruned. 
[I 2025-03-22 01:41:47,414] Trial 63 finished with value: 41.91097631456438 and parameters: {'n_units_l0': 576, 'n_units_l1': 448, 'n_units_l2': 1472, 'lr': 0.04762670594509391}. Best is trial 1 with value: 27.46808596963455.
[I 2025-03-22 01:42:06,533] Trial 64 finished with value: 41.27140220574322 and parameters: {'n_units_l0': 288, 'n_units_l1': 4032, 'n_units_l2': 2304, 'lr': 0.05952119818992342}. Best is trial 1 with value: 27.46808596963455.
[I 2025-03-22 01:42:06,816] Trial 65 pruned. 
[I 2025-03-22 01:42:07,058] Trial 66 pruned. 
[I 2025-03-22 01:42:07,295] Trial 67 pruned. 
[I 2025-03-22 01:42:07,517] Trial 68 pruned. 
[I 2025-03-22 01:42:08,168] Trial 69 pruned. 
[I 2025-03-22 01:42:27,153] Trial 70 finished with value: 48.49235903135732 and parameters: {'n_units_l0': 384, 'n_units_l1': 1056, 'n_units_l2': 2720, 'lr': 0.03602841230909132}. Best is trial 1 with value: 27.46808596963455.
[I 2025-03-22 01:42:27,398] Trial 71 pruned. 
[I 2025-03-22 01:42:27,825] Trial 72 pruned. 
[I 2025-03-22 01:42:28,064] Trial 73 pruned. 
[I 2025-03-22 01:42:28,765] Trial 74 pruned. 
[I 2025-03-22 01:42:28,999] Trial 75 pruned. 
[I 2025-03-22 01:42:46,682] Trial 43 finished with value: 9.588391507012057 and parameters: {'n_units_l0': 2304, 'n_units_l1': 1568, 'n_units_l2': 3968, 'n_units_l3': 2752, 'n_units_l4': 2944, 'n_units_l5': 2304, 'n_units_l6': 3776, 'n_units_l7': 3008, 'n_units_l8': 2048, 'n_units_l9': 3808, 'n_units_l10': 384, 'n_units_l11': 1728, 'lr': 0.00014254129193532839}. Best is trial 43 with value: 9.588391507012057.
[I 2025-03-22 01:42:47,614] Trial 44 pruned. 
[I 2025-03-22 01:42:48,128] Trial 76 finished with value: 46.467664718233934 and parameters: {'n_units_l0': 1088, 'n_units_l1': 4032, 'n_units_l2': 640, 'lr': 0.05787039796812441}. Best is trial 1 with value: 27.46808596963455.
[I 2025-03-22 01:42:48,489] Trial 77 pruned. 
[I 2025-03-22 01:42:48,738] Trial 45 pruned. 
[I 2025-03-22 01:42:48,743] Trial 78 pruned. 
[I 2025-03-22 01:43:07,848] Trial 79 finished with value: 46.74689138499549 and parameters: {'n_units_l0': 416, 'n_units_l1': 1792, 'n_units_l2': 1280, 'lr': 0.05030190123876889}. Best is trial 1 with value: 27.46808596963455.
[I 2025-03-22 01:43:08,069] Trial 80 pruned. 
[I 2025-03-22 01:43:08,310] Trial 81 pruned. 
[I 2025-03-22 01:43:08,533] Trial 82 pruned. 
[I 2025-03-22 01:43:08,787] Trial 83 pruned. 
[I 2025-03-22 01:43:09,041] Trial 84 pruned. 
[I 2025-03-22 01:43:09,287] Trial 85 pruned. 
[I 2025-03-22 01:43:09,531] Trial 86 pruned. 
[I 2025-03-22 01:43:09,798] Trial 87 pruned. 
[I 2025-03-22 01:43:10,062] Trial 88 pruned. 
[I 2025-03-22 01:43:29,135] Trial 89 finished with value: 40.172814411556544 and parameters: {'n_units_l0': 896, 'n_units_l1': 1664, 'n_units_l2': 3744, 'lr': 0.05643426850092865}. Best is trial 1 with value: 27.46808596963455.
[I 2025-03-22 01:43:30,185] Trial 46 finished with value: 124.95856474078495 and parameters: {'n_units_l0': 2080, 'n_units_l1': 896, 'n_units_l2': 3872, 'n_units_l3': 3040, 'n_units_l4': 3840, 'n_units_l5': 1312, 'n_units_l6': 3648, 'n_units_l7': 64, 'n_units_l8': 2496, 'n_units_l9': 2272, 'n_units_l10': 896, 'n_units_l11': 1056, 'lr': 0.005389214415718576}. Best is trial 43 with value: 9.588391507012057.
[I 2025-03-22 01:43:31,083] Trial 47 pruned. 
[I 2025-03-22 01:43:31,600] Trial 48 pruned. 
[I 2025-03-22 01:43:32,384] Trial 49 pruned. 
[I 2025-03-22 01:43:33,518] Trial 50 pruned. 
[I 2025-03-22 01:43:48,264] Trial 90 finished with value: 125.88541594223403 and parameters: {'n_units_l0': 864, 'n_units_l1': 1664, 'n_units_l2': 3744, 'lr': 0.055577375998068}. Best is trial 1 with value: 27.46808596963455.
[I 2025-03-22 01:43:48,506] Trial 91 pruned. 
[I 2025-03-22 01:43:48,930] Trial 92 pruned. 
[I 2025-03-22 01:43:49,235] Trial 93 pruned. 
[I 2025-03-22 01:44:08,672] Trial 94 finished with value: 41.71534386303671 and parameters: {'n_units_l0': 704, 'n_units_l1': 4096, 'n_units_l2': 3072, 'lr': 0.05764281904547608}. Best is trial 1 with value: 27.46808596963455.
[I 2025-03-22 01:44:27,610] Trial 95 finished with value: 41.863796398034395 and parameters: {'n_units_l0': 576, 'n_units_l1': 1504, 'n_units_l2': 1824, 'lr': 0.05342849703665841}. Best is trial 1 with value: 27.46808596963455.
[I 2025-03-22 01:44:27,973] Trial 96 pruned. 
[I 2025-03-22 01:44:28,197] Trial 51 finished with value: 15.321030674625046 and parameters: {'n_units_l0': 2624, 'n_units_l1': 1920, 'n_units_l2': 3776, 'n_units_l3': 2496, 'n_units_l4': 2080, 'n_units_l5': 2336, 'n_units_l6': 3392, 'n_units_l7': 3008, 'n_units_l8': 1600, 'n_units_l9': 3840, 'n_units_l10': 512, 'n_units_l11': 1344, 'lr': 0.0006342267738284229}. Best is trial 43 with value: 9.588391507012057.
[I 2025-03-22 01:44:28,319] Trial 97 pruned. 
[I 2025-03-22 01:44:28,543] Trial 98 pruned. 
[I 2025-03-22 01:44:28,790] Trial 99 pruned. 
[I 2025-03-22 01:44:28,885] A new study created in memory with name: no-name-50ae43db-cc8f-412c-b7a7-b97a07f23fad
[I 2025-03-22 01:44:29,534] Trial 52 pruned. 
[I 2025-03-22 01:44:49,232] Trial 0 finished with value: 124.37159530772223 and parameters: {'n_units_l0': 736, 'n_units_l1': 3680, 'n_units_l2': 992, 'n_units_l3': 3232, 'lr': 0.08563691583784401}. Best is trial 0 with value: 124.37159530772223.
[I 2025-03-22 01:45:19,254] Trial 1 finished with value: 93.12356887457535 and parameters: {'n_units_l0': 768, 'n_units_l1': 3936, 'n_units_l2': 3296, 'n_units_l3': 1792, 'lr': 0.07479881715036354}. Best is trial 1 with value: 93.12356887457535.
[I 2025-03-22 01:45:24,278] Trial 53 finished with value: 14.338356227943567 and parameters: {'n_units_l0': 3936, 'n_units_l1': 1536, 'n_units_l2': 3584, 'n_units_l3': 2848, 'n_units_l4': 1536, 'n_units_l5': 2816, 'n_units_l6': 3072, 'n_units_l7': 3808, 'n_units_l8': 1408, 'n_units_l9': 4096, 'n_units_l10': 160, 'n_units_l11': 1408, 'lr': 0.00023482282603780002}. Best is trial 43 with value: 9.588391507012057.
[I 2025-03-22 01:45:25,021] Trial 54 pruned. 
[I 2025-03-22 01:45:26,709] Trial 55 pruned. 
[I 2025-03-22 01:45:27,655] Trial 56 pruned. 
[I 2025-03-22 01:45:28,441] Trial 57 pruned. 
[I 2025-03-22 01:45:39,872] Trial 2 finished with value: 124.37054964191024 and parameters: {'n_units_l0': 448, 'n_units_l1': 3936, 'n_units_l2': 2496, 'n_units_l3': 864, 'lr': 0.035142965186170376}. Best is trial 1 with value: 93.12356887457535.
[I 2025-03-22 01:46:00,234] Trial 3 finished with value: 124.37149113507915 and parameters: {'n_units_l0': 2784, 'n_units_l1': 1472, 'n_units_l2': 2688, 'n_units_l3': 128, 'lr': 0.038757696075912514}. Best is trial 1 with value: 93.12356887457535.
[I 2025-03-22 01:46:39,590] Trial 4 finished with value: 124.37043887206627 and parameters: {'n_units_l0': 1792, 'n_units_l1': 3456, 'n_units_l2': 3776, 'n_units_l3': 2496, 'lr': 0.05659905864297443}. Best is trial 1 with value: 93.12356887457535.
[I 2025-03-22 01:46:39,890] Trial 5 pruned. 
[I 2025-03-22 01:46:44,533] Trial 58 finished with value: 17.579985501923378 and parameters: {'n_units_l0': 3392, 'n_units_l1': 1984, 'n_units_l2': 2624, 'n_units_l3': 2656, 'n_units_l4': 2336, 'n_units_l5': 2080, 'n_units_l6': 3168, 'n_units_l7': 3744, 'n_units_l8': 1920, 'n_units_l9': 4064, 'n_units_l10': 3616, 'n_units_l11': 3424, 'lr': 8.428347604661133e-05}. Best is trial 43 with value: 9.588391507012057.
[I 2025-03-22 01:46:45,694] Trial 59 pruned. 
[I 2025-03-22 01:46:46,811] Trial 60 pruned. 
[I 2025-03-22 01:47:00,274] Trial 6 finished with value: 38.87241568859323 and parameters: {'n_units_l0': 3072, 'n_units_l1': 1760, 'n_units_l2': 224, 'n_units_l3': 2528, 'lr': 0.048644714670359135}. Best is trial 6 with value: 38.87241568859323.
[I 2025-03-22 01:47:00,532] Trial 7 pruned. 
[I 2025-03-22 01:47:01,208] Trial 8 pruned. 
[I 2025-03-22 01:47:01,618] Trial 9 pruned. 
[I 2025-03-22 01:47:02,075] Trial 10 pruned. 
[I 2025-03-22 01:47:02,560] Trial 11 pruned. 
[I 2025-03-22 01:47:22,929] Trial 12 finished with value: 104.09394822852593 and parameters: {'n_units_l0': 1216, 'n_units_l1': 1632, 'n_units_l2': 1600, 'n_units_l3': 2560, 'lr': 0.06912090679073452}. Best is trial 6 with value: 38.87241568859323.
[I 2025-03-22 01:47:43,228] Trial 13 finished with value: 124.37199456463878 and parameters: {'n_units_l0': 2432, 'n_units_l1': 704, 'n_units_l2': 3168, 'n_units_l3': 1792, 'lr': 0.027887815977896892}. Best is trial 6 with value: 38.87241568859323.
[I 2025-03-22 01:47:43,695] Trial 14 pruned. 
[I 2025-03-22 01:47:59,530] Trial 61 finished with value: 25.78123684874047 and parameters: {'n_units_l0': 3808, 'n_units_l1': 1728, 'n_units_l2': 3040, 'n_units_l3': 2656, 'n_units_l4': 2592, 'n_units_l5': 2112, 'n_units_l6': 2368, 'n_units_l7': 3456, 'n_units_l8': 2112, 'n_units_l9': 3840, 'n_units_l10': 3872, 'n_units_l11': 2880, 'lr': 0.0003402041590915621}. Best is trial 43 with value: 9.588391507012057.
[I 2025-03-22 01:48:00,597] Trial 62 pruned. 
[I 2025-03-22 01:48:01,730] Trial 63 pruned. 
[I 2025-03-22 01:48:04,106] Trial 15 finished with value: 124.44108520937104 and parameters: {'n_units_l0': 2752, 'n_units_l1': 1984, 'n_units_l2': 1216, 'n_units_l3': 2944, 'lr': 0.020753062868235014}. Best is trial 6 with value: 38.87241568859323.
[I 2025-03-22 01:48:04,358] Trial 16 pruned. 
[I 2025-03-22 01:48:04,599] Trial 17 pruned. 
[I 2025-03-22 01:48:05,064] Trial 18 pruned. 
[I 2025-03-22 01:48:05,337] Trial 19 pruned. 
[I 2025-03-22 01:48:05,573] Trial 20 pruned. 
[I 2025-03-22 01:48:05,829] Trial 21 pruned. 
[I 2025-03-22 01:48:06,450] Trial 22 pruned. 
[I 2025-03-22 01:48:07,125] Trial 23 pruned. 
[I 2025-03-22 01:48:07,381] Trial 24 pruned. 
[I 2025-03-22 01:48:07,645] Trial 25 pruned. 
[I 2025-03-22 01:48:27,942] Trial 26 finished with value: 38.521701686481926 and parameters: {'n_units_l0': 576, 'n_units_l1': 1824, 'n_units_l2': 384, 'n_units_l3': 2720, 'lr': 0.058589065736076335}. Best is trial 26 with value: 38.521701686481926.
[I 2025-03-22 01:48:28,172] Trial 27 pruned. 
[I 2025-03-22 01:48:48,556] Trial 28 finished with value: 41.59582340870212 and parameters: {'n_units_l0': 736, 'n_units_l1': 2592, 'n_units_l2': 352, 'n_units_l3': 2240, 'lr': 0.0584489998546045}. Best is trial 26 with value: 38.521701686481926.
[I 2025-03-22 01:48:51,379] Trial 64 finished with value: 27.04206545433477 and parameters: {'n_units_l0': 3072, 'n_units_l1': 3136, 'n_units_l2': 32, 'n_units_l3': 2656, 'n_units_l4': 1984, 'n_units_l5': 2400, 'n_units_l6': 3872, 'n_units_l7': 3712, 'n_units_l8': 2432, 'n_units_l9': 1088, 'n_units_l10': 608, 'n_units_l11': 1632, 'lr': 5.675965685442135e-05}. Best is trial 43 with value: 9.588391507012057.
[I 2025-03-22 01:48:52,225] Trial 65 pruned. 
[I 2025-03-22 01:48:53,617] Trial 66 pruned. 
[I 2025-03-22 01:48:54,162] Trial 67 pruned. 
[I 2025-03-22 01:48:55,057] Trial 68 pruned. 
[I 2025-03-22 01:48:55,985] Trial 69 pruned. 
[I 2025-03-22 01:48:56,693] Trial 70 pruned. 
[I 2025-03-22 01:48:57,920] Trial 71 pruned. 
[I 2025-03-22 01:48:59,979] Trial 72 pruned. 
[I 2025-03-22 01:49:01,039] Trial 73 pruned. 
[I 2025-03-22 01:49:02,257] Trial 74 pruned. 
[I 2025-03-22 01:49:08,958] Trial 29 finished with value: 38.583865876329995 and parameters: {'n_units_l0': 480, 'n_units_l1': 2656, 'n_units_l2': 992, 'n_units_l3': 2304, 'lr': 0.055417285006001175}. Best is trial 26 with value: 38.521701686481926.
[I 2025-03-22 01:49:29,283] Trial 30 finished with value: 124.38156575529251 and parameters: {'n_units_l0': 448, 'n_units_l1': 1920, 'n_units_l2': 864, 'n_units_l3': 3584, 'lr': 0.030937890589635808}. Best is trial 26 with value: 38.521701686481926.
[I 2025-03-22 01:49:43,797] Trial 75 finished with value: 18.815766754600798 and parameters: {'n_units_l0': 2752, 'n_units_l1': 1920, 'n_units_l2': 2976, 'n_units_l3': 2240, 'n_units_l4': 1312, 'n_units_l5': 800, 'n_units_l6': 2400, 'n_units_l7': 2848, 'n_units_l8': 1504, 'n_units_l9': 3776, 'n_units_l10': 704, 'n_units_l11': 3712, 'lr': 4.6253358070703004e-05}. Best is trial 43 with value: 9.588391507012057.
[I 2025-03-22 01:49:49,657] Trial 31 finished with value: 124.37099965939504 and parameters: {'n_units_l0': 448, 'n_units_l1': 2656, 'n_units_l2': 448, 'n_units_l3': 2336, 'lr': 0.058371338084515674}. Best is trial 26 with value: 38.521701686481926.
[I 2025-03-22 01:49:49,999] Trial 32 pruned. 
[I 2025-03-22 01:49:50,430] Trial 33 pruned. 
[I 2025-03-22 01:49:50,662] Trial 34 pruned. 
[I 2025-03-22 01:49:50,918] Trial 35 pruned. 
[I 2025-03-22 01:50:11,249] Trial 36 finished with value: 41.556363460491845 and parameters: {'n_units_l0': 2688, 'n_units_l1': 2784, 'n_units_l2': 224, 'n_units_l3': 2752, 'lr': 0.052626886332031}. Best is trial 26 with value: 38.521701686481926.
[I 2025-03-22 01:50:25,790] Trial 76 finished with value: 13.124199380871506 and parameters: {'n_units_l0': 2688, 'n_units_l1': 2336, 'n_units_l2': 2880, 'n_units_l3': 2272, 'n_units_l4': 1312, 'n_units_l5': 608, 'n_units_l6': 2464, 'n_units_l7': 2784, 'n_units_l8': 1504, 'n_units_l9': 3616, 'n_units_l10': 672, 'n_units_l11': 4096, 'lr': 0.0001532182606885253}. Best is trial 43 with value: 9.588391507012057.
[I 2025-03-22 01:50:26,614] Trial 77 pruned. 
[I 2025-03-22 01:50:27,298] Trial 78 pruned. 
[I 2025-03-22 01:50:28,149] Trial 79 pruned. 
[I 2025-03-22 01:50:28,958] Trial 80 pruned. 
[I 2025-03-22 01:50:31,563] Trial 37 finished with value: 37.64419102698355 and parameters: {'n_units_l0': 2656, 'n_units_l1': 2816, 'n_units_l2': 224, 'n_units_l3': 2784, 'lr': 0.0513759750193584}. Best is trial 37 with value: 37.64419102698355.
[I 2025-03-22 01:50:31,815] Trial 38 pruned. 
[I 2025-03-22 01:50:52,369] Trial 39 finished with value: 36.88861949985364 and parameters: {'n_units_l0': 3072, 'n_units_l1': 3296, 'n_units_l2': 672, 'n_units_l3': 3328, 'lr': 0.046969513164787}. Best is trial 39 with value: 36.88861949985364.
[I 2025-03-22 01:50:52,643] Trial 40 pruned. 
[I 2025-03-22 01:50:52,902] Trial 41 pruned. 
[I 2025-03-22 01:50:53,221] Trial 42 pruned. 
[I 2025-03-22 01:50:53,578] Trial 43 pruned. 
[I 2025-03-22 01:50:53,854] Trial 44 pruned. 
[I 2025-03-22 01:50:54,134] Trial 45 pruned. 
[I 2025-03-22 01:50:54,428] Trial 46 pruned. 
[I 2025-03-22 01:50:54,689] Trial 47 pruned. 
[I 2025-03-22 01:50:54,943] Trial 48 pruned. 
[I 2025-03-22 01:50:55,328] Trial 49 pruned. 
[I 2025-03-22 01:50:55,568] Trial 50 pruned. 
[I 2025-03-22 01:50:55,824] Trial 51 pruned. 
[I 2025-03-22 01:50:56,077] Trial 52 pruned. 
[I 2025-03-22 01:50:56,354] Trial 53 pruned. 
[I 2025-03-22 01:50:56,589] Trial 54 pruned. 
[I 2025-03-22 01:50:57,032] Trial 55 pruned. 
