[I 2025-03-22 00:33:40,053] Trial 90 finished with value: 37.44569603891686 and parameters: {'n_units_l0': 32, 'n_units_l1': 2208, 'n_units_l2': 832, 'n_units_l3': 3520, 'n_units_l4': 128, 'n_units_l5': 3872, 'n_units_l6': 2016, 'lr': 0.0024760435731910327}. Best is trial 13 with value: 33.657511314459605.
[I 2025-03-22 00:33:50,009] Trial 91 finished with value: 38.87791971884811 and parameters: {'n_units_l0': 160, 'n_units_l1': 2080, 'n_units_l2': 704, 'n_units_l3': 3552, 'n_units_l4': 128, 'n_units_l5': 3872, 'n_units_l6': 2208, 'lr': 0.002445636948008389}. Best is trial 13 with value: 33.657511314459605.
[I 2025-03-22 00:33:59,924] Trial 92 finished with value: 38.91012654659464 and parameters: {'n_units_l0': 32, 'n_units_l1': 2240, 'n_units_l2': 736, 'n_units_l3': 3520, 'n_units_l4': 128, 'n_units_l5': 3872, 'n_units_l6': 1952, 'lr': 0.002388683676897636}. Best is trial 13 with value: 33.657511314459605.
[I 2025-03-22 00:34:02,508] Trial 11 finished with value: 37.465710915547646 and parameters: {'n_units_l0': 1536, 'n_units_l1': 3744, 'n_units_l2': 2944, 'n_units_l3': 2752, 'n_units_l4': 3968, 'n_units_l5': 2624, 'n_units_l6': 704, 'n_units_l7': 2784, 'lr': 0.0020468748170196843}. Best is trial 10 with value: 37.2666432465932.
[I 2025-03-22 00:34:09,953] Trial 93 finished with value: 40.380790891155854 and parameters: {'n_units_l0': 96, 'n_units_l1': 2240, 'n_units_l2': 800, 'n_units_l3': 3584, 'n_units_l4': 160, 'n_units_l5': 3904, 'n_units_l6': 2048, 'lr': 0.004973451680665632}. Best is trial 13 with value: 33.657511314459605.
[I 2025-03-22 00:34:10,154] Trial 94 pruned. 
[I 2025-03-22 00:34:10,356] Trial 95 pruned. 
[I 2025-03-22 00:34:10,553] Trial 96 pruned. 
[I 2025-03-22 00:34:11,634] Trial 97 pruned. 
[I 2025-03-22 00:34:11,840] Trial 98 pruned. 
[I 2025-03-22 00:34:13,945] Trial 99 pruned. 
[I 2025-03-22 00:34:13,970] A new study created in memory with name: no-name-72aa0d5c-1b81-42b6-b526-d460bf280ec1
[I 2025-03-22 00:34:31,352] Trial 12 finished with value: 39.80483919964511 and parameters: {'n_units_l0': 1376, 'n_units_l1': 3840, 'n_units_l2': 2944, 'n_units_l3': 2560, 'n_units_l4': 4096, 'n_units_l5': 2560, 'n_units_l6': 1472, 'n_units_l7': 2816, 'lr': 0.0028766507259844684}. Best is trial 10 with value: 37.2666432465932.
[I 2025-03-22 00:34:32,134] Trial 13 pruned. 
[I 2025-03-22 00:34:32,683] Trial 14 pruned. 
[I 2025-03-22 00:34:33,290] Trial 15 pruned. 
[I 2025-03-22 00:34:33,915] Trial 16 pruned. 
[I 2025-03-22 00:34:34,777] Trial 17 pruned. 
[I 2025-03-22 00:34:35,146] Trial 18 pruned. 
[I 2025-03-22 00:34:40,408] Trial 0 finished with value: 125.16160004440538 and parameters: {'n_units_l0': 1568, 'n_units_l1': 2976, 'n_units_l2': 2368, 'n_units_l3': 3616, 'n_units_l4': 3584, 'n_units_l5': 352, 'n_units_l6': 2272, 'n_units_l7': 2336, 'n_units_l8': 2976, 'lr': 0.024437260106044106}. Best is trial 0 with value: 125.16160004440538.
[I 2025-03-22 00:35:00,510] Trial 19 finished with value: 19.415468707649723 and parameters: {'n_units_l0': 2560, 'n_units_l1': 3392, 'n_units_l2': 3424, 'n_units_l3': 2400, 'n_units_l4': 1760, 'n_units_l5': 3168, 'n_units_l6': 1792, 'n_units_l7': 448, 'lr': 0.00035694545592473547}. Best is trial 19 with value: 19.415468707649723.
[I 2025-03-22 00:35:01,082] Trial 20 pruned. 
[I 2025-03-22 00:35:10,139] Trial 21 pruned. 
[I 2025-03-22 00:35:10,569] Trial 22 pruned. 
[I 2025-03-22 00:35:11,160] Trial 23 pruned. 
[I 2025-03-22 00:35:12,132] Trial 24 pruned. 
[I 2025-03-22 00:35:12,535] Trial 25 pruned. 
[I 2025-03-22 00:35:12,820] Trial 26 pruned. 
[I 2025-03-22 00:35:13,359] Trial 27 pruned. 
[I 2025-03-22 00:35:13,690] Trial 1 finished with value: 125.15759479894048 and parameters: {'n_units_l0': 2272, 'n_units_l1': 2048, 'n_units_l2': 3616, 'n_units_l3': 1952, 'n_units_l4': 1632, 'n_units_l5': 3616, 'n_units_l6': 3104, 'n_units_l7': 3616, 'n_units_l8': 2912, 'lr': 0.014047875777213024}. Best is trial 1 with value: 125.15759479894048.
[I 2025-03-22 00:35:14,195] Trial 28 pruned. 
[I 2025-03-22 00:35:14,812] Trial 29 pruned. 
[I 2025-03-22 00:35:15,386] Trial 30 pruned. 
[I 2025-03-22 00:35:16,534] Trial 31 pruned. 
[I 2025-03-22 00:35:34,432] Trial 32 pruned. 
[I 2025-03-22 00:35:34,882] Trial 33 pruned. 
[I 2025-03-22 00:35:35,509] Trial 34 pruned. 
[I 2025-03-22 00:35:35,995] Trial 35 pruned. 
[I 2025-03-22 00:35:36,207] Trial 2 finished with value: 125.146890031615 and parameters: {'n_units_l0': 3808, 'n_units_l1': 1984, 'n_units_l2': 4000, 'n_units_l3': 3648, 'n_units_l4': 160, 'n_units_l5': 1280, 'n_units_l6': 3584, 'n_units_l7': 1056, 'n_units_l8': 32, 'lr': 0.08246962334958569}. Best is trial 2 with value: 125.146890031615.
[I 2025-03-22 00:35:36,399] Trial 36 pruned. 
[I 2025-03-22 00:35:36,791] Trial 37 pruned. 
[I 2025-03-22 00:35:37,486] Trial 38 pruned. 
[I 2025-03-22 00:35:37,904] Trial 39 pruned. 
[I 2025-03-22 00:35:38,254] Trial 40 pruned. 
[I 2025-03-22 00:35:39,187] Trial 41 pruned. 
[I 2025-03-22 00:35:39,915] Trial 42 pruned. 
[I 2025-03-22 00:35:40,238] Trial 43 pruned. 
[I 2025-03-22 00:35:40,755] Trial 44 pruned. 
[I 2025-03-22 00:35:41,214] Trial 45 pruned. 
[I 2025-03-22 00:35:41,608] Trial 46 pruned. 
[I 2025-03-22 00:35:41,997] Trial 47 pruned. 
[I 2025-03-22 00:35:50,557] Trial 3 finished with value: 125.13910237778481 and parameters: {'n_units_l0': 1120, 'n_units_l1': 2656, 'n_units_l2': 1696, 'n_units_l3': 3072, 'n_units_l4': 864, 'n_units_l5': 2976, 'n_units_l6': 1408, 'n_units_l7': 64, 'n_units_l8': 384, 'lr': 0.006398320318649467}. Best is trial 3 with value: 125.13910237778481.
[I 2025-03-22 00:36:00,571] Trial 48 finished with value: 24.829575342348857 and parameters: {'n_units_l0': 704, 'n_units_l1': 2208, 'n_units_l2': 1248, 'n_units_l3': 2400, 'n_units_l4': 2400, 'n_units_l5': 2784, 'n_units_l6': 1696, 'n_units_l7': 3872, 'lr': 0.0006127786229567954}. Best is trial 19 with value: 19.415468707649723.
[I 2025-03-22 00:36:00,844] Trial 49 pruned. 
[I 2025-03-22 00:36:01,474] Trial 50 pruned. 
[I 2025-03-22 00:36:06,869] Trial 51 pruned. 
[I 2025-03-22 00:36:07,268] Trial 52 pruned. 
[I 2025-03-22 00:36:07,587] Trial 53 pruned. 
[I 2025-03-22 00:36:07,867] Trial 54 pruned. 
[I 2025-03-22 00:36:08,396] Trial 55 pruned. 
[I 2025-03-22 00:36:08,888] Trial 56 pruned. 
[I 2025-03-22 00:36:09,485] Trial 57 pruned. 
[I 2025-03-22 00:36:10,320] Trial 58 pruned. 
[I 2025-03-22 00:36:10,668] Trial 59 pruned. 
[I 2025-03-22 00:36:11,010] Trial 60 pruned. 
[I 2025-03-22 00:36:11,250] Trial 61 pruned. 
[I 2025-03-22 00:36:11,520] Trial 62 pruned. 
[I 2025-03-22 00:36:12,122] Trial 63 pruned. 
[I 2025-03-22 00:36:12,515] Trial 64 pruned. 
[I 2025-03-22 00:36:12,978] Trial 65 pruned. 
[I 2025-03-22 00:36:13,458] Trial 66 pruned. 
[I 2025-03-22 00:36:13,726] Trial 67 pruned. 
[I 2025-03-22 00:36:14,258] Trial 4 finished with value: 126.37373888213332 and parameters: {'n_units_l0': 3520, 'n_units_l1': 2624, 'n_units_l2': 2656, 'n_units_l3': 1408, 'n_units_l4': 1920, 'n_units_l5': 3040, 'n_units_l6': 448, 'n_units_l7': 3136, 'n_units_l8': 3232, 'lr': 0.04206872781610854}. Best is trial 3 with value: 125.13910237778481.
[I 2025-03-22 00:36:14,280] Trial 68 pruned. 
[I 2025-03-22 00:36:14,918] Trial 69 pruned. 
[I 2025-03-22 00:36:15,399] Trial 70 pruned. 
[I 2025-03-22 00:36:15,672] Trial 71 pruned. 
[I 2025-03-22 00:36:16,064] Trial 72 pruned. 
[I 2025-03-22 00:36:16,540] Trial 73 pruned. 
[I 2025-03-22 00:36:17,092] Trial 74 pruned. 
[I 2025-03-22 00:36:17,361] Trial 75 pruned. 
[I 2025-03-22 00:36:17,927] Trial 76 pruned. 
[I 2025-03-22 00:36:18,937] Trial 77 pruned. 
[I 2025-03-22 00:36:19,345] Trial 78 pruned. 
[I 2025-03-22 00:36:19,706] Trial 79 pruned. 
[I 2025-03-22 00:36:20,177] Trial 80 pruned. 
[I 2025-03-22 00:36:20,711] Trial 81 pruned. 
[I 2025-03-22 00:36:21,061] Trial 82 pruned. 
[I 2025-03-22 00:36:21,374] Trial 83 pruned. 
[I 2025-03-22 00:36:21,802] Trial 84 pruned. 
[I 2025-03-22 00:36:22,575] Trial 85 pruned. 
[I 2025-03-22 00:36:22,839] Trial 86 pruned. 
[I 2025-03-22 00:36:23,262] Trial 87 pruned. 
[I 2025-03-22 00:36:23,860] Trial 88 pruned. 
[I 2025-03-22 00:36:24,295] Trial 89 pruned. 
[I 2025-03-22 00:36:24,979] Trial 90 pruned. 
[I 2025-03-22 00:36:25,400] Trial 91 pruned. 
[I 2025-03-22 00:36:26,424] Trial 92 pruned. 
[I 2025-03-22 00:36:26,979] Trial 93 pruned. 
[I 2025-03-22 00:36:27,265] Trial 94 pruned. 
[I 2025-03-22 00:36:27,841] Trial 95 pruned. 
[I 2025-03-22 00:36:28,156] Trial 96 pruned. 
[I 2025-03-22 00:36:28,863] Trial 5 finished with value: 125.1397111129165 and parameters: {'n_units_l0': 1568, 'n_units_l1': 224, 'n_units_l2': 3744, 'n_units_l3': 1088, 'n_units_l4': 3712, 'n_units_l5': 256, 'n_units_l6': 2688, 'n_units_l7': 2496, 'n_units_l8': 2176, 'lr': 0.015314555277038244}. Best is trial 3 with value: 125.13910237778481.
[I 2025-03-22 00:36:29,508] Trial 6 pruned. 
[I 2025-03-22 00:36:29,854] Trial 7 pruned. 
[I 2025-03-22 00:36:30,458] Trial 8 pruned. 
[I 2025-03-22 00:36:30,958] Trial 9 pruned. 
[I 2025-03-22 00:36:31,138] Trial 10 pruned. 
[I 2025-03-22 00:36:44,148] Trial 97 finished with value: 43.326265846617254 and parameters: {'n_units_l0': 64, 'n_units_l1': 1664, 'n_units_l2': 2656, 'n_units_l3': 800, 'n_units_l4': 2848, 'n_units_l5': 2752, 'n_units_l6': 1664, 'n_units_l7': 3008, 'lr': 0.0038033258237454683}. Best is trial 19 with value: 19.415468707649723.
[I 2025-03-22 00:36:44,672] Trial 98 pruned. 
[I 2025-03-22 00:36:45,047] Trial 11 finished with value: 20.328756014671505 and parameters: {'n_units_l0': 704, 'n_units_l1': 256, 'n_units_l2': 3136, 'n_units_l3': 800, 'n_units_l4': 3904, 'n_units_l5': 2080, 'n_units_l6': 1344, 'n_units_l7': 1312, 'n_units_l8': 1216, 'lr': 0.0004916552938043911}. Best is trial 11 with value: 20.328756014671505.
[I 2025-03-22 00:36:45,136] Trial 99 pruned. 
[I 2025-03-22 00:36:45,161] A new study created in memory with name: no-name-19dc4650-dc17-4541-9213-53fb7901bb78
[I 2025-03-22 00:36:45,440] Trial 12 pruned. 
[I 2025-03-22 00:36:56,241] Trial 13 finished with value: 125.22663027491811 and parameters: {'n_units_l0': 736, 'n_units_l1': 1280, 'n_units_l2': 3136, 'n_units_l3': 512, 'n_units_l4': 32, 'n_units_l5': 2144, 'n_units_l6': 1440, 'n_units_l7': 32, 'n_units_l8': 992, 'lr': 0.002881496302852136}. Best is trial 11 with value: 20.328756014671505.
[I 2025-03-22 00:36:57,197] Trial 14 pruned. 
[I 2025-03-22 00:36:57,504] Trial 15 pruned. 
[I 2025-03-22 00:36:57,752] Trial 16 pruned. 
[I 2025-03-22 00:36:58,041] Trial 17 pruned. 
[I 2025-03-22 00:37:11,462] Trial 0 finished with value: 124.95850674319577 and parameters: {'n_units_l0': 3776, 'n_units_l1': 2144, 'n_units_l2': 3520, 'n_units_l3': 544, 'n_units_l4': 2848, 'n_units_l5': 3904, 'n_units_l6': 640, 'n_units_l7': 928, 'n_units_l8': 3584, 'n_units_l9': 2816, 'lr': 0.014721742854554104}. Best is trial 0 with value: 124.95850674319577.
[I 2025-03-22 00:37:18,323] Trial 18 finished with value: 44.12267622185647 and parameters: {'n_units_l0': 1280, 'n_units_l1': 2208, 'n_units_l2': 3296, 'n_units_l3': 3008, 'n_units_l4': 1440, 'n_units_l5': 2592, 'n_units_l6': 864, 'n_units_l7': 1728, 'n_units_l8': 1408, 'lr': 0.001213396574140357}. Best is trial 11 with value: 20.328756014671505.
[I 2025-03-22 00:37:18,553] Trial 19 pruned. 
[I 2025-03-22 00:37:24,118] Trial 1 finished with value: 43.73436903916396 and parameters: {'n_units_l0': 2880, 'n_units_l1': 448, 'n_units_l2': 1312, 'n_units_l3': 864, 'n_units_l4': 3072, 'n_units_l5': 1216, 'n_units_l6': 1312, 'n_units_l7': 640, 'n_units_l8': 2752, 'n_units_l9': 1696, 'lr': 0.00171296403010794}. Best is trial 1 with value: 43.73436903916396.
[I 2025-03-22 00:37:36,099] Trial 20 finished with value: 33.76170404325979 and parameters: {'n_units_l0': 1920, 'n_units_l1': 1952, 'n_units_l2': 2720, 'n_units_l3': 2304, 'n_units_l4': 1760, 'n_units_l5': 2464, 'n_units_l6': 512, 'n_units_l7': 1824, 'n_units_l8': 1408, 'lr': 0.0002891942849505627}. Best is trial 11 with value: 20.328756014671505.
[I 2025-03-22 00:37:36,446] Trial 21 pruned. 
[I 2025-03-22 00:37:36,793] Trial 22 pruned. 
[I 2025-03-22 00:37:37,131] Trial 23 pruned. 
[I 2025-03-22 00:37:37,501] Trial 24 pruned. 
[I 2025-03-22 00:37:38,588] Trial 25 pruned. 
[I 2025-03-22 00:37:38,918] Trial 26 pruned. 
[I 2025-03-22 00:37:39,185] Trial 27 pruned. 
[I 2025-03-22 00:37:39,647] Trial 28 pruned. 
[I 2025-03-22 00:37:40,060] Trial 29 pruned. 
[I 2025-03-22 00:37:40,516] Trial 30 pruned. 
[I 2025-03-22 00:37:40,778] Trial 31 pruned. 
[I 2025-03-22 00:37:41,133] Trial 32 pruned. 
[I 2025-03-22 00:37:41,615] Trial 33 pruned. 
[I 2025-03-22 00:37:49,420] Trial 2 finished with value: inf and parameters: {'n_units_l0': 2848, 'n_units_l1': 1920, 'n_units_l2': 3872, 'n_units_l3': 2400, 'n_units_l4': 3328, 'n_units_l5': 1344, 'n_units_l6': 3008, 'n_units_l7': 512, 'n_units_l8': 3392, 'n_units_l9': 736, 'lr': 0.08430187643242239}. Best is trial 1 with value: 43.73436903916396.
[I 2025-03-22 00:38:06,203] Trial 34 finished with value: 20.643015974204655 and parameters: {'n_units_l0': 1888, 'n_units_l1': 2144, 'n_units_l2': 2272, 'n_units_l3': 3296, 'n_units_l4': 704, 'n_units_l5': 2784, 'n_units_l6': 2144, 'n_units_l7': 4096, 'n_units_l8': 1568, 'lr': 7.608423399073957e-05}. Best is trial 11 with value: 20.328756014671505.
[I 2025-03-22 00:38:06,644] Trial 35 pruned. 
[I 2025-03-22 00:38:07,119] Trial 36 pruned. 
[I 2025-03-22 00:38:07,655] Trial 37 pruned. 
[I 2025-03-22 00:38:08,104] Trial 38 pruned. 
[I 2025-03-22 00:38:08,633] Trial 39 pruned. 
[I 2025-03-22 00:38:08,980] Trial 40 pruned. 
[I 2025-03-22 00:38:09,354] Trial 41 pruned. 
[I 2025-03-22 00:38:09,668] Trial 42 pruned. 
[I 2025-03-22 00:38:09,849] Trial 3 finished with value: 124.96754522150214 and parameters: {'n_units_l0': 2752, 'n_units_l1': 2432, 'n_units_l2': 3296, 'n_units_l3': 1312, 'n_units_l4': 3232, 'n_units_l5': 704, 'n_units_l6': 2464, 'n_units_l7': 1280, 'n_units_l8': 3456, 'n_units_l9': 32, 'lr': 0.07478856810320009}. Best is trial 1 with value: 43.73436903916396.
[I 2025-03-22 00:38:10,028] Trial 43 pruned. 
[I 2025-03-22 00:38:10,547] Trial 44 pruned. 
[I 2025-03-22 00:38:21,478] Trial 45 finished with value: 58.563107543659356 and parameters: {'n_units_l0': 1056, 'n_units_l1': 2720, 'n_units_l2': 864, 'n_units_l3': 3520, 'n_units_l4': 192, 'n_units_l5': 2560, 'n_units_l6': 1664, 'n_units_l7': 288, 'n_units_l8': 928, 'lr': 0.0007321101560355448}. Best is trial 11 with value: 20.328756014671505.
[I 2025-03-22 00:38:21,687] Trial 46 pruned. 
[I 2025-03-22 00:38:37,702] Trial 47 finished with value: 25.538742870666407 and parameters: {'n_units_l0': 960, 'n_units_l1': 3776, 'n_units_l2': 128, 'n_units_l3': 3936, 'n_units_l4': 224, 'n_units_l5': 2304, 'n_units_l6': 2080, 'n_units_l7': 4096, 'n_units_l8': 1600, 'lr': 0.00020114252942377773}. Best is trial 11 with value: 20.328756014671505.
[I 2025-03-22 00:38:38,200] Trial 48 pruned. 
[I 2025-03-22 00:38:38,557] Trial 49 pruned. 
[I 2025-03-22 00:38:39,171] Trial 50 pruned. 
[I 2025-03-22 00:38:39,372] Trial 4 finished with value: 43.976260853556845 and parameters: {'n_units_l0': 288, 'n_units_l1': 3712, 'n_units_l2': 3680, 'n_units_l3': 3104, 'n_units_l4': 3072, 'n_units_l5': 896, 'n_units_l6': 2848, 'n_units_l7': 1440, 'n_units_l8': 1824, 'n_units_l9': 3104, 'lr': 0.00965822495771099}. Best is trial 1 with value: 43.73436903916396.
[I 2025-03-22 00:38:39,834] Trial 5 pruned. 
[I 2025-03-22 00:38:40,340] Trial 6 pruned. 
[I 2025-03-22 00:38:40,816] Trial 7 pruned. 
[I 2025-03-22 00:38:47,147] Trial 51 pruned. 
[I 2025-03-22 00:38:47,452] Trial 52 pruned. 
[I 2025-03-22 00:38:47,707] Trial 53 pruned. 
[I 2025-03-22 00:38:47,949] Trial 54 pruned. 
[I 2025-03-22 00:38:48,271] Trial 55 pruned. 
[I 2025-03-22 00:38:48,823] Trial 56 pruned. 
[I 2025-03-22 00:38:49,047] Trial 57 pruned. 
[I 2025-03-22 00:38:49,311] Trial 58 pruned. 
[I 2025-03-22 00:38:49,641] Trial 59 pruned. 
[I 2025-03-22 00:38:50,014] Trial 60 pruned. 
[I 2025-03-22 00:38:50,232] Trial 61 pruned. 
[I 2025-03-22 00:38:50,559] Trial 62 pruned. 
[I 2025-03-22 00:38:56,399] Trial 63 pruned. 
[I 2025-03-22 00:38:56,676] Trial 64 pruned. 
[I 2025-03-22 00:38:57,033] Trial 65 pruned. 
[I 2025-03-22 00:38:57,244] Trial 66 pruned. 
[I 2025-03-22 00:38:57,585] Trial 67 pruned. 
[I 2025-03-22 00:38:58,324] Trial 68 pruned. 
[I 2025-03-22 00:38:58,678] Trial 69 pruned. 
[I 2025-03-22 00:38:58,912] Trial 70 pruned. 
[I 2025-03-22 00:38:59,518] Trial 71 pruned. 
[I 2025-03-22 00:39:03,397] Trial 8 finished with value: 124.98667784455535 and parameters: {'n_units_l0': 3968, 'n_units_l1': 64, 'n_units_l2': 2880, 'n_units_l3': 64, 'n_units_l4': 64, 'n_units_l5': 3072, 'n_units_l6': 3008, 'n_units_l7': 3200, 'n_units_l8': 2912, 'n_units_l9': 3136, 'lr': 0.0012832843658065595}. Best is trial 1 with value: 43.73436903916396.
[I 2025-03-22 00:39:03,931] Trial 9 pruned. 
[I 2025-03-22 00:39:04,155] Trial 10 pruned. 
[I 2025-03-22 00:39:08,401] Trial 72 pruned. 
[I 2025-03-22 00:39:08,827] Trial 73 pruned. 
[I 2025-03-22 00:39:09,042] Trial 74 pruned. 
[I 2025-03-22 00:39:09,440] Trial 75 pruned. 
[I 2025-03-22 00:39:09,727] Trial 76 pruned. 
[I 2025-03-22 00:39:10,031] Trial 77 pruned. 
[I 2025-03-22 00:39:10,257] Trial 78 pruned. 
[I 2025-03-22 00:39:10,708] Trial 79 pruned. 
[I 2025-03-22 00:39:10,981] Trial 80 pruned. 
[I 2025-03-22 00:39:11,379] Trial 81 pruned. 
[I 2025-03-22 00:39:11,872] Trial 82 pruned. 
[I 2025-03-22 00:39:12,607] Trial 83 pruned. 
[I 2025-03-22 00:39:13,003] Trial 84 pruned. 
[I 2025-03-22 00:39:13,236] Trial 85 pruned. 
[I 2025-03-22 00:39:13,815] Trial 86 pruned. 
[I 2025-03-22 00:39:14,007] Trial 87 pruned. 
[I 2025-03-22 00:39:14,495] Trial 88 pruned. 
[I 2025-03-22 00:39:14,798] Trial 89 pruned. 
[I 2025-03-22 00:39:15,303] Trial 90 pruned. 
[I 2025-03-22 00:39:16,006] Trial 91 pruned. 
[I 2025-03-22 00:39:16,691] Trial 92 pruned. 
[I 2025-03-22 00:39:17,265] Trial 93 pruned. 
[I 2025-03-22 00:39:20,274] Trial 11 finished with value: 37.33873090075208 and parameters: {'n_units_l0': 1472, 'n_units_l1': 928, 'n_units_l2': 1376, 'n_units_l3': 3328, 'n_units_l4': 1760, 'n_units_l5': 1760, 'n_units_l6': 1120, 'n_units_l7': 64, 'n_units_l8': 1824, 'n_units_l9': 3872, 'lr': 0.0008187225854888501}. Best is trial 11 with value: 37.33873090075208.
[I 2025-03-22 00:39:21,065] Trial 12 pruned. 
[I 2025-03-22 00:39:27,246] Trial 94 pruned. 
[I 2025-03-22 00:39:27,777] Trial 95 pruned. 
[I 2025-03-22 00:39:28,465] Trial 96 pruned. 
[I 2025-03-22 00:39:29,093] Trial 97 pruned. 
[I 2025-03-22 00:39:29,452] Trial 98 pruned. 
[I 2025-03-22 00:39:29,978] Trial 99 pruned. 
[I 2025-03-22 00:39:30,003] A new study created in memory with name: no-name-2c9a9d03-5b76-4c7d-a9d4-a18d69ccb3a2
[I 2025-03-22 00:39:32,340] Trial 13 finished with value: 32.84220541619635 and parameters: {'n_units_l0': 2112, 'n_units_l1': 1088, 'n_units_l2': 32, 'n_units_l3': 1856, 'n_units_l4': 960, 'n_units_l5': 2144, 'n_units_l6': 960, 'n_units_l7': 800, 'n_units_l8': 2368, 'n_units_l9': 1216, 'lr': 0.00012428160413939515}. Best is trial 13 with value: 32.84220541619635.
[I 2025-03-22 00:39:32,529] Trial 14 pruned. 
[I 2025-03-22 00:39:32,834] Trial 15 pruned. 
[I 2025-03-22 00:39:33,169] Trial 16 pruned. 
[I 2025-03-22 00:39:33,540] Trial 17 pruned. 
[I 2025-03-22 00:39:47,493] Trial 18 finished with value: 24.186573575502866 and parameters: {'n_units_l0': 1280, 'n_units_l1': 640, 'n_units_l2': 1824, 'n_units_l3': 2176, 'n_units_l4': 1696, 'n_units_l5': 2432, 'n_units_l6': 544, 'n_units_l7': 1664, 'n_units_l8': 1408, 'n_units_l9': 1280, 'lr': 0.00011734610006175483}. Best is trial 18 with value: 24.186573575502866.
[I 2025-03-22 00:39:47,713] Trial 19 pruned. 
[I 2025-03-22 00:39:48,288] Trial 20 pruned. 
[I 2025-03-22 00:39:51,715] Trial 0 finished with value: 126.92540426487845 and parameters: {'n_units_l0': 3328, 'n_units_l1': 3488, 'n_units_l2': 1376, 'n_units_l3': 160, 'n_units_l4': 3488, 'n_units_l5': 736, 'n_units_l6': 1440, 'n_units_l7': 2528, 'n_units_l8': 1504, 'n_units_l9': 2464, 'n_units_l10': 2624, 'lr': 0.006136154097357826}. Best is trial 0 with value: 126.92540426487845.
[I 2025-03-22 00:40:02,827] Trial 21 finished with value: 36.41761755807059 and parameters: {'n_units_l0': 1152, 'n_units_l1': 960, 'n_units_l2': 1728, 'n_units_l3': 2304, 'n_units_l4': 1600, 'n_units_l5': 2144, 'n_units_l6': 1024, 'n_units_l7': 1344, 'n_units_l8': 1632, 'n_units_l9': 1376, 'lr': 0.00622204170438983}. Best is trial 18 with value: 24.186573575502866.
[I 2025-03-22 00:40:03,122] Trial 22 pruned. 
[I 2025-03-22 00:40:03,436] Trial 23 pruned. 
[I 2025-03-22 00:40:03,677] Trial 24 pruned. 
[I 2025-03-22 00:40:03,958] Trial 25 pruned. 
[I 2025-03-22 00:40:08,767] Trial 1 finished with value: 126.85514330603047 and parameters: {'n_units_l0': 96, 'n_units_l1': 768, 'n_units_l2': 128, 'n_units_l3': 3776, 'n_units_l4': 3392, 'n_units_l5': 2336, 'n_units_l6': 416, 'n_units_l7': 3520, 'n_units_l8': 352, 'n_units_l9': 3584, 'n_units_l10': 320, 'lr': 0.04114874251498067}. Best is trial 1 with value: 126.85514330603047.
[I 2025-03-22 00:40:20,203] Trial 26 finished with value: 38.372623334612165 and parameters: {'n_units_l0': 1440, 'n_units_l1': 1440, 'n_units_l2': 2528, 'n_units_l3': 2656, 'n_units_l4': 224, 'n_units_l5': 3424, 'n_units_l6': 1984, 'n_units_l7': 832, 'n_units_l8': 2560, 'n_units_l9': 480, 'lr': 0.0017514871613237126}. Best is trial 18 with value: 24.186573575502866.
[I 2025-03-22 00:40:20,496] Trial 27 pruned. 
[I 2025-03-22 00:40:20,924] Trial 28 pruned. 
[I 2025-03-22 00:40:21,285] Trial 29 pruned. 
[I 2025-03-22 00:40:21,612] Trial 30 pruned. 
[I 2025-03-22 00:40:27,067] Trial 2 finished with value: 126.84494432824052 and parameters: {'n_units_l0': 2272, 'n_units_l1': 2592, 'n_units_l2': 4096, 'n_units_l3': 512, 'n_units_l4': 2016, 'n_units_l5': 2656, 'n_units_l6': 288, 'n_units_l7': 736, 'n_units_l8': 3584, 'n_units_l9': 224, 'n_units_l10': 1088, 'lr': 0.07312973719201935}. Best is trial 2 with value: 126.84494432824052.
