[I 2025-03-23 13:18:11,612] Trial 62 finished with value: 125.19263737362269 and parameters: {'n_units_l0': 3648, 'n_units_l1': 3904, 'n_units_l2': 2016, 'n_units_l3': 1440, 'n_units_l4': 1568, 'n_units_l5': 1120, 'n_units_l6': 160, 'n_units_l7': 2304, 'n_units_l8': 1728, 'n_units_l9': 2528, 'n_units_l10': 2240, 'lr': 0.004062135035415665}. Best is trial 51 with value: 4.898314042115466.
[I 2025-03-23 13:18:17,401] Trial 63 pruned. 
[I 2025-03-23 13:25:52,127] Trial 64 finished with value: 4.977466871977228 and parameters: {'n_units_l0': 2272, 'n_units_l1': 1888, 'n_units_l2': 2208, 'n_units_l3': 960, 'n_units_l4': 800, 'n_units_l5': 736, 'n_units_l6': 1280, 'n_units_l7': 1792, 'n_units_l8': 2336, 'n_units_l9': 2144, 'n_units_l10': 2432, 'lr': 0.00037010940466619457}. Best is trial 51 with value: 4.898314042115466.
[I 2025-03-23 13:26:06,372] Trial 65 pruned. 
[I 2025-03-23 13:26:11,886] Trial 66 pruned. 
[I 2025-03-23 13:26:16,856] Trial 67 pruned. 
[I 2025-03-23 13:26:24,002] Trial 68 pruned. 
[I 2025-03-23 13:26:34,214] Trial 69 pruned. 
[I 2025-03-23 13:26:37,689] Trial 7 finished with value: inf and parameters: {'n_units_l0': 2944, 'n_units_l1': 1984, 'n_units_l2': 3168, 'n_units_l3': 3168, 'n_units_l4': 1664, 'n_units_l5': 256, 'n_units_l6': 448, 'n_units_l7': 544, 'n_units_l8': 2656, 'n_units_l9': 1792, 'n_units_l10': 192, 'n_units_l11': 672, 'lr': 0.0904016124726647}. Best is trial 1 with value: 17.74899736308206.
[I 2025-03-23 13:26:45,965] Trial 70 pruned. 
[I 2025-03-23 13:26:51,999] Trial 71 pruned. 
[I 2025-03-23 13:26:56,868] Trial 72 pruned. 
[I 2025-03-23 13:36:29,823] Trial 8 finished with value: inf and parameters: {'n_units_l0': 3744, 'n_units_l1': 3456, 'n_units_l2': 1440, 'n_units_l3': 1312, 'n_units_l4': 2944, 'n_units_l5': 2112, 'n_units_l6': 128, 'n_units_l7': 1632, 'n_units_l8': 1440, 'n_units_l9': 3008, 'n_units_l10': 1120, 'n_units_l11': 1120, 'lr': 0.08274082904271315}. Best is trial 1 with value: 17.74899736308206.
/trinity/home/fisheye/.local/lib/python3.9/site-packages/numpy/lib/function_base.py:4527: RuntimeWarning: invalid value encountered in subtract
  diff_b_a = subtract(b, a)
[I 2025-03-23 13:37:51,517] Trial 73 finished with value: 34.05311410755559 and parameters: {'n_units_l0': 3552, 'n_units_l1': 3712, 'n_units_l2': 1984, 'n_units_l3': 256, 'n_units_l4': 1696, 'n_units_l5': 576, 'n_units_l6': 2048, 'n_units_l7': 2976, 'n_units_l8': 2336, 'n_units_l9': 2336, 'n_units_l10': 2624, 'lr': 0.0030954406802097788}. Best is trial 51 with value: 4.898314042115466.
[I 2025-03-23 13:37:57,835] Trial 74 pruned. 
[I 2025-03-23 13:42:09,029] Trial 9 finished with value: 9.882574671256576 and parameters: {'n_units_l0': 1504, 'n_units_l1': 256, 'n_units_l2': 992, 'n_units_l3': 1152, 'n_units_l4': 416, 'n_units_l5': 2848, 'n_units_l6': 736, 'n_units_l7': 2624, 'n_units_l8': 928, 'n_units_l9': 3040, 'n_units_l10': 1568, 'n_units_l11': 768, 'lr': 0.00019137126805829688}. Best is trial 9 with value: 9.882574671256576.
[I 2025-03-23 13:46:33,293] Trial 75 finished with value: 31.415673238144194 and parameters: {'n_units_l0': 2432, 'n_units_l1': 2624, 'n_units_l2': 2368, 'n_units_l3': 352, 'n_units_l4': 1504, 'n_units_l5': 96, 'n_units_l6': 192, 'n_units_l7': 2272, 'n_units_l8': 2240, 'n_units_l9': 3424, 'n_units_l10': 2560, 'lr': 0.0024123900664028888}. Best is trial 51 with value: 4.898314042115466.
[I 2025-03-23 13:46:40,324] Trial 76 pruned. 
[I 2025-03-23 13:46:46,212] Trial 77 pruned. 
[I 2025-03-23 13:46:52,055] Trial 78 pruned. 
[I 2025-03-23 13:54:03,796] Trial 10 finished with value: 124.87793608903786 and parameters: {'n_units_l0': 160, 'n_units_l1': 1344, 'n_units_l2': 32, 'n_units_l3': 3872, 'n_units_l4': 3808, 'n_units_l5': 2336, 'n_units_l6': 1472, 'n_units_l7': 2592, 'n_units_l8': 192, 'n_units_l9': 3936, 'n_units_l10': 3744, 'n_units_l11': 1536, 'lr': 0.033316881104364975}. Best is trial 9 with value: 9.882574671256576.
[I 2025-03-23 13:55:41,390] Trial 79 finished with value: 30.52542258158268 and parameters: {'n_units_l0': 3456, 'n_units_l1': 3584, 'n_units_l2': 256, 'n_units_l3': 1408, 'n_units_l4': 1408, 'n_units_l5': 384, 'n_units_l6': 256, 'n_units_l7': 2688, 'n_units_l8': 1952, 'n_units_l9': 3136, 'n_units_l10': 2848, 'lr': 0.0027543599595585967}. Best is trial 51 with value: 4.898314042115466.
[I 2025-03-23 13:55:45,474] Trial 80 pruned. 
[I 2025-03-23 14:00:26,477] Trial 11 finished with value: 124.89011811447807 and parameters: {'n_units_l0': 704, 'n_units_l1': 4096, 'n_units_l2': 1984, 'n_units_l3': 928, 'n_units_l4': 160, 'n_units_l5': 2816, 'n_units_l6': 1120, 'n_units_l7': 2880, 'n_units_l8': 384, 'n_units_l9': 416, 'n_units_l10': 2816, 'n_units_l11': 32, 'lr': 0.005978006210984435}. Best is trial 9 with value: 9.882574671256576.
[I 2025-03-23 14:06:26,013] Trial 81 finished with value: 6.181154303044691 and parameters: {'n_units_l0': 3456, 'n_units_l1': 3968, 'n_units_l2': 1920, 'n_units_l3': 832, 'n_units_l4': 1536, 'n_units_l5': 480, 'n_units_l6': 768, 'n_units_l7': 2528, 'n_units_l8': 2048, 'n_units_l9': 2720, 'n_units_l10': 2976, 'lr': 0.00029681297157192174}. Best is trial 51 with value: 4.898314042115466.
[I 2025-03-23 14:06:32,424] Trial 82 pruned. 
[I 2025-03-23 14:17:50,296] Trial 83 finished with value: 9.918559639843583 and parameters: {'n_units_l0': 4000, 'n_units_l1': 3776, 'n_units_l2': 2144, 'n_units_l3': 736, 'n_units_l4': 864, 'n_units_l5': 448, 'n_units_l6': 1024, 'n_units_l7': 2400, 'n_units_l8': 2272, 'n_units_l9': 2976, 'n_units_l10': 2944, 'lr': 0.0019571469573444983}. Best is trial 51 with value: 4.898314042115466.
[I 2025-03-23 14:17:57,727] Trial 84 pruned. 
[I 2025-03-23 14:18:03,704] Trial 85 pruned. 
[I 2025-03-23 14:18:09,919] Trial 86 pruned. 
[I 2025-03-23 14:18:16,126] Trial 87 pruned. 
[I 2025-03-23 14:18:22,405] Trial 88 pruned. 
[I 2025-03-23 14:18:27,914] Trial 89 pruned. 
[I 2025-03-23 14:18:33,679] Trial 90 pruned. 
[I 2025-03-23 14:18:40,421] Trial 91 pruned. 
[I 2025-03-23 14:18:47,506] Trial 92 pruned. 
[I 2025-03-23 14:21:59,819] Trial 12 finished with value: 8.251770050180271 and parameters: {'n_units_l0': 2624, 'n_units_l1': 2432, 'n_units_l2': 2304, 'n_units_l3': 2304, 'n_units_l4': 3552, 'n_units_l5': 4096, 'n_units_l6': 4096, 'n_units_l7': 3040, 'n_units_l8': 2720, 'n_units_l9': 3488, 'n_units_l10': 2560, 'n_units_l11': 2112, 'lr': 0.0016024344797819436}. Best is trial 12 with value: 8.251770050180271.
[I 2025-03-23 14:22:11,502] Trial 13 pruned. 
[I 2025-03-23 14:22:22,775] Trial 14 pruned. 
[I 2025-03-23 14:22:29,565] Trial 15 pruned. 
[I 2025-03-23 14:29:21,477] Trial 93 finished with value: 125.19405121147933 and parameters: {'n_units_l0': 3584, 'n_units_l1': 4096, 'n_units_l2': 2208, 'n_units_l3': 576, 'n_units_l4': 1792, 'n_units_l5': 256, 'n_units_l6': 672, 'n_units_l7': 2720, 'n_units_l8': 2080, 'n_units_l9': 2528, 'n_units_l10': 2880, 'lr': 0.001969054053579177}. Best is trial 51 with value: 4.898314042115466.
[I 2025-03-23 14:29:28,798] Trial 94 pruned. 
[I 2025-03-23 14:29:41,038] Trial 95 pruned. 
[I 2025-03-23 14:29:46,882] Trial 96 pruned. 
[I 2025-03-23 14:30:33,324] Trial 97 pruned. 
[I 2025-03-23 14:30:40,372] Trial 98 pruned. 
[I 2025-03-23 14:30:47,634] Trial 99 pruned. 
[I 2025-03-23 14:30:48,217] A new study created in memory with name: no-name-aebe0c90-75b1-4588-9146-dd00c55393ec
[I 2025-03-23 14:35:31,521] Trial 0 finished with value: 39.826354136749934 and parameters: {'n_units_l0': 96, 'n_units_l1': 32, 'lr': 0.07898251893173396}. Best is trial 0 with value: 39.826354136749934.
[I 2025-03-23 14:38:32,914] Trial 16 finished with value: 3.9490838659083174 and parameters: {'n_units_l0': 1024, 'n_units_l1': 1568, 'n_units_l2': 1440, 'n_units_l3': 768, 'n_units_l4': 3328, 'n_units_l5': 2752, 'n_units_l6': 3136, 'n_units_l7': 3072, 'n_units_l8': 4096, 'n_units_l9': 2432, 'n_units_l10': 3232, 'n_units_l11': 2048, 'lr': 6.550555580594743e-05}. Best is trial 16 with value: 3.9490838659083174.
[I 2025-03-23 14:38:43,148] Trial 17 pruned. 
[I 2025-03-23 14:38:54,478] Trial 18 pruned. 
[I 2025-03-23 14:40:16,674] Trial 1 finished with value: 21.501079720067736 and parameters: {'n_units_l0': 3136, 'n_units_l1': 1472, 'lr': 0.028603536991096783}. Best is trial 1 with value: 21.501079720067736.
[I 2025-03-23 14:44:59,351] Trial 2 finished with value: 13.784117050396615 and parameters: {'n_units_l0': 896, 'n_units_l1': 1600, 'lr': 0.034904422367638084}. Best is trial 2 with value: 13.784117050396615.
[I 2025-03-23 14:49:45,005] Trial 3 finished with value: 39.23914081902493 and parameters: {'n_units_l0': 3680, 'n_units_l1': 2464, 'lr': 0.044936602465383946}. Best is trial 2 with value: 13.784117050396615.
[I 2025-03-23 14:53:55,965] Trial 19 finished with value: 124.87473838184957 and parameters: {'n_units_l0': 2176, 'n_units_l1': 2912, 'n_units_l2': 3744, 'n_units_l3': 32, 'n_units_l4': 3296, 'n_units_l5': 3136, 'n_units_l6': 2944, 'n_units_l7': 192, 'n_units_l8': 2976, 'n_units_l9': 4032, 'n_units_l10': 3136, 'n_units_l11': 2080, 'lr': 0.012656631801286946}. Best is trial 16 with value: 3.9490838659083174.
[I 2025-03-23 14:54:06,153] Trial 20 pruned. 
[I 2025-03-23 14:54:12,615] Trial 21 pruned. 
[I 2025-03-23 14:54:29,398] Trial 4 finished with value: 125.04989193479202 and parameters: {'n_units_l0': 2592, 'n_units_l1': 2816, 'lr': 0.09827951679030493}. Best is trial 2 with value: 13.784117050396615.
[I 2025-03-23 14:54:32,217] Trial 5 pruned. 
[I 2025-03-23 14:54:35,055] Trial 6 pruned. 
[I 2025-03-23 14:54:37,895] Trial 7 pruned. 
[I 2025-03-23 14:54:40,715] Trial 8 pruned. 
[I 2025-03-23 14:59:26,228] Trial 9 finished with value: 16.550126746377266 and parameters: {'n_units_l0': 864, 'n_units_l1': 2176, 'lr': 0.02051938389850872}. Best is trial 2 with value: 13.784117050396615.
[I 2025-03-23 14:59:29,095] Trial 10 pruned. 
[I 2025-03-23 14:59:34,712] Trial 11 pruned. 
[I 2025-03-23 14:59:37,541] Trial 12 pruned. 
[I 2025-03-23 14:59:40,352] Trial 13 pruned. 
[I 2025-03-23 14:59:45,999] Trial 14 pruned. 
[I 2025-03-23 14:59:51,624] Trial 15 pruned. 
[I 2025-03-23 14:59:57,319] Trial 16 pruned. 
[I 2025-03-23 15:04:41,454] Trial 17 finished with value: 15.333643953990073 and parameters: {'n_units_l0': 96, 'n_units_l1': 1152, 'lr': 0.016621403044581304}. Best is trial 2 with value: 13.784117050396615.
[I 2025-03-23 15:06:21,794] Trial 22 finished with value: 13.369525985888396 and parameters: {'n_units_l0': 1952, 'n_units_l1': 1312, 'n_units_l2': 512, 'n_units_l3': 800, 'n_units_l4': 3680, 'n_units_l5': 3744, 'n_units_l6': 2688, 'n_units_l7': 2432, 'n_units_l8': 2336, 'n_units_l9': 2912, 'n_units_l10': 832, 'n_units_l11': 1792, 'lr': 0.0009614293950600816}. Best is trial 16 with value: 3.9490838659083174.
[I 2025-03-23 15:06:27,372] Trial 23 pruned. 
[I 2025-03-23 15:09:25,658] Trial 18 finished with value: 15.067067594207687 and parameters: {'n_units_l0': 64, 'n_units_l1': 1056, 'lr': 0.010563605800980539}. Best is trial 2 with value: 13.784117050396615.
[I 2025-03-23 15:09:28,477] Trial 19 pruned. 
[I 2025-03-23 15:09:37,013] Trial 20 pruned. 
[I 2025-03-23 15:14:21,809] Trial 21 finished with value: 10.946063927073569 and parameters: {'n_units_l0': 64, 'n_units_l1': 1216, 'lr': 0.012281259561238553}. Best is trial 21 with value: 10.946063927073569.
[I 2025-03-23 15:19:05,826] Trial 22 finished with value: 11.746656362457857 and parameters: {'n_units_l0': 32, 'n_units_l1': 1312, 'lr': 0.01165768559782649}. Best is trial 21 with value: 10.946063927073569.
[I 2025-03-23 15:19:08,697] Trial 23 pruned. 
[I 2025-03-23 15:19:14,470] Trial 24 pruned. 
[I 2025-03-23 15:19:20,190] Trial 25 pruned. 
[I 2025-03-23 15:19:23,048] Trial 26 pruned. 
[I 2025-03-23 15:19:25,905] Trial 27 pruned. 
[I 2025-03-23 15:19:28,747] Trial 28 pruned. 
[I 2025-03-23 15:19:31,582] Trial 29 pruned. 
[I 2025-03-23 15:19:34,456] Trial 30 pruned. 
[I 2025-03-23 15:19:37,299] Trial 31 pruned. 
[I 2025-03-23 15:19:40,142] Trial 32 pruned. 
[I 2025-03-23 15:19:48,576] Trial 33 pruned. 
[I 2025-03-23 15:19:51,438] Trial 34 pruned. 
[I 2025-03-23 15:19:57,280] Trial 35 pruned. 
[I 2025-03-23 15:20:00,087] Trial 36 pruned. 
[I 2025-03-23 15:20:03,036] Trial 37 pruned. 
[I 2025-03-23 15:20:05,981] Trial 38 pruned. 
[I 2025-03-23 15:20:08,856] Trial 39 pruned. 
[I 2025-03-23 15:20:14,529] Trial 40 pruned. 
[I 2025-03-23 15:20:23,646] Trial 24 finished with value: 124.87787608646926 and parameters: {'n_units_l0': 3104, 'n_units_l1': 2816, 'n_units_l2': 1856, 'n_units_l3': 2016, 'n_units_l4': 1888, 'n_units_l5': 3456, 'n_units_l6': 2816, 'n_units_l7': 3296, 'n_units_l8': 800, 'n_units_l9': 3136, 'n_units_l10': 2368, 'n_units_l11': 1344, 'lr': 0.03014662647030246}. Best is trial 16 with value: 3.9490838659083174.
[I 2025-03-23 15:20:31,727] Trial 25 pruned. 
[I 2025-03-23 15:20:38,476] Trial 26 pruned. 
[I 2025-03-23 15:20:45,145] Trial 27 pruned. 
[I 2025-03-23 15:20:52,559] Trial 28 pruned. 
[I 2025-03-23 15:24:58,521] Trial 41 finished with value: 10.43310310528597 and parameters: {'n_units_l0': 256, 'n_units_l1': 1216, 'lr': 0.01897435556513937}. Best is trial 41 with value: 10.43310310528597.
[I 2025-03-23 15:25:07,004] Trial 42 pruned. 
[I 2025-03-23 15:25:09,928] Trial 43 pruned. 
[I 2025-03-23 15:25:12,781] Trial 44 pruned. 
[I 2025-03-23 15:25:15,650] Trial 45 pruned. 
[I 2025-03-23 15:25:21,355] Trial 46 pruned. 
[I 2025-03-23 15:25:24,199] Trial 47 pruned. 
[I 2025-03-23 15:25:27,041] Trial 48 pruned. 
[I 2025-03-23 15:25:29,890] Trial 49 pruned. 
[I 2025-03-23 15:30:14,025] Trial 50 finished with value: 13.322759669976096 and parameters: {'n_units_l0': 320, 'n_units_l1': 2720, 'lr': 0.008216173600261594}. Best is trial 41 with value: 10.43310310528597.
[I 2025-03-23 15:33:58,260] Trial 29 finished with value: 16.568353791506635 and parameters: {'n_units_l0': 2080, 'n_units_l1': 288, 'n_units_l2': 1056, 'n_units_l3': 1856, 'n_units_l4': 3488, 'n_units_l5': 3520, 'n_units_l6': 3552, 'n_units_l7': 1088, 'n_units_l8': 3296, 'n_units_l9': 2176, 'n_units_l10': 1792, 'n_units_l11': 2944, 'lr': 0.0006335620960465701}. Best is trial 16 with value: 3.9490838659083174.
[I 2025-03-23 15:34:06,912] Trial 30 pruned. 
[I 2025-03-23 15:34:58,028] Trial 51 finished with value: 13.547574908156715 and parameters: {'n_units_l0': 320, 'n_units_l1': 2720, 'lr': 0.005702862330695022}. Best is trial 41 with value: 10.43310310528597.
[I 2025-03-23 15:35:00,873] Trial 52 pruned. 
[I 2025-03-23 15:35:03,723] Trial 53 pruned. 
[I 2025-03-23 15:35:06,586] Trial 54 pruned. 
[I 2025-03-23 15:35:09,466] Trial 55 pruned. 
[I 2025-03-23 15:35:12,299] Trial 56 pruned. 
[I 2025-03-23 15:35:15,210] Trial 57 pruned. 
[I 2025-03-23 15:35:18,085] Trial 58 pruned. 
[I 2025-03-23 15:35:23,837] Trial 59 pruned. 
[I 2025-03-23 15:35:32,379] Trial 60 pruned. 
[I 2025-03-23 15:40:16,772] Trial 61 finished with value: 19.619824614186204 and parameters: {'n_units_l0': 128, 'n_units_l1': 1152, 'lr': 0.009537596784515951}. Best is trial 41 with value: 10.43310310528597.
[I 2025-03-23 15:40:19,651] Trial 62 pruned. 
[I 2025-03-23 15:40:22,566] Trial 63 pruned. 
[I 2025-03-23 15:40:31,192] Trial 64 pruned. 
[I 2025-03-23 15:40:34,077] Trial 65 pruned. 
[I 2025-03-23 15:40:36,914] Trial 66 pruned. 
[I 2025-03-23 15:40:39,723] Trial 67 pruned. 
[I 2025-03-23 15:40:42,535] Trial 68 pruned. 
[I 2025-03-23 15:41:16,397] Trial 69 pruned. 
[I 2025-03-23 15:41:19,229] Trial 70 pruned. 
[I 2025-03-23 15:41:24,884] Trial 71 pruned. 
[I 2025-03-23 15:41:27,766] Trial 72 pruned. 
[I 2025-03-23 15:41:30,634] Trial 73 pruned. 
[I 2025-03-23 15:41:33,487] Trial 74 pruned. 
[I 2025-03-23 15:41:36,334] Trial 75 pruned. 
[I 2025-03-23 15:41:39,277] Trial 76 pruned. 
[I 2025-03-23 15:41:44,979] Trial 77 pruned. 
[I 2025-03-23 15:41:50,657] Trial 78 pruned. 
[I 2025-03-23 15:41:53,488] Trial 79 pruned. 
[I 2025-03-23 15:41:56,329] Trial 80 pruned. 
[I 2025-03-23 15:41:59,172] Trial 81 pruned. 
[I 2025-03-23 15:42:02,023] Trial 82 pruned. 
[I 2025-03-23 15:42:04,892] Trial 83 pruned. 
[I 2025-03-23 15:42:07,741] Trial 84 pruned. 
[I 2025-03-23 15:42:10,644] Trial 85 pruned. 
[I 2025-03-23 15:42:19,131] Trial 86 pruned. 
[I 2025-03-23 15:42:21,944] Trial 87 pruned. 
[I 2025-03-23 15:42:24,760] Trial 88 pruned. 
[I 2025-03-23 15:42:27,669] Trial 89 pruned. 
[I 2025-03-23 15:42:30,507] Trial 90 pruned. 
[I 2025-03-23 15:42:33,370] Trial 91 pruned. 
[I 2025-03-23 15:42:36,207] Trial 92 pruned. 
[I 2025-03-23 15:42:39,075] Trial 93 pruned. 
[I 2025-03-23 15:42:41,909] Trial 94 pruned. 
[I 2025-03-23 15:46:17,698] Trial 31 finished with value: 14.966632805417232 and parameters: {'n_units_l0': 2016, 'n_units_l1': 1312, 'n_units_l2': 608, 'n_units_l3': 832, 'n_units_l4': 3712, 'n_units_l5': 3744, 'n_units_l6': 2624, 'n_units_l7': 2560, 'n_units_l8': 2368, 'n_units_l9': 2976, 'n_units_l10': 704, 'n_units_l11': 1920, 'lr': 0.0008372839255356567}. Best is trial 16 with value: 3.9490838659083174.
[I 2025-03-23 15:47:26,923] Trial 95 finished with value: 19.074384073420802 and parameters: {'n_units_l0': 288, 'n_units_l1': 1408, 'lr': 0.01383618246746143}. Best is trial 41 with value: 10.43310310528597.
[I 2025-03-23 15:47:29,745] Trial 96 pruned. 
[I 2025-03-23 15:47:32,594] Trial 97 pruned. 
[I 2025-03-23 15:47:35,463] Trial 98 pruned. 
[I 2025-03-23 15:47:38,397] Trial 99 pruned. 
[I 2025-03-23 15:47:38,874] A new study created in memory with name: no-name-2020cb6e-fbce-4ab1-a359-a066265175f1
[I 2025-03-23 15:52:46,677] Trial 0 finished with value: 124.88337768502872 and parameters: {'n_units_l0': 1280, 'n_units_l1': 2368, 'n_units_l2': 2592, 'lr': 0.09631485127340503}. Best is trial 0 with value: 124.88337768502872.
[I 2025-03-23 15:57:49,737] Trial 1 finished with value: 93.78834114151933 and parameters: {'n_units_l0': 864, 'n_units_l1': 160, 'n_units_l2': 3616, 'lr': 0.02562333100547346}. Best is trial 1 with value: 93.78834114151933.
[I 2025-03-23 15:58:26,800] Trial 32 finished with value: 124.87281011541766 and parameters: {'n_units_l0': 1888, 'n_units_l1': 1568, 'n_units_l2': 352, 'n_units_l3': 320, 'n_units_l4': 2784, 'n_units_l5': 3744, 'n_units_l6': 2720, 'n_units_l7': 3040, 'n_units_l8': 2464, 'n_units_l9': 3680, 'n_units_l10': 640, 'n_units_l11': 2432, 'lr': 0.006292766226522555}. Best is trial 16 with value: 3.9490838659083174.
[I 2025-03-23 16:04:07,138] Trial 2 finished with value: 39.37533962070642 and parameters: {'n_units_l0': 3584, 'n_units_l1': 3648, 'n_units_l2': 1472, 'lr': 0.07611997290248905}. Best is trial 2 with value: 39.37533962070642.
[I 2025-03-23 16:09:09,679] Trial 33 finished with value: 11.569428338611925 and parameters: {'n_units_l0': 1248, 'n_units_l1': 1152, 'n_units_l2': 832, 'n_units_l3': 672, 'n_units_l4': 3840, 'n_units_l5': 3040, 'n_units_l6': 2208, 'n_units_l7': 2272, 'n_units_l8': 2176, 'n_units_l9': 2848, 'n_units_l10': 1216, 'n_units_l11': 1728, 'lr': 0.00024755750276825935}. Best is trial 16 with value: 3.9490838659083174.
[I 2025-03-23 16:09:14,528] Trial 3 finished with value: 4.758873539669092 and parameters: {'n_units_l0': 1696, 'n_units_l1': 3040, 'n_units_l2': 800, 'lr': 0.0009594455300477648}. Best is trial 3 with value: 4.758873539669092.
[I 2025-03-23 16:14:20,817] Trial 4 finished with value: 18.220722512321345 and parameters: {'n_units_l0': 896, 'n_units_l1': 608, 'n_units_l2': 2272, 'lr': 0.04582418726779134}. Best is trial 3 with value: 4.758873539669092.
[I 2025-03-23 16:14:23,929] Trial 5 pruned. 
[I 2025-03-23 16:17:27,652] Trial 34 finished with value: 124.88176745684335 and parameters: {'n_units_l0': 1280, 'n_units_l1': 640, 'n_units_l2': 832, 'n_units_l3': 576, 'n_units_l4': 3904, 'n_units_l5': 3072, 'n_units_l6': 1536, 'n_units_l7': 1888, 'n_units_l8': 1952, 'n_units_l9': 736, 'n_units_l10': 1248, 'n_units_l11': 2656, 'lr': 0.011041274179089879}. Best is trial 16 with value: 3.9490838659083174.
[I 2025-03-23 16:17:34,149] Trial 35 pruned. 
[I 2025-03-23 16:17:42,431] Trial 36 pruned. 
[I 2025-03-23 16:17:49,915] Trial 37 pruned. 
[I 2025-03-23 16:17:56,757] Trial 38 pruned. 
[I 2025-03-23 16:19:25,778] Trial 6 finished with value: 19.80486690180202 and parameters: {'n_units_l0': 512, 'n_units_l1': 192, 'n_units_l2': 960, 'lr': 0.005808158767466525}. Best is trial 3 with value: 4.758873539669092.
[I 2025-03-23 16:19:28,902] Trial 7 pruned. 
[I 2025-03-23 16:19:31,959] Trial 8 pruned. 
[I 2025-03-23 16:20:22,065] Trial 39 pruned. 
[I 2025-03-23 16:24:40,763] Trial 9 finished with value: 30.02612641301588 and parameters: {'n_units_l0': 608, 'n_units_l1': 992, 'n_units_l2': 1152, 'lr': 0.018128001101912115}. Best is trial 3 with value: 4.758873539669092.
[I 2025-03-23 16:24:59,187] Trial 10 pruned. 
[I 2025-03-23 16:25:02,312] Trial 11 pruned. 
[I 2025-03-23 16:25:05,530] Trial 12 pruned. 
[I 2025-03-23 16:25:08,567] Trial 13 pruned. 
[I 2025-03-23 16:25:26,912] Trial 14 pruned. 
[I 2025-03-23 16:25:29,938] Trial 15 pruned. 
[I 2025-03-23 16:25:48,832] Trial 16 pruned. 
[I 2025-03-23 16:25:52,084] Trial 17 pruned. 
[I 2025-03-23 16:25:55,175] Trial 18 pruned. 
[I 2025-03-23 16:25:58,558] Trial 19 pruned. 
[I 2025-03-23 16:26:01,732] Trial 20 pruned. 
[I 2025-03-23 16:26:04,795] Trial 21 pruned. 
[I 2025-03-23 16:27:06,940] Trial 40 finished with value: 11.283646730324865 and parameters: {'n_units_l0': 1312, 'n_units_l1': 1888, 'n_units_l2': 320, 'n_units_l3': 1088, 'n_units_l4': 768, 'n_units_l5': 2240, 'n_units_l6': 576, 'n_units_l7': 1504, 'n_units_l8': 2208, 'n_units_l9': 2336, 'n_units_l10': 1440, 'n_units_l11': 2656, 'lr': 0.0007250273650292486}. Best is trial 16 with value: 3.9490838659083174.
[I 2025-03-23 16:31:10,614] Trial 22 finished with value: 16.874576785943855 and parameters: {'n_units_l0': 1024, 'n_units_l1': 416, 'n_units_l2': 1248, 'lr': 0.0095885503202644}. Best is trial 3 with value: 4.758873539669092.
