[I 2025-03-22 03:28:46,822] Trial 11 pruned. 
[I 2025-03-22 03:28:47,246] Trial 12 pruned. 
[I 2025-03-22 03:28:52,235] Trial 99 pruned. 
[I 2025-03-22 03:28:52,359] A new study created in memory with name: no-name-95e245da-aa12-4fa7-b544-afe33e9df5a9
[I 2025-03-22 03:29:23,704] Trial 13 finished with value: 124.83860030930437 and parameters: {'n_units_l0': 64, 'n_units_l1': 3296, 'n_units_l2': 960, 'n_units_l3': 2368, 'n_units_l4': 1280, 'n_units_l5': 2304, 'lr': 0.0513163425875674}. Best is trial 13 with value: 124.83860030930437.
[I 2025-03-22 03:29:24,087] Trial 14 pruned. 
[I 2025-03-22 03:29:24,837] Trial 15 pruned. 
[I 2025-03-22 03:29:25,501] Trial 16 pruned. 
[I 2025-03-22 03:29:25,910] Trial 17 pruned. 
[I 2025-03-22 03:29:30,441] Trial 0 finished with value: 125.16913353945152 and parameters: {'n_units_l0': 3488, 'n_units_l1': 800, 'n_units_l2': 2240, 'n_units_l3': 3104, 'n_units_l4': 224, 'n_units_l5': 832, 'n_units_l6': 3392, 'lr': 0.03199508847658762}. Best is trial 0 with value: 125.16913353945152.
[I 2025-03-22 03:30:08,246] Trial 1 finished with value: 125.22179145703342 and parameters: {'n_units_l0': 3648, 'n_units_l1': 2560, 'n_units_l2': 64, 'n_units_l3': 2688, 'n_units_l4': 192, 'n_units_l5': 128, 'n_units_l6': 1824, 'lr': 0.057660426785376494}. Best is trial 0 with value: 125.16913353945152.
[I 2025-03-22 03:30:09,099] Trial 18 finished with value: 14.278801018715777 and parameters: {'n_units_l0': 64, 'n_units_l1': 2784, 'n_units_l2': 800, 'n_units_l3': 2144, 'n_units_l4': 3328, 'n_units_l5': 2336, 'lr': 0.0023169266741794314}. Best is trial 18 with value: 14.278801018715777.
[I 2025-03-22 03:31:05,940] Trial 19 finished with value: 36.47209411702884 and parameters: {'n_units_l0': 96, 'n_units_l1': 2560, 'n_units_l2': 2368, 'n_units_l3': 2144, 'n_units_l4': 3200, 'n_units_l5': 2208, 'lr': 0.0073975958237348935}. Best is trial 18 with value: 14.278801018715777.
[I 2025-03-22 03:31:08,602] Trial 2 finished with value: 125.18371831825641 and parameters: {'n_units_l0': 2368, 'n_units_l1': 3520, 'n_units_l2': 3104, 'n_units_l3': 1216, 'n_units_l4': 448, 'n_units_l5': 608, 'n_units_l6': 3936, 'lr': 0.040882581372152414}. Best is trial 0 with value: 125.16913353945152.
[I 2025-03-22 03:31:56,514] Trial 20 finished with value: 24.12535147829638 and parameters: {'n_units_l0': 608, 'n_units_l1': 1056, 'n_units_l2': 2528, 'n_units_l3': 1792, 'n_units_l4': 3456, 'n_units_l5': 2272, 'lr': 0.0010856372668043219}. Best is trial 18 with value: 14.278801018715777.
[I 2025-03-22 03:31:56,778] Trial 3 finished with value: 125.19253621376741 and parameters: {'n_units_l0': 2336, 'n_units_l1': 2240, 'n_units_l2': 1248, 'n_units_l3': 2112, 'n_units_l4': 2176, 'n_units_l5': 1152, 'n_units_l6': 2208, 'lr': 0.027289820095245297}. Best is trial 0 with value: 125.16913353945152.
[I 2025-03-22 03:32:34,784] Trial 4 finished with value: 125.19231982165103 and parameters: {'n_units_l0': 1600, 'n_units_l1': 1248, 'n_units_l2': 1280, 'n_units_l3': 128, 'n_units_l4': 3712, 'n_units_l5': 608, 'n_units_l6': 3648, 'lr': 0.0689420789942496}. Best is trial 0 with value: 125.16913353945152.
[I 2025-03-22 03:32:35,209] Trial 5 pruned. 
[I 2025-03-22 03:32:48,368] Trial 21 finished with value: 9.217939116500034 and parameters: {'n_units_l0': 512, 'n_units_l1': 1088, 'n_units_l2': 2496, 'n_units_l3': 1984, 'n_units_l4': 3360, 'n_units_l5': 2240, 'lr': 0.0013579159955640003}. Best is trial 21 with value: 9.217939116500034.
[I 2025-03-22 03:33:13,181] Trial 6 finished with value: 125.18460313065854 and parameters: {'n_units_l0': 1408, 'n_units_l1': 2656, 'n_units_l2': 160, 'n_units_l3': 256, 'n_units_l4': 3360, 'n_units_l5': 1408, 'n_units_l6': 2176, 'lr': 0.017145138614707}. Best is trial 0 with value: 125.16913353945152.
[I 2025-03-22 03:33:13,614] Trial 7 pruned. 
[I 2025-03-22 03:33:42,145] Trial 22 finished with value: 9.915062401151015 and parameters: {'n_units_l0': 608, 'n_units_l1': 1024, 'n_units_l2': 2592, 'n_units_l3': 1920, 'n_units_l4': 3392, 'n_units_l5': 2592, 'lr': 0.001652722040039992}. Best is trial 21 with value: 9.217939116500034.
[I 2025-03-22 03:33:51,565] Trial 8 finished with value: 125.21851363828732 and parameters: {'n_units_l0': 1984, 'n_units_l1': 736, 'n_units_l2': 160, 'n_units_l3': 4032, 'n_units_l4': 864, 'n_units_l5': 1952, 'n_units_l6': 480, 'lr': 0.009641647939592497}. Best is trial 0 with value: 125.16913353945152.
[I 2025-03-22 03:33:52,451] Trial 9 pruned. 
[I 2025-03-22 03:33:53,619] Trial 10 pruned. 
[I 2025-03-22 03:33:54,558] Trial 11 pruned. 
[I 2025-03-22 03:33:55,324] Trial 12 pruned. 
[I 2025-03-22 03:33:55,961] Trial 13 pruned. 
[I 2025-03-22 03:33:57,211] Trial 14 pruned. 
[I 2025-03-22 03:33:57,755] Trial 15 pruned. 
[I 2025-03-22 03:33:58,869] Trial 16 pruned. 
[I 2025-03-22 03:33:59,321] Trial 17 pruned. 
[I 2025-03-22 03:34:00,340] Trial 18 pruned. 
[I 2025-03-22 03:34:39,789] Trial 19 finished with value: 16.66094886524608 and parameters: {'n_units_l0': 2720, 'n_units_l1': 672, 'n_units_l2': 2592, 'n_units_l3': 1792, 'n_units_l4': 512, 'n_units_l5': 2368, 'n_units_l6': 2656, 'lr': 0.0006037597606420239}. Best is trial 19 with value: 16.66094886524608.
[I 2025-03-22 03:35:02,687] Trial 23 finished with value: 14.615271286771787 and parameters: {'n_units_l0': 928, 'n_units_l1': 576, 'n_units_l2': 2912, 'n_units_l3': 2944, 'n_units_l4': 4064, 'n_units_l5': 3200, 'lr': 3.127429122257901e-05}. Best is trial 21 with value: 9.217939116500034.
[I 2025-03-22 03:35:03,403] Trial 24 pruned. 
[I 2025-03-22 03:35:18,378] Trial 20 finished with value: 32.32576071353191 and parameters: {'n_units_l0': 2784, 'n_units_l1': 608, 'n_units_l2': 1856, 'n_units_l3': 1696, 'n_units_l4': 992, 'n_units_l5': 2336, 'n_units_l6': 2592, 'lr': 0.001344292714205622}. Best is trial 19 with value: 16.66094886524608.
[I 2025-03-22 03:35:54,709] Trial 25 finished with value: 124.85388126041643 and parameters: {'n_units_l0': 1056, 'n_units_l1': 1952, 'n_units_l2': 1792, 'n_units_l3': 1024, 'n_units_l4': 3360, 'n_units_l5': 3552, 'lr': 0.008013363844694144}. Best is trial 21 with value: 9.217939116500034.
[I 2025-03-22 03:35:55,416] Trial 26 pruned. 
[I 2025-03-22 03:35:56,133] Trial 27 pruned. 
[I 2025-03-22 03:35:58,486] Trial 21 finished with value: 33.78522535263791 and parameters: {'n_units_l0': 2720, 'n_units_l1': 736, 'n_units_l2': 1792, 'n_units_l3': 1664, 'n_units_l4': 896, 'n_units_l5': 2528, 'n_units_l6': 2624, 'lr': 0.0020563960747760025}. Best is trial 19 with value: 16.66094886524608.
[I 2025-03-22 03:36:37,942] Trial 22 finished with value: 20.264916767113384 and parameters: {'n_units_l0': 2784, 'n_units_l1': 416, 'n_units_l2': 1952, 'n_units_l3': 1760, 'n_units_l4': 1152, 'n_units_l5': 2400, 'n_units_l6': 2592, 'lr': 0.0008180884277038554}. Best is trial 19 with value: 16.66094886524608.
[I 2025-03-22 03:36:39,878] Trial 28 finished with value: 36.511675099669475 and parameters: {'n_units_l0': 384, 'n_units_l1': 608, 'n_units_l2': 2016, 'n_units_l3': 2144, 'n_units_l4': 2496, 'n_units_l5': 3232, 'lr': 0.006381922440257744}. Best is trial 21 with value: 9.217939116500034.
[I 2025-03-22 03:36:40,517] Trial 29 pruned. 
[I 2025-03-22 03:36:41,306] Trial 30 pruned. 
[I 2025-03-22 03:37:21,796] Trial 23 finished with value: 35.581604244131505 and parameters: {'n_units_l0': 1984, 'n_units_l1': 384, 'n_units_l2': 2656, 'n_units_l3': 1760, 'n_units_l4': 1376, 'n_units_l5': 2400, 'n_units_l6': 2560, 'lr': 0.0032828616737080314}. Best is trial 19 with value: 16.66094886524608.
[I 2025-03-22 03:38:00,892] Trial 31 finished with value: 35.40343598874352 and parameters: {'n_units_l0': 1024, 'n_units_l1': 640, 'n_units_l2': 2784, 'n_units_l3': 3072, 'n_units_l4': 4096, 'n_units_l5': 3232, 'lr': 0.004147037454563222}. Best is trial 21 with value: 9.217939116500034.
[I 2025-03-22 03:38:00,905] Trial 24 finished with value: 16.07516895500524 and parameters: {'n_units_l0': 2720, 'n_units_l1': 448, 'n_units_l2': 1728, 'n_units_l3': 800, 'n_units_l4': 1792, 'n_units_l5': 3232, 'n_units_l6': 1760, 'lr': 0.0038971146156112787}. Best is trial 24 with value: 16.07516895500524.
[I 2025-03-22 03:38:01,564] Trial 32 pruned. 
[I 2025-03-22 03:38:03,553] Trial 33 pruned. 
[I 2025-03-22 03:38:04,083] Trial 34 pruned. 
[I 2025-03-22 03:38:04,859] Trial 35 pruned. 
[I 2025-03-22 03:38:05,777] Trial 36 pruned. 
[I 2025-03-22 03:38:06,565] Trial 37 pruned. 
[I 2025-03-22 03:38:07,242] Trial 38 pruned. 
[I 2025-03-22 03:38:08,729] Trial 39 pruned. 
[I 2025-03-22 03:38:09,411] Trial 40 pruned. 
[I 2025-03-22 03:38:40,838] Trial 25 finished with value: 125.16923744833622 and parameters: {'n_units_l0': 1792, 'n_units_l1': 1056, 'n_units_l2': 800, 'n_units_l3': 736, 'n_units_l4': 1824, 'n_units_l5': 3456, 'n_units_l6': 1696, 'lr': 0.01959803949126986}. Best is trial 24 with value: 16.07516895500524.
[I 2025-03-22 03:38:41,308] Trial 26 pruned. 
[I 2025-03-22 03:39:00,410] Trial 41 finished with value: 12.194302001705761 and parameters: {'n_units_l0': 576, 'n_units_l1': 960, 'n_units_l2': 2592, 'n_units_l3': 1760, 'n_units_l4': 3424, 'n_units_l5': 2240, 'lr': 7.0747319888012e-05}. Best is trial 21 with value: 9.217939116500034.
[I 2025-03-22 03:39:01,049] Trial 42 pruned. 
[I 2025-03-22 03:39:39,404] Trial 27 finished with value: 125.17113388217022 and parameters: {'n_units_l0': 2656, 'n_units_l1': 1696, 'n_units_l2': 1632, 'n_units_l3': 2400, 'n_units_l4': 1632, 'n_units_l5': 2912, 'n_units_l6': 1920, 'lr': 0.015197854633088351}. Best is trial 24 with value: 16.07516895500524.
[I 2025-03-22 03:39:39,850] Trial 28 pruned. 
[I 2025-03-22 03:39:51,993] Trial 43 finished with value: 126.90754947071372 and parameters: {'n_units_l0': 800, 'n_units_l1': 896, 'n_units_l2': 2272, 'n_units_l3': 2272, 'n_units_l4': 3552, 'n_units_l5': 1824, 'lr': 0.00849432623942667}. Best is trial 21 with value: 9.217939116500034.
[I 2025-03-22 03:40:19,125] Trial 29 finished with value: 12.070582999365742 and parameters: {'n_units_l0': 928, 'n_units_l1': 384, 'n_units_l2': 2176, 'n_units_l3': 1088, 'n_units_l4': 1216, 'n_units_l5': 3296, 'n_units_l6': 2272, 'lr': 9.465169569593669e-05}. Best is trial 29 with value: 12.070582999365742.
[I 2025-03-22 03:40:19,637] Trial 30 pruned. 
[I 2025-03-22 03:40:37,803] Trial 44 finished with value: 39.66022761959954 and parameters: {'n_units_l0': 256, 'n_units_l1': 1472, 'n_units_l2': 2624, 'n_units_l3': 1536, 'n_units_l4': 2624, 'n_units_l5': 2976, 'lr': 0.004704804830338526}. Best is trial 21 with value: 9.217939116500034.
[I 2025-03-22 03:40:38,580] Trial 45 pruned. 
[I 2025-03-22 03:40:39,166] Trial 46 pruned. 
[I 2025-03-22 03:40:39,787] Trial 47 pruned. 
[I 2025-03-22 03:40:40,241] Trial 48 pruned. 
[I 2025-03-22 03:40:41,252] Trial 49 pruned. 
[I 2025-03-22 03:40:41,980] Trial 50 pruned. 
[I 2025-03-22 03:40:42,585] Trial 51 pruned. 
[I 2025-03-22 03:40:58,206] Trial 31 finished with value: 13.027800582176031 and parameters: {'n_units_l0': 128, 'n_units_l1': 320, 'n_units_l2': 1536, 'n_units_l3': 512, 'n_units_l4': 1184, 'n_units_l5': 3680, 'n_units_l6': 2368, 'lr': 0.0016324547142722943}. Best is trial 29 with value: 12.070582999365742.
[I 2025-03-22 03:41:36,249] Trial 32 finished with value: 33.56345183674274 and parameters: {'n_units_l0': 32, 'n_units_l1': 32, 'n_units_l2': 1504, 'n_units_l3': 576, 'n_units_l4': 384, 'n_units_l5': 3872, 'n_units_l6': 2144, 'lr': 0.007357853142935233}. Best is trial 29 with value: 12.070582999365742.
[I 2025-03-22 03:41:38,422] Trial 52 finished with value: 17.94946697039111 and parameters: {'n_units_l0': 480, 'n_units_l1': 1024, 'n_units_l2': 2560, 'n_units_l3': 2176, 'n_units_l4': 3424, 'n_units_l5': 2368, 'lr': 0.0007779652714991216}. Best is trial 21 with value: 9.217939116500034.
[I 2025-03-22 03:41:39,114] Trial 53 pruned. 
[I 2025-03-22 03:42:29,034] Trial 33 finished with value: 15.744044209947031 and parameters: {'n_units_l0': 576, 'n_units_l1': 512, 'n_units_l2': 2368, 'n_units_l3': 1024, 'n_units_l4': 2016, 'n_units_l5': 3744, 'n_units_l6': 2368, 'lr': 0.0005008336963313517}. Best is trial 29 with value: 12.070582999365742.
[I 2025-03-22 03:42:29,546] Trial 34 pruned. 
[I 2025-03-22 03:42:30,196] Trial 35 pruned. 
[I 2025-03-22 03:42:30,811] Trial 36 pruned. 
[I 2025-03-22 03:42:35,591] Trial 37 pruned. 
[I 2025-03-22 03:42:38,764] Trial 38 pruned. 
[I 2025-03-22 03:42:39,498] Trial 39 pruned. 
[I 2025-03-22 03:42:40,121] Trial 40 pruned. 
[I 2025-03-22 03:42:42,012] Trial 54 finished with value: 34.60299893325724 and parameters: {'n_units_l0': 160, 'n_units_l1': 992, 'n_units_l2': 3136, 'n_units_l3': 2464, 'n_units_l4': 3360, 'n_units_l5': 2560, 'lr': 0.004810625594578764}. Best is trial 21 with value: 9.217939116500034.
[I 2025-03-22 03:42:42,174] Trial 41 pruned. 
[I 2025-03-22 03:42:44,070] Trial 55 pruned. 
[I 2025-03-22 03:42:49,204] Trial 56 pruned. 
[I 2025-03-22 03:42:50,021] Trial 57 pruned. 
[I 2025-03-22 03:42:50,598] Trial 58 pruned. 
[I 2025-03-22 03:42:52,094] Trial 59 pruned. 
[I 2025-03-22 03:42:52,954] Trial 60 pruned. 
[I 2025-03-22 03:42:53,681] Trial 61 pruned. 
[I 2025-03-22 03:42:54,218] Trial 62 pruned. 
[I 2025-03-22 03:43:08,932] Trial 42 pruned. 
[I 2025-03-22 03:43:09,405] Trial 43 pruned. 
[I 2025-03-22 03:43:09,849] Trial 44 pruned. 
[I 2025-03-22 03:43:46,020] Trial 63 finished with value: 36.74667158811322 and parameters: {'n_units_l0': 672, 'n_units_l1': 960, 'n_units_l2': 2432, 'n_units_l3': 1824, 'n_units_l4': 3456, 'n_units_l5': 2624, 'lr': 0.0029408184301764426}. Best is trial 21 with value: 9.217939116500034.
[I 2025-03-22 03:43:47,986] Trial 64 pruned. 
[I 2025-03-22 03:44:07,221] Trial 45 finished with value: 9.110935136921137 and parameters: {'n_units_l0': 1632, 'n_units_l1': 1216, 'n_units_l2': 1696, 'n_units_l3': 960, 'n_units_l4': 2592, 'n_units_l5': 3072, 'n_units_l6': 2752, 'lr': 0.00010233777612640672}. Best is trial 45 with value: 9.110935136921137.
[I 2025-03-22 03:44:09,999] Trial 46 pruned. 
[I 2025-03-22 03:44:10,857] Trial 47 pruned. 
[I 2025-03-22 03:44:11,318] Trial 48 pruned. 
[I 2025-03-22 03:44:35,841] Trial 49 pruned. 
[I 2025-03-22 03:44:36,480] Trial 50 pruned. 
[I 2025-03-22 03:44:38,789] Trial 65 finished with value: 24.979872335124007 and parameters: {'n_units_l0': 32, 'n_units_l1': 1536, 'n_units_l2': 2720, 'n_units_l3': 2400, 'n_units_l4': 2592, 'n_units_l5': 2176, 'lr': 0.008571264975563691}. Best is trial 21 with value: 9.217939116500034.
[I 2025-03-22 03:44:39,601] Trial 66 pruned. 
[I 2025-03-22 03:44:40,518] Trial 67 pruned. 
[I 2025-03-22 03:45:17,350] Trial 68 finished with value: 11.383216940697416 and parameters: {'n_units_l0': 224, 'n_units_l1': 736, 'n_units_l2': 1888, 'n_units_l3': 2272, 'n_units_l4': 960, 'n_units_l5': 2848, 'lr': 0.0026696093908940587}. Best is trial 21 with value: 9.217939116500034.
[I 2025-03-22 03:45:38,520] Trial 51 finished with value: 34.231196050392235 and parameters: {'n_units_l0': 192, 'n_units_l1': 512, 'n_units_l2': 2496, 'n_units_l3': 1920, 'n_units_l4': 2496, 'n_units_l5': 3040, 'n_units_l6': 2752, 'lr': 0.00394289783673837}. Best is trial 45 with value: 9.110935136921137.
[I 2025-03-22 03:45:41,608] Trial 52 pruned. 
[I 2025-03-22 03:45:42,242] Trial 53 pruned. 
[I 2025-03-22 03:45:42,896] Trial 54 pruned. 
[I 2025-03-22 03:45:43,426] Trial 55 pruned. 
[I 2025-03-22 03:45:46,940] Trial 56 pruned. 
[I 2025-03-22 03:45:54,055] Trial 69 finished with value: 11.22471386760742 and parameters: {'n_units_l0': 288, 'n_units_l1': 288, 'n_units_l2': 1216, 'n_units_l3': 2272, 'n_units_l4': 576, 'n_units_l5': 2880, 'lr': 0.003328506833687993}. Best is trial 21 with value: 9.217939116500034.
[I 2025-03-22 03:45:54,578] Trial 70 pruned. 
[I 2025-03-22 03:45:56,761] Trial 57 pruned. 
[I 2025-03-22 03:45:57,371] Trial 58 pruned. 
[I 2025-03-22 03:45:58,158] Trial 59 pruned. 
[I 2025-03-22 03:45:58,717] Trial 60 pruned. 
[I 2025-03-22 03:46:01,238] Trial 61 pruned. 
[I 2025-03-22 03:46:03,917] Trial 62 pruned. 
[I 2025-03-22 03:46:04,476] Trial 63 pruned. 
[I 2025-03-22 03:46:04,951] Trial 64 pruned. 
[I 2025-03-22 03:46:05,399] Trial 65 pruned. 
[I 2025-03-22 03:46:31,246] Trial 71 finished with value: 8.250401833148109 and parameters: {'n_units_l0': 256, 'n_units_l1': 736, 'n_units_l2': 1344, 'n_units_l3': 2272, 'n_units_l4': 288, 'n_units_l5': 2592, 'lr': 0.0032873944942124543}. Best is trial 71 with value: 8.250401833148109.
[I 2025-03-22 03:46:31,648] Trial 72 pruned. 
[I 2025-03-22 03:46:32,055] Trial 73 pruned. 
[I 2025-03-22 03:46:32,468] Trial 74 pruned. 
[I 2025-03-22 03:46:43,194] Trial 66 finished with value: 33.37643415572159 and parameters: {'n_units_l0': 576, 'n_units_l1': 288, 'n_units_l2': 1440, 'n_units_l3': 448, 'n_units_l4': 1312, 'n_units_l5': 3392, 'n_units_l6': 1824, 'lr': 0.003229750696586376}. Best is trial 45 with value: 9.110935136921137.
[I 2025-03-22 03:46:43,769] Trial 67 pruned. 
[I 2025-03-22 03:46:45,353] Trial 68 pruned. 
[I 2025-03-22 03:46:46,017] Trial 69 pruned. 
[I 2025-03-22 03:46:46,497] Trial 70 pruned. 
[I 2025-03-22 03:47:09,249] Trial 75 finished with value: 36.4030477873156 and parameters: {'n_units_l0': 128, 'n_units_l1': 320, 'n_units_l2': 640, 'n_units_l3': 2272, 'n_units_l4': 1120, 'n_units_l5': 3104, 'lr': 0.01216294028829175}. Best is trial 71 with value: 8.250401833148109.
[I 2025-03-22 03:47:09,677] Trial 76 pruned. 
[I 2025-03-22 03:47:10,113] Trial 77 pruned. 
[I 2025-03-22 03:47:10,541] Trial 78 pruned. 
[I 2025-03-22 03:47:25,288] Trial 71 finished with value: 33.44727332068075 and parameters: {'n_units_l0': 2816, 'n_units_l1': 608, 'n_units_l2': 1600, 'n_units_l3': 1696, 'n_units_l4': 928, 'n_units_l5': 2400, 'n_units_l6': 2880, 'lr': 0.002029910464882721}. Best is trial 45 with value: 9.110935136921137.
[I 2025-03-22 03:47:32,084] Trial 79 pruned. 
[I 2025-03-22 03:48:03,509] Trial 72 finished with value: 29.002657803848702 and parameters: {'n_units_l0': 3200, 'n_units_l1': 704, 'n_units_l2': 1760, 'n_units_l3': 1888, 'n_units_l4': 480, 'n_units_l5': 2400, 'n_units_l6': 2624, 'lr': 0.0019256102405255371}. Best is trial 45 with value: 9.110935136921137.
[I 2025-03-22 03:48:03,987] Trial 73 pruned. 
[I 2025-03-22 03:48:04,717] Trial 74 pruned. 
[I 2025-03-22 03:48:05,187] Trial 75 pruned. 
[I 2025-03-22 03:48:05,815] Trial 76 pruned. 
[I 2025-03-22 03:48:06,386] Trial 77 pruned. 
[I 2025-03-22 03:48:09,052] Trial 80 finished with value: 9.760351199607534 and parameters: {'n_units_l0': 608, 'n_units_l1': 3616, 'n_units_l2': 800, 'n_units_l3': 2528, 'n_units_l4': 512, 'n_units_l5': 3232, 'lr': 0.002688669308349978}. Best is trial 71 with value: 8.250401833148109.
[I 2025-03-22 03:48:17,405] Trial 78 pruned. 
[I 2025-03-22 03:48:17,867] Trial 79 pruned. 
[I 2025-03-22 03:48:18,338] Trial 80 pruned. 
[I 2025-03-22 03:48:36,074] Trial 81 pruned. 
[I 2025-03-22 03:48:46,097] Trial 81 finished with value: 18.276628541890304 and parameters: {'n_units_l0': 832, 'n_units_l1': 3712, 'n_units_l2': 704, 'n_units_l3': 2464, 'n_units_l4': 832, 'n_units_l5': 3296, 'lr': 0.0023919348833335193}. Best is trial 71 with value: 8.250401833148109.
[I 2025-03-22 03:48:46,536] Trial 82 pruned. 
[I 2025-03-22 03:48:46,976] Trial 83 pruned. 
[I 2025-03-22 03:48:47,391] Trial 84 pruned. 
[I 2025-03-22 03:48:47,817] Trial 85 pruned. 
[I 2025-03-22 03:48:48,686] Trial 86 pruned. 
[I 2025-03-22 03:48:49,131] Trial 87 pruned. 
[I 2025-03-22 03:48:49,572] Trial 88 pruned. 
[I 2025-03-22 03:48:50,031] Trial 89 pruned. 
[I 2025-03-22 03:48:50,808] Trial 90 pruned. 
[I 2025-03-22 03:48:52,306] Trial 91 pruned. 
[I 2025-03-22 03:48:52,939] Trial 92 pruned. 
[I 2025-03-22 03:48:54,340] Trial 93 pruned. 
[I 2025-03-22 03:48:54,982] Trial 94 pruned. 
[I 2025-03-22 03:48:55,777] Trial 95 pruned. 
[I 2025-03-22 03:48:56,519] Trial 96 pruned. 
[I 2025-03-22 03:48:56,963] Trial 97 pruned. 
[I 2025-03-22 03:48:58,059] Trial 98 pruned. 
[I 2025-03-22 03:48:58,495] Trial 99 pruned. 
[I 2025-03-22 03:48:58,614] A new study created in memory with name: no-name-4279e5d3-8119-4fea-a7c1-ec4faa6909e8
[I 2025-03-22 03:49:22,604] Trial 82 finished with value: 34.451194566816895 and parameters: {'n_units_l0': 2752, 'n_units_l1': 1920, 'n_units_l2': 1632, 'n_units_l3': 1664, 'n_units_l4': 1056, 'n_units_l5': 2048, 'n_units_l6': 2272, 'lr': 0.0019454955451094892}. Best is trial 45 with value: 9.110935136921137.
[I 2025-03-22 03:49:23,080] Trial 83 pruned. 
[I 2025-03-22 03:49:23,603] Trial 84 pruned. 
[I 2025-03-22 03:49:25,629] Trial 85 pruned. 
[I 2025-03-22 03:49:26,097] Trial 86 pruned. 
[I 2025-03-22 03:49:37,515] Trial 87 pruned. 
[I 2025-03-22 03:49:37,998] Trial 88 pruned. 
[I 2025-03-22 03:49:38,733] Trial 89 pruned. 
[I 2025-03-22 03:49:39,213] Trial 90 pruned. 
[I 2025-03-22 03:50:01,032] Trial 0 finished with value: 124.78110567088656 and parameters: {'n_units_l0': 2784, 'n_units_l1': 352, 'n_units_l2': 2720, 'n_units_l3': 2144, 'n_units_l4': 2464, 'n_units_l5': 3936, 'n_units_l6': 864, 'n_units_l7': 864, 'lr': 0.04682499939813213}. Best is trial 0 with value: 124.78110567088656.
[I 2025-03-22 03:50:17,565] Trial 91 finished with value: 17.865446208318904 and parameters: {'n_units_l0': 576, 'n_units_l1': 352, 'n_units_l2': 1472, 'n_units_l3': 448, 'n_units_l4': 1280, 'n_units_l5': 3520, 'n_units_l6': 1728, 'lr': 0.00235735538352254}. Best is trial 45 with value: 9.110935136921137.
[I 2025-03-22 03:50:18,778] Trial 92 pruned. 
[I 2025-03-22 03:50:19,237] Trial 93 pruned. 
[I 2025-03-22 03:50:19,698] Trial 94 pruned. 
[I 2025-03-22 03:50:57,891] Trial 95 finished with value: 17.88886446139194 and parameters: {'n_units_l0': 32, 'n_units_l1': 448, 'n_units_l2': 1600, 'n_units_l3': 1056, 'n_units_l4': 480, 'n_units_l5': 3552, 'n_units_l6': 1824, 'lr': 0.002137232273507855}. Best is trial 45 with value: 9.110935136921137.
