[I 2025-03-22 00:55:01,797] Trial 16 finished with value: 36.522771301719935 and parameters: {'n_units_l0': 1568, 'n_units_l1': 2912, 'n_units_l2': 2176, 'n_units_l3': 1376, 'n_units_l4': 4096, 'lr': 0.0033235361506458033}. Best is trial 13 with value: 20.28753825256808.
[I 2025-03-22 00:55:08,441] Trial 61 pruned. 
[I 2025-03-22 00:55:15,516] Trial 17 finished with value: 38.82781183825199 and parameters: {'n_units_l0': 608, 'n_units_l1': 3616, 'n_units_l2': 2336, 'n_units_l3': 576, 'n_units_l4': 2016, 'lr': 0.010288631330440695}. Best is trial 13 with value: 20.28753825256808.
[I 2025-03-22 00:55:15,732] Trial 62 pruned. 
[I 2025-03-22 00:55:15,771] Trial 18 pruned. 
[I 2025-03-22 00:55:16,026] Trial 19 pruned. 
[I 2025-03-22 00:55:16,033] Trial 63 pruned. 
[I 2025-03-22 00:55:16,193] Trial 64 pruned. 
[I 2025-03-22 00:55:16,255] Trial 20 pruned. 
[I 2025-03-22 00:55:16,563] Trial 65 pruned. 
[I 2025-03-22 00:55:16,729] Trial 66 pruned. 
[I 2025-03-22 00:55:16,902] Trial 67 pruned. 
[I 2025-03-22 00:55:17,107] Trial 68 pruned. 
[I 2025-03-22 00:55:17,409] Trial 69 pruned. 
[I 2025-03-22 00:55:17,895] Trial 70 pruned. 
[I 2025-03-22 00:55:18,095] Trial 71 pruned. 
[I 2025-03-22 00:55:18,438] Trial 72 pruned. 
[I 2025-03-22 00:55:18,652] Trial 73 pruned. 
[I 2025-03-22 00:55:18,855] Trial 74 pruned. 
[I 2025-03-22 00:55:19,065] Trial 75 pruned. 
[I 2025-03-22 00:55:19,256] Trial 76 pruned. 
[I 2025-03-22 00:55:19,438] Trial 77 pruned. 
[I 2025-03-22 00:55:19,732] Trial 78 pruned. 
[I 2025-03-22 00:55:20,612] Trial 21 pruned. 
[I 2025-03-22 00:55:26,361] Trial 79 pruned. 
[I 2025-03-22 00:55:26,532] Trial 80 pruned. 
[I 2025-03-22 00:55:26,783] Trial 81 pruned. 
[I 2025-03-22 00:55:26,975] Trial 82 pruned. 
[I 2025-03-22 00:55:27,156] Trial 83 pruned. 
[I 2025-03-22 00:55:27,438] Trial 84 pruned. 
[I 2025-03-22 00:55:27,662] Trial 85 pruned. 
[I 2025-03-22 00:55:27,861] Trial 86 pruned. 
[I 2025-03-22 00:55:28,307] Trial 87 pruned. 
[I 2025-03-22 00:55:36,074] Trial 22 finished with value: 48.69306800419403 and parameters: {'n_units_l0': 800, 'n_units_l1': 3264, 'n_units_l2': 2272, 'n_units_l3': 1344, 'n_units_l4': 3584, 'lr': 0.004991958227134365}. Best is trial 13 with value: 20.28753825256808.
[I 2025-03-22 00:55:36,486] Trial 23 pruned. 
[I 2025-03-22 00:55:36,856] Trial 24 pruned. 
[I 2025-03-22 00:55:38,253] Trial 25 pruned. 
[I 2025-03-22 00:55:38,447] Trial 26 pruned. 
[I 2025-03-22 00:55:41,091] Trial 88 finished with value: 23.92416475382661 and parameters: {'n_units_l0': 224, 'n_units_l1': 1088, 'n_units_l2': 2496, 'n_units_l3': 384, 'lr': 0.002305772022311094}. Best is trial 1 with value: 20.763976188142337.
[I 2025-03-22 00:55:41,260] Trial 89 pruned. 
[I 2025-03-22 00:55:48,443] Trial 90 pruned. 
[I 2025-03-22 00:55:48,646] Trial 91 pruned. 
[I 2025-03-22 00:55:48,815] Trial 92 pruned. 
[I 2025-03-22 00:55:52,103] Trial 27 finished with value: 20.924820043251685 and parameters: {'n_units_l0': 384, 'n_units_l1': 2880, 'n_units_l2': 2464, 'n_units_l3': 416, 'n_units_l4': 2400, 'lr': 0.0020799792916697817}. Best is trial 13 with value: 20.28753825256808.
[I 2025-03-22 00:55:52,288] Trial 28 pruned. 
[I 2025-03-22 00:55:52,490] Trial 29 pruned. 
[I 2025-03-22 00:55:52,716] Trial 30 pruned. 
[I 2025-03-22 00:55:53,623] Trial 31 pruned. 
[I 2025-03-22 00:55:54,506] Trial 32 pruned. 
[I 2025-03-22 00:55:54,803] Trial 33 pruned. 
[I 2025-03-22 00:55:55,244] Trial 34 pruned. 
[I 2025-03-22 00:55:55,593] Trial 35 pruned. 
[I 2025-03-22 00:55:55,827] Trial 36 pruned. 
[I 2025-03-22 00:55:56,737] Trial 37 pruned. 
[I 2025-03-22 00:55:57,011] Trial 38 pruned. 
[I 2025-03-22 00:55:57,236] Trial 39 pruned. 
[I 2025-03-22 00:55:57,457] Trial 40 pruned. 
[I 2025-03-22 00:56:01,613] Trial 93 finished with value: 13.719928475255006 and parameters: {'n_units_l0': 544, 'n_units_l1': 352, 'n_units_l2': 3680, 'n_units_l3': 576, 'lr': 0.0019608897259135254}. Best is trial 93 with value: 13.719928475255006.
[I 2025-03-22 00:56:01,776] Trial 94 pruned. 
[I 2025-03-22 00:56:01,940] Trial 95 pruned. 
[I 2025-03-22 00:56:02,103] Trial 96 pruned. 
[I 2025-03-22 00:56:02,282] Trial 97 pruned. 
[I 2025-03-22 00:56:02,483] Trial 98 pruned. 
[I 2025-03-22 00:56:02,652] Trial 99 pruned. 
[I 2025-03-22 00:56:02,718] A new study created in memory with name: no-name-d6ef6127-1cef-470b-9457-ed8ca81b803d
[I 2025-03-22 00:56:07,958] Trial 41 pruned. 
[I 2025-03-22 00:56:08,308] Trial 42 pruned. 
[I 2025-03-22 00:56:21,899] Trial 43 finished with value: 37.55062987445495 and parameters: {'n_units_l0': 384, 'n_units_l1': 3072, 'n_units_l2': 2784, 'n_units_l3': 928, 'n_units_l4': 1888, 'lr': 0.0043623862337854695}. Best is trial 13 with value: 20.28753825256808.
[I 2025-03-22 00:56:22,502] Trial 44 pruned. 
[I 2025-03-22 00:56:23,476] Trial 45 pruned. 
[I 2025-03-22 00:56:23,697] Trial 46 pruned. 
[I 2025-03-22 00:56:23,927] Trial 47 pruned. 
[I 2025-03-22 00:56:24,366] Trial 48 pruned. 
[I 2025-03-22 00:56:24,589] Trial 49 pruned. 
[I 2025-03-22 00:56:24,875] Trial 50 pruned. 
[I 2025-03-22 00:56:34,212] Trial 0 finished with value: 126.70347655387525 and parameters: {'n_units_l0': 2336, 'n_units_l1': 480, 'n_units_l2': 2144, 'n_units_l3': 3904, 'n_units_l4': 3840, 'n_units_l5': 2880, 'lr': 0.005788115873144675}. Best is trial 0 with value: 126.70347655387525.
[I 2025-03-22 00:56:38,379] Trial 51 finished with value: 38.54032220336874 and parameters: {'n_units_l0': 512, 'n_units_l1': 3168, 'n_units_l2': 2336, 'n_units_l3': 384, 'n_units_l4': 1952, 'lr': 0.010630462662645617}. Best is trial 13 with value: 20.28753825256808.
[I 2025-03-22 00:56:38,582] Trial 52 pruned. 
[I 2025-03-22 00:56:39,431] Trial 53 pruned. 
[I 2025-03-22 00:56:40,399] Trial 54 pruned. 
[I 2025-03-22 00:56:40,589] Trial 55 pruned. 
[I 2025-03-22 00:56:40,938] Trial 56 pruned. 
[I 2025-03-22 00:56:41,155] Trial 57 pruned. 
[I 2025-03-22 00:56:41,370] Trial 58 pruned. 
[I 2025-03-22 00:56:42,234] Trial 59 pruned. 
[I 2025-03-22 00:56:42,463] Trial 60 pruned. 
[I 2025-03-22 00:56:42,690] Trial 61 pruned. 
[I 2025-03-22 00:56:48,538] Trial 1 finished with value: 12.621084036499585 and parameters: {'n_units_l0': 3072, 'n_units_l1': 416, 'n_units_l2': 1056, 'n_units_l3': 1632, 'n_units_l4': 1664, 'n_units_l5': 1568, 'lr': 0.0028111596020753433}. Best is trial 1 with value: 12.621084036499585.
[I 2025-03-22 00:56:52,053] Trial 62 pruned. 
[I 2025-03-22 00:56:52,334] Trial 63 pruned. 
[I 2025-03-22 00:56:52,544] Trial 64 pruned. 
[I 2025-03-22 00:56:53,304] Trial 65 pruned. 
[I 2025-03-22 00:56:54,160] Trial 66 pruned. 
[I 2025-03-22 00:56:54,370] Trial 67 pruned. 
[I 2025-03-22 00:56:54,576] Trial 68 pruned. 
[I 2025-03-22 00:56:54,891] Trial 69 pruned. 
[I 2025-03-22 00:56:55,084] Trial 70 pruned. 
[I 2025-03-22 00:56:56,123] Trial 71 pruned. 
[I 2025-03-22 00:56:56,466] Trial 72 pruned. 
[I 2025-03-22 00:56:56,664] Trial 73 pruned. 
[I 2025-03-22 00:56:57,186] Trial 74 pruned. 
[I 2025-03-22 00:56:58,187] Trial 75 pruned. 
[I 2025-03-22 00:56:58,388] Trial 76 pruned. 
[I 2025-03-22 00:56:58,728] Trial 77 pruned. 
[I 2025-03-22 00:56:59,214] Trial 78 pruned. 
[I 2025-03-22 00:56:59,495] Trial 79 pruned. 
[I 2025-03-22 00:57:00,594] Trial 80 pruned. 
[I 2025-03-22 00:57:01,429] Trial 81 pruned. 
[I 2025-03-22 00:57:02,288] Trial 82 pruned. 
[I 2025-03-22 00:57:03,024] Trial 2 finished with value: 126.56610142021167 and parameters: {'n_units_l0': 3616, 'n_units_l1': 2560, 'n_units_l2': 1248, 'n_units_l3': 1504, 'n_units_l4': 352, 'n_units_l5': 1344, 'lr': 0.04174459016471473}. Best is trial 1 with value: 12.621084036499585.
[I 2025-03-22 00:57:04,068] Trial 83 pruned. 
[I 2025-03-22 00:57:04,556] Trial 84 pruned. 
[I 2025-03-22 00:57:04,912] Trial 85 pruned. 
[I 2025-03-22 00:57:05,227] Trial 86 pruned. 
[I 2025-03-22 00:57:05,811] Trial 87 pruned. 
[I 2025-03-22 00:57:06,131] Trial 88 pruned. 
[I 2025-03-22 00:57:06,462] Trial 89 pruned. 
[I 2025-03-22 00:57:20,111] Trial 90 finished with value: 36.59819870270366 and parameters: {'n_units_l0': 960, 'n_units_l1': 2496, 'n_units_l2': 2368, 'n_units_l3': 1120, 'n_units_l4': 2048, 'lr': 0.005728771942746183}. Best is trial 13 with value: 20.28753825256808.
[I 2025-03-22 00:57:20,999] Trial 91 pruned. 
[I 2025-03-22 00:57:21,486] Trial 92 pruned. 
[I 2025-03-22 00:57:25,316] Trial 3 finished with value: 126.48304816229422 and parameters: {'n_units_l0': 3232, 'n_units_l1': 1984, 'n_units_l2': 3936, 'n_units_l3': 1312, 'n_units_l4': 2400, 'n_units_l5': 992, 'lr': 0.05903782050159658}. Best is trial 1 with value: 12.621084036499585.
[I 2025-03-22 00:57:35,145] Trial 93 finished with value: 15.228820278434215 and parameters: {'n_units_l0': 416, 'n_units_l1': 2848, 'n_units_l2': 1984, 'n_units_l3': 1184, 'n_units_l4': 2208, 'lr': 0.0028417885448310835}. Best is trial 93 with value: 15.228820278434215.
[I 2025-03-22 00:57:35,354] Trial 94 pruned. 
[I 2025-03-22 00:57:36,082] Trial 95 pruned. 
[I 2025-03-22 00:57:36,589] Trial 96 pruned. 
[I 2025-03-22 00:57:50,195] Trial 97 finished with value: 41.18226505303313 and parameters: {'n_units_l0': 160, 'n_units_l1': 2624, 'n_units_l2': 1952, 'n_units_l3': 1024, 'n_units_l4': 2400, 'lr': 0.00921033811573726}. Best is trial 93 with value: 15.228820278434215.
[I 2025-03-22 00:57:50,407] Trial 98 pruned. 
[I 2025-03-22 00:57:51,427] Trial 4 finished with value: 126.9357518281664 and parameters: {'n_units_l0': 1856, 'n_units_l1': 896, 'n_units_l2': 1792, 'n_units_l3': 4096, 'n_units_l4': 3616, 'n_units_l5': 1184, 'lr': 0.03266463724087962}. Best is trial 1 with value: 12.621084036499585.
[I 2025-03-22 00:57:51,657] Trial 5 pruned. 
[I 2025-03-22 00:57:52,013] Trial 6 pruned. 
[I 2025-03-22 00:57:52,521] Trial 7 pruned. 
[I 2025-03-22 00:57:52,731] Trial 8 pruned. 
[I 2025-03-22 00:58:03,986] Trial 99 finished with value: 33.75105646095263 and parameters: {'n_units_l0': 96, 'n_units_l1': 2656, 'n_units_l2': 1568, 'n_units_l3': 1280, 'n_units_l4': 2400, 'lr': 0.014774125635670007}. Best is trial 93 with value: 15.228820278434215.
[I 2025-03-22 00:58:04,075] A new study created in memory with name: no-name-1a396cda-e026-4fed-b7a9-93978cf590d1
[I 2025-03-22 00:58:07,264] Trial 9 finished with value: 126.57923874618425 and parameters: {'n_units_l0': 3072, 'n_units_l1': 32, 'n_units_l2': 3264, 'n_units_l3': 160, 'n_units_l4': 3424, 'n_units_l5': 2208, 'lr': 0.046810591133214195}. Best is trial 1 with value: 12.621084036499585.
[I 2025-03-22 00:58:07,475] Trial 10 pruned. 
[I 2025-03-22 00:58:07,809] Trial 11 pruned. 
[I 2025-03-22 00:58:08,093] Trial 12 pruned. 
[I 2025-03-22 00:58:08,429] Trial 13 pruned. 
[I 2025-03-22 00:58:08,833] Trial 14 pruned. 
[I 2025-03-22 00:58:09,048] Trial 15 pruned. 
[I 2025-03-22 00:58:09,277] Trial 16 pruned. 
[I 2025-03-22 00:58:19,172] Trial 0 finished with value: 124.97774671874438 and parameters: {'n_units_l0': 256, 'n_units_l1': 1312, 'n_units_l2': 832, 'n_units_l3': 256, 'n_units_l4': 1280, 'n_units_l5': 3008, 'n_units_l6': 1120, 'lr': 0.016087398333655484}. Best is trial 0 with value: 124.97774671874438.
[I 2025-03-22 00:58:34,533] Trial 17 finished with value: 26.054951747075688 and parameters: {'n_units_l0': 3328, 'n_units_l1': 1920, 'n_units_l2': 3616, 'n_units_l3': 2080, 'n_units_l4': 2624, 'n_units_l5': 576, 'lr': 0.0003339674240680941}. Best is trial 1 with value: 12.621084036499585.
[I 2025-03-22 00:58:35,172] Trial 1 finished with value: 124.99423641934722 and parameters: {'n_units_l0': 2144, 'n_units_l1': 1792, 'n_units_l2': 2112, 'n_units_l3': 1760, 'n_units_l4': 1568, 'n_units_l5': 544, 'n_units_l6': 3968, 'lr': 0.02562180754353847}. Best is trial 0 with value: 124.97774671874438.
[I 2025-03-22 00:58:59,344] Trial 18 finished with value: 30.560036384389466 and parameters: {'n_units_l0': 2720, 'n_units_l1': 1504, 'n_units_l2': 3200, 'n_units_l3': 2816, 'n_units_l4': 2784, 'n_units_l5': 544, 'lr': 0.0007576981804906512}. Best is trial 1 with value: 12.621084036499585.
[I 2025-03-22 00:58:59,581] Trial 19 pruned. 
[I 2025-03-22 00:58:59,814] Trial 20 pruned. 
[I 2025-03-22 00:59:05,584] Trial 2 finished with value: 125.00956293399662 and parameters: {'n_units_l0': 2016, 'n_units_l1': 576, 'n_units_l2': 3200, 'n_units_l3': 3712, 'n_units_l4': 3520, 'n_units_l5': 1088, 'n_units_l6': 2336, 'lr': 0.0992212843673066}. Best is trial 0 with value: 124.97774671874438.
[I 2025-03-22 00:59:20,826] Trial 3 finished with value: 124.97956998378753 and parameters: {'n_units_l0': 1248, 'n_units_l1': 1888, 'n_units_l2': 2944, 'n_units_l3': 1088, 'n_units_l4': 576, 'n_units_l5': 672, 'n_units_l6': 1216, 'lr': 0.02126276097741648}. Best is trial 0 with value: 124.97774671874438.
[I 2025-03-22 00:59:23,952] Trial 21 finished with value: 18.63093490049003 and parameters: {'n_units_l0': 2688, 'n_units_l1': 1504, 'n_units_l2': 3520, 'n_units_l3': 2528, 'n_units_l4': 2816, 'n_units_l5': 416, 'lr': 0.0005940183430768981}. Best is trial 1 with value: 12.621084036499585.
[I 2025-03-22 00:59:46,706] Trial 22 finished with value: 36.426136010577714 and parameters: {'n_units_l0': 2368, 'n_units_l1': 1472, 'n_units_l2': 3520, 'n_units_l3': 2272, 'n_units_l4': 2816, 'n_units_l5': 704, 'lr': 0.002458251822399315}. Best is trial 1 with value: 12.621084036499585.
[I 2025-03-22 00:59:49,747] Trial 4 finished with value: 125.13065914032613 and parameters: {'n_units_l0': 1888, 'n_units_l1': 1760, 'n_units_l2': 64, 'n_units_l3': 3744, 'n_units_l4': 3488, 'n_units_l5': 3392, 'n_units_l6': 1184, 'lr': 0.03499035954627656}. Best is trial 0 with value: 124.97774671874438.
[I 2025-03-22 00:59:50,151] Trial 5 pruned. 
[I 2025-03-22 00:59:50,763] Trial 6 pruned. 
[I 2025-03-22 00:59:51,542] Trial 7 pruned. 
[I 2025-03-22 00:59:51,833] Trial 8 pruned. 
[I 2025-03-22 00:59:55,077] Trial 23 pruned. 
[I 2025-03-22 00:59:55,590] Trial 24 pruned. 
[I 2025-03-22 00:59:55,921] Trial 25 pruned. 
[I 2025-03-22 00:59:56,375] Trial 26 pruned. 
[I 2025-03-22 00:59:56,766] Trial 27 pruned. 
[I 2025-03-22 01:00:06,936] Trial 9 finished with value: 124.9720058209551 and parameters: {'n_units_l0': 448, 'n_units_l1': 928, 'n_units_l2': 3520, 'n_units_l3': 416, 'n_units_l4': 160, 'n_units_l5': 96, 'n_units_l6': 992, 'lr': 0.08956552090169151}. Best is trial 9 with value: 124.9720058209551.
[I 2025-03-22 01:00:07,331] Trial 10 pruned. 
[I 2025-03-22 01:00:22,438] Trial 11 finished with value: 15.821436611910434 and parameters: {'n_units_l0': 160, 'n_units_l1': 992, 'n_units_l2': 672, 'n_units_l3': 96, 'n_units_l4': 1344, 'n_units_l5': 32, 'n_units_l6': 64, 'lr': 0.0008854971680248847}. Best is trial 11 with value: 15.821436611910434.
[I 2025-03-22 01:00:28,033] Trial 28 finished with value: 19.933279362784145 and parameters: {'n_units_l0': 3456, 'n_units_l1': 2144, 'n_units_l2': 2144, 'n_units_l3': 3488, 'n_units_l4': 3040, 'n_units_l5': 1760, 'lr': 0.0022146223488804994}. Best is trial 1 with value: 12.621084036499585.
[I 2025-03-22 01:00:28,577] Trial 29 pruned. 
[I 2025-03-22 01:00:28,924] Trial 30 pruned. 
[I 2025-03-22 01:00:37,482] Trial 12 finished with value: 20.530612258861055 and parameters: {'n_units_l0': 832, 'n_units_l1': 800, 'n_units_l2': 1088, 'n_units_l3': 32, 'n_units_l4': 64, 'n_units_l5': 64, 'n_units_l6': 160, 'lr': 0.004911315496004737}. Best is trial 11 with value: 15.821436611910434.
[I 2025-03-22 01:00:52,556] Trial 13 finished with value: 14.025250246143749 and parameters: {'n_units_l0': 896, 'n_units_l1': 2432, 'n_units_l2': 1024, 'n_units_l3': 1248, 'n_units_l4': 2112, 'n_units_l5': 64, 'n_units_l6': 32, 'lr': 0.0025748306303687843}. Best is trial 13 with value: 14.025250246143749.
[I 2025-03-22 01:01:00,019] Trial 31 finished with value: 13.381518454211658 and parameters: {'n_units_l0': 3264, 'n_units_l1': 2016, 'n_units_l2': 3680, 'n_units_l3': 2880, 'n_units_l4': 2208, 'n_units_l5': 1696, 'lr': 0.00016400657815755912}. Best is trial 1 with value: 12.621084036499585.
[I 2025-03-22 01:01:00,637] Trial 32 pruned. 
[I 2025-03-22 01:01:00,941] Trial 33 pruned. 
[I 2025-03-22 01:01:01,281] Trial 34 pruned. 
[I 2025-03-22 01:01:07,765] Trial 14 finished with value: 16.091992703116368 and parameters: {'n_units_l0': 928, 'n_units_l1': 2688, 'n_units_l2': 64, 'n_units_l3': 1760, 'n_units_l4': 2240, 'n_units_l5': 1568, 'n_units_l6': 448, 'lr': 0.0007310124469103736}. Best is trial 13 with value: 14.025250246143749.
[I 2025-03-22 01:01:08,011] Trial 15 pruned. 
[I 2025-03-22 01:01:08,531] Trial 16 pruned. 
[I 2025-03-22 01:01:08,859] Trial 17 pruned. 
[I 2025-03-22 01:01:09,086] Trial 18 pruned. 
[I 2025-03-22 01:01:24,348] Trial 19 finished with value: 125.07482714100591 and parameters: {'n_units_l0': 1344, 'n_units_l1': 3904, 'n_units_l2': 512, 'n_units_l3': 1440, 'n_units_l4': 2528, 'n_units_l5': 544, 'n_units_l6': 544, 'lr': 0.010198382388938557}. Best is trial 13 with value: 14.025250246143749.
[I 2025-03-22 01:01:24,593] Trial 20 pruned. 
[I 2025-03-22 01:01:25,735] Trial 35 finished with value: 40.29185683281454 and parameters: {'n_units_l0': 2528, 'n_units_l1': 544, 'n_units_l2': 3744, 'n_units_l3': 3360, 'n_units_l4': 2432, 'n_units_l5': 1184, 'lr': 0.000501117984199788}. Best is trial 1 with value: 12.621084036499585.
[I 2025-03-22 01:01:26,202] Trial 36 pruned. 
[I 2025-03-22 01:01:26,549] Trial 37 pruned. 
[I 2025-03-22 01:01:26,749] Trial 38 pruned. 
[I 2025-03-22 01:01:27,112] Trial 39 pruned. 
[I 2025-03-22 01:01:27,367] Trial 40 pruned. 
[I 2025-03-22 01:01:39,723] Trial 21 finished with value: 60.55080064523795 and parameters: {'n_units_l0': 992, 'n_units_l1': 2688, 'n_units_l2': 64, 'n_units_l3': 1472, 'n_units_l4': 2048, 'n_units_l5': 1632, 'n_units_l6': 544, 'lr': 4.551338213300727e-05}. Best is trial 13 with value: 14.025250246143749.
[I 2025-03-22 01:01:54,906] Trial 22 finished with value: 20.41966898573552 and parameters: {'n_units_l0': 640, 'n_units_l1': 2144, 'n_units_l2': 288, 'n_units_l3': 1760, 'n_units_l4': 2208, 'n_units_l5': 320, 'n_units_l6': 448, 'lr': 0.0005632731424139703}. Best is trial 13 with value: 14.025250246143749.
[I 2025-03-22 01:01:55,126] Trial 23 pruned. 
[I 2025-03-22 01:01:55,333] Trial 24 pruned. 
[I 2025-03-22 01:01:55,695] Trial 25 pruned. 
[I 2025-03-22 01:01:55,929] Trial 26 pruned. 
[I 2025-03-22 01:01:56,139] Trial 27 pruned. 
[I 2025-03-22 01:01:56,274] Trial 41 finished with value: 12.133070773370086 and parameters: {'n_units_l0': 3296, 'n_units_l1': 1920, 'n_units_l2': 3872, 'n_units_l3': 2112, 'n_units_l4': 2624, 'n_units_l5': 1856, 'lr': 0.0004299639265574428}. Best is trial 41 with value: 12.133070773370086.
[I 2025-03-22 01:01:56,378] Trial 28 pruned. 
[I 2025-03-22 01:01:56,615] Trial 29 pruned. 
[I 2025-03-22 01:01:56,722] Trial 42 pruned. 
[I 2025-03-22 01:01:56,835] Trial 30 pruned. 
[I 2025-03-22 01:01:57,119] Trial 43 pruned. 
[I 2025-03-22 01:01:57,660] Trial 44 pruned. 
[I 2025-03-22 01:01:58,178] Trial 45 pruned. 
[I 2025-03-22 01:01:58,517] Trial 46 pruned. 
[I 2025-03-22 01:02:12,050] Trial 31 finished with value: 11.765238846095617 and parameters: {'n_units_l0': 608, 'n_units_l1': 1984, 'n_units_l2': 288, 'n_units_l3': 2496, 'n_units_l4': 2240, 'n_units_l5': 320, 'n_units_l6': 384, 'lr': 0.0005171467750586916}. Best is trial 31 with value: 11.765238846095617.
[I 2025-03-22 01:02:12,083] Trial 47 pruned. 
[I 2025-03-22 01:02:12,264] Trial 32 pruned. 
[I 2025-03-22 01:02:12,404] Trial 48 pruned. 
[I 2025-03-22 01:02:12,626] Trial 49 pruned. 
[I 2025-03-22 01:02:12,874] Trial 50 pruned. 
[I 2025-03-22 01:02:13,276] Trial 51 pruned. 
[I 2025-03-22 01:02:20,720] Trial 52 pruned. 
[I 2025-03-22 01:02:21,066] Trial 53 pruned. 
[I 2025-03-22 01:02:21,474] Trial 54 pruned. 
[I 2025-03-22 01:02:21,891] Trial 55 pruned. 
[I 2025-03-22 01:02:22,370] Trial 56 pruned. 
[I 2025-03-22 01:02:22,655] Trial 57 pruned. 
[I 2025-03-22 01:02:23,154] Trial 58 pruned. 
[I 2025-03-22 01:02:27,491] Trial 33 finished with value: 13.803293188086956 and parameters: {'n_units_l0': 64, 'n_units_l1': 2496, 'n_units_l2': 640, 'n_units_l3': 3296, 'n_units_l4': 1952, 'n_units_l5': 352, 'n_units_l6': 3904, 'lr': 0.0053457412631913006}. Best is trial 31 with value: 11.765238846095617.
[I 2025-03-22 01:02:27,745] Trial 34 pruned. 
[I 2025-03-22 01:02:27,982] Trial 35 pruned. 
[I 2025-03-22 01:02:28,200] Trial 36 pruned. 
[I 2025-03-22 01:02:28,430] Trial 37 pruned. 
[I 2025-03-22 01:02:28,671] Trial 38 pruned. 
[I 2025-03-22 01:02:28,910] Trial 39 pruned. 
[I 2025-03-22 01:02:29,168] Trial 40 pruned. 
[I 2025-03-22 01:02:32,903] Trial 41 pruned. 
[I 2025-03-22 01:02:33,129] Trial 42 pruned. 
[I 2025-03-22 01:02:33,338] Trial 43 pruned. 
[I 2025-03-22 01:02:34,437] Trial 44 pruned. 
[I 2025-03-22 01:02:34,685] Trial 45 pruned. 
[I 2025-03-22 01:02:34,932] Trial 59 pruned. 
[I 2025-03-22 01:02:35,063] Trial 46 pruned. 
[I 2025-03-22 01:02:35,300] Trial 60 pruned. 
[I 2025-03-22 01:02:35,395] Trial 47 pruned. 
[I 2025-03-22 01:02:35,679] Trial 48 pruned. 
[I 2025-03-22 01:02:35,682] Trial 61 pruned. 
[I 2025-03-22 01:02:35,894] Trial 49 pruned. 
[I 2025-03-22 01:02:36,051] Trial 62 pruned. 
[I 2025-03-22 01:02:36,371] Trial 63 pruned. 
[I 2025-03-22 01:02:36,437] Trial 50 pruned. 
[I 2025-03-22 01:02:36,623] Trial 64 pruned. 
[I 2025-03-22 01:02:37,064] Trial 65 pruned. 
[I 2025-03-22 01:02:37,316] Trial 66 pruned. 
[I 2025-03-22 01:02:37,760] Trial 67 pruned. 
[I 2025-03-22 01:02:38,332] Trial 68 pruned. 
[I 2025-03-22 01:02:40,132] Trial 51 pruned. 
[I 2025-03-22 01:02:40,497] Trial 52 pruned. 
[I 2025-03-22 01:02:40,717] Trial 53 pruned. 
[I 2025-03-22 01:02:40,970] Trial 54 pruned. 
[I 2025-03-22 01:02:41,333] Trial 55 pruned. 
[I 2025-03-22 01:02:41,589] Trial 56 pruned. 
[I 2025-03-22 01:02:41,815] Trial 57 pruned. 
[I 2025-03-22 01:02:42,045] Trial 58 pruned. 
[I 2025-03-22 01:02:42,455] Trial 59 pruned. 
[I 2025-03-22 01:02:42,744] Trial 60 pruned. 
[I 2025-03-22 01:02:42,939] Trial 61 pruned. 
[I 2025-03-22 01:02:43,135] Trial 62 pruned. 
[I 2025-03-22 01:02:44,880] Trial 63 pruned. 
