[I 2025-03-22 23:44:48,907] Trial 11 finished with value: 6.917052321090645 and parameters: {'n_units_l0': 736, 'n_units_l1': 3840, 'n_units_l2': 2688, 'lr': 0.002637558523405279}. Best is trial 5 with value: 5.033254489754934.
[I 2025-03-22 23:48:02,965] Trial 12 finished with value: 6.43807265948961 and parameters: {'n_units_l0': 64, 'n_units_l1': 3872, 'n_units_l2': 2432, 'lr': 0.00017184485796783002}. Best is trial 5 with value: 5.033254489754934.
[I 2025-03-22 23:51:15,078] Trial 13 finished with value: 31.36704083887794 and parameters: {'n_units_l0': 32, 'n_units_l1': 1792, 'n_units_l2': 1952, 'lr': 0.026939014347681166}. Best is trial 5 with value: 5.033254489754934.
[I 2025-03-22 23:51:24,776] Trial 14 pruned. 
[I 2025-03-22 23:52:18,508] Trial 34 finished with value: 125.00907833822357 and parameters: {'n_units_l0': 1856, 'n_units_l1': 3968, 'n_units_l2': 2976, 'n_units_l3': 3136, 'n_units_l4': 416, 'n_units_l5': 736, 'n_units_l6': 2304, 'n_units_l7': 3840, 'n_units_l8': 352, 'n_units_l9': 3296, 'n_units_l10': 3552, 'n_units_l11': 800, 'lr': 0.005464117935204206}. Best is trial 20 with value: 5.648809491960337.
[I 2025-03-22 23:52:22,930] Trial 35 pruned. 
[I 2025-03-22 23:52:27,384] Trial 36 pruned. 
[I 2025-03-22 23:54:37,574] Trial 15 finished with value: 19.800476541953174 and parameters: {'n_units_l0': 64, 'n_units_l1': 1376, 'n_units_l2': 4000, 'lr': 0.012944482162150118}. Best is trial 5 with value: 5.033254489754934.
[I 2025-03-22 23:54:39,584] Trial 16 pruned. 
[I 2025-03-22 23:54:59,180] Trial 17 pruned. 
[I 2025-03-22 23:55:18,932] Trial 18 pruned. 
[I 2025-03-22 23:55:22,213] Trial 19 pruned. 
[I 2025-03-22 23:55:24,167] Trial 20 pruned. 
[I 2025-03-22 23:55:30,129] Trial 21 pruned. 
[I 2025-03-22 23:58:43,981] Trial 22 finished with value: 17.648837378891 and parameters: {'n_units_l0': 736, 'n_units_l1': 3072, 'n_units_l2': 2560, 'lr': 0.008191203613893}. Best is trial 5 with value: 5.033254489754934.
[I 2025-03-22 23:58:46,013] Trial 23 pruned. 
[I 2025-03-22 23:58:48,604] Trial 24 pruned. 
[I 2025-03-22 23:58:56,378] Trial 25 pruned. 
[I 2025-03-22 23:58:58,435] Trial 26 pruned. 
[I 2025-03-22 23:59:15,863] Trial 27 pruned. 
[I 2025-03-22 23:59:33,421] Trial 28 pruned. 
[I 2025-03-22 23:59:36,693] Trial 29 pruned. 
[I 2025-03-22 23:59:40,941] Trial 30 pruned. 
[I 2025-03-22 23:59:43,017] Trial 31 pruned. 
[I 2025-03-23 00:01:37,371] Trial 37 finished with value: 125.01192505277285 and parameters: {'n_units_l0': 3488, 'n_units_l1': 2432, 'n_units_l2': 3712, 'n_units_l3': 3808, 'n_units_l4': 1312, 'n_units_l5': 1056, 'n_units_l6': 1696, 'n_units_l7': 3008, 'n_units_l8': 448, 'n_units_l9': 3456, 'n_units_l10': 3328, 'n_units_l11': 1888, 'lr': 0.018481001545344114}. Best is trial 20 with value: 5.648809491960337.
[I 2025-03-23 00:01:40,172] Trial 38 pruned. 
[I 2025-03-23 00:01:46,105] Trial 39 pruned. 
[I 2025-03-23 00:01:50,403] Trial 40 pruned. 
[I 2025-03-23 00:02:57,733] Trial 32 finished with value: 12.980859953373123 and parameters: {'n_units_l0': 768, 'n_units_l1': 3392, 'n_units_l2': 2208, 'lr': 0.01456487221683761}. Best is trial 5 with value: 5.033254489754934.
[I 2025-03-23 00:06:12,059] Trial 33 finished with value: 23.80054092423023 and parameters: {'n_units_l0': 480, 'n_units_l1': 3872, 'n_units_l2': 2816, 'lr': 0.0052498998995316295}. Best is trial 5 with value: 5.033254489754934.
[I 2025-03-23 00:06:29,630] Trial 34 pruned. 
[I 2025-03-23 00:09:43,676] Trial 35 finished with value: 16.846530593084772 and parameters: {'n_units_l0': 1088, 'n_units_l1': 3232, 'n_units_l2': 1696, 'lr': 0.003942280193741862}. Best is trial 5 with value: 5.033254489754934.
[I 2025-03-23 00:09:45,735] Trial 36 pruned. 
[I 2025-03-23 00:09:47,831] Trial 37 pruned. 
[I 2025-03-23 00:10:22,790] Trial 38 pruned. 
[I 2025-03-23 00:10:36,690] Trial 39 pruned. 
[I 2025-03-23 00:10:38,655] Trial 40 pruned. 
[I 2025-03-23 00:10:42,642] Trial 41 pruned. 
[I 2025-03-23 00:10:45,069] Trial 41 finished with value: 10.335574928581048 and parameters: {'n_units_l0': 2560, 'n_units_l1': 3808, 'n_units_l2': 2912, 'n_units_l3': 4064, 'n_units_l4': 1088, 'n_units_l5': 1152, 'n_units_l6': 1248, 'n_units_l7': 3328, 'n_units_l8': 1248, 'n_units_l9': 3008, 'n_units_l10': 3936, 'n_units_l11': 32, 'lr': 0.0015505971751397344}. Best is trial 20 with value: 5.648809491960337.
[I 2025-03-23 00:10:46,540] Trial 42 pruned. 
[I 2025-03-23 00:11:40,488] Trial 43 pruned. 
[I 2025-03-23 00:11:42,392] Trial 44 pruned. 
[I 2025-03-23 00:11:44,422] Trial 45 pruned. 
[I 2025-03-23 00:11:46,469] Trial 46 pruned. 
[I 2025-03-23 00:11:48,409] Trial 47 pruned. 
[I 2025-03-23 00:11:52,325] Trial 48 pruned. 
[I 2025-03-23 00:11:54,412] Trial 49 pruned. 
[I 2025-03-23 00:11:56,522] Trial 50 pruned. 
[I 2025-03-23 00:11:58,451] Trial 51 pruned. 
[I 2025-03-23 00:12:00,476] Trial 52 pruned. 
[I 2025-03-23 00:12:02,420] Trial 53 pruned. 
[I 2025-03-23 00:15:17,276] Trial 54 finished with value: 9.743159701441222 and parameters: {'n_units_l0': 288, 'n_units_l1': 3456, 'n_units_l2': 2208, 'lr': 0.003208359802677794}. Best is trial 5 with value: 5.033254489754934.
[I 2025-03-23 00:15:28,863] Trial 55 pruned. 
[I 2025-03-23 00:15:32,869] Trial 56 pruned. 
[I 2025-03-23 00:15:44,396] Trial 57 pruned. 
[I 2025-03-23 00:18:56,189] Trial 58 finished with value: 22.1531934779625 and parameters: {'n_units_l0': 384, 'n_units_l1': 992, 'n_units_l2': 2880, 'lr': 0.008170870111107417}. Best is trial 5 with value: 5.033254489754934.
[I 2025-03-23 00:19:02,089] Trial 59 pruned. 
[I 2025-03-23 00:19:04,076] Trial 60 pruned. 
[I 2025-03-23 00:19:42,193] Trial 42 finished with value: 3.7319023237544084 and parameters: {'n_units_l0': 3200, 'n_units_l1': 4096, 'n_units_l2': 2016, 'n_units_l3': 3872, 'n_units_l4': 1184, 'n_units_l5': 1440, 'n_units_l6': 1056, 'n_units_l7': 3328, 'n_units_l8': 992, 'n_units_l9': 3168, 'n_units_l10': 3936, 'n_units_l11': 640, 'lr': 4.957407649269991e-05}. Best is trial 42 with value: 3.7319023237544084.
[I 2025-03-23 00:19:48,050] Trial 43 pruned. 
[I 2025-03-23 00:19:53,473] Trial 44 pruned. 
[I 2025-03-23 00:19:58,612] Trial 45 pruned. 
[I 2025-03-23 00:20:04,956] Trial 46 pruned. 
[I 2025-03-23 00:22:16,088] Trial 61 finished with value: 6.860906465161468 and parameters: {'n_units_l0': 800, 'n_units_l1': 3104, 'n_units_l2': 1824, 'lr': 0.0036021039754938373}. Best is trial 5 with value: 5.033254489754934.
[I 2025-03-23 00:22:18,090] Trial 62 pruned. 
[I 2025-03-23 00:22:21,974] Trial 63 pruned. 
[I 2025-03-23 00:22:24,058] Trial 64 pruned. 
[I 2025-03-23 00:25:36,076] Trial 65 finished with value: 13.238777440834985 and parameters: {'n_units_l0': 256, 'n_units_l1': 3552, 'n_units_l2': 2016, 'lr': 0.011190525983034359}. Best is trial 5 with value: 5.033254489754934.
[I 2025-03-23 00:25:38,159] Trial 66 pruned. 
[I 2025-03-23 00:26:38,480] Trial 47 finished with value: 125.02205363831446 and parameters: {'n_units_l0': 3456, 'n_units_l1': 2912, 'n_units_l2': 1440, 'n_units_l3': 3264, 'n_units_l4': 288, 'n_units_l5': 2496, 'n_units_l6': 2176, 'n_units_l7': 2720, 'n_units_l8': 288, 'n_units_l9': 2720, 'n_units_l10': 2720, 'n_units_l11': 1312, 'lr': 0.004663776385456625}. Best is trial 42 with value: 3.7319023237544084.
[I 2025-03-23 00:28:51,661] Trial 67 finished with value: 10.856301597623016 and parameters: {'n_units_l0': 96, 'n_units_l1': 2688, 'n_units_l2': 3008, 'lr': 0.002276694852690572}. Best is trial 5 with value: 5.033254489754934.
[I 2025-03-23 00:32:04,752] Trial 68 finished with value: 4.984975865012721 and parameters: {'n_units_l0': 128, 'n_units_l1': 2496, 'n_units_l2': 2976, 'lr': 0.002221351183396998}. Best is trial 68 with value: 4.984975865012721.
[I 2025-03-23 00:35:09,829] Trial 48 finished with value: 125.0138994392567 and parameters: {'n_units_l0': 4096, 'n_units_l1': 3168, 'n_units_l2': 3264, 'n_units_l3': 2848, 'n_units_l4': 640, 'n_units_l5': 992, 'n_units_l6': 416, 'n_units_l7': 3936, 'n_units_l8': 736, 'n_units_l9': 3168, 'n_units_l10': 3456, 'n_units_l11': 2016, 'lr': 0.01691429693107757}. Best is trial 42 with value: 3.7319023237544084.
[I 2025-03-23 00:35:15,723] Trial 49 pruned. 
[I 2025-03-23 00:35:18,358] Trial 50 pruned. 
[I 2025-03-23 00:35:18,771] Trial 69 finished with value: 6.541196730315668 and parameters: {'n_units_l0': 160, 'n_units_l1': 2432, 'n_units_l2': 3168, 'lr': 0.0031684576490626708}. Best is trial 68 with value: 4.984975865012721.
[I 2025-03-23 00:38:32,260] Trial 70 finished with value: 15.344400847475002 and parameters: {'n_units_l0': 3712, 'n_units_l1': 1952, 'n_units_l2': 3168, 'lr': 0.006428739488157155}. Best is trial 68 with value: 4.984975865012721.
[I 2025-03-23 00:38:36,103] Trial 71 pruned. 
[I 2025-03-23 00:41:49,906] Trial 72 finished with value: 7.4798536687081105 and parameters: {'n_units_l0': 160, 'n_units_l1': 2304, 'n_units_l2': 3424, 'lr': 0.0023955103900740156}. Best is trial 68 with value: 4.984975865012721.
[I 2025-03-23 00:43:51,466] Trial 51 finished with value: 7.666824385968177 and parameters: {'n_units_l0': 2624, 'n_units_l1': 3552, 'n_units_l2': 2784, 'n_units_l3': 3776, 'n_units_l4': 1088, 'n_units_l5': 1408, 'n_units_l6': 1152, 'n_units_l7': 3104, 'n_units_l8': 1152, 'n_units_l9': 3040, 'n_units_l10': 3680, 'n_units_l11': 256, 'lr': 0.001174244514384561}. Best is trial 42 with value: 3.7319023237544084.
[I 2025-03-23 00:45:03,995] Trial 73 finished with value: 7.6136593597710975 and parameters: {'n_units_l0': 384, 'n_units_l1': 2272, 'n_units_l2': 3456, 'lr': 0.005760395058378194}. Best is trial 68 with value: 4.984975865012721.
[I 2025-03-23 00:45:05,990] Trial 74 pruned. 
[I 2025-03-23 00:48:19,810] Trial 75 finished with value: 11.769072237298712 and parameters: {'n_units_l0': 160, 'n_units_l1': 2208, 'n_units_l2': 3776, 'lr': 0.009812573150224761}. Best is trial 68 with value: 4.984975865012721.
[I 2025-03-23 00:48:25,659] Trial 76 pruned. 
[I 2025-03-23 00:48:27,676] Trial 77 pruned. 
[I 2025-03-23 00:48:33,684] Trial 78 pruned. 
[I 2025-03-23 00:48:35,733] Trial 79 pruned. 
[I 2025-03-23 00:48:37,611] Trial 80 pruned. 
[I 2025-03-23 00:48:41,595] Trial 81 pruned. 
[I 2025-03-23 00:48:43,485] Trial 82 pruned. 
[I 2025-03-23 00:49:03,140] Trial 83 pruned. 
[I 2025-03-23 00:49:10,948] Trial 84 pruned. 
[I 2025-03-23 00:52:16,300] Trial 52 finished with value: 125.01187323216108 and parameters: {'n_units_l0': 2848, 'n_units_l1': 3552, 'n_units_l2': 2720, 'n_units_l3': 3872, 'n_units_l4': 1472, 'n_units_l5': 1440, 'n_units_l6': 832, 'n_units_l7': 3584, 'n_units_l8': 832, 'n_units_l9': 3008, 'n_units_l10': 3616, 'n_units_l11': 192, 'lr': 0.004630098171772417}. Best is trial 42 with value: 3.7319023237544084.
[I 2025-03-23 00:52:21,184] Trial 53 pruned. 
[I 2025-03-23 00:52:24,559] Trial 85 finished with value: 11.65796626916884 and parameters: {'n_units_l0': 448, 'n_units_l1': 2624, 'n_units_l2': 2656, 'lr': 0.007500712482328743}. Best is trial 68 with value: 4.984975865012721.
[I 2025-03-23 00:55:39,361] Trial 86 finished with value: 11.601300507590135 and parameters: {'n_units_l0': 160, 'n_units_l1': 2208, 'n_units_l2': 3968, 'lr': 0.005199912510612741}. Best is trial 68 with value: 4.984975865012721.
[I 2025-03-23 00:55:47,310] Trial 87 pruned. 
[I 2025-03-23 00:55:53,123] Trial 88 pruned. 
[I 2025-03-23 00:55:59,108] Trial 89 pruned. 
[I 2025-03-23 00:56:01,131] Trial 90 pruned. 
[I 2025-03-23 00:56:09,053] Trial 91 pruned. 
[I 2025-03-23 00:58:54,367] Trial 54 finished with value: 5.959301353631177 and parameters: {'n_units_l0': 2240, 'n_units_l1': 3552, 'n_units_l2': 2848, 'n_units_l3': 32, 'n_units_l4': 512, 'n_units_l5': 1696, 'n_units_l6': 1600, 'n_units_l7': 2848, 'n_units_l8': 1408, 'n_units_l9': 3456, 'n_units_l10': 2400, 'n_units_l11': 32, 'lr': 0.00027439567733623336}. Best is trial 42 with value: 3.7319023237544084.
[I 2025-03-23 00:59:22,262] Trial 92 finished with value: 7.8622521038079904 and parameters: {'n_units_l0': 544, 'n_units_l1': 2720, 'n_units_l2': 2976, 'lr': 0.004495815568549381}. Best is trial 68 with value: 4.984975865012721.
[I 2025-03-23 00:59:24,157] Trial 93 pruned. 
[I 2025-03-23 00:59:29,992] Trial 94 pruned. 
[I 2025-03-23 00:59:31,986] Trial 95 pruned. 
[I 2025-03-23 00:59:33,935] Trial 96 pruned. 
[I 2025-03-23 01:02:48,980] Trial 97 finished with value: 10.936422791272307 and parameters: {'n_units_l0': 256, 'n_units_l1': 3008, 'n_units_l2': 3392, 'lr': 0.009009754646653913}. Best is trial 68 with value: 4.984975865012721.
[I 2025-03-23 01:02:53,316] Trial 98 pruned. 
[I 2025-03-23 01:02:57,289] Trial 99 pruned. 
[I 2025-03-23 01:02:57,647] A new study created in memory with name: no-name-e44adcb4-2deb-4d4d-9d44-583cedaaba2b
[I 2025-03-23 01:05:13,548] Trial 55 finished with value: 125.01202069741176 and parameters: {'n_units_l0': 2240, 'n_units_l1': 2592, 'n_units_l2': 2400, 'n_units_l3': 704, 'n_units_l4': 480, 'n_units_l5': 1696, 'n_units_l6': 1600, 'n_units_l7': 2816, 'n_units_l8': 1920, 'n_units_l9': 3424, 'n_units_l10': 2272, 'n_units_l11': 192, 'lr': 0.004207617459856051}. Best is trial 42 with value: 3.7319023237544084.
[I 2025-03-23 01:05:17,966] Trial 56 pruned. 
[I 2025-03-23 01:05:22,435] Trial 57 pruned. 
[I 2025-03-23 01:05:27,437] Trial 58 pruned. 
[I 2025-03-23 01:05:31,942] Trial 59 pruned. 
[I 2025-03-23 01:05:35,930] Trial 60 pruned. 
[I 2025-03-23 01:06:26,145] Trial 0 finished with value: 125.23457678457076 and parameters: {'n_units_l0': 2880, 'n_units_l1': 1632, 'n_units_l2': 4032, 'n_units_l3': 1024, 'lr': 0.06368733780092067}. Best is trial 0 with value: 125.23457678457076.
[I 2025-03-23 01:09:52,078] Trial 1 finished with value: 125.23007158320941 and parameters: {'n_units_l0': 2784, 'n_units_l1': 768, 'n_units_l2': 2144, 'n_units_l3': 1920, 'lr': 0.026672082206119822}. Best is trial 1 with value: 125.23007158320941.
[I 2025-03-23 01:13:15,351] Trial 61 finished with value: 12.298432910642983 and parameters: {'n_units_l0': 2400, 'n_units_l1': 3552, 'n_units_l2': 2176, 'n_units_l3': 3936, 'n_units_l4': 896, 'n_units_l5': 1376, 'n_units_l6': 928, 'n_units_l7': 3104, 'n_units_l8': 1280, 'n_units_l9': 2560, 'n_units_l10': 4032, 'n_units_l11': 480, 'lr': 0.0008212833850713201}. Best is trial 42 with value: 3.7319023237544084.
[I 2025-03-23 01:13:19,163] Trial 2 finished with value: 38.780775095609116 and parameters: {'n_units_l0': 2208, 'n_units_l1': 2720, 'n_units_l2': 576, 'n_units_l3': 2048, 'lr': 0.04698448796705373}. Best is trial 2 with value: 38.780775095609116.
[I 2025-03-23 01:17:17,924] Trial 3 finished with value: 125.24848427088507 and parameters: {'n_units_l0': 3552, 'n_units_l1': 1504, 'n_units_l2': 2816, 'n_units_l3': 2944, 'lr': 0.03919597204931998}. Best is trial 2 with value: 38.780775095609116.
[I 2025-03-23 01:20:46,169] Trial 4 finished with value: 8.524283438089638 and parameters: {'n_units_l0': 3840, 'n_units_l1': 1856, 'n_units_l2': 1440, 'n_units_l3': 3296, 'lr': 0.004016766653656759}. Best is trial 4 with value: 8.524283438089638.
[I 2025-03-23 01:20:50,180] Trial 5 pruned. 
[I 2025-03-23 01:20:52,270] Trial 6 pruned. 
[I 2025-03-23 01:20:54,301] Trial 7 pruned. 
[I 2025-03-23 01:21:03,048] Trial 62 finished with value: 10.392789430393954 and parameters: {'n_units_l0': 2624, 'n_units_l1': 3232, 'n_units_l2': 1824, 'n_units_l3': 896, 'n_units_l4': 704, 'n_units_l5': 1184, 'n_units_l6': 1376, 'n_units_l7': 3392, 'n_units_l8': 4032, 'n_units_l9': 2240, 'n_units_l10': 2432, 'n_units_l11': 960, 'lr': 0.0026003811966347763}. Best is trial 42 with value: 3.7319023237544084.
[I 2025-03-23 01:21:08,591] Trial 63 pruned. 
[I 2025-03-23 01:21:13,072] Trial 64 pruned. 
[I 2025-03-23 01:25:41,318] Trial 8 finished with value: 13.555645169233726 and parameters: {'n_units_l0': 704, 'n_units_l1': 3296, 'n_units_l2': 3296, 'n_units_l3': 2240, 'lr': 0.009380261369745598}. Best is trial 4 with value: 8.524283438089638.
[I 2025-03-23 01:28:18,431] Trial 65 finished with value: 125.034073904209 and parameters: {'n_units_l0': 2656, 'n_units_l1': 3744, 'n_units_l2': 448, 'n_units_l3': 1792, 'n_units_l4': 352, 'n_units_l5': 1376, 'n_units_l6': 1312, 'n_units_l7': 3488, 'n_units_l8': 3040, 'n_units_l9': 3264, 'n_units_l10': 1920, 'n_units_l11': 960, 'lr': 0.003155817658318348}. Best is trial 42 with value: 3.7319023237544084.
[I 2025-03-23 01:28:23,207] Trial 66 pruned. 
[I 2025-03-23 01:29:09,104] Trial 9 finished with value: 25.353316211787273 and parameters: {'n_units_l0': 128, 'n_units_l1': 2272, 'n_units_l2': 2528, 'n_units_l3': 3072, 'lr': 0.015389168038133607}. Best is trial 4 with value: 8.524283438089638.
[I 2025-03-23 01:29:11,218] Trial 10 pruned. 
[I 2025-03-23 01:29:16,225] Trial 11 pruned. 
[I 2025-03-23 01:32:45,682] Trial 12 finished with value: 18.161675085562386 and parameters: {'n_units_l0': 1152, 'n_units_l1': 3200, 'n_units_l2': 1568, 'n_units_l3': 3200, 'lr': 0.003992519120364822}. Best is trial 4 with value: 8.524283438089638.
[I 2025-03-23 01:32:47,764] Trial 13 pruned. 
[I 2025-03-23 01:32:50,216] Trial 14 pruned. 
[I 2025-03-23 01:32:53,417] Trial 15 pruned. 
[I 2025-03-23 01:32:56,412] Trial 16 pruned. 
[I 2025-03-23 01:33:00,754] Trial 17 pruned. 
[I 2025-03-23 01:33:05,097] Trial 18 pruned. 
[I 2025-03-23 01:33:07,145] Trial 19 pruned. 
[I 2025-03-23 01:33:15,364] Trial 20 pruned. 
[I 2025-03-23 01:33:17,424] Trial 21 pruned. 
[I 2025-03-23 01:33:19,603] Trial 22 pruned. 
[I 2025-03-23 01:33:21,957] Trial 23 pruned. 
[I 2025-03-23 01:34:18,029] Trial 67 finished with value: 125.01698042960709 and parameters: {'n_units_l0': 2816, 'n_units_l1': 3392, 'n_units_l2': 2048, 'n_units_l3': 480, 'n_units_l4': 960, 'n_units_l5': 928, 'n_units_l6': 1632, 'n_units_l7': 736, 'n_units_l8': 2272, 'n_units_l9': 2976, 'n_units_l10': 2592, 'n_units_l11': 576, 'lr': 0.007649238483444776}. Best is trial 42 with value: 3.7319023237544084.
[I 2025-03-23 01:34:38,240] Trial 24 pruned. 
[I 2025-03-23 01:34:40,547] Trial 25 pruned. 
[I 2025-03-23 01:35:11,241] Trial 26 pruned. 
[I 2025-03-23 01:35:13,391] Trial 27 pruned. 
[I 2025-03-23 01:35:15,573] Trial 28 pruned. 
[I 2025-03-23 01:35:19,939] Trial 29 pruned. 
[I 2025-03-23 01:35:22,339] Trial 30 pruned. 
[I 2025-03-23 01:38:51,153] Trial 31 finished with value: 19.11891674606643 and parameters: {'n_units_l0': 96, 'n_units_l1': 2400, 'n_units_l2': 2528, 'n_units_l3': 3008, 'lr': 0.013808551364213328}. Best is trial 4 with value: 8.524283438089638.
[I 2025-03-23 01:38:55,390] Trial 32 pruned. 
[I 2025-03-23 01:39:05,210] Trial 33 pruned. 
[I 2025-03-23 01:39:07,244] Trial 34 pruned. 
[I 2025-03-23 01:39:38,693] Trial 35 pruned. 
[I 2025-03-23 01:39:42,873] Trial 36 pruned. 
[I 2025-03-23 01:39:45,012] Trial 37 pruned. 
[I 2025-03-23 01:39:47,188] Trial 38 pruned. 
[I 2025-03-23 01:39:49,373] Trial 39 pruned. 
[I 2025-03-23 01:39:51,395] Trial 40 pruned. 
[I 2025-03-23 01:41:25,104] Trial 68 finished with value: 6.327988961617358 and parameters: {'n_units_l0': 2368, 'n_units_l1': 3648, 'n_units_l2': 3136, 'n_units_l3': 2656, 'n_units_l4': 512, 'n_units_l5': 1568, 'n_units_l6': 864, 'n_units_l7': 3776, 'n_units_l8': 1184, 'n_units_l9': 448, 'n_units_l10': 3136, 'n_units_l11': 2336, 'lr': 0.0007061455965114768}. Best is trial 42 with value: 3.7319023237544084.
[I 2025-03-23 01:43:18,320] Trial 41 finished with value: 6.235000154354569 and parameters: {'n_units_l0': 192, 'n_units_l1': 2080, 'n_units_l2': 2656, 'n_units_l3': 3136, 'lr': 0.00469557556809331}. Best is trial 41 with value: 6.235000154354569.
[I 2025-03-23 01:47:14,670] Trial 42 finished with value: 16.390136599550576 and parameters: {'n_units_l0': 288, 'n_units_l1': 2208, 'n_units_l2': 2848, 'n_units_l3': 3744, 'lr': 0.004652466154027999}. Best is trial 41 with value: 6.235000154354569.
[I 2025-03-23 01:47:17,436] Trial 43 pruned. 
[I 2025-03-23 01:47:35,119] Trial 44 pruned. 
[I 2025-03-23 01:47:37,243] Trial 45 pruned. 
[I 2025-03-23 01:47:39,569] Trial 46 pruned. 
[I 2025-03-23 01:47:42,677] Trial 47 pruned. 
[I 2025-03-23 01:47:45,844] Trial 48 pruned. 
[I 2025-03-23 01:47:50,147] Trial 49 pruned. 
[I 2025-03-23 01:47:56,295] Trial 50 pruned. 
[I 2025-03-23 01:48:02,605] Trial 51 pruned. 
[I 2025-03-23 01:48:08,809] Trial 52 pruned. 
[I 2025-03-23 01:48:51,261] Trial 69 finished with value: 5.541892172935843 and parameters: {'n_units_l0': 3648, 'n_units_l1': 3488, 'n_units_l2': 3040, 'n_units_l3': 2624, 'n_units_l4': 544, 'n_units_l5': 1600, 'n_units_l6': 960, 'n_units_l7': 4000, 'n_units_l8': 1184, 'n_units_l9': 160, 'n_units_l10': 3200, 'n_units_l11': 2048, 'lr': 9.703111686298492e-05}. Best is trial 42 with value: 3.7319023237544084.
[I 2025-03-23 01:48:55,880] Trial 70 pruned. 
[I 2025-03-23 01:51:35,591] Trial 53 finished with value: 13.745350614623039 and parameters: {'n_units_l0': 192, 'n_units_l1': 2112, 'n_units_l2': 1824, 'n_units_l3': 2816, 'lr': 0.004612811493935028}. Best is trial 41 with value: 6.235000154354569.
[I 2025-03-23 01:51:41,713] Trial 54 pruned. 
[I 2025-03-23 01:51:47,950] Trial 55 pruned. 
[I 2025-03-23 01:51:50,090] Trial 56 pruned. 
[I 2025-03-23 01:51:52,144] Trial 57 pruned. 
[I 2025-03-23 01:52:08,667] Trial 58 pruned. 
[I 2025-03-23 01:52:12,860] Trial 59 pruned. 
[I 2025-03-23 01:52:14,920] Trial 60 pruned. 
[I 2025-03-23 01:52:21,274] Trial 61 pruned. 
[I 2025-03-23 01:52:27,571] Trial 62 pruned. 
[I 2025-03-23 01:55:54,141] Trial 63 finished with value: 12.098586944957095 and parameters: {'n_units_l0': 64, 'n_units_l1': 2464, 'n_units_l2': 1920, 'n_units_l3': 3072, 'lr': 0.0033413803647943403}. Best is trial 41 with value: 6.235000154354569.
[I 2025-03-23 01:56:00,077] Trial 71 finished with value: 8.978173410590172 and parameters: {'n_units_l0': 2368, 'n_units_l1': 3648, 'n_units_l2': 3424, 'n_units_l3': 2240, 'n_units_l4': 416, 'n_units_l5': 1536, 'n_units_l6': 704, 'n_units_l7': 3808, 'n_units_l8': 1376, 'n_units_l9': 320, 'n_units_l10': 3200, 'n_units_l11': 2304, 'lr': 0.00045844500436919915}. Best is trial 42 with value: 3.7319023237544084.
