[I 2025-03-21 23:34:37,167] Trial 2 finished with value: 249.0898292943051 and parameters: {'n_units_l0': 3488, 'n_units_l1': 2752, 'n_units_l2': 3392, 'n_units_l3': 768, 'n_units_l4': 320, 'n_units_l5': 928, 'n_units_l6': 2752, 'n_units_l7': 2656, 'n_units_l8': 3744, 'n_units_l9': 2208, 'n_units_l10': 2144, 'lr': 0.051596365472675}. Best is trial 0 with value: 91.89782192832546.
[I 2025-03-21 23:34:37,747] Trial 65 finished with value: 42.643748233192845 and parameters: {'n_units_l0': 128, 'n_units_l1': 1792, 'n_units_l2': 3968, 'n_units_l3': 2432, 'n_units_l4': 3264, 'n_units_l5': 320, 'n_units_l6': 2080, 'n_units_l7': 3616, 'n_units_l8': 672, 'n_units_l9': 2176, 'lr': 0.0035642507324875872}. Best is trial 65 with value: 42.643748233192845.
[I 2025-03-21 23:34:38,114] Trial 66 pruned. 
[I 2025-03-21 23:34:38,305] Trial 67 pruned. 
[I 2025-03-21 23:34:38,535] Trial 68 pruned. 
[I 2025-03-21 23:34:38,780] Trial 69 pruned. 
[I 2025-03-21 23:34:39,260] Trial 70 pruned. 
[I 2025-03-21 23:34:39,701] Trial 71 pruned. 
[I 2025-03-21 23:34:39,976] Trial 72 pruned. 
[I 2025-03-21 23:34:40,366] Trial 73 pruned. 
[I 2025-03-21 23:34:40,659] Trial 3 finished with value: 124.44235751503392 and parameters: {'n_units_l0': 192, 'n_units_l1': 2240, 'n_units_l2': 2272, 'n_units_l3': 1760, 'n_units_l4': 2688, 'n_units_l5': 3264, 'n_units_l6': 1184, 'n_units_l7': 256, 'n_units_l8': 896, 'n_units_l9': 1696, 'n_units_l10': 3648, 'lr': 0.015319906386695021}. Best is trial 0 with value: 91.89782192832546.
[I 2025-03-21 23:34:40,940] Trial 74 pruned. 
[I 2025-03-21 23:34:41,313] Trial 75 pruned. 
[I 2025-03-21 23:34:41,582] Trial 76 pruned. 
[I 2025-03-21 23:34:41,843] Trial 77 pruned. 
[I 2025-03-21 23:34:42,157] Trial 78 pruned. 
[I 2025-03-21 23:34:42,411] Trial 79 pruned. 
[I 2025-03-21 23:34:42,737] Trial 80 pruned. 
[I 2025-03-21 23:34:43,262] Trial 81 pruned. 
[I 2025-03-21 23:34:43,568] Trial 82 pruned. 
[I 2025-03-21 23:34:43,849] Trial 83 pruned. 
[I 2025-03-21 23:34:44,215] Trial 84 pruned. 
[I 2025-03-21 23:34:44,542] Trial 85 pruned. 
[I 2025-03-21 23:34:44,872] Trial 86 pruned. 
[I 2025-03-21 23:34:45,385] Trial 87 pruned. 
[I 2025-03-21 23:34:45,586] Trial 88 pruned. 
[I 2025-03-21 23:34:45,968] Trial 89 pruned. 
[I 2025-03-21 23:34:46,274] Trial 90 pruned. 
[I 2025-03-21 23:34:46,598] Trial 91 pruned. 
[I 2025-03-21 23:34:46,937] Trial 92 pruned. 
[I 2025-03-21 23:34:47,208] Trial 4 finished with value: inf and parameters: {'n_units_l0': 736, 'n_units_l1': 3872, 'n_units_l2': 3936, 'n_units_l3': 3264, 'n_units_l4': 2368, 'n_units_l5': 2176, 'n_units_l6': 3712, 'n_units_l7': 2016, 'n_units_l8': 1952, 'n_units_l9': 1440, 'n_units_l10': 3904, 'lr': 0.06342064222253292}. Best is trial 0 with value: 91.89782192832546.
[I 2025-03-21 23:34:47,265] Trial 93 pruned. 
[I 2025-03-21 23:34:47,372] Trial 5 pruned. 
[I 2025-03-21 23:34:47,585] Trial 94 pruned. 
[I 2025-03-21 23:34:47,636] Trial 6 pruned. 
[I 2025-03-21 23:34:47,753] Trial 7 pruned. 
[I 2025-03-21 23:34:47,805] Trial 95 pruned. 
[I 2025-03-21 23:34:47,958] Trial 8 pruned. 
[I 2025-03-21 23:34:48,082] Trial 96 pruned. 
[I 2025-03-21 23:34:48,090] Trial 9 pruned. 
[I 2025-03-21 23:34:48,261] Trial 97 pruned. 
[I 2025-03-21 23:34:48,614] Trial 10 pruned. 
[I 2025-03-21 23:34:51,772] Trial 11 finished with value: 54.701974969161185 and parameters: {'n_units_l0': 2848, 'n_units_l1': 384, 'n_units_l2': 256, 'n_units_l3': 2624, 'n_units_l4': 3936, 'n_units_l5': 1184, 'n_units_l6': 1568, 'n_units_l7': 1088, 'n_units_l8': 1440, 'n_units_l9': 3072, 'n_units_l10': 1024, 'lr': 0.002714451741494448}. Best is trial 11 with value: 54.701974969161185.
[I 2025-03-21 23:34:51,976] Trial 12 pruned. 
[I 2025-03-21 23:34:53,265] Trial 98 finished with value: 93.94559157522102 and parameters: {'n_units_l0': 2784, 'n_units_l1': 3328, 'n_units_l2': 2752, 'n_units_l3': 2720, 'n_units_l4': 3040, 'n_units_l5': 256, 'n_units_l6': 2912, 'n_units_l7': 1952, 'n_units_l8': 2272, 'n_units_l9': 2752, 'lr': 0.00031781575587895566}. Best is trial 65 with value: 42.643748233192845.
[I 2025-03-21 23:34:53,602] Trial 99 pruned. 
[I 2025-03-21 23:34:53,612] A new study created in memory with name: no-name-acf995ea-6cf4-4885-9182-6d7d5bf0fc6d
[I 2025-03-21 23:34:55,893] Trial 13 finished with value: 94.26402041786595 and parameters: {'n_units_l0': 1408, 'n_units_l1': 2944, 'n_units_l2': 1152, 'n_units_l3': 2240, 'n_units_l4': 4096, 'n_units_l5': 2816, 'n_units_l6': 480, 'n_units_l7': 3360, 'n_units_l8': 1376, 'n_units_l9': 160, 'n_units_l10': 1312, 'lr': 0.0016255467125278183}. Best is trial 11 with value: 54.701974969161185.
[I 2025-03-21 23:34:56,198] Trial 14 pruned. 
[I 2025-03-21 23:34:56,415] Trial 15 pruned. 
[I 2025-03-21 23:34:56,709] Trial 16 pruned. 
[I 2025-03-21 23:34:56,924] Trial 17 pruned. 
[I 2025-03-21 23:34:57,110] Trial 18 pruned. 
[I 2025-03-21 23:34:57,195] Trial 0 finished with value: inf and parameters: {'n_units_l0': 1536, 'n_units_l1': 3616, 'n_units_l2': 768, 'n_units_l3': 2048, 'n_units_l4': 2144, 'n_units_l5': 1856, 'n_units_l6': 1920, 'n_units_l7': 3456, 'n_units_l8': 96, 'n_units_l9': 832, 'n_units_l10': 992, 'n_units_l11': 3488, 'lr': 0.06642249710819574}. Best is trial 0 with value: inf.
[I 2025-03-21 23:34:57,470] Trial 19 pruned. 
[I 2025-03-21 23:34:57,774] Trial 20 pruned. 
[I 2025-03-21 23:35:01,377] Trial 1 finished with value: 126.8351119192023 and parameters: {'n_units_l0': 3936, 'n_units_l1': 2784, 'n_units_l2': 1600, 'n_units_l3': 1984, 'n_units_l4': 3872, 'n_units_l5': 576, 'n_units_l6': 320, 'n_units_l7': 1056, 'n_units_l8': 1568, 'n_units_l9': 1088, 'n_units_l10': 2240, 'n_units_l11': 3744, 'lr': 0.01937590359250865}. Best is trial 1 with value: 126.8351119192023.
[I 2025-03-21 23:35:01,534] Trial 21 finished with value: 96.35525954397102 and parameters: {'n_units_l0': 1248, 'n_units_l1': 3200, 'n_units_l2': 928, 'n_units_l3': 2208, 'n_units_l4': 4032, 'n_units_l5': 2720, 'n_units_l6': 384, 'n_units_l7': 3488, 'n_units_l8': 1184, 'n_units_l9': 32, 'n_units_l10': 1120, 'lr': 0.0006518011074366776}. Best is trial 11 with value: 54.701974969161185.
[I 2025-03-21 23:35:02,148] Trial 22 pruned. 
[I 2025-03-21 23:35:05,362] Trial 23 finished with value: 94.84592076351768 and parameters: {'n_units_l0': 384, 'n_units_l1': 3936, 'n_units_l2': 320, 'n_units_l3': 2528, 'n_units_l4': 3584, 'n_units_l5': 2432, 'n_units_l6': 32, 'n_units_l7': 3680, 'n_units_l8': 1632, 'n_units_l9': 608, 'n_units_l10': 1344, 'lr': 7.75140498275454e-05}. Best is trial 11 with value: 54.701974969161185.
[I 2025-03-21 23:35:05,646] Trial 24 pruned. 
[I 2025-03-21 23:35:06,040] Trial 25 pruned. 
[I 2025-03-21 23:35:06,373] Trial 26 pruned. 
[I 2025-03-21 23:35:06,955] Trial 27 pruned. 
[I 2025-03-21 23:35:07,204] Trial 28 pruned. 
[I 2025-03-21 23:35:07,326] Trial 2 finished with value: inf and parameters: {'n_units_l0': 2848, 'n_units_l1': 3392, 'n_units_l2': 320, 'n_units_l3': 3136, 'n_units_l4': 1312, 'n_units_l5': 960, 'n_units_l6': 2176, 'n_units_l7': 3712, 'n_units_l8': 2656, 'n_units_l9': 4032, 'n_units_l10': 3648, 'n_units_l11': 704, 'lr': 0.0551163538047642}. Best is trial 1 with value: 126.8351119192023.
[I 2025-03-21 23:35:07,620] Trial 29 pruned. 
[I 2025-03-21 23:35:07,908] Trial 30 pruned. 
[I 2025-03-21 23:35:09,302] Trial 31 pruned. 
[I 2025-03-21 23:35:10,487] Trial 3 finished with value: 127.31858383981805 and parameters: {'n_units_l0': 512, 'n_units_l1': 1728, 'n_units_l2': 608, 'n_units_l3': 960, 'n_units_l4': 544, 'n_units_l5': 32, 'n_units_l6': 1504, 'n_units_l7': 1888, 'n_units_l8': 3136, 'n_units_l9': 3520, 'n_units_l10': 608, 'n_units_l11': 3616, 'lr': 0.06914922915861303}. Best is trial 1 with value: 126.8351119192023.
[I 2025-03-21 23:35:12,899] Trial 32 finished with value: 95.68631824694182 and parameters: {'n_units_l0': 672, 'n_units_l1': 3776, 'n_units_l2': 960, 'n_units_l3': 2624, 'n_units_l4': 3424, 'n_units_l5': 2560, 'n_units_l6': 224, 'n_units_l7': 3360, 'n_units_l8': 1568, 'n_units_l9': 704, 'n_units_l10': 1248, 'lr': 0.0005741170474579968}. Best is trial 11 with value: 54.701974969161185.
[I 2025-03-21 23:35:13,113] Trial 33 pruned. 
[I 2025-03-21 23:35:14,680] Trial 4 finished with value: 127.33351014789783 and parameters: {'n_units_l0': 2272, 'n_units_l1': 1760, 'n_units_l2': 4064, 'n_units_l3': 1408, 'n_units_l4': 2304, 'n_units_l5': 3808, 'n_units_l6': 1472, 'n_units_l7': 2336, 'n_units_l8': 32, 'n_units_l9': 1216, 'n_units_l10': 1088, 'n_units_l11': 3104, 'lr': 0.03963521823758384}. Best is trial 1 with value: 126.8351119192023.
/trinity/home/fisheye/.local/lib/python3.9/site-packages/numpy/lib/function_base.py:4529: RuntimeWarning: invalid value encountered in multiply
  lerp_interpolation = asanyarray(add(a, diff_b_a * t, out=out))
[I 2025-03-21 23:35:17,424] Trial 34 finished with value: 95.30640009829872 and parameters: {'n_units_l0': 288, 'n_units_l1': 2560, 'n_units_l2': 192, 'n_units_l3': 3264, 'n_units_l4': 3904, 'n_units_l5': 2976, 'n_units_l6': 1120, 'n_units_l7': 3072, 'n_units_l8': 2240, 'n_units_l9': 1056, 'n_units_l10': 1088, 'lr': 0.0004966902002735926}. Best is trial 11 with value: 54.701974969161185.
[I 2025-03-21 23:35:17,784] Trial 35 pruned. 
[I 2025-03-21 23:35:18,037] Trial 36 pruned. 
[I 2025-03-21 23:35:18,317] Trial 37 pruned. 
[I 2025-03-21 23:35:18,587] Trial 38 pruned. 
[I 2025-03-21 23:35:18,734] Trial 39 pruned. 
[I 2025-03-21 23:35:18,983] Trial 40 pruned. 
[I 2025-03-21 23:35:19,395] Trial 41 pruned. 
[I 2025-03-21 23:35:19,698] Trial 42 pruned. 
[I 2025-03-21 23:35:20,066] Trial 43 pruned. 
[I 2025-03-21 23:35:20,311] Trial 44 pruned. 
[I 2025-03-21 23:35:20,564] Trial 45 pruned. 
[I 2025-03-21 23:35:21,001] Trial 46 pruned. 
[I 2025-03-21 23:35:21,194] Trial 5 finished with value: inf and parameters: {'n_units_l0': 4032, 'n_units_l1': 1888, 'n_units_l2': 1952, 'n_units_l3': 1568, 'n_units_l4': 2208, 'n_units_l5': 512, 'n_units_l6': 3200, 'n_units_l7': 2496, 'n_units_l8': 1984, 'n_units_l9': 3936, 'n_units_l10': 3616, 'n_units_l11': 4064, 'lr': 0.040546822261083686}. Best is trial 1 with value: 126.8351119192023.
[I 2025-03-21 23:35:21,396] Trial 47 pruned. 
/trinity/home/fisheye/.local/lib/python3.9/site-packages/numpy/lib/function_base.py:4530: RuntimeWarning: invalid value encountered in subtract
  subtract(b, diff_b_a * (1 - t), out=lerp_interpolation, where=t >= 0.5)
[I 2025-03-21 23:35:21,735] Trial 48 pruned. 
[I 2025-03-21 23:35:22,155] Trial 49 pruned. 
[I 2025-03-21 23:35:22,389] Trial 50 pruned. 
[I 2025-03-21 23:35:22,747] Trial 51 pruned. 
[I 2025-03-21 23:35:22,879] Trial 52 pruned. 
[I 2025-03-21 23:35:25,188] Trial 6 finished with value: 127.31647210372121 and parameters: {'n_units_l0': 224, 'n_units_l1': 1312, 'n_units_l2': 96, 'n_units_l3': 3456, 'n_units_l4': 1184, 'n_units_l5': 224, 'n_units_l6': 3488, 'n_units_l7': 2624, 'n_units_l8': 3680, 'n_units_l9': 1792, 'n_units_l10': 2176, 'n_units_l11': 2240, 'lr': 0.01209670868937582}. Best is trial 1 with value: 126.8351119192023.
[I 2025-03-21 23:35:26,693] Trial 53 finished with value: 93.76890724583676 and parameters: {'n_units_l0': 160, 'n_units_l1': 3552, 'n_units_l2': 768, 'n_units_l3': 2560, 'n_units_l4': 3936, 'n_units_l5': 2208, 'n_units_l6': 224, 'n_units_l7': 2976, 'n_units_l8': 1280, 'n_units_l9': 3168, 'n_units_l10': 1312, 'lr': 0.00014779200453892555}. Best is trial 11 with value: 54.701974969161185.
[I 2025-03-21 23:35:26,936] Trial 54 pruned. 
[I 2025-03-21 23:35:27,196] Trial 55 pruned. 
[I 2025-03-21 23:35:27,515] Trial 56 pruned. 
[I 2025-03-21 23:35:27,835] Trial 57 pruned. 
[I 2025-03-21 23:35:28,067] Trial 58 pruned. 
[I 2025-03-21 23:35:28,495] Trial 59 pruned. 
[I 2025-03-21 23:35:28,737] Trial 60 pruned. 
[I 2025-03-21 23:35:29,550] Trial 61 pruned. 
[I 2025-03-21 23:35:29,871] Trial 62 pruned. 
[I 2025-03-21 23:35:30,129] Trial 63 pruned. 
[I 2025-03-21 23:35:30,356] Trial 64 pruned. 
[I 2025-03-21 23:35:32,628] Trial 7 finished with value: 129.89474085757607 and parameters: {'n_units_l0': 3744, 'n_units_l1': 3136, 'n_units_l2': 2656, 'n_units_l3': 1760, 'n_units_l4': 2304, 'n_units_l5': 2944, 'n_units_l6': 2944, 'n_units_l7': 1152, 'n_units_l8': 3968, 'n_units_l9': 4064, 'n_units_l10': 2304, 'n_units_l11': 1920, 'lr': 0.008346881131006692}. Best is trial 1 with value: 126.8351119192023.
[I 2025-03-21 23:35:32,898] Trial 8 pruned. 
[I 2025-03-21 23:35:34,109] Trial 65 finished with value: 89.1963344373201 and parameters: {'n_units_l0': 128, 'n_units_l1': 3744, 'n_units_l2': 672, 'n_units_l3': 2336, 'n_units_l4': 3296, 'n_units_l5': 1632, 'n_units_l6': 288, 'n_units_l7': 3680, 'n_units_l8': 2496, 'n_units_l9': 2016, 'n_units_l10': 1184, 'lr': 0.0007548375128033375}. Best is trial 11 with value: 54.701974969161185.
[I 2025-03-21 23:35:34,365] Trial 66 pruned. 
[I 2025-03-21 23:35:34,610] Trial 67 pruned. 
[I 2025-03-21 23:35:34,867] Trial 68 pruned. 
[I 2025-03-21 23:35:35,049] Trial 69 pruned. 
[I 2025-03-21 23:35:35,285] Trial 70 pruned. 
[I 2025-03-21 23:35:35,506] Trial 9 finished with value: 49.3057198775442 and parameters: {'n_units_l0': 160, 'n_units_l1': 2976, 'n_units_l2': 736, 'n_units_l3': 2336, 'n_units_l4': 416, 'n_units_l5': 1472, 'n_units_l6': 352, 'n_units_l7': 1280, 'n_units_l8': 1856, 'n_units_l9': 1024, 'n_units_l10': 2720, 'n_units_l11': 2176, 'lr': 0.004547856828364216}. Best is trial 9 with value: 49.3057198775442.
[I 2025-03-21 23:35:35,670] Trial 10 pruned. 
[I 2025-03-21 23:35:36,054] Trial 11 pruned. 
[I 2025-03-21 23:35:36,378] Trial 12 pruned. 
[I 2025-03-21 23:35:38,898] Trial 71 finished with value: 95.13332728335732 and parameters: {'n_units_l0': 320, 'n_units_l1': 3872, 'n_units_l2': 864, 'n_units_l3': 2880, 'n_units_l4': 3392, 'n_units_l5': 2048, 'n_units_l6': 320, 'n_units_l7': 3424, 'n_units_l8': 1344, 'n_units_l9': 1792, 'n_units_l10': 1216, 'lr': 5.706326296710208e-05}. Best is trial 11 with value: 54.701974969161185.
[I 2025-03-21 23:35:39,215] Trial 72 pruned. 
[I 2025-03-21 23:35:39,806] Trial 13 finished with value: 98.3154276797646 and parameters: {'n_units_l0': 3136, 'n_units_l1': 2528, 'n_units_l2': 896, 'n_units_l3': 2400, 'n_units_l4': 1248, 'n_units_l5': 1120, 'n_units_l6': 736, 'n_units_l7': 320, 'n_units_l8': 2464, 'n_units_l9': 2048, 'n_units_l10': 1696, 'n_units_l11': 2784, 'lr': 0.0030513126600929846}. Best is trial 9 with value: 49.3057198775442.
[I 2025-03-21 23:35:41,758] Trial 73 pruned. 
[I 2025-03-21 23:35:42,016] Trial 74 pruned. 
[I 2025-03-21 23:35:42,371] Trial 75 pruned. 
[I 2025-03-21 23:35:42,586] Trial 76 pruned. 
[I 2025-03-21 23:35:43,078] Trial 14 finished with value: 127.31427403500206 and parameters: {'n_units_l0': 2912, 'n_units_l1': 960, 'n_units_l2': 992, 'n_units_l3': 2560, 'n_units_l4': 1184, 'n_units_l5': 1376, 'n_units_l6': 960, 'n_units_l7': 32, 'n_units_l8': 2496, 'n_units_l9': 2592, 'n_units_l10': 1632, 'n_units_l11': 2912, 'lr': 0.006198157836665619}. Best is trial 9 with value: 49.3057198775442.
[I 2025-03-21 23:35:43,353] Trial 15 pruned. 
[I 2025-03-21 23:35:45,599] Trial 77 finished with value: 94.41015102988796 and parameters: {'n_units_l0': 608, 'n_units_l1': 2624, 'n_units_l2': 672, 'n_units_l3': 2304, 'n_units_l4': 3328, 'n_units_l5': 1568, 'n_units_l6': 32, 'n_units_l7': 3648, 'n_units_l8': 2112, 'n_units_l9': 128, 'n_units_l10': 992, 'lr': 0.0001718078337439724}. Best is trial 11 with value: 54.701974969161185.
[I 2025-03-21 23:35:45,827] Trial 78 pruned. 
[I 2025-03-21 23:35:46,107] Trial 79 pruned. 
[I 2025-03-21 23:35:46,409] Trial 80 pruned. 
[I 2025-03-21 23:35:46,436] Trial 16 finished with value: 94.76700511731599 and parameters: {'n_units_l0': 832, 'n_units_l1': 2272, 'n_units_l2': 1120, 'n_units_l3': 3072, 'n_units_l4': 160, 'n_units_l5': 1024, 'n_units_l6': 1408, 'n_units_l7': 1632, 'n_units_l8': 3104, 'n_units_l9': 2912, 'n_units_l10': 64, 'n_units_l11': 1440, 'lr': 0.0005327818322365015}. Best is trial 9 with value: 49.3057198775442.
[I 2025-03-21 23:35:46,671] Trial 81 pruned. 
[I 2025-03-21 23:35:46,870] Trial 82 pruned. 
[I 2025-03-21 23:35:49,880] Trial 83 finished with value: 99.15690010472348 and parameters: {'n_units_l0': 128, 'n_units_l1': 3616, 'n_units_l2': 192, 'n_units_l3': 2240, 'n_units_l4': 3744, 'n_units_l5': 832, 'n_units_l6': 896, 'n_units_l7': 3488, 'n_units_l8': 2592, 'n_units_l9': 320, 'n_units_l10': 1504, 'lr': 0.00030766758830033425}. Best is trial 11 with value: 54.701974969161185.
[I 2025-03-21 23:35:49,977] Trial 17 finished with value: 96.58050778037624 and parameters: {'n_units_l0': 736, 'n_units_l1': 1024, 'n_units_l2': 1344, 'n_units_l3': 4096, 'n_units_l4': 32, 'n_units_l5': 1600, 'n_units_l6': 2400, 'n_units_l7': 1760, 'n_units_l8': 3392, 'n_units_l9': 3104, 'n_units_l10': 64, 'n_units_l11': 1504, 'lr': 5.935547496309715e-05}. Best is trial 9 with value: 49.3057198775442.
[I 2025-03-21 23:35:50,159] Trial 84 pruned. 
[I 2025-03-21 23:35:50,229] Trial 18 pruned. 
[I 2025-03-21 23:35:50,455] Trial 19 pruned. 
[I 2025-03-21 23:35:50,755] Trial 20 pruned. 
[I 2025-03-21 23:35:54,349] Trial 85 finished with value: 97.57338754754318 and parameters: {'n_units_l0': 1440, 'n_units_l1': 2688, 'n_units_l2': 1504, 'n_units_l3': 2400, 'n_units_l4': 2944, 'n_units_l5': 2400, 'n_units_l6': 608, 'n_units_l7': 3296, 'n_units_l8': 2336, 'n_units_l9': 1536, 'n_units_l10': 832, 'lr': 0.0001326974958945668}. Best is trial 11 with value: 54.701974969161185.
[I 2025-03-21 23:35:54,399] Trial 21 finished with value: 95.70104217529297 and parameters: {'n_units_l0': 704, 'n_units_l1': 608, 'n_units_l2': 1280, 'n_units_l3': 4096, 'n_units_l4': 32, 'n_units_l5': 1536, 'n_units_l6': 2464, 'n_units_l7': 1920, 'n_units_l8': 3424, 'n_units_l9': 3168, 'n_units_l10': 96, 'n_units_l11': 1536, 'lr': 0.00045476592763742015}. Best is trial 9 with value: 49.3057198775442.
[I 2025-03-21 23:35:54,576] Trial 86 pruned. 
[I 2025-03-21 23:35:54,703] Trial 22 pruned. 
[I 2025-03-21 23:35:54,853] Trial 87 pruned. 
[I 2025-03-21 23:35:55,041] Trial 88 pruned. 
[I 2025-03-21 23:35:55,675] Trial 89 pruned. 
[I 2025-03-21 23:35:56,018] Trial 90 pruned. 
[I 2025-03-21 23:35:56,416] Trial 91 pruned. 
[I 2025-03-21 23:35:58,273] Trial 23 finished with value: 40.95242189106188 and parameters: {'n_units_l0': 96, 'n_units_l1': 608, 'n_units_l2': 1728, 'n_units_l3': 3712, 'n_units_l4': 128, 'n_units_l5': 928, 'n_units_l6': 2784, 'n_units_l7': 1472, 'n_units_l8': 3392, 'n_units_l9': 2624, 'n_units_l10': 992, 'n_units_l11': 2432, 'lr': 0.0018834141419133837}. Best is trial 23 with value: 40.95242189106188.
[I 2025-03-21 23:35:58,517] Trial 24 pruned. 
[I 2025-03-21 23:35:58,744] Trial 25 pruned. 
[I 2025-03-21 23:35:58,995] Trial 26 pruned. 
[I 2025-03-21 23:35:59,410] Trial 27 pruned. 
[I 2025-03-21 23:35:59,713] Trial 28 pruned. 
[I 2025-03-21 23:35:59,945] Trial 29 pruned. 
[I 2025-03-21 23:36:00,144] Trial 30 pruned. 
[I 2025-03-21 23:36:00,408] Trial 92 finished with value: 93.78120382208573 and parameters: {'n_units_l0': 704, 'n_units_l1': 3520, 'n_units_l2': 896, 'n_units_l3': 3072, 'n_units_l4': 3392, 'n_units_l5': 2528, 'n_units_l6': 352, 'n_units_l7': 3424, 'n_units_l8': 1856, 'n_units_l9': 1120, 'n_units_l10': 1344, 'lr': 0.00020568583728878607}. Best is trial 11 with value: 54.701974969161185.
[I 2025-03-21 23:36:00,689] Trial 93 pruned. 
[I 2025-03-21 23:36:00,998] Trial 94 pruned. 
[I 2025-03-21 23:36:01,289] Trial 95 pruned. 
[I 2025-03-21 23:36:01,634] Trial 96 pruned. 
[I 2025-03-21 23:36:01,986] Trial 97 pruned. 
[I 2025-03-21 23:36:02,334] Trial 98 pruned. 
[I 2025-03-21 23:36:02,761] Trial 99 pruned. 
[I 2025-03-21 23:36:02,771] A new study created in memory with name: no-name-3a72c394-60db-422f-b888-ed93b6517872
[I 2025-03-21 23:36:03,970] Trial 31 finished with value: 95.8055335596988 and parameters: {'n_units_l0': 736, 'n_units_l1': 608, 'n_units_l2': 1344, 'n_units_l3': 4064, 'n_units_l4': 160, 'n_units_l5': 1536, 'n_units_l6': 2528, 'n_units_l7': 2048, 'n_units_l8': 3264, 'n_units_l9': 3264, 'n_units_l10': 256, 'n_units_l11': 1568, 'lr': 0.00018845045998658945}. Best is trial 23 with value: 40.95242189106188.
[I 2025-03-21 23:36:04,663] Trial 0 finished with value: 71.65310135045654 and parameters: {'n_units_l0': 960, 'n_units_l1': 1920, 'lr': 0.012171516401351024}. Best is trial 0 with value: 71.65310135045654.
[I 2025-03-21 23:36:06,460] Trial 1 finished with value: 103.63514595742551 and parameters: {'n_units_l0': 3040, 'n_units_l1': 1184, 'lr': 0.026432992957301265}. Best is trial 0 with value: 71.65310135045654.
[I 2025-03-21 23:36:08,353] Trial 2 finished with value: 123.17318826679364 and parameters: {'n_units_l0': 928, 'n_units_l1': 2912, 'lr': 0.09634904890978056}. Best is trial 0 with value: 71.65310135045654.
[I 2025-03-21 23:36:08,461] Trial 32 finished with value: 90.40723138106496 and parameters: {'n_units_l0': 608, 'n_units_l1': 672, 'n_units_l2': 1120, 'n_units_l3': 3808, 'n_units_l4': 256, 'n_units_l5': 1408, 'n_units_l6': 2208, 'n_units_l7': 1856, 'n_units_l8': 3552, 'n_units_l9': 3552, 'n_units_l10': 2560, 'n_units_l11': 1056, 'lr': 0.00037245363080730203}. Best is trial 23 with value: 40.95242189106188.
[I 2025-03-21 23:36:08,762] Trial 33 pruned. 
[I 2025-03-21 23:36:09,045] Trial 34 pruned. 
[I 2025-03-21 23:36:09,292] Trial 35 pruned. 
[I 2025-03-21 23:36:09,565] Trial 36 pruned. 
[I 2025-03-21 23:36:09,875] Trial 37 pruned. 
[I 2025-03-21 23:36:10,134] Trial 3 finished with value: 49.72926807601012 and parameters: {'n_units_l0': 704, 'n_units_l1': 1696, 'lr': 0.06165932094006952}. Best is trial 3 with value: 49.72926807601012.
[I 2025-03-21 23:36:10,145] Trial 38 pruned. 
[I 2025-03-21 23:36:10,307] Trial 39 pruned. 
[I 2025-03-21 23:36:10,705] Trial 40 pruned. 
[I 2025-03-21 23:36:10,964] Trial 41 pruned. 
[I 2025-03-21 23:36:11,356] Trial 42 pruned. 
[I 2025-03-21 23:36:11,615] Trial 43 pruned. 
[I 2025-03-21 23:36:11,834] Trial 44 pruned. 
