[I 2025-03-21 23:43:04,820] Trial 31 finished with value: 88.41595561657387 and parameters: {'n_units_l0': 3648, 'n_units_l1': 2176, 'n_units_l2': 800, 'n_units_l3': 1920, 'n_units_l4': 288, 'n_units_l5': 4096, 'n_units_l6': 2816, 'n_units_l7': 1696, 'n_units_l8': 416, 'n_units_l9': 2656, 'lr': 0.00023277437233079862}. Best is trial 12 with value: 39.60696814716726.
[I 2025-03-21 23:43:05,096] Trial 32 pruned. 
[I 2025-03-21 23:43:06,134] Trial 33 pruned. 
[I 2025-03-21 23:43:06,364] Trial 34 pruned. 
[I 2025-03-21 23:43:06,624] Trial 35 pruned. 
[I 2025-03-21 23:43:07,047] Trial 36 pruned. 
[I 2025-03-21 23:43:09,767] Trial 11 finished with value: 39.67854078462652 and parameters: {'n_units_l0': 2336, 'n_units_l1': 1696, 'n_units_l2': 192, 'n_units_l3': 2112, 'n_units_l4': 4096, 'n_units_l5': 3968, 'n_units_l6': 160, 'n_units_l7': 1472, 'n_units_l8': 96, 'n_units_l9': 64, 'n_units_l10': 2368, 'lr': 0.0025588148636078124}. Best is trial 11 with value: 39.67854078462652.
[I 2025-03-21 23:43:11,323] Trial 37 finished with value: 91.20588436087219 and parameters: {'n_units_l0': 2272, 'n_units_l1': 1024, 'n_units_l2': 864, 'n_units_l3': 2208, 'n_units_l4': 288, 'n_units_l5': 4032, 'n_units_l6': 1312, 'n_units_l7': 2464, 'n_units_l8': 1600, 'n_units_l9': 3136, 'lr': 6.354471497736715e-05}. Best is trial 12 with value: 39.60696814716726.
[I 2025-03-21 23:43:11,617] Trial 38 pruned. 
[I 2025-03-21 23:43:11,799] Trial 39 pruned. 
[I 2025-03-21 23:43:12,149] Trial 40 pruned. 
[I 2025-03-21 23:43:12,420] Trial 41 pruned. 
[I 2025-03-21 23:43:12,635] Trial 42 pruned. 
[I 2025-03-21 23:43:12,852] Trial 43 pruned. 
[I 2025-03-21 23:43:13,186] Trial 44 pruned. 
[I 2025-03-21 23:43:13,361] Trial 12 pruned. 
[I 2025-03-21 23:43:13,568] Trial 45 pruned. 
[I 2025-03-21 23:43:13,839] Trial 46 pruned. 
[I 2025-03-21 23:43:14,152] Trial 47 pruned. 
[I 2025-03-21 23:43:17,207] Trial 13 finished with value: 95.19475487497776 and parameters: {'n_units_l0': 2752, 'n_units_l1': 992, 'n_units_l2': 960, 'n_units_l3': 32, 'n_units_l4': 4064, 'n_units_l5': 1184, 'n_units_l6': 3008, 'n_units_l7': 1952, 'n_units_l8': 896, 'n_units_l9': 32, 'n_units_l10': 2240, 'lr': 0.000130797877677993}. Best is trial 11 with value: 39.67854078462652.
[I 2025-03-21 23:43:19,647] Trial 48 finished with value: 90.88172693035371 and parameters: {'n_units_l0': 3296, 'n_units_l1': 2272, 'n_units_l2': 1856, 'n_units_l3': 2976, 'n_units_l4': 32, 'n_units_l5': 3264, 'n_units_l6': 2240, 'n_units_l7': 1216, 'n_units_l8': 1472, 'n_units_l9': 3168, 'lr': 7.579917259074073e-05}. Best is trial 12 with value: 39.60696814716726.
[I 2025-03-21 23:43:19,816] Trial 49 pruned. 
[I 2025-03-21 23:43:20,083] Trial 50 pruned. 
[I 2025-03-21 23:43:20,384] Trial 51 pruned. 
[I 2025-03-21 23:43:20,629] Trial 52 pruned. 
[I 2025-03-21 23:43:20,830] Trial 53 pruned. 
[I 2025-03-21 23:43:21,137] Trial 54 pruned. 
[I 2025-03-21 23:43:21,346] Trial 55 pruned. 
[I 2025-03-21 23:43:21,608] Trial 56 pruned. 
[I 2025-03-21 23:43:21,852] Trial 57 pruned. 
[I 2025-03-21 23:43:21,974] Trial 14 finished with value: 125.71747856061158 and parameters: {'n_units_l0': 32, 'n_units_l1': 2144, 'n_units_l2': 928, 'n_units_l3': 3840, 'n_units_l4': 2528, 'n_units_l5': 2208, 'n_units_l6': 64, 'n_units_l7': 992, 'n_units_l8': 704, 'n_units_l9': 1600, 'n_units_l10': 2688, 'lr': 0.02184425356179544}. Best is trial 11 with value: 39.67854078462652.
[I 2025-03-21 23:43:22,060] Trial 58 pruned. 
[I 2025-03-21 23:43:22,306] Trial 59 pruned. 
[I 2025-03-21 23:43:22,382] Trial 15 pruned. 
[I 2025-03-21 23:43:22,570] Trial 60 pruned. 
[I 2025-03-21 23:43:22,778] Trial 61 pruned. 
[I 2025-03-21 23:43:22,963] Trial 62 pruned. 
[I 2025-03-21 23:43:23,011] Trial 16 pruned. 
[I 2025-03-21 23:43:23,496] Trial 17 pruned. 
[I 2025-03-21 23:43:23,866] Trial 18 pruned. 
[I 2025-03-21 23:43:25,336] Trial 19 pruned. 
[I 2025-03-21 23:43:27,722] Trial 63 finished with value: 38.12161838539392 and parameters: {'n_units_l0': 1888, 'n_units_l1': 1088, 'n_units_l2': 384, 'n_units_l3': 1952, 'n_units_l4': 608, 'n_units_l5': 3776, 'n_units_l6': 1408, 'n_units_l7': 2816, 'n_units_l8': 2016, 'n_units_l9': 3520, 'lr': 0.0011223613260394377}. Best is trial 63 with value: 38.12161838539392.
[I 2025-03-21 23:43:27,929] Trial 64 pruned. 
[I 2025-03-21 23:43:28,233] Trial 65 pruned. 
[I 2025-03-21 23:43:28,457] Trial 66 pruned. 
[I 2025-03-21 23:43:28,713] Trial 67 pruned. 
[I 2025-03-21 23:43:31,224] Trial 20 finished with value: 125.710099467086 and parameters: {'n_units_l0': 1792, 'n_units_l1': 64, 'n_units_l2': 544, 'n_units_l3': 4096, 'n_units_l4': 3680, 'n_units_l5': 2208, 'n_units_l6': 2496, 'n_units_l7': 1536, 'n_units_l8': 32, 'n_units_l9': 2784, 'n_units_l10': 1056, 'lr': 0.09229849058130585}. Best is trial 11 with value: 39.67854078462652.
[I 2025-03-21 23:43:34,430] Trial 21 finished with value: 89.16267772540296 and parameters: {'n_units_l0': 2336, 'n_units_l1': 1280, 'n_units_l2': 32, 'n_units_l3': 2080, 'n_units_l4': 96, 'n_units_l5': 4096, 'n_units_l6': 96, 'n_units_l7': 928, 'n_units_l8': 416, 'n_units_l9': 288, 'n_units_l10': 384, 'lr': 0.00044072444100781184}. Best is trial 11 with value: 39.67854078462652.
[I 2025-03-21 23:43:35,247] Trial 68 finished with value: 90.48503422391587 and parameters: {'n_units_l0': 1952, 'n_units_l1': 2528, 'n_units_l2': 192, 'n_units_l3': 1920, 'n_units_l4': 2304, 'n_units_l5': 3680, 'n_units_l6': 1856, 'n_units_l7': 1984, 'n_units_l8': 2208, 'n_units_l9': 3552, 'lr': 9.145290838048206e-05}. Best is trial 63 with value: 38.12161838539392.
[I 2025-03-21 23:43:35,522] Trial 69 pruned. 
[I 2025-03-21 23:43:35,813] Trial 70 pruned. 
[I 2025-03-21 23:43:36,076] Trial 71 pruned. 
[I 2025-03-21 23:43:36,330] Trial 72 pruned. 
[I 2025-03-21 23:43:36,634] Trial 73 pruned. 
[I 2025-03-21 23:43:36,961] Trial 74 pruned. 
[I 2025-03-21 23:43:37,620] Trial 22 finished with value: 90.55302288616173 and parameters: {'n_units_l0': 2560, 'n_units_l1': 1120, 'n_units_l2': 32, 'n_units_l3': 1984, 'n_units_l4': 64, 'n_units_l5': 3680, 'n_units_l6': 64, 'n_units_l7': 768, 'n_units_l8': 512, 'n_units_l9': 480, 'n_units_l10': 1920, 'lr': 0.0007806930545886858}. Best is trial 11 with value: 39.67854078462652.
[I 2025-03-21 23:43:40,719] Trial 23 finished with value: 125.64168321123775 and parameters: {'n_units_l0': 2464, 'n_units_l1': 1152, 'n_units_l2': 128, 'n_units_l3': 1344, 'n_units_l4': 192, 'n_units_l5': 3680, 'n_units_l6': 32, 'n_units_l7': 512, 'n_units_l8': 672, 'n_units_l9': 384, 'n_units_l10': 256, 'lr': 0.003119854358968958}. Best is trial 11 with value: 39.67854078462652.
[I 2025-03-21 23:43:41,956] Trial 75 finished with value: 90.48339102924734 and parameters: {'n_units_l0': 2752, 'n_units_l1': 2336, 'n_units_l2': 224, 'n_units_l3': 2112, 'n_units_l4': 832, 'n_units_l5': 3712, 'n_units_l6': 2144, 'n_units_l7': 2816, 'n_units_l8': 672, 'n_units_l9': 3296, 'lr': 0.00019083452382244787}. Best is trial 63 with value: 38.12161838539392.
[I 2025-03-21 23:43:42,196] Trial 76 pruned. 
[I 2025-03-21 23:43:42,426] Trial 77 pruned. 
[I 2025-03-21 23:43:42,731] Trial 78 pruned. 
[I 2025-03-21 23:43:42,961] Trial 79 pruned. 
[I 2025-03-21 23:43:42,996] Trial 24 pruned. 
[I 2025-03-21 23:43:43,278] Trial 80 pruned. 
[I 2025-03-21 23:43:43,524] Trial 81 pruned. 
[I 2025-03-21 23:43:43,743] Trial 82 pruned. 
[I 2025-03-21 23:43:44,147] Trial 83 pruned. 
[I 2025-03-21 23:43:44,407] Trial 84 pruned. 
[I 2025-03-21 23:43:44,580] Trial 25 pruned. 
[I 2025-03-21 23:43:44,683] Trial 85 pruned. 
[I 2025-03-21 23:43:44,928] Trial 86 pruned. 
[I 2025-03-21 23:43:45,187] Trial 87 pruned. 
[I 2025-03-21 23:43:45,517] Trial 88 pruned. 
[I 2025-03-21 23:43:45,770] Trial 89 pruned. 
[I 2025-03-21 23:43:45,888] Trial 26 pruned. 
[I 2025-03-21 23:43:46,057] Trial 90 pruned. 
[I 2025-03-21 23:43:46,249] Trial 91 pruned. 
[I 2025-03-21 23:43:46,443] Trial 92 pruned. 
[I 2025-03-21 23:43:46,595] Trial 93 pruned. 
[I 2025-03-21 23:43:46,779] Trial 94 pruned. 
[I 2025-03-21 23:43:47,009] Trial 95 pruned. 
[I 2025-03-21 23:43:47,369] Trial 96 pruned. 
[I 2025-03-21 23:43:47,601] Trial 97 pruned. 
[I 2025-03-21 23:43:47,891] Trial 98 pruned. 
[I 2025-03-21 23:43:48,142] Trial 99 pruned. 
[I 2025-03-21 23:43:48,152] A new study created in memory with name: no-name-804e2cbf-5cb1-4af0-ac5f-4a91acc27d84
[I 2025-03-21 23:43:49,181] Trial 27 finished with value: 89.45799939331307 and parameters: {'n_units_l0': 2976, 'n_units_l1': 800, 'n_units_l2': 608, 'n_units_l3': 2048, 'n_units_l4': 1088, 'n_units_l5': 3008, 'n_units_l6': 1216, 'n_units_l7': 544, 'n_units_l8': 736, 'n_units_l9': 864, 'n_units_l10': 704, 'lr': 0.0008208858167262684}. Best is trial 11 with value: 39.67854078462652.
[I 2025-03-21 23:43:49,381] Trial 28 pruned. 
[I 2025-03-21 23:43:49,578] Trial 29 pruned. 
[I 2025-03-21 23:43:49,778] Trial 30 pruned. 
[I 2025-03-21 23:43:52,927] Trial 31 finished with value: 125.64548121229215 and parameters: {'n_units_l0': 2464, 'n_units_l1': 896, 'n_units_l2': 288, 'n_units_l3': 2048, 'n_units_l4': 384, 'n_units_l5': 3776, 'n_units_l6': 288, 'n_units_l7': 736, 'n_units_l8': 512, 'n_units_l9': 480, 'n_units_l10': 1440, 'lr': 0.005414736389179772}. Best is trial 11 with value: 39.67854078462652.
[I 2025-03-21 23:43:53,440] Trial 0 finished with value: 130.94711027987438 and parameters: {'n_units_l0': 2208, 'n_units_l1': 1120, 'n_units_l2': 832, 'n_units_l3': 2528, 'n_units_l4': 704, 'n_units_l5': 3200, 'n_units_l6': 576, 'n_units_l7': 2336, 'n_units_l8': 1120, 'n_units_l9': 3968, 'n_units_l10': 1600, 'n_units_l11': 3584, 'lr': 0.019159514301636284}. Best is trial 0 with value: 130.94711027987438.
[I 2025-03-21 23:43:56,181] Trial 32 finished with value: 111.57702947896954 and parameters: {'n_units_l0': 2176, 'n_units_l1': 1248, 'n_units_l2': 64, 'n_units_l3': 1792, 'n_units_l4': 1408, 'n_units_l5': 3744, 'n_units_l6': 160, 'n_units_l7': 1248, 'n_units_l8': 320, 'n_units_l9': 288, 'n_units_l10': 992, 'lr': 0.0006954627120191337}. Best is trial 11 with value: 39.67854078462652.
[I 2025-03-21 23:43:56,355] Trial 33 pruned. 
[I 2025-03-21 23:43:58,128] Trial 1 finished with value: 127.37135537400138 and parameters: {'n_units_l0': 1024, 'n_units_l1': 2144, 'n_units_l2': 320, 'n_units_l3': 4096, 'n_units_l4': 960, 'n_units_l5': 2976, 'n_units_l6': 2144, 'n_units_l7': 224, 'n_units_l8': 2112, 'n_units_l9': 1408, 'n_units_l10': 1280, 'n_units_l11': 3232, 'lr': 0.006068808216084773}. Best is trial 1 with value: 127.37135537400138.
[I 2025-03-21 23:43:59,616] Trial 34 finished with value: 87.57782598459943 and parameters: {'n_units_l0': 2560, 'n_units_l1': 416, 'n_units_l2': 288, 'n_units_l3': 2304, 'n_units_l4': 512, 'n_units_l5': 3392, 'n_units_l6': 736, 'n_units_l7': 32, 'n_units_l8': 544, 'n_units_l9': 1248, 'n_units_l10': 384, 'lr': 0.0002130560121465457}. Best is trial 11 with value: 39.67854078462652.
[I 2025-03-21 23:43:59,744] Trial 35 pruned. 
[I 2025-03-21 23:43:59,894] Trial 36 pruned. 
[I 2025-03-21 23:44:00,156] Trial 37 pruned. 
[I 2025-03-21 23:44:00,290] Trial 38 pruned. 
[I 2025-03-21 23:44:00,493] Trial 39 pruned. 
[I 2025-03-21 23:44:00,712] Trial 40 pruned. 
[I 2025-03-21 23:44:00,926] Trial 41 pruned. 
[I 2025-03-21 23:44:01,092] Trial 42 pruned. 
[I 2025-03-21 23:44:04,269] Trial 43 finished with value: 92.93232649651127 and parameters: {'n_units_l0': 2208, 'n_units_l1': 1408, 'n_units_l2': 448, 'n_units_l3': 2336, 'n_units_l4': 736, 'n_units_l5': 3840, 'n_units_l6': 416, 'n_units_l7': 1216, 'n_units_l8': 224, 'n_units_l9': 576, 'n_units_l10': 1984, 'lr': 8.93081915294251e-05}. Best is trial 11 with value: 39.67854078462652.
[I 2025-03-21 23:44:04,658] Trial 44 pruned. 
[I 2025-03-21 23:44:04,842] Trial 45 pruned. 
[I 2025-03-21 23:44:05,050] Trial 46 pruned. 
[I 2025-03-21 23:44:05,203] Trial 47 pruned. 
[I 2025-03-21 23:44:05,325] Trial 48 pruned. 
[I 2025-03-21 23:44:05,583] Trial 49 pruned. 
[I 2025-03-21 23:44:05,780] Trial 50 pruned. 
[I 2025-03-21 23:44:06,757] Trial 2 finished with value: inf and parameters: {'n_units_l0': 736, 'n_units_l1': 3456, 'n_units_l2': 32, 'n_units_l3': 4096, 'n_units_l4': 3360, 'n_units_l5': 2368, 'n_units_l6': 1696, 'n_units_l7': 2240, 'n_units_l8': 832, 'n_units_l9': 4032, 'n_units_l10': 3872, 'n_units_l11': 1600, 'lr': 0.07064625080922222}. Best is trial 1 with value: 127.37135537400138.
[I 2025-03-21 23:44:11,560] Trial 51 finished with value: 97.07790316311223 and parameters: {'n_units_l0': 3520, 'n_units_l1': 2560, 'n_units_l2': 384, 'n_units_l3': 2240, 'n_units_l4': 3840, 'n_units_l5': 32, 'n_units_l6': 2656, 'n_units_l7': 3136, 'n_units_l8': 1056, 'n_units_l9': 1184, 'n_units_l10': 2496, 'lr': 0.00010343573588956535}. Best is trial 11 with value: 39.67854078462652.
[I 2025-03-21 23:44:11,866] Trial 52 pruned. 
[I 2025-03-21 23:44:12,179] Trial 53 pruned. 
[I 2025-03-21 23:44:12,434] Trial 54 pruned. 
[I 2025-03-21 23:44:12,726] Trial 55 pruned. 
[I 2025-03-21 23:44:12,963] Trial 56 pruned. 
[I 2025-03-21 23:44:13,362] Trial 57 pruned. 
[I 2025-03-21 23:44:13,595] Trial 58 pruned. 
[I 2025-03-21 23:44:13,848] Trial 59 pruned. 
[I 2025-03-21 23:44:14,071] Trial 60 pruned. 
[I 2025-03-21 23:44:14,244] Trial 61 pruned. 
[I 2025-03-21 23:44:14,638] Trial 3 finished with value: inf and parameters: {'n_units_l0': 992, 'n_units_l1': 768, 'n_units_l2': 1088, 'n_units_l3': 2848, 'n_units_l4': 928, 'n_units_l5': 3328, 'n_units_l6': 2400, 'n_units_l7': 2368, 'n_units_l8': 3552, 'n_units_l9': 2912, 'n_units_l10': 1888, 'n_units_l11': 2784, 'lr': 0.04270440848763271}. Best is trial 1 with value: 127.37135537400138.
[I 2025-03-21 23:44:17,512] Trial 62 finished with value: 88.1854577548262 and parameters: {'n_units_l0': 1952, 'n_units_l1': 1312, 'n_units_l2': 416, 'n_units_l3': 2176, 'n_units_l4': 736, 'n_units_l5': 3872, 'n_units_l6': 448, 'n_units_l7': 800, 'n_units_l8': 384, 'n_units_l9': 128, 'n_units_l10': 1952, 'lr': 0.00040153513781367834}. Best is trial 11 with value: 39.67854078462652.
[I 2025-03-21 23:44:17,726] Trial 63 pruned. 
[I 2025-03-21 23:44:17,887] Trial 64 pruned. 
[I 2025-03-21 23:44:18,023] Trial 65 pruned. 
[I 2025-03-21 23:44:18,329] Trial 66 pruned. 
[I 2025-03-21 23:44:18,497] Trial 67 pruned. 
[I 2025-03-21 23:44:18,702] Trial 68 pruned. 
[I 2025-03-21 23:44:18,892] Trial 69 pruned. 
[I 2025-03-21 23:44:19,087] Trial 70 pruned. 
[I 2025-03-21 23:44:19,297] Trial 71 pruned. 
[I 2025-03-21 23:44:21,416] Trial 4 finished with value: inf and parameters: {'n_units_l0': 672, 'n_units_l1': 1344, 'n_units_l2': 1152, 'n_units_l3': 2272, 'n_units_l4': 1504, 'n_units_l5': 3712, 'n_units_l6': 2112, 'n_units_l7': 2272, 'n_units_l8': 96, 'n_units_l9': 3328, 'n_units_l10': 3072, 'n_units_l11': 2272, 'lr': 0.07047521281926873}. Best is trial 1 with value: 127.37135537400138.
/trinity/home/fisheye/.local/lib/python3.9/site-packages/numpy/lib/function_base.py:4527: RuntimeWarning: invalid value encountered in subtract
  diff_b_a = subtract(b, a)
[I 2025-03-21 23:44:22,503] Trial 72 finished with value: 104.97377974547707 and parameters: {'n_units_l0': 1568, 'n_units_l1': 1472, 'n_units_l2': 704, 'n_units_l3': 2336, 'n_units_l4': 800, 'n_units_l5': 3968, 'n_units_l6': 512, 'n_units_l7': 1184, 'n_units_l8': 192, 'n_units_l9': 608, 'n_units_l10': 1728, 'lr': 0.0003645523152432573}. Best is trial 11 with value: 39.67854078462652.
[I 2025-03-21 23:44:22,729] Trial 73 pruned. 
[I 2025-03-21 23:44:22,909] Trial 74 pruned. 
[I 2025-03-21 23:44:23,266] Trial 75 pruned. 
[I 2025-03-21 23:44:23,464] Trial 76 pruned. 
[I 2025-03-21 23:44:25,034] Trial 5 finished with value: 127.38812428186561 and parameters: {'n_units_l0': 3040, 'n_units_l1': 800, 'n_units_l2': 416, 'n_units_l3': 1760, 'n_units_l4': 1152, 'n_units_l5': 896, 'n_units_l6': 512, 'n_units_l7': 2464, 'n_units_l8': 1280, 'n_units_l9': 2816, 'n_units_l10': 576, 'n_units_l11': 2304, 'lr': 0.020833083327827046}. Best is trial 1 with value: 127.37135537400138.
/trinity/home/fisheye/.local/lib/python3.9/site-packages/numpy/lib/function_base.py:4530: RuntimeWarning: invalid value encountered in subtract
  subtract(b, diff_b_a * (1 - t), out=lerp_interpolation, where=t >= 0.5)
[I 2025-03-21 23:44:27,006] Trial 77 finished with value: 41.60349403997386 and parameters: {'n_units_l0': 3264, 'n_units_l1': 1376, 'n_units_l2': 544, 'n_units_l3': 2528, 'n_units_l4': 1152, 'n_units_l5': 3712, 'n_units_l6': 832, 'n_units_l7': 576, 'n_units_l8': 96, 'n_units_l9': 512, 'n_units_l10': 1984, 'lr': 0.002402020382559081}. Best is trial 11 with value: 39.67854078462652.
[I 2025-03-21 23:44:27,178] Trial 78 pruned. 
[I 2025-03-21 23:44:27,360] Trial 79 pruned. 
[I 2025-03-21 23:44:27,640] Trial 80 pruned. 
[I 2025-03-21 23:44:27,803] Trial 81 pruned. 
[I 2025-03-21 23:44:27,957] Trial 82 pruned. 
[I 2025-03-21 23:44:28,151] Trial 83 pruned. 
[I 2025-03-21 23:44:28,373] Trial 84 pruned. 
[I 2025-03-21 23:44:33,869] Trial 85 finished with value: 87.81889968777296 and parameters: {'n_units_l0': 3008, 'n_units_l1': 1248, 'n_units_l2': 1440, 'n_units_l3': 2048, 'n_units_l4': 3104, 'n_units_l5': 3968, 'n_units_l6': 832, 'n_units_l7': 1312, 'n_units_l8': 800, 'n_units_l9': 32, 'n_units_l10': 2112, 'lr': 0.000324702903309085}. Best is trial 11 with value: 39.67854078462652.
[I 2025-03-21 23:44:34,148] Trial 86 pruned. 
[I 2025-03-21 23:44:34,171] Trial 6 finished with value: 486.53571954057446 and parameters: {'n_units_l0': 3936, 'n_units_l1': 1312, 'n_units_l2': 3328, 'n_units_l3': 1504, 'n_units_l4': 3328, 'n_units_l5': 4032, 'n_units_l6': 2240, 'n_units_l7': 2880, 'n_units_l8': 2656, 'n_units_l9': 512, 'n_units_l10': 3616, 'n_units_l11': 1120, 'lr': 0.02193621872371849}. Best is trial 1 with value: 127.37135537400138.
[I 2025-03-21 23:44:34,394] Trial 87 pruned. 
/trinity/home/fisheye/.local/lib/python3.9/site-packages/numpy/lib/function_base.py:4529: RuntimeWarning: invalid value encountered in multiply
  lerp_interpolation = asanyarray(add(a, diff_b_a * t, out=out))
[I 2025-03-21 23:44:34,651] Trial 88 pruned. 
[I 2025-03-21 23:44:34,909] Trial 89 pruned. 
[I 2025-03-21 23:44:39,583] Trial 90 finished with value: 89.42301225366059 and parameters: {'n_units_l0': 3296, 'n_units_l1': 2624, 'n_units_l2': 128, 'n_units_l3': 1696, 'n_units_l4': 2304, 'n_units_l5': 4032, 'n_units_l6': 320, 'n_units_l7': 896, 'n_units_l8': 1184, 'n_units_l9': 1056, 'n_units_l10': 320, 'lr': 0.00011504535419174449}. Best is trial 11 with value: 39.67854078462652.
[I 2025-03-21 23:44:39,931] Trial 91 pruned. 
[I 2025-03-21 23:44:41,538] Trial 7 finished with value: inf and parameters: {'n_units_l0': 2144, 'n_units_l1': 2144, 'n_units_l2': 2656, 'n_units_l3': 1280, 'n_units_l4': 2080, 'n_units_l5': 3328, 'n_units_l6': 2048, 'n_units_l7': 2976, 'n_units_l8': 160, 'n_units_l9': 2464, 'n_units_l10': 4032, 'n_units_l11': 640, 'lr': 0.0686385493313134}. Best is trial 1 with value: 127.37135537400138.
[I 2025-03-21 23:44:45,753] Trial 92 finished with value: 91.7763301462367 and parameters: {'n_units_l0': 3424, 'n_units_l1': 2656, 'n_units_l2': 352, 'n_units_l3': 1536, 'n_units_l4': 2304, 'n_units_l5': 4096, 'n_units_l6': 2048, 'n_units_l7': 896, 'n_units_l8': 1184, 'n_units_l9': 288, 'n_units_l10': 32, 'lr': 9.074500164900703e-05}. Best is trial 11 with value: 39.67854078462652.
[I 2025-03-21 23:44:50,366] Trial 8 finished with value: 347657.80749486655 and parameters: {'n_units_l0': 3424, 'n_units_l1': 704, 'n_units_l2': 1120, 'n_units_l3': 2176, 'n_units_l4': 2304, 'n_units_l5': 3040, 'n_units_l6': 4096, 'n_units_l7': 2752, 'n_units_l8': 3584, 'n_units_l9': 1824, 'n_units_l10': 672, 'n_units_l11': 3424, 'lr': 0.030331275180920575}. Best is trial 1 with value: 127.37135537400138.
[I 2025-03-21 23:44:50,994] Trial 93 finished with value: 84.9431219002228 and parameters: {'n_units_l0': 2848, 'n_units_l1': 2688, 'n_units_l2': 192, 'n_units_l3': 1536, 'n_units_l4': 2368, 'n_units_l5': 4064, 'n_units_l6': 1408, 'n_units_l7': 896, 'n_units_l8': 1280, 'n_units_l9': 288, 'n_units_l10': 64, 'lr': 0.00017322771165599295}. Best is trial 11 with value: 39.67854078462652.
[I 2025-03-21 23:44:51,234] Trial 94 pruned. 
[I 2025-03-21 23:44:51,543] Trial 95 pruned. 
[I 2025-03-21 23:44:51,947] Trial 96 pruned. 
[I 2025-03-21 23:44:52,096] Trial 97 pruned. 
[I 2025-03-21 23:44:52,285] Trial 98 pruned. 
[I 2025-03-21 23:44:52,506] Trial 99 pruned. 
[I 2025-03-21 23:44:52,531] A new study created in memory with name: no-name-485ed7a9-73d6-4e49-8472-99bdb72ea4e9
[I 2025-03-21 23:44:55,654] Trial 0 finished with value: 51.88386024544366 and parameters: {'n_units_l0': 800, 'n_units_l1': 3776, 'lr': 0.02815247629708968}. Best is trial 0 with value: 51.88386024544366.
[I 2025-03-21 23:44:56,974] Trial 9 finished with value: inf and parameters: {'n_units_l0': 1920, 'n_units_l1': 2400, 'n_units_l2': 2208, 'n_units_l3': 2464, 'n_units_l4': 864, 'n_units_l5': 3296, 'n_units_l6': 3296, 'n_units_l7': 2464, 'n_units_l8': 512, 'n_units_l9': 1632, 'n_units_l10': 448, 'n_units_l11': 192, 'lr': 0.0755888833936985}. Best is trial 1 with value: 127.37135537400138.
[I 2025-03-21 23:44:58,684] Trial 1 finished with value: 102.32371581358359 and parameters: {'n_units_l0': 2720, 'n_units_l1': 576, 'lr': 0.0798732775080711}. Best is trial 0 with value: 51.88386024544366.
[I 2025-03-21 23:45:01,762] Trial 2 finished with value: 46.36506556351361 and parameters: {'n_units_l0': 2368, 'n_units_l1': 3552, 'lr': 0.07149295442201022}. Best is trial 2 with value: 46.36506556351361.
[I 2025-03-21 23:45:01,960] Trial 10 finished with value: 37.758003822342324 and parameters: {'n_units_l0': 160, 'n_units_l1': 3264, 'n_units_l2': 3776, 'n_units_l3': 32, 'n_units_l4': 224, 'n_units_l5': 1184, 'n_units_l6': 1184, 'n_units_l7': 32, 'n_units_l8': 2016, 'n_units_l9': 800, 'n_units_l10': 2528, 'n_units_l11': 4032, 'lr': 0.0008945415685974595}. Best is trial 10 with value: 37.758003822342324.
