[I 2025-03-22 04:25:36,434] Trial 4 finished with value: 124.01880231925641 and parameters: {'n_units_l0': 2528, 'n_units_l1': 4064, 'n_units_l2': 928, 'n_units_l3': 672, 'n_units_l4': 2848, 'n_units_l5': 1344, 'n_units_l6': 2496, 'n_units_l7': 512, 'n_units_l8': 1984, 'n_units_l9': 2112, 'lr': 0.0658912319120716}. Best is trial 3 with value: 36.43836484579776.
/trinity/home/fisheye/.local/lib/python3.9/site-packages/numpy/lib/function_base.py:4529: RuntimeWarning: invalid value encountered in multiply
  lerp_interpolation = asanyarray(add(a, diff_b_a * t, out=out))
[I 2025-03-22 04:26:13,572] Trial 74 finished with value: 12.996182398124848 and parameters: {'n_units_l0': 2528, 'n_units_l1': 3296, 'n_units_l2': 384, 'n_units_l3': 672, 'n_units_l4': 2304, 'n_units_l5': 3712, 'n_units_l6': 3040, 'n_units_l7': 3072, 'n_units_l8': 1952, 'lr': 0.00023406834033869173}. Best is trial 19 with value: 8.906746186111702.
[I 2025-03-22 04:26:40,493] Trial 5 finished with value: 124.01692457764467 and parameters: {'n_units_l0': 2752, 'n_units_l1': 2912, 'n_units_l2': 160, 'n_units_l3': 512, 'n_units_l4': 1600, 'n_units_l5': 2272, 'n_units_l6': 1248, 'n_units_l7': 3616, 'n_units_l8': 960, 'n_units_l9': 2208, 'lr': 0.026792622554141294}. Best is trial 3 with value: 36.43836484579776.
[I 2025-03-22 04:26:42,766] Trial 75 pruned. 
[I 2025-03-22 04:26:44,151] Trial 76 pruned. 
[I 2025-03-22 04:26:45,326] Trial 77 pruned. 
[I 2025-03-22 04:27:01,302] Trial 78 pruned. 
[I 2025-03-22 04:27:02,453] Trial 79 pruned. 
[I 2025-03-22 04:27:03,454] Trial 80 pruned. 
[I 2025-03-22 04:27:04,653] Trial 81 pruned. 
[I 2025-03-22 04:27:05,517] Trial 82 pruned. 
[I 2025-03-22 04:27:06,646] Trial 83 pruned. 
[I 2025-03-22 04:27:56,104] Trial 6 finished with value: 124.02945632984273 and parameters: {'n_units_l0': 1696, 'n_units_l1': 800, 'n_units_l2': 768, 'n_units_l3': 3776, 'n_units_l4': 1440, 'n_units_l5': 3360, 'n_units_l6': 2432, 'n_units_l7': 2720, 'n_units_l8': 352, 'n_units_l9': 4096, 'lr': 0.06387779031446601}. Best is trial 3 with value: 36.43836484579776.
[I 2025-03-22 04:28:31,704] Trial 84 finished with value: 10.017240363146188 and parameters: {'n_units_l0': 1824, 'n_units_l1': 3424, 'n_units_l2': 448, 'n_units_l3': 1376, 'n_units_l4': 1600, 'n_units_l5': 3360, 'n_units_l6': 1856, 'n_units_l7': 3744, 'n_units_l8': 2176, 'lr': 9.89407240865927e-05}. Best is trial 19 with value: 8.906746186111702.
[I 2025-03-22 04:28:33,066] Trial 85 pruned. 
[I 2025-03-22 04:28:34,370] Trial 86 pruned. 
[I 2025-03-22 04:28:35,827] Trial 87 pruned. 
[I 2025-03-22 04:28:38,843] Trial 88 pruned. 
[I 2025-03-22 04:28:39,641] Trial 89 pruned. 
[I 2025-03-22 04:28:40,875] Trial 90 pruned. 
[I 2025-03-22 04:28:43,022] Trial 91 pruned. 
[I 2025-03-22 04:28:43,978] Trial 92 pruned. 
[I 2025-03-22 04:28:45,176] Trial 93 pruned. 
[I 2025-03-22 04:28:46,290] Trial 94 pruned. 
[I 2025-03-22 04:28:47,387] Trial 95 pruned. 
[I 2025-03-22 04:28:48,318] Trial 96 pruned. 
[I 2025-03-22 04:28:49,646] Trial 97 pruned. 
[I 2025-03-22 04:28:50,733] Trial 98 pruned. 
[I 2025-03-22 04:28:51,841] Trial 99 pruned. 
[I 2025-03-22 04:28:51,973] A new study created in memory with name: no-name-fb50e89f-1b54-48e1-a199-a33a7e40f28d
[I 2025-03-22 04:28:54,794] Trial 7 finished with value: 124.01935857418694 and parameters: {'n_units_l0': 1024, 'n_units_l1': 1568, 'n_units_l2': 1504, 'n_units_l3': 32, 'n_units_l4': 384, 'n_units_l5': 3968, 'n_units_l6': 2784, 'n_units_l7': 544, 'n_units_l8': 2720, 'n_units_l9': 1248, 'lr': 0.04012158077406758}. Best is trial 3 with value: 36.43836484579776.
[I 2025-03-22 04:28:55,758] Trial 8 pruned. 
[I 2025-03-22 04:29:41,144] Trial 0 finished with value: 124.91591466082274 and parameters: {'n_units_l0': 416, 'n_units_l1': 1632, 'n_units_l2': 480, 'n_units_l3': 640, 'n_units_l4': 2080, 'n_units_l5': 64, 'n_units_l6': 640, 'n_units_l7': 1568, 'n_units_l8': 1376, 'n_units_l9': 2656, 'n_units_l10': 2880, 'lr': 0.08595832401126724}. Best is trial 0 with value: 124.91591466082274.
[I 2025-03-22 04:30:22,181] Trial 9 finished with value: 124.06479468230704 and parameters: {'n_units_l0': 2016, 'n_units_l1': 3072, 'n_units_l2': 1728, 'n_units_l3': 32, 'n_units_l4': 1504, 'n_units_l5': 3648, 'n_units_l6': 2368, 'n_units_l7': 3488, 'n_units_l8': 640, 'n_units_l9': 3904, 'lr': 0.054543977198202837}. Best is trial 3 with value: 36.43836484579776.
[I 2025-03-22 04:31:41,077] Trial 1 finished with value: inf and parameters: {'n_units_l0': 1792, 'n_units_l1': 2976, 'n_units_l2': 3648, 'n_units_l3': 3520, 'n_units_l4': 1184, 'n_units_l5': 1056, 'n_units_l6': 3808, 'n_units_l7': 1760, 'n_units_l8': 1152, 'n_units_l9': 2464, 'n_units_l10': 2528, 'lr': 0.08923437916734622}. Best is trial 0 with value: 124.91591466082274.
[I 2025-03-22 04:31:43,533] Trial 10 finished with value: 11.860413992319511 and parameters: {'n_units_l0': 32, 'n_units_l1': 32, 'n_units_l2': 2528, 'n_units_l3': 2176, 'n_units_l4': 3488, 'n_units_l5': 2848, 'n_units_l6': 1216, 'n_units_l7': 1376, 'n_units_l8': 1472, 'n_units_l9': 3104, 'lr': 0.0001801982889714296}. Best is trial 10 with value: 11.860413992319511.
[I 2025-03-22 04:32:09,713] Trial 11 pruned. 
[I 2025-03-22 04:32:10,653] Trial 12 pruned. 
[I 2025-03-22 04:33:38,293] Trial 13 finished with value: 20.547509936602964 and parameters: {'n_units_l0': 1152, 'n_units_l1': 1952, 'n_units_l2': 2720, 'n_units_l3': 2976, 'n_units_l4': 2816, 'n_units_l5': 2848, 'n_units_l6': 512, 'n_units_l7': 928, 'n_units_l8': 1344, 'n_units_l9': 2592, 'lr': 0.00044825212156735504}. Best is trial 10 with value: 11.860413992319511.
[I 2025-03-22 04:33:53,099] Trial 2 finished with value: 124.75710891707722 and parameters: {'n_units_l0': 3648, 'n_units_l1': 1216, 'n_units_l2': 3072, 'n_units_l3': 3616, 'n_units_l4': 3776, 'n_units_l5': 2432, 'n_units_l6': 2336, 'n_units_l7': 2112, 'n_units_l8': 1376, 'n_units_l9': 1472, 'n_units_l10': 3072, 'lr': 0.038642396588500195}. Best is trial 2 with value: 124.75710891707722.
[I 2025-03-22 04:34:02,710] Trial 14 pruned. 
[I 2025-03-22 04:34:03,821] Trial 15 pruned. 
[I 2025-03-22 04:34:04,551] Trial 16 pruned. 
[I 2025-03-22 04:34:05,800] Trial 17 pruned. 
[I 2025-03-22 04:34:29,914] Trial 18 pruned. 
[I 2025-03-22 04:36:04,611] Trial 19 finished with value: 35.36441509134995 and parameters: {'n_units_l0': 4032, 'n_units_l1': 2144, 'n_units_l2': 2304, 'n_units_l3': 3392, 'n_units_l4': 3680, 'n_units_l5': 1312, 'n_units_l6': 1728, 'n_units_l7': 864, 'n_units_l8': 192, 'n_units_l9': 1824, 'lr': 0.001162972290117126}. Best is trial 10 with value: 11.860413992319511.
[I 2025-03-22 04:36:17,533] Trial 3 finished with value: inf and parameters: {'n_units_l0': 2304, 'n_units_l1': 3360, 'n_units_l2': 1760, 'n_units_l3': 2720, 'n_units_l4': 3392, 'n_units_l5': 1792, 'n_units_l6': 3904, 'n_units_l7': 1792, 'n_units_l8': 2176, 'n_units_l9': 3264, 'n_units_l10': 3072, 'lr': 0.05989336833476284}. Best is trial 2 with value: 124.75710891707722.
[I 2025-03-22 04:37:13,584] Trial 20 pruned. 
[I 2025-03-22 04:38:25,881] Trial 4 finished with value: 124.76425145440604 and parameters: {'n_units_l0': 1216, 'n_units_l1': 1152, 'n_units_l2': 3584, 'n_units_l3': 1696, 'n_units_l4': 608, 'n_units_l5': 1152, 'n_units_l6': 1568, 'n_units_l7': 3936, 'n_units_l8': 3552, 'n_units_l9': 3808, 'n_units_l10': 3360, 'lr': 0.014403440058415989}. Best is trial 2 with value: 124.75710891707722.
/trinity/home/fisheye/.local/lib/python3.9/site-packages/numpy/lib/function_base.py:4529: RuntimeWarning: invalid value encountered in multiply
  lerp_interpolation = asanyarray(add(a, diff_b_a * t, out=out))
[I 2025-03-22 04:38:47,222] Trial 21 finished with value: 18.331015393384504 and parameters: {'n_units_l0': 3456, 'n_units_l1': 2080, 'n_units_l2': 2304, 'n_units_l3': 3424, 'n_units_l4': 3712, 'n_units_l5': 1280, 'n_units_l6': 1760, 'n_units_l7': 864, 'n_units_l8': 128, 'n_units_l9': 1824, 'lr': 0.0013489250310050314}. Best is trial 10 with value: 11.860413992319511.
[I 2025-03-22 04:38:48,268] Trial 22 pruned. 
[I 2025-03-22 04:39:39,297] Trial 5 finished with value: 124.75778757518971 and parameters: {'n_units_l0': 1216, 'n_units_l1': 640, 'n_units_l2': 1600, 'n_units_l3': 416, 'n_units_l4': 2592, 'n_units_l5': 3552, 'n_units_l6': 672, 'n_units_l7': 2912, 'n_units_l8': 2368, 'n_units_l9': 2432, 'n_units_l10': 544, 'lr': 0.005825892630796477}. Best is trial 2 with value: 124.75710891707722.
[I 2025-03-22 04:40:28,113] Trial 23 finished with value: 20.29760847358828 and parameters: {'n_units_l0': 2144, 'n_units_l1': 1920, 'n_units_l2': 2880, 'n_units_l3': 3584, 'n_units_l4': 3744, 'n_units_l5': 1664, 'n_units_l6': 1664, 'n_units_l7': 416, 'n_units_l8': 1184, 'n_units_l9': 1856, 'lr': 0.0015368981492655412}. Best is trial 10 with value: 11.860413992319511.
[I 2025-03-22 04:40:29,358] Trial 24 pruned. 
[I 2025-03-22 04:40:30,631] Trial 25 pruned. 
[I 2025-03-22 04:40:31,921] Trial 26 pruned. 
[I 2025-03-22 04:40:33,148] Trial 27 pruned. 
[I 2025-03-22 04:41:27,875] Trial 6 finished with value: 23.736066899781928 and parameters: {'n_units_l0': 3584, 'n_units_l1': 3872, 'n_units_l2': 2784, 'n_units_l3': 3392, 'n_units_l4': 1728, 'n_units_l5': 2688, 'n_units_l6': 704, 'n_units_l7': 640, 'n_units_l8': 576, 'n_units_l9': 640, 'n_units_l10': 3808, 'lr': 0.00030295061500952526}. Best is trial 6 with value: 23.736066899781928.
[I 2025-03-22 04:41:29,623] Trial 7 pruned. 
[I 2025-03-22 04:41:30,700] Trial 8 pruned. 
[I 2025-03-22 04:41:31,920] Trial 9 pruned. 
[I 2025-03-22 04:41:38,072] Trial 28 finished with value: 124.10512456142165 and parameters: {'n_units_l0': 2336, 'n_units_l1': 448, 'n_units_l2': 2400, 'n_units_l3': 1760, 'n_units_l4': 3584, 'n_units_l5': 1696, 'n_units_l6': 960, 'n_units_l7': 992, 'n_units_l8': 1728, 'n_units_l9': 2048, 'lr': 0.007035384428682683}. Best is trial 10 with value: 11.860413992319511.
[I 2025-03-22 04:41:39,814] Trial 29 pruned. 
[I 2025-03-22 04:41:40,608] Trial 30 pruned. 
[I 2025-03-22 04:42:31,271] Trial 10 finished with value: 124.74601312822296 and parameters: {'n_units_l0': 3712, 'n_units_l1': 2528, 'n_units_l2': 2400, 'n_units_l3': 2240, 'n_units_l4': 64, 'n_units_l5': 3040, 'n_units_l6': 192, 'n_units_l7': 160, 'n_units_l8': 352, 'n_units_l9': 32, 'n_units_l10': 1152, 'lr': 0.02744647104213335}. Best is trial 6 with value: 23.736066899781928.
[I 2025-03-22 04:42:32,742] Trial 11 pruned. 
[I 2025-03-22 04:42:34,965] Trial 12 pruned. 
[I 2025-03-22 04:43:17,290] Trial 31 finished with value: 11.471987705292841 and parameters: {'n_units_l0': 1216, 'n_units_l1': 2112, 'n_units_l2': 2816, 'n_units_l3': 3072, 'n_units_l4': 4064, 'n_units_l5': 2208, 'n_units_l6': 512, 'n_units_l7': 1056, 'n_units_l8': 1248, 'n_units_l9': 2272, 'lr': 0.00045843231284305056}. Best is trial 31 with value: 11.471987705292841.
[I 2025-03-22 04:44:28,977] Trial 13 finished with value: 124.74601498982705 and parameters: {'n_units_l0': 3008, 'n_units_l1': 3904, 'n_units_l2': 2624, 'n_units_l3': 2624, 'n_units_l4': 2816, 'n_units_l5': 4032, 'n_units_l6': 1120, 'n_units_l7': 64, 'n_units_l8': 640, 'n_units_l9': 960, 'n_units_l10': 1280, 'lr': 0.003577953178456358}. Best is trial 6 with value: 23.736066899781928.
[I 2025-03-22 04:44:30,112] Trial 14 pruned. 
[I 2025-03-22 04:44:47,064] Trial 15 pruned. 
[I 2025-03-22 04:45:20,031] Trial 32 finished with value: 124.02301774413267 and parameters: {'n_units_l0': 1664, 'n_units_l1': 2176, 'n_units_l2': 3904, 'n_units_l3': 3648, 'n_units_l4': 4064, 'n_units_l5': 2240, 'n_units_l6': 1408, 'n_units_l7': 1440, 'n_units_l8': 864, 'n_units_l9': 2272, 'lr': 0.006540532694323407}. Best is trial 31 with value: 11.471987705292841.
[I 2025-03-22 04:45:59,793] Trial 16 finished with value: 124.77028079226815 and parameters: {'n_units_l0': 2688, 'n_units_l1': 2432, 'n_units_l2': 2112, 'n_units_l3': 1312, 'n_units_l4': 32, 'n_units_l5': 2464, 'n_units_l6': 2304, 'n_units_l7': 512, 'n_units_l8': 2848, 'n_units_l9': 1728, 'n_units_l10': 1824, 'lr': 0.00472101398438049}. Best is trial 6 with value: 23.736066899781928.
[I 2025-03-22 04:46:00,727] Trial 17 pruned. 
[I 2025-03-22 04:46:01,901] Trial 18 pruned. 
[I 2025-03-22 04:46:46,551] Trial 33 finished with value: 10.75322355525113 and parameters: {'n_units_l0': 576, 'n_units_l1': 2688, 'n_units_l2': 3072, 'n_units_l3': 1856, 'n_units_l4': 3552, 'n_units_l5': 1824, 'n_units_l6': 896, 'n_units_l7': 768, 'n_units_l8': 1984, 'n_units_l9': 2880, 'lr': 0.0003354201776899347}. Best is trial 33 with value: 10.75322355525113.
[I 2025-03-22 04:46:47,655] Trial 34 pruned. 
[I 2025-03-22 04:47:08,350] Trial 19 finished with value: 124.80382733548893 and parameters: {'n_units_l0': 2560, 'n_units_l1': 3520, 'n_units_l2': 1696, 'n_units_l3': 32, 'n_units_l4': 1600, 'n_units_l5': 1888, 'n_units_l6': 2912, 'n_units_l7': 32, 'n_units_l8': 992, 'n_units_l9': 1856, 'n_units_l10': 640, 'lr': 0.012428850549151537}. Best is trial 6 with value: 23.736066899781928.
[I 2025-03-22 04:48:39,204] Trial 20 finished with value: 124.75632596140235 and parameters: {'n_units_l0': 3488, 'n_units_l1': 32, 'n_units_l2': 3328, 'n_units_l3': 2912, 'n_units_l4': 4032, 'n_units_l5': 3424, 'n_units_l6': 416, 'n_units_l7': 4000, 'n_units_l8': 32, 'n_units_l9': 1152, 'n_units_l10': 1408, 'lr': 0.02890102924565528}. Best is trial 6 with value: 23.736066899781928.
[I 2025-03-22 04:48:56,297] Trial 35 finished with value: 135.6908854570917 and parameters: {'n_units_l0': 320, 'n_units_l1': 2720, 'n_units_l2': 4000, 'n_units_l3': 1600, 'n_units_l4': 4096, 'n_units_l5': 2080, 'n_units_l6': 4064, 'n_units_l7': 1120, 'n_units_l8': 3136, 'n_units_l9': 3552, 'lr': 0.005567416902759081}. Best is trial 33 with value: 10.75322355525113.
[I 2025-03-22 04:48:57,447] Trial 36 pruned. 
[I 2025-03-22 04:48:58,403] Trial 37 pruned. 
[I 2025-03-22 04:49:01,870] Trial 38 pruned. 
[I 2025-03-22 04:49:02,986] Trial 39 pruned. 
[I 2025-03-22 04:49:04,600] Trial 40 pruned. 
[I 2025-03-22 04:49:05,853] Trial 41 pruned. 
[I 2025-03-22 04:49:07,327] Trial 42 pruned. 
[I 2025-03-22 04:50:09,510] Trial 43 finished with value: 17.82850855699968 and parameters: {'n_units_l0': 1792, 'n_units_l1': 2688, 'n_units_l2': 3040, 'n_units_l3': 2176, 'n_units_l4': 96, 'n_units_l5': 1216, 'n_units_l6': 928, 'n_units_l7': 1056, 'n_units_l8': 640, 'n_units_l9': 2720, 'lr': 0.000504091107547607}. Best is trial 33 with value: 10.75322355525113.
[I 2025-03-22 04:50:10,306] Trial 44 pruned. 
[I 2025-03-22 04:50:10,827] Trial 45 pruned. 
[I 2025-03-22 04:50:11,519] Trial 46 pruned. 
[I 2025-03-22 04:50:12,559] Trial 47 pruned. 
[I 2025-03-22 04:50:17,275] Trial 48 pruned. 
[I 2025-03-22 04:50:18,288] Trial 49 pruned. 
[I 2025-03-22 04:50:19,032] Trial 50 pruned. 
[I 2025-03-22 04:50:35,302] Trial 21 finished with value: 124.7509639688279 and parameters: {'n_units_l0': 3136, 'n_units_l1': 4064, 'n_units_l2': 2624, 'n_units_l3': 2400, 'n_units_l4': 3008, 'n_units_l5': 3872, 'n_units_l6': 1216, 'n_units_l7': 224, 'n_units_l8': 576, 'n_units_l9': 928, 'n_units_l10': 1376, 'lr': 0.002042266473568621}. Best is trial 6 with value: 23.736066899781928.
[I 2025-03-22 04:51:54,827] Trial 51 finished with value: 36.17535439307993 and parameters: {'n_units_l0': 2176, 'n_units_l1': 2400, 'n_units_l2': 2976, 'n_units_l3': 3136, 'n_units_l4': 3840, 'n_units_l5': 1536, 'n_units_l6': 960, 'n_units_l7': 544, 'n_units_l8': 1216, 'n_units_l9': 1344, 'lr': 0.0035014506537246744}. Best is trial 33 with value: 10.75322355525113.
[I 2025-03-22 04:51:56,016] Trial 52 pruned. 
[I 2025-03-22 04:51:57,211] Trial 53 pruned. 
[I 2025-03-22 04:52:26,624] Trial 22 finished with value: 47.683541831930434 and parameters: {'n_units_l0': 2944, 'n_units_l1': 3712, 'n_units_l2': 2752, 'n_units_l3': 3296, 'n_units_l4': 2400, 'n_units_l5': 3328, 'n_units_l6': 1184, 'n_units_l7': 800, 'n_units_l8': 864, 'n_units_l9': 384, 'n_units_l10': 1024, 'lr': 0.002041989876652472}. Best is trial 6 with value: 23.736066899781928.
[I 2025-03-22 04:52:27,867] Trial 23 pruned. 
[I 2025-03-22 04:53:31,850] Trial 54 finished with value: 13.903166156483007 and parameters: {'n_units_l0': 960, 'n_units_l1': 2944, 'n_units_l2': 3264, 'n_units_l3': 2080, 'n_units_l4': 3008, 'n_units_l5': 2496, 'n_units_l6': 1376, 'n_units_l7': 3200, 'n_units_l8': 288, 'n_units_l9': 2432, 'lr': 0.0004666716161183409}. Best is trial 33 with value: 10.75322355525113.
[I 2025-03-22 04:53:33,021] Trial 55 pruned. 
[I 2025-03-22 04:53:38,345] Trial 56 pruned. 
[I 2025-03-22 04:53:39,529] Trial 57 pruned. 
[I 2025-03-22 04:53:40,498] Trial 58 pruned. 
[I 2025-03-22 04:53:47,431] Trial 59 pruned. 
[I 2025-03-22 04:53:48,435] Trial 60 pruned. 
[I 2025-03-22 04:53:49,916] Trial 61 pruned. 
[I 2025-03-22 04:53:51,121] Trial 62 pruned. 
[I 2025-03-22 04:53:52,138] Trial 63 pruned. 
[I 2025-03-22 04:53:53,404] Trial 64 pruned. 
[I 2025-03-22 04:53:54,624] Trial 65 pruned. 
[I 2025-03-22 04:53:59,621] Trial 66 pruned. 
[I 2025-03-22 04:54:00,665] Trial 67 pruned. 
[I 2025-03-22 04:54:01,544] Trial 68 pruned. 
[I 2025-03-22 04:54:02,698] Trial 69 pruned. 
[I 2025-03-22 04:54:32,801] Trial 24 finished with value: 8.571668461788683 and parameters: {'n_units_l0': 3776, 'n_units_l1': 3616, 'n_units_l2': 2880, 'n_units_l3': 3424, 'n_units_l4': 3296, 'n_units_l5': 2752, 'n_units_l6': 928, 'n_units_l7': 1248, 'n_units_l8': 448, 'n_units_l9': 512, 'n_units_l10': 160, 'lr': 0.0012819388124380802}. Best is trial 24 with value: 8.571668461788683.
[I 2025-03-22 04:55:29,797] Trial 70 finished with value: 36.000125089266405 and parameters: {'n_units_l0': 2048, 'n_units_l1': 2112, 'n_units_l2': 2208, 'n_units_l3': 1632, 'n_units_l4': 3776, 'n_units_l5': 2688, 'n_units_l6': 992, 'n_units_l7': 576, 'n_units_l8': 2432, 'n_units_l9': 2176, 'lr': 0.002099826062057217}. Best is trial 33 with value: 10.75322355525113.
[I 2025-03-22 04:55:33,322] Trial 71 pruned. 
[I 2025-03-22 04:56:35,195] Trial 25 finished with value: 19.54135181558269 and parameters: {'n_units_l0': 3328, 'n_units_l1': 3712, 'n_units_l2': 2912, 'n_units_l3': 3424, 'n_units_l4': 3168, 'n_units_l5': 2176, 'n_units_l6': 864, 'n_units_l7': 1344, 'n_units_l8': 1888, 'n_units_l9': 640, 'n_units_l10': 96, 'lr': 0.0003645236457426107}. Best is trial 24 with value: 8.571668461788683.
[I 2025-03-22 04:56:36,957] Trial 26 pruned. 
[I 2025-03-22 04:56:38,512] Trial 27 pruned. 
[I 2025-03-22 04:56:40,318] Trial 28 pruned. 
[I 2025-03-22 04:57:05,913] Trial 72 finished with value: 37.07602836882253 and parameters: {'n_units_l0': 480, 'n_units_l1': 2304, 'n_units_l2': 2368, 'n_units_l3': 3456, 'n_units_l4': 3072, 'n_units_l5': 2912, 'n_units_l6': 544, 'n_units_l7': 1120, 'n_units_l8': 1312, 'n_units_l9': 2368, 'lr': 0.005335641036488458}. Best is trial 33 with value: 10.75322355525113.
[I 2025-03-22 04:57:07,061] Trial 73 pruned. 
[I 2025-03-22 04:57:08,409] Trial 74 pruned. 
[I 2025-03-22 04:57:09,566] Trial 75 pruned. 
[I 2025-03-22 04:57:10,477] Trial 76 pruned. 
[I 2025-03-22 04:57:11,688] Trial 77 pruned. 
[I 2025-03-22 04:57:14,050] Trial 78 pruned. 
[I 2025-03-22 04:57:14,949] Trial 79 pruned. 
[I 2025-03-22 04:57:16,024] Trial 80 pruned. 
[I 2025-03-22 04:57:17,199] Trial 81 pruned. 
[I 2025-03-22 04:57:18,558] Trial 82 pruned. 
[I 2025-03-22 04:57:19,653] Trial 83 pruned. 
[I 2025-03-22 04:57:20,420] Trial 84 pruned. 
[I 2025-03-22 04:57:24,251] Trial 85 pruned. 
[I 2025-03-22 04:57:25,329] Trial 86 pruned. 
[I 2025-03-22 04:57:26,513] Trial 87 pruned. 
[I 2025-03-22 04:57:30,453] Trial 88 pruned. 
[I 2025-03-22 04:57:31,446] Trial 89 pruned. 
[I 2025-03-22 04:57:32,598] Trial 90 pruned. 
[I 2025-03-22 04:57:34,680] Trial 91 pruned. 
[I 2025-03-22 04:57:35,838] Trial 92 pruned. 
[I 2025-03-22 04:57:37,026] Trial 93 pruned. 
[I 2025-03-22 04:57:37,897] Trial 94 pruned. 
[I 2025-03-22 04:57:38,820] Trial 95 pruned. 
[I 2025-03-22 04:57:40,129] Trial 96 pruned. 
[I 2025-03-22 04:57:41,036] Trial 97 pruned. 
[I 2025-03-22 04:57:42,262] Trial 98 pruned. 
[I 2025-03-22 04:57:43,410] Trial 99 pruned. 
[I 2025-03-22 04:57:43,516] A new study created in memory with name: no-name-cab84511-412b-4018-ab3d-dce8a3f98e9a
[I 2025-03-22 04:57:52,260] Trial 29 finished with value: 19.441714182387305 and parameters: {'n_units_l0': 128, 'n_units_l1': 3424, 'n_units_l2': 1952, 'n_units_l3': 2848, 'n_units_l4': 1888, 'n_units_l5': 1440, 'n_units_l6': 928, 'n_units_l7': 1728, 'n_units_l8': 1120, 'n_units_l9': 1120, 'n_units_l10': 2560, 'lr': 0.00029531637761808145}. Best is trial 24 with value: 8.571668461788683.
[I 2025-03-22 04:57:53,202] Trial 30 pruned. 
[I 2025-03-22 04:58:54,863] Trial 0 finished with value: 124.50958042808331 and parameters: {'n_units_l0': 128, 'n_units_l1': 2336, 'n_units_l2': 192, 'n_units_l3': 2432, 'n_units_l4': 992, 'n_units_l5': 1472, 'n_units_l6': 3712, 'n_units_l7': 384, 'n_units_l8': 1920, 'n_units_l9': 2336, 'n_units_l10': 2784, 'n_units_l11': 1728, 'lr': 0.044118796358641986}. Best is trial 0 with value: 124.50958042808331.
[I 2025-03-22 04:59:00,906] Trial 31 finished with value: 12.817033410693856 and parameters: {'n_units_l0': 768, 'n_units_l1': 3840, 'n_units_l2': 1376, 'n_units_l3': 3104, 'n_units_l4': 1952, 'n_units_l5': 704, 'n_units_l6': 608, 'n_units_l7': 1824, 'n_units_l8': 1600, 'n_units_l9': 512, 'n_units_l10': 3808, 'lr': 0.0017493000708638808}. Best is trial 24 with value: 8.571668461788683.
[I 2025-03-22 05:00:04,713] Trial 32 finished with value: 17.729029664406564 and parameters: {'n_units_l0': 32, 'n_units_l1': 3520, 'n_units_l2': 1376, 'n_units_l3': 2976, 'n_units_l4': 1952, 'n_units_l5': 768, 'n_units_l6': 512, 'n_units_l7': 1760, 'n_units_l8': 1696, 'n_units_l9': 1024, 'n_units_l10': 2720, 'lr': 0.000131975850795344}. Best is trial 24 with value: 8.571668461788683.
[I 2025-03-22 05:00:05,559] Trial 33 pruned. 
[I 2025-03-22 05:00:06,239] Trial 34 pruned. 
[I 2025-03-22 05:00:06,903] Trial 35 pruned. 
[I 2025-03-22 05:00:07,734] Trial 36 pruned. 
[I 2025-03-22 05:00:08,725] Trial 37 pruned. 
[I 2025-03-22 05:00:09,748] Trial 38 pruned. 
