[I 2025-03-25 05:35:15,722] Trial 36 pruned. 
[I 2025-03-25 05:35:23,305] Trial 37 pruned. 
[I 2025-03-25 05:35:29,405] Trial 38 pruned. 
[I 2025-03-25 05:35:35,651] Trial 39 pruned. 
[I 2025-03-25 05:35:44,943] Trial 40 pruned. 
[I 2025-03-25 05:35:51,114] Trial 41 pruned. 
[I 2025-03-25 05:44:22,608] Trial 45 finished with value: 2.221475640199376 and parameters: {'n_units_l0': 1888, 'n_units_l1': 2624, 'n_units_l2': 1760, 'n_units_l3': 3776, 'n_units_l4': 2400, 'n_units_l5': 3840, 'lr': 0.000469623586131568}. Best is trial 45 with value: 2.221475640199376.
[I 2025-03-25 05:44:37,310] Trial 46 pruned. 
[I 2025-03-25 05:48:24,493] Trial 42 finished with value: 6.8373791541251725 and parameters: {'n_units_l0': 1248, 'n_units_l1': 1248, 'n_units_l2': 3456, 'n_units_l3': 1952, 'n_units_l4': 864, 'n_units_l5': 1504, 'n_units_l6': 2912, 'lr': 0.0005710087881823198}. Best is trial 24 with value: 4.0734450584445705.
[I 2025-03-25 05:48:30,576] Trial 43 pruned. 
[I 2025-03-25 05:48:43,739] Trial 44 pruned. 
[I 2025-03-25 05:48:49,891] Trial 45 pruned. 
[I 2025-03-25 05:49:01,935] Trial 46 pruned. 
[I 2025-03-25 05:49:11,631] Trial 47 pruned. 
[I 2025-03-25 05:49:19,727] Trial 48 pruned. 
[I 2025-03-25 05:49:28,034] Trial 49 pruned. 
[I 2025-03-25 05:49:36,566] Trial 50 pruned. 
[I 2025-03-25 05:49:44,027] Trial 51 pruned. 
[I 2025-03-25 05:59:53,926] Trial 52 finished with value: 3.146584289711992 and parameters: {'n_units_l0': 992, 'n_units_l1': 1216, 'n_units_l2': 3520, 'n_units_l3': 1952, 'n_units_l4': 512, 'n_units_l5': 128, 'n_units_l6': 2912, 'lr': 0.0006519635056026219}. Best is trial 52 with value: 3.146584289711992.
[I 2025-03-25 06:00:00,089] Trial 53 pruned. 
[I 2025-03-25 06:00:06,199] Trial 54 pruned. 
[I 2025-03-25 06:00:12,433] Trial 55 pruned. 
[I 2025-03-25 06:00:18,555] Trial 56 pruned. 
[I 2025-03-25 06:00:26,433] Trial 57 pruned. 
[I 2025-03-25 06:00:32,526] Trial 58 pruned. 
[I 2025-03-25 06:00:38,868] Trial 59 pruned. 
[I 2025-03-25 06:00:46,974] Trial 60 pruned. 
[I 2025-03-25 06:00:56,218] Trial 61 pruned. 
[I 2025-03-25 06:01:05,359] Trial 62 pruned. 
[I 2025-03-25 06:01:13,469] Trial 63 pruned. 
[I 2025-03-25 06:01:19,550] Trial 64 pruned. 
[I 2025-03-25 06:01:25,739] Trial 65 pruned. 
[I 2025-03-25 06:01:35,987] Trial 66 pruned. 
[I 2025-03-25 06:01:42,183] Trial 67 pruned. 
[I 2025-03-25 06:01:49,305] Trial 68 pruned. 
[I 2025-03-25 06:02:03,679] Trial 69 pruned. 
[I 2025-03-25 06:02:10,219] Trial 70 pruned. 
[I 2025-03-25 06:04:08,381] Trial 47 finished with value: 4.276474349326068 and parameters: {'n_units_l0': 1632, 'n_units_l1': 2368, 'n_units_l2': 2432, 'n_units_l3': 2816, 'n_units_l4': 2496, 'n_units_l5': 4000, 'lr': 0.0001853240406162062}. Best is trial 45 with value: 2.221475640199376.
[I 2025-03-25 06:04:19,088] Trial 48 pruned. 
[I 2025-03-25 06:04:32,352] Trial 49 pruned. 
[I 2025-03-25 06:04:43,220] Trial 50 pruned. 
[I 2025-03-25 06:16:51,382] Trial 71 finished with value: 3.0126636491433296 and parameters: {'n_units_l0': 1632, 'n_units_l1': 1344, 'n_units_l2': 1728, 'n_units_l3': 1216, 'n_units_l4': 1856, 'n_units_l5': 3872, 'n_units_l6': 2048, 'lr': 9.435144905442581e-05}. Best is trial 71 with value: 3.0126636491433296.
[I 2025-03-25 06:17:00,325] Trial 72 pruned. 
[I 2025-03-25 06:17:09,916] Trial 73 pruned. 
[I 2025-03-25 06:17:19,089] Trial 74 pruned. 
[I 2025-03-25 06:17:32,976] Trial 75 pruned. 
[I 2025-03-25 06:17:41,018] Trial 76 pruned. 
[I 2025-03-25 06:17:49,521] Trial 77 pruned. 
[I 2025-03-25 06:17:59,275] Trial 78 pruned. 
[I 2025-03-25 06:18:05,380] Trial 79 pruned. 
[I 2025-03-25 06:18:12,076] Trial 80 pruned. 
[I 2025-03-25 06:18:21,132] Trial 81 pruned. 
[I 2025-03-25 06:18:29,091] Trial 82 pruned. 
[I 2025-03-25 06:18:40,138] Trial 83 pruned. 
[I 2025-03-25 06:18:50,224] Trial 84 pruned. 
[I 2025-03-25 06:19:00,995] Trial 85 pruned. 
[I 2025-03-25 06:19:11,395] Trial 86 pruned. 
[I 2025-03-25 06:19:20,609] Trial 87 pruned. 
[I 2025-03-25 06:19:28,085] Trial 88 pruned. 
[I 2025-03-25 06:19:39,253] Trial 89 pruned. 
[I 2025-03-25 06:19:48,201] Trial 90 pruned. 
[I 2025-03-25 06:20:00,307] Trial 91 pruned. 
[I 2025-03-25 06:20:08,434] Trial 92 pruned. 
[I 2025-03-25 06:20:16,629] Trial 93 pruned. 
[I 2025-03-25 06:20:26,410] Trial 94 pruned. 
[I 2025-03-25 06:20:32,640] Trial 95 pruned. 
[I 2025-03-25 06:20:38,708] Trial 96 pruned. 
[I 2025-03-25 06:20:47,885] Trial 97 pruned. 
[I 2025-03-25 06:21:02,363] Trial 98 pruned. 
[I 2025-03-25 06:21:13,331] Trial 99 pruned. 
[I 2025-03-25 06:21:14,105] A new study created in memory with name: no-name-a10c584c-6487-46fd-8ba9-5d0e5aab9071
[I 2025-03-25 06:26:35,677] Trial 51 finished with value: 6.124108775342896 and parameters: {'n_units_l0': 1728, 'n_units_l1': 2944, 'n_units_l2': 2144, 'n_units_l3': 3648, 'n_units_l4': 2624, 'n_units_l5': 3616, 'lr': 0.0005582054267369732}. Best is trial 45 with value: 2.221475640199376.
[I 2025-03-25 06:26:47,119] Trial 52 pruned. 
[I 2025-03-25 06:27:11,865] Trial 53 pruned. 
[I 2025-03-25 06:27:24,075] Trial 54 pruned. 
[I 2025-03-25 06:27:36,468] Trial 55 pruned. 
[I 2025-03-25 06:27:42,544] Trial 56 pruned. 
[I 2025-03-25 06:27:51,894] Trial 57 pruned. 
[I 2025-03-25 06:28:03,959] Trial 58 pruned. 
[I 2025-03-25 06:28:14,940] Trial 59 pruned. 
[I 2025-03-25 06:28:20,880] Trial 60 pruned. 
[I 2025-03-25 06:28:32,243] Trial 61 pruned. 
[I 2025-03-25 06:28:52,710] Trial 62 pruned. 
[I 2025-03-25 06:29:25,429] Trial 63 pruned. 
[I 2025-03-25 06:29:38,081] Trial 64 pruned. 
[I 2025-03-25 06:29:50,930] Trial 65 pruned. 
[I 2025-03-25 06:33:00,374] Trial 66 pruned. 
[I 2025-03-25 06:33:10,016] Trial 67 pruned. 
[I 2025-03-25 06:33:19,333] Trial 68 pruned. 
[I 2025-03-25 06:33:25,511] Trial 69 pruned. 
[I 2025-03-25 06:33:40,101] Trial 70 pruned. 
[I 2025-03-25 06:34:19,426] Trial 71 pruned. 
[I 2025-03-25 06:34:34,411] Trial 72 pruned. 
[I 2025-03-25 06:34:47,748] Trial 73 pruned. 
[I 2025-03-25 06:34:57,011] Trial 74 pruned. 
[I 2025-03-25 06:35:06,937] Trial 75 pruned. 
[I 2025-03-25 06:35:20,277] Trial 76 pruned. 
[I 2025-03-25 06:35:27,918] Trial 77 pruned. 
[I 2025-03-25 06:35:38,821] Trial 78 pruned. 
[I 2025-03-25 06:35:55,294] Trial 79 pruned. 
[I 2025-03-25 06:36:06,958] Trial 80 pruned. 
[I 2025-03-25 06:37:13,642] Trial 0 finished with value: 124.95854860029019 and parameters: {'n_units_l0': 960, 'n_units_l1': 2816, 'n_units_l2': 1792, 'n_units_l3': 1600, 'n_units_l4': 3296, 'n_units_l5': 2176, 'n_units_l6': 800, 'n_units_l7': 1088, 'lr': 0.05812402691003206}. Best is trial 0 with value: 124.95854860029019.
[I 2025-03-25 06:45:50,461] Trial 81 finished with value: 4.825721134194878 and parameters: {'n_units_l0': 1056, 'n_units_l1': 2784, 'n_units_l2': 1632, 'n_units_l3': 3616, 'n_units_l4': 288, 'n_units_l5': 2144, 'lr': 0.0023040951898862694}. Best is trial 45 with value: 2.221475640199376.
[I 2025-03-25 06:45:56,353] Trial 82 pruned. 
[I 2025-03-25 06:46:08,344] Trial 83 pruned. 
[I 2025-03-25 06:46:17,689] Trial 84 pruned. 
[I 2025-03-25 06:46:28,070] Trial 85 pruned. 
[I 2025-03-25 06:46:33,915] Trial 86 pruned. 
[I 2025-03-25 06:46:48,934] Trial 87 pruned. 
[I 2025-03-25 06:46:59,388] Trial 88 pruned. 
[I 2025-03-25 06:47:15,896] Trial 89 pruned. 
[I 2025-03-25 06:47:27,929] Trial 90 pruned. 
[I 2025-03-25 06:47:33,953] Trial 91 pruned. 
[I 2025-03-25 06:57:18,079] Trial 92 finished with value: 8.982213115738517 and parameters: {'n_units_l0': 672, 'n_units_l1': 2560, 'n_units_l2': 672, 'n_units_l3': 3552, 'n_units_l4': 512, 'n_units_l5': 2176, 'lr': 0.0020341652858781815}. Best is trial 45 with value: 2.221475640199376.
[I 2025-03-25 06:57:24,187] Trial 93 pruned. 
[I 2025-03-25 06:57:30,468] Trial 94 pruned. 
[I 2025-03-25 06:57:58,174] Trial 1 finished with value: 124.97167840144284 and parameters: {'n_units_l0': 3232, 'n_units_l1': 3008, 'n_units_l2': 1312, 'n_units_l3': 736, 'n_units_l4': 3168, 'n_units_l5': 2144, 'n_units_l6': 1984, 'n_units_l7': 3904, 'lr': 0.052168520433523234}. Best is trial 0 with value: 124.95854860029019.
[I 2025-03-25 07:09:01,010] Trial 95 finished with value: 10.34179971931099 and parameters: {'n_units_l0': 1920, 'n_units_l1': 2368, 'n_units_l2': 1664, 'n_units_l3': 3744, 'n_units_l4': 704, 'n_units_l5': 2272, 'lr': 0.0020777563364179777}. Best is trial 45 with value: 2.221475640199376.
[I 2025-03-25 07:09:08,810] Trial 96 pruned. 
[I 2025-03-25 07:09:17,829] Trial 97 pruned. 
[I 2025-03-25 07:09:25,650] Trial 98 pruned. 
[I 2025-03-25 07:09:33,479] Trial 99 pruned. 
[I 2025-03-25 07:09:34,286] A new study created in memory with name: no-name-73f478e7-4932-4ede-9082-4cd59b12cd9f
[I 2025-03-25 07:12:36,118] Trial 2 finished with value: 124.97241162741791 and parameters: {'n_units_l0': 1120, 'n_units_l1': 1952, 'n_units_l2': 2304, 'n_units_l3': 4096, 'n_units_l4': 608, 'n_units_l5': 3456, 'n_units_l6': 672, 'n_units_l7': 192, 'lr': 0.020813851192212813}. Best is trial 0 with value: 124.95854860029019.
[I 2025-03-25 07:23:22,921] Trial 3 finished with value: 36.030085994731806 and parameters: {'n_units_l0': 1248, 'n_units_l1': 96, 'n_units_l2': 2464, 'n_units_l3': 2560, 'n_units_l4': 2976, 'n_units_l5': 480, 'n_units_l6': 416, 'n_units_l7': 576, 'lr': 0.002111850116882568}. Best is trial 3 with value: 36.030085994731806.
[I 2025-03-25 07:30:28,064] Trial 0 finished with value: 124.99632182267106 and parameters: {'n_units_l0': 3296, 'n_units_l1': 3424, 'n_units_l2': 1120, 'n_units_l3': 1952, 'n_units_l4': 1792, 'n_units_l5': 2592, 'n_units_l6': 2080, 'n_units_l7': 1088, 'n_units_l8': 2464, 'lr': 0.0077036519779004825}. Best is trial 0 with value: 124.99632182267106.
[I 2025-03-25 07:44:32,149] Trial 4 finished with value: 124.96138952168064 and parameters: {'n_units_l0': 2784, 'n_units_l1': 2336, 'n_units_l2': 2912, 'n_units_l3': 352, 'n_units_l4': 3232, 'n_units_l5': 2784, 'n_units_l6': 2592, 'n_units_l7': 1888, 'lr': 0.03581996891759834}. Best is trial 3 with value: 36.030085994731806.
[I 2025-03-25 07:44:42,013] Trial 5 pruned. 
[I 2025-03-25 07:44:50,568] Trial 6 pruned. 
[I 2025-03-25 07:44:59,155] Trial 7 pruned. 
[I 2025-03-25 07:45:08,931] Trial 8 pruned. 
[I 2025-03-25 07:45:35,627] Trial 9 pruned. 
[I 2025-03-25 07:47:39,637] Trial 1 finished with value: 6.3615828667161844 and parameters: {'n_units_l0': 832, 'n_units_l1': 2240, 'n_units_l2': 608, 'n_units_l3': 2848, 'n_units_l4': 1696, 'n_units_l5': 2720, 'n_units_l6': 3904, 'n_units_l7': 480, 'n_units_l8': 192, 'lr': 0.003232262234666265}. Best is trial 1 with value: 6.3615828667161844.
[I 2025-03-25 08:15:23,890] Trial 10 finished with value: 7.816884696034194 and parameters: {'n_units_l0': 64, 'n_units_l1': 4000, 'n_units_l2': 3968, 'n_units_l3': 3040, 'n_units_l4': 4096, 'n_units_l5': 544, 'n_units_l6': 3424, 'n_units_l7': 2944, 'lr': 0.0018409503581426553}. Best is trial 10 with value: 7.816884696034194.
[I 2025-03-25 08:18:23,110] Trial 2 finished with value: 124.9890077064696 and parameters: {'n_units_l0': 1568, 'n_units_l1': 2272, 'n_units_l2': 3520, 'n_units_l3': 1760, 'n_units_l4': 2976, 'n_units_l5': 3456, 'n_units_l6': 2048, 'n_units_l7': 3072, 'n_units_l8': 2784, 'lr': 0.07204914165179327}. Best is trial 1 with value: 6.3615828667161844.
[I 2025-03-25 08:42:47,233] Trial 3 finished with value: 124.98938799735376 and parameters: {'n_units_l0': 544, 'n_units_l1': 1088, 'n_units_l2': 3424, 'n_units_l3': 2496, 'n_units_l4': 3424, 'n_units_l5': 1536, 'n_units_l6': 2176, 'n_units_l7': 3648, 'n_units_l8': 928, 'lr': 0.060095999040284474}. Best is trial 1 with value: 6.3615828667161844.
[I 2025-03-25 08:45:20,897] Trial 11 finished with value: 12.479708716191405 and parameters: {'n_units_l0': 32, 'n_units_l1': 4032, 'n_units_l2': 4000, 'n_units_l3': 3136, 'n_units_l4': 4096, 'n_units_l5': 416, 'n_units_l6': 3552, 'n_units_l7': 2912, 'lr': 0.0028707194250473}. Best is trial 10 with value: 7.816884696034194.
[I 2025-03-25 08:45:40,525] Trial 12 pruned. 
[I 2025-03-25 08:46:00,612] Trial 13 pruned. 
[I 2025-03-25 09:03:21,600] Trial 4 finished with value: 124.99308844376019 and parameters: {'n_units_l0': 3008, 'n_units_l1': 1472, 'n_units_l2': 3104, 'n_units_l3': 288, 'n_units_l4': 3008, 'n_units_l5': 1024, 'n_units_l6': 3200, 'n_units_l7': 3104, 'n_units_l8': 2464, 'lr': 0.0728083725046401}. Best is trial 1 with value: 6.3615828667161844.
[I 2025-03-25 09:04:08,913] Trial 5 pruned. 
[I 2025-03-25 09:08:51,078] Trial 6 pruned. 
[I 2025-03-25 09:09:02,306] Trial 7 pruned. 
[I 2025-03-25 09:09:16,819] Trial 8 pruned. 
[I 2025-03-25 09:09:32,219] Trial 9 pruned. 
[I 2025-03-25 09:09:41,039] Trial 10 pruned. 
[I 2025-03-25 09:09:53,910] Trial 11 pruned. 
[I 2025-03-25 09:10:07,171] Trial 12 pruned. 
[I 2025-03-25 09:10:42,166] Trial 13 pruned. 
[I 2025-03-25 09:10:56,685] Trial 14 pruned. 
[I 2025-03-25 09:11:09,030] Trial 15 pruned. 
[I 2025-03-25 09:11:51,840] Trial 16 pruned. 
[I 2025-03-25 09:12:10,593] Trial 17 pruned. 
[I 2025-03-25 09:12:19,553] Trial 18 pruned. 
[I 2025-03-25 09:12:28,883] Trial 19 pruned. 
[I 2025-03-25 09:15:35,415] Trial 14 finished with value: 3.341512642862511 and parameters: {'n_units_l0': 2144, 'n_units_l1': 3488, 'n_units_l2': 3328, 'n_units_l3': 3264, 'n_units_l4': 2080, 'n_units_l5': 1248, 'n_units_l6': 3232, 'n_units_l7': 2848, 'lr': 0.0005227341077596126}. Best is trial 14 with value: 3.341512642862511.
[I 2025-03-25 09:15:54,142] Trial 15 pruned. 
[I 2025-03-25 09:16:08,852] Trial 16 pruned. 
[I 2025-03-25 09:16:24,705] Trial 17 pruned. 
[I 2025-03-25 09:16:40,757] Trial 18 pruned. 
[I 2025-03-25 09:16:55,730] Trial 19 pruned. 
[I 2025-03-25 09:17:10,987] Trial 20 pruned. 
[I 2025-03-25 09:23:36,759] Trial 20 finished with value: 2.9244923453841594 and parameters: {'n_units_l0': 2592, 'n_units_l1': 2368, 'n_units_l2': 704, 'n_units_l3': 1600, 'n_units_l4': 1888, 'n_units_l5': 192, 'n_units_l6': 416, 'n_units_l7': 736, 'n_units_l8': 1920, 'lr': 0.0003683336132390565}. Best is trial 20 with value: 2.9244923453841594.
[I 2025-03-25 09:34:45,420] Trial 21 finished with value: 14.327898472735715 and parameters: {'n_units_l0': 2528, 'n_units_l1': 2592, 'n_units_l2': 576, 'n_units_l3': 1792, 'n_units_l4': 1856, 'n_units_l5': 160, 'n_units_l6': 64, 'n_units_l7': 640, 'n_units_l8': 1920, 'lr': 0.0033164904031435017}. Best is trial 20 with value: 2.9244923453841594.
[I 2025-03-25 09:45:54,119] Trial 22 finished with value: 6.7289818543140205 and parameters: {'n_units_l0': 2560, 'n_units_l1': 2560, 'n_units_l2': 704, 'n_units_l3': 2496, 'n_units_l4': 1856, 'n_units_l5': 96, 'n_units_l6': 160, 'n_units_l7': 608, 'n_units_l8': 1920, 'lr': 0.0017767385203336882}. Best is trial 20 with value: 2.9244923453841594.
[I 2025-03-25 09:46:01,703] Trial 23 pruned. 
[I 2025-03-25 09:46:38,276] Trial 21 finished with value: 13.242015036479787 and parameters: {'n_units_l0': 608, 'n_units_l1': 4096, 'n_units_l2': 3776, 'n_units_l3': 3008, 'n_units_l4': 3648, 'n_units_l5': 512, 'n_units_l6': 3520, 'n_units_l7': 2784, 'lr': 0.0013449261635208026}. Best is trial 14 with value: 3.341512642862511.
[I 2025-03-25 09:46:56,512] Trial 22 pruned. 
[I 2025-03-25 09:47:14,057] Trial 23 pruned. 
[I 2025-03-25 09:47:26,359] Trial 24 pruned. 
[I 2025-03-25 09:57:08,577] Trial 24 finished with value: 4.335126100362021 and parameters: {'n_units_l0': 2688, 'n_units_l1': 3328, 'n_units_l2': 416, 'n_units_l3': 2336, 'n_units_l4': 928, 'n_units_l5': 896, 'n_units_l6': 512, 'n_units_l7': 416, 'n_units_l8': 2048, 'lr': 0.0018190350516344726}. Best is trial 20 with value: 2.9244923453841594.
[I 2025-03-25 09:57:15,317] Trial 25 pruned. 
[I 2025-03-25 09:57:24,563] Trial 26 pruned. 
[I 2025-03-25 09:57:32,094] Trial 27 pruned. 
[I 2025-03-25 09:57:39,017] Trial 28 pruned. 
[I 2025-03-25 09:57:49,246] Trial 29 pruned. 
[I 2025-03-25 09:58:02,793] Trial 30 pruned. 
[I 2025-03-25 10:09:26,023] Trial 31 finished with value: 4.220370474742965 and parameters: {'n_units_l0': 2688, 'n_units_l1': 2656, 'n_units_l2': 480, 'n_units_l3': 2624, 'n_units_l4': 1952, 'n_units_l5': 288, 'n_units_l6': 224, 'n_units_l7': 576, 'n_units_l8': 1984, 'lr': 0.0013847817350311825}. Best is trial 20 with value: 2.9244923453841594.
[I 2025-03-25 10:09:32,718] Trial 32 pruned. 
[I 2025-03-25 10:09:39,507] Trial 33 pruned. 
[I 2025-03-25 10:09:48,043] Trial 34 pruned. 
[I 2025-03-25 10:09:54,881] Trial 35 pruned. 
[I 2025-03-25 10:10:06,494] Trial 36 pruned. 
[I 2025-03-25 10:10:15,686] Trial 37 pruned. 
[I 2025-03-25 10:10:28,100] Trial 38 pruned. 
[I 2025-03-25 10:10:34,954] Trial 39 pruned. 
[I 2025-03-25 10:11:24,828] Trial 40 pruned. 
[I 2025-03-25 10:23:32,954] Trial 41 finished with value: 3.8079545990572297 and parameters: {'n_units_l0': 2560, 'n_units_l1': 2720, 'n_units_l2': 672, 'n_units_l3': 2560, 'n_units_l4': 1760, 'n_units_l5': 352, 'n_units_l6': 256, 'n_units_l7': 1024, 'n_units_l8': 1952, 'lr': 0.00026664336196487366}. Best is trial 20 with value: 2.9244923453841594.
[I 2025-03-25 10:23:41,066] Trial 42 pruned. 
[I 2025-03-25 10:23:47,759] Trial 43 pruned. 
[I 2025-03-25 10:23:54,967] Trial 44 pruned. 
[I 2025-03-25 10:24:01,892] Trial 45 pruned. 
[I 2025-03-25 10:24:02,282] Trial 25 finished with value: 3.359123022890515 and parameters: {'n_units_l0': 1664, 'n_units_l1': 3680, 'n_units_l2': 4096, 'n_units_l3': 2880, 'n_units_l4': 3872, 'n_units_l5': 1184, 'n_units_l6': 3840, 'n_units_l7': 3648, 'lr': 0.0004136863134436633}. Best is trial 14 with value: 3.341512642862511.
[I 2025-03-25 10:24:24,139] Trial 26 pruned. 
[I 2025-03-25 10:24:48,842] Trial 27 pruned. 
[I 2025-03-25 10:25:02,124] Trial 28 pruned. 
[I 2025-03-25 10:25:19,144] Trial 29 pruned. 
[I 2025-03-25 10:25:30,493] Trial 30 pruned. 
[I 2025-03-25 10:27:20,112] Trial 31 pruned. 
[I 2025-03-25 10:41:25,821] Trial 46 finished with value: 5.2952425956333 and parameters: {'n_units_l0': 2720, 'n_units_l1': 1952, 'n_units_l2': 192, 'n_units_l3': 2336, 'n_units_l4': 2720, 'n_units_l5': 3232, 'n_units_l6': 1184, 'n_units_l7': 1088, 'n_units_l8': 1376, 'lr': 0.0007515659071039432}. Best is trial 20 with value: 2.9244923453841594.
[I 2025-03-25 10:41:34,995] Trial 47 pruned. 
[I 2025-03-25 10:41:45,482] Trial 48 pruned. 
[I 2025-03-25 10:41:55,767] Trial 49 pruned. 
[I 2025-03-25 10:42:02,793] Trial 50 pruned. 
[I 2025-03-25 10:42:14,359] Trial 51 pruned. 
[I 2025-03-25 10:42:25,906] Trial 52 pruned. 
[I 2025-03-25 11:00:29,385] Trial 32 finished with value: 6.77035655050611 and parameters: {'n_units_l0': 416, 'n_units_l1': 3680, 'n_units_l2': 3552, 'n_units_l3': 3424, 'n_units_l4': 3872, 'n_units_l5': 768, 'n_units_l6': 3840, 'n_units_l7': 3904, 'lr': 0.0014871977370860023}. Best is trial 14 with value: 3.341512642862511.
[I 2025-03-25 11:00:49,009] Trial 33 pruned. 
[I 2025-03-25 11:01:09,257] Trial 34 pruned. 
[I 2025-03-25 11:01:35,887] Trial 35 pruned. 
[I 2025-03-25 11:02:04,169] Trial 36 pruned. 
[I 2025-03-25 11:02:20,936] Trial 37 pruned. 
[I 2025-03-25 11:02:31,265] Trial 53 finished with value: 3.550673721786108 and parameters: {'n_units_l0': 2208, 'n_units_l1': 2624, 'n_units_l2': 128, 'n_units_l3': 2976, 'n_units_l4': 3776, 'n_units_l5': 3232, 'n_units_l6': 672, 'n_units_l7': 800, 'n_units_l8': 1056, 'lr': 0.00019205826205879605}. Best is trial 20 with value: 2.9244923453841594.
[I 2025-03-25 11:02:38,440] Trial 38 pruned. 
[I 2025-03-25 11:02:44,108] Trial 54 pruned. 
[I 2025-03-25 11:02:53,208] Trial 39 pruned. 
[I 2025-03-25 11:02:56,025] Trial 55 pruned. 
[I 2025-03-25 11:03:04,075] Trial 56 pruned. 
[I 2025-03-25 11:03:10,285] Trial 40 pruned. 
[I 2025-03-25 11:03:15,379] Trial 57 pruned. 
[I 2025-03-25 11:03:21,451] Trial 41 pruned. 
[I 2025-03-25 11:03:25,773] Trial 58 pruned. 
[I 2025-03-25 11:03:37,426] Trial 59 pruned. 
[I 2025-03-25 11:03:53,317] Trial 60 pruned. 
[I 2025-03-25 11:04:00,171] Trial 61 pruned. 
[I 2025-03-25 11:04:11,655] Trial 62 pruned. 
[I 2025-03-25 11:04:21,875] Trial 63 pruned. 
[I 2025-03-25 11:04:28,686] Trial 64 pruned. 
[I 2025-03-25 11:04:37,632] Trial 65 pruned. 
[I 2025-03-25 11:04:52,398] Trial 66 pruned. 
[I 2025-03-25 11:04:59,166] Trial 67 pruned. 
[I 2025-03-25 11:05:08,513] Trial 68 pruned. 
[I 2025-03-25 11:05:15,560] Trial 69 pruned. 
[I 2025-03-25 11:05:22,892] Trial 70 pruned. 
[I 2025-03-25 11:05:36,947] Trial 71 pruned. 
[I 2025-03-25 11:05:44,726] Trial 72 pruned. 
[I 2025-03-25 11:05:51,604] Trial 73 pruned. 
[I 2025-03-25 11:05:58,364] Trial 74 pruned. 
[I 2025-03-25 11:06:05,505] Trial 75 pruned. 
[I 2025-03-25 11:06:12,941] Trial 76 pruned. 
[I 2025-03-25 11:06:20,015] Trial 77 pruned. 
[I 2025-03-25 11:06:28,678] Trial 78 pruned. 
[I 2025-03-25 11:06:39,078] Trial 79 pruned. 
[I 2025-03-25 11:06:50,138] Trial 80 pruned. 
[I 2025-03-25 11:18:01,301] Trial 81 finished with value: 4.819772915458475 and parameters: {'n_units_l0': 2464, 'n_units_l1': 2624, 'n_units_l2': 544, 'n_units_l3': 1632, 'n_units_l4': 1888, 'n_units_l5': 160, 'n_units_l6': 64, 'n_units_l7': 640, 'n_units_l8': 1920, 'lr': 0.0005575722408920091}. Best is trial 20 with value: 2.9244923453841594.
[I 2025-03-25 11:18:08,179] Trial 82 pruned. 
[I 2025-03-25 11:18:21,798] Trial 83 pruned. 
[I 2025-03-25 11:18:28,610] Trial 84 pruned. 
[I 2025-03-25 11:18:42,239] Trial 85 pruned. 
[I 2025-03-25 11:18:49,106] Trial 86 pruned. 
[I 2025-03-25 11:19:10,190] Trial 87 pruned. 
[I 2025-03-25 11:19:17,733] Trial 88 pruned. 
[I 2025-03-25 11:19:25,226] Trial 89 pruned. 
[I 2025-03-25 11:19:32,327] Trial 90 pruned. 
[I 2025-03-25 11:19:39,060] Trial 91 pruned. 
[I 2025-03-25 11:20:02,086] Trial 92 pruned. 
[I 2025-03-25 11:20:09,135] Trial 93 pruned. 
[I 2025-03-25 11:20:20,926] Trial 94 pruned. 
[I 2025-03-25 11:20:27,808] Trial 95 pruned. 
[I 2025-03-25 11:20:35,558] Trial 96 pruned. 
[I 2025-03-25 11:20:43,894] Trial 97 pruned. 
[I 2025-03-25 11:20:50,766] Trial 98 pruned. 
[I 2025-03-25 11:20:58,927] Trial 99 pruned. 
[I 2025-03-25 11:20:59,715] A new study created in memory with name: no-name-1b47ca23-2697-46f2-935f-1bd835aa4cf9
