[I 2025-03-22 10:58:08,345] Trial 31 finished with value: 14.701688990019365 and parameters: {'n_units_l0': 512, 'n_units_l1': 896, 'n_units_l2': 352, 'n_units_l3': 864, 'n_units_l4': 1632, 'n_units_l5': 1376, 'lr': 0.005203034864855207}. Best is trial 13 with value: 6.7103848340388055.
[I 2025-03-22 10:58:49,218] Trial 26 finished with value: 125.21119721953684 and parameters: {'n_units_l0': 576, 'n_units_l1': 1664, 'n_units_l2': 1920, 'n_units_l3': 3520, 'n_units_l4': 2944, 'n_units_l5': 1120, 'n_units_l6': 3328, 'lr': 0.014695247893034627}. Best is trial 0 with value: 125.19100940327299.
[I 2025-03-22 10:59:43,952] Trial 32 finished with value: 31.963203495389365 and parameters: {'n_units_l0': 32, 'n_units_l1': 1216, 'n_units_l2': 256, 'n_units_l3': 992, 'n_units_l4': 1216, 'n_units_l5': 1184, 'lr': 0.004649996791241657}. Best is trial 13 with value: 6.7103848340388055.
[I 2025-03-22 10:59:45,004] Trial 33 pruned. 
[I 2025-03-22 11:00:01,430] Trial 34 pruned. 
[I 2025-03-22 11:00:31,543] Trial 27 finished with value: 125.19257576045496 and parameters: {'n_units_l0': 2272, 'n_units_l1': 1216, 'n_units_l2': 960, 'n_units_l3': 2624, 'n_units_l4': 2016, 'n_units_l5': 576, 'n_units_l6': 2368, 'lr': 0.06285036681792652}. Best is trial 0 with value: 125.19100940327299.
[I 2025-03-22 11:00:32,758] Trial 28 pruned. 
[I 2025-03-22 11:00:33,846] Trial 29 pruned. 
[I 2025-03-22 11:00:34,935] Trial 30 pruned. 
[I 2025-03-22 11:00:37,270] Trial 31 pruned. 
[I 2025-03-22 11:01:37,457] Trial 35 finished with value: 7.802574069805348 and parameters: {'n_units_l0': 544, 'n_units_l1': 384, 'n_units_l2': 448, 'n_units_l3': 1344, 'n_units_l4': 2048, 'n_units_l5': 800, 'lr': 0.0008452442542759241}. Best is trial 13 with value: 6.7103848340388055.
[I 2025-03-22 11:01:38,542] Trial 36 pruned. 
[I 2025-03-22 11:01:39,531] Trial 37 pruned. 
[I 2025-03-22 11:01:40,626] Trial 38 pruned. 
[I 2025-03-22 11:01:41,753] Trial 39 pruned. 
[I 2025-03-22 11:01:42,759] Trial 40 pruned. 
[I 2025-03-22 11:01:43,725] Trial 41 pruned. 
[I 2025-03-22 11:01:44,795] Trial 42 pruned. 
[I 2025-03-22 11:01:45,762] Trial 43 pruned. 
[I 2025-03-22 11:01:46,753] Trial 44 pruned. 
[I 2025-03-22 11:01:47,759] Trial 45 pruned. 
[I 2025-03-22 11:01:49,209] Trial 46 pruned. 
[I 2025-03-22 11:01:50,224] Trial 47 pruned. 
[I 2025-03-22 11:01:51,306] Trial 48 pruned. 
[I 2025-03-22 11:01:52,304] Trial 49 pruned. 
[I 2025-03-22 11:01:53,393] Trial 50 pruned. 
[I 2025-03-22 11:01:54,376] Trial 51 pruned. 
[I 2025-03-22 11:02:08,707] Trial 52 pruned. 
[I 2025-03-22 11:02:09,827] Trial 53 pruned. 
[I 2025-03-22 11:02:10,866] Trial 54 pruned. 
[I 2025-03-22 11:02:11,885] Trial 55 pruned. 
[I 2025-03-22 11:02:12,870] Trial 56 pruned. 
[I 2025-03-22 11:02:13,969] Trial 57 pruned. 
[I 2025-03-22 11:02:14,934] Trial 58 pruned. 
[I 2025-03-22 11:02:15,929] Trial 59 pruned. 
[I 2025-03-22 11:02:16,959] Trial 60 pruned. 
[I 2025-03-22 11:02:19,692] Trial 32 finished with value: 125.19079872480032 and parameters: {'n_units_l0': 3072, 'n_units_l1': 32, 'n_units_l2': 3424, 'n_units_l3': 2432, 'n_units_l4': 864, 'n_units_l5': 896, 'n_units_l6': 2528, 'lr': 0.06440763042969691}. Best is trial 32 with value: 125.19079872480032.
[I 2025-03-22 11:02:21,067] Trial 33 pruned. 
[I 2025-03-22 11:02:31,585] Trial 61 pruned. 
[I 2025-03-22 11:04:03,512] Trial 34 finished with value: 125.23714643855341 and parameters: {'n_units_l0': 3328, 'n_units_l1': 352, 'n_units_l2': 3200, 'n_units_l3': 2304, 'n_units_l4': 1120, 'n_units_l5': 288, 'n_units_l6': 2656, 'lr': 0.06605368601276326}. Best is trial 32 with value: 125.19079872480032.
[I 2025-03-22 11:04:04,571] Trial 35 pruned. 
[I 2025-03-22 11:04:05,743] Trial 36 pruned. 
[I 2025-03-22 11:04:06,816] Trial 37 pruned. 
[I 2025-03-22 11:04:07,982] Trial 62 finished with value: 12.642501760588338 and parameters: {'n_units_l0': 416, 'n_units_l1': 416, 'n_units_l2': 448, 'n_units_l3': 1120, 'n_units_l4': 1568, 'n_units_l5': 640, 'lr': 0.009320855916443872}. Best is trial 13 with value: 6.7103848340388055.
[I 2025-03-22 11:04:08,392] Trial 38 pruned. 
[I 2025-03-22 11:04:09,428] Trial 39 pruned. 
[I 2025-03-22 11:04:11,231] Trial 40 pruned. 
[I 2025-03-22 11:04:11,764] Trial 63 pruned. 
[I 2025-03-22 11:04:12,741] Trial 64 pruned. 
[I 2025-03-22 11:04:13,883] Trial 65 pruned. 
[I 2025-03-22 11:04:14,858] Trial 66 pruned. 
[I 2025-03-22 11:04:16,054] Trial 67 pruned. 
[I 2025-03-22 11:04:37,222] Trial 68 pruned. 
[I 2025-03-22 11:04:38,284] Trial 69 pruned. 
[I 2025-03-22 11:04:39,232] Trial 70 pruned. 
[I 2025-03-22 11:04:53,851] Trial 71 pruned. 
[I 2025-03-22 11:05:08,426] Trial 72 pruned. 
[I 2025-03-22 11:05:09,424] Trial 73 pruned. 
[I 2025-03-22 11:05:10,486] Trial 74 pruned. 
[I 2025-03-22 11:05:54,841] Trial 41 finished with value: 125.19981677862063 and parameters: {'n_units_l0': 192, 'n_units_l1': 2048, 'n_units_l2': 608, 'n_units_l3': 2368, 'n_units_l4': 544, 'n_units_l5': 2304, 'n_units_l6': 2400, 'lr': 0.02245555514655213}. Best is trial 32 with value: 125.19079872480032.
[I 2025-03-22 11:05:56,147] Trial 42 pruned. 
[I 2025-03-22 11:05:57,368] Trial 43 pruned. 
[I 2025-03-22 11:06:01,010] Trial 44 pruned. 
[I 2025-03-22 11:06:02,043] Trial 45 pruned. 
[I 2025-03-22 11:06:03,380] Trial 46 pruned. 
[I 2025-03-22 11:06:05,099] Trial 47 pruned. 
[I 2025-03-22 11:06:06,597] Trial 48 pruned. 
[I 2025-03-22 11:06:07,712] Trial 49 pruned. 
[I 2025-03-22 11:06:45,470] Trial 75 finished with value: 10.092257557822128 and parameters: {'n_units_l0': 352, 'n_units_l1': 832, 'n_units_l2': 576, 'n_units_l3': 512, 'n_units_l4': 1984, 'n_units_l5': 1888, 'lr': 0.002528539192188495}. Best is trial 13 with value: 6.7103848340388055.
[I 2025-03-22 11:06:49,391] Trial 76 pruned. 
[I 2025-03-22 11:06:50,343] Trial 77 pruned. 
[I 2025-03-22 11:06:51,311] Trial 78 pruned. 
[I 2025-03-22 11:08:26,981] Trial 79 finished with value: 9.844235610565478 and parameters: {'n_units_l0': 2016, 'n_units_l1': 1664, 'n_units_l2': 1056, 'n_units_l3': 576, 'n_units_l4': 2272, 'n_units_l5': 2624, 'lr': 0.002231614057646965}. Best is trial 13 with value: 6.7103848340388055.
[I 2025-03-22 11:08:27,999] Trial 80 pruned. 
[I 2025-03-22 11:08:32,005] Trial 50 finished with value: 125.19824673982838 and parameters: {'n_units_l0': 704, 'n_units_l1': 3168, 'n_units_l2': 1632, 'n_units_l3': 2208, 'n_units_l4': 3360, 'n_units_l5': 1408, 'n_units_l6': 704, 'lr': 0.030989468233969187}. Best is trial 32 with value: 125.19079872480032.
[I 2025-03-22 11:08:33,350] Trial 51 pruned. 
[I 2025-03-22 11:08:35,013] Trial 52 pruned. 
[I 2025-03-22 11:08:40,453] Trial 81 pruned. 
[I 2025-03-22 11:08:41,469] Trial 82 pruned. 
[I 2025-03-22 11:10:16,930] Trial 83 finished with value: 9.24770202943956 and parameters: {'n_units_l0': 2016, 'n_units_l1': 1376, 'n_units_l2': 576, 'n_units_l3': 352, 'n_units_l4': 1984, 'n_units_l5': 3360, 'lr': 0.0023716890883278044}. Best is trial 13 with value: 6.7103848340388055.
[I 2025-03-22 11:10:17,909] Trial 84 pruned. 
[I 2025-03-22 11:10:18,888] Trial 85 pruned. 
[I 2025-03-22 11:10:20,981] Trial 86 pruned. 
[I 2025-03-22 11:10:22,031] Trial 87 pruned. 
[I 2025-03-22 11:10:25,849] Trial 88 pruned. 
[I 2025-03-22 11:10:27,224] Trial 89 pruned. 
[I 2025-03-22 11:10:28,396] Trial 90 pruned. 
[I 2025-03-22 11:10:35,038] Trial 91 pruned. 
[I 2025-03-22 11:10:36,139] Trial 92 pruned. 
[I 2025-03-22 11:10:37,291] Trial 93 pruned. 
[I 2025-03-22 11:10:39,204] Trial 94 pruned. 
[I 2025-03-22 11:10:40,153] Trial 95 pruned. 
[I 2025-03-22 11:10:44,091] Trial 96 pruned. 
[I 2025-03-22 11:10:47,181] Trial 97 pruned. 
[I 2025-03-22 11:10:48,330] Trial 98 pruned. 
[I 2025-03-22 11:10:55,114] Trial 99 pruned. 
[I 2025-03-22 11:10:55,311] A new study created in memory with name: no-name-fa0ac7b8-3114-4e98-a68f-293a29b43fa7
[I 2025-03-22 11:11:02,411] Trial 53 finished with value: 125.20066118515555 and parameters: {'n_units_l0': 288, 'n_units_l1': 3520, 'n_units_l2': 1632, 'n_units_l3': 1952, 'n_units_l4': 3616, 'n_units_l5': 1920, 'n_units_l6': 576, 'lr': 0.032945805962196595}. Best is trial 32 with value: 125.19079872480032.
[I 2025-03-22 11:13:22,790] Trial 0 finished with value: 125.12876841930371 and parameters: {'n_units_l0': 480, 'n_units_l1': 2368, 'n_units_l2': 2720, 'n_units_l3': 1952, 'n_units_l4': 1952, 'n_units_l5': 1600, 'n_units_l6': 1248, 'n_units_l7': 2112, 'lr': 0.00661236723656529}. Best is trial 0 with value: 125.12876841930371.
[I 2025-03-22 11:14:03,788] Trial 54 finished with value: 7.99493219739269 and parameters: {'n_units_l0': 672, 'n_units_l1': 3776, 'n_units_l2': 2080, 'n_units_l3': 2656, 'n_units_l4': 3776, 'n_units_l5': 1440, 'n_units_l6': 160, 'lr': 0.0016884318437125415}. Best is trial 54 with value: 7.99493219739269.
[I 2025-03-22 11:14:05,651] Trial 55 pruned. 
[I 2025-03-22 11:15:46,563] Trial 56 finished with value: 7.98847730313598 and parameters: {'n_units_l0': 800, 'n_units_l1': 3904, 'n_units_l2': 1056, 'n_units_l3': 224, 'n_units_l4': 3136, 'n_units_l5': 1024, 'n_units_l6': 768, 'lr': 5.549957067244038e-05}. Best is trial 56 with value: 7.98847730313598.
[I 2025-03-22 11:16:08,056] Trial 1 finished with value: 125.12869049368861 and parameters: {'n_units_l0': 2400, 'n_units_l1': 2496, 'n_units_l2': 768, 'n_units_l3': 384, 'n_units_l4': 2592, 'n_units_l5': 2144, 'n_units_l6': 2464, 'n_units_l7': 3264, 'lr': 0.00880538272233852}. Best is trial 1 with value: 125.12869049368861.
[I 2025-03-22 11:17:27,459] Trial 57 finished with value: 20.492317972742054 and parameters: {'n_units_l0': 832, 'n_units_l1': 3776, 'n_units_l2': 1056, 'n_units_l3': 256, 'n_units_l4': 3072, 'n_units_l5': 1056, 'n_units_l6': 32, 'lr': 0.0008111293804728154}. Best is trial 56 with value: 7.98847730313598.
[I 2025-03-22 11:19:07,888] Trial 2 finished with value: 125.12945359174876 and parameters: {'n_units_l0': 1056, 'n_units_l1': 1248, 'n_units_l2': 3904, 'n_units_l3': 2496, 'n_units_l4': 448, 'n_units_l5': 2080, 'n_units_l6': 3104, 'n_units_l7': 2176, 'lr': 0.04830656756421535}. Best is trial 1 with value: 125.12869049368861.
[I 2025-03-22 11:19:08,598] Trial 58 finished with value: 24.56687967598621 and parameters: {'n_units_l0': 1184, 'n_units_l1': 3776, 'n_units_l2': 992, 'n_units_l3': 224, 'n_units_l4': 3840, 'n_units_l5': 1152, 'n_units_l6': 320, 'lr': 1.425195750279619e-05}. Best is trial 56 with value: 7.98847730313598.
[I 2025-03-22 11:20:50,007] Trial 59 finished with value: 5.407387097205534 and parameters: {'n_units_l0': 768, 'n_units_l1': 3808, 'n_units_l2': 704, 'n_units_l3': 320, 'n_units_l4': 3808, 'n_units_l5': 1120, 'n_units_l6': 320, 'lr': 0.0003186467157254911}. Best is trial 59 with value: 5.407387097205534.
[I 2025-03-22 11:20:54,330] Trial 3 finished with value: 125.13453128509974 and parameters: {'n_units_l0': 32, 'n_units_l1': 704, 'n_units_l2': 3168, 'n_units_l3': 832, 'n_units_l4': 256, 'n_units_l5': 2624, 'n_units_l6': 1664, 'n_units_l7': 832, 'lr': 0.01674044275262332}. Best is trial 1 with value: 125.12869049368861.
[I 2025-03-22 11:22:31,179] Trial 60 finished with value: 6.885151343964715 and parameters: {'n_units_l0': 832, 'n_units_l1': 3744, 'n_units_l2': 704, 'n_units_l3': 288, 'n_units_l4': 3840, 'n_units_l5': 1120, 'n_units_l6': 320, 'lr': 0.0005090485649131053}. Best is trial 59 with value: 5.407387097205534.
[I 2025-03-22 11:23:17,862] Trial 4 finished with value: 125.16066834411257 and parameters: {'n_units_l0': 320, 'n_units_l1': 2016, 'n_units_l2': 2848, 'n_units_l3': 160, 'n_units_l4': 3296, 'n_units_l5': 1536, 'n_units_l6': 3232, 'n_units_l7': 1856, 'lr': 0.01078332374111746}. Best is trial 1 with value: 125.12869049368861.
[I 2025-03-22 11:23:18,941] Trial 5 pruned. 
[I 2025-03-22 11:23:22,543] Trial 6 pruned. 
[I 2025-03-22 11:23:24,117] Trial 7 pruned. 
[I 2025-03-22 11:23:25,522] Trial 8 pruned. 
[I 2025-03-22 11:23:27,640] Trial 9 pruned. 
[I 2025-03-22 11:23:30,099] Trial 10 pruned. 
[I 2025-03-22 11:24:12,221] Trial 61 finished with value: 10.696516335788399 and parameters: {'n_units_l0': 768, 'n_units_l1': 3744, 'n_units_l2': 640, 'n_units_l3': 224, 'n_units_l4': 3872, 'n_units_l5': 1184, 'n_units_l6': 320, 'lr': 0.001013312560036997}. Best is trial 59 with value: 5.407387097205534.
[I 2025-03-22 11:25:52,739] Trial 62 finished with value: 8.566954370557267 and parameters: {'n_units_l0': 800, 'n_units_l1': 3712, 'n_units_l2': 640, 'n_units_l3': 224, 'n_units_l4': 3904, 'n_units_l5': 1120, 'n_units_l6': 32, 'lr': 0.0004194899233770488}. Best is trial 59 with value: 5.407387097205534.
[I 2025-03-22 11:26:47,593] Trial 11 finished with value: 6.659965616917822 and parameters: {'n_units_l0': 3264, 'n_units_l1': 2560, 'n_units_l2': 1312, 'n_units_l3': 1856, 'n_units_l4': 2432, 'n_units_l5': 2144, 'n_units_l6': 2240, 'n_units_l7': 2560, 'lr': 0.000570569116919952}. Best is trial 11 with value: 6.659965616917822.
[I 2025-03-22 11:26:50,515] Trial 12 pruned. 
[I 2025-03-22 11:27:33,887] Trial 63 finished with value: 38.161052509483 and parameters: {'n_units_l0': 768, 'n_units_l1': 4064, 'n_units_l2': 640, 'n_units_l3': 256, 'n_units_l4': 3872, 'n_units_l5': 1024, 'n_units_l6': 32, 'lr': 0.007275309215404905}. Best is trial 59 with value: 5.407387097205534.
[I 2025-03-22 11:29:14,363] Trial 64 finished with value: 19.87099912476132 and parameters: {'n_units_l0': 864, 'n_units_l1': 3616, 'n_units_l2': 416, 'n_units_l3': 608, 'n_units_l4': 3680, 'n_units_l5': 1152, 'n_units_l6': 288, 'lr': 0.0011372489220865792}. Best is trial 59 with value: 5.407387097205534.
[I 2025-03-22 11:29:52,053] Trial 13 finished with value: 10.92944117605014 and parameters: {'n_units_l0': 3072, 'n_units_l1': 1952, 'n_units_l2': 1440, 'n_units_l3': 1472, 'n_units_l4': 2400, 'n_units_l5': 2272, 'n_units_l6': 2272, 'n_units_l7': 2624, 'lr': 0.0009737778028968292}. Best is trial 11 with value: 6.659965616917822.
[I 2025-03-22 11:29:53,425] Trial 14 pruned. 
[I 2025-03-22 11:29:58,423] Trial 15 pruned. 
[I 2025-03-22 11:30:00,055] Trial 16 pruned. 
[I 2025-03-22 11:30:11,738] Trial 17 pruned. 
[I 2025-03-22 11:30:13,276] Trial 18 pruned. 
[I 2025-03-22 11:30:15,048] Trial 19 pruned. 
[I 2025-03-22 11:30:17,703] Trial 20 pruned. 
[I 2025-03-22 11:30:55,898] Trial 65 finished with value: 34.20595636220529 and parameters: {'n_units_l0': 480, 'n_units_l1': 3616, 'n_units_l2': 288, 'n_units_l3': 672, 'n_units_l4': 3968, 'n_units_l5': 1216, 'n_units_l6': 352, 'lr': 0.01143662834984843}. Best is trial 59 with value: 5.407387097205534.
[I 2025-03-22 11:32:36,645] Trial 66 finished with value: 31.329576599215503 and parameters: {'n_units_l0': 960, 'n_units_l1': 3968, 'n_units_l2': 448, 'n_units_l3': 448, 'n_units_l4': 3680, 'n_units_l5': 800, 'n_units_l6': 256, 'lr': 0.0041835822494728}. Best is trial 59 with value: 5.407387097205534.
[I 2025-03-22 11:32:53,115] Trial 21 finished with value: 7.481285773458144 and parameters: {'n_units_l0': 2656, 'n_units_l1': 2592, 'n_units_l2': 800, 'n_units_l3': 96, 'n_units_l4': 2400, 'n_units_l5': 1888, 'n_units_l6': 2400, 'n_units_l7': 3296, 'lr': 0.0010759161631788278}. Best is trial 11 with value: 6.659965616917822.
[I 2025-03-22 11:32:58,804] Trial 22 pruned. 
[I 2025-03-22 11:33:00,645] Trial 23 pruned. 
[I 2025-03-22 11:33:03,401] Trial 24 pruned. 
[I 2025-03-22 11:33:04,831] Trial 25 pruned. 
[I 2025-03-22 11:33:07,318] Trial 26 pruned. 
[I 2025-03-22 11:33:09,438] Trial 27 pruned. 
[I 2025-03-22 11:33:11,767] Trial 28 pruned. 
[I 2025-03-22 11:33:14,720] Trial 29 pruned. 
[I 2025-03-22 11:33:16,649] Trial 30 pruned. 
[I 2025-03-22 11:33:20,130] Trial 31 pruned. 
[I 2025-03-22 11:33:22,437] Trial 32 pruned. 
[I 2025-03-22 11:33:24,000] Trial 33 pruned. 
[I 2025-03-22 11:33:25,386] Trial 34 pruned. 
[I 2025-03-22 11:33:28,064] Trial 35 pruned. 
[I 2025-03-22 11:33:31,762] Trial 36 pruned. 
[I 2025-03-22 11:33:33,236] Trial 37 pruned. 
[I 2025-03-22 11:33:35,023] Trial 38 pruned. 
[I 2025-03-22 11:33:36,343] Trial 39 pruned. 
[I 2025-03-22 11:33:38,755] Trial 40 pruned. 
[I 2025-03-22 11:33:47,426] Trial 41 pruned. 
[I 2025-03-22 11:33:49,244] Trial 42 pruned. 
[I 2025-03-22 11:33:50,589] Trial 43 pruned. 
[I 2025-03-22 11:33:52,189] Trial 44 pruned. 
[I 2025-03-22 11:33:55,728] Trial 45 pruned. 
[I 2025-03-22 11:33:57,695] Trial 46 pruned. 
[I 2025-03-22 11:33:59,249] Trial 47 pruned. 
[I 2025-03-22 11:34:00,913] Trial 48 pruned. 
[I 2025-03-22 11:34:03,174] Trial 49 pruned. 
[I 2025-03-22 11:34:17,297] Trial 67 finished with value: 15.185540530708014 and parameters: {'n_units_l0': 448, 'n_units_l1': 3584, 'n_units_l2': 800, 'n_units_l3': 160, 'n_units_l4': 3456, 'n_units_l5': 1248, 'n_units_l6': 512, 'lr': 0.004307800448406174}. Best is trial 59 with value: 5.407387097205534.
[I 2025-03-22 11:34:18,370] Trial 68 pruned. 
[I 2025-03-22 11:36:00,966] Trial 69 finished with value: 32.89729662486471 and parameters: {'n_units_l0': 672, 'n_units_l1': 3904, 'n_units_l2': 608, 'n_units_l3': 384, 'n_units_l4': 3936, 'n_units_l5': 1280, 'n_units_l6': 768, 'lr': 0.0054312930160574585}. Best is trial 59 with value: 5.407387097205534.
[I 2025-03-22 11:36:13,778] Trial 50 finished with value: 25.291390084097696 and parameters: {'n_units_l0': 2368, 'n_units_l1': 3360, 'n_units_l2': 1408, 'n_units_l3': 160, 'n_units_l4': 3104, 'n_units_l5': 224, 'n_units_l6': 1472, 'n_units_l7': 3904, 'lr': 0.002948310735110051}. Best is trial 11 with value: 6.659965616917822.
[I 2025-03-22 11:37:42,192] Trial 70 finished with value: 23.12029014721878 and parameters: {'n_units_l0': 544, 'n_units_l1': 3520, 'n_units_l2': 736, 'n_units_l3': 128, 'n_units_l4': 3776, 'n_units_l5': 1600, 'n_units_l6': 544, 'lr': 0.009430429093625596}. Best is trial 59 with value: 5.407387097205534.
[I 2025-03-22 11:38:16,644] Trial 51 finished with value: 31.74061183077922 and parameters: {'n_units_l0': 2400, 'n_units_l1': 3392, 'n_units_l2': 1408, 'n_units_l3': 224, 'n_units_l4': 3104, 'n_units_l5': 192, 'n_units_l6': 1088, 'n_units_l7': 3840, 'lr': 0.002998445213808591}. Best is trial 11 with value: 6.659965616917822.
[I 2025-03-22 11:39:23,993] Trial 71 finished with value: 12.273062434712408 and parameters: {'n_units_l0': 832, 'n_units_l1': 3616, 'n_units_l2': 480, 'n_units_l3': 608, 'n_units_l4': 4096, 'n_units_l5': 1184, 'n_units_l6': 192, 'lr': 0.002341287802943578}. Best is trial 59 with value: 5.407387097205534.
[I 2025-03-22 11:40:24,575] Trial 52 finished with value: 13.435981256427391 and parameters: {'n_units_l0': 2368, 'n_units_l1': 3392, 'n_units_l2': 1376, 'n_units_l3': 224, 'n_units_l4': 3680, 'n_units_l5': 64, 'n_units_l6': 1472, 'n_units_l7': 3968, 'lr': 0.0031842135789488303}. Best is trial 11 with value: 6.659965616917822.
[I 2025-03-22 11:40:54,323] Trial 53 pruned. 
[I 2025-03-22 11:40:57,805] Trial 54 pruned. 
[I 2025-03-22 11:41:05,530] Trial 72 finished with value: 9.077498333729206 and parameters: {'n_units_l0': 1216, 'n_units_l1': 3712, 'n_units_l2': 192, 'n_units_l3': 320, 'n_units_l4': 4096, 'n_units_l5': 736, 'n_units_l6': 448, 'lr': 0.003757384248824562}. Best is trial 59 with value: 5.407387097205534.
[I 2025-03-22 11:41:08,562] Trial 73 pruned. 
[I 2025-03-22 11:41:09,600] Trial 74 pruned. 
[I 2025-03-22 11:42:50,375] Trial 75 finished with value: 14.2681015960042 and parameters: {'n_units_l0': 1024, 'n_units_l1': 3296, 'n_units_l2': 224, 'n_units_l3': 960, 'n_units_l4': 3968, 'n_units_l5': 672, 'n_units_l6': 416, 'lr': 0.003027255109978918}. Best is trial 59 with value: 5.407387097205534.
[I 2025-03-22 11:43:03,950] Trial 55 finished with value: 14.172904069108569 and parameters: {'n_units_l0': 2144, 'n_units_l1': 3744, 'n_units_l2': 1184, 'n_units_l3': 352, 'n_units_l4': 3232, 'n_units_l5': 416, 'n_units_l6': 1024, 'n_units_l7': 3680, 'lr': 0.004642879646704016}. Best is trial 11 with value: 6.659965616917822.
[I 2025-03-22 11:43:05,202] Trial 56 pruned. 
[I 2025-03-22 11:43:06,696] Trial 57 pruned. 
[I 2025-03-22 11:43:08,679] Trial 58 pruned. 
[I 2025-03-22 11:43:14,624] Trial 59 pruned. 
[I 2025-03-22 11:43:17,111] Trial 60 pruned. 
[I 2025-03-22 11:43:19,472] Trial 61 pruned. 
[I 2025-03-22 11:43:49,215] Trial 62 pruned. 
[I 2025-03-22 11:44:07,778] Trial 63 pruned. 
[I 2025-03-22 11:44:09,355] Trial 64 pruned. 
[I 2025-03-22 11:44:10,856] Trial 65 pruned. 
[I 2025-03-22 11:44:12,091] Trial 66 pruned. 
[I 2025-03-22 11:44:32,251] Trial 76 finished with value: 35.60337694380613 and parameters: {'n_units_l0': 736, 'n_units_l1': 3904, 'n_units_l2': 192, 'n_units_l3': 512, 'n_units_l4': 3520, 'n_units_l5': 1088, 'n_units_l6': 640, 'lr': 0.006341546826168347}. Best is trial 59 with value: 5.407387097205534.
[I 2025-03-22 11:44:35,342] Trial 67 pruned. 
[I 2025-03-22 11:44:36,797] Trial 68 pruned. 
[I 2025-03-22 11:44:38,820] Trial 69 pruned. 
[I 2025-03-22 11:44:40,333] Trial 70 pruned. 
[I 2025-03-22 11:45:24,079] Trial 71 pruned. 
[I 2025-03-22 11:45:26,463] Trial 72 pruned. 
[I 2025-03-22 11:45:28,795] Trial 73 pruned. 
[I 2025-03-22 11:45:30,733] Trial 74 pruned. 
[I 2025-03-22 11:45:32,783] Trial 75 pruned. 
[I 2025-03-22 11:45:34,963] Trial 76 pruned. 
[I 2025-03-22 11:45:36,858] Trial 77 pruned. 
[I 2025-03-22 11:45:38,965] Trial 78 pruned. 
[I 2025-03-22 11:45:40,877] Trial 79 pruned. 
[I 2025-03-22 11:45:42,482] Trial 80 pruned. 
[I 2025-03-22 11:45:43,662] Trial 81 pruned. 
[I 2025-03-22 11:45:44,803] Trial 77 pruned. 
[I 2025-03-22 11:45:44,957] Trial 82 pruned. 
[I 2025-03-22 11:45:46,779] Trial 83 pruned. 
[I 2025-03-22 11:45:48,563] Trial 84 pruned. 
[I 2025-03-22 11:45:49,871] Trial 85 pruned. 
[I 2025-03-22 11:45:52,402] Trial 86 pruned. 
[I 2025-03-22 11:45:54,940] Trial 87 pruned. 
[I 2025-03-22 11:45:56,186] Trial 88 pruned. 
[I 2025-03-22 11:45:58,129] Trial 89 pruned. 
[I 2025-03-22 11:46:01,043] Trial 90 pruned. 
[I 2025-03-22 11:46:03,032] Trial 91 pruned. 
[I 2025-03-22 11:46:04,800] Trial 92 pruned. 
[I 2025-03-22 11:46:07,050] Trial 93 pruned. 
