[I 2025-03-22 03:11:06,857] Trial 52 pruned. 
[I 2025-03-22 03:11:07,202] Trial 53 pruned. 
[I 2025-03-22 03:11:07,949] Trial 54 pruned. 
[I 2025-03-22 03:11:08,336] Trial 55 pruned. 
[I 2025-03-22 03:11:08,658] Trial 56 pruned. 
[I 2025-03-22 03:11:09,027] Trial 57 pruned. 
[I 2025-03-22 03:11:09,349] Trial 58 pruned. 
[I 2025-03-22 03:11:09,662] Trial 59 pruned. 
[I 2025-03-22 03:11:10,297] Trial 60 pruned. 
[I 2025-03-22 03:11:10,620] Trial 61 pruned. 
[I 2025-03-22 03:11:10,948] Trial 62 pruned. 
[I 2025-03-22 03:11:11,400] Trial 63 pruned. 
[I 2025-03-22 03:11:11,714] Trial 64 pruned. 
[I 2025-03-22 03:11:12,042] Trial 65 pruned. 
[I 2025-03-22 03:11:12,405] Trial 66 pruned. 
[I 2025-03-22 03:11:12,738] Trial 67 pruned. 
[I 2025-03-22 03:11:13,097] Trial 68 pruned. 
[I 2025-03-22 03:11:13,431] Trial 69 pruned. 
[I 2025-03-22 03:11:13,756] Trial 70 pruned. 
[I 2025-03-22 03:11:14,102] Trial 71 pruned. 
[I 2025-03-22 03:11:14,434] Trial 72 pruned. 
[I 2025-03-22 03:11:14,880] Trial 73 pruned. 
[I 2025-03-22 03:11:15,218] Trial 74 pruned. 
[I 2025-03-22 03:11:15,544] Trial 75 pruned. 
[I 2025-03-22 03:11:15,892] Trial 76 pruned. 
[I 2025-03-22 03:11:16,234] Trial 77 pruned. 
[I 2025-03-22 03:11:16,582] Trial 78 pruned. 
[I 2025-03-22 03:11:16,906] Trial 79 pruned. 
[I 2025-03-22 03:11:17,266] Trial 80 pruned. 
[I 2025-03-22 03:11:17,608] Trial 81 pruned. 
[I 2025-03-22 03:11:17,956] Trial 82 pruned. 
[I 2025-03-22 03:11:48,622] Trial 83 finished with value: 41.700616587719885 and parameters: {'n_units_l0': 256, 'n_units_l1': 3200, 'n_units_l2': 2432, 'lr': 0.04410052369589754}. Best is trial 0 with value: 23.905930119932087.
[I 2025-03-22 03:11:48,960] Trial 84 pruned. 
[I 2025-03-22 03:11:49,294] Trial 85 pruned. 
[I 2025-03-22 03:11:49,646] Trial 86 pruned. 
[I 2025-03-22 03:11:49,991] Trial 87 pruned. 
[I 2025-03-22 03:11:50,318] Trial 88 pruned. 
[I 2025-03-22 03:11:50,748] Trial 89 pruned. 
[I 2025-03-22 03:11:51,083] Trial 90 pruned. 
[I 2025-03-22 03:11:51,435] Trial 91 pruned. 
[I 2025-03-22 03:11:51,798] Trial 92 pruned. 
[I 2025-03-22 03:11:52,135] Trial 93 pruned. 
[I 2025-03-22 03:11:52,526] Trial 94 pruned. 
[I 2025-03-22 03:11:52,854] Trial 95 pruned. 
[I 2025-03-22 03:11:53,202] Trial 96 pruned. 
[I 2025-03-22 03:11:53,556] Trial 97 pruned. 
[I 2025-03-22 03:11:53,901] Trial 98 pruned. 
[I 2025-03-22 03:11:54,337] Trial 99 pruned. 
[I 2025-03-22 03:11:54,449] A new study created in memory with name: no-name-38031180-40e7-4c16-829b-8ee9bec2c59b
[I 2025-03-22 03:12:09,672] Trial 3 finished with value: 124.79450968826009 and parameters: {'n_units_l0': 384, 'n_units_l1': 3904, 'n_units_l2': 3904, 'n_units_l3': 3360, 'lr': 0.026212451220535612}. Best is trial 1 with value: 8.628387817010866.
[I 2025-03-22 03:12:29,006] Trial 0 finished with value: 125.83828693502983 and parameters: {'n_units_l0': 3936, 'n_units_l1': 544, 'n_units_l2': 800, 'n_units_l3': 3840, 'n_units_l4': 1152, 'lr': 0.09090680851849489}. Best is trial 0 with value: 125.83828693502983.
[I 2025-03-22 03:12:41,288] Trial 4 finished with value: 124.83150695473708 and parameters: {'n_units_l0': 1664, 'n_units_l1': 1632, 'n_units_l2': 96, 'n_units_l3': 3936, 'lr': 0.022512118021603574}. Best is trial 1 with value: 8.628387817010866.
[I 2025-03-22 03:12:41,672] Trial 5 pruned. 
[I 2025-03-22 03:12:42,440] Trial 6 pruned. 
[I 2025-03-22 03:12:43,088] Trial 7 pruned. 
[I 2025-03-22 03:12:43,892] Trial 8 pruned. 
[I 2025-03-22 03:12:44,269] Trial 9 pruned. 
[I 2025-03-22 03:12:44,903] Trial 10 pruned. 
[I 2025-03-22 03:13:05,220] Trial 1 finished with value: 125.83796958729043 and parameters: {'n_units_l0': 4000, 'n_units_l1': 992, 'n_units_l2': 864, 'n_units_l3': 3008, 'n_units_l4': 3072, 'lr': 0.0936138780519599}. Best is trial 1 with value: 125.83796958729043.
[I 2025-03-22 03:13:17,063] Trial 11 finished with value: 40.472825265370105 and parameters: {'n_units_l0': 1216, 'n_units_l1': 576, 'n_units_l2': 1664, 'n_units_l3': 1120, 'lr': 0.0696274798298451}. Best is trial 1 with value: 8.628387817010866.
[I 2025-03-22 03:13:17,402] Trial 12 pruned. 
[I 2025-03-22 03:13:17,733] Trial 13 pruned. 
[I 2025-03-22 03:13:18,073] Trial 14 pruned. 
[I 2025-03-22 03:13:18,403] Trial 15 pruned. 
[I 2025-03-22 03:13:18,800] Trial 16 pruned. 
[I 2025-03-22 03:13:19,140] Trial 17 pruned. 
[I 2025-03-22 03:13:19,477] Trial 18 pruned. 
[I 2025-03-22 03:13:39,740] Trial 2 finished with value: 125.87373020450612 and parameters: {'n_units_l0': 896, 'n_units_l1': 1504, 'n_units_l2': 3520, 'n_units_l3': 576, 'n_units_l4': 2592, 'lr': 0.03600392892207735}. Best is trial 1 with value: 125.83796958729043.
[I 2025-03-22 03:13:51,482] Trial 19 finished with value: 13.959389766358562 and parameters: {'n_units_l0': 192, 'n_units_l1': 2176, 'n_units_l2': 2240, 'n_units_l3': 1440, 'lr': 0.0075438588158493625}. Best is trial 1 with value: 8.628387817010866.
[I 2025-03-22 03:14:14,330] Trial 3 finished with value: 11.46310999923732 and parameters: {'n_units_l0': 32, 'n_units_l1': 480, 'n_units_l2': 864, 'n_units_l3': 1792, 'n_units_l4': 2656, 'lr': 0.0006772958299791104}. Best is trial 3 with value: 11.46310999923732.
[I 2025-03-22 03:14:23,767] Trial 20 finished with value: 11.412797702369994 and parameters: {'n_units_l0': 64, 'n_units_l1': 2816, 'n_units_l2': 2912, 'n_units_l3': 1632, 'lr': 0.0014468352695126113}. Best is trial 1 with value: 8.628387817010866.
[I 2025-03-22 03:14:49,010] Trial 4 finished with value: 125.83748792608709 and parameters: {'n_units_l0': 2848, 'n_units_l1': 2688, 'n_units_l2': 192, 'n_units_l3': 1600, 'n_units_l4': 3744, 'lr': 0.01949289216214618}. Best is trial 3 with value: 11.46310999923732.
[I 2025-03-22 03:14:56,023] Trial 21 finished with value: 26.665033549113204 and parameters: {'n_units_l0': 96, 'n_units_l1': 2944, 'n_units_l2': 2720, 'n_units_l3': 1632, 'lr': 0.0024930141249180364}. Best is trial 1 with value: 8.628387817010866.
[I 2025-03-22 03:15:28,260] Trial 22 finished with value: 17.560128540918573 and parameters: {'n_units_l0': 64, 'n_units_l1': 2432, 'n_units_l2': 3008, 'n_units_l3': 2240, 'lr': 0.012360344684251462}. Best is trial 1 with value: 8.628387817010866.
[I 2025-03-22 03:15:28,755] Trial 23 pruned. 
[I 2025-03-22 03:15:29,146] Trial 24 pruned. 
[I 2025-03-22 03:15:29,522] Trial 25 pruned. 
[I 2025-03-22 03:15:29,908] Trial 26 pruned. 
[I 2025-03-22 03:15:30,276] Trial 27 pruned. 
[I 2025-03-22 03:15:30,658] Trial 28 pruned. 
[I 2025-03-22 03:15:31,052] Trial 29 pruned. 
[I 2025-03-22 03:15:31,843] Trial 30 pruned. 
[I 2025-03-22 03:15:38,083] Trial 31 pruned. 
[I 2025-03-22 03:15:38,483] Trial 32 pruned. 
[I 2025-03-22 03:16:00,907] Trial 5 finished with value: 126.52725344674462 and parameters: {'n_units_l0': 2496, 'n_units_l1': 3360, 'n_units_l2': 2048, 'n_units_l3': 3552, 'n_units_l4': 2944, 'lr': 0.010207284653507486}. Best is trial 3 with value: 11.46310999923732.
[I 2025-03-22 03:16:01,300] Trial 6 pruned. 
[I 2025-03-22 03:16:01,771] Trial 7 pruned. 
[I 2025-03-22 03:16:02,152] Trial 8 pruned. 
[I 2025-03-22 03:16:02,540] Trial 9 pruned. 
[I 2025-03-22 03:16:06,044] Trial 33 pruned. 
[I 2025-03-22 03:16:06,413] Trial 34 pruned. 
[I 2025-03-22 03:16:06,777] Trial 35 pruned. 
[I 2025-03-22 03:16:07,378] Trial 36 pruned. 
[I 2025-03-22 03:16:07,908] Trial 37 pruned. 
[I 2025-03-22 03:16:08,290] Trial 38 pruned. 
[I 2025-03-22 03:16:08,699] Trial 39 pruned. 
[I 2025-03-22 03:16:09,120] Trial 40 pruned. 
[I 2025-03-22 03:16:09,514] Trial 41 pruned. 
[I 2025-03-22 03:16:09,908] Trial 42 pruned. 
[I 2025-03-22 03:16:10,541] Trial 43 pruned. 
[I 2025-03-22 03:16:10,986] Trial 44 pruned. 
[I 2025-03-22 03:16:36,843] Trial 10 finished with value: 19.217072112606665 and parameters: {'n_units_l0': 64, 'n_units_l1': 320, 'n_units_l2': 1280, 'n_units_l3': 2304, 'n_units_l4': 1568, 'lr': 0.0013208433991366635}. Best is trial 3 with value: 11.46310999923732.
[I 2025-03-22 03:16:37,885] Trial 45 pruned. 
[I 2025-03-22 03:16:38,577] Trial 46 pruned. 
[I 2025-03-22 03:16:39,043] Trial 47 pruned. 
[I 2025-03-22 03:16:41,269] Trial 48 pruned. 
[I 2025-03-22 03:16:41,671] Trial 49 pruned. 
[I 2025-03-22 03:17:08,311] Trial 50 pruned. 
[I 2025-03-22 03:17:08,653] Trial 51 pruned. 
[I 2025-03-22 03:17:09,091] Trial 52 pruned. 
[I 2025-03-22 03:17:09,439] Trial 53 pruned. 
[I 2025-03-22 03:17:09,840] Trial 54 pruned. 
[I 2025-03-22 03:17:10,205] Trial 55 pruned. 
[I 2025-03-22 03:17:10,710] Trial 56 pruned. 
[I 2025-03-22 03:17:11,089] Trial 57 pruned. 
[I 2025-03-22 03:17:11,277] Trial 11 finished with value: 29.52089287846428 and parameters: {'n_units_l0': 128, 'n_units_l1': 64, 'n_units_l2': 1440, 'n_units_l3': 2304, 'n_units_l4': 1696, 'lr': 0.0009711409509972242}. Best is trial 3 with value: 11.46310999923732.
[I 2025-03-22 03:17:11,450] Trial 58 pruned. 
[I 2025-03-22 03:17:11,823] Trial 59 pruned. 
[I 2025-03-22 03:17:12,204] Trial 60 pruned. 
[I 2025-03-22 03:17:12,565] Trial 61 pruned. 
[I 2025-03-22 03:17:12,933] Trial 62 pruned. 
[I 2025-03-22 03:17:13,409] Trial 63 pruned. 
[I 2025-03-22 03:17:13,772] Trial 64 pruned. 
[I 2025-03-22 03:17:14,173] Trial 65 pruned. 
[I 2025-03-22 03:17:14,531] Trial 66 pruned. 
[I 2025-03-22 03:17:14,915] Trial 67 pruned. 
[I 2025-03-22 03:17:15,295] Trial 68 pruned. 
[I 2025-03-22 03:17:15,671] Trial 69 pruned. 
[I 2025-03-22 03:17:16,320] Trial 70 pruned. 
[I 2025-03-22 03:17:45,703] Trial 12 finished with value: 106.53931056940947 and parameters: {'n_units_l0': 32, 'n_units_l1': 96, 'n_units_l2': 1408, 'n_units_l3': 1376, 'n_units_l4': 1792, 'lr': 0.0628120224666154}. Best is trial 3 with value: 11.46310999923732.
[I 2025-03-22 03:17:46,102] Trial 13 pruned. 
[I 2025-03-22 03:18:20,658] Trial 14 finished with value: 10.495112041619361 and parameters: {'n_units_l0': 704, 'n_units_l1': 608, 'n_units_l2': 32, 'n_units_l3': 1824, 'n_units_l4': 2176, 'lr': 0.0005824779174623634}. Best is trial 14 with value: 10.495112041619361.
[I 2025-03-22 03:18:21,033] Trial 15 pruned. 
[I 2025-03-22 03:18:21,398] Trial 16 pruned. 
[I 2025-03-22 03:18:21,990] Trial 17 pruned. 
[I 2025-03-22 03:18:22,626] Trial 71 finished with value: 124.79489797966852 and parameters: {'n_units_l0': 384, 'n_units_l1': 4064, 'n_units_l2': 4064, 'n_units_l3': 3104, 'lr': 0.03804503259594208}. Best is trial 1 with value: 8.628387817010866.
[I 2025-03-22 03:18:22,978] Trial 72 pruned. 
[I 2025-03-22 03:18:55,836] Trial 18 finished with value: 37.137100516154 and parameters: {'n_units_l0': 448, 'n_units_l1': 736, 'n_units_l2': 544, 'n_units_l3': 2784, 'n_units_l4': 2144, 'lr': 0.011040634009883827}. Best is trial 14 with value: 10.495112041619361.
[I 2025-03-22 03:19:06,651] Trial 73 finished with value: 25.797207542033526 and parameters: {'n_units_l0': 32, 'n_units_l1': 3232, 'n_units_l2': 2848, 'n_units_l3': 3776, 'lr': 0.012018597068201707}. Best is trial 1 with value: 8.628387817010866.
[I 2025-03-22 03:19:07,557] Trial 74 pruned. 
[I 2025-03-22 03:19:08,019] Trial 75 pruned. 
[I 2025-03-22 03:19:08,637] Trial 76 pruned. 
[I 2025-03-22 03:19:09,345] Trial 77 pruned. 
[I 2025-03-22 03:19:09,873] Trial 78 pruned. 
[I 2025-03-22 03:19:10,451] Trial 79 pruned. 
[I 2025-03-22 03:19:10,847] Trial 80 pruned. 
[I 2025-03-22 03:19:13,231] Trial 81 pruned. 
[I 2025-03-22 03:19:13,825] Trial 82 pruned. 
[I 2025-03-22 03:19:30,130] Trial 19 finished with value: 125.89546733894562 and parameters: {'n_units_l0': 1408, 'n_units_l1': 2208, 'n_units_l2': 1728, 'n_units_l3': 1248, 'n_units_l4': 2624, 'lr': 0.011002440596318688}. Best is trial 14 with value: 10.495112041619361.
[I 2025-03-22 03:19:30,884] Trial 20 pruned. 
[I 2025-03-22 03:19:31,917] Trial 21 pruned. 
[I 2025-03-22 03:19:51,385] Trial 83 finished with value: 14.49908349155959 and parameters: {'n_units_l0': 256, 'n_units_l1': 3072, 'n_units_l2': 2368, 'n_units_l3': 4096, 'lr': 0.0031963288486962145}. Best is trial 1 with value: 8.628387817010866.
[I 2025-03-22 03:19:51,898] Trial 84 pruned. 
[I 2025-03-22 03:20:05,814] Trial 22 finished with value: 12.704670203608602 and parameters: {'n_units_l0': 384, 'n_units_l1': 288, 'n_units_l2': 544, 'n_units_l3': 2688, 'n_units_l4': 1440, 'lr': 0.0016547354987900675}. Best is trial 14 with value: 10.495112041619361.
[I 2025-03-22 03:20:06,209] Trial 23 pruned. 
[I 2025-03-22 03:20:06,580] Trial 24 pruned. 
[I 2025-03-22 03:20:06,962] Trial 25 pruned. 
[I 2025-03-22 03:20:07,322] Trial 26 pruned. 
[I 2025-03-22 03:20:07,740] Trial 27 pruned. 
[I 2025-03-22 03:20:08,173] Trial 28 pruned. 
[I 2025-03-22 03:20:08,669] Trial 29 pruned. 
[I 2025-03-22 03:20:09,035] Trial 30 pruned. 
[I 2025-03-22 03:20:10,074] Trial 31 pruned. 
[I 2025-03-22 03:20:10,451] Trial 32 pruned. 
[I 2025-03-22 03:20:11,520] Trial 33 pruned. 
[I 2025-03-22 03:20:24,591] Trial 85 finished with value: 36.55110276899935 and parameters: {'n_units_l0': 224, 'n_units_l1': 2560, 'n_units_l2': 2304, 'n_units_l3': 4064, 'lr': 0.0060307847256234216}. Best is trial 1 with value: 8.628387817010866.
[I 2025-03-22 03:20:45,611] Trial 34 finished with value: 18.902689183865263 and parameters: {'n_units_l0': 32, 'n_units_l1': 896, 'n_units_l2': 352, 'n_units_l3': 2848, 'n_units_l4': 1248, 'lr': 0.01932439593596197}. Best is trial 14 with value: 10.495112041619361.
[I 2025-03-22 03:20:46,014] Trial 35 pruned. 
[I 2025-03-22 03:20:46,392] Trial 36 pruned. 
[I 2025-03-22 03:20:46,765] Trial 37 pruned. 
[I 2025-03-22 03:20:48,602] Trial 38 pruned. 
[I 2025-03-22 03:20:48,976] Trial 39 pruned. 
[I 2025-03-22 03:20:49,401] Trial 40 pruned. 
[I 2025-03-22 03:20:57,232] Trial 86 finished with value: 20.404773416744778 and parameters: {'n_units_l0': 32, 'n_units_l1': 2656, 'n_units_l2': 2240, 'n_units_l3': 4032, 'lr': 0.009831106060327704}. Best is trial 1 with value: 8.628387817010866.
[I 2025-03-22 03:21:23,214] Trial 41 finished with value: 21.45222016247723 and parameters: {'n_units_l0': 96, 'n_units_l1': 192, 'n_units_l2': 1280, 'n_units_l3': 2144, 'n_units_l4': 1632, 'lr': 0.005318245495328812}. Best is trial 14 with value: 10.495112041619361.
[I 2025-03-22 03:21:24,023] Trial 42 pruned. 
[I 2025-03-22 03:21:29,696] Trial 87 finished with value: 24.884239656974124 and parameters: {'n_units_l0': 32, 'n_units_l1': 2592, 'n_units_l2': 2240, 'n_units_l3': 4064, 'lr': 0.010707469905378485}. Best is trial 1 with value: 8.628387817010866.
[I 2025-03-22 03:21:57,949] Trial 43 finished with value: 37.28605391945901 and parameters: {'n_units_l0': 32, 'n_units_l1': 288, 'n_units_l2': 224, 'n_units_l3': 2720, 'n_units_l4': 960, 'lr': 0.011268937203127527}. Best is trial 14 with value: 10.495112041619361.
[I 2025-03-22 03:21:58,677] Trial 44 pruned. 
[I 2025-03-22 03:21:59,054] Trial 45 pruned. 
[I 2025-03-22 03:21:59,545] Trial 46 pruned. 
[I 2025-03-22 03:21:59,921] Trial 47 pruned. 
[I 2025-03-22 03:22:00,300] Trial 48 pruned. 
[I 2025-03-22 03:22:00,721] Trial 49 pruned. 
[I 2025-03-22 03:22:01,098] Trial 50 pruned. 
[I 2025-03-22 03:22:04,460] Trial 88 finished with value: 20.542922329955623 and parameters: {'n_units_l0': 32, 'n_units_l1': 2688, 'n_units_l2': 2496, 'n_units_l3': 4000, 'lr': 0.009956772211823934}. Best is trial 1 with value: 8.628387817010866.
[I 2025-03-22 03:22:04,904] Trial 89 pruned. 
[I 2025-03-22 03:22:09,784] Trial 90 pruned. 
[I 2025-03-22 03:22:10,386] Trial 91 pruned. 
[I 2025-03-22 03:22:10,802] Trial 92 pruned. 
[I 2025-03-22 03:22:15,680] Trial 93 pruned. 
[I 2025-03-22 03:22:16,150] Trial 94 pruned. 
[I 2025-03-22 03:22:16,606] Trial 95 pruned. 
[I 2025-03-22 03:22:17,182] Trial 96 pruned. 
[I 2025-03-22 03:22:17,681] Trial 97 pruned. 
[I 2025-03-22 03:22:18,197] Trial 98 pruned. 
[I 2025-03-22 03:22:18,605] Trial 99 pruned. 
[I 2025-03-22 03:22:18,716] A new study created in memory with name: no-name-2d718f15-d369-4ff2-b282-67afbeb70b13
[I 2025-03-22 03:22:34,990] Trial 51 finished with value: 38.45816583074196 and parameters: {'n_units_l0': 32, 'n_units_l1': 224, 'n_units_l2': 992, 'n_units_l3': 2208, 'n_units_l4': 1568, 'lr': 0.008062160482999126}. Best is trial 14 with value: 10.495112041619361.
[I 2025-03-22 03:22:36,444] Trial 52 pruned. 
[I 2025-03-22 03:22:36,826] Trial 53 pruned. 
[I 2025-03-22 03:23:07,872] Trial 54 pruned. 
[I 2025-03-22 03:23:08,261] Trial 55 pruned. 
[I 2025-03-22 03:23:08,627] Trial 56 pruned. 
[I 2025-03-22 03:23:08,996] Trial 57 pruned. 
[I 2025-03-22 03:23:09,374] Trial 58 pruned. 
[I 2025-03-22 03:23:09,757] Trial 59 pruned. 
[I 2025-03-22 03:23:10,170] Trial 60 pruned. 
[I 2025-03-22 03:23:10,556] Trial 61 pruned. 
[I 2025-03-22 03:23:11,363] Trial 62 pruned. 
[I 2025-03-22 03:23:12,890] Trial 0 finished with value: 124.84095979008056 and parameters: {'n_units_l0': 2592, 'n_units_l1': 896, 'n_units_l2': 3904, 'n_units_l3': 2880, 'n_units_l4': 1792, 'n_units_l5': 992, 'lr': 0.029136000261033662}. Best is trial 0 with value: 124.84095979008056.
[I 2025-03-22 03:23:45,037] Trial 63 finished with value: 21.566092227728042 and parameters: {'n_units_l0': 32, 'n_units_l1': 384, 'n_units_l2': 1504, 'n_units_l3': 832, 'n_units_l4': 1600, 'lr': 0.013264424812044463}. Best is trial 14 with value: 10.495112041619361.
[I 2025-03-22 03:23:45,402] Trial 64 pruned. 
[I 2025-03-22 03:24:16,404] Trial 65 pruned. 
[I 2025-03-22 03:24:16,793] Trial 66 pruned. 
[I 2025-03-22 03:24:17,166] Trial 67 pruned. 
[I 2025-03-22 03:24:17,532] Trial 68 pruned. 
[I 2025-03-22 03:24:17,904] Trial 69 pruned. 
[I 2025-03-22 03:24:19,386] Trial 1 finished with value: 124.84603660205468 and parameters: {'n_units_l0': 2272, 'n_units_l1': 2752, 'n_units_l2': 3008, 'n_units_l3': 64, 'n_units_l4': 3840, 'n_units_l5': 3904, 'lr': 0.03083880006753519}. Best is trial 0 with value: 124.84095979008056.
[I 2025-03-22 03:24:51,928] Trial 70 finished with value: 35.53338829699144 and parameters: {'n_units_l0': 320, 'n_units_l1': 800, 'n_units_l2': 128, 'n_units_l3': 2656, 'n_units_l4': 1504, 'lr': 0.0059005018353778405}. Best is trial 14 with value: 10.495112041619361.
[I 2025-03-22 03:24:52,327] Trial 71 pruned. 
[I 2025-03-22 03:24:52,693] Trial 72 pruned. 
[I 2025-03-22 03:25:07,691] Trial 2 finished with value: 124.83955342106638 and parameters: {'n_units_l0': 2272, 'n_units_l1': 2976, 'n_units_l2': 96, 'n_units_l3': 3680, 'n_units_l4': 2784, 'n_units_l5': 1056, 'lr': 0.09774197673894869}. Best is trial 2 with value: 124.83955342106638.
[I 2025-03-22 03:25:26,775] Trial 73 finished with value: 16.168761346395293 and parameters: {'n_units_l0': 160, 'n_units_l1': 128, 'n_units_l2': 320, 'n_units_l3': 2912, 'n_units_l4': 1888, 'lr': 0.002294016245875146}. Best is trial 14 with value: 10.495112041619361.
[I 2025-03-22 03:25:27,159] Trial 74 pruned. 
[I 2025-03-22 03:25:27,541] Trial 75 pruned. 
[I 2025-03-22 03:25:27,951] Trial 76 pruned. 
[I 2025-03-22 03:25:28,572] Trial 77 pruned. 
[I 2025-03-22 03:25:28,963] Trial 78 pruned. 
[I 2025-03-22 03:25:44,146] Trial 3 finished with value: 124.86218454822526 and parameters: {'n_units_l0': 608, 'n_units_l1': 3584, 'n_units_l2': 1184, 'n_units_l3': 576, 'n_units_l4': 2464, 'n_units_l5': 1888, 'lr': 0.07348714964273644}. Best is trial 2 with value: 124.83955342106638.
[I 2025-03-22 03:26:02,923] Trial 79 finished with value: 15.564351567216933 and parameters: {'n_units_l0': 320, 'n_units_l1': 576, 'n_units_l2': 160, 'n_units_l3': 3264, 'n_units_l4': 1216, 'lr': 0.005609369298233417}. Best is trial 14 with value: 10.495112041619361.
[I 2025-03-22 03:26:03,297] Trial 80 pruned. 
[I 2025-03-22 03:26:03,678] Trial 81 pruned. 
[I 2025-03-22 03:26:37,631] Trial 82 finished with value: 15.393789360382172 and parameters: {'n_units_l0': 224, 'n_units_l1': 576, 'n_units_l2': 448, 'n_units_l3': 3328, 'n_units_l4': 1440, 'lr': 0.0024141862480546307}. Best is trial 14 with value: 10.495112041619361.
[I 2025-03-22 03:26:38,014] Trial 83 pruned. 
[I 2025-03-22 03:26:38,687] Trial 4 finished with value: 124.84070637528764 and parameters: {'n_units_l0': 3904, 'n_units_l1': 3136, 'n_units_l2': 1184, 'n_units_l3': 1408, 'n_units_l4': 1344, 'n_units_l5': 3520, 'lr': 0.05085279564365784}. Best is trial 2 with value: 124.83955342106638.
[I 2025-03-22 03:26:39,170] Trial 5 pruned. 
[I 2025-03-22 03:27:12,017] Trial 84 finished with value: 31.220895122295417 and parameters: {'n_units_l0': 256, 'n_units_l1': 864, 'n_units_l2': 384, 'n_units_l3': 3328, 'n_units_l4': 1440, 'lr': 0.00512131050792679}. Best is trial 14 with value: 10.495112041619361.
[I 2025-03-22 03:27:16,552] Trial 85 pruned. 
[I 2025-03-22 03:27:16,934] Trial 86 pruned. 
[I 2025-03-22 03:27:17,317] Trial 87 pruned. 
[I 2025-03-22 03:27:18,127] Trial 88 pruned. 
[I 2025-03-22 03:27:18,510] Trial 89 pruned. 
[I 2025-03-22 03:27:18,884] Trial 90 pruned. 
[I 2025-03-22 03:27:35,640] Trial 91 pruned. 
[I 2025-03-22 03:27:49,647] Trial 6 finished with value: 124.92829904395438 and parameters: {'n_units_l0': 3840, 'n_units_l1': 3584, 'n_units_l2': 1664, 'n_units_l3': 160, 'n_units_l4': 3008, 'n_units_l5': 4096, 'lr': 0.020125712623687574}. Best is trial 2 with value: 124.83955342106638.
[I 2025-03-22 03:27:50,434] Trial 7 pruned. 
[I 2025-03-22 03:27:51,674] Trial 8 pruned. 
[I 2025-03-22 03:28:09,848] Trial 92 finished with value: 27.80931223878914 and parameters: {'n_units_l0': 128, 'n_units_l1': 448, 'n_units_l2': 384, 'n_units_l3': 3584, 'n_units_l4': 1312, 'lr': 0.010029983578605881}. Best is trial 14 with value: 10.495112041619361.
[I 2025-03-22 03:28:10,346] Trial 93 pruned. 
[I 2025-03-22 03:28:33,819] Trial 94 pruned. 
[I 2025-03-22 03:28:34,209] Trial 95 pruned. 
[I 2025-03-22 03:28:35,256] Trial 96 pruned. 
[I 2025-03-22 03:28:42,416] Trial 97 pruned. 
[I 2025-03-22 03:28:43,037] Trial 98 pruned. 
[I 2025-03-22 03:28:45,654] Trial 9 finished with value: 125.02743978322074 and parameters: {'n_units_l0': 1728, 'n_units_l1': 2400, 'n_units_l2': 640, 'n_units_l3': 1792, 'n_units_l4': 3648, 'n_units_l5': 3008, 'lr': 0.011753767451229713}. Best is trial 2 with value: 124.83955342106638.
[I 2025-03-22 03:28:46,042] Trial 10 pruned. 
