[I 2025-03-22 21:47:49,184] Trial 43 finished with value: 18.91834319281736 and parameters: {'n_units_l0': 1888, 'n_units_l1': 1184, 'n_units_l2': 1088, 'n_units_l3': 640, 'n_units_l4': 1728, 'n_units_l5': 1952, 'n_units_l6': 2976, 'n_units_l7': 3456, 'n_units_l8': 928, 'n_units_l9': 64, 'n_units_l10': 640, 'lr': 0.0009605541282398402}. Best is trial 29 with value: 4.505351145373732.
[I 2025-03-22 21:47:51,736] Trial 44 pruned. 
[I 2025-03-22 21:48:30,755] Trial 14 finished with value: 125.01540225351785 and parameters: {'n_units_l0': 928, 'n_units_l1': 3136, 'n_units_l2': 2432, 'n_units_l3': 704, 'n_units_l4': 3072, 'n_units_l5': 896, 'n_units_l6': 2336, 'n_units_l7': 3392, 'n_units_l8': 992, 'n_units_l9': 704, 'n_units_l10': 2560, 'n_units_l11': 1824, 'lr': 0.023513668679460697}. Best is trial 0 with value: 125.01163529146727.
[I 2025-03-22 21:53:09,200] Trial 45 finished with value: 125.10110954018788 and parameters: {'n_units_l0': 2464, 'n_units_l1': 2144, 'n_units_l2': 1888, 'n_units_l3': 1152, 'n_units_l4': 704, 'n_units_l5': 1600, 'n_units_l6': 2560, 'n_units_l7': 3616, 'n_units_l8': 1632, 'n_units_l9': 672, 'n_units_l10': 64, 'lr': 0.005220049394004965}. Best is trial 29 with value: 4.505351145373732.
[I 2025-03-22 21:53:12,410] Trial 46 pruned. 
[I 2025-03-22 21:53:15,544] Trial 47 pruned. 
[I 2025-03-22 21:53:19,758] Trial 48 pruned. 
[I 2025-03-22 21:53:23,221] Trial 49 pruned. 
[I 2025-03-22 21:53:26,512] Trial 50 pruned. 
[I 2025-03-22 21:53:29,581] Trial 51 pruned. 
[I 2025-03-22 21:54:01,316] Trial 15 finished with value: 125.01598139066701 and parameters: {'n_units_l0': 672, 'n_units_l1': 1664, 'n_units_l2': 1344, 'n_units_l3': 1600, 'n_units_l4': 1856, 'n_units_l5': 864, 'n_units_l6': 3264, 'n_units_l7': 2464, 'n_units_l8': 1504, 'n_units_l9': 1504, 'n_units_l10': 1760, 'n_units_l11': 3488, 'lr': 0.02227831167284416}. Best is trial 0 with value: 125.01163529146727.
/trinity/home/fisheye/.local/lib/python3.9/site-packages/numpy/lib/function_base.py:4530: RuntimeWarning: invalid value encountered in subtract
  subtract(b, diff_b_a * (1 - t), out=lerp_interpolation, where=t >= 0.5)
[I 2025-03-22 21:57:58,441] Trial 52 finished with value: 17.876195581564716 and parameters: {'n_units_l0': 1952, 'n_units_l1': 2272, 'n_units_l2': 672, 'n_units_l3': 480, 'n_units_l4': 1920, 'n_units_l5': 1728, 'n_units_l6': 2208, 'n_units_l7': 4064, 'n_units_l8': 768, 'n_units_l9': 32, 'n_units_l10': 1152, 'lr': 0.0003750147965107337}. Best is trial 29 with value: 4.505351145373732.
[I 2025-03-22 21:58:00,857] Trial 53 pruned. 
[I 2025-03-22 21:58:08,752] Trial 54 pruned. 
[I 2025-03-22 21:59:01,298] Trial 16 finished with value: 8.938907037182261 and parameters: {'n_units_l0': 2240, 'n_units_l1': 2720, 'n_units_l2': 2272, 'n_units_l3': 2592, 'n_units_l4': 704, 'n_units_l5': 1472, 'n_units_l6': 1184, 'n_units_l7': 3840, 'n_units_l8': 576, 'n_units_l9': 32, 'n_units_l10': 2432, 'n_units_l11': 96, 'lr': 0.001306109813363765}. Best is trial 16 with value: 8.938907037182261.
/trinity/home/fisheye/.local/lib/python3.9/site-packages/numpy/lib/function_base.py:4529: RuntimeWarning: invalid value encountered in multiply
  lerp_interpolation = asanyarray(add(a, diff_b_a * t, out=out))
[I 2025-03-22 22:03:35,265] Trial 55 finished with value: 6.98315061646324 and parameters: {'n_units_l0': 2624, 'n_units_l1': 2688, 'n_units_l2': 32, 'n_units_l3': 768, 'n_units_l4': 1376, 'n_units_l5': 2304, 'n_units_l6': 2528, 'n_units_l7': 3904, 'n_units_l8': 1696, 'n_units_l9': 544, 'n_units_l10': 960, 'lr': 0.0004384698040425776}. Best is trial 29 with value: 4.505351145373732.
[I 2025-03-22 22:03:38,955] Trial 56 pruned. 
[I 2025-03-22 22:03:42,381] Trial 57 pruned. 
[I 2025-03-22 22:03:46,481] Trial 58 pruned. 
[I 2025-03-22 22:03:54,885] Trial 59 pruned. 
[I 2025-03-22 22:03:59,277] Trial 60 pruned. 
[I 2025-03-22 22:07:16,560] Trial 17 finished with value: inf and parameters: {'n_units_l0': 2112, 'n_units_l1': 3456, 'n_units_l2': 4096, 'n_units_l3': 3456, 'n_units_l4': 768, 'n_units_l5': 1600, 'n_units_l6': 832, 'n_units_l7': 4096, 'n_units_l8': 640, 'n_units_l9': 2944, 'n_units_l10': 3104, 'n_units_l11': 192, 'lr': 0.0949908315069501}. Best is trial 16 with value: 8.938907037182261.
[I 2025-03-22 22:08:23,775] Trial 61 finished with value: 5.7009736931902175 and parameters: {'n_units_l0': 2080, 'n_units_l1': 2208, 'n_units_l2': 32, 'n_units_l3': 640, 'n_units_l4': 1664, 'n_units_l5': 1824, 'n_units_l6': 2144, 'n_units_l7': 4096, 'n_units_l8': 896, 'n_units_l9': 544, 'n_units_l10': 864, 'lr': 5.790745826251843e-05}. Best is trial 29 with value: 4.505351145373732.
[I 2025-03-22 22:08:26,588] Trial 62 pruned. 
[I 2025-03-22 22:08:29,826] Trial 63 pruned. 
[I 2025-03-22 22:11:56,433] Trial 18 finished with value: 125.05136219031041 and parameters: {'n_units_l0': 2496, 'n_units_l1': 1696, 'n_units_l2': 2528, 'n_units_l3': 2688, 'n_units_l4': 640, 'n_units_l5': 1376, 'n_units_l6': 1216, 'n_units_l7': 160, 'n_units_l8': 1696, 'n_units_l9': 768, 'n_units_l10': 2400, 'n_units_l11': 1696, 'lr': 0.035738726563946555}. Best is trial 16 with value: 8.938907037182261.
[I 2025-03-22 22:13:59,890] Trial 64 finished with value: 7.222518508277979 and parameters: {'n_units_l0': 3488, 'n_units_l1': 2976, 'n_units_l2': 320, 'n_units_l3': 1024, 'n_units_l4': 1376, 'n_units_l5': 2112, 'n_units_l6': 2112, 'n_units_l7': 3552, 'n_units_l8': 704, 'n_units_l9': 3072, 'n_units_l10': 1056, 'lr': 0.0008341700215716763}. Best is trial 29 with value: 4.505351145373732.
[I 2025-03-22 22:14:03,102] Trial 65 pruned. 
[I 2025-03-22 22:14:55,483] Trial 66 pruned. 
[I 2025-03-22 22:14:58,708] Trial 67 pruned. 
[I 2025-03-22 22:15:02,034] Trial 68 pruned. 
[I 2025-03-22 22:15:05,492] Trial 69 pruned. 
[I 2025-03-22 22:18:43,630] Trial 19 finished with value: 32.964407962230766 and parameters: {'n_units_l0': 1632, 'n_units_l1': 3392, 'n_units_l2': 2208, 'n_units_l3': 3328, 'n_units_l4': 640, 'n_units_l5': 512, 'n_units_l6': 1728, 'n_units_l7': 3648, 'n_units_l8': 640, 'n_units_l9': 1536, 'n_units_l10': 3296, 'n_units_l11': 2240, 'lr': 0.00230726259508446}. Best is trial 16 with value: 8.938907037182261.
[I 2025-03-22 22:20:56,738] Trial 70 finished with value: 4.814005430049687 and parameters: {'n_units_l0': 2912, 'n_units_l1': 2624, 'n_units_l2': 512, 'n_units_l3': 1312, 'n_units_l4': 1440, 'n_units_l5': 2080, 'n_units_l6': 2400, 'n_units_l7': 3040, 'n_units_l8': 3072, 'n_units_l9': 512, 'n_units_l10': 512, 'lr': 6.734792629310449e-05}. Best is trial 29 with value: 4.505351145373732.
[I 2025-03-22 22:21:00,244] Trial 71 pruned. 
[I 2025-03-22 22:21:03,879] Trial 72 pruned. 
[I 2025-03-22 22:21:27,023] Trial 73 pruned. 
[I 2025-03-22 22:21:39,813] Trial 74 pruned. 
[I 2025-03-22 22:21:43,815] Trial 75 pruned. 
[I 2025-03-22 22:21:46,667] Trial 76 pruned. 
[I 2025-03-22 22:22:40,827] Trial 77 pruned. 
[I 2025-03-22 22:22:52,675] Trial 78 pruned. 
[I 2025-03-22 22:26:58,654] Trial 20 finished with value: 5.648809491960337 and parameters: {'n_units_l0': 2752, 'n_units_l1': 3424, 'n_units_l2': 2176, 'n_units_l3': 3968, 'n_units_l4': 32, 'n_units_l5': 1344, 'n_units_l6': 800, 'n_units_l7': 3776, 'n_units_l8': 576, 'n_units_l9': 3648, 'n_units_l10': 4064, 'n_units_l11': 2176, 'lr': 7.296699021489689e-05}. Best is trial 20 with value: 5.648809491960337.
[I 2025-03-22 22:29:07,550] Trial 79 finished with value: 10.190279372792908 and parameters: {'n_units_l0': 3936, 'n_units_l1': 2496, 'n_units_l2': 352, 'n_units_l3': 1024, 'n_units_l4': 960, 'n_units_l5': 2432, 'n_units_l6': 2976, 'n_units_l7': 3808, 'n_units_l8': 1888, 'n_units_l9': 672, 'n_units_l10': 160, 'lr': 0.0026234662069036644}. Best is trial 29 with value: 4.505351145373732.
[I 2025-03-22 22:29:12,275] Trial 80 pruned. 
[I 2025-03-22 22:29:16,803] Trial 81 pruned. 
[I 2025-03-22 22:29:20,231] Trial 82 pruned. 
[I 2025-03-22 22:35:31,867] Trial 21 finished with value: 87.70670342557226 and parameters: {'n_units_l0': 2752, 'n_units_l1': 3456, 'n_units_l2': 2240, 'n_units_l3': 3936, 'n_units_l4': 64, 'n_units_l5': 1344, 'n_units_l6': 672, 'n_units_l7': 3872, 'n_units_l8': 608, 'n_units_l9': 3936, 'n_units_l10': 4096, 'n_units_l11': 2272, 'lr': 0.001224529365384046}. Best is trial 20 with value: 5.648809491960337.
[I 2025-03-22 22:36:15,835] Trial 83 finished with value: 5.854846328577126 and parameters: {'n_units_l0': 1888, 'n_units_l1': 2144, 'n_units_l2': 4096, 'n_units_l3': 672, 'n_units_l4': 2528, 'n_units_l5': 1792, 'n_units_l6': 3744, 'n_units_l7': 3712, 'n_units_l8': 960, 'n_units_l9': 1440, 'n_units_l10': 576, 'lr': 0.0012134451818788454}. Best is trial 29 with value: 4.505351145373732.
[I 2025-03-22 22:36:20,169] Trial 84 pruned. 
[I 2025-03-22 22:36:23,602] Trial 85 pruned. 
[I 2025-03-22 22:36:35,166] Trial 86 pruned. 
[I 2025-03-22 22:36:43,367] Trial 87 pruned. 
[I 2025-03-22 22:36:46,609] Trial 88 pruned. 
[I 2025-03-22 22:36:48,999] Trial 89 pruned. 
[I 2025-03-22 22:36:52,515] Trial 90 pruned. 
[I 2025-03-22 22:42:57,322] Trial 22 finished with value: 125.01373413312209 and parameters: {'n_units_l0': 1632, 'n_units_l1': 3424, 'n_units_l2': 1536, 'n_units_l3': 3296, 'n_units_l4': 576, 'n_units_l5': 544, 'n_units_l6': 1952, 'n_units_l7': 3232, 'n_units_l8': 1120, 'n_units_l9': 3552, 'n_units_l10': 3520, 'n_units_l11': 1568, 'lr': 0.014366548091899056}. Best is trial 20 with value: 5.648809491960337.
[I 2025-03-22 22:43:35,020] Trial 91 finished with value: 15.718649732446142 and parameters: {'n_units_l0': 1952, 'n_units_l1': 1696, 'n_units_l2': 960, 'n_units_l3': 1792, 'n_units_l4': 2272, 'n_units_l5': 2368, 'n_units_l6': 3680, 'n_units_l7': 4000, 'n_units_l8': 864, 'n_units_l9': 1408, 'n_units_l10': 960, 'lr': 0.00023010749222724124}. Best is trial 29 with value: 4.505351145373732.
[I 2025-03-22 22:44:31,799] Trial 92 pruned. 
[I 2025-03-22 22:44:36,108] Trial 93 pruned. 
[I 2025-03-22 22:44:43,344] Trial 94 pruned. 
[I 2025-03-22 22:44:47,499] Trial 95 pruned. 
[I 2025-03-22 22:44:51,531] Trial 96 pruned. 
[I 2025-03-22 22:45:33,303] Trial 97 pruned. 
[I 2025-03-22 22:45:41,361] Trial 98 pruned. 
[I 2025-03-22 22:45:44,767] Trial 99 pruned. 
[I 2025-03-22 22:45:45,121] A new study created in memory with name: no-name-2c95a09f-ef10-4285-a410-efc49dfa9cbd
[I 2025-03-22 22:48:46,441] Trial 0 finished with value: 6.963575255020311 and parameters: {'n_units_l0': 2528, 'n_units_l1': 3616, 'lr': 0.0018613262399490317}. Best is trial 0 with value: 6.963575255020311.
[I 2025-03-22 22:49:13,847] Trial 23 finished with value: 125.02144743722668 and parameters: {'n_units_l0': 2752, 'n_units_l1': 2656, 'n_units_l2': 2080, 'n_units_l3': 3136, 'n_units_l4': 480, 'n_units_l5': 1696, 'n_units_l6': 576, 'n_units_l7': 3744, 'n_units_l8': 448, 'n_units_l9': 2432, 'n_units_l10': 3168, 'n_units_l11': 2432, 'lr': 0.0167230963651164}. Best is trial 20 with value: 5.648809491960337.
[I 2025-03-22 22:51:48,406] Trial 1 finished with value: 12.671972495478286 and parameters: {'n_units_l0': 1120, 'n_units_l1': 416, 'lr': 0.012255140776816381}. Best is trial 0 with value: 6.963575255020311.
[I 2025-03-22 22:54:49,536] Trial 2 finished with value: 10.85181533372712 and parameters: {'n_units_l0': 64, 'n_units_l1': 608, 'lr': 0.0035921432664768175}. Best is trial 0 with value: 6.963575255020311.
[I 2025-03-22 22:56:10,320] Trial 24 finished with value: 11.143265073370822 and parameters: {'n_units_l0': 1728, 'n_units_l1': 3584, 'n_units_l2': 2208, 'n_units_l3': 4096, 'n_units_l4': 832, 'n_units_l5': 576, 'n_units_l6': 1248, 'n_units_l7': 3136, 'n_units_l8': 832, 'n_units_l9': 1696, 'n_units_l10': 3904, 'n_units_l11': 1184, 'lr': 0.00083147897558979}. Best is trial 20 with value: 5.648809491960337.
[I 2025-03-22 22:57:50,056] Trial 3 finished with value: 15.271704908041661 and parameters: {'n_units_l0': 2816, 'n_units_l1': 800, 'lr': 0.004034844707573693}. Best is trial 0 with value: 6.963575255020311.
[I 2025-03-22 23:00:50,664] Trial 4 finished with value: 13.92842544409795 and parameters: {'n_units_l0': 352, 'n_units_l1': 3840, 'lr': 0.009763447792408876}. Best is trial 0 with value: 6.963575255020311.
[I 2025-03-22 23:00:52,508] Trial 5 pruned. 
[I 2025-03-22 23:00:57,953] Trial 6 pruned. 
[I 2025-03-22 23:00:59,766] Trial 7 pruned. 
[I 2025-03-22 23:01:05,180] Trial 8 pruned. 
[I 2025-03-22 23:01:10,465] Trial 9 pruned. 
[I 2025-03-22 23:01:16,199] Trial 10 pruned. 
[I 2025-03-22 23:01:23,489] Trial 11 pruned. 
[I 2025-03-22 23:01:28,816] Trial 12 pruned. 
[I 2025-03-22 23:01:30,705] Trial 13 pruned. 
[I 2025-03-22 23:01:36,221] Trial 14 pruned. 
[I 2025-03-22 23:01:38,061] Trial 15 pruned. 
[I 2025-03-22 23:01:39,932] Trial 16 pruned. 
[I 2025-03-22 23:01:41,773] Trial 17 pruned. 
[I 2025-03-22 23:01:47,093] Trial 18 pruned. 
[I 2025-03-22 23:01:50,813] Trial 19 pruned. 
[I 2025-03-22 23:01:52,592] Trial 20 pruned. 
[I 2025-03-22 23:01:56,213] Trial 21 pruned. 
[I 2025-03-22 23:02:03,413] Trial 22 pruned. 
[I 2025-03-22 23:02:14,127] Trial 23 pruned. 
[I 2025-03-22 23:02:15,877] Trial 24 pruned. 
[I 2025-03-22 23:02:23,311] Trial 25 pruned. 
[I 2025-03-22 23:02:25,144] Trial 26 pruned. 
[I 2025-03-22 23:02:30,489] Trial 27 pruned. 
[I 2025-03-22 23:02:32,340] Trial 28 pruned. 
[I 2025-03-22 23:02:34,059] Trial 29 pruned. 
[I 2025-03-22 23:02:35,904] Trial 30 pruned. 
[I 2025-03-22 23:02:43,074] Trial 31 pruned. 
[I 2025-03-22 23:02:50,231] Trial 32 pruned. 
[I 2025-03-22 23:02:52,001] Trial 33 pruned. 
[I 2025-03-22 23:02:59,249] Trial 34 pruned. 
[I 2025-03-22 23:03:04,588] Trial 35 pruned. 
[I 2025-03-22 23:03:06,474] Trial 36 pruned. 
[I 2025-03-22 23:03:08,357] Trial 37 pruned. 
[I 2025-03-22 23:03:10,165] Trial 38 pruned. 
[I 2025-03-22 23:03:12,072] Trial 39 pruned. 
[I 2025-03-22 23:03:19,395] Trial 40 pruned. 
[I 2025-03-22 23:03:21,262] Trial 41 pruned. 
[I 2025-03-22 23:03:23,049] Trial 42 pruned. 
[I 2025-03-22 23:03:24,887] Trial 43 pruned. 
[I 2025-03-22 23:03:26,728] Trial 44 pruned. 
[I 2025-03-22 23:03:37,651] Trial 45 pruned. 
[I 2025-03-22 23:03:39,570] Trial 46 pruned. 
[I 2025-03-22 23:03:41,427] Trial 47 pruned. 
[I 2025-03-22 23:03:46,814] Trial 48 pruned. 
[I 2025-03-22 23:03:48,714] Trial 49 pruned. 
[I 2025-03-22 23:03:50,628] Trial 50 pruned. 
[I 2025-03-22 23:03:58,017] Trial 51 pruned. 
[I 2025-03-22 23:03:59,902] Trial 52 pruned. 
[I 2025-03-22 23:04:03,479] Trial 53 pruned. 
[I 2025-03-22 23:04:08,919] Trial 54 pruned. 
[I 2025-03-22 23:04:10,699] Trial 55 pruned. 
[I 2025-03-22 23:04:16,018] Trial 56 pruned. 
[I 2025-03-22 23:04:17,838] Trial 57 pruned. 
[I 2025-03-22 23:04:24,950] Trial 58 pruned. 
[I 2025-03-22 23:04:30,549] Trial 59 pruned. 
[I 2025-03-22 23:04:35,962] Trial 60 pruned. 
[I 2025-03-22 23:04:37,683] Trial 61 pruned. 
[I 2025-03-22 23:04:43,062] Trial 62 pruned. 
[I 2025-03-22 23:04:50,279] Trial 25 finished with value: 13.645322261975625 and parameters: {'n_units_l0': 2496, 'n_units_l1': 3712, 'n_units_l2': 2944, 'n_units_l3': 4064, 'n_units_l4': 896, 'n_units_l5': 1184, 'n_units_l6': 1184, 'n_units_l7': 3232, 'n_units_l8': 1280, 'n_units_l9': 2912, 'n_units_l10': 3808, 'n_units_l11': 32, 'lr': 0.0009985027634928508}. Best is trial 20 with value: 5.648809491960337.
[I 2025-03-22 23:04:55,633] Trial 63 pruned. 
[I 2025-03-22 23:05:03,022] Trial 64 pruned. 
[I 2025-03-22 23:08:03,709] Trial 65 finished with value: 10.09346794178304 and parameters: {'n_units_l0': 32, 'n_units_l1': 1856, 'lr': 0.005390450128759067}. Best is trial 0 with value: 6.963575255020311.
[I 2025-03-22 23:08:09,128] Trial 66 pruned. 
[I 2025-03-22 23:08:11,279] Trial 26 finished with value: 125.01652057743195 and parameters: {'n_units_l0': 2080, 'n_units_l1': 2752, 'n_units_l2': 992, 'n_units_l3': 3808, 'n_units_l4': 128, 'n_units_l5': 2112, 'n_units_l6': 512, 'n_units_l7': 2528, 'n_units_l8': 352, 'n_units_l9': 1792, 'n_units_l10': 32, 'n_units_l11': 1216, 'lr': 0.04170716037275643}. Best is trial 20 with value: 5.648809491960337.
[I 2025-03-22 23:08:12,700] Trial 67 pruned. 
[I 2025-03-22 23:08:19,985] Trial 68 pruned. 
[I 2025-03-22 23:08:27,117] Trial 69 pruned. 
[I 2025-03-22 23:08:28,974] Trial 70 pruned. 
[I 2025-03-22 23:08:36,061] Trial 71 pruned. 
[I 2025-03-22 23:08:43,294] Trial 72 pruned. 
[I 2025-03-22 23:08:46,936] Trial 73 pruned. 
[I 2025-03-22 23:08:50,469] Trial 74 pruned. 
[I 2025-03-22 23:08:54,021] Trial 75 pruned. 
[I 2025-03-22 23:08:55,963] Trial 76 pruned. 
[I 2025-03-22 23:08:57,713] Trial 77 pruned. 
[I 2025-03-22 23:08:59,583] Trial 78 pruned. 
[I 2025-03-22 23:09:01,436] Trial 79 pruned. 
[I 2025-03-22 23:09:03,280] Trial 80 pruned. 
[I 2025-03-22 23:09:08,692] Trial 81 pruned. 
[I 2025-03-22 23:09:10,610] Trial 82 pruned. 
[I 2025-03-22 23:09:14,192] Trial 83 pruned. 
[I 2025-03-22 23:09:24,993] Trial 84 pruned. 
[I 2025-03-22 23:09:28,648] Trial 85 pruned. 
[I 2025-03-22 23:09:32,250] Trial 86 pruned. 
[I 2025-03-22 23:09:35,902] Trial 87 pruned. 
[I 2025-03-22 23:09:37,794] Trial 88 pruned. 
[I 2025-03-22 23:09:39,540] Trial 89 pruned. 
[I 2025-03-22 23:09:41,379] Trial 90 pruned. 
[I 2025-03-22 23:09:44,951] Trial 91 pruned. 
[I 2025-03-22 23:09:48,568] Trial 92 pruned. 
[I 2025-03-22 23:09:50,413] Trial 93 pruned. 
[I 2025-03-22 23:09:52,329] Trial 94 pruned. 
[I 2025-03-22 23:09:57,630] Trial 95 pruned. 
[I 2025-03-22 23:10:08,652] Trial 96 pruned. 
[I 2025-03-22 23:10:12,307] Trial 97 pruned. 
[I 2025-03-22 23:10:23,181] Trial 98 pruned. 
[I 2025-03-22 23:10:28,551] Trial 99 pruned. 
[I 2025-03-22 23:10:28,905] A new study created in memory with name: no-name-c2cce22a-27e7-4a51-85a2-aa96d6a5a614
[I 2025-03-22 23:13:41,475] Trial 0 finished with value: 124.67802947198112 and parameters: {'n_units_l0': 3936, 'n_units_l1': 288, 'n_units_l2': 3008, 'lr': 0.07454918540095055}. Best is trial 0 with value: 124.67802947198112.
[I 2025-03-22 23:15:21,835] Trial 27 finished with value: 125.01144281576744 and parameters: {'n_units_l0': 2944, 'n_units_l1': 2176, 'n_units_l2': 2496, 'n_units_l3': 2368, 'n_units_l4': 1472, 'n_units_l5': 1824, 'n_units_l6': 992, 'n_units_l7': 3168, 'n_units_l8': 768, 'n_units_l9': 3648, 'n_units_l10': 3776, 'n_units_l11': 480, 'lr': 0.01791557121290677}. Best is trial 20 with value: 5.648809491960337.
[I 2025-03-22 23:16:54,872] Trial 1 finished with value: 124.68277330243359 and parameters: {'n_units_l0': 2112, 'n_units_l1': 704, 'n_units_l2': 928, 'lr': 0.07752815768655641}. Best is trial 0 with value: 124.67802947198112.
[I 2025-03-22 23:22:02,595] Trial 2 finished with value: 124.69795488419703 and parameters: {'n_units_l0': 3360, 'n_units_l1': 3296, 'n_units_l2': 3616, 'lr': 0.09011062098484077}. Best is trial 0 with value: 124.67802947198112.
[I 2025-03-22 23:22:53,564] Trial 28 finished with value: 18.510112516906865 and parameters: {'n_units_l0': 1824, 'n_units_l1': 3264, 'n_units_l2': 928, 'n_units_l3': 2976, 'n_units_l4': 864, 'n_units_l5': 480, 'n_units_l6': 1408, 'n_units_l7': 3936, 'n_units_l8': 1984, 'n_units_l9': 3232, 'n_units_l10': 3872, 'n_units_l11': 1056, 'lr': 0.00016917364144802943}. Best is trial 20 with value: 5.648809491960337.
[I 2025-03-22 23:25:15,214] Trial 3 finished with value: 124.6805163547807 and parameters: {'n_units_l0': 2592, 'n_units_l1': 480, 'n_units_l2': 3360, 'lr': 0.0993779420834495}. Best is trial 0 with value: 124.67802947198112.
[I 2025-03-22 23:28:30,991] Trial 4 finished with value: 11.69032315632498 and parameters: {'n_units_l0': 672, 'n_units_l1': 3872, 'n_units_l2': 2624, 'lr': 0.018402522138934365}. Best is trial 4 with value: 11.69032315632498.
[I 2025-03-22 23:29:10,043] Trial 29 finished with value: 125.02196560980418 and parameters: {'n_units_l0': 2464, 'n_units_l1': 2880, 'n_units_l2': 1888, 'n_units_l3': 3584, 'n_units_l4': 416, 'n_units_l5': 2400, 'n_units_l6': 1568, 'n_units_l7': 3520, 'n_units_l8': 32, 'n_units_l9': 2432, 'n_units_l10': 3040, 'n_units_l11': 928, 'lr': 0.0305184453980096}. Best is trial 20 with value: 5.648809491960337.
[I 2025-03-22 23:31:49,084] Trial 5 finished with value: 5.033254489754934 and parameters: {'n_units_l0': 2400, 'n_units_l1': 2528, 'n_units_l2': 3648, 'lr': 0.0017285630086633012}. Best is trial 5 with value: 5.033254489754934.
[I 2025-03-22 23:31:50,951] Trial 6 pruned. 
[I 2025-03-22 23:34:44,902] Trial 30 finished with value: 125.01233984644122 and parameters: {'n_units_l0': 1312, 'n_units_l1': 3776, 'n_units_l2': 1600, 'n_units_l3': 4096, 'n_units_l4': 992, 'n_units_l5': 1120, 'n_units_l6': 832, 'n_units_l7': 2688, 'n_units_l8': 1632, 'n_units_l9': 480, 'n_units_l10': 2592, 'n_units_l11': 1440, 'lr': 0.011949003807961107}. Best is trial 20 with value: 5.648809491960337.
[I 2025-03-22 23:34:49,975] Trial 31 pruned. 
[I 2025-03-22 23:35:05,797] Trial 7 finished with value: 124.67107163319119 and parameters: {'n_units_l0': 2752, 'n_units_l1': 2784, 'n_units_l2': 2144, 'lr': 0.04021431974635384}. Best is trial 5 with value: 5.033254489754934.
[I 2025-03-22 23:38:19,231] Trial 8 finished with value: 20.633293311242173 and parameters: {'n_units_l0': 2112, 'n_units_l1': 896, 'n_units_l2': 512, 'lr': 0.006667435645713615}. Best is trial 5 with value: 5.033254489754934.
[I 2025-03-22 23:38:21,184] Trial 9 pruned. 
[I 2025-03-22 23:41:35,381] Trial 10 finished with value: 37.22836998804414 and parameters: {'n_units_l0': 1408, 'n_units_l1': 1632, 'n_units_l2': 3904, 'lr': 0.024672168213845526}. Best is trial 5 with value: 5.033254489754934.
[I 2025-03-22 23:44:03,522] Trial 32 finished with value: 11.345331444631885 and parameters: {'n_units_l0': 2688, 'n_units_l1': 3616, 'n_units_l2': 3040, 'n_units_l3': 3744, 'n_units_l4': 1024, 'n_units_l5': 1504, 'n_units_l6': 1152, 'n_units_l7': 3072, 'n_units_l8': 1216, 'n_units_l9': 3616, 'n_units_l10': 3712, 'n_units_l11': 288, 'lr': 0.00034485157353665444}. Best is trial 20 with value: 5.648809491960337.
[I 2025-03-22 23:44:09,224] Trial 33 pruned. 
