[I 2025-03-22 00:19:33,476] Trial 48 finished with value: 125.26096845066587 and parameters: {'n_units_l0': 2720, 'n_units_l1': 2336, 'n_units_l2': 2720, 'n_units_l3': 2336, 'n_units_l4': 608, 'n_units_l5': 192, 'n_units_l6': 960, 'n_units_l7': 1632, 'n_units_l8': 1536, 'n_units_l9': 96, 'n_units_l10': 3040, 'lr': 0.06819439127847128}. Best is trial 26 with value: 21.68902841574288.
[I 2025-03-22 00:19:33,879] Trial 49 pruned. 
[I 2025-03-22 00:19:34,493] Trial 34 finished with value: 36.69384483532383 and parameters: {'n_units_l0': 1664, 'n_units_l1': 640, 'n_units_l2': 320, 'n_units_l3': 3168, 'n_units_l4': 736, 'n_units_l5': 2624, 'n_units_l6': 864, 'n_units_l7': 2464, 'n_units_l8': 1312, 'n_units_l9': 3232, 'n_units_l10': 2528, 'n_units_l11': 1408, 'lr': 0.004654961034689761}. Best is trial 25 with value: 21.341183502813657.
[I 2025-03-22 00:19:34,751] Trial 35 pruned. 
[I 2025-03-22 00:19:44,855] Trial 36 finished with value: 124.19953483210452 and parameters: {'n_units_l0': 2240, 'n_units_l1': 128, 'n_units_l2': 800, 'n_units_l3': 2304, 'n_units_l4': 1952, 'n_units_l5': 2144, 'n_units_l6': 512, 'n_units_l7': 2592, 'n_units_l8': 256, 'n_units_l9': 2592, 'n_units_l10': 2528, 'n_units_l11': 928, 'lr': 0.007090734458897963}. Best is trial 25 with value: 21.341183502813657.
[I 2025-03-22 00:19:45,131] Trial 37 pruned. 
[I 2025-03-22 00:19:53,531] Trial 50 finished with value: 44.74065423090466 and parameters: {'n_units_l0': 1376, 'n_units_l1': 2688, 'n_units_l2': 3168, 'n_units_l3': 2624, 'n_units_l4': 2304, 'n_units_l5': 2112, 'n_units_l6': 1920, 'n_units_l7': 3840, 'n_units_l8': 2368, 'n_units_l9': 1664, 'n_units_l10': 704, 'lr': 0.0035972978036079408}. Best is trial 26 with value: 21.68902841574288.
[I 2025-03-22 00:19:54,064] Trial 51 pruned. 
[I 2025-03-22 00:19:55,411] Trial 52 pruned. 
[I 2025-03-22 00:20:03,407] Trial 38 finished with value: 124.16296719443376 and parameters: {'n_units_l0': 3328, 'n_units_l1': 32, 'n_units_l2': 288, 'n_units_l3': 2624, 'n_units_l4': 3744, 'n_units_l5': 3584, 'n_units_l6': 2016, 'n_units_l7': 3424, 'n_units_l8': 1248, 'n_units_l9': 3040, 'n_units_l10': 1408, 'n_units_l11': 1312, 'lr': 0.005555924480457366}. Best is trial 25 with value: 21.341183502813657.
[I 2025-03-22 00:20:03,807] Trial 39 pruned. 
[I 2025-03-22 00:20:04,165] Trial 40 pruned. 
[I 2025-03-22 00:20:14,884] Trial 53 finished with value: 68.47720165693327 and parameters: {'n_units_l0': 1472, 'n_units_l1': 3328, 'n_units_l2': 3296, 'n_units_l3': 2336, 'n_units_l4': 2688, 'n_units_l5': 2048, 'n_units_l6': 1344, 'n_units_l7': 3840, 'n_units_l8': 2144, 'n_units_l9': 1312, 'n_units_l10': 512, 'lr': 3.860289447197608e-05}. Best is trial 26 with value: 21.68902841574288.
[I 2025-03-22 00:20:14,932] Trial 41 finished with value: 37.1315516372014 and parameters: {'n_units_l0': 1568, 'n_units_l1': 256, 'n_units_l2': 32, 'n_units_l3': 3904, 'n_units_l4': 1024, 'n_units_l5': 2144, 'n_units_l6': 1280, 'n_units_l7': 2496, 'n_units_l8': 1408, 'n_units_l9': 1536, 'n_units_l10': 2368, 'n_units_l11': 1696, 'lr': 0.001026645988613534}. Best is trial 25 with value: 21.341183502813657.
[I 2025-03-22 00:20:15,375] Trial 54 pruned. 
[I 2025-03-22 00:20:15,807] Trial 55 pruned. 
[I 2025-03-22 00:20:16,275] Trial 56 pruned. 
[I 2025-03-22 00:20:16,643] Trial 57 pruned. 
[I 2025-03-22 00:20:17,219] Trial 58 pruned. 
[I 2025-03-22 00:20:18,646] Trial 59 pruned. 
[I 2025-03-22 00:20:20,250] Trial 60 pruned. 
[I 2025-03-22 00:20:26,421] Trial 42 finished with value: 124.12512952988538 and parameters: {'n_units_l0': 1024, 'n_units_l1': 416, 'n_units_l2': 32, 'n_units_l3': 3840, 'n_units_l4': 1056, 'n_units_l5': 2176, 'n_units_l6': 1792, 'n_units_l7': 2400, 'n_units_l8': 1344, 'n_units_l9': 1472, 'n_units_l10': 2528, 'n_units_l11': 1664, 'lr': 0.012228847726988047}. Best is trial 25 with value: 21.341183502813657.
[I 2025-03-22 00:20:27,000] Trial 43 pruned. 
[I 2025-03-22 00:20:27,298] Trial 44 pruned. 
[I 2025-03-22 00:20:37,873] Trial 45 finished with value: 124.09363050846059 and parameters: {'n_units_l0': 2208, 'n_units_l1': 1024, 'n_units_l2': 32, 'n_units_l3': 3872, 'n_units_l4': 1376, 'n_units_l5': 1888, 'n_units_l6': 640, 'n_units_l7': 2272, 'n_units_l8': 992, 'n_units_l9': 1472, 'n_units_l10': 2848, 'n_units_l11': 1504, 'lr': 0.00477925512835416}. Best is trial 25 with value: 21.341183502813657.
[I 2025-03-22 00:20:38,226] Trial 46 pruned. 
[I 2025-03-22 00:20:38,316] Trial 61 finished with value: 33.88497537040081 and parameters: {'n_units_l0': 2016, 'n_units_l1': 3456, 'n_units_l2': 3136, 'n_units_l3': 2336, 'n_units_l4': 2720, 'n_units_l5': 320, 'n_units_l6': 1152, 'n_units_l7': 4064, 'n_units_l8': 2944, 'n_units_l9': 576, 'n_units_l10': 864, 'lr': 0.0006497056955112668}. Best is trial 26 with value: 21.68902841574288.
[I 2025-03-22 00:20:38,602] Trial 47 pruned. 
[I 2025-03-22 00:20:38,766] Trial 62 pruned. 
[I 2025-03-22 00:20:38,918] Trial 48 pruned. 
[I 2025-03-22 00:20:39,160] Trial 63 pruned. 
[I 2025-03-22 00:20:39,366] Trial 49 pruned. 
[I 2025-03-22 00:20:39,804] Trial 50 pruned. 
[I 2025-03-22 00:20:40,681] Trial 51 pruned. 
[I 2025-03-22 00:20:41,258] Trial 52 pruned. 
[I 2025-03-22 00:20:41,601] Trial 53 pruned. 
[I 2025-03-22 00:20:57,964] Trial 54 finished with value: 36.36148288912352 and parameters: {'n_units_l0': 928, 'n_units_l1': 2912, 'n_units_l2': 1664, 'n_units_l3': 3488, 'n_units_l4': 736, 'n_units_l5': 2880, 'n_units_l6': 1664, 'n_units_l7': 1952, 'n_units_l8': 1664, 'n_units_l9': 1152, 'n_units_l10': 3584, 'n_units_l11': 2816, 'lr': 0.0007712207028538089}. Best is trial 25 with value: 21.341183502813657.
[I 2025-03-22 00:20:58,842] Trial 55 pruned. 
[I 2025-03-22 00:20:59,253] Trial 56 pruned. 
[I 2025-03-22 00:21:00,186] Trial 57 pruned. 
[I 2025-03-22 00:21:00,571] Trial 58 pruned. 
[I 2025-03-22 00:21:00,890] Trial 59 pruned. 
[I 2025-03-22 00:21:01,394] Trial 64 finished with value: 79.79465804399044 and parameters: {'n_units_l0': 1760, 'n_units_l1': 3808, 'n_units_l2': 3520, 'n_units_l3': 2144, 'n_units_l4': 2304, 'n_units_l5': 2240, 'n_units_l6': 992, 'n_units_l7': 3520, 'n_units_l8': 3072, 'n_units_l9': 2112, 'n_units_l10': 1056, 'lr': 2.2200484177256228e-05}. Best is trial 26 with value: 21.68902841574288.
[I 2025-03-22 00:21:01,474] Trial 60 pruned. 
[I 2025-03-22 00:21:01,986] Trial 65 pruned. 
[I 2025-03-22 00:21:02,368] Trial 66 pruned. 
[I 2025-03-22 00:21:02,693] Trial 67 pruned. 
[I 2025-03-22 00:21:03,040] Trial 68 pruned. 
[I 2025-03-22 00:21:03,683] Trial 69 pruned. 
[I 2025-03-22 00:21:04,151] Trial 70 pruned. 
[I 2025-03-22 00:21:13,938] Trial 61 finished with value: 13.089714955222185 and parameters: {'n_units_l0': 832, 'n_units_l1': 2048, 'n_units_l2': 928, 'n_units_l3': 4064, 'n_units_l4': 928, 'n_units_l5': 2656, 'n_units_l6': 1504, 'n_units_l7': 2304, 'n_units_l8': 1568, 'n_units_l9': 256, 'n_units_l10': 2752, 'n_units_l11': 2336, 'lr': 0.00015549633264067464}. Best is trial 61 with value: 13.089714955222185.
[I 2025-03-22 00:21:14,252] Trial 62 pruned. 
[I 2025-03-22 00:21:15,112] Trial 63 pruned. 
[I 2025-03-22 00:21:15,445] Trial 64 pruned. 
[I 2025-03-22 00:21:16,039] Trial 65 pruned. 
[I 2025-03-22 00:21:17,008] Trial 66 pruned. 
[I 2025-03-22 00:21:17,362] Trial 67 pruned. 
[I 2025-03-22 00:21:17,670] Trial 68 pruned. 
[I 2025-03-22 00:21:17,910] Trial 69 pruned. 
[I 2025-03-22 00:21:18,287] Trial 70 pruned. 
[I 2025-03-22 00:21:18,561] Trial 71 finished with value: 69.33702016899689 and parameters: {'n_units_l0': 3296, 'n_units_l1': 3648, 'n_units_l2': 224, 'n_units_l3': 2848, 'n_units_l4': 3328, 'n_units_l5': 544, 'n_units_l6': 1184, 'n_units_l7': 2528, 'n_units_l8': 2656, 'n_units_l9': 960, 'n_units_l10': 1216, 'lr': 0.00011267614583582045}. Best is trial 26 with value: 21.68902841574288.
[I 2025-03-22 00:21:19,183] Trial 72 pruned. 
[I 2025-03-22 00:21:19,703] Trial 73 pruned. 
[I 2025-03-22 00:21:20,015] Trial 74 pruned. 
[I 2025-03-22 00:21:20,970] Trial 75 pruned. 
[I 2025-03-22 00:21:21,479] Trial 76 pruned. 
[I 2025-03-22 00:21:22,105] Trial 77 pruned. 
[I 2025-03-22 00:21:22,603] Trial 78 pruned. 
[I 2025-03-22 00:21:23,191] Trial 79 pruned. 
[I 2025-03-22 00:21:23,938] Trial 80 pruned. 
[I 2025-03-22 00:21:31,689] Trial 71 finished with value: 36.94924201242018 and parameters: {'n_units_l0': 1440, 'n_units_l1': 2112, 'n_units_l2': 1120, 'n_units_l3': 3616, 'n_units_l4': 1312, 'n_units_l5': 2720, 'n_units_l6': 1472, 'n_units_l7': 2496, 'n_units_l8': 1184, 'n_units_l9': 128, 'n_units_l10': 2816, 'n_units_l11': 2336, 'lr': 0.0025110233383301267}. Best is trial 61 with value: 13.089714955222185.
[I 2025-03-22 00:21:32,395] Trial 72 pruned. 
[I 2025-03-22 00:21:32,875] Trial 73 pruned. 
[I 2025-03-22 00:21:33,260] Trial 74 pruned. 
[I 2025-03-22 00:21:33,997] Trial 75 pruned. 
[I 2025-03-22 00:21:34,295] Trial 76 pruned. 
[I 2025-03-22 00:21:37,864] Trial 81 finished with value: 69.7783704197446 and parameters: {'n_units_l0': 2976, 'n_units_l1': 3680, 'n_units_l2': 256, 'n_units_l3': 2880, 'n_units_l4': 3328, 'n_units_l5': 512, 'n_units_l6': 1120, 'n_units_l7': 2496, 'n_units_l8': 2656, 'n_units_l9': 992, 'n_units_l10': 1248, 'lr': 8.1275474204474e-05}. Best is trial 26 with value: 21.68902841574288.
[I 2025-03-22 00:21:38,343] Trial 82 pruned. 
[I 2025-03-22 00:21:45,515] Trial 77 finished with value: 124.1644313463178 and parameters: {'n_units_l0': 2080, 'n_units_l1': 3360, 'n_units_l2': 288, 'n_units_l3': 3008, 'n_units_l4': 448, 'n_units_l5': 3264, 'n_units_l6': 608, 'n_units_l7': 3040, 'n_units_l8': 1568, 'n_units_l9': 960, 'n_units_l10': 1472, 'n_units_l11': 2656, 'lr': 0.005430639727930666}. Best is trial 61 with value: 13.089714955222185.
[I 2025-03-22 00:21:45,939] Trial 78 pruned. 
[I 2025-03-22 00:21:46,358] Trial 79 pruned. 
[I 2025-03-22 00:21:46,602] Trial 80 pruned. 
[I 2025-03-22 00:21:46,944] Trial 81 pruned. 
[I 2025-03-22 00:21:47,275] Trial 82 pruned. 
[I 2025-03-22 00:21:47,867] Trial 83 pruned. 
[I 2025-03-22 00:21:53,006] Trial 83 finished with value: 67.1076502028865 and parameters: {'n_units_l0': 3296, 'n_units_l1': 3648, 'n_units_l2': 96, 'n_units_l3': 2816, 'n_units_l4': 3648, 'n_units_l5': 768, 'n_units_l6': 896, 'n_units_l7': 2752, 'n_units_l8': 2816, 'n_units_l9': 640, 'n_units_l10': 2048, 'lr': 0.00022060189831820114}. Best is trial 26 with value: 21.68902841574288.
[I 2025-03-22 00:21:53,213] Trial 84 pruned. 
[I 2025-03-22 00:21:53,949] Trial 85 pruned. 
[I 2025-03-22 00:21:54,285] Trial 86 pruned. 
[I 2025-03-22 00:21:55,039] Trial 87 pruned. 
[I 2025-03-22 00:21:55,434] Trial 88 pruned. 
[I 2025-03-22 00:21:56,045] Trial 89 pruned. 
[I 2025-03-22 00:21:56,386] Trial 90 pruned. 
[I 2025-03-22 00:21:59,170] Trial 84 finished with value: 124.07580841265724 and parameters: {'n_units_l0': 928, 'n_units_l1': 1600, 'n_units_l2': 608, 'n_units_l3': 4096, 'n_units_l4': 1024, 'n_units_l5': 2496, 'n_units_l6': 1568, 'n_units_l7': 2080, 'n_units_l8': 1024, 'n_units_l9': 32, 'n_units_l10': 2272, 'n_units_l11': 2976, 'lr': 0.009591680464311}. Best is trial 61 with value: 13.089714955222185.
[I 2025-03-22 00:21:59,490] Trial 85 pruned. 
[I 2025-03-22 00:21:59,854] Trial 86 pruned. 
[I 2025-03-22 00:22:00,158] Trial 87 pruned. 
[I 2025-03-22 00:22:00,750] Trial 88 pruned. 
[I 2025-03-22 00:22:01,167] Trial 89 pruned. 
[I 2025-03-22 00:22:01,449] Trial 90 pruned. 
[I 2025-03-22 00:22:01,959] Trial 91 pruned. 
[I 2025-03-22 00:22:02,511] Trial 92 pruned. 
[I 2025-03-22 00:22:02,839] Trial 93 pruned. 
[I 2025-03-22 00:22:03,109] Trial 94 pruned. 
[I 2025-03-22 00:22:10,659] Trial 91 finished with value: 69.4856353105098 and parameters: {'n_units_l0': 3296, 'n_units_l1': 3648, 'n_units_l2': 224, 'n_units_l3': 2848, 'n_units_l4': 3360, 'n_units_l5': 608, 'n_units_l6': 1216, 'n_units_l7': 2528, 'n_units_l8': 2560, 'n_units_l9': 928, 'n_units_l10': 768, 'lr': 0.00015930087829711334}. Best is trial 26 with value: 21.68902841574288.
[I 2025-03-22 00:22:11,126] Trial 92 pruned. 
[I 2025-03-22 00:22:11,510] Trial 93 pruned. 
[I 2025-03-22 00:22:12,008] Trial 94 pruned. 
[I 2025-03-22 00:22:12,432] Trial 95 pruned. 
[I 2025-03-22 00:22:12,935] Trial 96 pruned. 
[I 2025-03-22 00:22:13,565] Trial 97 pruned. 
[I 2025-03-22 00:22:14,090] Trial 98 pruned. 
[I 2025-03-22 00:22:14,597] Trial 99 pruned. 
[I 2025-03-22 00:22:14,622] A new study created in memory with name: no-name-a121227e-285e-44f2-9bb8-8f0a16f1d6fa
[I 2025-03-22 00:22:15,565] Trial 95 finished with value: 124.10596225798277 and parameters: {'n_units_l0': 1280, 'n_units_l1': 192, 'n_units_l2': 1280, 'n_units_l3': 3520, 'n_units_l4': 1504, 'n_units_l5': 2368, 'n_units_l6': 416, 'n_units_l7': 2112, 'n_units_l8': 3072, 'n_units_l9': 1088, 'n_units_l10': 2400, 'n_units_l11': 1792, 'lr': 0.002738272034234126}. Best is trial 61 with value: 13.089714955222185.
[I 2025-03-22 00:22:15,992] Trial 96 pruned. 
[I 2025-03-22 00:22:16,258] Trial 97 pruned. 
[I 2025-03-22 00:22:21,921] Trial 0 finished with value: 41.927425313218734 and parameters: {'n_units_l0': 1728, 'n_units_l1': 3808, 'lr': 0.03761111931369478}. Best is trial 0 with value: 41.927425313218734.
[I 2025-03-22 00:22:25,240] Trial 98 finished with value: 36.53526874425877 and parameters: {'n_units_l0': 1504, 'n_units_l1': 2112, 'n_units_l2': 736, 'n_units_l3': 3072, 'n_units_l4': 768, 'n_units_l5': 2720, 'n_units_l6': 896, 'n_units_l7': 1184, 'n_units_l8': 1568, 'n_units_l9': 288, 'n_units_l10': 1152, 'n_units_l11': 1952, 'lr': 0.0016035410891156853}. Best is trial 61 with value: 13.089714955222185.
[I 2025-03-22 00:22:25,533] Trial 99 pruned. 
[I 2025-03-22 00:22:25,558] A new study created in memory with name: no-name-99b2a7b5-1005-4baa-b2cc-18efbe5e2311
[I 2025-03-22 00:22:29,327] Trial 1 finished with value: 40.95902888772396 and parameters: {'n_units_l0': 1536, 'n_units_l1': 3456, 'lr': 0.03605531351455306}. Best is trial 1 with value: 40.95902888772396.
[I 2025-03-22 00:22:33,192] Trial 0 finished with value: 74.21017722547333 and parameters: {'n_units_l0': 160, 'n_units_l1': 3328, 'n_units_l2': 1504, 'lr': 0.008449925305377626}. Best is trial 0 with value: 74.21017722547333.
[I 2025-03-22 00:22:36,573] Trial 2 finished with value: 122.8911082029095 and parameters: {'n_units_l0': 3552, 'n_units_l1': 2464, 'lr': 0.09076695218770266}. Best is trial 1 with value: 40.95902888772396.
[I 2025-03-22 00:22:40,932] Trial 1 finished with value: 93.52378631544138 and parameters: {'n_units_l0': 1440, 'n_units_l1': 2368, 'n_units_l2': 2944, 'lr': 0.09860481633161433}. Best is trial 0 with value: 74.21017722547333.
[I 2025-03-22 00:22:43,880] Trial 3 finished with value: 30.40997287912656 and parameters: {'n_units_l0': 96, 'n_units_l1': 288, 'lr': 0.011418952671243016}. Best is trial 3 with value: 30.40997287912656.
[I 2025-03-22 00:22:48,470] Trial 2 finished with value: 42.15338998185912 and parameters: {'n_units_l0': 2816, 'n_units_l1': 800, 'n_units_l2': 3360, 'lr': 0.03924678167148411}. Best is trial 2 with value: 42.15338998185912.
[I 2025-03-22 00:22:51,192] Trial 4 finished with value: 36.9229077015339 and parameters: {'n_units_l0': 2208, 'n_units_l1': 4064, 'lr': 0.023334106083718272}. Best is trial 3 with value: 30.40997287912656.
[I 2025-03-22 00:22:51,276] Trial 5 pruned. 
[I 2025-03-22 00:22:51,367] Trial 6 pruned. 
[I 2025-03-22 00:22:52,736] Trial 7 pruned. 
[I 2025-03-22 00:22:52,943] Trial 8 pruned. 
[I 2025-03-22 00:22:53,034] Trial 9 pruned. 
[I 2025-03-22 00:22:53,535] Trial 10 pruned. 
[I 2025-03-22 00:22:53,756] Trial 11 pruned. 
[I 2025-03-22 00:22:53,863] Trial 12 pruned. 
[I 2025-03-22 00:22:53,947] Trial 13 pruned. 
[I 2025-03-22 00:22:54,049] Trial 14 pruned. 
[I 2025-03-22 00:22:54,211] Trial 15 pruned. 
[I 2025-03-22 00:22:54,306] Trial 16 pruned. 
[I 2025-03-22 00:22:54,404] Trial 17 pruned. 
[I 2025-03-22 00:22:56,004] Trial 3 finished with value: 126.14040393422259 and parameters: {'n_units_l0': 3264, 'n_units_l1': 352, 'n_units_l2': 2176, 'lr': 0.07726780958984755}. Best is trial 2 with value: 42.15338998185912.
[I 2025-03-22 00:23:01,647] Trial 18 finished with value: 41.72853194540782 and parameters: {'n_units_l0': 32, 'n_units_l1': 3456, 'lr': 0.02679327517528987}. Best is trial 3 with value: 30.40997287912656.
[I 2025-03-22 00:23:01,741] Trial 19 pruned. 
[I 2025-03-22 00:23:02,041] Trial 20 pruned. 
[I 2025-03-22 00:23:02,243] Trial 21 pruned. 
[I 2025-03-22 00:23:02,334] Trial 22 pruned. 
[I 2025-03-22 00:23:02,450] Trial 23 pruned. 
[I 2025-03-22 00:23:02,564] Trial 24 pruned. 
[I 2025-03-22 00:23:02,669] Trial 25 pruned. 
[I 2025-03-22 00:23:02,756] Trial 26 pruned. 
[I 2025-03-22 00:23:03,002] Trial 27 pruned. 
[I 2025-03-22 00:23:03,156] Trial 28 pruned. 
[I 2025-03-22 00:23:03,270] Trial 29 pruned. 
[I 2025-03-22 00:23:03,387] Trial 30 pruned. 
[I 2025-03-22 00:23:03,670] Trial 4 finished with value: 126.16207801147651 and parameters: {'n_units_l0': 2720, 'n_units_l1': 576, 'n_units_l2': 3840, 'lr': 0.09867390755372399}. Best is trial 2 with value: 42.15338998185912.
[I 2025-03-22 00:23:10,638] Trial 31 finished with value: 31.30905274562499 and parameters: {'n_units_l0': 224, 'n_units_l1': 3392, 'lr': 0.025194949382372725}. Best is trial 3 with value: 30.40997287912656.
[I 2025-03-22 00:23:10,727] Trial 32 pruned. 
[I 2025-03-22 00:23:10,816] Trial 33 pruned. 
[I 2025-03-22 00:23:11,049] Trial 34 pruned. 
[I 2025-03-22 00:23:11,165] Trial 35 pruned. 
[I 2025-03-22 00:23:11,248] Trial 5 finished with value: 50.44825707693264 and parameters: {'n_units_l0': 96, 'n_units_l1': 3456, 'n_units_l2': 1152, 'lr': 0.050982585279377636}. Best is trial 2 with value: 42.15338998185912.
[I 2025-03-22 00:23:11,279] Trial 36 pruned. 
[I 2025-03-22 00:23:11,393] Trial 37 pruned. 
[I 2025-03-22 00:23:11,783] Trial 38 pruned. 
[I 2025-03-22 00:23:15,729] Trial 39 pruned. 
[I 2025-03-22 00:23:15,837] Trial 40 pruned. 
[I 2025-03-22 00:23:15,921] Trial 41 pruned. 
[I 2025-03-22 00:23:18,995] Trial 6 finished with value: 47.969370262626555 and parameters: {'n_units_l0': 3584, 'n_units_l1': 3104, 'n_units_l2': 128, 'lr': 0.07499692844777271}. Best is trial 2 with value: 42.15338998185912.
[I 2025-03-22 00:23:19,824] Trial 42 pruned. 
[I 2025-03-22 00:23:19,913] Trial 43 pruned. 
[I 2025-03-22 00:23:20,004] Trial 44 pruned. 
[I 2025-03-22 00:23:20,096] Trial 45 pruned. 
[I 2025-03-22 00:23:20,199] Trial 46 pruned. 
[I 2025-03-22 00:23:20,283] Trial 47 pruned. 
[I 2025-03-22 00:23:20,506] Trial 48 pruned. 
[I 2025-03-22 00:23:20,601] Trial 49 pruned. 
[I 2025-03-22 00:23:20,746] Trial 50 pruned. 
[I 2025-03-22 00:23:20,861] Trial 51 pruned. 
[I 2025-03-22 00:23:20,979] Trial 52 pruned. 
[I 2025-03-22 00:23:21,085] Trial 53 pruned. 
[I 2025-03-22 00:23:21,085] Trial 7 pruned. 
[I 2025-03-22 00:23:21,168] Trial 8 pruned. 
[I 2025-03-22 00:23:21,195] Trial 54 pruned. 
[I 2025-03-22 00:23:21,377] Trial 55 pruned. 
[I 2025-03-22 00:23:21,421] Trial 9 pruned. 
[I 2025-03-22 00:23:21,480] Trial 56 pruned. 
[I 2025-03-22 00:23:21,552] Trial 10 pruned. 
[I 2025-03-22 00:23:21,690] Trial 11 pruned. 
[I 2025-03-22 00:23:21,795] Trial 12 pruned. 
[I 2025-03-22 00:23:21,935] Trial 13 pruned. 
[I 2025-03-22 00:23:22,047] Trial 14 pruned. 
[I 2025-03-22 00:23:22,194] Trial 15 pruned. 
[I 2025-03-22 00:23:25,408] Trial 57 pruned. 
[I 2025-03-22 00:23:25,417] Trial 16 pruned. 
[I 2025-03-22 00:23:25,512] Trial 58 pruned. 
[I 2025-03-22 00:23:25,621] Trial 59 pruned. 
[I 2025-03-22 00:23:25,748] Trial 60 pruned. 
[I 2025-03-22 00:23:25,810] Trial 17 pruned. 
[I 2025-03-22 00:23:25,868] Trial 61 pruned. 
[I 2025-03-22 00:23:26,007] Trial 62 pruned. 
[I 2025-03-22 00:23:26,098] Trial 63 pruned. 
[I 2025-03-22 00:23:26,245] Trial 64 pruned. 
[I 2025-03-22 00:23:26,476] Trial 65 pruned. 
[I 2025-03-22 00:23:26,585] Trial 66 pruned. 
[I 2025-03-22 00:23:26,698] Trial 67 pruned. 
[I 2025-03-22 00:23:26,785] Trial 68 pruned. 
[I 2025-03-22 00:23:26,879] Trial 69 pruned. 
[I 2025-03-22 00:23:26,973] Trial 70 pruned. 
[I 2025-03-22 00:23:27,129] Trial 71 pruned. 
[I 2025-03-22 00:23:27,643] Trial 72 pruned. 
[I 2025-03-22 00:23:27,734] Trial 73 pruned. 
[I 2025-03-22 00:23:27,924] Trial 18 pruned. 
[I 2025-03-22 00:23:27,988] Trial 74 pruned. 
[I 2025-03-22 00:23:28,013] Trial 19 pruned. 
[I 2025-03-22 00:23:28,098] Trial 75 pruned. 
[I 2025-03-22 00:23:28,214] Trial 76 pruned. 
[I 2025-03-22 00:23:28,299] Trial 77 pruned. 
[I 2025-03-22 00:23:28,417] Trial 78 pruned. 
[I 2025-03-22 00:23:28,509] Trial 79 pruned. 
[I 2025-03-22 00:23:28,603] Trial 80 pruned. 
[I 2025-03-22 00:23:30,286] Trial 20 pruned. 
[I 2025-03-22 00:23:31,179] Trial 81 pruned. 
[I 2025-03-22 00:23:31,272] Trial 82 pruned. 
[I 2025-03-22 00:23:31,388] Trial 83 pruned. 
[I 2025-03-22 00:23:31,483] Trial 84 pruned. 
[I 2025-03-22 00:23:31,570] Trial 85 pruned. 
[I 2025-03-22 00:23:31,663] Trial 86 pruned. 
[I 2025-03-22 00:23:31,759] Trial 87 pruned. 
[I 2025-03-22 00:23:31,849] Trial 88 pruned. 
[I 2025-03-22 00:23:31,960] Trial 89 pruned. 
[I 2025-03-22 00:23:32,258] Trial 90 pruned. 
[I 2025-03-22 00:23:32,348] Trial 91 pruned. 
[I 2025-03-22 00:23:32,435] Trial 92 pruned. 
[I 2025-03-22 00:23:32,530] Trial 93 pruned. 
[I 2025-03-22 00:23:32,622] Trial 94 pruned. 
[I 2025-03-22 00:23:37,904] Trial 21 finished with value: 61.05943190313018 and parameters: {'n_units_l0': 224, 'n_units_l1': 3584, 'n_units_l2': 1312, 'lr': 0.045217247033690844}. Best is trial 2 with value: 42.15338998185912.
[I 2025-03-22 00:23:38,191] Trial 22 pruned. 
[I 2025-03-22 00:23:39,785] Trial 95 finished with value: 31.84461592835677 and parameters: {'n_units_l0': 32, 'n_units_l1': 2912, 'lr': 0.011412944266443525}. Best is trial 3 with value: 30.40997287912656.
[I 2025-03-22 00:23:39,868] Trial 96 pruned. 
[I 2025-03-22 00:23:39,979] Trial 97 pruned. 
[I 2025-03-22 00:23:40,065] Trial 98 pruned. 
[I 2025-03-22 00:23:40,191] Trial 99 pruned. 
[I 2025-03-22 00:23:40,216] A new study created in memory with name: no-name-cf76b358-fe5f-43ff-9052-145a706acaaa
