[I 2025-03-21 23:25:59,664] Trial 32 pruned. 
[I 2025-03-21 23:26:00,242] Trial 75 finished with value: 100.49586486816406 and parameters: {'n_units_l0': 1152, 'n_units_l1': 2560, 'n_units_l2': 3552, 'n_units_l3': 2784, 'n_units_l4': 448, 'n_units_l5': 2944, 'lr': 0.00044045336438299106}. Best is trial 36 with value: 98.71920013427734.
[I 2025-03-21 23:26:00,428] Trial 76 pruned. 
[I 2025-03-21 23:26:00,605] Trial 77 pruned. 
[I 2025-03-21 23:26:00,785] Trial 78 pruned. 
[I 2025-03-21 23:26:00,977] Trial 79 pruned. 
[I 2025-03-21 23:26:01,116] Trial 80 pruned. 
[I 2025-03-21 23:26:01,307] Trial 81 pruned. 
[I 2025-03-21 23:26:02,701] Trial 33 finished with value: 100.73372650146484 and parameters: {'n_units_l0': 2784, 'n_units_l1': 576, 'n_units_l2': 1824, 'n_units_l3': 3488, 'n_units_l4': 3360, 'n_units_l5': 2624, 'n_units_l6': 3616, 'lr': 0.00017667938588616927}. Best is trial 13 with value: 99.75782775878906.
[I 2025-03-21 23:26:02,926] Trial 34 pruned. 
[I 2025-03-21 23:26:03,222] Trial 35 pruned. 
[I 2025-03-21 23:26:03,360] Trial 36 pruned. 
[I 2025-03-21 23:26:03,570] Trial 37 pruned. 
[I 2025-03-21 23:26:03,582] Trial 82 finished with value: 104.7606430053711 and parameters: {'n_units_l0': 832, 'n_units_l1': 2624, 'n_units_l2': 3936, 'n_units_l3': 2848, 'n_units_l4': 768, 'n_units_l5': 3232, 'lr': 0.00016216549132770544}. Best is trial 36 with value: 98.71920013427734.
[I 2025-03-21 23:26:03,715] Trial 83 pruned. 
[I 2025-03-21 23:26:03,741] Trial 38 pruned. 
[I 2025-03-21 23:26:03,813] Trial 84 pruned. 
[I 2025-03-21 23:26:03,958] Trial 85 pruned. 
[I 2025-03-21 23:26:03,976] Trial 39 pruned. 
[I 2025-03-21 23:26:04,101] Trial 86 pruned. 
[I 2025-03-21 23:26:04,198] Trial 40 pruned. 
[I 2025-03-21 23:26:04,314] Trial 87 pruned. 
[I 2025-03-21 23:26:04,524] Trial 88 pruned. 
[I 2025-03-21 23:26:04,639] Trial 89 pruned. 
[I 2025-03-21 23:26:04,773] Trial 90 pruned. 
[I 2025-03-21 23:26:05,014] Trial 91 pruned. 
[I 2025-03-21 23:26:07,570] Trial 92 finished with value: 100.60612487792969 and parameters: {'n_units_l0': 512, 'n_units_l1': 3808, 'n_units_l2': 3840, 'n_units_l3': 2272, 'n_units_l4': 1440, 'n_units_l5': 2816, 'lr': 0.00013937141372236095}. Best is trial 36 with value: 98.71920013427734.
[I 2025-03-21 23:26:07,769] Trial 93 pruned. 
[I 2025-03-21 23:26:07,776] Trial 41 finished with value: 103.83113861083984 and parameters: {'n_units_l0': 2688, 'n_units_l1': 3552, 'n_units_l2': 2400, 'n_units_l3': 2880, 'n_units_l4': 3424, 'n_units_l5': 1824, 'n_units_l6': 3904, 'lr': 0.0013960909469769634}. Best is trial 13 with value: 99.75782775878906.
[I 2025-03-21 23:26:07,964] Trial 94 pruned. 
[I 2025-03-21 23:26:08,107] Trial 42 pruned. 
[I 2025-03-21 23:26:08,198] Trial 95 pruned. 
[I 2025-03-21 23:26:08,451] Trial 96 pruned. 
[I 2025-03-21 23:26:08,460] Trial 43 pruned. 
[I 2025-03-21 23:26:08,596] Trial 97 pruned. 
[I 2025-03-21 23:26:08,773] Trial 98 pruned. 
[I 2025-03-21 23:26:08,904] Trial 99 pruned. 
[I 2025-03-21 23:26:08,913] A new study created in memory with name: no-name-58d69dd9-aa47-4a5b-beaf-3760f08437e9
[I 2025-03-21 23:26:11,229] Trial 44 finished with value: 102.59929656982422 and parameters: {'n_units_l0': 2880, 'n_units_l1': 3232, 'n_units_l2': 2784, 'n_units_l3': 4096, 'n_units_l4': 160, 'n_units_l5': 1280, 'n_units_l6': 4064, 'lr': 0.0007958591414927028}. Best is trial 13 with value: 99.75782775878906.
[I 2025-03-21 23:26:11,274] Trial 0 finished with value: 128.20144653320312 and parameters: {'n_units_l0': 2560, 'n_units_l1': 3232, 'n_units_l2': 2016, 'n_units_l3': 2080, 'n_units_l4': 640, 'n_units_l5': 416, 'n_units_l6': 3104, 'n_units_l7': 2592, 'lr': 0.018644589801699626}. Best is trial 0 with value: 128.20144653320312.
[I 2025-03-21 23:26:11,418] Trial 45 pruned. 
[I 2025-03-21 23:26:11,620] Trial 46 pruned. 
[I 2025-03-21 23:26:11,808] Trial 47 pruned. 
[I 2025-03-21 23:26:11,960] Trial 48 pruned. 
[I 2025-03-21 23:26:12,149] Trial 49 pruned. 
[I 2025-03-21 23:26:12,407] Trial 50 pruned. 
[I 2025-03-21 23:26:12,912] Trial 1 finished with value: 148.1566619873047 and parameters: {'n_units_l0': 3808, 'n_units_l1': 3040, 'n_units_l2': 320, 'n_units_l3': 1248, 'n_units_l4': 160, 'n_units_l5': 736, 'n_units_l6': 4000, 'n_units_l7': 384, 'lr': 0.012879193433399785}. Best is trial 0 with value: 128.20144653320312.
[I 2025-03-21 23:26:15,443] Trial 51 finished with value: 99.52017211914062 and parameters: {'n_units_l0': 4032, 'n_units_l1': 3264, 'n_units_l2': 2560, 'n_units_l3': 4064, 'n_units_l4': 192, 'n_units_l5': 1312, 'n_units_l6': 4032, 'lr': 0.0003573087802798947}. Best is trial 51 with value: 99.52017211914062.
[I 2025-03-21 23:26:15,692] Trial 52 pruned. 
[I 2025-03-21 23:26:15,710] Trial 2 finished with value: 147.40953063964844 and parameters: {'n_units_l0': 2112, 'n_units_l1': 2432, 'n_units_l2': 352, 'n_units_l3': 3488, 'n_units_l4': 2464, 'n_units_l5': 3072, 'n_units_l6': 2848, 'n_units_l7': 1600, 'lr': 0.022958533063292992}. Best is trial 0 with value: 128.20144653320312.
[I 2025-03-21 23:26:15,877] Trial 53 pruned. 
[I 2025-03-21 23:26:18,448] Trial 54 finished with value: 113.43582153320312 and parameters: {'n_units_l0': 640, 'n_units_l1': 3808, 'n_units_l2': 3232, 'n_units_l3': 4064, 'n_units_l4': 448, 'n_units_l5': 608, 'n_units_l6': 3776, 'lr': 0.0005329769912097145}. Best is trial 51 with value: 99.52017211914062.
[I 2025-03-21 23:26:18,686] Trial 55 pruned. 
[I 2025-03-21 23:26:18,766] Trial 3 finished with value: 141.8135223388672 and parameters: {'n_units_l0': 1888, 'n_units_l1': 3296, 'n_units_l2': 1184, 'n_units_l3': 4064, 'n_units_l4': 512, 'n_units_l5': 2848, 'n_units_l6': 3680, 'n_units_l7': 3104, 'lr': 0.06169603706727309}. Best is trial 0 with value: 128.20144653320312.
[I 2025-03-21 23:26:18,822] Trial 56 pruned. 
[I 2025-03-21 23:26:19,143] Trial 57 pruned. 
[I 2025-03-21 23:26:19,355] Trial 58 pruned. 
[I 2025-03-21 23:26:19,611] Trial 59 pruned. 
[I 2025-03-21 23:26:19,773] Trial 60 pruned. 
[I 2025-03-21 23:26:20,500] Trial 4 finished with value: 130.36788940429688 and parameters: {'n_units_l0': 576, 'n_units_l1': 3296, 'n_units_l2': 3616, 'n_units_l3': 32, 'n_units_l4': 928, 'n_units_l5': 1888, 'n_units_l6': 928, 'n_units_l7': 3040, 'lr': 0.09151207468902221}. Best is trial 0 with value: 128.20144653320312.
[I 2025-03-21 23:26:20,858] Trial 5 pruned. 
[I 2025-03-21 23:26:21,414] Trial 6 pruned. 
[I 2025-03-21 23:26:21,676] Trial 7 pruned. 
[I 2025-03-21 23:26:21,922] Trial 8 pruned. 
[I 2025-03-21 23:26:22,127] Trial 9 pruned. 
[I 2025-03-21 23:26:22,538] Trial 61 finished with value: 100.02102661132812 and parameters: {'n_units_l0': 2848, 'n_units_l1': 3264, 'n_units_l2': 2688, 'n_units_l3': 4064, 'n_units_l4': 192, 'n_units_l5': 1280, 'n_units_l6': 4096, 'lr': 3.298084791435781e-05}. Best is trial 51 with value: 99.52017211914062.
[I 2025-03-21 23:26:24,026] Trial 10 finished with value: 127.76309967041016 and parameters: {'n_units_l0': 1408, 'n_units_l1': 256, 'n_units_l2': 2816, 'n_units_l3': 2432, 'n_units_l4': 3648, 'n_units_l5': 192, 'n_units_l6': 1792, 'n_units_l7': 2208, 'lr': 0.0022211226715266215}. Best is trial 10 with value: 127.76309967041016.
[I 2025-03-21 23:26:25,438] Trial 62 finished with value: 98.4950180053711 and parameters: {'n_units_l0': 3264, 'n_units_l1': 3424, 'n_units_l2': 2464, 'n_units_l3': 4096, 'n_units_l4': 448, 'n_units_l5': 1376, 'n_units_l6': 3936, 'lr': 0.00034148843255172006}. Best is trial 62 with value: 98.4950180053711.
[I 2025-03-21 23:26:25,681] Trial 63 pruned. 
[I 2025-03-21 23:26:25,886] Trial 11 finished with value: 129.60939025878906 and parameters: {'n_units_l0': 1312, 'n_units_l1': 288, 'n_units_l2': 2752, 'n_units_l3': 2368, 'n_units_l4': 3776, 'n_units_l5': 96, 'n_units_l6': 1792, 'n_units_l7': 2240, 'lr': 0.0033214331170101884}. Best is trial 10 with value: 127.76309967041016.
[I 2025-03-21 23:26:26,118] Trial 64 pruned. 
[I 2025-03-21 23:26:28,991] Trial 65 finished with value: 99.05843353271484 and parameters: {'n_units_l0': 3456, 'n_units_l1': 3104, 'n_units_l2': 3200, 'n_units_l3': 3968, 'n_units_l4': 192, 'n_units_l5': 672, 'n_units_l6': 3808, 'lr': 0.00017347330326403695}. Best is trial 62 with value: 98.4950180053711.
[I 2025-03-21 23:26:29,249] Trial 66 pruned. 
[I 2025-03-21 23:26:29,418] Trial 12 finished with value: 101.98706817626953 and parameters: {'n_units_l0': 3040, 'n_units_l1': 4096, 'n_units_l2': 2272, 'n_units_l3': 2496, 'n_units_l4': 3808, 'n_units_l5': 1024, 'n_units_l6': 1952, 'n_units_l7': 2400, 'lr': 0.006351796214658759}. Best is trial 12 with value: 101.98706817626953.
[I 2025-03-21 23:26:29,492] Trial 67 pruned. 
[I 2025-03-21 23:26:29,769] Trial 68 pruned. 
[I 2025-03-21 23:26:29,970] Trial 69 pruned. 
[I 2025-03-21 23:26:32,078] Trial 70 finished with value: 99.96550750732422 and parameters: {'n_units_l0': 3968, 'n_units_l1': 2304, 'n_units_l2': 2912, 'n_units_l3': 672, 'n_units_l4': 576, 'n_units_l5': 1632, 'n_units_l6': 3968, 'lr': 0.00017305383983126817}. Best is trial 62 with value: 98.4950180053711.
[I 2025-03-21 23:26:33,349] Trial 13 finished with value: 92.54798126220703 and parameters: {'n_units_l0': 3072, 'n_units_l1': 3968, 'n_units_l2': 2976, 'n_units_l3': 2592, 'n_units_l4': 4096, 'n_units_l5': 1120, 'n_units_l6': 1856, 'n_units_l7': 1696, 'lr': 0.00031474538333658205}. Best is trial 13 with value: 92.54798126220703.
[I 2025-03-21 23:26:33,708] Trial 14 pruned. 
[I 2025-03-21 23:26:34,017] Trial 71 finished with value: 103.8131332397461 and parameters: {'n_units_l0': 4096, 'n_units_l1': 2272, 'n_units_l2': 2624, 'n_units_l3': 128, 'n_units_l4': 576, 'n_units_l5': 1664, 'n_units_l6': 4000, 'lr': 0.0003999803667320336}. Best is trial 62 with value: 98.4950180053711.
[I 2025-03-21 23:26:34,222] Trial 72 pruned. 
[I 2025-03-21 23:26:34,524] Trial 73 pruned. 
[I 2025-03-21 23:26:34,655] Trial 74 pruned. 
[I 2025-03-21 23:26:34,898] Trial 75 pruned. 
[I 2025-03-21 23:26:35,079] Trial 76 pruned. 
[I 2025-03-21 23:26:35,242] Trial 77 pruned. 
[I 2025-03-21 23:26:35,418] Trial 78 pruned. 
[I 2025-03-21 23:26:36,775] Trial 79 finished with value: 107.6748046875 and parameters: {'n_units_l0': 3776, 'n_units_l1': 512, 'n_units_l2': 2368, 'n_units_l3': 640, 'n_units_l4': 416, 'n_units_l5': 608, 'n_units_l6': 3808, 'lr': 0.000608687862125176}. Best is trial 62 with value: 98.4950180053711.
[I 2025-03-21 23:26:37,017] Trial 80 pruned. 
[I 2025-03-21 23:26:37,205] Trial 81 pruned. 
[I 2025-03-21 23:26:37,377] Trial 82 pruned. 
[I 2025-03-21 23:26:37,429] Trial 15 finished with value: 96.56708526611328 and parameters: {'n_units_l0': 3104, 'n_units_l1': 4096, 'n_units_l2': 2656, 'n_units_l3': 1696, 'n_units_l4': 3200, 'n_units_l5': 2400, 'n_units_l6': 2400, 'n_units_l7': 1504, 'lr': 0.0015408613558789974}. Best is trial 13 with value: 92.54798126220703.
[I 2025-03-21 23:26:37,720] Trial 16 pruned. 
[I 2025-03-21 23:26:37,901] Trial 17 pruned. 
[I 2025-03-21 23:26:38,176] Trial 18 pruned. 
[I 2025-03-21 23:26:39,803] Trial 83 finished with value: 99.85502624511719 and parameters: {'n_units_l0': 3904, 'n_units_l1': 3328, 'n_units_l2': 2208, 'n_units_l3': 3904, 'n_units_l4': 32, 'n_units_l5': 192, 'n_units_l6': 2112, 'lr': 0.00020333667606832104}. Best is trial 62 with value: 98.4950180053711.
[I 2025-03-21 23:26:40,383] Trial 19 finished with value: 94.55174255371094 and parameters: {'n_units_l0': 3584, 'n_units_l1': 2816, 'n_units_l2': 1824, 'n_units_l3': 640, 'n_units_l4': 1856, 'n_units_l5': 2432, 'n_units_l6': 1312, 'n_units_l7': 1024, 'lr': 0.00047584710121648647}. Best is trial 13 with value: 92.54798126220703.
[I 2025-03-21 23:26:40,498] Trial 20 pruned. 
[I 2025-03-21 23:26:40,689] Trial 21 pruned. 
[I 2025-03-21 23:26:41,423] Trial 84 finished with value: 99.9747314453125 and parameters: {'n_units_l0': 3840, 'n_units_l1': 3328, 'n_units_l2': 288, 'n_units_l3': 3136, 'n_units_l4': 672, 'n_units_l5': 448, 'n_units_l6': 2720, 'lr': 0.0002065367344397658}. Best is trial 62 with value: 98.4950180053711.
[I 2025-03-21 23:26:43,082] Trial 85 finished with value: 100.45074462890625 and parameters: {'n_units_l0': 3936, 'n_units_l1': 3328, 'n_units_l2': 192, 'n_units_l3': 3136, 'n_units_l4': 640, 'n_units_l5': 864, 'n_units_l6': 2336, 'lr': 0.00016136700588687328}. Best is trial 62 with value: 98.4950180053711.
[I 2025-03-21 23:26:43,232] Trial 86 pruned. 
[I 2025-03-21 23:26:43,313] Trial 22 finished with value: 92.17191314697266 and parameters: {'n_units_l0': 2784, 'n_units_l1': 3840, 'n_units_l2': 1760, 'n_units_l3': 1920, 'n_units_l4': 2368, 'n_units_l5': 2464, 'n_units_l6': 448, 'n_units_l7': 1792, 'lr': 0.0013074106826828236}. Best is trial 22 with value: 92.17191314697266.
[I 2025-03-21 23:26:43,356] Trial 87 pruned. 
[I 2025-03-21 23:26:43,557] Trial 23 pruned. 
[I 2025-03-21 23:26:45,182] Trial 88 finished with value: 103.66265869140625 and parameters: {'n_units_l0': 4000, 'n_units_l1': 3360, 'n_units_l2': 576, 'n_units_l3': 1984, 'n_units_l4': 512, 'n_units_l5': 672, 'n_units_l6': 2784, 'lr': 0.0001688453037470381}. Best is trial 62 with value: 98.4950180053711.
[I 2025-03-21 23:26:45,340] Trial 89 pruned. 
[I 2025-03-21 23:26:45,465] Trial 90 pruned. 
[I 2025-03-21 23:26:45,591] Trial 91 pruned. 
[I 2025-03-21 23:26:45,805] Trial 92 pruned. 
[I 2025-03-21 23:26:46,380] Trial 24 finished with value: 94.16846466064453 and parameters: {'n_units_l0': 3520, 'n_units_l1': 3680, 'n_units_l2': 1792, 'n_units_l3': 2080, 'n_units_l4': 2560, 'n_units_l5': 1856, 'n_units_l6': 576, 'n_units_l7': 64, 'lr': 0.0002124802150535355}. Best is trial 22 with value: 92.17191314697266.
[I 2025-03-21 23:26:46,635] Trial 25 pruned. 
[I 2025-03-21 23:26:46,807] Trial 26 pruned. 
[I 2025-03-21 23:26:47,082] Trial 27 pruned. 
[I 2025-03-21 23:26:47,213] Trial 28 pruned. 
[I 2025-03-21 23:26:47,407] Trial 29 pruned. 
[I 2025-03-21 23:26:47,535] Trial 30 pruned. 
[I 2025-03-21 23:26:47,677] Trial 93 finished with value: 99.78814697265625 and parameters: {'n_units_l0': 4096, 'n_units_l1': 3232, 'n_units_l2': 352, 'n_units_l3': 3360, 'n_units_l4': 672, 'n_units_l5': 1088, 'n_units_l6': 3008, 'lr': 0.000281763177970926}. Best is trial 62 with value: 98.4950180053711.
[I 2025-03-21 23:26:47,819] Trial 94 pruned. 
[I 2025-03-21 23:26:47,976] Trial 95 pruned. 
[I 2025-03-21 23:26:48,132] Trial 96 pruned. 
[I 2025-03-21 23:26:48,315] Trial 97 pruned. 
[I 2025-03-21 23:26:48,470] Trial 98 pruned. 
[I 2025-03-21 23:26:48,591] Trial 99 pruned. 
[I 2025-03-21 23:26:48,601] A new study created in memory with name: no-name-2b3e4203-140b-4b83-a652-c55bac2f2dc2
[I 2025-03-21 23:26:50,158] Trial 31 finished with value: 95.56903839111328 and parameters: {'n_units_l0': 3648, 'n_units_l1': 3456, 'n_units_l2': 1984, 'n_units_l3': 864, 'n_units_l4': 1920, 'n_units_l5': 2592, 'n_units_l6': 1504, 'n_units_l7': 1152, 'lr': 0.001582110904589638}. Best is trial 22 with value: 92.17191314697266.
[I 2025-03-21 23:26:50,482] Trial 0 finished with value: 137.5087890625 and parameters: {'n_units_l0': 768, 'n_units_l1': 128, 'n_units_l2': 2784, 'n_units_l3': 864, 'n_units_l4': 864, 'n_units_l5': 2688, 'n_units_l6': 736, 'n_units_l7': 2912, 'n_units_l8': 3808, 'lr': 0.07963107466087758}. Best is trial 0 with value: 137.5087890625.
[I 2025-03-21 23:26:52,450] Trial 32 finished with value: 95.42007446289062 and parameters: {'n_units_l0': 3424, 'n_units_l1': 3040, 'n_units_l2': 1696, 'n_units_l3': 1152, 'n_units_l4': 1408, 'n_units_l5': 2752, 'n_units_l6': 1216, 'n_units_l7': 864, 'lr': 0.00024462537082338203}. Best is trial 22 with value: 92.17191314697266.
[I 2025-03-21 23:26:52,642] Trial 33 pruned. 
[I 2025-03-21 23:26:52,807] Trial 34 pruned. 
[I 2025-03-21 23:26:52,946] Trial 35 pruned. 
[I 2025-03-21 23:26:53,151] Trial 36 pruned. 
[I 2025-03-21 23:26:53,422] Trial 37 pruned. 
[I 2025-03-21 23:26:53,578] Trial 38 pruned. 
[I 2025-03-21 23:26:53,662] Trial 1 finished with value: 1014.3200073242188 and parameters: {'n_units_l0': 4000, 'n_units_l1': 3552, 'n_units_l2': 1024, 'n_units_l3': 128, 'n_units_l4': 2976, 'n_units_l5': 864, 'n_units_l6': 3136, 'n_units_l7': 2528, 'n_units_l8': 3680, 'lr': 0.07210722932315045}. Best is trial 0 with value: 137.5087890625.
[I 2025-03-21 23:26:53,869] Trial 39 pruned. 
[I 2025-03-21 23:26:54,084] Trial 40 pruned. 
[I 2025-03-21 23:26:54,330] Trial 41 pruned. 
[I 2025-03-21 23:26:54,502] Trial 42 pruned. 
[I 2025-03-21 23:26:54,739] Trial 43 pruned. 
[I 2025-03-21 23:26:55,045] Trial 44 pruned. 
[I 2025-03-21 23:26:55,239] Trial 45 pruned. 
[I 2025-03-21 23:26:55,403] Trial 46 pruned. 
[I 2025-03-21 23:26:56,077] Trial 2 finished with value: 133.53440856933594 and parameters: {'n_units_l0': 3712, 'n_units_l1': 2336, 'n_units_l2': 576, 'n_units_l3': 640, 'n_units_l4': 2464, 'n_units_l5': 1856, 'n_units_l6': 3520, 'n_units_l7': 992, 'n_units_l8': 3136, 'lr': 0.05916405312146998}. Best is trial 2 with value: 133.53440856933594.
[I 2025-03-21 23:26:57,928] Trial 47 finished with value: 96.82567596435547 and parameters: {'n_units_l0': 3936, 'n_units_l1': 3584, 'n_units_l2': 960, 'n_units_l3': 2560, 'n_units_l4': 2400, 'n_units_l5': 448, 'n_units_l6': 1120, 'n_units_l7': 1696, 'lr': 0.0003120057861991732}. Best is trial 22 with value: 92.17191314697266.
[I 2025-03-21 23:26:58,147] Trial 48 pruned. 
[I 2025-03-21 23:26:58,261] Trial 3 finished with value: 130.8548126220703 and parameters: {'n_units_l0': 1408, 'n_units_l1': 3328, 'n_units_l2': 704, 'n_units_l3': 992, 'n_units_l4': 2400, 'n_units_l5': 2048, 'n_units_l6': 960, 'n_units_l7': 1984, 'n_units_l8': 3584, 'lr': 0.044958426258095846}. Best is trial 3 with value: 130.8548126220703.
[I 2025-03-21 23:26:58,271] Trial 49 pruned. 
[I 2025-03-21 23:26:58,428] Trial 50 pruned. 
[I 2025-03-21 23:26:58,663] Trial 51 pruned. 
[I 2025-03-21 23:26:58,874] Trial 52 pruned. 
[I 2025-03-21 23:27:00,946] Trial 4 finished with value: 1629.5426025390625 and parameters: {'n_units_l0': 1856, 'n_units_l1': 640, 'n_units_l2': 1152, 'n_units_l3': 3840, 'n_units_l4': 1600, 'n_units_l5': 1920, 'n_units_l6': 2816, 'n_units_l7': 1984, 'n_units_l8': 3552, 'lr': 0.08938846532453362}. Best is trial 3 with value: 130.8548126220703.
[I 2025-03-21 23:27:01,437] Trial 5 pruned. 
[I 2025-03-21 23:27:02,173] Trial 6 pruned. 
[I 2025-03-21 23:27:02,199] Trial 53 finished with value: 97.0435791015625 and parameters: {'n_units_l0': 3360, 'n_units_l1': 4096, 'n_units_l2': 2656, 'n_units_l3': 512, 'n_units_l4': 1856, 'n_units_l5': 3584, 'n_units_l6': 2208, 'n_units_l7': 1056, 'lr': 0.0002879717524221755}. Best is trial 22 with value: 92.17191314697266.
[I 2025-03-21 23:27:02,451] Trial 54 pruned. 
[I 2025-03-21 23:27:02,641] Trial 55 pruned. 
[I 2025-03-21 23:27:02,785] Trial 56 pruned. 
[I 2025-03-21 23:27:02,986] Trial 57 pruned. 
[I 2025-03-21 23:27:03,224] Trial 58 pruned. 
[I 2025-03-21 23:27:03,419] Trial 59 pruned. 
[I 2025-03-21 23:27:03,700] Trial 60 pruned. 
[I 2025-03-21 23:27:03,711] Trial 7 finished with value: 131.2156219482422 and parameters: {'n_units_l0': 992, 'n_units_l1': 672, 'n_units_l2': 320, 'n_units_l3': 3744, 'n_units_l4': 1344, 'n_units_l5': 224, 'n_units_l6': 608, 'n_units_l7': 3744, 'n_units_l8': 960, 'lr': 0.012486401615638488}. Best is trial 3 with value: 130.8548126220703.
[I 2025-03-21 23:27:04,031] Trial 8 pruned. 
[I 2025-03-21 23:27:04,304] Trial 9 pruned. 
[I 2025-03-21 23:27:06,240] Trial 10 finished with value: 127.92761993408203 and parameters: {'n_units_l0': 128, 'n_units_l1': 2848, 'n_units_l2': 1504, 'n_units_l3': 1952, 'n_units_l4': 4096, 'n_units_l5': 1344, 'n_units_l6': 64, 'n_units_l7': 96, 'n_units_l8': 64, 'lr': 0.048233149486661915}. Best is trial 10 with value: 127.92761993408203.
[I 2025-03-21 23:27:07,816] Trial 61 finished with value: 97.05551147460938 and parameters: {'n_units_l0': 3296, 'n_units_l1': 4032, 'n_units_l2': 2944, 'n_units_l3': 1696, 'n_units_l4': 3584, 'n_units_l5': 2720, 'n_units_l6': 2400, 'n_units_l7': 1568, 'lr': 0.0006229353975311378}. Best is trial 22 with value: 92.17191314697266.
[I 2025-03-21 23:27:08,130] Trial 62 pruned. 
[I 2025-03-21 23:27:08,190] Trial 11 finished with value: 127.98421478271484 and parameters: {'n_units_l0': 64, 'n_units_l1': 2944, 'n_units_l2': 1600, 'n_units_l3': 1984, 'n_units_l4': 3936, 'n_units_l5': 1408, 'n_units_l6': 32, 'n_units_l7': 64, 'n_units_l8': 96, 'lr': 0.04440691591637334}. Best is trial 10 with value: 127.92761993408203.
[I 2025-03-21 23:27:08,439] Trial 63 pruned. 
[I 2025-03-21 23:27:08,529] Trial 12 pruned. 
[I 2025-03-21 23:27:08,717] Trial 64 pruned. 
[I 2025-03-21 23:27:09,031] Trial 65 pruned. 
[I 2025-03-21 23:27:09,246] Trial 66 pruned. 
[I 2025-03-21 23:27:09,473] Trial 67 pruned. 
[I 2025-03-21 23:27:10,648] Trial 13 finished with value: 128.0840301513672 and parameters: {'n_units_l0': 224, 'n_units_l1': 2912, 'n_units_l2': 1696, 'n_units_l3': 1952, 'n_units_l4': 4064, 'n_units_l5': 1344, 'n_units_l6': 192, 'n_units_l7': 64, 'n_units_l8': 64, 'lr': 0.06245382007275825}. Best is trial 10 with value: 127.92761993408203.
[I 2025-03-21 23:27:12,495] Trial 68 finished with value: 97.3860092163086 and parameters: {'n_units_l0': 3488, 'n_units_l1': 2720, 'n_units_l2': 2080, 'n_units_l3': 2432, 'n_units_l4': 2464, 'n_units_l5': 1248, 'n_units_l6': 2304, 'n_units_l7': 2144, 'lr': 0.00014498851390079388}. Best is trial 22 with value: 92.17191314697266.
[I 2025-03-21 23:27:12,708] Trial 69 pruned. 
[I 2025-03-21 23:27:12,919] Trial 70 pruned. 
[I 2025-03-21 23:27:13,125] Trial 71 pruned. 
[I 2025-03-21 23:27:13,337] Trial 72 pruned. 
[I 2025-03-21 23:27:13,416] Trial 14 finished with value: 127.86283111572266 and parameters: {'n_units_l0': 2816, 'n_units_l1': 2976, 'n_units_l2': 1984, 'n_units_l3': 2432, 'n_units_l4': 3424, 'n_units_l5': 1344, 'n_units_l6': 1600, 'n_units_l7': 32, 'n_units_l8': 768, 'lr': 0.03356171039563907}. Best is trial 14 with value: 127.86283111572266.
[I 2025-03-21 23:27:13,699] Trial 15 pruned. 
[I 2025-03-21 23:27:14,825] Trial 16 pruned. 
[I 2025-03-21 23:27:15,171] Trial 17 pruned. 
