[I 2025-03-21 23:46:50,401] Trial 1 finished with value: 124.07329760519083 and parameters: {'n_units_l0': 2528, 'n_units_l1': 320, 'n_units_l2': 3168, 'n_units_l3': 384, 'lr': 0.03558342291807131}. Best is trial 1 with value: 124.07329760519083.
[I 2025-03-21 23:46:53,913] Trial 49 finished with value: 92.43734139632396 and parameters: {'n_units_l0': 3904, 'n_units_l1': 2528, 'n_units_l2': 3904, 'n_units_l3': 480, 'n_units_l4': 4032, 'n_units_l5': 1216, 'n_units_l6': 3936, 'n_units_l7': 992, 'n_units_l8': 2848, 'n_units_l9': 1504, 'n_units_l10': 3968, 'n_units_l11': 3712, 'lr': 4.843587469606134e-05}. Best is trial 27 with value: 36.74399473437049.
[I 2025-03-21 23:46:54,192] Trial 50 pruned. 
[I 2025-03-21 23:46:55,761] Trial 2 finished with value: 138.13088949417633 and parameters: {'n_units_l0': 416, 'n_units_l1': 3968, 'n_units_l2': 4000, 'n_units_l3': 1728, 'lr': 0.025775678235418802}. Best is trial 1 with value: 124.07329760519083.
[I 2025-03-21 23:46:59,155] Trial 3 finished with value: 89.95552232309048 and parameters: {'n_units_l0': 3552, 'n_units_l1': 2336, 'n_units_l2': 800, 'n_units_l3': 2944, 'lr': 0.023614996384436315}. Best is trial 3 with value: 89.95552232309048.
[I 2025-03-21 23:47:00,364] Trial 51 finished with value: 91.97881165177425 and parameters: {'n_units_l0': 384, 'n_units_l1': 3648, 'n_units_l2': 3008, 'n_units_l3': 2848, 'n_units_l4': 512, 'n_units_l5': 960, 'n_units_l6': 2176, 'n_units_l7': 128, 'n_units_l8': 2144, 'n_units_l9': 704, 'n_units_l10': 2720, 'n_units_l11': 3360, 'lr': 0.0001148130157472521}. Best is trial 27 with value: 36.74399473437049.
[I 2025-03-21 23:47:00,617] Trial 52 pruned. 
[I 2025-03-21 23:47:00,994] Trial 53 pruned. 
[I 2025-03-21 23:47:01,276] Trial 54 pruned. 
[I 2025-03-21 23:47:01,507] Trial 55 pruned. 
[I 2025-03-21 23:47:01,721] Trial 56 pruned. 
[I 2025-03-21 23:47:01,991] Trial 57 pruned. 
[I 2025-03-21 23:47:02,402] Trial 58 pruned. 
[I 2025-03-21 23:47:02,672] Trial 59 pruned. 
[I 2025-03-21 23:47:02,945] Trial 60 pruned. 
[I 2025-03-21 23:47:03,185] Trial 61 pruned. 
[I 2025-03-21 23:47:03,236] Trial 4 finished with value: 124.2747203737264 and parameters: {'n_units_l0': 3136, 'n_units_l1': 544, 'n_units_l2': 3712, 'n_units_l3': 4032, 'lr': 0.09315695001011444}. Best is trial 3 with value: 89.95552232309048.
[I 2025-03-21 23:47:03,335] Trial 5 pruned. 
[I 2025-03-21 23:47:03,382] Trial 62 pruned. 
[I 2025-03-21 23:47:03,417] Trial 6 pruned. 
[I 2025-03-21 23:47:03,615] Trial 63 pruned. 
[I 2025-03-21 23:47:03,811] Trial 64 pruned. 
[I 2025-03-21 23:47:04,065] Trial 65 pruned. 
[I 2025-03-21 23:47:06,787] Trial 7 finished with value: 110.03170579158295 and parameters: {'n_units_l0': 2432, 'n_units_l1': 2272, 'n_units_l2': 1312, 'n_units_l3': 416, 'lr': 0.007008368690638292}. Best is trial 3 with value: 89.95552232309048.
[I 2025-03-21 23:47:06,911] Trial 8 pruned. 
[I 2025-03-21 23:47:07,104] Trial 9 pruned. 
[I 2025-03-21 23:47:10,497] Trial 10 finished with value: 53.159506795300516 and parameters: {'n_units_l0': 4064, 'n_units_l1': 1888, 'n_units_l2': 544, 'n_units_l3': 3168, 'lr': 0.006043006521794694}. Best is trial 10 with value: 53.159506795300516.
[I 2025-03-21 23:47:11,305] Trial 66 finished with value: 46.62714055431452 and parameters: {'n_units_l0': 2336, 'n_units_l1': 3200, 'n_units_l2': 4096, 'n_units_l3': 832, 'n_units_l4': 1024, 'n_units_l5': 2400, 'n_units_l6': 1120, 'n_units_l7': 32, 'n_units_l8': 2560, 'n_units_l9': 1312, 'n_units_l10': 2752, 'n_units_l11': 3968, 'lr': 0.0002898198477722183}. Best is trial 27 with value: 36.74399473437049.
[I 2025-03-21 23:47:13,584] Trial 67 pruned. 
[I 2025-03-21 23:47:13,837] Trial 68 pruned. 
[I 2025-03-21 23:47:13,848] Trial 11 finished with value: 64.65026324598347 and parameters: {'n_units_l0': 4096, 'n_units_l1': 1824, 'n_units_l2': 96, 'n_units_l3': 3168, 'lr': 0.0009107280879985186}. Best is trial 10 with value: 53.159506795300516.
[I 2025-03-21 23:47:14,052] Trial 69 pruned. 
[I 2025-03-21 23:47:14,347] Trial 70 pruned. 
[I 2025-03-21 23:47:14,696] Trial 71 pruned. 
[I 2025-03-21 23:47:17,198] Trial 12 finished with value: 47.60068425310499 and parameters: {'n_units_l0': 4064, 'n_units_l1': 1472, 'n_units_l2': 32, 'n_units_l3': 3520, 'lr': 0.002202213558422057}. Best is trial 12 with value: 47.60068425310499.
[I 2025-03-21 23:47:17,290] Trial 13 pruned. 
[I 2025-03-21 23:47:20,471] Trial 72 finished with value: 37.728593462056935 and parameters: {'n_units_l0': 352, 'n_units_l1': 3744, 'n_units_l2': 3392, 'n_units_l3': 1472, 'n_units_l4': 256, 'n_units_l5': 832, 'n_units_l6': 1568, 'n_units_l7': 320, 'n_units_l8': 1760, 'n_units_l9': 352, 'n_units_l10': 3712, 'n_units_l11': 3392, 'lr': 0.0021610390011561186}. Best is trial 27 with value: 36.74399473437049.
[I 2025-03-21 23:47:20,718] Trial 14 finished with value: 76.63075164715241 and parameters: {'n_units_l0': 3936, 'n_units_l1': 1248, 'n_units_l2': 2112, 'n_units_l3': 3328, 'lr': 0.00014475060203963984}. Best is trial 12 with value: 47.60068425310499.
[I 2025-03-21 23:47:20,766] Trial 73 pruned. 
[I 2025-03-21 23:47:20,844] Trial 15 pruned. 
[I 2025-03-21 23:47:20,970] Trial 16 pruned. 
[I 2025-03-21 23:47:21,078] Trial 17 pruned. 
[I 2025-03-21 23:47:21,150] Trial 18 pruned. 
[I 2025-03-21 23:47:21,247] Trial 74 pruned. 
[I 2025-03-21 23:47:21,272] Trial 19 pruned. 
[I 2025-03-21 23:47:21,391] Trial 20 pruned. 
[I 2025-03-21 23:47:21,536] Trial 75 pruned. 
[I 2025-03-21 23:47:22,162] Trial 76 pruned. 
[I 2025-03-21 23:47:22,457] Trial 77 pruned. 
[I 2025-03-21 23:47:22,851] Trial 78 pruned. 
[I 2025-03-21 23:47:23,247] Trial 79 pruned. 
[I 2025-03-21 23:47:23,591] Trial 80 pruned. 
[I 2025-03-21 23:47:23,945] Trial 81 pruned. 
[I 2025-03-21 23:47:24,206] Trial 82 pruned. 
[I 2025-03-21 23:47:24,594] Trial 83 pruned. 
[I 2025-03-21 23:47:24,741] Trial 21 finished with value: 70.18630190617733 and parameters: {'n_units_l0': 4064, 'n_units_l1': 1760, 'n_units_l2': 192, 'n_units_l3': 3200, 'lr': 0.0005053161788912842}. Best is trial 12 with value: 47.60068425310499.
[I 2025-03-21 23:47:24,855] Trial 22 pruned. 
[I 2025-03-21 23:47:24,918] Trial 23 pruned. 
[I 2025-03-21 23:47:24,979] Trial 84 pruned. 
[I 2025-03-21 23:47:25,205] Trial 85 pruned. 
[I 2025-03-21 23:47:25,424] Trial 86 pruned. 
[I 2025-03-21 23:47:25,675] Trial 87 pruned. 
[I 2025-03-21 23:47:26,464] Trial 88 pruned. 
[I 2025-03-21 23:47:27,020] Trial 89 pruned. 
[I 2025-03-21 23:47:27,465] Trial 90 pruned. 
[I 2025-03-21 23:47:28,026] Trial 91 pruned. 
[I 2025-03-21 23:47:28,316] Trial 24 finished with value: 69.15605199430381 and parameters: {'n_units_l0': 3808, 'n_units_l1': 1920, 'n_units_l2': 864, 'n_units_l3': 2176, 'lr': 0.0014177768274719615}. Best is trial 12 with value: 47.60068425310499.
[I 2025-03-21 23:47:28,395] Trial 25 pruned. 
[I 2025-03-21 23:47:28,547] Trial 26 pruned. 
[I 2025-03-21 23:47:29,102] Trial 92 pruned. 
[I 2025-03-21 23:47:29,230] Trial 27 pruned. 
[I 2025-03-21 23:47:29,350] Trial 28 pruned. 
[I 2025-03-21 23:47:29,414] Trial 29 pruned. 
[I 2025-03-21 23:47:29,521] Trial 30 pruned. 
[I 2025-03-21 23:47:29,753] Trial 93 pruned. 
[I 2025-03-21 23:47:30,271] Trial 94 pruned. 
[I 2025-03-21 23:47:30,575] Trial 95 pruned. 
[I 2025-03-21 23:47:30,584] Trial 31 pruned. 
[I 2025-03-21 23:47:30,896] Trial 96 pruned. 
[I 2025-03-21 23:47:31,165] Trial 97 pruned. 
[I 2025-03-21 23:47:31,422] Trial 98 pruned. 
[I 2025-03-21 23:47:31,753] Trial 99 pruned. 
[I 2025-03-21 23:47:31,779] A new study created in memory with name: no-name-68341a96-51fd-4794-845a-96470b3dbdc1
[I 2025-03-21 23:47:33,966] Trial 32 finished with value: 34.750158922479294 and parameters: {'n_units_l0': 3872, 'n_units_l1': 64, 'n_units_l2': 32, 'n_units_l3': 2272, 'lr': 0.002412415271800754}. Best is trial 32 with value: 34.750158922479294.
[I 2025-03-21 23:47:34,023] Trial 33 pruned. 
[I 2025-03-21 23:47:34,088] Trial 34 pruned. 
[I 2025-03-21 23:47:34,223] Trial 35 pruned. 
[I 2025-03-21 23:47:34,333] Trial 36 pruned. 
[I 2025-03-21 23:47:34,444] Trial 37 pruned. 
[I 2025-03-21 23:47:35,317] Trial 38 pruned. 
[I 2025-03-21 23:47:35,372] Trial 0 finished with value: 37.43396952763902 and parameters: {'n_units_l0': 96, 'n_units_l1': 2432, 'n_units_l2': 832, 'n_units_l3': 2560, 'n_units_l4': 1440, 'lr': 0.00627999230777099}. Best is trial 0 with value: 37.43396952763902.
[I 2025-03-21 23:47:35,401] Trial 39 pruned. 
[I 2025-03-21 23:47:35,465] Trial 40 pruned. 
[I 2025-03-21 23:47:38,859] Trial 41 finished with value: 71.68635887763519 and parameters: {'n_units_l0': 3840, 'n_units_l1': 1824, 'n_units_l2': 896, 'n_units_l3': 2144, 'lr': 0.00025283444703926884}. Best is trial 32 with value: 34.750158922479294.
[I 2025-03-21 23:47:38,967] Trial 42 pruned. 
[I 2025-03-21 23:47:38,981] Trial 1 finished with value: 93.22636868941223 and parameters: {'n_units_l0': 2976, 'n_units_l1': 512, 'n_units_l2': 1952, 'n_units_l3': 3904, 'n_units_l4': 1504, 'lr': 0.08277545753899905}. Best is trial 0 with value: 37.43396952763902.
[I 2025-03-21 23:47:39,212] Trial 43 pruned. 
[I 2025-03-21 23:47:39,303] Trial 44 pruned. 
[I 2025-03-21 23:47:39,388] Trial 45 pruned. 
[I 2025-03-21 23:47:42,327] Trial 46 pruned. 
[I 2025-03-21 23:47:42,382] Trial 47 pruned. 
[I 2025-03-21 23:47:45,294] Trial 2 finished with value: 133.98605610313217 and parameters: {'n_units_l0': 3584, 'n_units_l1': 2976, 'n_units_l2': 576, 'n_units_l3': 3872, 'n_units_l4': 3616, 'lr': 0.04139500907053458}. Best is trial 0 with value: 37.43396952763902.
[I 2025-03-21 23:47:46,526] Trial 48 finished with value: 94.47188588035324 and parameters: {'n_units_l0': 3680, 'n_units_l1': 3936, 'n_units_l2': 544, 'n_units_l3': 3328, 'lr': 0.00026496803317856057}. Best is trial 32 with value: 34.750158922479294.
[I 2025-03-21 23:47:46,651] Trial 49 pruned. 
[I 2025-03-21 23:47:46,757] Trial 50 pruned. 
[I 2025-03-21 23:47:46,876] Trial 51 pruned. 
[I 2025-03-21 23:47:46,974] Trial 52 pruned. 
[I 2025-03-21 23:47:50,358] Trial 53 finished with value: 61.775668081975795 and parameters: {'n_units_l0': 3584, 'n_units_l1': 1952, 'n_units_l2': 448, 'n_units_l3': 3168, 'lr': 0.0010933417702137802}. Best is trial 32 with value: 34.750158922479294.
[I 2025-03-21 23:47:50,463] Trial 54 pruned. 
[I 2025-03-21 23:47:50,574] Trial 55 pruned. 
[I 2025-03-21 23:47:51,337] Trial 3 finished with value: 86.34109596931498 and parameters: {'n_units_l0': 1152, 'n_units_l1': 2848, 'n_units_l2': 3392, 'n_units_l3': 1952, 'n_units_l4': 3424, 'lr': 0.07183328019725944}. Best is trial 0 with value: 37.43396952763902.
[I 2025-03-21 23:47:53,964] Trial 56 finished with value: 69.33727369980775 and parameters: {'n_units_l0': 3488, 'n_units_l1': 1984, 'n_units_l2': 576, 'n_units_l3': 2784, 'lr': 0.0004300892730498024}. Best is trial 32 with value: 34.750158922479294.
[I 2025-03-21 23:47:54,077] Trial 57 pruned. 
[I 2025-03-21 23:47:54,133] Trial 58 pruned. 
[I 2025-03-21 23:47:54,210] Trial 59 pruned. 
[I 2025-03-21 23:47:54,302] Trial 60 pruned. 
[I 2025-03-21 23:47:54,461] Trial 61 pruned. 
[I 2025-03-21 23:47:54,555] Trial 62 pruned. 
[I 2025-03-21 23:47:54,685] Trial 63 pruned. 
[I 2025-03-21 23:47:54,798] Trial 64 pruned. 
[I 2025-03-21 23:47:54,893] Trial 65 pruned. 
[I 2025-03-21 23:47:55,058] Trial 66 pruned. 
[I 2025-03-21 23:47:55,149] Trial 67 pruned. 
[I 2025-03-21 23:47:55,217] Trial 68 pruned. 
[I 2025-03-21 23:47:55,304] Trial 4 finished with value: 60.19304782807515 and parameters: {'n_units_l0': 3904, 'n_units_l1': 1856, 'n_units_l2': 3936, 'n_units_l3': 608, 'n_units_l4': 1120, 'lr': 0.009387296168463276}. Best is trial 0 with value: 37.43396952763902.
[I 2025-03-21 23:47:55,340] Trial 69 pruned. 
[I 2025-03-21 23:47:55,431] Trial 70 pruned. 
[I 2025-03-21 23:47:55,585] Trial 71 pruned. 
[I 2025-03-21 23:47:55,736] Trial 72 pruned. 
[I 2025-03-21 23:47:55,821] Trial 73 pruned. 
[I 2025-03-21 23:47:55,925] Trial 74 pruned. 
[I 2025-03-21 23:47:58,800] Trial 5 finished with value: 75.78588627520656 and parameters: {'n_units_l0': 4096, 'n_units_l1': 64, 'n_units_l2': 3712, 'n_units_l3': 352, 'n_units_l4': 992, 'lr': 0.001040882601474675}. Best is trial 0 with value: 37.43396952763902.
[I 2025-03-21 23:47:58,900] Trial 6 pruned. 
[I 2025-03-21 23:47:59,078] Trial 7 pruned. 
[I 2025-03-21 23:47:59,279] Trial 8 pruned. 
[I 2025-03-21 23:47:59,496] Trial 9 pruned. 
[I 2025-03-21 23:47:59,767] Trial 75 pruned. 
[I 2025-03-21 23:47:59,820] Trial 10 pruned. 
[I 2025-03-21 23:47:59,843] Trial 76 pruned. 
[I 2025-03-21 23:47:59,928] Trial 77 pruned. 
[I 2025-03-21 23:48:00,026] Trial 78 pruned. 
[I 2025-03-21 23:48:00,041] Trial 11 pruned. 
[I 2025-03-21 23:48:00,122] Trial 79 pruned. 
[I 2025-03-21 23:48:00,210] Trial 12 pruned. 
[I 2025-03-21 23:48:00,225] Trial 80 pruned. 
[I 2025-03-21 23:48:00,372] Trial 13 pruned. 
[I 2025-03-21 23:48:00,577] Trial 14 pruned. 
[I 2025-03-21 23:48:00,920] Trial 15 pruned. 
[I 2025-03-21 23:48:03,631] Trial 81 finished with value: 72.12453653918234 and parameters: {'n_units_l0': 3872, 'n_units_l1': 1792, 'n_units_l2': 1536, 'n_units_l3': 1952, 'lr': 0.00022322212312541289}. Best is trial 32 with value: 34.750158922479294.
[I 2025-03-21 23:48:03,733] Trial 82 pruned. 
[I 2025-03-21 23:48:03,874] Trial 83 pruned. 
[I 2025-03-21 23:48:03,937] Trial 84 pruned. 
[I 2025-03-21 23:48:04,123] Trial 85 pruned. 
[I 2025-03-21 23:48:04,211] Trial 86 pruned. 
[I 2025-03-21 23:48:04,316] Trial 87 pruned. 
[I 2025-03-21 23:48:04,423] Trial 88 pruned. 
[I 2025-03-21 23:48:04,439] Trial 16 finished with value: 40.43258111763999 and parameters: {'n_units_l0': 672, 'n_units_l1': 864, 'n_units_l2': 1344, 'n_units_l3': 1376, 'n_units_l4': 832, 'lr': 0.002257207531277238}. Best is trial 0 with value: 37.43396952763902.
[I 2025-03-21 23:48:04,641] Trial 89 pruned. 
[I 2025-03-21 23:48:04,723] Trial 90 pruned. 
[I 2025-03-21 23:48:04,830] Trial 91 pruned. 
[I 2025-03-21 23:48:07,985] Trial 17 finished with value: 43.01502219794308 and parameters: {'n_units_l0': 640, 'n_units_l1': 928, 'n_units_l2': 1280, 'n_units_l3': 1504, 'n_units_l4': 608, 'lr': 0.000885273057980353}. Best is trial 0 with value: 37.43396952763902.
[I 2025-03-21 23:48:08,070] Trial 18 pruned. 
[I 2025-03-21 23:48:08,197] Trial 19 pruned. 
[I 2025-03-21 23:48:08,237] Trial 92 finished with value: 70.42396884051689 and parameters: {'n_units_l0': 3712, 'n_units_l1': 2080, 'n_units_l2': 1600, 'n_units_l3': 1856, 'lr': 0.0004891569773797431}. Best is trial 32 with value: 34.750158922479294.
[I 2025-03-21 23:48:08,308] Trial 20 pruned. 
[I 2025-03-21 23:48:08,356] Trial 93 pruned. 
[I 2025-03-21 23:48:08,457] Trial 94 pruned. 
[I 2025-03-21 23:48:08,548] Trial 95 pruned. 
[I 2025-03-21 23:48:08,635] Trial 96 pruned. 
[I 2025-03-21 23:48:08,774] Trial 97 pruned. 
[I 2025-03-21 23:48:08,901] Trial 98 pruned. 
[I 2025-03-21 23:48:09,025] Trial 99 pruned. 
[I 2025-03-21 23:48:09,042] A new study created in memory with name: no-name-1160f66b-42fc-403b-851d-fe2b643486c4
[I 2025-03-21 23:48:11,759] Trial 21 pruned. 
[I 2025-03-21 23:48:11,870] Trial 22 pruned. 
[I 2025-03-21 23:48:15,091] Trial 0 finished with value: 137.165783787273 and parameters: {'n_units_l0': 1536, 'n_units_l1': 3680, 'n_units_l2': 2560, 'n_units_l3': 2464, 'n_units_l4': 1248, 'n_units_l5': 1408, 'lr': 0.062273556475264384}. Best is trial 0 with value: 137.165783787273.
[I 2025-03-21 23:48:15,417] Trial 23 finished with value: 34.50580974399107 and parameters: {'n_units_l0': 832, 'n_units_l1': 64, 'n_units_l2': 768, 'n_units_l3': 1664, 'n_units_l4': 768, 'lr': 0.0009255906143200731}. Best is trial 23 with value: 34.50580974399107.
[I 2025-03-21 23:48:15,495] Trial 24 pruned. 
[I 2025-03-21 23:48:15,758] Trial 25 pruned. 
[I 2025-03-21 23:48:15,834] Trial 26 pruned. 
[I 2025-03-21 23:48:15,929] Trial 27 pruned. 
[I 2025-03-21 23:48:16,017] Trial 28 pruned. 
[I 2025-03-21 23:48:16,105] Trial 29 pruned. 
[I 2025-03-21 23:48:16,200] Trial 30 pruned. 
[I 2025-03-21 23:48:16,479] Trial 31 pruned. 
[I 2025-03-21 23:48:16,555] Trial 32 pruned. 
[I 2025-03-21 23:48:16,679] Trial 33 pruned. 
[I 2025-03-21 23:48:16,762] Trial 34 pruned. 
[I 2025-03-21 23:48:16,833] Trial 35 pruned. 
[I 2025-03-21 23:48:16,928] Trial 36 pruned. 
[I 2025-03-21 23:48:17,049] Trial 37 pruned. 
[I 2025-03-21 23:48:17,594] Trial 38 pruned. 
[I 2025-03-21 23:48:17,671] Trial 39 pruned. 
[I 2025-03-21 23:48:17,766] Trial 40 pruned. 
[I 2025-03-21 23:48:17,894] Trial 41 pruned. 
[I 2025-03-21 23:48:18,070] Trial 42 pruned. 
[I 2025-03-21 23:48:18,285] Trial 43 pruned. 
[I 2025-03-21 23:48:18,374] Trial 44 pruned. 
[I 2025-03-21 23:48:18,467] Trial 45 pruned. 
[I 2025-03-21 23:48:18,548] Trial 46 pruned. 
[I 2025-03-21 23:48:18,633] Trial 47 pruned. 
[I 2025-03-21 23:48:18,820] Trial 1 finished with value: 138.6312690455252 and parameters: {'n_units_l0': 1664, 'n_units_l1': 1216, 'n_units_l2': 1920, 'n_units_l3': 1824, 'n_units_l4': 2880, 'n_units_l5': 320, 'lr': 0.03154988945255215}. Best is trial 0 with value: 137.165783787273.
[I 2025-03-21 23:48:18,932] Trial 48 pruned. 
[I 2025-03-21 23:48:19,138] Trial 49 pruned. 
[I 2025-03-21 23:48:19,218] Trial 50 pruned. 
[I 2025-03-21 23:48:19,292] Trial 51 pruned. 
[I 2025-03-21 23:48:19,370] Trial 52 pruned. 
[I 2025-03-21 23:48:19,466] Trial 53 pruned. 
[I 2025-03-21 23:48:19,565] Trial 54 pruned. 
[I 2025-03-21 23:48:19,641] Trial 55 pruned. 
[I 2025-03-21 23:48:19,729] Trial 56 pruned. 
[I 2025-03-21 23:48:19,802] Trial 57 pruned. 
[I 2025-03-21 23:48:19,927] Trial 58 pruned. 
[I 2025-03-21 23:48:20,039] Trial 59 pruned. 
[I 2025-03-21 23:48:20,142] Trial 60 pruned. 
[I 2025-03-21 23:48:20,347] Trial 61 pruned. 
[I 2025-03-21 23:48:20,533] Trial 62 pruned. 
[I 2025-03-21 23:48:20,645] Trial 63 pruned. 
[I 2025-03-21 23:48:20,818] Trial 64 pruned. 
[I 2025-03-21 23:48:20,936] Trial 65 pruned. 
[I 2025-03-21 23:48:21,210] Trial 66 pruned. 
[I 2025-03-21 23:48:21,287] Trial 67 pruned. 
[I 2025-03-21 23:48:21,396] Trial 68 pruned. 
[I 2025-03-21 23:48:21,640] Trial 69 pruned. 
[I 2025-03-21 23:48:21,748] Trial 70 pruned. 
[I 2025-03-21 23:48:21,908] Trial 71 pruned. 
[I 2025-03-21 23:48:22,069] Trial 72 pruned. 
[I 2025-03-21 23:48:22,158] Trial 73 pruned. 
[I 2025-03-21 23:48:22,259] Trial 74 pruned. 
[I 2025-03-21 23:48:22,350] Trial 75 pruned. 
[I 2025-03-21 23:48:22,470] Trial 76 pruned. 
[I 2025-03-21 23:48:22,604] Trial 77 pruned. 
[I 2025-03-21 23:48:22,696] Trial 78 pruned. 
[I 2025-03-21 23:48:22,806] Trial 79 pruned. 
[I 2025-03-21 23:48:22,978] Trial 80 pruned. 
[I 2025-03-21 23:48:23,222] Trial 81 pruned. 
[I 2025-03-21 23:48:23,462] Trial 82 pruned. 
[I 2025-03-21 23:48:23,588] Trial 83 pruned. 
[I 2025-03-21 23:48:23,886] Trial 84 pruned. 
[I 2025-03-21 23:48:23,966] Trial 85 pruned. 
[I 2025-03-21 23:48:24,132] Trial 86 pruned. 
[I 2025-03-21 23:48:24,219] Trial 87 pruned. 
[I 2025-03-21 23:48:25,165] Trial 2 finished with value: 134.49084648411934 and parameters: {'n_units_l0': 576, 'n_units_l1': 1952, 'n_units_l2': 3584, 'n_units_l3': 1472, 'n_units_l4': 2880, 'n_units_l5': 3328, 'lr': 0.054967268542141456}. Best is trial 2 with value: 134.49084648411934.
[I 2025-03-21 23:48:26,791] Trial 88 pruned. 
[I 2025-03-21 23:48:26,896] Trial 89 pruned. 
[I 2025-03-21 23:48:27,080] Trial 90 pruned. 
[I 2025-03-21 23:48:27,508] Trial 91 pruned. 
[I 2025-03-21 23:48:27,593] Trial 92 pruned. 
[I 2025-03-21 23:48:27,693] Trial 93 pruned. 
[I 2025-03-21 23:48:27,776] Trial 94 pruned. 
[I 2025-03-21 23:48:27,879] Trial 95 pruned. 
[I 2025-03-21 23:48:31,462] Trial 96 finished with value: 31.582923709410025 and parameters: {'n_units_l0': 640, 'n_units_l1': 576, 'n_units_l2': 736, 'n_units_l3': 2240, 'n_units_l4': 704, 'lr': 0.002582562924456364}. Best is trial 96 with value: 31.582923709410025.
[I 2025-03-21 23:48:31,542] Trial 97 pruned. 
[I 2025-03-21 23:48:31,681] Trial 98 pruned. 
[I 2025-03-21 23:48:31,793] Trial 99 pruned. 
[I 2025-03-21 23:48:31,810] A new study created in memory with name: no-name-c4b97ec4-86b0-4fbe-b9d2-009d173fee6d
[I 2025-03-21 23:48:34,361] Trial 3 finished with value: 137.97359438591602 and parameters: {'n_units_l0': 1888, 'n_units_l1': 3168, 'n_units_l2': 2848, 'n_units_l3': 3680, 'n_units_l4': 3008, 'n_units_l5': 1792, 'lr': 0.03537288143307694}. Best is trial 2 with value: 134.49084648411934.
[I 2025-03-21 23:48:42,722] Trial 4 finished with value: 117.23031144866144 and parameters: {'n_units_l0': 2336, 'n_units_l1': 3520, 'n_units_l2': 3008, 'n_units_l3': 2848, 'n_units_l4': 1632, 'n_units_l5': 3680, 'lr': 0.07374558779907674}. Best is trial 4 with value: 117.23031144866144.
[I 2025-03-21 23:48:43,114] Trial 5 pruned. 
[I 2025-03-21 23:48:43,769] Trial 0 finished with value: 129.0500891634507 and parameters: {'n_units_l0': 1728, 'n_units_l1': 3776, 'n_units_l2': 3936, 'n_units_l3': 2560, 'n_units_l4': 3840, 'n_units_l5': 3648, 'n_units_l6': 352, 'lr': 0.014030437410822228}. Best is trial 0 with value: 129.0500891634507.
[I 2025-03-21 23:48:46,770] Trial 6 finished with value: 39.671654007197674 and parameters: {'n_units_l0': 1888, 'n_units_l1': 1088, 'n_units_l2': 160, 'n_units_l3': 1088, 'n_units_l4': 3424, 'n_units_l5': 1984, 'lr': 0.051014149074758694}. Best is trial 6 with value: 39.671654007197674.
[I 2025-03-21 23:48:47,004] Trial 7 pruned. 
[I 2025-03-21 23:48:47,977] Trial 8 pruned. 
[I 2025-03-21 23:48:48,221] Trial 9 pruned. 
[I 2025-03-21 23:48:49,317] Trial 1 finished with value: 134.94243702397353 and parameters: {'n_units_l0': 896, 'n_units_l1': 3328, 'n_units_l2': 1056, 'n_units_l3': 544, 'n_units_l4': 2624, 'n_units_l5': 2688, 'n_units_l6': 3040, 'lr': 0.05384287808718518}. Best is trial 0 with value: 129.0500891634507.
[I 2025-03-21 23:48:52,160] Trial 10 finished with value: 105.12183060571161 and parameters: {'n_units_l0': 3200, 'n_units_l1': 896, 'n_units_l2': 64, 'n_units_l3': 704, 'n_units_l4': 4096, 'n_units_l5': 2624, 'lr': 0.003819255805783968}. Best is trial 6 with value: 39.671654007197674.
