[I 2025-03-23 01:59:21,096] Trial 64 finished with value: 13.43389357775314 and parameters: {'n_units_l0': 256, 'n_units_l1': 2528, 'n_units_l2': 1856, 'n_units_l3': 3552, 'lr': 0.0031320828408278843}. Best is trial 41 with value: 6.235000154354569.
[I 2025-03-23 01:59:38,163] Trial 65 pruned. 
[I 2025-03-23 01:59:44,449] Trial 66 pruned. 
[I 2025-03-23 01:59:51,012] Trial 67 pruned. 
[I 2025-03-23 01:59:53,071] Trial 68 pruned. 
[I 2025-03-23 01:59:57,236] Trial 69 pruned. 
[I 2025-03-23 01:59:59,550] Trial 70 pruned. 
[I 2025-03-23 02:00:01,742] Trial 71 pruned. 
[I 2025-03-23 02:00:03,846] Trial 72 pruned. 
[I 2025-03-23 02:00:06,012] Trial 73 pruned. 
[I 2025-03-23 02:00:12,248] Trial 74 pruned. 
[I 2025-03-23 02:00:16,349] Trial 75 pruned. 
[I 2025-03-23 02:00:18,449] Trial 76 pruned. 
[I 2025-03-23 02:00:20,599] Trial 77 pruned. 
[I 2025-03-23 02:00:22,787] Trial 78 pruned. 
[I 2025-03-23 02:03:49,800] Trial 72 finished with value: 6.622116517521595 and parameters: {'n_units_l0': 3680, 'n_units_l1': 3616, 'n_units_l2': 3680, 'n_units_l3': 2400, 'n_units_l4': 96, 'n_units_l5': 1600, 'n_units_l6': 608, 'n_units_l7': 3840, 'n_units_l8': 1376, 'n_units_l9': 480, 'n_units_l10': 3168, 'n_units_l11': 2464, 'lr': 0.0003201353513026112}. Best is trial 42 with value: 3.7319023237544084.
[I 2025-03-23 02:03:50,858] Trial 79 finished with value: 36.644653229057845 and parameters: {'n_units_l0': 128, 'n_units_l1': 2208, 'n_units_l2': 2432, 'n_units_l3': 2912, 'lr': 0.0071209624160223275}. Best is trial 41 with value: 6.235000154354569.
[I 2025-03-23 02:03:53,026] Trial 80 pruned. 
[I 2025-03-23 02:03:54,934] Trial 73 pruned. 
[I 2025-03-23 02:03:55,105] Trial 81 pruned. 
[I 2025-03-23 02:04:00,176] Trial 74 pruned. 
[I 2025-03-23 02:04:03,744] Trial 82 pruned. 
[I 2025-03-23 02:04:05,932] Trial 83 pruned. 
[I 2025-03-23 02:07:34,965] Trial 84 finished with value: 11.886023156562592 and parameters: {'n_units_l0': 256, 'n_units_l1': 2656, 'n_units_l2': 2208, 'n_units_l3': 3296, 'lr': 0.0017825439942585068}. Best is trial 41 with value: 6.235000154354569.
[I 2025-03-23 02:07:38,219] Trial 85 pruned. 
[I 2025-03-23 02:07:40,266] Trial 86 pruned. 
[I 2025-03-23 02:07:42,433] Trial 87 pruned. 
[I 2025-03-23 02:07:46,791] Trial 88 pruned. 
[I 2025-03-23 02:07:49,464] Trial 89 pruned. 
[I 2025-03-23 02:07:52,769] Trial 90 pruned. 
[I 2025-03-23 02:08:10,707] Trial 91 pruned. 
[I 2025-03-23 02:08:12,985] Trial 92 pruned. 
[I 2025-03-23 02:08:19,298] Trial 93 pruned. 
[I 2025-03-23 02:08:21,478] Trial 94 pruned. 
[I 2025-03-23 02:08:23,673] Trial 95 pruned. 
[I 2025-03-23 02:08:25,715] Trial 96 pruned. 
[I 2025-03-23 02:08:27,900] Trial 97 pruned. 
[I 2025-03-23 02:11:14,498] Trial 75 finished with value: 4.497645217216819 and parameters: {'n_units_l0': 3360, 'n_units_l1': 3648, 'n_units_l2': 3808, 'n_units_l3': 2464, 'n_units_l4': 32, 'n_units_l5': 1440, 'n_units_l6': 192, 'n_units_l7': 4032, 'n_units_l8': 992, 'n_units_l9': 224, 'n_units_l10': 3648, 'n_units_l11': 2016, 'lr': 1.301402720618073e-05}. Best is trial 42 with value: 3.7319023237544084.
[I 2025-03-23 02:11:19,119] Trial 76 pruned. 
[I 2025-03-23 02:11:54,458] Trial 98 finished with value: 11.069830341811173 and parameters: {'n_units_l0': 224, 'n_units_l1': 2144, 'n_units_l2': 2336, 'n_units_l3': 2976, 'lr': 0.002382413515499431}. Best is trial 41 with value: 6.235000154354569.
[I 2025-03-23 02:11:56,617] Trial 99 pruned. 
[I 2025-03-23 02:11:56,930] A new study created in memory with name: no-name-9de4a8e4-20ec-4de6-a22d-12d179b12e86
[I 2025-03-23 02:16:40,325] Trial 0 finished with value: 125.2901407866023 and parameters: {'n_units_l0': 2976, 'n_units_l1': 2976, 'n_units_l2': 2176, 'n_units_l3': 960, 'n_units_l4': 2816, 'lr': 0.031473971878707645}. Best is trial 0 with value: 125.2901407866023.
[I 2025-03-23 02:20:20,863] Trial 1 finished with value: 125.28648080322417 and parameters: {'n_units_l0': 1312, 'n_units_l1': 1344, 'n_units_l2': 2592, 'n_units_l3': 3040, 'n_units_l4': 416, 'lr': 0.06350869884315902}. Best is trial 1 with value: 125.28648080322417.
[I 2025-03-23 02:20:52,991] Trial 77 finished with value: 6.147180170318452 and parameters: {'n_units_l0': 3552, 'n_units_l1': 3488, 'n_units_l2': 4000, 'n_units_l3': 2144, 'n_units_l4': 4000, 'n_units_l5': 2048, 'n_units_l6': 608, 'n_units_l7': 3776, 'n_units_l8': 1344, 'n_units_l9': 192, 'n_units_l10': 3552, 'n_units_l11': 1728, 'lr': 7.098360021065897e-05}. Best is trial 42 with value: 3.7319023237544084.
[I 2025-03-23 02:20:57,451] Trial 78 pruned. 
[I 2025-03-23 02:21:02,447] Trial 79 pruned. 
[I 2025-03-23 02:21:06,280] Trial 80 pruned. 
[I 2025-03-23 02:21:11,931] Trial 81 pruned. 
[I 2025-03-23 02:24:56,139] Trial 2 finished with value: 125.3064648997189 and parameters: {'n_units_l0': 1632, 'n_units_l1': 3968, 'n_units_l2': 3136, 'n_units_l3': 128, 'n_units_l4': 288, 'lr': 0.0774772177541923}. Best is trial 1 with value: 125.28648080322417.
[I 2025-03-23 02:28:34,643] Trial 3 finished with value: 125.28788548230483 and parameters: {'n_units_l0': 896, 'n_units_l1': 128, 'n_units_l2': 3264, 'n_units_l3': 832, 'n_units_l4': 3744, 'lr': 0.04786890873348481}. Best is trial 1 with value: 125.28648080322417.
[I 2025-03-23 02:30:51,537] Trial 82 finished with value: 5.5478422538740055 and parameters: {'n_units_l0': 3232, 'n_units_l1': 3712, 'n_units_l2': 3232, 'n_units_l3': 2688, 'n_units_l4': 3808, 'n_units_l5': 1536, 'n_units_l6': 928, 'n_units_l7': 3744, 'n_units_l8': 1504, 'n_units_l9': 224, 'n_units_l10': 3616, 'n_units_l11': 2496, 'lr': 0.0003612455374459244}. Best is trial 42 with value: 3.7319023237544084.
[I 2025-03-23 02:32:12,948] Trial 4 finished with value: 125.29565928764556 and parameters: {'n_units_l0': 2880, 'n_units_l1': 352, 'n_units_l2': 3744, 'n_units_l3': 704, 'n_units_l4': 3904, 'lr': 0.01990549708536195}. Best is trial 1 with value: 125.28648080322417.
[I 2025-03-23 02:32:16,246] Trial 5 pruned. 
[I 2025-03-23 02:32:33,599] Trial 6 pruned. 
[I 2025-03-23 02:32:38,628] Trial 7 pruned. 
[I 2025-03-23 02:32:42,460] Trial 8 pruned. 
[I 2025-03-23 02:32:44,714] Trial 9 pruned. 
[I 2025-03-23 02:36:23,259] Trial 10 finished with value: 125.28732932676466 and parameters: {'n_units_l0': 224, 'n_units_l1': 1088, 'n_units_l2': 1664, 'n_units_l3': 2368, 'n_units_l4': 1216, 'lr': 0.04910914276697169}. Best is trial 1 with value: 125.28648080322417.
[I 2025-03-23 02:40:01,578] Trial 11 finished with value: 125.2864037016464 and parameters: {'n_units_l0': 160, 'n_units_l1': 1024, 'n_units_l2': 1568, 'n_units_l3': 2240, 'n_units_l4': 1152, 'lr': 0.048167971828654024}. Best is trial 11 with value: 125.2864037016464.
[I 2025-03-23 02:40:28,968] Trial 83 finished with value: 7.030941272821448 and parameters: {'n_units_l0': 3392, 'n_units_l1': 3680, 'n_units_l2': 3264, 'n_units_l3': 2752, 'n_units_l4': 3808, 'n_units_l5': 1792, 'n_units_l6': 192, 'n_units_l7': 3712, 'n_units_l8': 1344, 'n_units_l9': 480, 'n_units_l10': 3520, 'n_units_l11': 2624, 'lr': 0.00010457848745130222}. Best is trial 42 with value: 3.7319023237544084.
[I 2025-03-23 02:40:35,110] Trial 84 pruned. 
[I 2025-03-23 02:43:38,447] Trial 12 finished with value: 16.897453166603967 and parameters: {'n_units_l0': 320, 'n_units_l1': 1344, 'n_units_l2': 128, 'n_units_l3': 1984, 'n_units_l4': 1184, 'lr': 0.0034889873921082268}. Best is trial 12 with value: 16.897453166603967.
[I 2025-03-23 02:47:15,869] Trial 13 finished with value: 5.567969293975357 and parameters: {'n_units_l0': 96, 'n_units_l1': 2528, 'n_units_l2': 352, 'n_units_l3': 1920, 'n_units_l4': 1216, 'lr': 0.0023111946540194097}. Best is trial 13 with value: 5.567969293975357.
[I 2025-03-23 02:47:18,101] Trial 14 pruned. 
[I 2025-03-23 02:50:05,556] Trial 85 finished with value: 8.82375060551076 and parameters: {'n_units_l0': 3168, 'n_units_l1': 3968, 'n_units_l2': 3680, 'n_units_l3': 1728, 'n_units_l4': 3616, 'n_units_l5': 2400, 'n_units_l6': 544, 'n_units_l7': 3840, 'n_units_l8': 1888, 'n_units_l9': 416, 'n_units_l10': 3616, 'n_units_l11': 1696, 'lr': 8.166819757607168e-05}. Best is trial 42 with value: 3.7319023237544084.
[I 2025-03-23 02:50:10,506] Trial 86 pruned. 
[I 2025-03-23 02:50:16,230] Trial 87 pruned. 
[I 2025-03-23 02:50:22,554] Trial 88 pruned. 
[I 2025-03-23 02:50:27,101] Trial 89 pruned. 
[I 2025-03-23 02:50:32,401] Trial 90 pruned. 
[I 2025-03-23 02:50:56,996] Trial 15 finished with value: 5.121464937336818 and parameters: {'n_units_l0': 896, 'n_units_l1': 2528, 'n_units_l2': 32, 'n_units_l3': 1664, 'n_units_l4': 2208, 'lr': 0.0020527467470455116}. Best is trial 15 with value: 5.121464937336818.
[I 2025-03-23 02:50:59,185] Trial 16 pruned. 
[I 2025-03-23 02:51:01,472] Trial 17 pruned. 
[I 2025-03-23 02:51:03,653] Trial 18 pruned. 
[I 2025-03-23 02:54:42,257] Trial 19 finished with value: 16.43163816593765 and parameters: {'n_units_l0': 64, 'n_units_l1': 3136, 'n_units_l2': 1280, 'n_units_l3': 32, 'n_units_l4': 2944, 'lr': 9.94947515516641e-05}. Best is trial 15 with value: 5.121464937336818.
[I 2025-03-23 02:54:44,376] Trial 20 pruned. 
[I 2025-03-23 02:54:46,612] Trial 21 pruned. 
[I 2025-03-23 02:58:24,508] Trial 22 finished with value: 125.28636674290733 and parameters: {'n_units_l0': 512, 'n_units_l1': 3136, 'n_units_l2': 352, 'n_units_l3': 1312, 'n_units_l4': 2432, 'lr': 0.013695999756367833}. Best is trial 15 with value: 5.121464937336818.
[I 2025-03-23 02:58:26,683] Trial 23 pruned. 
[I 2025-03-23 03:00:08,449] Trial 91 finished with value: 15.856918897259904 and parameters: {'n_units_l0': 3360, 'n_units_l1': 3680, 'n_units_l2': 3296, 'n_units_l3': 2720, 'n_units_l4': 3872, 'n_units_l5': 1792, 'n_units_l6': 192, 'n_units_l7': 3680, 'n_units_l8': 1344, 'n_units_l9': 448, 'n_units_l10': 3584, 'n_units_l11': 2592, 'lr': 0.0002645269097858432}. Best is trial 42 with value: 3.7319023237544084.
[I 2025-03-23 03:02:04,300] Trial 24 finished with value: 125.2953201628748 and parameters: {'n_units_l0': 64, 'n_units_l1': 2816, 'n_units_l2': 1440, 'n_units_l3': 384, 'n_units_l4': 1888, 'lr': 0.025826943463698133}. Best is trial 15 with value: 5.121464937336818.
[I 2025-03-23 03:05:43,472] Trial 25 finished with value: 36.47224981741884 and parameters: {'n_units_l0': 448, 'n_units_l1': 3488, 'n_units_l2': 672, 'n_units_l3': 2816, 'n_units_l4': 2336, 'lr': 0.008330859892842435}. Best is trial 15 with value: 5.121464937336818.
[I 2025-03-23 03:05:45,738] Trial 26 pruned. 
[I 2025-03-23 03:05:52,251] Trial 27 pruned. 
[I 2025-03-23 03:05:54,401] Trial 28 pruned. 
[I 2025-03-23 03:05:56,649] Trial 29 pruned. 
[I 2025-03-23 03:05:58,912] Trial 30 pruned. 
[I 2025-03-23 03:06:01,140] Trial 31 pruned. 
[I 2025-03-23 03:09:13,887] Trial 92 finished with value: 11.819499526513983 and parameters: {'n_units_l0': 3584, 'n_units_l1': 3712, 'n_units_l2': 3456, 'n_units_l3': 1952, 'n_units_l4': 3680, 'n_units_l5': 1792, 'n_units_l6': 224, 'n_units_l7': 3744, 'n_units_l8': 1184, 'n_units_l9': 288, 'n_units_l10': 3712, 'n_units_l11': 2656, 'lr': 1.9591373245437672e-05}. Best is trial 42 with value: 3.7319023237544084.
[I 2025-03-23 03:09:19,995] Trial 93 pruned. 
[I 2025-03-23 03:09:26,337] Trial 94 pruned. 
[I 2025-03-23 03:09:32,490] Trial 95 pruned. 
[I 2025-03-23 03:09:38,261] Trial 96 pruned. 
[I 2025-03-23 03:09:39,217] Trial 32 finished with value: 14.876975994153536 and parameters: {'n_units_l0': 32, 'n_units_l1': 2240, 'n_units_l2': 320, 'n_units_l3': 2528, 'n_units_l4': 832, 'lr': 0.0024453707955149413}. Best is trial 15 with value: 5.121464937336818.
[I 2025-03-23 03:09:44,626] Trial 97 pruned. 
[I 2025-03-23 03:13:20,129] Trial 33 finished with value: 16.178602115818247 and parameters: {'n_units_l0': 64, 'n_units_l1': 2208, 'n_units_l2': 2272, 'n_units_l3': 3200, 'n_units_l4': 832, 'lr': 0.012134109520111376}. Best is trial 15 with value: 5.121464937336818.
[I 2025-03-23 03:13:22,410] Trial 34 pruned. 
[I 2025-03-23 03:13:24,781] Trial 35 pruned. 
[I 2025-03-23 03:13:27,380] Trial 36 pruned. 
[I 2025-03-23 03:13:30,165] Trial 37 pruned. 
[I 2025-03-23 03:13:33,925] Trial 38 pruned. 
[I 2025-03-23 03:13:36,740] Trial 39 pruned. 
[I 2025-03-23 03:13:39,043] Trial 40 pruned. 
[I 2025-03-23 03:17:18,062] Trial 41 finished with value: 18.639819129765392 and parameters: {'n_units_l0': 96, 'n_units_l1': 2880, 'n_units_l2': 608, 'n_units_l3': 3360, 'n_units_l4': 608, 'lr': 0.004288312452011404}. Best is trial 15 with value: 5.121464937336818.
[I 2025-03-23 03:18:13,083] Trial 98 finished with value: 33.26143062966127 and parameters: {'n_units_l0': 4096, 'n_units_l1': 3872, 'n_units_l2': 3680, 'n_units_l3': 2176, 'n_units_l4': 224, 'n_units_l5': 1472, 'n_units_l6': 1088, 'n_units_l7': 3744, 'n_units_l8': 1440, 'n_units_l9': 288, 'n_units_l10': 4032, 'n_units_l11': 2208, 'lr': 0.0024381322489163094}. Best is trial 42 with value: 3.7319023237544084.
[I 2025-03-23 03:18:18,590] Trial 99 pruned. 
[I 2025-03-23 03:18:18,915] A new study created in memory with name: no-name-44154311-9304-4d13-80ad-fe6ce86c7c99
[I 2025-03-23 03:20:56,058] Trial 42 finished with value: 13.346615881535904 and parameters: {'n_units_l0': 32, 'n_units_l1': 2624, 'n_units_l2': 256, 'n_units_l3': 3744, 'n_units_l4': 992, 'lr': 0.011847294560590397}. Best is trial 15 with value: 5.121464937336818.
[I 2025-03-23 03:20:58,279] Trial 43 pruned. 
[I 2025-03-23 03:21:00,497] Trial 44 pruned. 
[I 2025-03-23 03:24:40,183] Trial 45 finished with value: 125.2921879870431 and parameters: {'n_units_l0': 32, 'n_units_l1': 2400, 'n_units_l2': 224, 'n_units_l3': 3008, 'n_units_l4': 992, 'lr': 0.017017649251860542}. Best is trial 15 with value: 5.121464937336818.
[I 2025-03-23 03:26:54,052] Trial 0 finished with value: 124.85065013506193 and parameters: {'n_units_l0': 160, 'n_units_l1': 2976, 'n_units_l2': 3520, 'n_units_l3': 2176, 'n_units_l4': 4032, 'n_units_l5': 2624, 'lr': 0.08490133584381701}. Best is trial 0 with value: 124.85065013506193.
[I 2025-03-23 03:29:29,804] Trial 46 finished with value: 23.60018684025557 and parameters: {'n_units_l0': 256, 'n_units_l1': 2656, 'n_units_l2': 2304, 'n_units_l3': 3744, 'n_units_l4': 1344, 'lr': 0.005374925882309801}. Best is trial 15 with value: 5.121464937336818.
[I 2025-03-23 03:29:32,078] Trial 47 pruned. 
[I 2025-03-23 03:29:34,349] Trial 48 pruned. 
[I 2025-03-23 03:29:36,524] Trial 49 pruned. 
[I 2025-03-23 03:29:38,796] Trial 50 pruned. 
[I 2025-03-23 03:29:40,999] Trial 51 pruned. 
[I 2025-03-23 03:30:45,392] Trial 1 finished with value: 124.87564897246946 and parameters: {'n_units_l0': 1920, 'n_units_l1': 2656, 'n_units_l2': 2976, 'n_units_l3': 32, 'n_units_l4': 288, 'n_units_l5': 320, 'lr': 0.052171596158455104}. Best is trial 0 with value: 124.85065013506193.
[I 2025-03-23 03:33:19,610] Trial 52 finished with value: 25.6015702847935 and parameters: {'n_units_l0': 224, 'n_units_l1': 2944, 'n_units_l2': 160, 'n_units_l3': 832, 'n_units_l4': 768, 'lr': 0.006382160359653325}. Best is trial 15 with value: 5.121464937336818.
[I 2025-03-23 03:33:21,891] Trial 53 pruned. 
[I 2025-03-23 03:33:24,292] Trial 54 pruned. 
[I 2025-03-23 03:33:26,578] Trial 55 pruned. 
[I 2025-03-23 03:37:06,036] Trial 56 finished with value: 13.000269216712379 and parameters: {'n_units_l0': 128, 'n_units_l1': 2304, 'n_units_l2': 384, 'n_units_l3': 1536, 'n_units_l4': 3392, 'lr': 0.0038340773350721133}. Best is trial 15 with value: 5.121464937336818.
[I 2025-03-23 03:37:08,371] Trial 57 pruned. 
[I 2025-03-23 03:37:10,526] Trial 58 pruned. 
[I 2025-03-23 03:37:13,578] Trial 59 pruned. 
[I 2025-03-23 03:37:15,836] Trial 60 pruned. 
[I 2025-03-23 03:37:18,022] Trial 61 pruned. 
[I 2025-03-23 03:37:34,596] Trial 2 finished with value: 124.84996199697699 and parameters: {'n_units_l0': 2464, 'n_units_l1': 2016, 'n_units_l2': 3168, 'n_units_l3': 3008, 'n_units_l4': 1824, 'n_units_l5': 1312, 'lr': 0.04316434880542964}. Best is trial 2 with value: 124.84996199697699.
[I 2025-03-23 03:37:44,179] Trial 62 pruned. 
[I 2025-03-23 03:37:50,877] Trial 63 pruned. 
[I 2025-03-23 03:37:53,306] Trial 64 pruned. 
[I 2025-03-23 03:37:55,570] Trial 65 pruned. 
[I 2025-03-23 03:37:57,829] Trial 66 pruned. 
[I 2025-03-23 03:38:00,162] Trial 67 pruned. 
[I 2025-03-23 03:41:41,016] Trial 68 finished with value: 11.427241839071506 and parameters: {'n_units_l0': 1280, 'n_units_l1': 160, 'n_units_l2': 416, 'n_units_l3': 2944, 'n_units_l4': 3040, 'lr': 0.003661667671486351}. Best is trial 15 with value: 5.121464937336818.
[I 2025-03-23 03:41:43,283] Trial 69 pruned. 
[I 2025-03-23 03:41:45,633] Trial 70 pruned. 
[I 2025-03-23 03:43:15,731] Trial 3 finished with value: 124.85700851865707 and parameters: {'n_units_l0': 1600, 'n_units_l1': 2784, 'n_units_l2': 3936, 'n_units_l3': 1888, 'n_units_l4': 224, 'n_units_l5': 1760, 'lr': 0.03146376031721826}. Best is trial 2 with value: 124.84996199697699.
[I 2025-03-23 03:45:26,870] Trial 71 finished with value: 5.623330204177411 and parameters: {'n_units_l0': 480, 'n_units_l1': 416, 'n_units_l2': 672, 'n_units_l3': 2944, 'n_units_l4': 3008, 'lr': 0.001559328199986466}. Best is trial 15 with value: 5.121464937336818.
[I 2025-03-23 03:45:29,164] Trial 72 pruned. 
[I 2025-03-23 03:45:31,515] Trial 73 pruned. 
[I 2025-03-23 03:45:33,876] Trial 74 pruned. 
[I 2025-03-23 03:45:36,079] Trial 75 pruned. 
[I 2025-03-23 03:45:38,371] Trial 76 pruned. 
[I 2025-03-23 03:45:45,670] Trial 77 pruned. 
[I 2025-03-23 03:45:47,859] Trial 78 pruned. 
[I 2025-03-23 03:45:50,127] Trial 79 pruned. 
[I 2025-03-23 03:45:52,330] Trial 80 pruned. 
[I 2025-03-23 03:45:54,738] Trial 81 pruned. 
[I 2025-03-23 03:45:56,995] Trial 82 pruned. 
[I 2025-03-23 03:47:07,553] Trial 4 finished with value: 124.85193647524534 and parameters: {'n_units_l0': 2432, 'n_units_l1': 352, 'n_units_l2': 224, 'n_units_l3': 3168, 'n_units_l4': 2144, 'n_units_l5': 160, 'lr': 0.03612831949314702}. Best is trial 2 with value: 124.84996199697699.
[I 2025-03-23 03:49:36,247] Trial 83 finished with value: 23.746361144485743 and parameters: {'n_units_l0': 32, 'n_units_l1': 2816, 'n_units_l2': 352, 'n_units_l3': 3584, 'n_units_l4': 2752, 'lr': 0.00881580886050526}. Best is trial 15 with value: 5.121464937336818.
[I 2025-03-23 03:49:45,053] Trial 84 pruned. 
[I 2025-03-23 03:51:51,848] Trial 5 finished with value: 124.85553874725406 and parameters: {'n_units_l0': 3552, 'n_units_l1': 2912, 'n_units_l2': 960, 'n_units_l3': 3520, 'n_units_l4': 704, 'n_units_l5': 736, 'lr': 0.012800830405503468}. Best is trial 2 with value: 124.84996199697699.
[I 2025-03-23 03:51:54,174] Trial 6 pruned. 
[I 2025-03-23 03:51:57,024] Trial 7 pruned. 
[I 2025-03-23 03:51:59,396] Trial 8 pruned. 
[I 2025-03-23 03:52:01,888] Trial 9 pruned. 
[I 2025-03-23 03:52:08,930] Trial 10 pruned. 
[I 2025-03-23 03:52:12,087] Trial 11 pruned. 
[I 2025-03-23 03:52:17,672] Trial 12 pruned. 
[I 2025-03-23 03:53:24,839] Trial 85 finished with value: 17.413947493312918 and parameters: {'n_units_l0': 160, 'n_units_l1': 3872, 'n_units_l2': 480, 'n_units_l3': 2176, 'n_units_l4': 2496, 'lr': 0.005833045267247847}. Best is trial 15 with value: 5.121464937336818.
[I 2025-03-23 03:53:27,075] Trial 86 pruned. 
[I 2025-03-23 03:53:29,240] Trial 87 pruned. 
[I 2025-03-23 03:53:31,526] Trial 88 pruned. 
[I 2025-03-23 03:53:33,638] Trial 89 pruned. 
[I 2025-03-23 03:53:35,937] Trial 90 pruned. 
[I 2025-03-23 03:57:14,782] Trial 91 finished with value: 10.170631054582321 and parameters: {'n_units_l0': 32, 'n_units_l1': 704, 'n_units_l2': 544, 'n_units_l3': 2208, 'n_units_l4': 1440, 'lr': 0.0037209531553467554}. Best is trial 15 with value: 5.121464937336818.
[I 2025-03-23 03:57:16,937] Trial 92 pruned. 
[I 2025-03-23 03:57:32,366] Trial 93 pruned. 
[I 2025-03-23 03:57:34,661] Trial 94 pruned. 
[I 2025-03-23 03:57:37,054] Trial 95 pruned. 
[I 2025-03-23 03:57:39,360] Trial 96 pruned. 
[I 2025-03-23 03:58:06,923] Trial 13 finished with value: 5.4691066746880175 and parameters: {'n_units_l0': 864, 'n_units_l1': 1888, 'n_units_l2': 2592, 'n_units_l3': 1792, 'n_units_l4': 2752, 'n_units_l5': 3008, 'lr': 0.002198784239717519}. Best is trial 13 with value: 5.4691066746880175.
[I 2025-03-23 04:01:19,904] Trial 97 finished with value: 20.058860126022374 and parameters: {'n_units_l0': 288, 'n_units_l1': 2144, 'n_units_l2': 288, 'n_units_l3': 2272, 'n_units_l4': 1184, 'lr': 0.005054147095470582}. Best is trial 15 with value: 5.121464937336818.
[I 2025-03-23 04:01:22,181] Trial 98 pruned. 
[I 2025-03-23 04:01:24,471] Trial 99 pruned. 
[I 2025-03-23 04:01:24,795] A new study created in memory with name: no-name-d2a2b4b3-a2fe-4fed-8450-47b6979a063b
[I 2025-03-23 04:03:37,110] Trial 14 finished with value: 4.790226035865142 and parameters: {'n_units_l0': 1056, 'n_units_l1': 1952, 'n_units_l2': 2144, 'n_units_l3': 1312, 'n_units_l4': 2688, 'n_units_l5': 3744, 'lr': 0.002370445275013011}. Best is trial 14 with value: 4.790226035865142.
[I 2025-03-23 04:06:27,122] Trial 0 finished with value: 124.76927660876413 and parameters: {'n_units_l0': 1024, 'n_units_l1': 800, 'n_units_l2': 352, 'n_units_l3': 2080, 'n_units_l4': 2880, 'n_units_l5': 3776, 'n_units_l6': 352, 'lr': 0.0636011539921081}. Best is trial 0 with value: 124.76927660876413.
[I 2025-03-23 04:08:56,136] Trial 15 finished with value: 6.635094051741811 and parameters: {'n_units_l0': 1152, 'n_units_l1': 1600, 'n_units_l2': 2080, 'n_units_l3': 1248, 'n_units_l4': 2688, 'n_units_l5': 3968, 'lr': 0.00304178411247448}. Best is trial 14 with value: 4.790226035865142.
[I 2025-03-23 04:08:59,453] Trial 16 pruned. 
[I 2025-03-23 04:12:57,725] Trial 17 finished with value: 6.0706819801166265 and parameters: {'n_units_l0': 736, 'n_units_l1': 1760, 'n_units_l2': 1472, 'n_units_l3': 704, 'n_units_l4': 3136, 'n_units_l5': 3008, 'lr': 0.001771806321305313}. Best is trial 14 with value: 4.790226035865142.
[I 2025-03-23 04:13:01,091] Trial 18 pruned. 
