[I 2025-03-22 05:25:29,584] Trial 4 finished with value: 18.205781320814303 and parameters: {'n_units_l0': 1760, 'n_units_l1': 1120, 'n_units_l2': 288, 'lr': 0.029035371135759193}. Best is trial 1 with value: 11.237448599632897.
[I 2025-03-22 05:25:30,347] Trial 73 pruned. 
[I 2025-03-22 05:25:30,841] Trial 74 pruned. 
[I 2025-03-22 05:25:31,426] Trial 75 pruned. 
[I 2025-03-22 05:25:31,931] Trial 76 pruned. 
[I 2025-03-22 05:25:37,838] Trial 77 pruned. 
[I 2025-03-22 05:25:38,328] Trial 78 pruned. 
[I 2025-03-22 05:25:38,882] Trial 79 pruned. 
[I 2025-03-22 05:25:39,399] Trial 80 pruned. 
[I 2025-03-22 05:25:39,902] Trial 81 pruned. 
[I 2025-03-22 05:25:40,387] Trial 82 pruned. 
[I 2025-03-22 05:25:42,480] Trial 5 pruned. 
[I 2025-03-22 05:25:43,022] Trial 6 pruned. 
[I 2025-03-22 05:25:45,714] Trial 7 pruned. 
[I 2025-03-22 05:25:46,252] Trial 8 pruned. 
[I 2025-03-22 05:25:47,157] Trial 83 pruned. 
[I 2025-03-22 05:25:54,236] Trial 84 pruned. 
[I 2025-03-22 05:25:54,741] Trial 85 pruned. 
[I 2025-03-22 05:25:58,120] Trial 9 pruned. 
[I 2025-03-22 05:25:58,701] Trial 10 pruned. 
[I 2025-03-22 05:25:59,865] Trial 11 pruned. 
[I 2025-03-22 05:26:00,643] Trial 86 pruned. 
[I 2025-03-22 05:26:00,917] Trial 12 pruned. 
[I 2025-03-22 05:26:01,987] Trial 13 pruned. 
[I 2025-03-22 05:26:03,111] Trial 14 pruned. 
[I 2025-03-22 05:26:06,362] Trial 15 pruned. 
[I 2025-03-22 05:26:07,576] Trial 87 pruned. 
[I 2025-03-22 05:26:08,574] Trial 88 pruned. 
[I 2025-03-22 05:26:09,063] Trial 89 pruned. 
[I 2025-03-22 05:26:14,637] Trial 90 pruned. 
[I 2025-03-22 05:26:15,112] Trial 91 pruned. 
[I 2025-03-22 05:26:18,049] Trial 16 pruned. 
[I 2025-03-22 05:26:18,581] Trial 17 pruned. 
[I 2025-03-22 05:26:19,091] Trial 18 pruned. 
[I 2025-03-22 05:26:19,625] Trial 19 pruned. 
[I 2025-03-22 05:26:20,260] Trial 20 pruned. 
[I 2025-03-22 05:26:20,786] Trial 21 pruned. 
[I 2025-03-22 05:26:21,336] Trial 22 pruned. 
[I 2025-03-22 05:26:21,932] Trial 23 pruned. 
[I 2025-03-22 05:26:22,489] Trial 24 pruned. 
[I 2025-03-22 05:26:23,043] Trial 25 pruned. 
[I 2025-03-22 05:26:23,576] Trial 26 pruned. 
[I 2025-03-22 05:26:24,729] Trial 27 pruned. 
[I 2025-03-22 05:26:25,769] Trial 28 pruned. 
[I 2025-03-22 05:26:26,167] Trial 92 pruned. 
[I 2025-03-22 05:26:26,370] Trial 29 pruned. 
[I 2025-03-22 05:26:37,548] Trial 93 pruned. 
[I 2025-03-22 05:26:38,030] Trial 94 pruned. 
[I 2025-03-22 05:26:44,951] Trial 95 pruned. 
[I 2025-03-22 05:26:56,347] Trial 96 pruned. 
[I 2025-03-22 05:26:56,883] Trial 97 pruned. 
[I 2025-03-22 05:27:01,846] Trial 98 pruned. 
[I 2025-03-22 05:27:02,326] Trial 99 pruned. 
[I 2025-03-22 05:27:02,484] A new study created in memory with name: no-name-2c7288e6-cdbf-4325-8884-9774fc5df3e9
[I 2025-03-22 05:27:19,078] Trial 30 finished with value: 19.766058441638435 and parameters: {'n_units_l0': 1728, 'n_units_l1': 352, 'n_units_l2': 1760, 'lr': 0.007777069707626793}. Best is trial 1 with value: 11.237448599632897.
[I 2025-03-22 05:27:19,683] Trial 31 pruned. 
[I 2025-03-22 05:27:20,193] Trial 32 pruned. 
[I 2025-03-22 05:27:20,726] Trial 33 pruned. 
[I 2025-03-22 05:27:21,242] Trial 34 pruned. 
[I 2025-03-22 05:27:29,766] Trial 35 pruned. 
[I 2025-03-22 05:27:30,430] Trial 36 pruned. 
[I 2025-03-22 05:27:30,964] Trial 37 pruned. 
[I 2025-03-22 05:27:31,502] Trial 38 pruned. 
[I 2025-03-22 05:27:32,076] Trial 39 pruned. 
[I 2025-03-22 05:27:32,635] Trial 40 pruned. 
[I 2025-03-22 05:27:33,254] Trial 41 pruned. 
[I 2025-03-22 05:27:42,274] Trial 42 pruned. 
[I 2025-03-22 05:27:42,841] Trial 43 pruned. 
[I 2025-03-22 05:27:43,896] Trial 44 pruned. 
[I 2025-03-22 05:27:44,520] Trial 45 pruned. 
[I 2025-03-22 05:27:46,717] Trial 46 pruned. 
[I 2025-03-22 05:27:47,217] Trial 47 pruned. 
[I 2025-03-22 05:27:52,615] Trial 48 pruned. 
[I 2025-03-22 05:27:53,186] Trial 49 pruned. 
[I 2025-03-22 05:27:53,733] Trial 50 pruned. 
[I 2025-03-22 05:27:54,427] Trial 51 pruned. 
[I 2025-03-22 05:27:59,128] Trial 0 finished with value: 14.645805659840352 and parameters: {'n_units_l0': 1568, 'n_units_l1': 768, 'n_units_l2': 3872, 'n_units_l3': 1184, 'lr': 0.006614740020040928}. Best is trial 0 with value: 14.645805659840352.
[I 2025-03-22 05:28:04,047] Trial 52 pruned. 
[I 2025-03-22 05:28:04,629] Trial 53 pruned. 
[I 2025-03-22 05:28:19,056] Trial 54 pruned. 
[I 2025-03-22 05:28:19,620] Trial 55 pruned. 
[I 2025-03-22 05:28:20,650] Trial 56 pruned. 
[I 2025-03-22 05:28:21,197] Trial 57 pruned. 
[I 2025-03-22 05:28:21,801] Trial 58 pruned. 
[I 2025-03-22 05:28:22,341] Trial 59 pruned. 
[I 2025-03-22 05:28:22,903] Trial 60 pruned. 
[I 2025-03-22 05:28:24,134] Trial 61 pruned. 
[I 2025-03-22 05:28:24,849] Trial 62 pruned. 
[I 2025-03-22 05:28:25,458] Trial 63 pruned. 
[I 2025-03-22 05:28:26,078] Trial 64 pruned. 
[I 2025-03-22 05:28:26,637] Trial 65 pruned. 
[I 2025-03-22 05:28:27,200] Trial 66 pruned. 
[I 2025-03-22 05:28:27,781] Trial 67 pruned. 
[I 2025-03-22 05:28:28,788] Trial 68 pruned. 
[I 2025-03-22 05:28:29,317] Trial 69 pruned. 
[I 2025-03-22 05:28:29,926] Trial 70 pruned. 
[I 2025-03-22 05:28:30,544] Trial 71 pruned. 
[I 2025-03-22 05:28:35,723] Trial 72 pruned. 
[I 2025-03-22 05:28:38,465] Trial 73 pruned. 
[I 2025-03-22 05:28:39,164] Trial 74 pruned. 
[I 2025-03-22 05:28:40,736] Trial 75 pruned. 
[I 2025-03-22 05:28:45,525] Trial 76 pruned. 
[I 2025-03-22 05:28:46,589] Trial 77 pruned. 
[I 2025-03-22 05:28:47,499] Trial 78 pruned. 
[I 2025-03-22 05:28:48,047] Trial 79 pruned. 
[I 2025-03-22 05:28:50,241] Trial 80 pruned. 
[I 2025-03-22 05:28:59,617] Trial 81 pruned. 
[I 2025-03-22 05:29:00,175] Trial 82 pruned. 
[I 2025-03-22 05:29:01,225] Trial 83 pruned. 
[I 2025-03-22 05:29:02,424] Trial 84 pruned. 
[I 2025-03-22 05:29:03,054] Trial 85 pruned. 
[I 2025-03-22 05:29:08,399] Trial 86 pruned. 
[I 2025-03-22 05:29:17,729] Trial 87 pruned. 
[I 2025-03-22 05:29:19,857] Trial 88 pruned. 
[I 2025-03-22 05:29:20,911] Trial 89 pruned. 
[I 2025-03-22 05:29:21,972] Trial 90 pruned. 
[I 2025-03-22 05:29:28,272] Trial 1 finished with value: 125.00569549098121 and parameters: {'n_units_l0': 3776, 'n_units_l1': 3904, 'n_units_l2': 2304, 'n_units_l3': 736, 'lr': 0.07100154157307152}. Best is trial 0 with value: 14.645805659840352.
[I 2025-03-22 05:29:35,583] Trial 91 pruned. 
[I 2025-03-22 05:29:45,198] Trial 92 pruned. 
[I 2025-03-22 05:29:51,501] Trial 93 pruned. 
[I 2025-03-22 05:29:57,931] Trial 94 pruned. 
[I 2025-03-22 05:29:58,490] Trial 95 pruned. 
[I 2025-03-22 05:29:59,004] Trial 96 pruned. 
[I 2025-03-22 05:29:59,987] Trial 97 pruned. 
[I 2025-03-22 05:30:00,526] Trial 98 pruned. 
[I 2025-03-22 05:30:01,049] Trial 99 pruned. 
[I 2025-03-22 05:30:01,232] A new study created in memory with name: no-name-06292129-d04e-4ee8-8c72-b2d19ff266a3
[I 2025-03-22 05:30:23,775] Trial 2 finished with value: 125.00417523406477 and parameters: {'n_units_l0': 2976, 'n_units_l1': 1120, 'n_units_l2': 928, 'n_units_l3': 3392, 'lr': 0.054814587137827844}. Best is trial 0 with value: 14.645805659840352.
[I 2025-03-22 05:31:19,909] Trial 0 finished with value: 125.3212292001288 and parameters: {'n_units_l0': 3616, 'n_units_l1': 3904, 'n_units_l2': 512, 'n_units_l3': 1920, 'n_units_l4': 1856, 'lr': 0.012962049392644597}. Best is trial 0 with value: 125.3212292001288.
[I 2025-03-22 05:31:58,711] Trial 3 finished with value: 125.00473844334526 and parameters: {'n_units_l0': 2080, 'n_units_l1': 3328, 'n_units_l2': 2688, 'n_units_l3': 4064, 'lr': 0.09498827168553098}. Best is trial 0 with value: 14.645805659840352.
[I 2025-03-22 05:32:19,246] Trial 1 finished with value: 125.32053791633165 and parameters: {'n_units_l0': 1632, 'n_units_l1': 1888, 'n_units_l2': 96, 'n_units_l3': 3520, 'n_units_l4': 288, 'lr': 0.04871527894143258}. Best is trial 1 with value: 125.32053791633165.
[I 2025-03-22 05:32:55,922] Trial 4 finished with value: 125.00631934461803 and parameters: {'n_units_l0': 3936, 'n_units_l1': 1792, 'n_units_l2': 2176, 'n_units_l3': 2336, 'lr': 0.05691241789765684}. Best is trial 0 with value: 14.645805659840352.
[I 2025-03-22 05:33:19,083] Trial 2 finished with value: 7.838201957273538 and parameters: {'n_units_l0': 64, 'n_units_l1': 3648, 'n_units_l2': 2240, 'n_units_l3': 704, 'n_units_l4': 32, 'lr': 0.002870840647240214}. Best is trial 2 with value: 7.838201957273538.
[I 2025-03-22 05:34:00,109] Trial 5 finished with value: 125.00685242460713 and parameters: {'n_units_l0': 3808, 'n_units_l1': 3008, 'n_units_l2': 1056, 'n_units_l3': 3264, 'lr': 0.03984110417373388}. Best is trial 0 with value: 14.645805659840352.
[I 2025-03-22 05:34:12,188] Trial 6 pruned. 
[I 2025-03-22 05:34:22,995] Trial 7 pruned. 
[I 2025-03-22 05:34:24,365] Trial 3 finished with value: 125.3546642257537 and parameters: {'n_units_l0': 2048, 'n_units_l1': 2848, 'n_units_l2': 2848, 'n_units_l3': 992, 'n_units_l4': 960, 'lr': 0.062444579351575796}. Best is trial 2 with value: 7.838201957273538.
[I 2025-03-22 05:35:18,845] Trial 8 finished with value: 125.01136238319933 and parameters: {'n_units_l0': 2592, 'n_units_l1': 1440, 'n_units_l2': 416, 'n_units_l3': 2080, 'lr': 0.058914377834960875}. Best is trial 0 with value: 14.645805659840352.
[I 2025-03-22 05:35:27,864] Trial 4 finished with value: 8.39841383580581 and parameters: {'n_units_l0': 1024, 'n_units_l1': 1152, 'n_units_l2': 1920, 'n_units_l3': 2528, 'n_units_l4': 3552, 'lr': 0.0031644799177894343}. Best is trial 2 with value: 7.838201957273538.
[I 2025-03-22 05:35:28,528] Trial 5 pruned. 
[I 2025-03-22 05:35:29,746] Trial 6 pruned. 
[I 2025-03-22 05:36:13,995] Trial 9 finished with value: 125.00464336587208 and parameters: {'n_units_l0': 1120, 'n_units_l1': 768, 'n_units_l2': 3232, 'n_units_l3': 1920, 'lr': 0.02870328276203919}. Best is trial 0 with value: 14.645805659840352.
[I 2025-03-22 05:36:52,846] Trial 7 finished with value: 125.32003549245174 and parameters: {'n_units_l0': 224, 'n_units_l1': 3616, 'n_units_l2': 3680, 'n_units_l3': 1152, 'n_units_l4': 3968, 'lr': 0.02819881367665689}. Best is trial 2 with value: 7.838201957273538.
[I 2025-03-22 05:37:09,502] Trial 10 finished with value: 10.762150260886338 and parameters: {'n_units_l0': 1216, 'n_units_l1': 2368, 'n_units_l2': 3936, 'n_units_l3': 128, 'lr': 0.0007721702426181642}. Best is trial 10 with value: 10.762150260886338.
[I 2025-03-22 05:38:04,846] Trial 11 finished with value: 12.485541506574622 and parameters: {'n_units_l0': 1248, 'n_units_l1': 2656, 'n_units_l2': 4032, 'n_units_l3': 32, 'lr': 0.0022791843175762883}. Best is trial 10 with value: 10.762150260886338.
[I 2025-03-22 05:38:20,544] Trial 8 finished with value: 125.55623124500283 and parameters: {'n_units_l0': 1280, 'n_units_l1': 3328, 'n_units_l2': 3424, 'n_units_l3': 1248, 'n_units_l4': 3520, 'lr': 0.07388396597620142}. Best is trial 2 with value: 7.838201957273538.
[I 2025-03-22 05:38:21,457] Trial 9 pruned. 
[I 2025-03-22 05:38:22,103] Trial 10 pruned. 
[I 2025-03-22 05:39:00,262] Trial 12 finished with value: 26.495499255835277 and parameters: {'n_units_l0': 288, 'n_units_l1': 2464, 'n_units_l2': 3232, 'n_units_l3': 96, 'lr': 0.01805026500593629}. Best is trial 10 with value: 10.762150260886338.
[I 2025-03-22 05:39:22,653] Trial 11 finished with value: 8.972369307597125 and parameters: {'n_units_l0': 32, 'n_units_l1': 1472, 'n_units_l2': 1664, 'n_units_l3': 2752, 'n_units_l4': 2912, 'lr': 0.0007504571121575245}. Best is trial 2 with value: 7.838201957273538.
[I 2025-03-22 05:39:23,356] Trial 12 pruned. 
[I 2025-03-22 05:39:25,190] Trial 13 pruned. 
[I 2025-03-22 05:39:26,055] Trial 14 pruned. 
[I 2025-03-22 05:39:26,704] Trial 15 pruned. 
[I 2025-03-22 05:39:27,691] Trial 16 pruned. 
[I 2025-03-22 05:39:30,765] Trial 17 pruned. 
[I 2025-03-22 05:39:31,432] Trial 18 pruned. 
[I 2025-03-22 05:39:32,054] Trial 19 pruned. 
[I 2025-03-22 05:39:32,697] Trial 20 pruned. 
[I 2025-03-22 05:39:34,624] Trial 21 pruned. 
[I 2025-03-22 05:39:56,679] Trial 13 finished with value: 14.261517375734623 and parameters: {'n_units_l0': 1088, 'n_units_l1': 2368, 'n_units_l2': 4000, 'n_units_l3': 64, 'lr': 0.0022705575094561837}. Best is trial 10 with value: 10.762150260886338.
[I 2025-03-22 05:39:57,394] Trial 14 pruned. 
[I 2025-03-22 05:39:58,018] Trial 15 pruned. 
[I 2025-03-22 05:39:58,606] Trial 16 pruned. 
[I 2025-03-22 05:39:59,278] Trial 17 pruned. 
[I 2025-03-22 05:40:49,665] Trial 22 finished with value: 11.94979381356797 and parameters: {'n_units_l0': 576, 'n_units_l1': 1312, 'n_units_l2': 2272, 'n_units_l3': 3136, 'n_units_l4': 2912, 'lr': 0.00642825334609445}. Best is trial 2 with value: 7.838201957273538.
[I 2025-03-22 05:40:50,443] Trial 23 pruned. 
[I 2025-03-22 05:40:55,212] Trial 18 finished with value: 11.84895741911075 and parameters: {'n_units_l0': 64, 'n_units_l1': 3584, 'n_units_l2': 2784, 'n_units_l3': 1312, 'lr': 0.0032559549777088324}. Best is trial 10 with value: 10.762150260886338.
[I 2025-03-22 05:41:50,660] Trial 24 finished with value: 13.40624813386243 and parameters: {'n_units_l0': 1408, 'n_units_l1': 1216, 'n_units_l2': 1024, 'n_units_l3': 2304, 'n_units_l4': 2400, 'lr': 0.0005510169203801242}. Best is trial 2 with value: 7.838201957273538.
[I 2025-03-22 05:41:51,207] Trial 19 finished with value: 37.81693919302064 and parameters: {'n_units_l0': 32, 'n_units_l1': 4096, 'n_units_l2': 1664, 'n_units_l3': 1312, 'lr': 0.02602490457457617}. Best is trial 10 with value: 10.762150260886338.
[I 2025-03-22 05:41:51,313] Trial 25 pruned. 
[I 2025-03-22 05:41:51,832] Trial 20 pruned. 
[I 2025-03-22 05:41:52,044] Trial 26 pruned. 
[I 2025-03-22 05:41:52,627] Trial 21 pruned. 
[I 2025-03-22 05:41:52,963] Trial 27 pruned. 
[I 2025-03-22 05:41:54,005] Trial 28 pruned. 
[I 2025-03-22 05:42:49,304] Trial 22 finished with value: 15.132867175704376 and parameters: {'n_units_l0': 2176, 'n_units_l1': 2464, 'n_units_l2': 2976, 'n_units_l3': 800, 'lr': 6.555225681066168e-05}. Best is trial 10 with value: 10.762150260886338.
[I 2025-03-22 05:42:50,155] Trial 23 pruned. 
[I 2025-03-22 05:42:50,993] Trial 24 pruned. 
[I 2025-03-22 05:42:51,592] Trial 25 pruned. 
[I 2025-03-22 05:42:52,495] Trial 26 pruned. 
[I 2025-03-22 05:42:53,155] Trial 27 pruned. 
[I 2025-03-22 05:42:53,437] Trial 29 finished with value: 14.881687511612082 and parameters: {'n_units_l0': 320, 'n_units_l1': 1536, 'n_units_l2': 640, 'n_units_l3': 1824, 'n_units_l4': 2048, 'lr': 0.009803176470749277}. Best is trial 2 with value: 7.838201957273538.
[I 2025-03-22 05:42:53,743] Trial 28 pruned. 
[I 2025-03-22 05:42:54,359] Trial 29 pruned. 
[I 2025-03-22 05:42:54,454] Trial 30 pruned. 
[I 2025-03-22 05:42:55,114] Trial 30 pruned. 
[I 2025-03-22 05:42:56,617] Trial 31 pruned. 
[I 2025-03-22 05:42:56,775] Trial 31 pruned. 
[I 2025-03-22 05:42:57,919] Trial 32 pruned. 
[I 2025-03-22 05:42:58,603] Trial 33 pruned. 
[I 2025-03-22 05:42:59,231] Trial 34 pruned. 
[I 2025-03-22 05:42:59,935] Trial 35 pruned. 
[I 2025-03-22 05:43:00,570] Trial 36 pruned. 
[I 2025-03-22 05:43:01,688] Trial 37 pruned. 
[I 2025-03-22 05:43:02,870] Trial 38 pruned. 
[I 2025-03-22 05:43:03,504] Trial 39 pruned. 
[I 2025-03-22 05:43:04,437] Trial 40 pruned. 
[I 2025-03-22 05:43:05,551] Trial 41 pruned. 
[I 2025-03-22 05:43:06,181] Trial 42 pruned. 
[I 2025-03-22 05:43:06,950] Trial 43 pruned. 
[I 2025-03-22 05:43:08,119] Trial 44 pruned. 
[I 2025-03-22 05:43:09,189] Trial 45 pruned. 
[I 2025-03-22 05:43:09,834] Trial 46 pruned. 
[I 2025-03-22 05:43:10,497] Trial 47 pruned. 
[I 2025-03-22 05:43:11,088] Trial 48 pruned. 
[I 2025-03-22 05:43:11,749] Trial 49 pruned. 
[I 2025-03-22 05:43:12,398] Trial 50 pruned. 
[I 2025-03-22 05:43:13,020] Trial 51 pruned. 
[I 2025-03-22 05:43:14,164] Trial 52 pruned. 
[I 2025-03-22 05:43:14,805] Trial 53 pruned. 
[I 2025-03-22 05:43:15,733] Trial 54 pruned. 
[I 2025-03-22 05:43:17,274] Trial 55 pruned. 
[I 2025-03-22 05:43:17,946] Trial 56 pruned. 
[I 2025-03-22 05:43:19,017] Trial 57 pruned. 
[I 2025-03-22 05:44:14,110] Trial 58 finished with value: 11.406431060444826 and parameters: {'n_units_l0': 1216, 'n_units_l1': 2592, 'n_units_l2': 1984, 'n_units_l3': 1152, 'lr': 0.0006105407348030913}. Best is trial 10 with value: 10.762150260886338.
[I 2025-03-22 05:44:14,716] Trial 59 pruned. 
[I 2025-03-22 05:44:15,421] Trial 60 pruned. 
[I 2025-03-22 05:44:20,984] Trial 32 finished with value: 10.489523647288845 and parameters: {'n_units_l0': 704, 'n_units_l1': 1920, 'n_units_l2': 2336, 'n_units_l3': 3296, 'n_units_l4': 2944, 'lr': 0.004668228290745256}. Best is trial 2 with value: 7.838201957273538.
[I 2025-03-22 05:44:22,187] Trial 33 pruned. 
[I 2025-03-22 05:44:23,202] Trial 34 pruned. 
[I 2025-03-22 05:44:24,105] Trial 35 pruned. 
[I 2025-03-22 05:44:24,768] Trial 36 pruned. 
[I 2025-03-22 05:44:25,469] Trial 37 pruned. 
[I 2025-03-22 05:44:26,110] Trial 38 pruned. 
[I 2025-03-22 05:44:27,144] Trial 39 pruned. 
[I 2025-03-22 05:44:28,280] Trial 40 pruned. 
[I 2025-03-22 05:45:11,458] Trial 61 finished with value: 13.224450969641069 and parameters: {'n_units_l0': 1056, 'n_units_l1': 2560, 'n_units_l2': 2368, 'n_units_l3': 1280, 'lr': 0.0005020519378638394}. Best is trial 10 with value: 10.762150260886338.
[I 2025-03-22 05:45:18,093] Trial 62 pruned. 
[I 2025-03-22 05:45:18,735] Trial 63 pruned. 
[I 2025-03-22 05:45:20,417] Trial 64 pruned. 
[I 2025-03-22 05:45:21,040] Trial 65 pruned. 
[I 2025-03-22 05:45:21,737] Trial 66 pruned. 
[I 2025-03-22 05:45:23,569] Trial 67 pruned. 
[I 2025-03-22 05:45:24,270] Trial 68 pruned. 
[I 2025-03-22 05:45:24,905] Trial 69 pruned. 
[I 2025-03-22 05:45:25,522] Trial 70 pruned. 
[I 2025-03-22 05:45:26,249] Trial 71 pruned. 
[I 2025-03-22 05:45:27,432] Trial 72 pruned. 
[I 2025-03-22 05:45:28,045] Trial 73 pruned. 
[I 2025-03-22 05:45:29,219] Trial 74 pruned. 
[I 2025-03-22 05:45:34,395] Trial 41 finished with value: 25.197829682383034 and parameters: {'n_units_l0': 544, 'n_units_l1': 1312, 'n_units_l2': 2176, 'n_units_l3': 2848, 'n_units_l4': 2912, 'lr': 0.004702817688165384}. Best is trial 2 with value: 7.838201957273538.
[I 2025-03-22 05:45:35,302] Trial 42 pruned. 
[I 2025-03-22 05:45:36,206] Trial 43 pruned. 
[I 2025-03-22 05:45:40,777] Trial 44 pruned. 
[I 2025-03-22 05:45:53,978] Trial 45 pruned. 
[I 2025-03-22 05:45:54,771] Trial 46 pruned. 
[I 2025-03-22 05:45:55,441] Trial 47 pruned. 
[I 2025-03-22 05:45:56,129] Trial 48 pruned. 
[I 2025-03-22 05:45:56,852] Trial 49 pruned. 
[I 2025-03-22 05:46:25,602] Trial 75 finished with value: 17.200445676079635 and parameters: {'n_units_l0': 416, 'n_units_l1': 3040, 'n_units_l2': 3072, 'n_units_l3': 1408, 'lr': 0.00279213441394147}. Best is trial 10 with value: 10.762150260886338.
[I 2025-03-22 05:46:26,234] Trial 76 pruned. 
[I 2025-03-22 05:46:26,843] Trial 77 pruned. 
[I 2025-03-22 05:46:27,532] Trial 78 pruned. 
[I 2025-03-22 05:46:28,183] Trial 79 pruned. 
[I 2025-03-22 05:46:28,832] Trial 80 pruned. 
[I 2025-03-22 05:46:29,528] Trial 81 pruned. 
[I 2025-03-22 05:46:43,709] Trial 82 pruned. 
[I 2025-03-22 05:46:44,354] Trial 83 pruned. 
[I 2025-03-22 05:46:45,633] Trial 84 pruned. 
[I 2025-03-22 05:46:46,453] Trial 85 pruned. 
[I 2025-03-22 05:46:47,094] Trial 86 pruned. 
[I 2025-03-22 05:46:56,744] Trial 50 finished with value: 12.21380326961421 and parameters: {'n_units_l0': 224, 'n_units_l1': 2176, 'n_units_l2': 2368, 'n_units_l3': 1088, 'n_units_l4': 928, 'lr': 0.004617071358161929}. Best is trial 2 with value: 7.838201957273538.
[I 2025-03-22 05:46:57,396] Trial 51 pruned. 
[I 2025-03-22 05:46:58,065] Trial 52 pruned. 
[I 2025-03-22 05:46:58,750] Trial 53 pruned. 
[I 2025-03-22 05:46:59,454] Trial 54 pruned. 
[I 2025-03-22 05:47:00,102] Trial 55 pruned. 
[I 2025-03-22 05:47:00,859] Trial 56 pruned. 
[I 2025-03-22 05:47:01,515] Trial 57 pruned. 
[I 2025-03-22 05:47:02,159] Trial 58 pruned. 
[I 2025-03-22 05:47:02,996] Trial 59 pruned. 
[I 2025-03-22 05:47:03,849] Trial 60 pruned. 
[I 2025-03-22 05:47:04,492] Trial 61 pruned. 
[I 2025-03-22 05:47:05,116] Trial 62 pruned. 
[I 2025-03-22 05:47:11,169] Trial 63 pruned. 
[I 2025-03-22 05:47:11,942] Trial 64 pruned. 
[I 2025-03-22 05:47:12,615] Trial 65 pruned. 
[I 2025-03-22 05:47:22,831] Trial 66 pruned. 
[I 2025-03-22 05:47:23,621] Trial 67 pruned. 
[I 2025-03-22 05:47:24,275] Trial 68 pruned. 
[I 2025-03-22 05:47:26,582] Trial 69 pruned. 
[I 2025-03-22 05:47:27,238] Trial 70 pruned. 
[I 2025-03-22 05:47:40,980] Trial 71 pruned. 
[I 2025-03-22 05:47:43,402] Trial 87 finished with value: 13.071322391308641 and parameters: {'n_units_l0': 416, 'n_units_l1': 2944, 'n_units_l2': 2240, 'n_units_l3': 1408, 'lr': 0.00533685269146391}. Best is trial 10 with value: 10.762150260886338.
[I 2025-03-22 05:47:44,645] Trial 88 pruned. 
[I 2025-03-22 05:47:45,250] Trial 89 pruned. 
[I 2025-03-22 05:47:45,966] Trial 90 pruned. 
[I 2025-03-22 05:47:46,580] Trial 91 pruned. 
[I 2025-03-22 05:48:40,894] Trial 72 finished with value: 50.436342356092126 and parameters: {'n_units_l0': 320, 'n_units_l1': 1920, 'n_units_l2': 672, 'n_units_l3': 1952, 'n_units_l4': 1344, 'lr': 0.006498242866294059}. Best is trial 2 with value: 7.838201957273538.
[I 2025-03-22 05:48:41,548] Trial 73 pruned. 
[I 2025-03-22 05:48:42,173] Trial 74 pruned. 
[I 2025-03-22 05:48:42,956] Trial 92 finished with value: 13.71528683095142 and parameters: {'n_units_l0': 384, 'n_units_l1': 2816, 'n_units_l2': 2656, 'n_units_l3': 1376, 'lr': 0.0015976302670729463}. Best is trial 10 with value: 10.762150260886338.
[I 2025-03-22 05:48:46,849] Trial 93 pruned. 
[I 2025-03-22 05:48:47,493] Trial 94 pruned. 
[I 2025-03-22 05:48:48,229] Trial 95 pruned. 
[I 2025-03-22 05:48:48,882] Trial 96 pruned. 
[I 2025-03-22 05:48:49,492] Trial 97 pruned. 
[I 2025-03-22 05:48:50,194] Trial 98 pruned. 
[I 2025-03-22 05:48:51,463] Trial 99 pruned. 
[I 2025-03-22 05:48:51,621] A new study created in memory with name: no-name-0dfe3324-9dea-47b1-b55e-f01ba78ffcd8
[I 2025-03-22 05:48:54,216] Trial 75 pruned. 
