[I 2025-03-23 04:13:40,036] Trial 1 finished with value: 124.78553904281239 and parameters: {'n_units_l0': 3776, 'n_units_l1': 96, 'n_units_l2': 1536, 'n_units_l3': 2016, 'n_units_l4': 2528, 'n_units_l5': 3424, 'n_units_l6': 3808, 'lr': 0.03595567209404908}. Best is trial 0 with value: 124.76927660876413.
[I 2025-03-23 04:19:40,524] Trial 19 finished with value: 124.85012353053571 and parameters: {'n_units_l0': 1920, 'n_units_l1': 2400, 'n_units_l2': 2400, 'n_units_l3': 832, 'n_units_l4': 3328, 'n_units_l5': 4096, 'lr': 0.011929983456507412}. Best is trial 14 with value: 4.790226035865142.
[I 2025-03-23 04:19:43,186] Trial 20 pruned. 
[I 2025-03-23 04:23:34,340] Trial 21 finished with value: 4.5618548354149935 and parameters: {'n_units_l0': 704, 'n_units_l1': 1600, 'n_units_l2': 1248, 'n_units_l3': 576, 'n_units_l4': 3040, 'n_units_l5': 2976, 'lr': 0.00021220720800381823}. Best is trial 21 with value: 4.5618548354149935.
[I 2025-03-23 04:23:56,965] Trial 2 finished with value: 124.7712279997821 and parameters: {'n_units_l0': 3200, 'n_units_l1': 1440, 'n_units_l2': 1088, 'n_units_l3': 3456, 'n_units_l4': 3520, 'n_units_l5': 3872, 'n_units_l6': 2720, 'lr': 0.07847605188287061}. Best is trial 0 with value: 124.76927660876413.
[I 2025-03-23 04:27:26,125] Trial 22 finished with value: 15.763986970463337 and parameters: {'n_units_l0': 32, 'n_units_l1': 1632, 'n_units_l2': 1632, 'n_units_l3': 448, 'n_units_l4': 2912, 'n_units_l5': 3424, 'lr': 0.007563595918679035}. Best is trial 21 with value: 4.5618548354149935.
[I 2025-03-23 04:28:59,535] Trial 3 finished with value: 124.77568066778964 and parameters: {'n_units_l0': 2048, 'n_units_l1': 1856, 'n_units_l2': 64, 'n_units_l3': 1216, 'n_units_l4': 576, 'n_units_l5': 3808, 'n_units_l6': 3424, 'lr': 0.0762173772992525}. Best is trial 0 with value: 124.76927660876413.
[I 2025-03-23 04:31:17,845] Trial 23 finished with value: 8.080546489950489 and parameters: {'n_units_l0': 544, 'n_units_l1': 2272, 'n_units_l2': 896, 'n_units_l3': 1056, 'n_units_l4': 2400, 'n_units_l5': 2976, 'lr': 0.0026443587419826037}. Best is trial 21 with value: 4.5618548354149935.
[I 2025-03-23 04:31:20,116] Trial 24 pruned. 
[I 2025-03-23 04:31:23,354] Trial 25 pruned. 
[I 2025-03-23 04:31:26,471] Trial 26 pruned. 
[I 2025-03-23 04:33:04,701] Trial 4 finished with value: 124.77047557737569 and parameters: {'n_units_l0': 1216, 'n_units_l1': 3488, 'n_units_l2': 96, 'n_units_l3': 2848, 'n_units_l4': 64, 'n_units_l5': 2368, 'n_units_l6': 3520, 'lr': 0.0505131415008202}. Best is trial 0 with value: 124.76927660876413.
[I 2025-03-23 04:33:20,917] Trial 5 pruned. 
[I 2025-03-23 04:33:25,447] Trial 6 pruned. 
[I 2025-03-23 04:33:32,907] Trial 7 pruned. 
[I 2025-03-23 04:35:19,689] Trial 27 finished with value: 6.034654970311642 and parameters: {'n_units_l0': 1056, 'n_units_l1': 960, 'n_units_l2': 1280, 'n_units_l3': 928, 'n_units_l4': 2624, 'n_units_l5': 3712, 'lr': 0.001609635991476367}. Best is trial 21 with value: 4.5618548354149935.
[I 2025-03-23 04:35:22,043] Trial 28 pruned. 
[I 2025-03-23 04:35:27,090] Trial 29 pruned. 
[I 2025-03-23 04:36:02,149] Trial 30 pruned. 
[I 2025-03-23 04:37:38,941] Trial 8 finished with value: 124.79389281576714 and parameters: {'n_units_l0': 160, 'n_units_l1': 1248, 'n_units_l2': 1376, 'n_units_l3': 2400, 'n_units_l4': 1760, 'n_units_l5': 160, 'n_units_l6': 1120, 'lr': 0.031184394766057232}. Best is trial 0 with value: 124.76927660876413.
[I 2025-03-23 04:38:04,468] Trial 9 pruned. 
[I 2025-03-23 04:38:17,048] Trial 10 pruned. 
[I 2025-03-23 04:38:29,564] Trial 11 pruned. 
[I 2025-03-23 04:38:32,637] Trial 12 pruned. 
[I 2025-03-23 04:38:35,258] Trial 13 pruned. 
[I 2025-03-23 04:38:48,706] Trial 14 pruned. 
[I 2025-03-23 04:38:54,012] Trial 15 pruned. 
[I 2025-03-23 04:38:58,724] Trial 16 pruned. 
[I 2025-03-23 04:39:55,465] Trial 31 finished with value: 3.4102964960388866 and parameters: {'n_units_l0': 992, 'n_units_l1': 896, 'n_units_l2': 1184, 'n_units_l3': 960, 'n_units_l4': 2560, 'n_units_l5': 3744, 'lr': 0.0006674232174203436}. Best is trial 31 with value: 3.4102964960388866.
[I 2025-03-23 04:43:58,941] Trial 32 finished with value: 8.518486633929534 and parameters: {'n_units_l0': 864, 'n_units_l1': 480, 'n_units_l2': 672, 'n_units_l3': 1216, 'n_units_l4': 3008, 'n_units_l5': 3872, 'lr': 0.00033873311300017814}. Best is trial 31 with value: 3.4102964960388866.
[I 2025-03-23 04:44:09,221] Trial 33 pruned. 
[I 2025-03-23 04:44:11,647] Trial 34 pruned. 
[I 2025-03-23 04:44:15,250] Trial 35 pruned. 
[I 2025-03-23 04:44:17,833] Trial 36 pruned. 
[I 2025-03-23 04:44:20,331] Trial 37 pruned. 
[I 2025-03-23 04:44:22,311] Trial 17 finished with value: 14.023536275973798 and parameters: {'n_units_l0': 64, 'n_units_l1': 2080, 'n_units_l2': 992, 'n_units_l3': 3072, 'n_units_l4': 2080, 'n_units_l5': 2272, 'n_units_l6': 2240, 'lr': 0.00917643642392306}. Best is trial 17 with value: 14.023536275973798.
[I 2025-03-23 04:44:23,486] Trial 38 pruned. 
[I 2025-03-23 04:44:35,623] Trial 39 pruned. 
[I 2025-03-23 04:44:38,854] Trial 40 pruned. 
[I 2025-03-23 04:48:29,661] Trial 41 finished with value: 7.935309322338378 and parameters: {'n_units_l0': 1024, 'n_units_l1': 672, 'n_units_l2': 1472, 'n_units_l3': 960, 'n_units_l4': 32, 'n_units_l5': 3584, 'lr': 0.0008368457983750468}. Best is trial 31 with value: 3.4102964960388866.
[I 2025-03-23 04:48:32,179] Trial 42 pruned. 
[I 2025-03-23 04:48:34,626] Trial 43 pruned. 
[I 2025-03-23 04:48:36,912] Trial 44 pruned. 
[I 2025-03-23 04:48:39,412] Trial 45 pruned. 
[I 2025-03-23 04:48:41,836] Trial 46 pruned. 
[I 2025-03-23 04:48:43,967] Trial 18 finished with value: 7.2568252150051755 and parameters: {'n_units_l0': 32, 'n_units_l1': 2080, 'n_units_l2': 960, 'n_units_l3': 3232, 'n_units_l4': 2144, 'n_units_l5': 1248, 'n_units_l6': 1984, 'lr': 0.0035952606997797024}. Best is trial 18 with value: 7.2568252150051755.
[I 2025-03-23 04:48:45,085] Trial 47 pruned. 
[I 2025-03-23 04:48:48,398] Trial 48 pruned. 
[I 2025-03-23 04:48:50,746] Trial 49 pruned. 
[I 2025-03-23 04:48:54,251] Trial 50 pruned. 
[I 2025-03-23 04:49:06,234] Trial 51 pruned. 
[I 2025-03-23 04:49:18,035] Trial 52 pruned. 
[I 2025-03-23 04:53:23,836] Trial 53 finished with value: 8.848690907881217 and parameters: {'n_units_l0': 448, 'n_units_l1': 2144, 'n_units_l2': 1760, 'n_units_l3': 32, 'n_units_l4': 3072, 'n_units_l5': 4000, 'lr': 0.000299919481809199}. Best is trial 31 with value: 3.4102964960388866.
[I 2025-03-23 04:53:26,238] Trial 54 pruned. 
[I 2025-03-23 04:53:30,545] Trial 55 pruned. 
[I 2025-03-23 04:53:32,868] Trial 56 pruned. 
[I 2025-03-23 04:53:35,971] Trial 57 pruned. 
[I 2025-03-23 04:53:38,321] Trial 58 pruned. 
[I 2025-03-23 04:53:40,698] Trial 59 pruned. 
[I 2025-03-23 04:53:50,445] Trial 19 finished with value: 15.769591802748288 and parameters: {'n_units_l0': 192, 'n_units_l1': 2144, 'n_units_l2': 1120, 'n_units_l3': 3808, 'n_units_l4': 2176, 'n_units_l5': 1120, 'n_units_l6': 2208, 'lr': 0.0024540574368761836}. Best is trial 18 with value: 7.2568252150051755.
[I 2025-03-23 04:57:55,722] Trial 20 finished with value: 10.404744452475633 and parameters: {'n_units_l0': 32, 'n_units_l1': 1824, 'n_units_l2': 1120, 'n_units_l3': 3232, 'n_units_l4': 2048, 'n_units_l5': 608, 'n_units_l6': 1664, 'lr': 0.0031967894436713455}. Best is trial 18 with value: 7.2568252150051755.
[I 2025-03-23 04:58:09,331] Trial 60 finished with value: 8.764867607553034 and parameters: {'n_units_l0': 1408, 'n_units_l1': 1056, 'n_units_l2': 1216, 'n_units_l3': 832, 'n_units_l4': 3552, 'n_units_l5': 3328, 'lr': 0.0022935250939429765}. Best is trial 31 with value: 3.4102964960388866.
[I 2025-03-23 04:58:16,093] Trial 61 pruned. 
[I 2025-03-23 04:58:28,634] Trial 62 pruned. 
[I 2025-03-23 04:58:32,475] Trial 63 pruned. 
[I 2025-03-23 05:02:02,003] Trial 21 finished with value: 23.699587773206034 and parameters: {'n_units_l0': 32, 'n_units_l1': 1952, 'n_units_l2': 1024, 'n_units_l3': 3232, 'n_units_l4': 2048, 'n_units_l5': 576, 'n_units_l6': 1344, 'lr': 0.006424841381954441}. Best is trial 18 with value: 7.2568252150051755.
[I 2025-03-23 05:02:05,321] Trial 22 pruned. 
[I 2025-03-23 05:03:11,964] Trial 64 finished with value: 12.118140360373722 and parameters: {'n_units_l0': 1280, 'n_units_l1': 1792, 'n_units_l2': 992, 'n_units_l3': 960, 'n_units_l4': 2848, 'n_units_l5': 4000, 'lr': 0.003437127565611335}. Best is trial 31 with value: 3.4102964960388866.
[I 2025-03-23 05:03:15,696] Trial 65 pruned. 
[I 2025-03-23 05:07:38,828] Trial 66 finished with value: 6.867139338183197 and parameters: {'n_units_l0': 1120, 'n_units_l1': 896, 'n_units_l2': 2336, 'n_units_l3': 1696, 'n_units_l4': 2336, 'n_units_l5': 3040, 'lr': 0.0002037999527137588}. Best is trial 31 with value: 3.4102964960388866.
[I 2025-03-23 05:07:42,280] Trial 67 pruned. 
[I 2025-03-23 05:07:42,561] Trial 23 finished with value: 8.127371335485934 and parameters: {'n_units_l0': 640, 'n_units_l1': 2432, 'n_units_l2': 896, 'n_units_l3': 4096, 'n_units_l4': 2560, 'n_units_l5': 960, 'n_units_l6': 2464, 'lr': 0.0007251273799214618}. Best is trial 18 with value: 7.2568252150051755.
[I 2025-03-23 05:07:44,926] Trial 68 pruned. 
[I 2025-03-23 05:07:46,899] Trial 24 pruned. 
[I 2025-03-23 05:07:47,852] Trial 69 pruned. 
[I 2025-03-23 05:07:49,470] Trial 25 pruned. 
[I 2025-03-23 05:07:50,617] Trial 70 pruned. 
[I 2025-03-23 05:07:52,987] Trial 26 pruned. 
[I 2025-03-23 05:07:55,549] Trial 27 pruned. 
[I 2025-03-23 05:07:58,854] Trial 28 pruned. 
[I 2025-03-23 05:07:59,140] Trial 71 pruned. 
[I 2025-03-23 05:08:01,903] Trial 72 pruned. 
[I 2025-03-23 05:08:02,240] Trial 29 pruned. 
[I 2025-03-23 05:08:05,815] Trial 30 pruned. 
[I 2025-03-23 05:08:09,445] Trial 73 pruned. 
[I 2025-03-23 05:08:13,594] Trial 74 pruned. 
[I 2025-03-23 05:08:16,282] Trial 75 pruned. 
[I 2025-03-23 05:08:29,770] Trial 76 pruned. 
[I 2025-03-23 05:08:38,991] Trial 77 pruned. 
[I 2025-03-23 05:08:46,113] Trial 78 pruned. 
[I 2025-03-23 05:08:48,568] Trial 79 pruned. 
[I 2025-03-23 05:08:50,954] Trial 80 pruned. 
[I 2025-03-23 05:12:11,754] Trial 31 finished with value: 33.994559317814875 and parameters: {'n_units_l0': 64, 'n_units_l1': 1984, 'n_units_l2': 352, 'n_units_l3': 3008, 'n_units_l4': 1824, 'n_units_l5': 1792, 'n_units_l6': 2272, 'lr': 0.009018418875197127}. Best is trial 18 with value: 7.2568252150051755.
[I 2025-03-23 05:12:41,793] Trial 81 finished with value: 6.906055503500348 and parameters: {'n_units_l0': 896, 'n_units_l1': 608, 'n_units_l2': 1440, 'n_units_l3': 768, 'n_units_l4': 256, 'n_units_l5': 3424, 'lr': 0.0023883706174950975}. Best is trial 31 with value: 3.4102964960388866.
[I 2025-03-23 05:12:51,173] Trial 82 pruned. 
[I 2025-03-23 05:16:41,277] Trial 83 finished with value: 12.939976831299427 and parameters: {'n_units_l0': 576, 'n_units_l1': 736, 'n_units_l2': 1312, 'n_units_l3': 896, 'n_units_l4': 1248, 'n_units_l5': 3360, 'lr': 0.002310146618079738}. Best is trial 31 with value: 3.4102964960388866.
[I 2025-03-23 05:16:43,665] Trial 84 pruned. 
[I 2025-03-23 05:16:50,659] Trial 85 pruned. 
[I 2025-03-23 05:16:53,805] Trial 86 pruned. 
[I 2025-03-23 05:16:56,391] Trial 87 pruned. 
[I 2025-03-23 05:17:01,129] Trial 88 pruned. 
[I 2025-03-23 05:17:03,558] Trial 89 pruned. 
[I 2025-03-23 05:17:09,697] Trial 32 finished with value: 16.801673011106548 and parameters: {'n_units_l0': 64, 'n_units_l1': 2176, 'n_units_l2': 1440, 'n_units_l3': 3392, 'n_units_l4': 2080, 'n_units_l5': 1216, 'n_units_l6': 1600, 'lr': 0.007941458885630016}. Best is trial 18 with value: 7.2568252150051755.
[I 2025-03-23 05:17:10,625] Trial 90 pruned. 
[I 2025-03-23 05:17:12,499] Trial 33 pruned. 
[I 2025-03-23 05:17:12,981] Trial 91 pruned. 
[I 2025-03-23 05:17:16,880] Trial 34 pruned. 
[I 2025-03-23 05:17:19,915] Trial 92 pruned. 
[I 2025-03-23 05:17:21,179] Trial 35 pruned. 
[I 2025-03-23 05:17:24,533] Trial 36 pruned. 
[I 2025-03-23 05:17:26,902] Trial 93 pruned. 
[I 2025-03-23 05:17:27,854] Trial 37 pruned. 
[I 2025-03-23 05:17:30,438] Trial 38 pruned. 
[I 2025-03-23 05:17:36,414] Trial 39 pruned. 
[I 2025-03-23 05:17:39,341] Trial 40 pruned. 
[I 2025-03-23 05:21:17,519] Trial 94 finished with value: 12.510013077754424 and parameters: {'n_units_l0': 704, 'n_units_l1': 416, 'n_units_l2': 1536, 'n_units_l3': 544, 'n_units_l4': 288, 'n_units_l5': 2816, 'lr': 0.00232357648287021}. Best is trial 31 with value: 3.4102964960388866.
[I 2025-03-23 05:21:24,387] Trial 95 pruned. 
[I 2025-03-23 05:21:31,336] Trial 96 pruned. 
[I 2025-03-23 05:21:33,675] Trial 97 pruned. 
[I 2025-03-23 05:21:36,058] Trial 98 pruned. 
[I 2025-03-23 05:21:38,888] Trial 99 pruned. 
[I 2025-03-23 05:21:39,202] A new study created in memory with name: no-name-f83c4a9c-0d1d-4ded-b69c-9f3a12a6c6ad
[I 2025-03-23 05:23:01,400] Trial 41 finished with value: 10.616651135516626 and parameters: {'n_units_l0': 224, 'n_units_l1': 2240, 'n_units_l2': 1152, 'n_units_l3': 3872, 'n_units_l4': 2176, 'n_units_l5': 1216, 'n_units_l6': 2208, 'lr': 0.0022799635628022764}. Best is trial 18 with value: 7.2568252150051755.
[I 2025-03-23 05:23:04,534] Trial 42 pruned. 
[I 2025-03-23 05:23:07,980] Trial 43 pruned. 
[I 2025-03-23 05:23:11,906] Trial 44 pruned. 
[I 2025-03-23 05:23:14,456] Trial 45 pruned. 
[I 2025-03-23 05:23:18,457] Trial 46 pruned. 
[I 2025-03-23 05:23:21,774] Trial 47 pruned. 
[I 2025-03-23 05:23:26,944] Trial 48 pruned. 
[I 2025-03-23 05:23:30,419] Trial 49 pruned. 
[I 2025-03-23 05:23:33,039] Trial 50 pruned. 
[I 2025-03-23 05:23:36,239] Trial 51 pruned. 
[I 2025-03-23 05:28:02,519] Trial 52 finished with value: 15.742760464747846 and parameters: {'n_units_l0': 192, 'n_units_l1': 1888, 'n_units_l2': 832, 'n_units_l3': 3744, 'n_units_l4': 2464, 'n_units_l5': 768, 'n_units_l6': 1952, 'lr': 0.0034182106242603705}. Best is trial 18 with value: 7.2568252150051755.
[I 2025-03-23 05:28:05,142] Trial 53 pruned. 
[I 2025-03-23 05:28:07,818] Trial 54 pruned. 
[I 2025-03-23 05:28:10,400] Trial 55 pruned. 
[I 2025-03-23 05:28:13,040] Trial 56 pruned. 
[I 2025-03-23 05:28:13,240] Trial 0 finished with value: 124.83159908187925 and parameters: {'n_units_l0': 3872, 'n_units_l1': 96, 'n_units_l2': 3008, 'n_units_l3': 3008, 'n_units_l4': 2176, 'n_units_l5': 960, 'n_units_l6': 3648, 'n_units_l7': 1408, 'lr': 0.026987069420518327}. Best is trial 0 with value: 124.83159908187925.
[I 2025-03-23 05:28:15,625] Trial 57 pruned. 
[I 2025-03-23 05:28:21,767] Trial 58 pruned. 
[I 2025-03-23 05:28:25,038] Trial 59 pruned. 
[I 2025-03-23 05:28:28,339] Trial 60 pruned. 
[I 2025-03-23 05:28:43,096] Trial 61 pruned. 
[I 2025-03-23 05:28:46,698] Trial 62 pruned. 
[I 2025-03-23 05:33:48,862] Trial 63 finished with value: 36.51868975287948 and parameters: {'n_units_l0': 160, 'n_units_l1': 2144, 'n_units_l2': 448, 'n_units_l3': 4064, 'n_units_l4': 2784, 'n_units_l5': 1216, 'n_units_l6': 1760, 'lr': 0.00838976255788896}. Best is trial 18 with value: 7.2568252150051755.
[I 2025-03-23 05:33:51,733] Trial 64 pruned. 
[I 2025-03-23 05:33:54,296] Trial 65 pruned. 
[I 2025-03-23 05:33:57,233] Trial 66 pruned. 
[I 2025-03-23 05:34:05,866] Trial 67 pruned. 
[I 2025-03-23 05:34:08,633] Trial 68 pruned. 
[I 2025-03-23 05:34:13,002] Trial 69 pruned. 
[I 2025-03-23 05:34:15,441] Trial 70 pruned. 
[I 2025-03-23 05:34:24,209] Trial 71 pruned. 
[I 2025-03-23 05:34:27,795] Trial 72 pruned. 
[I 2025-03-23 05:34:30,636] Trial 73 pruned. 
[I 2025-03-23 05:34:33,661] Trial 74 pruned. 
[I 2025-03-23 05:34:37,904] Trial 75 pruned. 
[I 2025-03-23 05:34:41,233] Trial 76 pruned. 
[I 2025-03-23 05:34:44,606] Trial 77 pruned. 
[I 2025-03-23 05:34:49,207] Trial 78 pruned. 
[I 2025-03-23 05:34:51,892] Trial 79 pruned. 
[I 2025-03-23 05:34:55,138] Trial 80 pruned. 
[I 2025-03-23 05:35:02,561] Trial 81 pruned. 
[I 2025-03-23 05:39:06,664] Trial 82 finished with value: 8.159112313479415 and parameters: {'n_units_l0': 32, 'n_units_l1': 1504, 'n_units_l2': 1152, 'n_units_l3': 3200, 'n_units_l4': 1856, 'n_units_l5': 352, 'n_units_l6': 1376, 'lr': 0.001886856888847245}. Best is trial 18 with value: 7.2568252150051755.
[I 2025-03-23 05:39:09,126] Trial 83 pruned. 
[I 2025-03-23 05:39:11,720] Trial 84 pruned. 
[I 2025-03-23 05:39:14,201] Trial 85 pruned. 
[I 2025-03-23 05:39:16,825] Trial 86 pruned. 
[I 2025-03-23 05:39:19,418] Trial 87 pruned. 
[I 2025-03-23 05:39:21,902] Trial 88 pruned. 
[I 2025-03-23 05:39:25,588] Trial 89 pruned. 
[I 2025-03-23 05:39:27,990] Trial 90 pruned. 
[I 2025-03-23 05:39:30,508] Trial 91 pruned. 
[I 2025-03-23 05:39:33,007] Trial 92 pruned. 
[I 2025-03-23 05:39:35,562] Trial 93 pruned. 
[I 2025-03-23 05:39:39,969] Trial 94 pruned. 
[I 2025-03-23 05:39:43,262] Trial 95 pruned. 
[I 2025-03-23 05:39:46,891] Trial 96 pruned. 
[I 2025-03-23 05:39:50,075] Trial 97 pruned. 
[I 2025-03-23 05:39:52,881] Trial 98 pruned. 
[I 2025-03-23 05:40:41,668] Trial 1 finished with value: 124.83127181382739 and parameters: {'n_units_l0': 2752, 'n_units_l1': 2144, 'n_units_l2': 3680, 'n_units_l3': 3232, 'n_units_l4': 3616, 'n_units_l5': 2944, 'n_units_l6': 2848, 'n_units_l7': 320, 'lr': 0.02475963107710771}. Best is trial 1 with value: 124.83127181382739.
[I 2025-03-23 05:43:58,707] Trial 99 finished with value: 5.740811333026929 and parameters: {'n_units_l0': 416, 'n_units_l1': 320, 'n_units_l2': 1056, 'n_units_l3': 3296, 'n_units_l4': 1888, 'n_units_l5': 480, 'n_units_l6': 2400, 'lr': 0.0020259647158707315}. Best is trial 99 with value: 5.740811333026929.
[I 2025-03-23 05:43:59,026] A new study created in memory with name: no-name-d231794c-99e9-4345-a96f-7eb6633dc204
[I 2025-03-23 05:45:18,971] Trial 2 finished with value: 124.83129297626948 and parameters: {'n_units_l0': 992, 'n_units_l1': 224, 'n_units_l2': 1376, 'n_units_l3': 2656, 'n_units_l4': 2496, 'n_units_l5': 1440, 'n_units_l6': 704, 'n_units_l7': 3136, 'lr': 0.06374076117411011}. Best is trial 1 with value: 124.83127181382739.
[I 2025-03-23 05:53:38,730] Trial 0 finished with value: 124.88402479372242 and parameters: {'n_units_l0': 3776, 'n_units_l1': 3392, 'n_units_l2': 2656, 'n_units_l3': 1568, 'n_units_l4': 64, 'n_units_l5': 3392, 'n_units_l6': 1376, 'n_units_l7': 2944, 'n_units_l8': 2624, 'lr': 0.009562311982587019}. Best is trial 0 with value: 124.88402479372242.
[I 2025-03-23 05:58:10,931] Trial 3 finished with value: 124.83099405914372 and parameters: {'n_units_l0': 1760, 'n_units_l1': 1216, 'n_units_l2': 3904, 'n_units_l3': 3712, 'n_units_l4': 3904, 'n_units_l5': 3232, 'n_units_l6': 1792, 'n_units_l7': 2720, 'lr': 0.08390505901916627}. Best is trial 3 with value: 124.83099405914372.
[I 2025-03-23 06:04:50,242] Trial 1 finished with value: 124.88243116985383 and parameters: {'n_units_l0': 1120, 'n_units_l1': 4064, 'n_units_l2': 640, 'n_units_l3': 704, 'n_units_l4': 1792, 'n_units_l5': 2080, 'n_units_l6': 4096, 'n_units_l7': 4064, 'n_units_l8': 3232, 'lr': 0.09049746713364219}. Best is trial 1 with value: 124.88243116985383.
[I 2025-03-23 06:05:50,532] Trial 4 finished with value: 124.83073939604364 and parameters: {'n_units_l0': 2144, 'n_units_l1': 3008, 'n_units_l2': 3008, 'n_units_l3': 768, 'n_units_l4': 2688, 'n_units_l5': 1120, 'n_units_l6': 2624, 'n_units_l7': 2656, 'lr': 0.02729523331859297}. Best is trial 4 with value: 124.83073939604364.
[I 2025-03-23 06:11:25,686] Trial 5 finished with value: 124.86110098153911 and parameters: {'n_units_l0': 3936, 'n_units_l1': 2112, 'n_units_l2': 3584, 'n_units_l3': 224, 'n_units_l4': 448, 'n_units_l5': 3200, 'n_units_l6': 672, 'n_units_l7': 1728, 'lr': 0.08366901399885157}. Best is trial 4 with value: 124.83073939604364.
[I 2025-03-23 06:11:51,250] Trial 6 pruned. 
[I 2025-03-23 06:12:45,790] Trial 2 finished with value: 124.8817677256381 and parameters: {'n_units_l0': 2144, 'n_units_l1': 736, 'n_units_l2': 3200, 'n_units_l3': 4000, 'n_units_l4': 2752, 'n_units_l5': 1472, 'n_units_l6': 448, 'n_units_l7': 512, 'n_units_l8': 352, 'lr': 0.0024526085503203273}. Best is trial 2 with value: 124.8817677256381.
[I 2025-03-23 06:16:10,713] Trial 7 finished with value: 124.83614047297304 and parameters: {'n_units_l0': 1184, 'n_units_l1': 3520, 'n_units_l2': 1376, 'n_units_l3': 3360, 'n_units_l4': 416, 'n_units_l5': 2304, 'n_units_l6': 96, 'n_units_l7': 672, 'lr': 0.025288537039914953}. Best is trial 4 with value: 124.83073939604364.
[I 2025-03-23 06:21:12,796] Trial 3 finished with value: 124.88683647105708 and parameters: {'n_units_l0': 2976, 'n_units_l1': 3968, 'n_units_l2': 2432, 'n_units_l3': 1792, 'n_units_l4': 320, 'n_units_l5': 672, 'n_units_l6': 2656, 'n_units_l7': 1568, 'n_units_l8': 2240, 'lr': 0.05666957022218351}. Best is trial 2 with value: 124.8817677256381.
[I 2025-03-23 06:23:27,470] Trial 8 finished with value: 21.16005449031319 and parameters: {'n_units_l0': 2208, 'n_units_l1': 3552, 'n_units_l2': 1536, 'n_units_l3': 3392, 'n_units_l4': 800, 'n_units_l5': 960, 'n_units_l6': 1632, 'n_units_l7': 3936, 'lr': 0.0026467210748526457}. Best is trial 8 with value: 21.16005449031319.
[I 2025-03-23 06:23:30,810] Trial 9 pruned. 
[I 2025-03-23 06:27:13,700] Trial 4 finished with value: 124.88517429411255 and parameters: {'n_units_l0': 3616, 'n_units_l1': 1376, 'n_units_l2': 3392, 'n_units_l3': 1600, 'n_units_l4': 2976, 'n_units_l5': 96, 'n_units_l6': 1728, 'n_units_l7': 1152, 'n_units_l8': 128, 'lr': 0.051126187666758964}. Best is trial 2 with value: 124.8817677256381.
[I 2025-03-23 06:27:19,799] Trial 5 pruned. 
[I 2025-03-23 06:27:35,911] Trial 6 pruned. 
[I 2025-03-23 06:27:48,527] Trial 7 pruned. 
[I 2025-03-23 06:27:57,152] Trial 8 pruned. 
[I 2025-03-23 06:29:23,775] Trial 10 finished with value: 10.555731010626515 and parameters: {'n_units_l0': 2944, 'n_units_l1': 3936, 'n_units_l2': 256, 'n_units_l3': 1792, 'n_units_l4': 1408, 'n_units_l5': 288, 'n_units_l6': 1696, 'n_units_l7': 4032, 'lr': 0.0015252868035952882}. Best is trial 10 with value: 10.555731010626515.
