[I 2025-03-22 00:40:38,902] Trial 31 finished with value: 39.213332723642324 and parameters: {'n_units_l0': 1888, 'n_units_l1': 1024, 'n_units_l2': 1344, 'n_units_l3': 3520, 'n_units_l4': 1728, 'n_units_l5': 1856, 'n_units_l6': 992, 'n_units_l7': 448, 'n_units_l8': 2016, 'n_units_l9': 3648, 'lr': 0.0024159839428818213}. Best is trial 18 with value: 24.186573575502866.
[I 2025-03-22 00:40:40,839] Trial 32 pruned. 
[I 2025-03-22 00:40:41,083] Trial 33 pruned. 
[I 2025-03-22 00:40:41,375] Trial 34 pruned. 
[I 2025-03-22 00:40:41,817] Trial 35 pruned. 
[I 2025-03-22 00:40:42,425] Trial 36 pruned. 
[I 2025-03-22 00:40:42,720] Trial 37 pruned. 
[I 2025-03-22 00:40:42,990] Trial 38 pruned. 
[I 2025-03-22 00:40:43,314] Trial 39 pruned. 
[I 2025-03-22 00:40:43,783] Trial 40 pruned. 
[I 2025-03-22 00:40:45,645] Trial 3 finished with value: 126.84553897573403 and parameters: {'n_units_l0': 736, 'n_units_l1': 544, 'n_units_l2': 320, 'n_units_l3': 1696, 'n_units_l4': 3136, 'n_units_l5': 3264, 'n_units_l6': 960, 'n_units_l7': 1760, 'n_units_l8': 3424, 'n_units_l9': 768, 'n_units_l10': 1152, 'lr': 0.058470521073375026}. Best is trial 2 with value: 126.84494432824052.
[I 2025-03-22 00:40:47,012] Trial 41 pruned. 
[I 2025-03-22 00:40:47,339] Trial 42 pruned. 
[I 2025-03-22 00:40:47,564] Trial 43 pruned. 
[I 2025-03-22 00:40:51,400] Trial 44 pruned. 
[I 2025-03-22 00:40:51,879] Trial 45 pruned. 
[I 2025-03-22 00:40:52,745] Trial 46 pruned. 
[I 2025-03-22 00:40:53,017] Trial 47 pruned. 
[I 2025-03-22 00:40:53,451] Trial 48 pruned. 
[I 2025-03-22 00:40:53,868] Trial 49 pruned. 
[I 2025-03-22 00:40:54,245] Trial 50 pruned. 
[I 2025-03-22 00:40:54,642] Trial 51 pruned. 
[I 2025-03-22 00:40:58,196] Trial 52 pruned. 
[I 2025-03-22 00:40:58,874] Trial 53 pruned. 
[I 2025-03-22 00:40:59,219] Trial 54 pruned. 
[I 2025-03-22 00:40:59,790] Trial 55 pruned. 
[I 2025-03-22 00:41:00,191] Trial 56 pruned. 
[I 2025-03-22 00:41:00,502] Trial 57 pruned. 
[I 2025-03-22 00:41:00,749] Trial 58 pruned. 
[I 2025-03-22 00:41:01,153] Trial 59 pruned. 
[I 2025-03-22 00:41:07,385] Trial 4 finished with value: 126.95907347869475 and parameters: {'n_units_l0': 1888, 'n_units_l1': 608, 'n_units_l2': 2336, 'n_units_l3': 1440, 'n_units_l4': 3424, 'n_units_l5': 2304, 'n_units_l6': 768, 'n_units_l7': 2528, 'n_units_l8': 3104, 'n_units_l9': 1888, 'n_units_l10': 704, 'lr': 0.03676253650464586}. Best is trial 2 with value: 126.84494432824052.
[I 2025-03-22 00:41:08,036] Trial 5 pruned. 
[I 2025-03-22 00:41:08,215] Trial 6 pruned. 
[I 2025-03-22 00:41:08,823] Trial 7 pruned. 
[I 2025-03-22 00:41:10,008] Trial 8 pruned. 
[I 2025-03-22 00:41:10,299] Trial 9 pruned. 
[I 2025-03-22 00:41:10,844] Trial 10 pruned. 
[I 2025-03-22 00:41:11,220] Trial 11 pruned. 
[I 2025-03-22 00:41:20,007] Trial 60 finished with value: 40.05499282836914 and parameters: {'n_units_l0': 1920, 'n_units_l1': 1472, 'n_units_l2': 2048, 'n_units_l3': 3072, 'n_units_l4': 1440, 'n_units_l5': 1920, 'n_units_l6': 224, 'n_units_l7': 1184, 'n_units_l8': 2272, 'n_units_l9': 3840, 'lr': 0.002850064173046281}. Best is trial 18 with value: 24.186573575502866.
[I 2025-03-22 00:41:20,396] Trial 61 pruned. 
[I 2025-03-22 00:41:20,757] Trial 62 pruned. 
[I 2025-03-22 00:41:21,259] Trial 63 pruned. 
[I 2025-03-22 00:41:21,584] Trial 64 pruned. 
[I 2025-03-22 00:41:21,974] Trial 65 pruned. 
[I 2025-03-22 00:41:22,466] Trial 66 pruned. 
[I 2025-03-22 00:41:22,770] Trial 67 pruned. 
[I 2025-03-22 00:41:22,998] Trial 68 pruned. 
[I 2025-03-22 00:41:23,416] Trial 69 pruned. 
[I 2025-03-22 00:41:23,739] Trial 70 pruned. 
[I 2025-03-22 00:41:24,016] Trial 71 pruned. 
[I 2025-03-22 00:41:32,973] Trial 12 finished with value: 126.84813997508213 and parameters: {'n_units_l0': 992, 'n_units_l1': 1280, 'n_units_l2': 3552, 'n_units_l3': 2624, 'n_units_l4': 2656, 'n_units_l5': 2912, 'n_units_l6': 1440, 'n_units_l7': 32, 'n_units_l8': 3552, 'n_units_l9': 704, 'n_units_l10': 1696, 'lr': 0.07212578842368658}. Best is trial 2 with value: 126.84494432824052.
[I 2025-03-22 00:41:33,362] Trial 13 pruned. 
[I 2025-03-22 00:41:33,669] Trial 14 pruned. 
[I 2025-03-22 00:41:34,054] Trial 15 pruned. 
[I 2025-03-22 00:41:34,546] Trial 16 pruned. 
[I 2025-03-22 00:41:34,862] Trial 17 pruned. 
[I 2025-03-22 00:41:35,148] Trial 72 finished with value: 38.74328667380593 and parameters: {'n_units_l0': 2912, 'n_units_l1': 416, 'n_units_l2': 832, 'n_units_l3': 832, 'n_units_l4': 2976, 'n_units_l5': 1216, 'n_units_l6': 1248, 'n_units_l7': 32, 'n_units_l8': 3104, 'n_units_l9': 1952, 'lr': 0.0006253598837578727}. Best is trial 18 with value: 24.186573575502866.
[I 2025-03-22 00:41:36,768] Trial 73 pruned. 
[I 2025-03-22 00:41:37,028] Trial 74 pruned. 
[I 2025-03-22 00:41:48,311] Trial 75 finished with value: 39.522812345430445 and parameters: {'n_units_l0': 2784, 'n_units_l1': 1120, 'n_units_l2': 1696, 'n_units_l3': 1472, 'n_units_l4': 960, 'n_units_l5': 1024, 'n_units_l6': 32, 'n_units_l7': 32, 'n_units_l8': 3488, 'n_units_l9': 1312, 'lr': 0.0023132983832243738}. Best is trial 18 with value: 24.186573575502866.
[I 2025-03-22 00:41:48,531] Trial 76 pruned. 
[I 2025-03-22 00:41:48,749] Trial 77 pruned. 
[I 2025-03-22 00:41:49,101] Trial 78 pruned. 
[I 2025-03-22 00:41:49,335] Trial 79 pruned. 
[I 2025-03-22 00:41:49,545] Trial 80 pruned. 
[I 2025-03-22 00:41:49,875] Trial 81 pruned. 
[I 2025-03-22 00:41:50,321] Trial 82 pruned. 
[I 2025-03-22 00:41:50,886] Trial 83 pruned. 
[I 2025-03-22 00:41:52,914] Trial 84 pruned. 
[I 2025-03-22 00:41:53,126] Trial 85 pruned. 
[I 2025-03-22 00:41:53,357] Trial 86 pruned. 
[I 2025-03-22 00:41:53,756] Trial 87 pruned. 
[I 2025-03-22 00:41:54,148] Trial 88 pruned. 
[I 2025-03-22 00:41:56,210] Trial 89 pruned. 
[I 2025-03-22 00:41:56,450] Trial 90 pruned. 
[I 2025-03-22 00:41:56,683] Trial 91 pruned. 
[I 2025-03-22 00:41:58,125] Trial 18 finished with value: 126.91759411054952 and parameters: {'n_units_l0': 672, 'n_units_l1': 3104, 'n_units_l2': 32, 'n_units_l3': 96, 'n_units_l4': 3968, 'n_units_l5': 2560, 'n_units_l6': 2464, 'n_units_l7': 1184, 'n_units_l8': 3584, 'n_units_l9': 3968, 'n_units_l10': 96, 'lr': 0.018934801558119108}. Best is trial 2 with value: 126.84494432824052.
[I 2025-03-22 00:41:58,596] Trial 19 pruned. 
[I 2025-03-22 00:41:59,027] Trial 20 pruned. 
[I 2025-03-22 00:41:59,447] Trial 21 pruned. 
[I 2025-03-22 00:41:59,659] Trial 92 pruned. 
[I 2025-03-22 00:41:59,826] Trial 22 pruned. 
[I 2025-03-22 00:42:00,204] Trial 23 pruned. 
[I 2025-03-22 00:42:00,714] Trial 24 pruned. 
[I 2025-03-22 00:42:01,732] Trial 93 pruned. 
[I 2025-03-22 00:42:02,141] Trial 94 pruned. 
[I 2025-03-22 00:42:02,479] Trial 95 pruned. 
[I 2025-03-22 00:42:03,253] Trial 96 pruned. 
[I 2025-03-22 00:42:03,818] Trial 97 pruned. 
[I 2025-03-22 00:42:04,222] Trial 98 pruned. 
[I 2025-03-22 00:42:04,514] Trial 99 pruned. 
[I 2025-03-22 00:42:04,540] A new study created in memory with name: no-name-14f9cf18-0021-4754-9765-00ddd5c1ca76
[I 2025-03-22 00:42:17,501] Trial 25 pruned. 
[I 2025-03-22 00:42:17,928] Trial 26 pruned. 
[I 2025-03-22 00:42:18,303] Trial 27 pruned. 
[I 2025-03-22 00:42:18,647] Trial 28 pruned. 
[I 2025-03-22 00:42:19,115] Trial 29 pruned. 
[I 2025-03-22 00:42:19,678] Trial 30 pruned. 
[I 2025-03-22 00:42:19,995] Trial 31 pruned. 
[I 2025-03-22 00:42:20,422] Trial 32 pruned. 
[I 2025-03-22 00:42:22,648] Trial 0 finished with value: 127.29846044123698 and parameters: {'n_units_l0': 1248, 'n_units_l1': 1248, 'n_units_l2': 2528, 'n_units_l3': 2656, 'n_units_l4': 1088, 'n_units_l5': 704, 'n_units_l6': 1312, 'n_units_l7': 1696, 'n_units_l8': 832, 'n_units_l9': 128, 'n_units_l10': 3616, 'n_units_l11': 2048, 'lr': 0.031819558023100276}. Best is trial 0 with value: 127.29846044123698.
[I 2025-03-22 00:42:37,300] Trial 33 finished with value: 38.61875289750012 and parameters: {'n_units_l0': 32, 'n_units_l1': 768, 'n_units_l2': 256, 'n_units_l3': 3488, 'n_units_l4': 2720, 'n_units_l5': 2240, 'n_units_l6': 896, 'n_units_l7': 1824, 'n_units_l8': 544, 'n_units_l9': 3680, 'n_units_l10': 864, 'lr': 0.01205481769015207}. Best is trial 33 with value: 38.61875289750012.
[I 2025-03-22 00:42:47,321] Trial 1 finished with value: 124.42042445295142 and parameters: {'n_units_l0': 3552, 'n_units_l1': 640, 'n_units_l2': 3360, 'n_units_l3': 1344, 'n_units_l4': 1856, 'n_units_l5': 3552, 'n_units_l6': 2624, 'n_units_l7': 480, 'n_units_l8': 3232, 'n_units_l9': 2944, 'n_units_l10': 736, 'n_units_l11': 1536, 'lr': 0.03321345186520934}. Best is trial 1 with value: 124.42042445295142.
[I 2025-03-22 00:42:54,220] Trial 34 finished with value: 30.546095098164507 and parameters: {'n_units_l0': 32, 'n_units_l1': 384, 'n_units_l2': 512, 'n_units_l3': 3424, 'n_units_l4': 2752, 'n_units_l5': 2112, 'n_units_l6': 960, 'n_units_l7': 1728, 'n_units_l8': 704, 'n_units_l9': 3008, 'n_units_l10': 896, 'lr': 0.009737598059133781}. Best is trial 34 with value: 30.546095098164507.
[I 2025-03-22 00:42:54,485] Trial 35 pruned. 
[I 2025-03-22 00:43:04,801] Trial 36 pruned. 
[I 2025-03-22 00:43:08,181] Trial 2 finished with value: 124.42157009344491 and parameters: {'n_units_l0': 2496, 'n_units_l1': 2720, 'n_units_l2': 1536, 'n_units_l3': 2624, 'n_units_l4': 160, 'n_units_l5': 1088, 'n_units_l6': 1440, 'n_units_l7': 32, 'n_units_l8': 3072, 'n_units_l9': 1184, 'n_units_l10': 2944, 'n_units_l11': 3488, 'lr': 0.05744731564785273}. Best is trial 1 with value: 124.42042445295142.
[I 2025-03-22 00:43:14,455] Trial 37 pruned. 
[I 2025-03-22 00:43:35,774] Trial 38 finished with value: 126.84402153329218 and parameters: {'n_units_l0': 2112, 'n_units_l1': 3520, 'n_units_l2': 320, 'n_units_l3': 4064, 'n_units_l4': 3616, 'n_units_l5': 1248, 'n_units_l6': 2048, 'n_units_l7': 2240, 'n_units_l8': 32, 'n_units_l9': 3136, 'n_units_l10': 224, 'lr': 0.0027884187994343043}. Best is trial 34 with value: 30.546095098164507.
[I 2025-03-22 00:43:36,511] Trial 39 pruned. 
[I 2025-03-22 00:43:36,585] Trial 3 finished with value: 124.9340548829582 and parameters: {'n_units_l0': 3232, 'n_units_l1': 3648, 'n_units_l2': 96, 'n_units_l3': 1632, 'n_units_l4': 672, 'n_units_l5': 800, 'n_units_l6': 1376, 'n_units_l7': 2816, 'n_units_l8': 3200, 'n_units_l9': 3360, 'n_units_l10': 1568, 'n_units_l11': 4096, 'lr': 0.028414733494343453}. Best is trial 1 with value: 124.42042445295142.
[I 2025-03-22 00:44:01,145] Trial 4 finished with value: 124.4388224824946 and parameters: {'n_units_l0': 1824, 'n_units_l1': 2528, 'n_units_l2': 2496, 'n_units_l3': 576, 'n_units_l4': 2816, 'n_units_l5': 3744, 'n_units_l6': 2496, 'n_units_l7': 1696, 'n_units_l8': 448, 'n_units_l9': 1184, 'n_units_l10': 992, 'n_units_l11': 1280, 'lr': 0.01723167074360018}. Best is trial 1 with value: 124.42042445295142.
[I 2025-03-22 00:44:01,712] Trial 5 pruned. 
[I 2025-03-22 00:44:02,431] Trial 6 pruned. 
[I 2025-03-22 00:44:02,974] Trial 7 pruned. 
[I 2025-03-22 00:44:03,649] Trial 8 pruned. 
[I 2025-03-22 00:44:03,977] Trial 9 pruned. 
[I 2025-03-22 00:44:07,126] Trial 10 pruned. 
[I 2025-03-22 00:44:07,808] Trial 11 pruned. 
[I 2025-03-22 00:44:08,385] Trial 12 pruned. 
[I 2025-03-22 00:44:09,215] Trial 13 pruned. 
[I 2025-03-22 00:44:13,248] Trial 40 finished with value: 27.2053363644996 and parameters: {'n_units_l0': 3200, 'n_units_l1': 3552, 'n_units_l2': 1536, 'n_units_l3': 3680, 'n_units_l4': 3648, 'n_units_l5': 1824, 'n_units_l6': 3680, 'n_units_l7': 2720, 'n_units_l8': 864, 'n_units_l9': 3616, 'n_units_l10': 576, 'lr': 5.436698570710939e-05}. Best is trial 40 with value: 27.2053363644996.
[I 2025-03-22 00:44:32,235] Trial 14 finished with value: 37.73523018702857 and parameters: {'n_units_l0': 2432, 'n_units_l1': 1952, 'n_units_l2': 832, 'n_units_l3': 1984, 'n_units_l4': 960, 'n_units_l5': 3264, 'n_units_l6': 4032, 'n_units_l7': 736, 'n_units_l8': 2304, 'n_units_l9': 800, 'n_units_l10': 4064, 'n_units_l11': 768, 'lr': 0.001193841394921548}. Best is trial 14 with value: 37.73523018702857.
[I 2025-03-22 00:44:43,635] Trial 41 finished with value: 38.50849967427773 and parameters: {'n_units_l0': 3296, 'n_units_l1': 3456, 'n_units_l2': 1472, 'n_units_l3': 3488, 'n_units_l4': 4064, 'n_units_l5': 512, 'n_units_l6': 3520, 'n_units_l7': 2688, 'n_units_l8': 864, 'n_units_l9': 3744, 'n_units_l10': 320, 'lr': 0.001160011789072473}. Best is trial 40 with value: 27.2053363644996.
[I 2025-03-22 00:44:51,356] Trial 15 finished with value: 124.44009900253921 and parameters: {'n_units_l0': 3392, 'n_units_l1': 608, 'n_units_l2': 512, 'n_units_l3': 992, 'n_units_l4': 1088, 'n_units_l5': 3200, 'n_units_l6': 4032, 'n_units_l7': 960, 'n_units_l8': 2272, 'n_units_l9': 64, 'n_units_l10': 4032, 'n_units_l11': 704, 'lr': 0.0017439643602226232}. Best is trial 14 with value: 37.73523018702857.
[I 2025-03-22 00:45:14,390] Trial 42 finished with value: 20.220068848586568 and parameters: {'n_units_l0': 3264, 'n_units_l1': 3488, 'n_units_l2': 1536, 'n_units_l3': 3584, 'n_units_l4': 3936, 'n_units_l5': 416, 'n_units_l6': 3584, 'n_units_l7': 2720, 'n_units_l8': 896, 'n_units_l9': 3616, 'n_units_l10': 384, 'lr': 0.0004906423269824109}. Best is trial 42 with value: 20.220068848586568.
[I 2025-03-22 00:45:15,019] Trial 43 pruned. 
[I 2025-03-22 00:45:19,058] Trial 16 finished with value: 37.29357502555748 and parameters: {'n_units_l0': 832, 'n_units_l1': 1920, 'n_units_l2': 960, 'n_units_l3': 1984, 'n_units_l4': 2176, 'n_units_l5': 3136, 'n_units_l6': 3936, 'n_units_l7': 768, 'n_units_l8': 4096, 'n_units_l9': 2592, 'n_units_l10': 1024, 'n_units_l11': 1024, 'lr': 0.0019254820846527926}. Best is trial 16 with value: 37.29357502555748.
[I 2025-03-22 00:45:19,544] Trial 17 pruned. 
[I 2025-03-22 00:45:39,071] Trial 18 finished with value: 27.472900651932754 and parameters: {'n_units_l0': 32, 'n_units_l1': 4096, 'n_units_l2': 192, 'n_units_l3': 2016, 'n_units_l4': 960, 'n_units_l5': 4096, 'n_units_l6': 3232, 'n_units_l7': 1216, 'n_units_l8': 32, 'n_units_l9': 2336, 'n_units_l10': 2048, 'n_units_l11': 640, 'lr': 9.891271012975604e-05}. Best is trial 18 with value: 27.472900651932754.
[I 2025-03-22 00:45:41,063] Trial 19 pruned. 
[I 2025-03-22 00:45:41,488] Trial 20 pruned. 
[I 2025-03-22 00:45:47,617] Trial 44 finished with value: 54.09220031253244 and parameters: {'n_units_l0': 3200, 'n_units_l1': 3584, 'n_units_l2': 1600, 'n_units_l3': 3264, 'n_units_l4': 3840, 'n_units_l5': 512, 'n_units_l6': 3904, 'n_units_l7': 3040, 'n_units_l8': 896, 'n_units_l9': 3424, 'n_units_l10': 864, 'lr': 0.0002476668554431042}. Best is trial 42 with value: 20.220068848586568.
[I 2025-03-22 00:45:48,256] Trial 45 pruned. 
[I 2025-03-22 00:45:49,562] Trial 46 pruned. 
[I 2025-03-22 00:45:50,340] Trial 47 pruned. 
[I 2025-03-22 00:45:51,070] Trial 48 pruned. 
[I 2025-03-22 00:45:51,608] Trial 49 pruned. 
[I 2025-03-22 00:45:52,244] Trial 50 pruned. 
[I 2025-03-22 00:46:03,173] Trial 21 finished with value: 39.951208650106956 and parameters: {'n_units_l0': 576, 'n_units_l1': 1728, 'n_units_l2': 1088, 'n_units_l3': 2176, 'n_units_l4': 736, 'n_units_l5': 2880, 'n_units_l6': 3744, 'n_units_l7': 640, 'n_units_l8': 1760, 'n_units_l9': 2464, 'n_units_l10': 2464, 'n_units_l11': 1024, 'lr': 0.0014276438560608886}. Best is trial 18 with value: 27.472900651932754.
[I 2025-03-22 00:46:04,209] Trial 22 pruned. 
[I 2025-03-22 00:46:05,047] Trial 23 pruned. 
[I 2025-03-22 00:46:25,244] Trial 51 finished with value: 37.512056170806964 and parameters: {'n_units_l0': 3360, 'n_units_l1': 3648, 'n_units_l2': 1568, 'n_units_l3': 3360, 'n_units_l4': 3776, 'n_units_l5': 512, 'n_units_l6': 4000, 'n_units_l7': 3072, 'n_units_l8': 896, 'n_units_l9': 3424, 'n_units_l10': 864, 'lr': 0.0010304368977635207}. Best is trial 42 with value: 20.220068848586568.
[I 2025-03-22 00:46:30,041] Trial 24 finished with value: 17.494506954713753 and parameters: {'n_units_l0': 32, 'n_units_l1': 1696, 'n_units_l2': 1152, 'n_units_l3': 2336, 'n_units_l4': 1216, 'n_units_l5': 2816, 'n_units_l6': 3648, 'n_units_l7': 1056, 'n_units_l8': 1280, 'n_units_l9': 2560, 'n_units_l10': 3296, 'n_units_l11': 896, 'lr': 0.0003739640509690291}. Best is trial 24 with value: 17.494506954713753.
[I 2025-03-22 00:46:30,628] Trial 25 pruned. 
[I 2025-03-22 00:46:31,074] Trial 26 pruned. 
[I 2025-03-22 00:46:39,013] Trial 27 pruned. 
[I 2025-03-22 00:46:39,462] Trial 28 pruned. 
[I 2025-03-22 00:46:39,957] Trial 29 pruned. 
[I 2025-03-22 00:46:40,537] Trial 30 pruned. 
[I 2025-03-22 00:46:41,192] Trial 31 pruned. 
[I 2025-03-22 00:46:41,639] Trial 32 pruned. 
[I 2025-03-22 00:46:48,256] Trial 33 pruned. 
[I 2025-03-22 00:46:48,741] Trial 34 pruned. 
[I 2025-03-22 00:46:49,191] Trial 35 pruned. 
[I 2025-03-22 00:46:49,702] Trial 36 pruned. 
[I 2025-03-22 00:46:50,217] Trial 37 pruned. 
[I 2025-03-22 00:46:51,066] Trial 38 pruned. 
[I 2025-03-22 00:46:51,953] Trial 39 pruned. 
[I 2025-03-22 00:46:52,316] Trial 40 pruned. 
[I 2025-03-22 00:46:55,646] Trial 52 finished with value: 38.010694270211005 and parameters: {'n_units_l0': 3424, 'n_units_l1': 3360, 'n_units_l2': 1120, 'n_units_l3': 3552, 'n_units_l4': 3712, 'n_units_l5': 128, 'n_units_l6': 4064, 'n_units_l7': 3296, 'n_units_l8': 800, 'n_units_l9': 3552, 'n_units_l10': 960, 'lr': 0.0009817029855770914}. Best is trial 42 with value: 20.220068848586568.
[I 2025-03-22 00:46:56,889] Trial 53 pruned. 
[I 2025-03-22 00:46:57,685] Trial 54 pruned. 
[I 2025-03-22 00:46:58,310] Trial 55 pruned. 
[I 2025-03-22 00:47:02,096] Trial 41 pruned. 
[I 2025-03-22 00:47:02,968] Trial 42 pruned. 
[I 2025-03-22 00:47:03,590] Trial 43 pruned. 
[I 2025-03-22 00:47:04,049] Trial 44 pruned. 
[I 2025-03-22 00:47:04,548] Trial 45 pruned. 
[I 2025-03-22 00:47:04,773] Trial 46 pruned. 
[I 2025-03-22 00:47:05,641] Trial 47 pruned. 
[I 2025-03-22 00:47:06,046] Trial 48 pruned. 
[I 2025-03-22 00:47:06,659] Trial 49 pruned. 
[I 2025-03-22 00:47:07,189] Trial 50 pruned. 
[I 2025-03-22 00:47:07,615] Trial 51 pruned. 
[I 2025-03-22 00:47:08,060] Trial 52 pruned. 
[I 2025-03-22 00:47:09,606] Trial 53 pruned. 
[I 2025-03-22 00:47:10,236] Trial 54 pruned. 
[I 2025-03-22 00:47:10,797] Trial 55 pruned. 
[I 2025-03-22 00:47:11,709] Trial 56 pruned. 
[I 2025-03-22 00:47:12,131] Trial 57 pruned. 
[I 2025-03-22 00:47:30,996] Trial 56 finished with value: 19.151220255062068 and parameters: {'n_units_l0': 3104, 'n_units_l1': 3680, 'n_units_l2': 1952, 'n_units_l3': 2976, 'n_units_l4': 3712, 'n_units_l5': 832, 'n_units_l6': 3520, 'n_units_l7': 3200, 'n_units_l8': 320, 'n_units_l9': 4096, 'n_units_l10': 1120, 'lr': 7.366277763540632e-05}. Best is trial 56 with value: 19.151220255062068.
[I 2025-03-22 00:47:31,669] Trial 57 pruned. 
[I 2025-03-22 00:47:32,494] Trial 58 pruned. 
[I 2025-03-22 00:47:36,838] Trial 58 finished with value: 15.971198342288165 and parameters: {'n_units_l0': 1120, 'n_units_l1': 1920, 'n_units_l2': 2944, 'n_units_l3': 1600, 'n_units_l4': 1088, 'n_units_l5': 3200, 'n_units_l6': 3520, 'n_units_l7': 1312, 'n_units_l8': 1760, 'n_units_l9': 1984, 'n_units_l10': 544, 'n_units_l11': 1600, 'lr': 0.00026756817702380635}. Best is trial 58 with value: 15.971198342288165.
[I 2025-03-22 00:47:37,505] Trial 59 pruned. 
[I 2025-03-22 00:47:45,004] Trial 60 pruned. 
[I 2025-03-22 00:47:45,549] Trial 61 pruned. 
[I 2025-03-22 00:47:45,917] Trial 62 pruned. 
[I 2025-03-22 00:47:47,136] Trial 63 pruned. 
[I 2025-03-22 00:47:47,653] Trial 64 pruned. 
[I 2025-03-22 00:47:48,288] Trial 65 pruned. 
[I 2025-03-22 00:47:48,774] Trial 66 pruned. 
[I 2025-03-22 00:47:50,609] Trial 67 pruned. 
[I 2025-03-22 00:47:51,344] Trial 68 pruned. 
[I 2025-03-22 00:47:51,785] Trial 69 pruned. 
[I 2025-03-22 00:47:52,250] Trial 70 pruned. 
[I 2025-03-22 00:47:52,641] Trial 71 pruned. 
[I 2025-03-22 00:47:53,073] Trial 72 pruned. 
[I 2025-03-22 00:47:53,492] Trial 73 pruned. 
[I 2025-03-22 00:47:53,917] Trial 74 pruned. 
[I 2025-03-22 00:47:54,381] Trial 75 pruned. 
[I 2025-03-22 00:47:54,760] Trial 76 pruned. 
[I 2025-03-22 00:48:01,025] Trial 77 pruned. 
[I 2025-03-22 00:48:01,599] Trial 78 pruned. 
[I 2025-03-22 00:48:02,231] Trial 79 pruned. 
[I 2025-03-22 00:48:02,563] Trial 59 finished with value: 33.06874291010981 and parameters: {'n_units_l0': 3488, 'n_units_l1': 2944, 'n_units_l2': 1248, 'n_units_l3': 3136, 'n_units_l4': 3232, 'n_units_l5': 1152, 'n_units_l6': 3776, 'n_units_l7': 3424, 'n_units_l8': 256, 'n_units_l9': 3520, 'n_units_l10': 1088, 'lr': 0.00025654696385706477}. Best is trial 56 with value: 19.151220255062068.
[I 2025-03-22 00:48:02,681] Trial 80 pruned. 
[I 2025-03-22 00:48:03,183] Trial 60 pruned. 
[I 2025-03-22 00:48:03,551] Trial 81 pruned. 
[I 2025-03-22 00:48:03,826] Trial 61 pruned. 
[I 2025-03-22 00:48:04,470] Trial 62 pruned. 
[I 2025-03-22 00:48:04,663] Trial 82 pruned. 
[I 2025-03-22 00:48:05,079] Trial 63 pruned. 
[I 2025-03-22 00:48:05,365] Trial 83 pruned. 
[I 2025-03-22 00:48:05,737] Trial 64 pruned. 
[I 2025-03-22 00:48:05,858] Trial 84 pruned. 
[I 2025-03-22 00:48:06,270] Trial 85 pruned. 
[I 2025-03-22 00:48:06,393] Trial 65 pruned. 
[I 2025-03-22 00:48:06,941] Trial 66 pruned. 
[I 2025-03-22 00:48:07,006] Trial 86 pruned. 
[I 2025-03-22 00:48:07,581] Trial 67 pruned. 
[I 2025-03-22 00:48:08,187] Trial 68 pruned. 
[I 2025-03-22 00:48:08,388] Trial 87 pruned. 
[I 2025-03-22 00:48:08,801] Trial 69 pruned. 
[I 2025-03-22 00:48:09,155] Trial 88 pruned. 
[I 2025-03-22 00:48:09,500] Trial 70 pruned. 
[I 2025-03-22 00:48:09,526] Trial 89 pruned. 
[I 2025-03-22 00:48:10,102] Trial 71 pruned. 
[I 2025-03-22 00:48:10,434] Trial 90 pruned. 
[I 2025-03-22 00:48:10,974] Trial 91 pruned. 
[I 2025-03-22 00:48:10,983] Trial 72 pruned. 
[I 2025-03-22 00:48:11,483] Trial 92 pruned. 
[I 2025-03-22 00:48:11,943] Trial 93 pruned. 
[I 2025-03-22 00:48:12,013] Trial 73 pruned. 
[I 2025-03-22 00:48:12,704] Trial 74 pruned. 
[I 2025-03-22 00:48:13,271] Trial 94 pruned. 
[I 2025-03-22 00:48:13,462] Trial 75 pruned. 
[I 2025-03-22 00:48:13,606] Trial 95 pruned. 
[I 2025-03-22 00:48:13,860] Trial 76 pruned. 
[I 2025-03-22 00:48:14,087] Trial 96 pruned. 
[I 2025-03-22 00:48:14,546] Trial 77 pruned. 
