[I 2025-03-24 18:32:01,265] Trial 44 finished with value: 124.79184621589457 and parameters: {'n_units_l0': 2656, 'n_units_l1': 2016, 'n_units_l2': 1536, 'n_units_l3': 352, 'n_units_l4': 1568, 'n_units_l5': 224, 'n_units_l6': 2432, 'n_units_l7': 1472, 'n_units_l8': 2080, 'n_units_l9': 960, 'n_units_l10': 928, 'n_units_l11': 1696, 'lr': 0.01195742766714475}. Best is trial 43 with value: 2.3112908800302954.
[I 2025-03-24 18:36:32,709] Trial 5 finished with value: 37.23777050749538 and parameters: {'n_units_l0': 1152, 'n_units_l1': 288, 'n_units_l2': 224, 'n_units_l3': 1952, 'lr': 0.03970029597451132}. Best is trial 1 with value: 7.6351178994973425.
[I 2025-03-24 18:36:38,502] Trial 6 pruned. 
[I 2025-03-24 18:36:47,113] Trial 7 pruned. 
[I 2025-03-24 18:36:54,711] Trial 8 pruned. 
[I 2025-03-24 18:36:59,820] Trial 9 pruned. 
[I 2025-03-24 18:45:32,916] Trial 10 finished with value: 3.6723389021609547 and parameters: {'n_units_l0': 320, 'n_units_l1': 1216, 'n_units_l2': 1280, 'n_units_l3': 992, 'lr': 0.0003382368166515298}. Best is trial 10 with value: 3.6723389021609547.
[I 2025-03-24 18:46:21,289] Trial 45 finished with value: 8.170900539711827 and parameters: {'n_units_l0': 2816, 'n_units_l1': 1728, 'n_units_l2': 1920, 'n_units_l3': 4064, 'n_units_l4': 1824, 'n_units_l5': 160, 'n_units_l6': 3552, 'n_units_l7': 128, 'n_units_l8': 2368, 'n_units_l9': 3424, 'n_units_l10': 1120, 'n_units_l11': 288, 'lr': 0.00046004922231165327}. Best is trial 43 with value: 2.3112908800302954.
[I 2025-03-24 18:54:05,880] Trial 11 finished with value: 5.832508933031462 and parameters: {'n_units_l0': 256, 'n_units_l1': 1312, 'n_units_l2': 1248, 'n_units_l3': 96, 'lr': 0.001313052205284125}. Best is trial 10 with value: 3.6723389021609547.
[I 2025-03-24 19:00:01,200] Trial 46 finished with value: 124.80014219354025 and parameters: {'n_units_l0': 2560, 'n_units_l1': 2336, 'n_units_l2': 2176, 'n_units_l3': 2272, 'n_units_l4': 1216, 'n_units_l5': 448, 'n_units_l6': 2080, 'n_units_l7': 1056, 'n_units_l8': 3104, 'n_units_l9': 704, 'n_units_l10': 2144, 'n_units_l11': 2784, 'lr': 0.012996109606167802}. Best is trial 43 with value: 2.3112908800302954.
[I 2025-03-24 19:00:06,419] Trial 47 pruned. 
[I 2025-03-24 19:00:13,386] Trial 48 pruned. 
[I 2025-03-24 19:00:22,210] Trial 49 pruned. 
[I 2025-03-24 19:02:41,589] Trial 12 finished with value: 6.045498783074101 and parameters: {'n_units_l0': 96, 'n_units_l1': 1120, 'n_units_l2': 1376, 'n_units_l3': 1024, 'lr': 0.0009403698184392267}. Best is trial 10 with value: 3.6723389021609547.
[I 2025-03-24 19:03:17,961] Trial 13 pruned. 
[I 2025-03-24 19:03:23,138] Trial 14 pruned. 
[I 2025-03-24 19:03:33,448] Trial 15 pruned. 
[I 2025-03-24 19:04:09,945] Trial 16 pruned. 
[I 2025-03-24 19:04:20,223] Trial 17 pruned. 
[I 2025-03-24 19:04:25,495] Trial 18 pruned. 
[I 2025-03-24 19:04:30,797] Trial 19 pruned. 
[I 2025-03-24 19:04:36,037] Trial 20 pruned. 
[I 2025-03-24 19:12:27,066] Trial 50 finished with value: 124.7965800286161 and parameters: {'n_units_l0': 1568, 'n_units_l1': 2400, 'n_units_l2': 352, 'n_units_l3': 2688, 'n_units_l4': 992, 'n_units_l5': 640, 'n_units_l6': 2112, 'n_units_l7': 1376, 'n_units_l8': 2400, 'n_units_l9': 1152, 'n_units_l10': 3744, 'n_units_l11': 1472, 'lr': 0.004505471697833042}. Best is trial 43 with value: 2.3112908800302954.
[I 2025-03-24 19:13:10,963] Trial 21 finished with value: 4.736127710911002 and parameters: {'n_units_l0': 128, 'n_units_l1': 1216, 'n_units_l2': 1376, 'n_units_l3': 1024, 'lr': 0.0017852544575284565}. Best is trial 10 with value: 3.6723389021609547.
[I 2025-03-24 19:21:49,503] Trial 22 finished with value: 3.6216818014180783 and parameters: {'n_units_l0': 384, 'n_units_l1': 1600, 'n_units_l2': 672, 'n_units_l3': 1408, 'lr': 0.0011543479197628538}. Best is trial 22 with value: 3.6216818014180783.
[I 2025-03-24 19:21:59,764] Trial 23 pruned. 
[I 2025-03-24 19:22:09,999] Trial 24 pruned. 
[I 2025-03-24 19:22:15,117] Trial 25 pruned. 
[I 2025-03-24 19:22:20,306] Trial 26 pruned. 
[I 2025-03-24 19:22:25,652] Trial 27 pruned. 
[I 2025-03-24 19:22:41,585] Trial 28 pruned. 
[I 2025-03-24 19:22:46,680] Trial 29 pruned. 
[I 2025-03-24 19:22:51,961] Trial 30 pruned. 
[I 2025-03-24 19:23:20,256] Trial 51 finished with value: 3.482990230481521 and parameters: {'n_units_l0': 2176, 'n_units_l1': 2624, 'n_units_l2': 896, 'n_units_l3': 1120, 'n_units_l4': 2432, 'n_units_l5': 1120, 'n_units_l6': 3168, 'n_units_l7': 1728, 'n_units_l8': 192, 'n_units_l9': 192, 'n_units_l10': 1440, 'n_units_l11': 448, 'lr': 0.0008020916185251136}. Best is trial 43 with value: 2.3112908800302954.
[I 2025-03-24 19:31:30,501] Trial 31 finished with value: 6.0098879423818055 and parameters: {'n_units_l0': 288, 'n_units_l1': 1120, 'n_units_l2': 1344, 'n_units_l3': 224, 'lr': 0.0016676092315141633}. Best is trial 22 with value: 3.6216818014180783.
[I 2025-03-24 19:33:33,133] Trial 32 pruned. 
[I 2025-03-24 19:33:38,315] Trial 33 pruned. 
[I 2025-03-24 19:33:43,489] Trial 34 pruned. 
[I 2025-03-24 19:33:53,786] Trial 35 pruned. 
[I 2025-03-24 19:33:59,052] Trial 36 pruned. 
[I 2025-03-24 19:34:09,534] Trial 37 pruned. 
[I 2025-03-24 19:34:15,398] Trial 52 finished with value: 124.79070741128513 and parameters: {'n_units_l0': 2432, 'n_units_l1': 2144, 'n_units_l2': 800, 'n_units_l3': 1024, 'n_units_l4': 2464, 'n_units_l5': 1536, 'n_units_l6': 3232, 'n_units_l7': 1664, 'n_units_l8': 192, 'n_units_l9': 128, 'n_units_l10': 1024, 'n_units_l11': 192, 'lr': 0.00889726364866222}. Best is trial 43 with value: 2.3112908800302954.
[I 2025-03-24 19:34:19,827] Trial 38 pruned. 
[I 2025-03-24 19:34:24,955] Trial 39 pruned. 
[I 2025-03-24 19:34:30,180] Trial 40 pruned. 
[I 2025-03-24 19:43:05,490] Trial 41 finished with value: 9.932481685487662 and parameters: {'n_units_l0': 320, 'n_units_l1': 1088, 'n_units_l2': 1248, 'n_units_l3': 256, 'lr': 0.003149545312556848}. Best is trial 22 with value: 3.6216818014180783.
[I 2025-03-24 19:43:20,928] Trial 42 pruned. 
[I 2025-03-24 19:44:18,072] Trial 43 pruned. 
[I 2025-03-24 19:44:28,364] Trial 44 pruned. 
[I 2025-03-24 19:44:33,561] Trial 45 pruned. 
[I 2025-03-24 19:47:21,143] Trial 53 finished with value: 7.506970401744096 and parameters: {'n_units_l0': 1280, 'n_units_l1': 2752, 'n_units_l2': 1760, 'n_units_l3': 1152, 'n_units_l4': 2976, 'n_units_l5': 1152, 'n_units_l6': 3456, 'n_units_l7': 2528, 'n_units_l8': 352, 'n_units_l9': 192, 'n_units_l10': 1568, 'n_units_l11': 416, 'lr': 0.0002233141518050558}. Best is trial 43 with value: 2.3112908800302954.
[I 2025-03-24 19:47:28,111] Trial 54 pruned. 
[I 2025-03-24 19:53:09,257] Trial 46 finished with value: 11.270728446199326 and parameters: {'n_units_l0': 576, 'n_units_l1': 576, 'n_units_l2': 1376, 'n_units_l3': 896, 'lr': 0.001708400102113936}. Best is trial 22 with value: 3.6216818014180783.
[I 2025-03-24 19:53:14,472] Trial 47 pruned. 
[I 2025-03-24 19:53:19,650] Trial 48 pruned. 
[I 2025-03-24 19:53:24,909] Trial 49 pruned. 
[I 2025-03-24 19:53:30,139] Trial 50 pruned. 
[I 2025-03-24 19:53:35,289] Trial 51 pruned. 
[I 2025-03-24 19:59:50,753] Trial 55 finished with value: 124.79170734999818 and parameters: {'n_units_l0': 2304, 'n_units_l1': 3328, 'n_units_l2': 1376, 'n_units_l3': 576, 'n_units_l4': 2560, 'n_units_l5': 512, 'n_units_l6': 2912, 'n_units_l7': 2304, 'n_units_l8': 864, 'n_units_l9': 32, 'n_units_l10': 1792, 'n_units_l11': 2208, 'lr': 0.005497406220288042}. Best is trial 43 with value: 2.3112908800302954.
[I 2025-03-24 19:59:57,598] Trial 56 pruned. 
[I 2025-03-24 20:02:12,352] Trial 52 finished with value: 10.917337124692045 and parameters: {'n_units_l0': 448, 'n_units_l1': 1120, 'n_units_l2': 1024, 'n_units_l3': 1312, 'lr': 0.003539547728931225}. Best is trial 22 with value: 3.6216818014180783.
[I 2025-03-24 20:02:22,701] Trial 53 pruned. 
[I 2025-03-24 20:02:27,823] Trial 54 pruned. 
[I 2025-03-24 20:02:38,328] Trial 55 pruned. 
[I 2025-03-24 20:02:43,535] Trial 56 pruned. 
[I 2025-03-24 20:02:48,657] Trial 57 pruned. 
[I 2025-03-24 20:02:53,849] Trial 58 pruned. 
[I 2025-03-24 20:02:58,982] Trial 59 pruned. 
[I 2025-03-24 20:03:04,202] Trial 60 pruned. 
[I 2025-03-24 20:03:09,386] Trial 61 pruned. 
[I 2025-03-24 20:03:14,761] Trial 62 pruned. 
[I 2025-03-24 20:03:19,952] Trial 63 pruned. 
[I 2025-03-24 20:03:25,238] Trial 64 pruned. 
[I 2025-03-24 20:03:30,449] Trial 65 pruned. 
[I 2025-03-24 20:03:35,656] Trial 66 pruned. 
[I 2025-03-24 20:03:40,899] Trial 67 pruned. 
[I 2025-03-24 20:12:15,081] Trial 68 finished with value: 7.781878014345808 and parameters: {'n_units_l0': 512, 'n_units_l1': 1344, 'n_units_l2': 512, 'n_units_l3': 736, 'lr': 0.0027505605389937134}. Best is trial 22 with value: 3.6216818014180783.
[I 2025-03-24 20:12:20,324] Trial 69 pruned. 
[I 2025-03-24 20:12:25,448] Trial 70 pruned. 
[I 2025-03-24 20:13:07,511] Trial 57 finished with value: 7.965728204607207 and parameters: {'n_units_l0': 3168, 'n_units_l1': 1632, 'n_units_l2': 512, 'n_units_l3': 960, 'n_units_l4': 1280, 'n_units_l5': 1344, 'n_units_l6': 3968, 'n_units_l7': 1792, 'n_units_l8': 4064, 'n_units_l9': 768, 'n_units_l10': 704, 'n_units_l11': 224, 'lr': 0.003848473796335361}. Best is trial 43 with value: 2.3112908800302954.
[I 2025-03-24 20:13:14,660] Trial 58 pruned. 
[I 2025-03-24 20:21:02,534] Trial 71 finished with value: 6.060344535769732 and parameters: {'n_units_l0': 544, 'n_units_l1': 1280, 'n_units_l2': 352, 'n_units_l3': 736, 'lr': 0.0023844039265794557}. Best is trial 22 with value: 3.6216818014180783.
[I 2025-03-24 20:25:55,877] Trial 59 finished with value: 124.79219674913445 and parameters: {'n_units_l0': 1952, 'n_units_l1': 3552, 'n_units_l2': 2048, 'n_units_l3': 1216, 'n_units_l4': 2816, 'n_units_l5': 1056, 'n_units_l6': 2528, 'n_units_l7': 288, 'n_units_l8': 576, 'n_units_l9': 2432, 'n_units_l10': 992, 'n_units_l11': 384, 'lr': 0.0026887164365175724}. Best is trial 43 with value: 2.3112908800302954.
[I 2025-03-24 20:26:04,415] Trial 60 pruned. 
[I 2025-03-24 20:29:36,587] Trial 72 finished with value: 9.907523519340595 and parameters: {'n_units_l0': 352, 'n_units_l1': 1024, 'n_units_l2': 96, 'n_units_l3': 960, 'lr': 0.0030997649814588166}. Best is trial 22 with value: 3.6216818014180783.
[I 2025-03-24 20:29:47,047] Trial 73 pruned. 
[I 2025-03-24 20:29:52,314] Trial 74 pruned. 
[I 2025-03-24 20:30:02,579] Trial 75 pruned. 
[I 2025-03-24 20:36:52,027] Trial 61 finished with value: 124.79637699521106 and parameters: {'n_units_l0': 2176, 'n_units_l1': 2336, 'n_units_l2': 928, 'n_units_l3': 1408, 'n_units_l4': 2176, 'n_units_l5': 896, 'n_units_l6': 3264, 'n_units_l7': 2080, 'n_units_l8': 128, 'n_units_l9': 256, 'n_units_l10': 1440, 'n_units_l11': 512, 'lr': 0.008418536350595428}. Best is trial 43 with value: 2.3112908800302954.
[I 2025-03-24 20:38:42,788] Trial 76 finished with value: 5.184750179695145 and parameters: {'n_units_l0': 544, 'n_units_l1': 1280, 'n_units_l2': 1120, 'n_units_l3': 1248, 'lr': 0.0024955666290286884}. Best is trial 22 with value: 3.6216818014180783.
[I 2025-03-24 20:38:48,190] Trial 77 pruned. 
[I 2025-03-24 20:47:21,367] Trial 78 finished with value: 9.990197614265488 and parameters: {'n_units_l0': 704, 'n_units_l1': 704, 'n_units_l2': 928, 'n_units_l3': 1088, 'lr': 0.002470041210890731}. Best is trial 22 with value: 3.6216818014180783.
[I 2025-03-24 20:47:23,724] Trial 62 finished with value: 3.890017383581216 and parameters: {'n_units_l0': 1728, 'n_units_l1': 2528, 'n_units_l2': 608, 'n_units_l3': 1568, 'n_units_l4': 2464, 'n_units_l5': 768, 'n_units_l6': 3104, 'n_units_l7': 2208, 'n_units_l8': 32, 'n_units_l9': 576, 'n_units_l10': 2848, 'n_units_l11': 128, 'lr': 0.0004922382513632496}. Best is trial 43 with value: 2.3112908800302954.
[I 2025-03-24 20:47:31,838] Trial 79 pruned. 
[I 2025-03-24 20:47:36,977] Trial 80 pruned. 
[I 2025-03-24 20:55:29,948] Trial 63 finished with value: 7.62581197583225 and parameters: {'n_units_l0': 224, 'n_units_l1': 2496, 'n_units_l2': 256, 'n_units_l3': 1632, 'n_units_l4': 2400, 'n_units_l5': 288, 'n_units_l6': 3072, 'n_units_l7': 2560, 'n_units_l8': 32, 'n_units_l9': 512, 'n_units_l10': 2816, 'n_units_l11': 32, 'lr': 0.0032383848931917866}. Best is trial 43 with value: 2.3112908800302954.
[I 2025-03-24 20:56:16,815] Trial 81 finished with value: 7.411700769121445 and parameters: {'n_units_l0': 416, 'n_units_l1': 1536, 'n_units_l2': 1184, 'n_units_l3': 1184, 'lr': 0.002360706310124976}. Best is trial 22 with value: 3.6216818014180783.
[I 2025-03-24 20:56:27,099] Trial 82 pruned. 
[I 2025-03-24 20:56:32,304] Trial 83 pruned. 
[I 2025-03-24 20:56:37,394] Trial 84 pruned. 
[I 2025-03-24 20:56:47,725] Trial 85 pruned. 
[I 2025-03-24 20:56:52,906] Trial 86 pruned. 
[I 2025-03-24 20:56:58,035] Trial 87 pruned. 
[I 2025-03-24 20:57:03,297] Trial 88 pruned. 
[I 2025-03-24 20:57:08,395] Trial 89 pruned. 
[I 2025-03-24 20:57:18,698] Trial 90 pruned. 
[I 2025-03-24 20:57:23,910] Trial 91 pruned. 
[I 2025-03-24 20:57:34,202] Trial 92 pruned. 
[I 2025-03-24 20:57:39,575] Trial 93 pruned. 
[I 2025-03-24 20:57:44,699] Trial 94 pruned. 
[I 2025-03-24 20:58:00,214] Trial 95 pruned. 
[I 2025-03-24 20:58:05,323] Trial 96 pruned. 
[I 2025-03-24 20:58:36,050] Trial 97 pruned. 
[I 2025-03-24 20:58:41,278] Trial 98 pruned. 
[I 2025-03-24 20:58:46,421] Trial 99 pruned. 
[I 2025-03-24 20:58:47,149] A new study created in memory with name: no-name-ba8c7e25-2b3a-4a39-8050-391ccf35399c
[I 2025-03-24 21:07:58,919] Trial 0 finished with value: 124.78169303391856 and parameters: {'n_units_l0': 2144, 'n_units_l1': 672, 'n_units_l2': 1312, 'n_units_l3': 3072, 'n_units_l4': 1344, 'lr': 0.033380374478725494}. Best is trial 0 with value: 124.78169303391856.
[I 2025-03-24 21:08:22,666] Trial 64 finished with value: 2.368698881499179 and parameters: {'n_units_l0': 1696, 'n_units_l1': 2048, 'n_units_l2': 1568, 'n_units_l3': 1504, 'n_units_l4': 1856, 'n_units_l5': 2080, 'n_units_l6': 2816, 'n_units_l7': 1952, 'n_units_l8': 352, 'n_units_l9': 928, 'n_units_l10': 3200, 'n_units_l11': 288, 'lr': 0.0003009681393496236}. Best is trial 43 with value: 2.3112908800302954.
[I 2025-03-24 21:08:30,010] Trial 65 pruned. 
[I 2025-03-24 21:22:34,791] Trial 66 finished with value: 124.7947527456992 and parameters: {'n_units_l0': 1728, 'n_units_l1': 2080, 'n_units_l2': 1472, 'n_units_l3': 1568, 'n_units_l4': 3040, 'n_units_l5': 2464, 'n_units_l6': 1856, 'n_units_l7': 1984, 'n_units_l8': 352, 'n_units_l9': 1376, 'n_units_l10': 3520, 'n_units_l11': 352, 'lr': 0.01059476648099641}. Best is trial 43 with value: 2.3112908800302954.
[I 2025-03-24 21:25:43,268] Trial 1 finished with value: 124.78252518959343 and parameters: {'n_units_l0': 1984, 'n_units_l1': 2336, 'n_units_l2': 3808, 'n_units_l3': 3648, 'n_units_l4': 992, 'lr': 0.028198962002567562}. Best is trial 0 with value: 124.78169303391856.
[I 2025-03-24 21:34:50,470] Trial 2 finished with value: 124.78338332724837 and parameters: {'n_units_l0': 1408, 'n_units_l1': 256, 'n_units_l2': 2528, 'n_units_l3': 1440, 'n_units_l4': 2048, 'lr': 0.09647617970743107}. Best is trial 0 with value: 124.78169303391856.
[I 2025-03-24 21:36:04,436] Trial 67 finished with value: 4.816101884353889 and parameters: {'n_units_l0': 1984, 'n_units_l1': 3936, 'n_units_l2': 1056, 'n_units_l3': 2208, 'n_units_l4': 2048, 'n_units_l5': 1472, 'n_units_l6': 2656, 'n_units_l7': 1824, 'n_units_l8': 1024, 'n_units_l9': 160, 'n_units_l10': 3136, 'n_units_l11': 128, 'lr': 0.00015613333477107195}. Best is trial 43 with value: 2.3112908800302954.
[I 2025-03-24 21:43:59,208] Trial 3 finished with value: 124.78154776148432 and parameters: {'n_units_l0': 2176, 'n_units_l1': 352, 'n_units_l2': 608, 'n_units_l3': 4096, 'n_units_l4': 1088, 'lr': 0.09906536672166628}. Best is trial 3 with value: 124.78154776148432.
[I 2025-03-24 21:48:40,503] Trial 68 finished with value: 124.79299937275346 and parameters: {'n_units_l0': 1568, 'n_units_l1': 3872, 'n_units_l2': 1088, 'n_units_l3': 2336, 'n_units_l4': 1888, 'n_units_l5': 1344, 'n_units_l6': 2624, 'n_units_l7': 1760, 'n_units_l8': 1056, 'n_units_l9': 96, 'n_units_l10': 3136, 'n_units_l11': 160, 'lr': 0.006682017946664079}. Best is trial 43 with value: 2.3112908800302954.
[I 2025-03-24 21:48:47,983] Trial 69 pruned. 
[I 2025-03-24 21:48:55,519] Trial 70 pruned. 
[I 2025-03-24 21:57:45,677] Trial 4 finished with value: 124.78377357278124 and parameters: {'n_units_l0': 2144, 'n_units_l1': 3456, 'n_units_l2': 1792, 'n_units_l3': 2176, 'n_units_l4': 3040, 'lr': 0.01986550961337376}. Best is trial 3 with value: 124.78154776148432.
[I 2025-03-24 21:58:17,359] Trial 5 pruned. 
[I 2025-03-24 21:58:22,996] Trial 6 pruned. 
[I 2025-03-24 22:04:48,083] Trial 71 finished with value: 7.172098081954319 and parameters: {'n_units_l0': 2560, 'n_units_l1': 3904, 'n_units_l2': 1696, 'n_units_l3': 1760, 'n_units_l4': 2592, 'n_units_l5': 1824, 'n_units_l6': 3136, 'n_units_l7': 1440, 'n_units_l8': 480, 'n_units_l9': 416, 'n_units_l10': 2784, 'n_units_l11': 32, 'lr': 0.0020902828429374466}. Best is trial 43 with value: 2.3112908800302954.
[I 2025-03-24 22:08:02,090] Trial 7 finished with value: 6.224708006923721 and parameters: {'n_units_l0': 544, 'n_units_l1': 2464, 'n_units_l2': 704, 'n_units_l3': 4032, 'n_units_l4': 2720, 'lr': 0.0007199373568358566}. Best is trial 7 with value: 6.224708006923721.
[I 2025-03-24 22:08:07,519] Trial 8 pruned. 
[I 2025-03-24 22:08:13,116] Trial 9 pruned. 
[I 2025-03-24 22:17:21,041] Trial 10 finished with value: 9.482210736838203 and parameters: {'n_units_l0': 192, 'n_units_l1': 1408, 'n_units_l2': 1312, 'n_units_l3': 1024, 'n_units_l4': 4064, 'lr': 0.0005646102246424335}. Best is trial 7 with value: 6.224708006923721.
[I 2025-03-24 22:17:32,600] Trial 72 finished with value: 3.148400651036328 and parameters: {'n_units_l0': 1824, 'n_units_l1': 3648, 'n_units_l2': 608, 'n_units_l3': 1952, 'n_units_l4': 2272, 'n_units_l5': 1984, 'n_units_l6': 3008, 'n_units_l7': 1248, 'n_units_l8': 320, 'n_units_l9': 352, 'n_units_l10': 3008, 'n_units_l11': 288, 'lr': 0.0007181416921526676}. Best is trial 43 with value: 2.3112908800302954.
[I 2025-03-24 22:26:30,873] Trial 11 finished with value: 7.234907047722295 and parameters: {'n_units_l0': 96, 'n_units_l1': 1440, 'n_units_l2': 1344, 'n_units_l3': 160, 'n_units_l4': 4064, 'lr': 0.007970100459976344}. Best is trial 7 with value: 6.224708006923721.
[I 2025-03-24 22:30:03,226] Trial 73 finished with value: 124.79073300116 and parameters: {'n_units_l0': 1568, 'n_units_l1': 3648, 'n_units_l2': 672, 'n_units_l3': 1952, 'n_units_l4': 2368, 'n_units_l5': 1984, 'n_units_l6': 2976, 'n_units_l7': 1216, 'n_units_l8': 256, 'n_units_l9': 320, 'n_units_l10': 2912, 'n_units_l11': 288, 'lr': 0.0037488265792785516}. Best is trial 43 with value: 2.3112908800302954.
[I 2025-03-24 22:30:11,253] Trial 74 pruned. 
[I 2025-03-24 22:35:34,962] Trial 12 finished with value: 10.655867974209027 and parameters: {'n_units_l0': 160, 'n_units_l1': 1568, 'n_units_l2': 1344, 'n_units_l3': 128, 'n_units_l4': 4096, 'lr': 0.0026286385367288493}. Best is trial 7 with value: 6.224708006923721.
[I 2025-03-24 22:35:40,721] Trial 13 pruned. 
[I 2025-03-24 22:35:46,168] Trial 14 pruned. 
[I 2025-03-24 22:44:31,388] Trial 75 finished with value: 16.916164346302878 and parameters: {'n_units_l0': 2816, 'n_units_l1': 3904, 'n_units_l2': 544, 'n_units_l3': 1760, 'n_units_l4': 2016, 'n_units_l5': 2304, 'n_units_l6': 2656, 'n_units_l7': 2368, 'n_units_l8': 384, 'n_units_l9': 32, 'n_units_l10': 3360, 'n_units_l11': 288, 'lr': 0.0001507637355548558}. Best is trial 43 with value: 2.3112908800302954.
[I 2025-03-24 22:46:22,568] Trial 15 finished with value: 11.762730379933236 and parameters: {'n_units_l0': 32, 'n_units_l1': 2912, 'n_units_l2': 1952, 'n_units_l3': 2688, 'n_units_l4': 2752, 'lr': 0.010395718210849642}. Best is trial 7 with value: 6.224708006923721.
[I 2025-03-24 23:02:25,726] Trial 16 finished with value: 124.78255838334795 and parameters: {'n_units_l0': 4096, 'n_units_l1': 3904, 'n_units_l2': 1152, 'n_units_l3': 1600, 'n_units_l4': 3552, 'lr': 0.046822093734108054}. Best is trial 7 with value: 6.224708006923721.
[I 2025-03-24 23:02:31,338] Trial 17 pruned. 
[I 2025-03-24 23:03:15,637] Trial 76 finished with value: 4.343433213238305 and parameters: {'n_units_l0': 2336, 'n_units_l1': 4032, 'n_units_l2': 1312, 'n_units_l3': 3072, 'n_units_l4': 2464, 'n_units_l5': 2720, 'n_units_l6': 2848, 'n_units_l7': 1984, 'n_units_l8': 1280, 'n_units_l9': 192, 'n_units_l10': 2656, 'n_units_l11': 448, 'lr': 8.432683446886875e-05}. Best is trial 43 with value: 2.3112908800302954.
[I 2025-03-24 23:03:27,763] Trial 77 pruned. 
[I 2025-03-24 23:03:38,557] Trial 78 pruned. 
[I 2025-03-24 23:11:42,331] Trial 18 finished with value: 124.78149273133013 and parameters: {'n_units_l0': 1632, 'n_units_l1': 2016, 'n_units_l2': 480, 'n_units_l3': 672, 'n_units_l4': 3872, 'lr': 0.06654633514223272}. Best is trial 7 with value: 6.224708006923721.
[I 2025-03-24 23:11:47,961] Trial 19 pruned. 
[I 2025-03-24 23:11:53,537] Trial 20 pruned. 
[I 2025-03-24 23:19:56,948] Trial 79 finished with value: 124.79073427282536 and parameters: {'n_units_l0': 2560, 'n_units_l1': 3648, 'n_units_l2': 800, 'n_units_l3': 2464, 'n_units_l4': 1760, 'n_units_l5': 2816, 'n_units_l6': 2720, 'n_units_l7': 2208, 'n_units_l8': 1344, 'n_units_l9': 544, 'n_units_l10': 3296, 'n_units_l11': 480, 'lr': 0.009586940351387865}. Best is trial 43 with value: 2.3112908800302954.
[I 2025-03-24 23:21:02,388] Trial 21 finished with value: 6.346852503835882 and parameters: {'n_units_l0': 224, 'n_units_l1': 1440, 'n_units_l2': 1024, 'n_units_l3': 1088, 'n_units_l4': 3744, 'lr': 0.001473480302690621}. Best is trial 7 with value: 6.224708006923721.
[I 2025-03-24 23:30:10,291] Trial 22 finished with value: 10.20740115121957 and parameters: {'n_units_l0': 480, 'n_units_l1': 1760, 'n_units_l2': 864, 'n_units_l3': 1088, 'n_units_l4': 3648, 'lr': 0.002831009712814668}. Best is trial 7 with value: 6.224708006923721.
[I 2025-03-24 23:30:15,708] Trial 23 pruned. 
