[I 2025-03-22 06:25:56,364] Trial 3 finished with value: 124.50250185457807 and parameters: {'n_units_l0': 2048, 'n_units_l1': 800, 'n_units_l2': 3264, 'n_units_l3': 1952, 'n_units_l4': 3072, 'n_units_l5': 160, 'n_units_l6': 384, 'n_units_l7': 1120, 'lr': 0.047319355275043724}. Best is trial 0 with value: 124.47899092189132.
[I 2025-03-22 06:26:43,908] Trial 2 finished with value: 125.13583557320129 and parameters: {'n_units_l0': 864, 'n_units_l1': 1408, 'n_units_l2': 3328, 'n_units_l3': 4064, 'n_units_l4': 1184, 'n_units_l5': 3136, 'n_units_l6': 1568, 'n_units_l7': 160, 'n_units_l8': 2336, 'lr': 0.017778575781066088}. Best is trial 0 with value: 125.12855541610749.
[I 2025-03-22 06:27:23,385] Trial 4 finished with value: 124.47865385884735 and parameters: {'n_units_l0': 1472, 'n_units_l1': 1664, 'n_units_l2': 1152, 'n_units_l3': 2432, 'n_units_l4': 3552, 'n_units_l5': 512, 'n_units_l6': 3744, 'n_units_l7': 512, 'lr': 0.06157709433521932}. Best is trial 4 with value: 124.47865385884735.
[I 2025-03-22 06:27:24,830] Trial 5 pruned. 
[I 2025-03-22 06:28:39,274] Trial 3 finished with value: 125.16191119944845 and parameters: {'n_units_l0': 2048, 'n_units_l1': 1856, 'n_units_l2': 2464, 'n_units_l3': 2944, 'n_units_l4': 3424, 'n_units_l5': 96, 'n_units_l6': 3264, 'n_units_l7': 1088, 'n_units_l8': 448, 'lr': 0.047109999651621944}. Best is trial 0 with value: 125.12855541610749.
[I 2025-03-22 06:30:27,145] Trial 4 finished with value: 125.13070298593605 and parameters: {'n_units_l0': 2432, 'n_units_l1': 160, 'n_units_l2': 1888, 'n_units_l3': 1824, 'n_units_l4': 3232, 'n_units_l5': 800, 'n_units_l6': 4064, 'n_units_l7': 2944, 'n_units_l8': 160, 'lr': 0.07499668254960776}. Best is trial 0 with value: 125.12855541610749.
[I 2025-03-22 06:30:29,310] Trial 5 pruned. 
[I 2025-03-22 06:30:43,008] Trial 6 finished with value: 124.4903626792623 and parameters: {'n_units_l0': 1472, 'n_units_l1': 3648, 'n_units_l2': 3040, 'n_units_l3': 2176, 'n_units_l4': 2016, 'n_units_l5': 3488, 'n_units_l6': 3712, 'n_units_l7': 3264, 'lr': 0.07368116182068084}. Best is trial 4 with value: 124.47865385884735.
[I 2025-03-22 06:31:39,992] Trial 6 finished with value: 125.12856605033488 and parameters: {'n_units_l0': 2336, 'n_units_l1': 2560, 'n_units_l2': 128, 'n_units_l3': 544, 'n_units_l4': 1472, 'n_units_l5': 544, 'n_units_l6': 3648, 'n_units_l7': 608, 'n_units_l8': 3520, 'lr': 0.03058593088173146}. Best is trial 0 with value: 125.12855541610749.
[I 2025-03-22 06:31:41,440] Trial 7 pruned. 
[I 2025-03-22 06:32:53,662] Trial 7 finished with value: 124.50991930361194 and parameters: {'n_units_l0': 2400, 'n_units_l1': 1920, 'n_units_l2': 2976, 'n_units_l3': 3840, 'n_units_l4': 512, 'n_units_l5': 3200, 'n_units_l6': 2144, 'n_units_l7': 2112, 'lr': 0.013607180557311905}. Best is trial 4 with value: 124.47865385884735.
[I 2025-03-22 06:32:54,959] Trial 8 pruned. 
[I 2025-03-22 06:32:55,692] Trial 9 pruned. 
[I 2025-03-22 06:32:56,976] Trial 10 pruned. 
[I 2025-03-22 06:32:58,394] Trial 11 pruned. 
[I 2025-03-22 06:33:00,072] Trial 12 pruned. 
[I 2025-03-22 06:33:01,097] Trial 13 pruned. 
[I 2025-03-22 06:33:55,175] Trial 8 finished with value: 125.13985891858746 and parameters: {'n_units_l0': 64, 'n_units_l1': 1824, 'n_units_l2': 3968, 'n_units_l3': 2144, 'n_units_l4': 3936, 'n_units_l5': 1792, 'n_units_l6': 2016, 'n_units_l7': 736, 'n_units_l8': 1760, 'lr': 0.09165037432595584}. Best is trial 0 with value: 125.12855541610749.
[I 2025-03-22 06:33:56,301] Trial 9 pruned. 
[I 2025-03-22 06:35:49,684] Trial 14 finished with value: 7.6834821362162815 and parameters: {'n_units_l0': 2688, 'n_units_l1': 3072, 'n_units_l2': 2368, 'n_units_l3': 2016, 'n_units_l4': 1472, 'n_units_l5': 4096, 'n_units_l6': 2368, 'n_units_l7': 4032, 'lr': 0.0005927662090246047}. Best is trial 14 with value: 7.6834821362162815.
[I 2025-03-22 06:35:51,272] Trial 15 pruned. 
[I 2025-03-22 06:36:28,200] Trial 10 finished with value: 8.143017196686724 and parameters: {'n_units_l0': 3712, 'n_units_l1': 3840, 'n_units_l2': 4096, 'n_units_l3': 1088, 'n_units_l4': 128, 'n_units_l5': 2784, 'n_units_l6': 1152, 'n_units_l7': 2624, 'n_units_l8': 928, 'lr': 0.0002260030666208293}. Best is trial 10 with value: 8.143017196686724.
[I 2025-03-22 06:38:01,923] Trial 16 finished with value: 17.343778475302994 and parameters: {'n_units_l0': 3104, 'n_units_l1': 2784, 'n_units_l2': 1696, 'n_units_l3': 1760, 'n_units_l4': 1184, 'n_units_l5': 2784, 'n_units_l6': 4064, 'n_units_l7': 736, 'lr': 0.0020477914800966874}. Best is trial 14 with value: 7.6834821362162815.
[I 2025-03-22 06:38:59,519] Trial 11 finished with value: 9.654011968552442 and parameters: {'n_units_l0': 4000, 'n_units_l1': 3904, 'n_units_l2': 4000, 'n_units_l3': 1056, 'n_units_l4': 128, 'n_units_l5': 2784, 'n_units_l6': 864, 'n_units_l7': 2752, 'n_units_l8': 992, 'lr': 0.0008342074078718127}. Best is trial 10 with value: 8.143017196686724.
[I 2025-03-22 06:39:49,851] Trial 17 finished with value: 9.218630096129568 and parameters: {'n_units_l0': 3008, 'n_units_l1': 2976, 'n_units_l2': 1824, 'n_units_l3': 1696, 'n_units_l4': 128, 'n_units_l5': 2720, 'n_units_l6': 1568, 'n_units_l7': 4096, 'lr': 0.0006335616108060601}. Best is trial 14 with value: 7.6834821362162815.
[I 2025-03-22 06:41:34,375] Trial 12 finished with value: 9.549983436369976 and parameters: {'n_units_l0': 4096, 'n_units_l1': 4096, 'n_units_l2': 4032, 'n_units_l3': 1280, 'n_units_l4': 32, 'n_units_l5': 2496, 'n_units_l6': 768, 'n_units_l7': 2464, 'n_units_l8': 1024, 'lr': 0.0016065808174113845}. Best is trial 10 with value: 8.143017196686724.
[I 2025-03-22 06:41:49,256] Trial 18 finished with value: 36.65986164215221 and parameters: {'n_units_l0': 3104, 'n_units_l1': 3200, 'n_units_l2': 2432, 'n_units_l3': 896, 'n_units_l4': 224, 'n_units_l5': 4000, 'n_units_l6': 1504, 'n_units_l7': 4064, 'lr': 0.003092137117827505}. Best is trial 14 with value: 7.6834821362162815.
[I 2025-03-22 06:41:50,633] Trial 19 pruned. 
[I 2025-03-22 06:41:52,993] Trial 20 pruned. 
[I 2025-03-22 06:43:47,967] Trial 13 finished with value: 29.94568484043169 and parameters: {'n_units_l0': 4032, 'n_units_l1': 4096, 'n_units_l2': 3008, 'n_units_l3': 64, 'n_units_l4': 32, 'n_units_l5': 2624, 'n_units_l6': 1056, 'n_units_l7': 2240, 'n_units_l8': 1184, 'lr': 0.0029014041792484735}. Best is trial 10 with value: 8.143017196686724.
[I 2025-03-22 06:43:53,276] Trial 21 finished with value: 12.49840969981643 and parameters: {'n_units_l0': 2976, 'n_units_l1': 2752, 'n_units_l2': 1728, 'n_units_l3': 1856, 'n_units_l4': 1440, 'n_units_l5': 2624, 'n_units_l6': 1856, 'n_units_l7': 2848, 'lr': 0.0015409102610909574}. Best is trial 14 with value: 7.6834821362162815.
[I 2025-03-22 06:43:57,112] Trial 14 pruned. 
[I 2025-03-22 06:43:58,202] Trial 15 pruned. 
[I 2025-03-22 06:43:59,560] Trial 16 pruned. 
[I 2025-03-22 06:46:02,254] Trial 22 finished with value: 13.160891723821301 and parameters: {'n_units_l0': 2208, 'n_units_l1': 3552, 'n_units_l2': 1888, 'n_units_l3': 2016, 'n_units_l4': 1600, 'n_units_l5': 2560, 'n_units_l6': 1728, 'n_units_l7': 2976, 'lr': 0.00014685555650066726}. Best is trial 14 with value: 7.6834821362162815.
[I 2025-03-22 06:46:50,264] Trial 17 finished with value: 10.842581969276974 and parameters: {'n_units_l0': 2976, 'n_units_l1': 3712, 'n_units_l2': 2272, 'n_units_l3': 2560, 'n_units_l4': 2208, 'n_units_l5': 2304, 'n_units_l6': 1536, 'n_units_l7': 1792, 'n_units_l8': 4064, 'lr': 0.0004144894034142987}. Best is trial 10 with value: 8.143017196686724.
[I 2025-03-22 06:46:51,758] Trial 18 pruned. 
[I 2025-03-22 06:46:52,920] Trial 19 pruned. 
[I 2025-03-22 06:46:54,694] Trial 20 pruned. 
[I 2025-03-22 06:48:15,382] Trial 23 finished with value: 124.49259296433887 and parameters: {'n_units_l0': 2784, 'n_units_l1': 2464, 'n_units_l2': 2688, 'n_units_l3': 1664, 'n_units_l4': 704, 'n_units_l5': 3200, 'n_units_l6': 2432, 'n_units_l7': 3488, 'lr': 0.009249273641982513}. Best is trial 14 with value: 7.6834821362162815.
[I 2025-03-22 06:49:16,974] Trial 21 finished with value: 10.071862745996613 and parameters: {'n_units_l0': 3712, 'n_units_l1': 3776, 'n_units_l2': 3840, 'n_units_l3': 1088, 'n_units_l4': 64, 'n_units_l5': 2688, 'n_units_l6': 672, 'n_units_l7': 2816, 'n_units_l8': 1088, 'lr': 9.93711897345601e-05}. Best is trial 10 with value: 8.143017196686724.
[I 2025-03-22 06:49:59,914] Trial 24 finished with value: 124.47782407124627 and parameters: {'n_units_l0': 3616, 'n_units_l1': 2944, 'n_units_l2': 1664, 'n_units_l3': 800, 'n_units_l4': 1472, 'n_units_l5': 2464, 'n_units_l6': 896, 'n_units_l7': 4096, 'lr': 0.023593065066332238}. Best is trial 14 with value: 7.6834821362162815.
[I 2025-03-22 06:51:52,890] Trial 22 finished with value: 125.39058734680876 and parameters: {'n_units_l0': 3808, 'n_units_l1': 4096, 'n_units_l2': 4032, 'n_units_l3': 832, 'n_units_l4': 288, 'n_units_l5': 2208, 'n_units_l6': 1024, 'n_units_l7': 2848, 'n_units_l8': 1536, 'lr': 0.0071555565769207815}. Best is trial 10 with value: 8.143017196686724.
[I 2025-03-22 06:51:54,644] Trial 23 pruned. 
[I 2025-03-22 06:51:56,445] Trial 24 pruned. 
[I 2025-03-22 06:51:57,808] Trial 25 pruned. 
[I 2025-03-22 06:51:59,452] Trial 26 pruned. 
[I 2025-03-22 06:52:00,869] Trial 27 pruned. 
[I 2025-03-22 06:52:02,580] Trial 28 pruned. 
[I 2025-03-22 06:52:04,319] Trial 29 pruned. 
[I 2025-03-22 06:52:05,647] Trial 30 pruned. 
[I 2025-03-22 06:52:05,788] Trial 25 finished with value: 124.47626725003401 and parameters: {'n_units_l0': 3008, 'n_units_l1': 3456, 'n_units_l2': 2016, 'n_units_l3': 2208, 'n_units_l4': 896, 'n_units_l5': 1312, 'n_units_l6': 2624, 'n_units_l7': 2560, 'lr': 0.008832623931811237}. Best is trial 14 with value: 7.6834821362162815.
[I 2025-03-22 06:54:00,983] Trial 26 finished with value: 124.48461299023852 and parameters: {'n_units_l0': 1952, 'n_units_l1': 4000, 'n_units_l2': 1408, 'n_units_l3': 1824, 'n_units_l4': 1664, 'n_units_l5': 1984, 'n_units_l6': 1856, 'n_units_l7': 3136, 'lr': 0.007042501167055473}. Best is trial 14 with value: 7.6834821362162815.
[I 2025-03-22 06:54:02,275] Trial 27 pruned. 
[I 2025-03-22 06:54:03,184] Trial 28 pruned. 
[I 2025-03-22 06:54:05,204] Trial 29 pruned. 
[I 2025-03-22 06:54:27,518] Trial 31 finished with value: 14.281772857585501 and parameters: {'n_units_l0': 3616, 'n_units_l1': 3808, 'n_units_l2': 3808, 'n_units_l3': 1088, 'n_units_l4': 96, 'n_units_l5': 2624, 'n_units_l6': 768, 'n_units_l7': 2848, 'n_units_l8': 928, 'lr': 0.0002210687855642846}. Best is trial 10 with value: 8.143017196686724.
[I 2025-03-22 06:54:29,156] Trial 32 pruned. 
[I 2025-03-22 06:55:58,046] Trial 30 finished with value: 13.970813582680385 and parameters: {'n_units_l0': 4096, 'n_units_l1': 2240, 'n_units_l2': 1728, 'n_units_l3': 512, 'n_units_l4': 1376, 'n_units_l5': 3456, 'n_units_l6': 1728, 'n_units_l7': 2432, 'lr': 0.0001289643571703152}. Best is trial 14 with value: 7.6834821362162815.
[I 2025-03-22 06:55:59,517] Trial 31 pruned. 
[I 2025-03-22 06:56:55,580] Trial 33 finished with value: 8.969570436995816 and parameters: {'n_units_l0': 3584, 'n_units_l1': 3872, 'n_units_l2': 3328, 'n_units_l3': 352, 'n_units_l4': 832, 'n_units_l5': 3072, 'n_units_l6': 1728, 'n_units_l7': 2016, 'n_units_l8': 832, 'lr': 0.0013780683685621494}. Best is trial 10 with value: 8.143017196686724.
[I 2025-03-22 06:56:56,489] Trial 34 pruned. 
[I 2025-03-22 06:56:57,830] Trial 35 pruned. 
[I 2025-03-22 06:57:00,700] Trial 36 pruned. 
[I 2025-03-22 06:57:15,166] Trial 37 pruned. 
[I 2025-03-22 06:57:16,054] Trial 38 pruned. 
[I 2025-03-22 06:57:17,439] Trial 39 pruned. 
[I 2025-03-22 06:57:19,274] Trial 40 pruned. 
[I 2025-03-22 06:57:37,425] Trial 41 pruned. 
[I 2025-03-22 06:57:49,279] Trial 32 finished with value: 125.17467656104537 and parameters: {'n_units_l0': 2304, 'n_units_l1': 3136, 'n_units_l2': 1056, 'n_units_l3': 1600, 'n_units_l4': 1792, 'n_units_l5': 2080, 'n_units_l6': 2112, 'n_units_l7': 3104, 'lr': 0.006806214336235301}. Best is trial 14 with value: 7.6834821362162815.
[I 2025-03-22 06:57:50,685] Trial 33 pruned. 
[I 2025-03-22 06:57:52,130] Trial 34 pruned. 
[I 2025-03-22 06:57:54,143] Trial 35 pruned. 
[I 2025-03-22 06:57:57,801] Trial 36 pruned. 
[I 2025-03-22 06:57:59,374] Trial 37 pruned. 
[I 2025-03-22 07:00:00,033] Trial 38 finished with value: 19.244531231402448 and parameters: {'n_units_l0': 3232, 'n_units_l1': 1792, 'n_units_l2': 3584, 'n_units_l3': 2240, 'n_units_l4': 544, 'n_units_l5': 2304, 'n_units_l6': 1664, 'n_units_l7': 3712, 'lr': 0.00021929837234780763}. Best is trial 14 with value: 7.6834821362162815.
[I 2025-03-22 07:00:01,659] Trial 39 pruned. 
[I 2025-03-22 07:00:03,065] Trial 40 pruned. 
[I 2025-03-22 07:00:10,820] Trial 42 finished with value: 125.12984195947942 and parameters: {'n_units_l0': 3680, 'n_units_l1': 4000, 'n_units_l2': 3904, 'n_units_l3': 1504, 'n_units_l4': 864, 'n_units_l5': 2464, 'n_units_l6': 352, 'n_units_l7': 3040, 'n_units_l8': 992, 'lr': 0.00431076886238332}. Best is trial 10 with value: 8.143017196686724.
[I 2025-03-22 07:00:12,522] Trial 43 pruned. 
[I 2025-03-22 07:01:55,527] Trial 41 finished with value: 8.32379735875815 and parameters: {'n_units_l0': 4064, 'n_units_l1': 2272, 'n_units_l2': 1728, 'n_units_l3': 384, 'n_units_l4': 1376, 'n_units_l5': 3616, 'n_units_l6': 1696, 'n_units_l7': 2368, 'lr': 0.000136493454934468}. Best is trial 14 with value: 7.6834821362162815.
[I 2025-03-22 07:01:56,852] Trial 42 pruned. 
[I 2025-03-22 07:01:58,404] Trial 43 pruned. 
[I 2025-03-22 07:01:59,734] Trial 44 pruned. 
[I 2025-03-22 07:02:00,873] Trial 45 pruned. 
[I 2025-03-22 07:02:02,353] Trial 46 pruned. 
[I 2025-03-22 07:02:03,672] Trial 47 pruned. 
[I 2025-03-22 07:02:04,888] Trial 48 pruned. 
[I 2025-03-22 07:02:05,949] Trial 49 pruned. 
[I 2025-03-22 07:02:07,300] Trial 50 pruned. 
[I 2025-03-22 07:02:09,730] Trial 51 pruned. 
[I 2025-03-22 07:02:11,069] Trial 52 pruned. 
[I 2025-03-22 07:02:34,225] Trial 44 finished with value: 35.58862319469491 and parameters: {'n_units_l0': 3520, 'n_units_l1': 3456, 'n_units_l2': 3808, 'n_units_l3': 480, 'n_units_l4': 576, 'n_units_l5': 3264, 'n_units_l6': 1440, 'n_units_l7': 2752, 'n_units_l8': 832, 'lr': 0.003664825049952576}. Best is trial 10 with value: 8.143017196686724.
[I 2025-03-22 07:02:35,100] Trial 45 pruned. 
[I 2025-03-22 07:04:02,208] Trial 53 finished with value: 10.704956221500005 and parameters: {'n_units_l0': 3136, 'n_units_l1': 1920, 'n_units_l2': 1440, 'n_units_l3': 1440, 'n_units_l4': 1312, 'n_units_l5': 3872, 'n_units_l6': 1952, 'n_units_l7': 2048, 'lr': 0.00037414850023171085}. Best is trial 14 with value: 7.6834821362162815.
[I 2025-03-22 07:04:03,572] Trial 54 pruned. 
[I 2025-03-22 07:04:05,911] Trial 46 finished with value: 20.278469945093168 and parameters: {'n_units_l0': 3264, 'n_units_l1': 1888, 'n_units_l2': 3424, 'n_units_l3': 160, 'n_units_l4': 224, 'n_units_l5': 2976, 'n_units_l6': 1120, 'n_units_l7': 3424, 'n_units_l8': 256, 'lr': 0.0002093726435816619}. Best is trial 10 with value: 8.143017196686724.
[I 2025-03-22 07:04:07,674] Trial 47 pruned. 
[I 2025-03-22 07:04:08,605] Trial 48 pruned. 
[I 2025-03-22 07:04:09,884] Trial 55 pruned. 
[I 2025-03-22 07:04:10,082] Trial 49 pruned. 
[I 2025-03-22 07:04:11,348] Trial 56 pruned. 
[I 2025-03-22 07:04:11,446] Trial 50 pruned. 
[I 2025-03-22 07:04:12,277] Trial 57 pruned. 
[I 2025-03-22 07:04:13,483] Trial 51 pruned. 
[I 2025-03-22 07:04:13,633] Trial 58 pruned. 
[I 2025-03-22 07:04:15,372] Trial 52 pruned. 
[I 2025-03-22 07:04:16,901] Trial 59 pruned. 
[I 2025-03-22 07:04:17,642] Trial 53 pruned. 
[I 2025-03-22 07:04:18,626] Trial 60 pruned. 
[I 2025-03-22 07:05:55,542] Trial 54 pruned. 
[I 2025-03-22 07:06:10,350] Trial 61 finished with value: 16.71176779785571 and parameters: {'n_units_l0': 4096, 'n_units_l1': 2304, 'n_units_l2': 1760, 'n_units_l3': 512, 'n_units_l4': 1344, 'n_units_l5': 3360, 'n_units_l6': 1760, 'n_units_l7': 2400, 'lr': 0.001470645984238077}. Best is trial 14 with value: 7.6834821362162815.
[I 2025-03-22 07:06:11,545] Trial 62 pruned. 
[I 2025-03-22 07:06:12,676] Trial 63 pruned. 
[I 2025-03-22 07:06:14,519] Trial 64 pruned. 
[I 2025-03-22 07:06:15,927] Trial 65 pruned. 
[I 2025-03-22 07:06:17,073] Trial 66 pruned. 
[I 2025-03-22 07:06:18,256] Trial 67 pruned. 
[I 2025-03-22 07:08:14,284] Trial 55 finished with value: 10.833927474712656 and parameters: {'n_units_l0': 3936, 'n_units_l1': 4096, 'n_units_l2': 1504, 'n_units_l3': 960, 'n_units_l4': 1664, 'n_units_l5': 896, 'n_units_l6': 608, 'n_units_l7': 2400, 'n_units_l8': 4000, 'lr': 3.393549207922377e-05}. Best is trial 10 with value: 8.143017196686724.
[I 2025-03-22 07:08:15,235] Trial 68 finished with value: 12.169342400479294 and parameters: {'n_units_l0': 3552, 'n_units_l1': 3584, 'n_units_l2': 992, 'n_units_l3': 1600, 'n_units_l4': 1344, 'n_units_l5': 3360, 'n_units_l6': 1280, 'n_units_l7': 2400, 'lr': 0.003238706730645182}. Best is trial 14 with value: 7.6834821362162815.
[I 2025-03-22 07:08:15,635] Trial 56 pruned. 
[I 2025-03-22 07:08:16,460] Trial 69 pruned. 
[I 2025-03-22 07:08:21,396] Trial 57 pruned. 
[I 2025-03-22 07:08:22,533] Trial 58 pruned. 
[I 2025-03-22 07:08:30,207] Trial 59 pruned. 
[I 2025-03-22 07:08:31,271] Trial 60 pruned. 
[I 2025-03-22 07:10:17,813] Trial 70 finished with value: 36.19600789860918 and parameters: {'n_units_l0': 3040, 'n_units_l1': 4064, 'n_units_l2': 928, 'n_units_l3': 1376, 'n_units_l4': 2272, 'n_units_l5': 3296, 'n_units_l6': 768, 'n_units_l7': 3776, 'lr': 0.0029384976252122405}. Best is trial 14 with value: 7.6834821362162815.
[I 2025-03-22 07:10:19,539] Trial 71 pruned. 
[I 2025-03-22 07:10:25,456] Trial 72 pruned. 
[I 2025-03-22 07:10:46,866] Trial 61 finished with value: 12.63927206944747 and parameters: {'n_units_l0': 3392, 'n_units_l1': 3744, 'n_units_l2': 544, 'n_units_l3': 1344, 'n_units_l4': 2336, 'n_units_l5': 2368, 'n_units_l6': 832, 'n_units_l7': 2464, 'n_units_l8': 3872, 'lr': 0.0007166101755702726}. Best is trial 10 with value: 8.143017196686724.
[I 2025-03-22 07:10:49,033] Trial 73 pruned. 
[I 2025-03-22 07:10:50,365] Trial 74 pruned. 
[I 2025-03-22 07:10:56,861] Trial 75 pruned. 
[I 2025-03-22 07:10:59,235] Trial 62 pruned. 
[I 2025-03-22 07:11:01,256] Trial 63 pruned. 
[I 2025-03-22 07:11:02,892] Trial 64 pruned. 
[I 2025-03-22 07:11:04,815] Trial 65 pruned. 
[I 2025-03-22 07:11:06,939] Trial 66 pruned. 
[I 2025-03-22 07:11:06,953] Trial 76 pruned. 
[I 2025-03-22 07:11:08,087] Trial 77 pruned. 
[I 2025-03-22 07:11:09,396] Trial 78 pruned. 
[I 2025-03-22 07:11:10,754] Trial 79 pruned. 
[I 2025-03-22 07:11:12,262] Trial 80 pruned. 
[I 2025-03-22 07:11:13,426] Trial 81 pruned. 
[I 2025-03-22 07:11:14,667] Trial 82 pruned. 
[I 2025-03-22 07:11:16,364] Trial 83 pruned. 
[I 2025-03-22 07:11:17,627] Trial 84 pruned. 
[I 2025-03-22 07:11:19,044] Trial 85 pruned. 
[I 2025-03-22 07:11:20,402] Trial 86 pruned. 
[I 2025-03-22 07:11:21,420] Trial 87 pruned. 
[I 2025-03-22 07:11:23,190] Trial 88 pruned. 
[I 2025-03-22 07:11:32,893] Trial 89 pruned. 
[I 2025-03-22 07:13:12,154] Trial 90 finished with value: 21.1030881930878 and parameters: {'n_units_l0': 2496, 'n_units_l1': 1792, 'n_units_l2': 1536, 'n_units_l3': 1920, 'n_units_l4': 1760, 'n_units_l5': 2592, 'n_units_l6': 2560, 'n_units_l7': 448, 'lr': 0.0019758038240016663}. Best is trial 14 with value: 7.6834821362162815.
[I 2025-03-22 07:13:13,719] Trial 91 pruned. 
[I 2025-03-22 07:13:17,117] Trial 92 pruned. 
[I 2025-03-22 07:13:17,896] Trial 93 pruned. 
[I 2025-03-22 07:13:19,354] Trial 94 pruned. 
[I 2025-03-22 07:13:22,452] Trial 95 pruned. 
[I 2025-03-22 07:13:23,745] Trial 96 pruned. 
[I 2025-03-22 07:13:25,712] Trial 97 pruned. 
[I 2025-03-22 07:13:27,117] Trial 98 pruned. 
[I 2025-03-22 07:14:05,975] Trial 67 finished with value: 17.297971895614022 and parameters: {'n_units_l0': 3424, 'n_units_l1': 4096, 'n_units_l2': 3968, 'n_units_l3': 1152, 'n_units_l4': 416, 'n_units_l5': 2784, 'n_units_l6': 960, 'n_units_l7': 2880, 'n_units_l8': 3872, 'lr': 0.0028784826634258368}. Best is trial 10 with value: 8.143017196686724.
[I 2025-03-22 07:14:07,629] Trial 68 pruned. 
[I 2025-03-22 07:14:12,315] Trial 69 pruned. 
[I 2025-03-22 07:14:13,920] Trial 70 pruned. 
[I 2025-03-22 07:14:21,909] Trial 99 pruned. 
[I 2025-03-22 07:14:22,068] A new study created in memory with name: no-name-a366b5d6-6f9a-419d-b3b8-399b17302fc8
[I 2025-03-22 07:16:02,456] Trial 71 finished with value: 13.279426633127347 and parameters: {'n_units_l0': 3328, 'n_units_l1': 1216, 'n_units_l2': 320, 'n_units_l3': 1344, 'n_units_l4': 2464, 'n_units_l5': 2400, 'n_units_l6': 864, 'n_units_l7': 2560, 'n_units_l8': 3968, 'lr': 0.001754507452035848}. Best is trial 10 with value: 8.143017196686724.
[I 2025-03-22 07:16:04,861] Trial 72 pruned. 
[I 2025-03-22 07:17:37,043] Trial 0 finished with value: 125.16484259507034 and parameters: {'n_units_l0': 3520, 'n_units_l1': 3040, 'n_units_l2': 3904, 'n_units_l3': 384, 'n_units_l4': 2912, 'n_units_l5': 672, 'n_units_l6': 2528, 'n_units_l7': 3776, 'n_units_l8': 3808, 'n_units_l9': 1280, 'lr': 0.014132744603882034}. Best is trial 0 with value: 125.16484259507034.
[I 2025-03-22 07:17:58,872] Trial 73 finished with value: 13.011032339903261 and parameters: {'n_units_l0': 3456, 'n_units_l1': 3744, 'n_units_l2': 608, 'n_units_l3': 928, 'n_units_l4': 2336, 'n_units_l5': 2240, 'n_units_l6': 608, 'n_units_l7': 1280, 'n_units_l8': 3936, 'lr': 0.00032192956774578104}. Best is trial 10 with value: 8.143017196686724.
[I 2025-03-22 07:18:00,309] Trial 74 pruned. 
[I 2025-03-22 07:18:04,515] Trial 75 pruned. 
[I 2025-03-22 07:18:06,400] Trial 76 pruned. 
[I 2025-03-22 07:18:07,783] Trial 77 pruned. 
[I 2025-03-22 07:18:09,476] Trial 78 pruned. 
[I 2025-03-22 07:18:14,753] Trial 79 pruned. 
[I 2025-03-22 07:18:15,763] Trial 80 pruned. 
[I 2025-03-22 07:18:20,452] Trial 81 pruned. 
[I 2025-03-22 07:18:29,461] Trial 82 pruned. 
[I 2025-03-22 07:19:07,483] Trial 83 pruned. 
[I 2025-03-22 07:19:18,619] Trial 84 pruned. 
[I 2025-03-22 07:19:20,362] Trial 85 pruned. 
