[I 2025-03-24 13:27:04,261] Trial 13 finished with value: 124.79770048889509 and parameters: {'n_units_l0': 3424, 'n_units_l1': 1280, 'n_units_l2': 736, 'n_units_l3': 1088, 'n_units_l4': 1088, 'n_units_l5': 2592, 'n_units_l6': 32, 'n_units_l7': 1504, 'n_units_l8': 2688, 'n_units_l9': 4032, 'n_units_l10': 1728, 'n_units_l11': 1440, 'lr': 0.03031605549931818}. Best is trial 7 with value: 124.79136099887204.
/trinity/home/fisheye/.local/lib/python3.9/site-packages/numpy/lib/function_base.py:4530: RuntimeWarning: invalid value encountered in subtract
  subtract(b, diff_b_a * (1 - t), out=lerp_interpolation, where=t >= 0.5)
[I 2025-03-24 13:27:26,720] Trial 9 finished with value: 125.07661974618283 and parameters: {'n_units_l0': 3904, 'n_units_l1': 608, 'n_units_l2': 1216, 'lr': 0.05969009493386947}. Best is trial 2 with value: 24.2492973217248.
[I 2025-03-24 13:35:28,203] Trial 10 finished with value: 11.93691912436351 and parameters: {'n_units_l0': 160, 'n_units_l1': 3584, 'n_units_l2': 224, 'lr': 0.0021942882725781952}. Best is trial 10 with value: 11.93691912436351.
[I 2025-03-24 13:43:32,689] Trial 11 finished with value: 11.744766523173181 and parameters: {'n_units_l0': 64, 'n_units_l1': 3616, 'n_units_l2': 128, 'lr': 0.005467245548793337}. Best is trial 11 with value: 11.744766523173181.
[I 2025-03-24 13:46:38,959] Trial 14 finished with value: 124.79400195559025 and parameters: {'n_units_l0': 4064, 'n_units_l1': 1600, 'n_units_l2': 1760, 'n_units_l3': 32, 'n_units_l4': 2656, 'n_units_l5': 2496, 'n_units_l6': 2016, 'n_units_l7': 448, 'n_units_l8': 2560, 'n_units_l9': 2656, 'n_units_l10': 3872, 'n_units_l11': 4096, 'lr': 0.03639489954034946}. Best is trial 7 with value: 124.79136099887204.
/trinity/home/fisheye/.local/lib/python3.9/site-packages/numpy/lib/function_base.py:4529: RuntimeWarning: invalid value encountered in multiply
  lerp_interpolation = asanyarray(add(a, diff_b_a * t, out=out))
[I 2025-03-24 13:51:35,303] Trial 12 finished with value: 6.062501795875511 and parameters: {'n_units_l0': 128, 'n_units_l1': 4000, 'n_units_l2': 64, 'lr': 0.006792962652567936}. Best is trial 12 with value: 6.062501795875511.
[I 2025-03-24 13:51:44,813] Trial 13 pruned. 
[I 2025-03-24 13:59:51,014] Trial 14 finished with value: 16.061807059129013 and parameters: {'n_units_l0': 640, 'n_units_l1': 4096, 'n_units_l2': 576, 'lr': 0.018139475213118185}. Best is trial 12 with value: 6.062501795875511.
[I 2025-03-24 14:02:10,586] Trial 15 finished with value: 124.79123481496912 and parameters: {'n_units_l0': 3008, 'n_units_l1': 2336, 'n_units_l2': 704, 'n_units_l3': 1152, 'n_units_l4': 3264, 'n_units_l5': 1280, 'n_units_l6': 3936, 'n_units_l7': 1888, 'n_units_l8': 1216, 'n_units_l9': 160, 'n_units_l10': 2592, 'n_units_l11': 3168, 'lr': 0.021538889002746496}. Best is trial 15 with value: 124.79123481496912.
[I 2025-03-24 14:07:56,683] Trial 15 finished with value: 15.02733161692165 and parameters: {'n_units_l0': 1664, 'n_units_l1': 3296, 'n_units_l2': 800, 'lr': 0.04100975141852546}. Best is trial 12 with value: 6.062501795875511.
[I 2025-03-24 14:15:58,703] Trial 16 finished with value: 17.597490893478646 and parameters: {'n_units_l0': 512, 'n_units_l1': 1664, 'n_units_l2': 3168, 'lr': 0.012058237430200971}. Best is trial 12 with value: 6.062501795875511.
[I 2025-03-24 14:24:05,125] Trial 17 finished with value: 17.985515315241702 and parameters: {'n_units_l0': 1632, 'n_units_l1': 2560, 'n_units_l2': 704, 'lr': 0.03492113825915852}. Best is trial 12 with value: 6.062501795875511.
[I 2025-03-24 14:24:24,492] Trial 16 finished with value: 124.79664261291732 and parameters: {'n_units_l0': 3008, 'n_units_l1': 4064, 'n_units_l2': 96, 'n_units_l3': 1024, 'n_units_l4': 3392, 'n_units_l5': 4096, 'n_units_l6': 4064, 'n_units_l7': 1920, 'n_units_l8': 1056, 'n_units_l9': 32, 'n_units_l10': 2656, 'n_units_l11': 3104, 'lr': 0.04047616192378422}. Best is trial 15 with value: 124.79123481496912.
[I 2025-03-24 14:32:08,919] Trial 18 finished with value: 11.76233255463612 and parameters: {'n_units_l0': 576, 'n_units_l1': 32, 'n_units_l2': 352, 'lr': 0.009809644346055912}. Best is trial 12 with value: 6.062501795875511.
[I 2025-03-24 14:35:11,976] Trial 17 finished with value: 6.982759135743195 and parameters: {'n_units_l0': 2144, 'n_units_l1': 2592, 'n_units_l2': 928, 'n_units_l3': 1312, 'n_units_l4': 2336, 'n_units_l5': 768, 'n_units_l6': 3200, 'n_units_l7': 2144, 'n_units_l8': 96, 'n_units_l9': 288, 'n_units_l10': 1440, 'n_units_l11': 512, 'lr': 0.0014409286337230473}. Best is trial 17 with value: 6.982759135743195.
[I 2025-03-24 14:40:12,681] Trial 19 finished with value: 21.253154786824904 and parameters: {'n_units_l0': 32, 'n_units_l1': 4032, 'n_units_l2': 992, 'lr': 0.028669864970298657}. Best is trial 12 with value: 6.062501795875511.
[I 2025-03-24 14:40:17,515] Trial 20 pruned. 
[I 2025-03-24 14:45:01,235] Trial 18 finished with value: 5.451840437372709 and parameters: {'n_units_l0': 1920, 'n_units_l1': 2496, 'n_units_l2': 1632, 'n_units_l3': 1472, 'n_units_l4': 160, 'n_units_l5': 768, 'n_units_l6': 3296, 'n_units_l7': 1792, 'n_units_l8': 32, 'n_units_l9': 64, 'n_units_l10': 2464, 'n_units_l11': 416, 'lr': 1.6891056082997185e-05}. Best is trial 18 with value: 5.451840437372709.
[I 2025-03-24 14:48:22,572] Trial 21 finished with value: 11.78802792536655 and parameters: {'n_units_l0': 608, 'n_units_l1': 1504, 'n_units_l2': 96, 'lr': 0.010689346283946261}. Best is trial 12 with value: 6.062501795875511.
[I 2025-03-24 14:53:51,639] Trial 19 finished with value: 9.637065996137325 and parameters: {'n_units_l0': 2016, 'n_units_l1': 3008, 'n_units_l2': 1728, 'n_units_l3': 1472, 'n_units_l4': 256, 'n_units_l5': 32, 'n_units_l6': 3104, 'n_units_l7': 896, 'n_units_l8': 256, 'n_units_l9': 512, 'n_units_l10': 1568, 'n_units_l11': 128, 'lr': 0.00018857368781824814}. Best is trial 18 with value: 5.451840437372709.
[I 2025-03-24 14:56:27,383] Trial 22 finished with value: 9.72928266313732 and parameters: {'n_units_l0': 384, 'n_units_l1': 2816, 'n_units_l2': 384, 'lr': 0.005678007811142208}. Best is trial 12 with value: 6.062501795875511.
[I 2025-03-24 14:56:32,232] Trial 23 pruned. 
[I 2025-03-24 14:56:37,262] Trial 24 pruned. 
[I 2025-03-24 14:57:01,234] Trial 25 pruned. 
[I 2025-03-24 15:05:06,457] Trial 26 finished with value: 8.521065088806877 and parameters: {'n_units_l0': 384, 'n_units_l1': 2272, 'n_units_l2': 896, 'lr': 0.00630392439413558}. Best is trial 12 with value: 6.062501795875511.
[I 2025-03-24 15:05:21,037] Trial 27 pruned. 
[I 2025-03-24 15:05:25,865] Trial 28 pruned. 
[I 2025-03-24 15:05:40,399] Trial 29 pruned. 
[I 2025-03-24 15:05:45,233] Trial 30 pruned. 
[I 2025-03-24 15:07:37,078] Trial 20 finished with value: 124.80179670187503 and parameters: {'n_units_l0': 1920, 'n_units_l1': 2496, 'n_units_l2': 3232, 'n_units_l3': 2368, 'n_units_l4': 32, 'n_units_l5': 736, 'n_units_l6': 3392, 'n_units_l7': 1696, 'n_units_l8': 96, 'n_units_l9': 1248, 'n_units_l10': 3232, 'n_units_l11': 704, 'lr': 0.007305476923322416}. Best is trial 18 with value: 5.451840437372709.
[I 2025-03-24 15:13:50,466] Trial 31 finished with value: 9.859596631446875 and parameters: {'n_units_l0': 224, 'n_units_l1': 2880, 'n_units_l2': 384, 'lr': 0.006299220356555891}. Best is trial 12 with value: 6.062501795875511.
[I 2025-03-24 15:14:19,571] Trial 32 pruned. 
[I 2025-03-24 15:16:22,509] Trial 21 finished with value: 5.692919475771249 and parameters: {'n_units_l0': 2112, 'n_units_l1': 3040, 'n_units_l2': 1792, 'n_units_l3': 1600, 'n_units_l4': 320, 'n_units_l5': 32, 'n_units_l6': 3104, 'n_units_l7': 544, 'n_units_l8': 512, 'n_units_l9': 448, 'n_units_l10': 1568, 'n_units_l11': 96, 'lr': 0.0012231733031983667}. Best is trial 18 with value: 5.451840437372709.
[I 2025-03-24 15:22:25,293] Trial 33 finished with value: 11.307204813143287 and parameters: {'n_units_l0': 864, 'n_units_l1': 2432, 'n_units_l2': 832, 'lr': 0.006304829697325041}. Best is trial 12 with value: 6.062501795875511.
[I 2025-03-24 15:26:10,263] Trial 22 finished with value: 124.79121093040864 and parameters: {'n_units_l0': 1440, 'n_units_l1': 3392, 'n_units_l2': 1728, 'n_units_l3': 2080, 'n_units_l4': 800, 'n_units_l5': 512, 'n_units_l6': 2560, 'n_units_l7': 800, 'n_units_l8': 672, 'n_units_l9': 352, 'n_units_l10': 544, 'n_units_l11': 704, 'lr': 0.009935793975546772}. Best is trial 18 with value: 5.451840437372709.
[I 2025-03-24 15:30:31,777] Trial 34 finished with value: 16.85335158091631 and parameters: {'n_units_l0': 384, 'n_units_l1': 3072, 'n_units_l2': 448, 'lr': 0.015521193150425952}. Best is trial 12 with value: 6.062501795875511.
[I 2025-03-24 15:30:36,743] Trial 35 pruned. 
[I 2025-03-24 15:30:41,683] Trial 36 pruned. 
[I 2025-03-24 15:30:46,557] Trial 37 pruned. 
[I 2025-03-24 15:35:40,664] Trial 23 finished with value: 6.5444197680993055 and parameters: {'n_units_l0': 64, 'n_units_l1': 2240, 'n_units_l2': 2080, 'n_units_l3': 1440, 'n_units_l4': 1376, 'n_units_l5': 64, 'n_units_l6': 3360, 'n_units_l7': 2208, 'n_units_l8': 32, 'n_units_l9': 896, 'n_units_l10': 1504, 'n_units_l11': 576, 'lr': 0.0017971485467623766}. Best is trial 18 with value: 5.451840437372709.
[I 2025-03-24 15:38:56,175] Trial 38 finished with value: 14.857621926866255 and parameters: {'n_units_l0': 320, 'n_units_l1': 3840, 'n_units_l2': 2464, 'lr': 0.00541449260743518}. Best is trial 12 with value: 6.062501795875511.
[I 2025-03-24 15:39:01,091] Trial 39 pruned. 
[I 2025-03-24 15:39:05,924] Trial 40 pruned. 
[I 2025-03-24 15:45:33,380] Trial 24 finished with value: 124.80298432476921 and parameters: {'n_units_l0': 160, 'n_units_l1': 2080, 'n_units_l2': 2176, 'n_units_l3': 1920, 'n_units_l4': 1376, 'n_units_l5': 64, 'n_units_l6': 3648, 'n_units_l7': 864, 'n_units_l8': 672, 'n_units_l9': 992, 'n_units_l10': 2336, 'n_units_l11': 1248, 'lr': 0.01538804899145612}. Best is trial 18 with value: 5.451840437372709.
[I 2025-03-24 15:47:11,258] Trial 41 finished with value: 7.698873736855932 and parameters: {'n_units_l0': 896, 'n_units_l1': 1920, 'n_units_l2': 896, 'lr': 0.004759477525213037}. Best is trial 12 with value: 6.062501795875511.
[I 2025-03-24 15:47:25,863] Trial 42 pruned. 
[I 2025-03-24 15:47:30,686] Trial 43 pruned. 
[I 2025-03-24 15:47:35,522] Trial 44 pruned. 
[I 2025-03-24 15:47:59,623] Trial 45 pruned. 
[I 2025-03-24 15:48:09,377] Trial 46 pruned. 
[I 2025-03-24 15:48:14,329] Trial 47 pruned. 
[I 2025-03-24 15:54:18,120] Trial 25 finished with value: 124.79910342282052 and parameters: {'n_units_l0': 256, 'n_units_l1': 3520, 'n_units_l2': 1920, 'n_units_l3': 704, 'n_units_l4': 448, 'n_units_l5': 352, 'n_units_l6': 2944, 'n_units_l7': 96, 'n_units_l8': 480, 'n_units_l9': 1760, 'n_units_l10': 2304, 'n_units_l11': 992, 'lr': 0.04208341063093617}. Best is trial 18 with value: 5.451840437372709.
[I 2025-03-24 15:56:18,943] Trial 48 finished with value: 14.816529560268274 and parameters: {'n_units_l0': 768, 'n_units_l1': 1792, 'n_units_l2': 224, 'lr': 0.00986476112676566}. Best is trial 12 with value: 6.062501795875511.
[I 2025-03-24 15:56:29,235] Trial 49 pruned. 
[I 2025-03-24 15:56:34,378] Trial 50 pruned. 
[I 2025-03-24 16:05:07,254] Trial 51 finished with value: 12.832302647115355 and parameters: {'n_units_l0': 896, 'n_units_l1': 2368, 'n_units_l2': 864, 'lr': 0.004116679864618484}. Best is trial 12 with value: 6.062501795875511.
[I 2025-03-24 16:06:53,636] Trial 26 finished with value: 124.79310216869077 and parameters: {'n_units_l0': 1088, 'n_units_l1': 2240, 'n_units_l2': 1568, 'n_units_l3': 2816, 'n_units_l4': 928, 'n_units_l5': 832, 'n_units_l6': 3744, 'n_units_l7': 2432, 'n_units_l8': 896, 'n_units_l9': 672, 'n_units_l10': 640, 'n_units_l11': 384, 'lr': 0.009367676322007442}. Best is trial 18 with value: 5.451840437372709.
[I 2025-03-24 16:13:19,565] Trial 52 finished with value: 15.737204669063374 and parameters: {'n_units_l0': 32, 'n_units_l1': 2496, 'n_units_l2': 1216, 'lr': 0.005951579840058796}. Best is trial 12 with value: 6.062501795875511.
[I 2025-03-24 16:13:24,457] Trial 53 pruned. 
[I 2025-03-24 16:20:40,938] Trial 27 finished with value: 5.373505851898189 and parameters: {'n_units_l0': 512, 'n_units_l1': 4064, 'n_units_l2': 3232, 'n_units_l3': 1472, 'n_units_l4': 1632, 'n_units_l5': 288, 'n_units_l6': 2592, 'n_units_l7': 2976, 'n_units_l8': 32, 'n_units_l9': 1280, 'n_units_l10': 1472, 'n_units_l11': 960, 'lr': 0.00028729589356494005}. Best is trial 27 with value: 5.373505851898189.
[I 2025-03-24 16:21:29,669] Trial 54 finished with value: 14.05092749578826 and parameters: {'n_units_l0': 704, 'n_units_l1': 2720, 'n_units_l2': 672, 'lr': 0.012023544093023964}. Best is trial 12 with value: 6.062501795875511.
[I 2025-03-24 16:21:34,534] Trial 55 pruned. 
[I 2025-03-24 16:21:39,559] Trial 56 pruned. 
[I 2025-03-24 16:21:44,429] Trial 57 pruned. 
[I 2025-03-24 16:29:50,683] Trial 58 finished with value: 8.871893075706813 and parameters: {'n_units_l0': 192, 'n_units_l1': 2112, 'n_units_l2': 1184, 'lr': 0.004167790186118341}. Best is trial 12 with value: 6.062501795875511.
[I 2025-03-24 16:37:54,019] Trial 59 finished with value: 8.433558022495406 and parameters: {'n_units_l0': 160, 'n_units_l1': 1536, 'n_units_l2': 1088, 'lr': 0.013329866615522717}. Best is trial 12 with value: 6.062501795875511.
[I 2025-03-24 16:37:58,766] Trial 60 pruned. 
[I 2025-03-24 16:38:03,643] Trial 61 pruned. 
[I 2025-03-24 16:38:08,419] Trial 62 pruned. 
[I 2025-03-24 16:38:37,293] Trial 63 pruned. 
[I 2025-03-24 16:38:46,949] Trial 64 pruned. 
[I 2025-03-24 16:38:51,975] Trial 65 pruned. 
[I 2025-03-24 16:38:56,855] Trial 66 pruned. 
[I 2025-03-24 16:39:01,729] Trial 67 pruned. 
[I 2025-03-24 16:39:06,448] Trial 68 pruned. 
[I 2025-03-24 16:39:22,395] Trial 28 finished with value: 124.79113042686058 and parameters: {'n_units_l0': 1696, 'n_units_l1': 4096, 'n_units_l2': 3424, 'n_units_l3': 2112, 'n_units_l4': 1696, 'n_units_l5': 960, 'n_units_l6': 2528, 'n_units_l7': 3392, 'n_units_l8': 448, 'n_units_l9': 1216, 'n_units_l10': 2432, 'n_units_l11': 1120, 'lr': 0.018252836637679376}. Best is trial 27 with value: 5.373505851898189.
[I 2025-03-24 16:40:48,282] Trial 29 pruned. 
[I 2025-03-24 16:47:11,284] Trial 69 finished with value: 9.558660196781018 and parameters: {'n_units_l0': 576, 'n_units_l1': 1984, 'n_units_l2': 896, 'lr': 0.006558991689247471}. Best is trial 12 with value: 6.062501795875511.
[I 2025-03-24 16:47:16,409] Trial 70 pruned. 
[I 2025-03-24 16:47:21,383] Trial 71 pruned. 
[I 2025-03-24 16:47:26,521] Trial 72 pruned. 
[I 2025-03-24 16:53:15,774] Trial 30 finished with value: 124.80710577265731 and parameters: {'n_units_l0': 448, 'n_units_l1': 3232, 'n_units_l2': 3712, 'n_units_l3': 608, 'n_units_l4': 480, 'n_units_l5': 1120, 'n_units_l6': 2304, 'n_units_l7': 2912, 'n_units_l8': 768, 'n_units_l9': 416, 'n_units_l10': 1792, 'n_units_l11': 896, 'lr': 0.00826878854728354}. Best is trial 27 with value: 5.373505851898189.
[I 2025-03-24 16:53:22,208] Trial 31 pruned. 
[I 2025-03-24 16:55:29,402] Trial 73 finished with value: 25.250222282400866 and parameters: {'n_units_l0': 448, 'n_units_l1': 1856, 'n_units_l2': 736, 'lr': 0.008381196360422413}. Best is trial 12 with value: 6.062501795875511.
[I 2025-03-24 16:55:34,121] Trial 74 pruned. 
[I 2025-03-24 16:55:39,074] Trial 75 pruned. 
[I 2025-03-24 16:55:43,844] Trial 76 pruned. 
[I 2025-03-24 16:55:48,706] Trial 77 pruned. 
[I 2025-03-24 16:55:53,470] Trial 78 pruned. 
[I 2025-03-24 16:55:58,368] Trial 79 pruned. 
[I 2025-03-24 17:04:01,594] Trial 80 finished with value: 15.453807069279241 and parameters: {'n_units_l0': 128, 'n_units_l1': 2464, 'n_units_l2': 1600, 'lr': 0.0072265878127314425}. Best is trial 12 with value: 6.062501795875511.
[I 2025-03-24 17:04:06,658] Trial 81 pruned. 
[I 2025-03-24 17:07:26,513] Trial 32 finished with value: 9.840045599360892 and parameters: {'n_units_l0': 480, 'n_units_l1': 2720, 'n_units_l2': 4096, 'n_units_l3': 1472, 'n_units_l4': 1696, 'n_units_l5': 256, 'n_units_l6': 2848, 'n_units_l7': 3424, 'n_units_l8': 32, 'n_units_l9': 1248, 'n_units_l10': 1376, 'n_units_l11': 1760, 'lr': 0.0008152321875797642}. Best is trial 27 with value: 5.373505851898189.
[I 2025-03-24 17:12:15,338] Trial 82 finished with value: 8.412631669381916 and parameters: {'n_units_l0': 992, 'n_units_l1': 2656, 'n_units_l2': 1280, 'lr': 0.005230905100618874}. Best is trial 12 with value: 6.062501795875511.
[I 2025-03-24 17:20:20,150] Trial 83 finished with value: 7.4228862180364406 and parameters: {'n_units_l0': 1056, 'n_units_l1': 2688, 'n_units_l2': 1312, 'lr': 0.0050996461261437484}. Best is trial 12 with value: 6.062501795875511.
[I 2025-03-24 17:20:25,014] Trial 84 pruned. 
[I 2025-03-24 17:20:30,169] Trial 85 pruned. 
[I 2025-03-24 17:20:34,998] Trial 86 pruned. 
[I 2025-03-24 17:20:39,849] Trial 87 pruned. 
[I 2025-03-24 17:20:44,731] Trial 88 pruned. 
[I 2025-03-24 17:20:49,626] Trial 89 pruned. 
[I 2025-03-24 17:21:22,591] Trial 33 finished with value: 124.79796102332625 and parameters: {'n_units_l0': 704, 'n_units_l1': 3808, 'n_units_l2': 2432, 'n_units_l3': 1792, 'n_units_l4': 800, 'n_units_l5': 608, 'n_units_l6': 3424, 'n_units_l7': 3840, 'n_units_l8': 416, 'n_units_l9': 64, 'n_units_l10': 832, 'n_units_l11': 672, 'lr': 0.012314693930695324}. Best is trial 27 with value: 5.373505851898189.
[I 2025-03-24 17:28:51,043] Trial 90 finished with value: 12.176887898724717 and parameters: {'n_units_l0': 672, 'n_units_l1': 1952, 'n_units_l2': 992, 'lr': 0.006142569285071075}. Best is trial 12 with value: 6.062501795875511.
[I 2025-03-24 17:28:55,824] Trial 91 pruned. 
[I 2025-03-24 17:29:05,389] Trial 92 pruned. 
[I 2025-03-24 17:29:10,284] Trial 93 pruned. 
[I 2025-03-24 17:34:49,734] Trial 34 finished with value: 124.79077842216206 and parameters: {'n_units_l0': 1152, 'n_units_l1': 2208, 'n_units_l2': 2816, 'n_units_l3': 1632, 'n_units_l4': 1664, 'n_units_l5': 384, 'n_units_l6': 3360, 'n_units_l7': 3200, 'n_units_l8': 288, 'n_units_l9': 1472, 'n_units_l10': 2144, 'n_units_l11': 192, 'lr': 0.005198293660003611}. Best is trial 27 with value: 5.373505851898189.
[I 2025-03-24 17:34:57,028] Trial 35 pruned. 
[I 2025-03-24 17:37:15,265] Trial 94 finished with value: 10.786638144281284 and parameters: {'n_units_l0': 224, 'n_units_l1': 2688, 'n_units_l2': 1216, 'lr': 0.005000276553632649}. Best is trial 12 with value: 6.062501795875511.
[I 2025-03-24 17:37:20,044] Trial 95 pruned. 
[I 2025-03-24 17:37:24,953] Trial 96 pruned. 
[I 2025-03-24 17:37:29,729] Trial 97 pruned. 
[I 2025-03-24 17:37:34,604] Trial 98 pruned. 
[I 2025-03-24 17:37:49,139] Trial 99 pruned. 
[I 2025-03-24 17:37:49,897] A new study created in memory with name: no-name-44cc7176-7c7b-45ae-be94-50f82cc64b6b
[I 2025-03-24 17:48:16,202] Trial 36 finished with value: 124.79823444512166 and parameters: {'n_units_l0': 1792, 'n_units_l1': 3200, 'n_units_l2': 1440, 'n_units_l3': 1248, 'n_units_l4': 1920, 'n_units_l5': 1664, 'n_units_l6': 2336, 'n_units_l7': 2272, 'n_units_l8': 928, 'n_units_l9': 1024, 'n_units_l10': 1920, 'n_units_l11': 928, 'lr': 0.018422560222964447}. Best is trial 27 with value: 5.373505851898189.
[I 2025-03-24 17:48:25,359] Trial 37 pruned. 
[I 2025-03-24 17:48:32,580] Trial 38 pruned. 
[I 2025-03-24 17:48:43,912] Trial 39 pruned. 
[I 2025-03-24 17:48:54,032] Trial 40 pruned. 
[I 2025-03-24 17:50:40,995] Trial 0 finished with value: 125.06588640297811 and parameters: {'n_units_l0': 3744, 'n_units_l1': 3872, 'n_units_l2': 1184, 'n_units_l3': 3072, 'lr': 0.05945163409255415}. Best is trial 0 with value: 125.06588640297811.
[I 2025-03-24 17:59:16,174] Trial 1 finished with value: 7.6351178994973425 and parameters: {'n_units_l0': 3232, 'n_units_l1': 2112, 'n_units_l2': 1152, 'n_units_l3': 64, 'lr': 0.010265920907260459}. Best is trial 1 with value: 7.6351178994973425.
[I 2025-03-24 18:00:25,719] Trial 41 finished with value: 124.79555073024953 and parameters: {'n_units_l0': 2080, 'n_units_l1': 2592, 'n_units_l2': 1312, 'n_units_l3': 1376, 'n_units_l4': 2304, 'n_units_l5': 864, 'n_units_l6': 3328, 'n_units_l7': 2144, 'n_units_l8': 32, 'n_units_l9': 256, 'n_units_l10': 1344, 'n_units_l11': 576, 'lr': 0.00546022617390709}. Best is trial 27 with value: 5.373505851898189.
[I 2025-03-24 18:07:55,010] Trial 2 finished with value: 125.06755940837863 and parameters: {'n_units_l0': 3904, 'n_units_l1': 576, 'n_units_l2': 2144, 'n_units_l3': 3904, 'lr': 0.032080478497766934}. Best is trial 1 with value: 7.6351178994973425.
[I 2025-03-24 18:11:56,089] Trial 42 finished with value: 35.142998674084495 and parameters: {'n_units_l0': 2272, 'n_units_l1': 2880, 'n_units_l2': 1024, 'n_units_l3': 1792, 'n_units_l4': 2240, 'n_units_l5': 736, 'n_units_l6': 2656, 'n_units_l7': 2080, 'n_units_l8': 224, 'n_units_l9': 480, 'n_units_l10': 1600, 'n_units_l11': 832, 'lr': 0.005095836827142076}. Best is trial 27 with value: 5.373505851898189.
[I 2025-03-24 18:16:28,942] Trial 3 finished with value: 125.07771596294079 and parameters: {'n_units_l0': 2528, 'n_units_l1': 2784, 'n_units_l2': 288, 'n_units_l3': 1728, 'lr': 0.032061614940148066}. Best is trial 1 with value: 7.6351178994973425.
[I 2025-03-24 18:22:06,040] Trial 43 finished with value: 2.3112908800302954 and parameters: {'n_units_l0': 2656, 'n_units_l1': 2368, 'n_units_l2': 1536, 'n_units_l3': 352, 'n_units_l4': 1856, 'n_units_l5': 192, 'n_units_l6': 3040, 'n_units_l7': 1504, 'n_units_l8': 2176, 'n_units_l9': 736, 'n_units_l10': 1024, 'n_units_l11': 416, 'lr': 0.00011410910870781682}. Best is trial 43 with value: 2.3112908800302954.
[I 2025-03-24 18:28:02,054] Trial 4 finished with value: 125.06672931844636 and parameters: {'n_units_l0': 2496, 'n_units_l1': 2816, 'n_units_l2': 3776, 'n_units_l3': 672, 'lr': 0.009791136269039248}. Best is trial 1 with value: 7.6351178994973425.
