[I 2025-03-22 00:28:19,279] Trial 73 pruned. 
[I 2025-03-22 00:28:19,409] Trial 74 pruned. 
[I 2025-03-22 00:28:19,725] Trial 75 pruned. 
[I 2025-03-22 00:28:20,477] Trial 76 pruned. 
[I 2025-03-22 00:28:20,654] Trial 77 pruned. 
[I 2025-03-22 00:28:20,774] Trial 78 pruned. 
[I 2025-03-22 00:28:20,891] Trial 79 pruned. 
[I 2025-03-22 00:28:21,108] Trial 80 pruned. 
[I 2025-03-22 00:28:26,012] Trial 3 finished with value: 124.35768515839747 and parameters: {'n_units_l0': 3296, 'n_units_l1': 1792, 'n_units_l2': 2112, 'n_units_l3': 1376, 'n_units_l4': 3968, 'n_units_l5': 2976, 'lr': 0.09798311889940114}. Best is trial 1 with value: 72.31482164019677.
[I 2025-03-22 00:28:29,397] Trial 81 finished with value: 21.195724863429483 and parameters: {'n_units_l0': 416, 'n_units_l1': 2240, 'n_units_l2': 1792, 'n_units_l3': 1760, 'lr': 0.0029768030297893278}. Best is trial 44 with value: 16.57835839929269.
[I 2025-03-22 00:28:29,691] Trial 82 pruned. 
[I 2025-03-22 00:28:30,229] Trial 83 pruned. 
[I 2025-03-22 00:28:30,365] Trial 84 pruned. 
[I 2025-03-22 00:28:30,603] Trial 85 pruned. 
[I 2025-03-22 00:28:30,737] Trial 86 pruned. 
[I 2025-03-22 00:28:35,357] Trial 4 finished with value: 124.92974649616394 and parameters: {'n_units_l0': 832, 'n_units_l1': 1824, 'n_units_l2': 2432, 'n_units_l3': 736, 'n_units_l4': 1056, 'n_units_l5': 3616, 'lr': 0.051702157060914175}. Best is trial 1 with value: 72.31482164019677.
[I 2025-03-22 00:28:35,644] Trial 5 pruned. 
[I 2025-03-22 00:28:38,969] Trial 87 finished with value: 18.24710193964627 and parameters: {'n_units_l0': 320, 'n_units_l1': 2496, 'n_units_l2': 1920, 'n_units_l3': 1824, 'lr': 0.0014863019968954082}. Best is trial 44 with value: 16.57835839929269.
[I 2025-03-22 00:28:41,281] Trial 88 pruned. 
[I 2025-03-22 00:28:41,438] Trial 89 pruned. 
[I 2025-03-22 00:28:43,433] Trial 90 pruned. 
[I 2025-03-22 00:28:43,578] Trial 91 pruned. 
[I 2025-03-22 00:28:43,874] Trial 92 pruned. 
[I 2025-03-22 00:28:44,165] Trial 93 pruned. 
[I 2025-03-22 00:28:44,309] Trial 94 pruned. 
[I 2025-03-22 00:28:44,429] Trial 95 pruned. 
[I 2025-03-22 00:28:44,712] Trial 96 pruned. 
[I 2025-03-22 00:28:44,869] Trial 97 pruned. 
[I 2025-03-22 00:28:45,392] Trial 6 finished with value: 124.30228636681755 and parameters: {'n_units_l0': 160, 'n_units_l1': 1504, 'n_units_l2': 3488, 'n_units_l3': 1824, 'n_units_l4': 2208, 'n_units_l5': 384, 'lr': 0.0772953404549288}. Best is trial 1 with value: 72.31482164019677.
[I 2025-03-22 00:28:45,880] Trial 7 pruned. 
[I 2025-03-22 00:28:46,488] Trial 8 pruned. 
[I 2025-03-22 00:28:46,963] Trial 9 pruned. 
[I 2025-03-22 00:28:52,975] Trial 98 finished with value: 25.622836188695935 and parameters: {'n_units_l0': 512, 'n_units_l1': 1600, 'n_units_l2': 192, 'n_units_l3': 1760, 'lr': 0.007353458982918805}. Best is trial 44 with value: 16.57835839929269.
[I 2025-03-22 00:28:56,175] Trial 10 finished with value: 28.528060420164497 and parameters: {'n_units_l0': 64, 'n_units_l1': 288, 'n_units_l2': 3072, 'n_units_l3': 192, 'n_units_l4': 2688, 'n_units_l5': 256, 'lr': 0.0014927353009640543}. Best is trial 10 with value: 28.528060420164497.
[I 2025-03-22 00:29:01,212] Trial 99 finished with value: 35.89519009394663 and parameters: {'n_units_l0': 576, 'n_units_l1': 1568, 'n_units_l2': 128, 'n_units_l3': 2560, 'lr': 0.0067768651319583}. Best is trial 44 with value: 16.57835839929269.
[I 2025-03-22 00:29:01,237] A new study created in memory with name: no-name-2470af1c-002d-465d-bb8d-e493666d7fcd
[I 2025-03-22 00:29:05,329] Trial 11 finished with value: 24.845279735175204 and parameters: {'n_units_l0': 320, 'n_units_l1': 192, 'n_units_l2': 3168, 'n_units_l3': 64, 'n_units_l4': 2848, 'n_units_l5': 128, 'lr': 0.0018445799917220027}. Best is trial 11 with value: 24.845279735175204.
[I 2025-03-22 00:29:06,350] Trial 12 pruned. 
[I 2025-03-22 00:29:06,817] Trial 13 pruned. 
[I 2025-03-22 00:29:07,329] Trial 14 pruned. 
[I 2025-03-22 00:29:07,565] Trial 15 pruned. 
[I 2025-03-22 00:29:08,435] Trial 16 pruned. 
[I 2025-03-22 00:29:08,866] Trial 17 pruned. 
[I 2025-03-22 00:29:18,189] Trial 18 finished with value: 54.66510487246155 and parameters: {'n_units_l0': 608, 'n_units_l1': 352, 'n_units_l2': 2400, 'n_units_l3': 448, 'n_units_l4': 4000, 'n_units_l5': 2272, 'lr': 0.0011752591490786159}. Best is trial 11 with value: 24.845279735175204.
[I 2025-03-22 00:29:18,370] Trial 19 pruned. 
[I 2025-03-22 00:29:18,764] Trial 20 pruned. 
[I 2025-03-22 00:29:20,065] Trial 0 finished with value: 137.76493108651093 and parameters: {'n_units_l0': 3712, 'n_units_l1': 2272, 'n_units_l2': 992, 'n_units_l3': 1088, 'n_units_l4': 3392, 'n_units_l5': 3264, 'n_units_l6': 1920, 'lr': 0.08971425488661172}. Best is trial 0 with value: 137.76493108651093.
[I 2025-03-22 00:29:28,119] Trial 21 finished with value: 66.49321455428436 and parameters: {'n_units_l0': 800, 'n_units_l1': 288, 'n_units_l2': 2464, 'n_units_l3': 480, 'n_units_l4': 4096, 'n_units_l5': 2144, 'lr': 6.978174358192486e-05}. Best is trial 11 with value: 24.845279735175204.
[I 2025-03-22 00:29:30,834] Trial 1 finished with value: 124.46404397022222 and parameters: {'n_units_l0': 3328, 'n_units_l1': 1760, 'n_units_l2': 1792, 'n_units_l3': 32, 'n_units_l4': 416, 'n_units_l5': 3904, 'n_units_l6': 1792, 'lr': 0.08363101323932942}. Best is trial 1 with value: 124.46404397022222.
[I 2025-03-22 00:29:37,427] Trial 22 finished with value: 41.11181950037134 and parameters: {'n_units_l0': 64, 'n_units_l1': 384, 'n_units_l2': 2176, 'n_units_l3': 736, 'n_units_l4': 3712, 'n_units_l5': 2304, 'lr': 0.00836100428775963}. Best is trial 11 with value: 24.845279735175204.
[I 2025-03-22 00:29:46,845] Trial 23 finished with value: 41.17505216771726 and parameters: {'n_units_l0': 160, 'n_units_l1': 768, 'n_units_l2': 1856, 'n_units_l3': 800, 'n_units_l4': 3552, 'n_units_l5': 2400, 'lr': 0.009796193557321168}. Best is trial 11 with value: 24.845279735175204.
[I 2025-03-22 00:29:46,983] Trial 24 pruned. 
[I 2025-03-22 00:29:47,148] Trial 25 pruned. 
[I 2025-03-22 00:29:51,138] Trial 2 finished with value: 124.90801650865943 and parameters: {'n_units_l0': 3296, 'n_units_l1': 2016, 'n_units_l2': 1664, 'n_units_l3': 96, 'n_units_l4': 3456, 'n_units_l5': 3616, 'n_units_l6': 3744, 'lr': 0.07431614120630062}. Best is trial 1 with value: 124.46404397022222.
[I 2025-03-22 00:30:00,902] Trial 3 finished with value: 124.76787202150979 and parameters: {'n_units_l0': 3616, 'n_units_l1': 640, 'n_units_l2': 1696, 'n_units_l3': 1088, 'n_units_l4': 2176, 'n_units_l5': 1472, 'n_units_l6': 64, 'lr': 0.05647909665966995}. Best is trial 1 with value: 124.46404397022222.
[I 2025-03-22 00:30:02,783] Trial 26 finished with value: 30.056009218367382 and parameters: {'n_units_l0': 32, 'n_units_l1': 4096, 'n_units_l2': 3648, 'n_units_l3': 1536, 'n_units_l4': 3744, 'n_units_l5': 128, 'lr': 0.009064055357703153}. Best is trial 11 with value: 24.845279735175204.
[I 2025-03-22 00:30:03,120] Trial 27 pruned. 
[I 2025-03-22 00:30:03,495] Trial 28 pruned. 
[I 2025-03-22 00:30:03,864] Trial 29 pruned. 
[I 2025-03-22 00:30:04,223] Trial 30 pruned. 
[I 2025-03-22 00:30:10,818] Trial 4 finished with value: 124.57564081194995 and parameters: {'n_units_l0': 2304, 'n_units_l1': 2208, 'n_units_l2': 2624, 'n_units_l3': 288, 'n_units_l4': 3584, 'n_units_l5': 608, 'n_units_l6': 544, 'lr': 0.02041474451200021}. Best is trial 1 with value: 124.46404397022222.
[I 2025-03-22 00:30:11,247] Trial 5 pruned. 
[I 2025-03-22 00:30:11,475] Trial 6 pruned. 
[I 2025-03-22 00:30:11,810] Trial 7 pruned. 
[I 2025-03-22 00:30:12,044] Trial 8 pruned. 
[I 2025-03-22 00:30:12,505] Trial 9 pruned. 
[I 2025-03-22 00:30:13,612] Trial 31 finished with value: 33.480244767684425 and parameters: {'n_units_l0': 160, 'n_units_l1': 512, 'n_units_l2': 1440, 'n_units_l3': 1120, 'n_units_l4': 3776, 'n_units_l5': 1920, 'lr': 0.007387452735186897}. Best is trial 11 with value: 24.845279735175204.
[I 2025-03-22 00:30:13,862] Trial 32 pruned. 
[I 2025-03-22 00:30:14,026] Trial 33 pruned. 
[I 2025-03-22 00:30:14,186] Trial 34 pruned. 
[I 2025-03-22 00:30:14,473] Trial 35 pruned. 
[I 2025-03-22 00:30:14,662] Trial 36 pruned. 
[I 2025-03-22 00:30:14,825] Trial 37 pruned. 
[I 2025-03-22 00:30:15,722] Trial 38 pruned. 
[I 2025-03-22 00:30:16,134] Trial 39 pruned. 
[I 2025-03-22 00:30:16,279] Trial 40 pruned. 
[I 2025-03-22 00:30:16,555] Trial 41 pruned. 
[I 2025-03-22 00:30:16,744] Trial 42 pruned. 
[I 2025-03-22 00:30:16,910] Trial 43 pruned. 
[I 2025-03-22 00:30:17,079] Trial 44 pruned. 
[I 2025-03-22 00:30:24,752] Trial 10 finished with value: 39.22829306789639 and parameters: {'n_units_l0': 1408, 'n_units_l1': 512, 'n_units_l2': 2752, 'n_units_l3': 3840, 'n_units_l4': 64, 'n_units_l5': 4096, 'n_units_l6': 1632, 'lr': 0.0016495918578789959}. Best is trial 10 with value: 39.22829306789639.
[I 2025-03-22 00:30:25,685] Trial 11 pruned. 
[I 2025-03-22 00:30:26,549] Trial 45 finished with value: 80.35532687572723 and parameters: {'n_units_l0': 192, 'n_units_l1': 1248, 'n_units_l2': 896, 'n_units_l3': 256, 'n_units_l4': 3104, 'n_units_l5': 2816, 'lr': 0.0033489217130511337}. Best is trial 11 with value: 24.845279735175204.
[I 2025-03-22 00:30:26,769] Trial 46 pruned. 
[I 2025-03-22 00:30:27,038] Trial 47 pruned. 
[I 2025-03-22 00:30:27,204] Trial 48 pruned. 
[I 2025-03-22 00:30:27,372] Trial 49 pruned. 
[I 2025-03-22 00:30:27,649] Trial 50 pruned. 
[I 2025-03-22 00:30:27,841] Trial 51 pruned. 
[I 2025-03-22 00:30:37,187] Trial 52 finished with value: 37.294771799227085 and parameters: {'n_units_l0': 32, 'n_units_l1': 608, 'n_units_l2': 1920, 'n_units_l3': 256, 'n_units_l4': 3552, 'n_units_l5': 2752, 'lr': 0.011217433332372918}. Best is trial 11 with value: 24.845279735175204.
[I 2025-03-22 00:30:41,965] Trial 12 finished with value: 38.94290071176651 and parameters: {'n_units_l0': 1536, 'n_units_l1': 1088, 'n_units_l2': 3008, 'n_units_l3': 2656, 'n_units_l4': 1344, 'n_units_l5': 4096, 'n_units_l6': 1312, 'lr': 0.002773356611517973}. Best is trial 12 with value: 38.94290071176651.
[I 2025-03-22 00:30:46,634] Trial 53 finished with value: 27.73740152181834 and parameters: {'n_units_l0': 32, 'n_units_l1': 512, 'n_units_l2': 1952, 'n_units_l3': 192, 'n_units_l4': 3968, 'n_units_l5': 2720, 'lr': 0.0033859822062189387}. Best is trial 11 with value: 24.845279735175204.
[I 2025-03-22 00:30:46,819] Trial 54 pruned. 
[I 2025-03-22 00:30:47,374] Trial 55 pruned. 
[I 2025-03-22 00:30:47,623] Trial 56 pruned. 
[I 2025-03-22 00:30:56,170] Trial 13 finished with value: 33.657511314459605 and parameters: {'n_units_l0': 1408, 'n_units_l1': 1088, 'n_units_l2': 3200, 'n_units_l3': 2848, 'n_units_l4': 1472, 'n_units_l5': 2112, 'n_units_l6': 1120, 'lr': 0.0007409654487216635}. Best is trial 13 with value: 33.657511314459605.
[I 2025-03-22 00:30:56,838] Trial 57 finished with value: 39.501392885137854 and parameters: {'n_units_l0': 192, 'n_units_l1': 672, 'n_units_l2': 1248, 'n_units_l3': 128, 'n_units_l4': 2752, 'n_units_l5': 3072, 'lr': 0.003910955000979131}. Best is trial 11 with value: 24.845279735175204.
[I 2025-03-22 00:30:57,029] Trial 58 pruned. 
[I 2025-03-22 00:30:57,158] Trial 59 pruned. 
[I 2025-03-22 00:30:57,330] Trial 60 pruned. 
[I 2025-03-22 00:31:06,649] Trial 61 finished with value: 32.01454684421319 and parameters: {'n_units_l0': 288, 'n_units_l1': 672, 'n_units_l2': 1216, 'n_units_l3': 192, 'n_units_l4': 2880, 'n_units_l5': 2976, 'lr': 0.0033988397851620724}. Best is trial 11 with value: 24.845279735175204.
[I 2025-03-22 00:31:06,807] Trial 62 pruned. 
[I 2025-03-22 00:31:06,971] Trial 63 pruned. 
[I 2025-03-22 00:31:07,215] Trial 64 pruned. 
[I 2025-03-22 00:31:07,398] Trial 65 pruned. 
[I 2025-03-22 00:31:07,577] Trial 66 pruned. 
[I 2025-03-22 00:31:07,916] Trial 67 pruned. 
[I 2025-03-22 00:31:08,222] Trial 68 pruned. 
[I 2025-03-22 00:31:08,450] Trial 69 pruned. 
[I 2025-03-22 00:31:08,644] Trial 70 pruned. 
[I 2025-03-22 00:31:10,014] Trial 14 finished with value: 39.93739500348609 and parameters: {'n_units_l0': 992, 'n_units_l1': 1216, 'n_units_l2': 3360, 'n_units_l3': 2752, 'n_units_l4': 1344, 'n_units_l5': 1952, 'n_units_l6': 928, 'lr': 0.0020121005795489177}. Best is trial 13 with value: 33.657511314459605.
[I 2025-03-22 00:31:10,299] Trial 15 pruned. 
[I 2025-03-22 00:31:10,496] Trial 16 pruned. 
[I 2025-03-22 00:31:10,690] Trial 17 pruned. 
[I 2025-03-22 00:31:11,022] Trial 18 pruned. 
[I 2025-03-22 00:31:11,450] Trial 19 pruned. 
[I 2025-03-22 00:31:11,644] Trial 20 pruned. 
[I 2025-03-22 00:31:17,860] Trial 71 finished with value: 25.467109337704258 and parameters: {'n_units_l0': 224, 'n_units_l1': 800, 'n_units_l2': 1152, 'n_units_l3': 96, 'n_units_l4': 2784, 'n_units_l5': 3040, 'lr': 0.003517283213508462}. Best is trial 11 with value: 24.845279735175204.
[I 2025-03-22 00:31:18,025] Trial 72 pruned. 
[I 2025-03-22 00:31:18,183] Trial 73 pruned. 
[I 2025-03-22 00:31:18,418] Trial 74 pruned. 
[I 2025-03-22 00:31:18,591] Trial 75 pruned. 
[I 2025-03-22 00:31:18,771] Trial 76 pruned. 
[I 2025-03-22 00:31:18,942] Trial 77 pruned. 
[I 2025-03-22 00:31:28,366] Trial 78 finished with value: 36.720272834275015 and parameters: {'n_units_l0': 1600, 'n_units_l1': 640, 'n_units_l2': 1184, 'n_units_l3': 480, 'n_units_l4': 3776, 'n_units_l5': 1632, 'lr': 0.002625638930619359}. Best is trial 11 with value: 24.845279735175204.
[I 2025-03-22 00:31:28,524] Trial 79 pruned. 
[I 2025-03-22 00:31:28,962] Trial 80 pruned. 
[I 2025-03-22 00:31:29,135] Trial 81 pruned. 
[I 2025-03-22 00:31:29,355] Trial 82 pruned. 
[I 2025-03-22 00:31:29,509] Trial 83 pruned. 
[I 2025-03-22 00:31:29,651] Trial 21 finished with value: 106.04137195863183 and parameters: {'n_units_l0': 1472, 'n_units_l1': 576, 'n_units_l2': 2880, 'n_units_l3': 3968, 'n_units_l4': 1504, 'n_units_l5': 3744, 'n_units_l6': 1376, 'lr': 0.0014470175964666858}. Best is trial 13 with value: 33.657511314459605.
[I 2025-03-22 00:31:29,674] Trial 84 pruned. 
[I 2025-03-22 00:31:30,246] Trial 85 pruned. 
[I 2025-03-22 00:31:30,390] Trial 86 pruned. 
[I 2025-03-22 00:31:30,535] Trial 87 pruned. 
[I 2025-03-22 00:31:30,691] Trial 88 pruned. 
[I 2025-03-22 00:31:30,890] Trial 89 pruned. 
[I 2025-03-22 00:31:31,046] Trial 90 pruned. 
[I 2025-03-22 00:31:31,229] Trial 91 pruned. 
[I 2025-03-22 00:31:31,487] Trial 92 pruned. 
[I 2025-03-22 00:31:31,667] Trial 93 pruned. 
[I 2025-03-22 00:31:31,849] Trial 94 pruned. 
[I 2025-03-22 00:31:32,074] Trial 95 pruned. 
[I 2025-03-22 00:31:32,225] Trial 96 pruned. 
[I 2025-03-22 00:31:32,412] Trial 97 pruned. 
[I 2025-03-22 00:31:32,684] Trial 98 pruned. 
[I 2025-03-22 00:31:32,842] Trial 99 pruned. 
[I 2025-03-22 00:31:32,867] A new study created in memory with name: no-name-e65c38b3-f377-4193-8bff-b7109ff9f5fb
[I 2025-03-22 00:31:42,973] Trial 22 finished with value: 40.21199733251584 and parameters: {'n_units_l0': 1344, 'n_units_l1': 832, 'n_units_l2': 2944, 'n_units_l3': 3360, 'n_units_l4': 64, 'n_units_l5': 3488, 'n_units_l6': 2176, 'lr': 0.00147992448180331}. Best is trial 13 with value: 33.657511314459605.
[I 2025-03-22 00:31:43,203] Trial 23 pruned. 
[I 2025-03-22 00:31:43,618] Trial 24 pruned. 
[I 2025-03-22 00:31:43,955] Trial 25 pruned. 
[I 2025-03-22 00:31:44,150] Trial 26 pruned. 
[I 2025-03-22 00:31:52,369] Trial 0 finished with value: 124.02143344363651 and parameters: {'n_units_l0': 3200, 'n_units_l1': 1088, 'n_units_l2': 3584, 'n_units_l3': 1344, 'n_units_l4': 128, 'n_units_l5': 3936, 'n_units_l6': 3424, 'n_units_l7': 2272, 'lr': 0.05648342986311829}. Best is trial 0 with value: 124.02143344363651.
[I 2025-03-22 00:31:59,545] Trial 27 finished with value: 37.40549025170695 and parameters: {'n_units_l0': 1600, 'n_units_l1': 992, 'n_units_l2': 3008, 'n_units_l3': 4064, 'n_units_l4': 96, 'n_units_l5': 3008, 'n_units_l6': 2816, 'lr': 0.0006434172623541732}. Best is trial 13 with value: 33.657511314459605.
[I 2025-03-22 00:31:59,928] Trial 28 pruned. 
[I 2025-03-22 00:32:00,270] Trial 29 pruned. 
[I 2025-03-22 00:32:00,448] Trial 30 pruned. 
[I 2025-03-22 00:32:00,673] Trial 31 pruned. 
[I 2025-03-22 00:32:00,876] Trial 32 pruned. 
[I 2025-03-22 00:32:01,174] Trial 33 pruned. 
[I 2025-03-22 00:32:01,598] Trial 34 pruned. 
[I 2025-03-22 00:32:01,841] Trial 35 pruned. 
[I 2025-03-22 00:32:05,813] Trial 36 pruned. 
[I 2025-03-22 00:32:06,152] Trial 37 pruned. 
[I 2025-03-22 00:32:06,669] Trial 38 pruned. 
[I 2025-03-22 00:32:06,850] Trial 39 pruned. 
[I 2025-03-22 00:32:07,328] Trial 40 pruned. 
[I 2025-03-22 00:32:12,305] Trial 1 finished with value: 125.02753978261333 and parameters: {'n_units_l0': 3808, 'n_units_l1': 1760, 'n_units_l2': 3584, 'n_units_l3': 768, 'n_units_l4': 800, 'n_units_l5': 3584, 'n_units_l6': 3232, 'n_units_l7': 1280, 'lr': 0.04489204599483591}. Best is trial 0 with value: 124.02143344363651.
[I 2025-03-22 00:32:20,847] Trial 41 finished with value: 42.08903037552285 and parameters: {'n_units_l0': 1152, 'n_units_l1': 1120, 'n_units_l2': 3328, 'n_units_l3': 2784, 'n_units_l4': 1280, 'n_units_l5': 1856, 'n_units_l6': 960, 'lr': 0.0011501227213544965}. Best is trial 13 with value: 33.657511314459605.
[I 2025-03-22 00:32:21,118] Trial 42 pruned. 
[I 2025-03-22 00:32:24,543] Trial 43 pruned. 
[I 2025-03-22 00:32:24,839] Trial 44 pruned. 
[I 2025-03-22 00:32:25,183] Trial 45 pruned. 
[I 2025-03-22 00:32:25,390] Trial 46 pruned. 
[I 2025-03-22 00:32:25,843] Trial 47 pruned. 
[I 2025-03-22 00:32:26,111] Trial 48 pruned. 
[I 2025-03-22 00:32:26,373] Trial 49 pruned. 
[I 2025-03-22 00:32:26,514] Trial 2 finished with value: 124.10552915069516 and parameters: {'n_units_l0': 2432, 'n_units_l1': 1280, 'n_units_l2': 160, 'n_units_l3': 3296, 'n_units_l4': 2272, 'n_units_l5': 288, 'n_units_l6': 3104, 'n_units_l7': 3264, 'lr': 0.027581333780819995}. Best is trial 0 with value: 124.02143344363651.
[I 2025-03-22 00:32:26,558] Trial 50 pruned. 
[I 2025-03-22 00:32:26,824] Trial 51 pruned. 
[I 2025-03-22 00:32:27,092] Trial 52 pruned. 
[I 2025-03-22 00:32:27,363] Trial 53 pruned. 
[I 2025-03-22 00:32:32,770] Trial 54 pruned. 
[I 2025-03-22 00:32:33,149] Trial 55 pruned. 
[I 2025-03-22 00:32:33,546] Trial 56 pruned. 
[I 2025-03-22 00:32:33,848] Trial 57 pruned. 
[I 2025-03-22 00:32:34,049] Trial 58 pruned. 
[I 2025-03-22 00:32:34,301] Trial 59 pruned. 
[I 2025-03-22 00:32:34,560] Trial 60 pruned. 
[I 2025-03-22 00:32:34,955] Trial 61 pruned. 
[I 2025-03-22 00:32:40,162] Trial 62 pruned. 
[I 2025-03-22 00:32:40,447] Trial 63 pruned. 
[I 2025-03-22 00:32:40,724] Trial 64 pruned. 
[I 2025-03-22 00:32:41,050] Trial 65 pruned. 
[I 2025-03-22 00:32:41,328] Trial 3 finished with value: 124.01167295777128 and parameters: {'n_units_l0': 736, 'n_units_l1': 1024, 'n_units_l2': 1760, 'n_units_l3': 3648, 'n_units_l4': 416, 'n_units_l5': 3616, 'n_units_l6': 2432, 'n_units_l7': 1536, 'lr': 0.045488996981769565}. Best is trial 3 with value: 124.01167295777128.
[I 2025-03-22 00:32:52,615] Trial 66 finished with value: 39.22753455079142 and parameters: {'n_units_l0': 1664, 'n_units_l1': 1440, 'n_units_l2': 2624, 'n_units_l3': 2240, 'n_units_l4': 1088, 'n_units_l5': 1632, 'n_units_l6': 1472, 'lr': 0.0032834724204010334}. Best is trial 13 with value: 33.657511314459605.
[I 2025-03-22 00:32:52,853] Trial 67 pruned. 
[I 2025-03-22 00:32:53,055] Trial 68 pruned. 
[I 2025-03-22 00:32:53,293] Trial 69 pruned. 
[I 2025-03-22 00:32:53,576] Trial 70 pruned. 
[I 2025-03-22 00:32:53,757] Trial 71 pruned. 
[I 2025-03-22 00:32:54,009] Trial 72 pruned. 
[I 2025-03-22 00:32:54,272] Trial 73 pruned. 
[I 2025-03-22 00:32:54,543] Trial 74 pruned. 
[I 2025-03-22 00:32:54,773] Trial 75 pruned. 
[I 2025-03-22 00:32:55,070] Trial 76 pruned. 
[I 2025-03-22 00:32:55,362] Trial 77 pruned. 
[I 2025-03-22 00:32:55,633] Trial 78 pruned. 
[I 2025-03-22 00:32:55,867] Trial 79 pruned. 
[I 2025-03-22 00:32:56,344] Trial 80 pruned. 
[I 2025-03-22 00:32:56,658] Trial 81 pruned. 
[I 2025-03-22 00:32:56,944] Trial 82 pruned. 
[I 2025-03-22 00:32:57,280] Trial 83 pruned. 
[I 2025-03-22 00:33:04,752] Trial 4 finished with value: 44.2578069960501 and parameters: {'n_units_l0': 4000, 'n_units_l1': 1792, 'n_units_l2': 1984, 'n_units_l3': 2848, 'n_units_l4': 3264, 'n_units_l5': 3104, 'n_units_l6': 736, 'n_units_l7': 3968, 'lr': 0.0013329410741949172}. Best is trial 4 with value: 44.2578069960501.
[I 2025-03-22 00:33:05,549] Trial 5 pruned. 
[I 2025-03-22 00:33:06,008] Trial 6 pruned. 
[I 2025-03-22 00:33:06,480] Trial 7 pruned. 
[I 2025-03-22 00:33:06,899] Trial 8 pruned. 
[I 2025-03-22 00:33:07,301] Trial 9 pruned. 
[I 2025-03-22 00:33:09,603] Trial 84 finished with value: 43.01021302484833 and parameters: {'n_units_l0': 1216, 'n_units_l1': 736, 'n_units_l2': 256, 'n_units_l3': 3936, 'n_units_l4': 1760, 'n_units_l5': 4000, 'n_units_l6': 960, 'lr': 0.0017708002569471928}. Best is trial 13 with value: 33.657511314459605.
[I 2025-03-22 00:33:19,591] Trial 85 finished with value: 38.396231947684896 and parameters: {'n_units_l0': 1184, 'n_units_l1': 800, 'n_units_l2': 992, 'n_units_l3': 3968, 'n_units_l4': 288, 'n_units_l5': 4000, 'n_units_l6': 800, 'lr': 0.001992784038429107}. Best is trial 13 with value: 33.657511314459605.
[I 2025-03-22 00:33:19,772] Trial 86 pruned. 
[I 2025-03-22 00:33:19,952] Trial 87 pruned. 
[I 2025-03-22 00:33:20,153] Trial 88 pruned. 
[I 2025-03-22 00:33:30,015] Trial 89 finished with value: 39.908024948255154 and parameters: {'n_units_l0': 480, 'n_units_l1': 1088, 'n_units_l2': 640, 'n_units_l3': 3360, 'n_units_l4': 160, 'n_units_l5': 3872, 'n_units_l6': 896, 'lr': 0.0026268106674368122}. Best is trial 13 with value: 33.657511314459605.
[I 2025-03-22 00:33:35,118] Trial 10 finished with value: 37.2666432465932 and parameters: {'n_units_l0': 1504, 'n_units_l1': 3808, 'n_units_l2': 2944, 'n_units_l3': 2720, 'n_units_l4': 4096, 'n_units_l5': 2592, 'n_units_l6': 800, 'n_units_l7': 2720, 'lr': 0.0026378690415907874}. Best is trial 10 with value: 37.2666432465932.
