[I 2025-03-21 23:38:53,358] Trial 11 finished with value: 45.1541573918086 and parameters: {'n_units_l0': 1920, 'n_units_l1': 1696, 'n_units_l2': 160, 'n_units_l3': 1472, 'n_units_l4': 3328, 'n_units_l5': 192, 'n_units_l6': 32, 'lr': 0.002645898169948537}. Best is trial 1 with value: 40.45575902887928.
[I 2025-03-21 23:38:53,680] Trial 12 pruned. 
[I 2025-03-21 23:38:53,795] Trial 13 pruned. 
[I 2025-03-21 23:38:55,891] Trial 62 finished with value: 92.59773664966072 and parameters: {'n_units_l0': 1856, 'n_units_l1': 1984, 'n_units_l2': 1024, 'n_units_l3': 3680, 'n_units_l4': 3392, 'n_units_l5': 3328, 'lr': 0.00035892585418688074}. Best is trial 17 with value: 40.80398799463646.
[I 2025-03-21 23:38:56,104] Trial 63 pruned. 
[I 2025-03-21 23:38:56,294] Trial 64 pruned. 
[I 2025-03-21 23:38:56,515] Trial 65 pruned. 
[I 2025-03-21 23:38:56,754] Trial 66 pruned. 
[I 2025-03-21 23:38:56,793] Trial 14 finished with value: 96.11259895967018 and parameters: {'n_units_l0': 1184, 'n_units_l1': 1280, 'n_units_l2': 736, 'n_units_l3': 2144, 'n_units_l4': 2464, 'n_units_l5': 3168, 'n_units_l6': 256, 'lr': 0.013354002338720423}. Best is trial 1 with value: 40.45575902887928.
[I 2025-03-21 23:38:56,962] Trial 67 pruned. 
[I 2025-03-21 23:38:57,028] Trial 15 pruned. 
[I 2025-03-21 23:38:57,128] Trial 68 pruned. 
[I 2025-03-21 23:38:57,344] Trial 69 pruned. 
[I 2025-03-21 23:38:57,484] Trial 70 pruned. 
[I 2025-03-21 23:38:57,789] Trial 71 pruned. 
[I 2025-03-21 23:38:59,693] Trial 16 finished with value: 124.96207581506373 and parameters: {'n_units_l0': 1024, 'n_units_l1': 2336, 'n_units_l2': 800, 'n_units_l3': 864, 'n_units_l4': 2624, 'n_units_l5': 96, 'n_units_l6': 576, 'lr': 0.011246442734850176}. Best is trial 1 with value: 40.45575902887928.
[I 2025-03-21 23:38:59,873] Trial 17 pruned. 
[I 2025-03-21 23:39:01,014] Trial 72 finished with value: 80.64342121242248 and parameters: {'n_units_l0': 224, 'n_units_l1': 1568, 'n_units_l2': 1728, 'n_units_l3': 1856, 'n_units_l4': 3616, 'n_units_l5': 1888, 'lr': 0.000582022349159506}. Best is trial 17 with value: 40.80398799463646.
[I 2025-03-21 23:39:01,178] Trial 73 pruned. 
[I 2025-03-21 23:39:01,338] Trial 74 pruned. 
[I 2025-03-21 23:39:01,521] Trial 75 pruned. 
[I 2025-03-21 23:39:04,389] Trial 76 finished with value: 83.861062150149 and parameters: {'n_units_l0': 1184, 'n_units_l1': 2016, 'n_units_l2': 1184, 'n_units_l3': 1728, 'n_units_l4': 3424, 'n_units_l5': 1632, 'lr': 0.00017938349824696541}. Best is trial 17 with value: 40.80398799463646.
[I 2025-03-21 23:39:04,483] Trial 77 pruned. 
[I 2025-03-21 23:39:04,616] Trial 78 pruned. 
[I 2025-03-21 23:39:04,757] Trial 79 pruned. 
[I 2025-03-21 23:39:04,903] Trial 80 pruned. 
[I 2025-03-21 23:39:05,549] Trial 18 finished with value: 40.254017996347415 and parameters: {'n_units_l0': 1888, 'n_units_l1': 1952, 'n_units_l2': 512, 'n_units_l3': 3200, 'n_units_l4': 3680, 'n_units_l5': 4096, 'n_units_l6': 1184, 'lr': 0.0008660805558329951}. Best is trial 18 with value: 40.254017996347415.
[I 2025-03-21 23:39:05,896] Trial 19 pruned. 
[I 2025-03-21 23:39:06,097] Trial 20 pruned. 
[I 2025-03-21 23:39:06,392] Trial 21 pruned. 
[I 2025-03-21 23:39:07,927] Trial 81 finished with value: 99.71368043250645 and parameters: {'n_units_l0': 1696, 'n_units_l1': 2048, 'n_units_l2': 864, 'n_units_l3': 1632, 'n_units_l4': 3168, 'n_units_l5': 2112, 'lr': 0.0004224329901830988}. Best is trial 17 with value: 40.80398799463646.
[I 2025-03-21 23:39:08,099] Trial 82 pruned. 
[I 2025-03-21 23:39:08,275] Trial 83 pruned. 
[I 2025-03-21 23:39:08,413] Trial 84 pruned. 
[I 2025-03-21 23:39:08,607] Trial 85 pruned. 
[I 2025-03-21 23:39:08,807] Trial 86 pruned. 
[I 2025-03-21 23:39:09,054] Trial 87 pruned. 
[I 2025-03-21 23:39:09,298] Trial 88 pruned. 
[I 2025-03-21 23:39:10,684] Trial 22 finished with value: 91.11593671794789 and parameters: {'n_units_l0': 2368, 'n_units_l1': 96, 'n_units_l2': 1056, 'n_units_l3': 3680, 'n_units_l4': 2848, 'n_units_l5': 2688, 'n_units_l6': 1568, 'lr': 0.00026701949949829273}. Best is trial 18 with value: 40.254017996347415.
[I 2025-03-21 23:39:10,856] Trial 23 pruned. 
[I 2025-03-21 23:39:10,981] Trial 24 pruned. 
[I 2025-03-21 23:39:11,125] Trial 25 pruned. 
[I 2025-03-21 23:39:11,381] Trial 26 pruned. 
[I 2025-03-21 23:39:11,521] Trial 27 pruned. 
[I 2025-03-21 23:39:11,781] Trial 28 pruned. 
[I 2025-03-21 23:39:12,048] Trial 29 pruned. 
[I 2025-03-21 23:39:12,080] Trial 89 finished with value: 80.62233358166881 and parameters: {'n_units_l0': 1120, 'n_units_l1': 1568, 'n_units_l2': 1920, 'n_units_l3': 1696, 'n_units_l4': 2880, 'n_units_l5': 1696, 'lr': 0.00017306373134350376}. Best is trial 17 with value: 40.80398799463646.
[I 2025-03-21 23:39:12,155] Trial 30 pruned. 
[I 2025-03-21 23:39:12,317] Trial 90 pruned. 
[I 2025-03-21 23:39:12,509] Trial 91 pruned. 
[I 2025-03-21 23:39:12,652] Trial 92 pruned. 
[I 2025-03-21 23:39:13,787] Trial 93 pruned. 
[I 2025-03-21 23:39:13,948] Trial 94 pruned. 
[I 2025-03-21 23:39:14,062] Trial 95 pruned. 
[I 2025-03-21 23:39:14,238] Trial 96 pruned. 
[I 2025-03-21 23:39:16,091] Trial 31 finished with value: 98.84442605521889 and parameters: {'n_units_l0': 2464, 'n_units_l1': 32, 'n_units_l2': 640, 'n_units_l3': 3648, 'n_units_l4': 2912, 'n_units_l5': 2560, 'n_units_l6': 1568, 'lr': 0.0003814405492076259}. Best is trial 18 with value: 40.254017996347415.
[I 2025-03-21 23:39:16,432] Trial 32 pruned. 
[I 2025-03-21 23:39:16,893] Trial 33 pruned. 
[I 2025-03-21 23:39:17,198] Trial 34 pruned. 
[I 2025-03-21 23:39:17,445] Trial 35 pruned. 
[I 2025-03-21 23:39:17,668] Trial 36 pruned. 
[I 2025-03-21 23:39:17,792] Trial 37 pruned. 
[I 2025-03-21 23:39:18,079] Trial 38 pruned. 
[I 2025-03-21 23:39:18,221] Trial 39 pruned. 
[I 2025-03-21 23:39:18,302] Trial 97 finished with value: 76.65279599219254 and parameters: {'n_units_l0': 2528, 'n_units_l1': 192, 'n_units_l2': 640, 'n_units_l3': 3424, 'n_units_l4': 3488, 'n_units_l5': 3168, 'lr': 0.0001482535281136704}. Best is trial 17 with value: 40.80398799463646.
[I 2025-03-21 23:39:18,492] Trial 40 pruned. 
[I 2025-03-21 23:39:18,532] Trial 98 pruned. 
[I 2025-03-21 23:39:18,637] Trial 41 pruned. 
[I 2025-03-21 23:39:18,779] Trial 99 pruned. 
[I 2025-03-21 23:39:18,790] A new study created in memory with name: no-name-4e49dfb4-229a-4f53-95f6-d9c277b314fa
[I 2025-03-21 23:39:22,068] Trial 42 finished with value: 146.97695249208925 and parameters: {'n_units_l0': 1280, 'n_units_l1': 1088, 'n_units_l2': 2848, 'n_units_l3': 2176, 'n_units_l4': 2016, 'n_units_l5': 2656, 'n_units_l6': 192, 'lr': 0.0041537432514952375}. Best is trial 18 with value: 40.254017996347415.
[I 2025-03-21 23:39:22,280] Trial 43 pruned. 
[I 2025-03-21 23:39:22,443] Trial 44 pruned. 
[I 2025-03-21 23:39:22,550] Trial 45 pruned. 
[I 2025-03-21 23:39:22,718] Trial 46 pruned. 
[I 2025-03-21 23:39:22,869] Trial 47 pruned. 
[I 2025-03-21 23:39:23,020] Trial 48 pruned. 
[I 2025-03-21 23:39:23,277] Trial 49 pruned. 
[I 2025-03-21 23:39:23,640] Trial 0 finished with value: 143.46379427386614 and parameters: {'n_units_l0': 1920, 'n_units_l1': 2304, 'n_units_l2': 704, 'n_units_l3': 2816, 'n_units_l4': 4032, 'n_units_l5': 1728, 'n_units_l6': 1056, 'n_units_l7': 2752, 'lr': 0.026277004385529226}. Best is trial 0 with value: 143.46379427386614.
[I 2025-03-21 23:39:25,969] Trial 50 finished with value: 44.93401171392484 and parameters: {'n_units_l0': 2112, 'n_units_l1': 2144, 'n_units_l2': 1120, 'n_units_l3': 1376, 'n_units_l4': 640, 'n_units_l5': 1504, 'n_units_l6': 1344, 'lr': 0.004049014524734059}. Best is trial 18 with value: 40.254017996347415.
[I 2025-03-21 23:39:26,138] Trial 51 pruned. 
[I 2025-03-21 23:39:26,247] Trial 52 pruned. 
[I 2025-03-21 23:39:26,488] Trial 1 finished with value: 126.25781389003461 and parameters: {'n_units_l0': 320, 'n_units_l1': 3424, 'n_units_l2': 3200, 'n_units_l3': 128, 'n_units_l4': 928, 'n_units_l5': 288, 'n_units_l6': 3872, 'n_units_l7': 640, 'lr': 0.09457954479111538}. Best is trial 1 with value: 126.25781389003461.
[I 2025-03-21 23:39:26,489] Trial 53 pruned. 
[I 2025-03-21 23:39:26,662] Trial 54 pruned. 
[I 2025-03-21 23:39:29,410] Trial 55 finished with value: 95.9453640728271 and parameters: {'n_units_l0': 1824, 'n_units_l1': 2880, 'n_units_l2': 864, 'n_units_l3': 1024, 'n_units_l4': 1472, 'n_units_l5': 1920, 'n_units_l6': 896, 'lr': 0.00013972517318635972}. Best is trial 18 with value: 40.254017996347415.
[I 2025-03-21 23:39:29,518] Trial 56 pruned. 
[I 2025-03-21 23:39:29,654] Trial 57 pruned. 
[I 2025-03-21 23:39:30,142] Trial 2 finished with value: 137.65097491341348 and parameters: {'n_units_l0': 3904, 'n_units_l1': 2688, 'n_units_l2': 1184, 'n_units_l3': 1056, 'n_units_l4': 2880, 'n_units_l5': 224, 'n_units_l6': 2944, 'n_units_l7': 1088, 'lr': 0.04934789902636998}. Best is trial 1 with value: 126.25781389003461.
[I 2025-03-21 23:39:32,270] Trial 58 finished with value: 104.62056479953398 and parameters: {'n_units_l0': 2624, 'n_units_l1': 2912, 'n_units_l2': 160, 'n_units_l3': 1408, 'n_units_l4': 928, 'n_units_l5': 1920, 'n_units_l6': 1184, 'lr': 6.541704287318451e-05}. Best is trial 18 with value: 40.254017996347415.
[I 2025-03-21 23:39:32,392] Trial 59 pruned. 
[I 2025-03-21 23:39:32,570] Trial 60 pruned. 
[I 2025-03-21 23:39:32,707] Trial 61 pruned. 
[I 2025-03-21 23:39:32,841] Trial 62 pruned. 
[I 2025-03-21 23:39:33,065] Trial 63 pruned. 
[I 2025-03-21 23:39:33,230] Trial 64 pruned. 
[I 2025-03-21 23:39:33,415] Trial 65 pruned. 
[I 2025-03-21 23:39:33,604] Trial 66 pruned. 
[I 2025-03-21 23:39:33,780] Trial 67 pruned. 
[I 2025-03-21 23:39:33,987] Trial 68 pruned. 
[I 2025-03-21 23:39:34,137] Trial 69 pruned. 
[I 2025-03-21 23:39:34,233] Trial 70 pruned. 
[I 2025-03-21 23:39:34,426] Trial 71 pruned. 
[I 2025-03-21 23:39:34,439] Trial 3 finished with value: 134.16437538415502 and parameters: {'n_units_l0': 1696, 'n_units_l1': 160, 'n_units_l2': 1152, 'n_units_l3': 3584, 'n_units_l4': 1664, 'n_units_l5': 1120, 'n_units_l6': 3232, 'n_units_l7': 3392, 'lr': 0.09134625693377109}. Best is trial 1 with value: 126.25781389003461.
[I 2025-03-21 23:39:36,480] Trial 72 pruned. 
[I 2025-03-21 23:39:36,683] Trial 73 pruned. 
[I 2025-03-21 23:39:36,896] Trial 74 pruned. 
[I 2025-03-21 23:39:37,073] Trial 75 pruned. 
[I 2025-03-21 23:39:40,640] Trial 4 finished with value: 142.4161998677698 and parameters: {'n_units_l0': 3648, 'n_units_l1': 2016, 'n_units_l2': 256, 'n_units_l3': 2592, 'n_units_l4': 2816, 'n_units_l5': 3360, 'n_units_l6': 3680, 'n_units_l7': 1344, 'lr': 0.02285524485121991}. Best is trial 1 with value: 126.25781389003461.
[I 2025-03-21 23:39:40,767] Trial 5 pruned. 
[I 2025-03-21 23:39:43,132] Trial 76 finished with value: 95.5543654831528 and parameters: {'n_units_l0': 2240, 'n_units_l1': 3936, 'n_units_l2': 1312, 'n_units_l3': 3456, 'n_units_l4': 3328, 'n_units_l5': 2048, 'n_units_l6': 1632, 'lr': 9.399438628456826e-05}. Best is trial 18 with value: 40.254017996347415.
[I 2025-03-21 23:39:43,394] Trial 77 pruned. 
[I 2025-03-21 23:39:43,708] Trial 78 pruned. 
[I 2025-03-21 23:39:43,864] Trial 79 pruned. 
[I 2025-03-21 23:39:44,042] Trial 80 pruned. 
[I 2025-03-21 23:39:46,755] Trial 6 finished with value: 126.04141308012463 and parameters: {'n_units_l0': 1856, 'n_units_l1': 1632, 'n_units_l2': 4064, 'n_units_l3': 3872, 'n_units_l4': 2816, 'n_units_l5': 1408, 'n_units_l6': 32, 'n_units_l7': 2144, 'lr': 0.07458435050871225}. Best is trial 6 with value: 126.04141308012463.
[I 2025-03-21 23:39:48,883] Trial 81 finished with value: 92.40592792048837 and parameters: {'n_units_l0': 2400, 'n_units_l1': 384, 'n_units_l2': 1312, 'n_units_l3': 3232, 'n_units_l4': 3264, 'n_units_l5': 2912, 'n_units_l6': 1568, 'lr': 0.0002864722078956491}. Best is trial 18 with value: 40.254017996347415.
[I 2025-03-21 23:39:52,786] Trial 7 finished with value: 126.03349032510636 and parameters: {'n_units_l0': 2464, 'n_units_l1': 2944, 'n_units_l2': 3392, 'n_units_l3': 1792, 'n_units_l4': 3744, 'n_units_l5': 1760, 'n_units_l6': 896, 'n_units_l7': 2304, 'lr': 0.022310685331669328}. Best is trial 7 with value: 126.03349032510636.
[I 2025-03-21 23:39:52,889] Trial 8 pruned. 
[I 2025-03-21 23:39:55,068] Trial 82 finished with value: 98.94687599323125 and parameters: {'n_units_l0': 2368, 'n_units_l1': 3936, 'n_units_l2': 1248, 'n_units_l3': 3264, 'n_units_l4': 3264, 'n_units_l5': 3328, 'n_units_l6': 128, 'lr': 5.96280837617478e-05}. Best is trial 18 with value: 40.254017996347415.
[I 2025-03-21 23:39:55,362] Trial 83 pruned. 
[I 2025-03-21 23:39:55,697] Trial 84 pruned. 
[I 2025-03-21 23:39:55,868] Trial 85 pruned. 
[I 2025-03-21 23:39:56,083] Trial 86 pruned. 
[I 2025-03-21 23:39:56,230] Trial 87 pruned. 
[I 2025-03-21 23:39:56,378] Trial 88 pruned. 
[I 2025-03-21 23:39:56,656] Trial 89 pruned. 
[I 2025-03-21 23:39:56,769] Trial 90 pruned. 
[I 2025-03-21 23:39:58,393] Trial 9 finished with value: 144.90991081411548 and parameters: {'n_units_l0': 2144, 'n_units_l1': 2656, 'n_units_l2': 3392, 'n_units_l3': 3232, 'n_units_l4': 1504, 'n_units_l5': 864, 'n_units_l6': 2944, 'n_units_l7': 736, 'lr': 0.0113314158118551}. Best is trial 7 with value: 126.03349032510636.
[I 2025-03-21 23:40:00,385] Trial 91 finished with value: 99.76350368366595 and parameters: {'n_units_l0': 2688, 'n_units_l1': 160, 'n_units_l2': 96, 'n_units_l3': 3584, 'n_units_l4': 2816, 'n_units_l5': 2688, 'n_units_l6': 1600, 'lr': 0.0003383620430953854}. Best is trial 18 with value: 40.254017996347415.
[I 2025-03-21 23:40:00,591] Trial 92 pruned. 
[I 2025-03-21 23:40:00,750] Trial 93 pruned. 
[I 2025-03-21 23:40:01,079] Trial 94 pruned. 
[I 2025-03-21 23:40:01,287] Trial 95 pruned. 
[I 2025-03-21 23:40:01,528] Trial 96 pruned. 
[I 2025-03-21 23:40:01,683] Trial 97 pruned. 
[I 2025-03-21 23:40:01,808] Trial 98 pruned. 
[I 2025-03-21 23:40:01,947] Trial 99 pruned. 
[I 2025-03-21 23:40:01,958] A new study created in memory with name: no-name-8215285f-5b8e-445c-a2f1-af8a30b9c9b5
[I 2025-03-21 23:40:05,067] Trial 0 finished with value: 124.94146815392789 and parameters: {'n_units_l0': 3488, 'n_units_l1': 1600, 'n_units_l2': 64, 'n_units_l3': 2528, 'n_units_l4': 1408, 'n_units_l5': 384, 'n_units_l6': 992, 'n_units_l7': 2688, 'n_units_l8': 1632, 'lr': 0.0571982520329278}. Best is trial 0 with value: 124.94146815392789.
[I 2025-03-21 23:40:06,287] Trial 10 finished with value: 91.24613529307996 and parameters: {'n_units_l0': 2752, 'n_units_l1': 3904, 'n_units_l2': 2656, 'n_units_l3': 1888, 'n_units_l4': 4032, 'n_units_l5': 2976, 'n_units_l6': 1184, 'n_units_l7': 3808, 'lr': 0.0009325021246767914}. Best is trial 10 with value: 91.24613529307996.
[I 2025-03-21 23:40:11,436] Trial 1 finished with value: 134.18700312580876 and parameters: {'n_units_l0': 3648, 'n_units_l1': 2112, 'n_units_l2': 2848, 'n_units_l3': 2432, 'n_units_l4': 2592, 'n_units_l5': 2368, 'n_units_l6': 3328, 'n_units_l7': 512, 'n_units_l8': 960, 'lr': 0.06279531858159143}. Best is trial 0 with value: 124.94146815392789.
[I 2025-03-21 23:40:13,825] Trial 11 finished with value: 63.17055392215958 and parameters: {'n_units_l0': 2848, 'n_units_l1': 4000, 'n_units_l2': 2400, 'n_units_l3': 1664, 'n_units_l4': 4064, 'n_units_l5': 2944, 'n_units_l6': 1152, 'n_units_l7': 4032, 'lr': 0.001223402252986585}. Best is trial 11 with value: 63.17055392215958.
[I 2025-03-21 23:40:18,365] Trial 2 finished with value: 125.12990416848635 and parameters: {'n_units_l0': 480, 'n_units_l1': 3296, 'n_units_l2': 1440, 'n_units_l3': 1696, 'n_units_l4': 3456, 'n_units_l5': 3328, 'n_units_l6': 2720, 'n_units_l7': 2720, 'n_units_l8': 1792, 'lr': 0.09565623067945617}. Best is trial 0 with value: 124.94146815392789.
[I 2025-03-21 23:40:21,305] Trial 3 finished with value: 124.84699287177614 and parameters: {'n_units_l0': 1280, 'n_units_l1': 1504, 'n_units_l2': 3104, 'n_units_l3': 192, 'n_units_l4': 448, 'n_units_l5': 1760, 'n_units_l6': 384, 'n_units_l7': 3776, 'n_units_l8': 1408, 'lr': 0.06671432583825501}. Best is trial 3 with value: 124.84699287177614.
[I 2025-03-21 23:40:21,577] Trial 12 finished with value: 38.37236628719985 and parameters: {'n_units_l0': 2912, 'n_units_l1': 4096, 'n_units_l2': 2144, 'n_units_l3': 1824, 'n_units_l4': 3552, 'n_units_l5': 2976, 'n_units_l6': 1568, 'n_units_l7': 4064, 'lr': 0.001327171429363519}. Best is trial 12 with value: 38.37236628719985.
[I 2025-03-21 23:40:25,714] Trial 4 finished with value: 37699.37654470756 and parameters: {'n_units_l0': 384, 'n_units_l1': 2176, 'n_units_l2': 768, 'n_units_l3': 1824, 'n_units_l4': 2912, 'n_units_l5': 2912, 'n_units_l6': 1536, 'n_units_l7': 1152, 'n_units_l8': 3168, 'lr': 0.09692625120813854}. Best is trial 3 with value: 124.84699287177614.
[I 2025-03-21 23:40:26,276] Trial 5 pruned. 
[I 2025-03-21 23:40:28,951] Trial 13 finished with value: 44.79655676895047 and parameters: {'n_units_l0': 3040, 'n_units_l1': 4000, 'n_units_l2': 2112, 'n_units_l3': 1408, 'n_units_l4': 3264, 'n_units_l5': 2720, 'n_units_l6': 1952, 'n_units_l7': 3968, 'lr': 0.0013914179498356685}. Best is trial 12 with value: 38.37236628719985.
[I 2025-03-21 23:40:29,298] Trial 14 pruned. 
[I 2025-03-21 23:40:29,590] Trial 15 pruned. 
[I 2025-03-21 23:40:29,757] Trial 6 pruned. 
[I 2025-03-21 23:40:29,820] Trial 16 pruned. 
[I 2025-03-21 23:40:32,541] Trial 7 finished with value: 125.60785724015956 and parameters: {'n_units_l0': 512, 'n_units_l1': 3072, 'n_units_l2': 768, 'n_units_l3': 96, 'n_units_l4': 480, 'n_units_l5': 32, 'n_units_l6': 1856, 'n_units_l7': 1312, 'n_units_l8': 736, 'lr': 0.09813972400091917}. Best is trial 3 with value: 124.84699287177614.
[I 2025-03-21 23:40:32,857] Trial 8 pruned. 
[I 2025-03-21 23:40:33,713] Trial 9 pruned. 
[I 2025-03-21 23:40:35,207] Trial 17 finished with value: 75.65273398642215 and parameters: {'n_units_l0': 1088, 'n_units_l1': 4096, 'n_units_l2': 1760, 'n_units_l3': 480, 'n_units_l4': 3488, 'n_units_l5': 2496, 'n_units_l6': 2368, 'n_units_l7': 2848, 'lr': 0.01135840661715917}. Best is trial 12 with value: 38.37236628719985.
[I 2025-03-21 23:40:35,467] Trial 18 pruned. 
[I 2025-03-21 23:40:35,831] Trial 19 pruned. 
[I 2025-03-21 23:40:37,936] Trial 10 finished with value: 89.82378646503078 and parameters: {'n_units_l0': 1536, 'n_units_l1': 32, 'n_units_l2': 2496, 'n_units_l3': 224, 'n_units_l4': 1152, 'n_units_l5': 1728, 'n_units_l6': 4096, 'n_units_l7': 3712, 'n_units_l8': 128, 'lr': 0.0005929817254748948}. Best is trial 10 with value: 89.82378646503078.
[I 2025-03-21 23:40:40,278] Trial 20 finished with value: 56.553105711690144 and parameters: {'n_units_l0': 2336, 'n_units_l1': 3008, 'n_units_l2': 1536, 'n_units_l3': 2080, 'n_units_l4': 224, 'n_units_l5': 3424, 'n_units_l6': 1568, 'n_units_l7': 3616, 'lr': 0.00039376179616909925}. Best is trial 12 with value: 38.37236628719985.
[I 2025-03-21 23:40:42,185] Trial 11 finished with value: 124.97171859267335 and parameters: {'n_units_l0': 1696, 'n_units_l1': 288, 'n_units_l2': 2432, 'n_units_l3': 32, 'n_units_l4': 1088, 'n_units_l5': 1536, 'n_units_l6': 3808, 'n_units_l7': 4064, 'n_units_l8': 256, 'lr': 0.005038039759083582}. Best is trial 10 with value: 89.82378646503078.
[I 2025-03-21 23:40:44,701] Trial 21 finished with value: 41.031929079296674 and parameters: {'n_units_l0': 2240, 'n_units_l1': 3168, 'n_units_l2': 1664, 'n_units_l3': 1920, 'n_units_l4': 160, 'n_units_l5': 3424, 'n_units_l6': 1600, 'n_units_l7': 3616, 'lr': 0.000629617028686353}. Best is trial 12 with value: 38.37236628719985.
[I 2025-03-21 23:40:44,981] Trial 22 pruned. 
[I 2025-03-21 23:40:45,825] Trial 12 finished with value: 125.55154033526624 and parameters: {'n_units_l0': 1696, 'n_units_l1': 128, 'n_units_l2': 2336, 'n_units_l3': 768, 'n_units_l4': 1248, 'n_units_l5': 1600, 'n_units_l6': 2624, 'n_units_l7': 4000, 'n_units_l8': 192, 'lr': 0.001077451403006316}. Best is trial 10 with value: 89.82378646503078.
[I 2025-03-21 23:40:45,898] Trial 23 pruned. 
[I 2025-03-21 23:40:46,114] Trial 24 pruned. 
[I 2025-03-21 23:40:46,351] Trial 25 pruned. 
[I 2025-03-21 23:40:46,580] Trial 26 pruned. 
[I 2025-03-21 23:40:46,915] Trial 27 pruned. 
[I 2025-03-21 23:40:47,248] Trial 28 pruned. 
[I 2025-03-21 23:40:47,490] Trial 29 pruned. 
[I 2025-03-21 23:40:47,685] Trial 30 pruned. 
[I 2025-03-21 23:40:48,816] Trial 13 finished with value: 124.76995378893108 and parameters: {'n_units_l0': 1344, 'n_units_l1': 832, 'n_units_l2': 2720, 'n_units_l3': 768, 'n_units_l4': 96, 'n_units_l5': 1536, 'n_units_l6': 64, 'n_units_l7': 3456, 'n_units_l8': 2560, 'lr': 0.02369312697041745}. Best is trial 10 with value: 89.82378646503078.
[I 2025-03-21 23:40:49,137] Trial 14 pruned. 
[I 2025-03-21 23:40:52,185] Trial 31 finished with value: 41.47926459302567 and parameters: {'n_units_l0': 2368, 'n_units_l1': 3200, 'n_units_l2': 1600, 'n_units_l3': 2048, 'n_units_l4': 256, 'n_units_l5': 2752, 'n_units_l6': 1728, 'n_units_l7': 3744, 'lr': 0.002111623863944778}. Best is trial 12 with value: 38.37236628719985.
[I 2025-03-21 23:40:54,616] Trial 15 finished with value: 125.00329648288387 and parameters: {'n_units_l0': 2048, 'n_units_l1': 896, 'n_units_l2': 4032, 'n_units_l3': 768, 'n_units_l4': 64, 'n_units_l5': 2336, 'n_units_l6': 2400, 'n_units_l7': 3328, 'n_units_l8': 4032, 'lr': 0.021227719625356287}. Best is trial 10 with value: 89.82378646503078.
[I 2025-03-21 23:40:54,996] Trial 16 pruned. 
[I 2025-03-21 23:40:55,206] Trial 17 pruned. 
[I 2025-03-21 23:40:55,558] Trial 18 pruned. 
[I 2025-03-21 23:40:55,937] Trial 19 pruned. 
[I 2025-03-21 23:40:56,085] Trial 20 pruned. 
[I 2025-03-21 23:40:56,222] Trial 21 pruned. 
[I 2025-03-21 23:40:56,368] Trial 22 pruned. 
[I 2025-03-21 23:40:56,542] Trial 23 pruned. 
[I 2025-03-21 23:40:56,674] Trial 24 pruned. 
[I 2025-03-21 23:40:57,008] Trial 25 pruned. 
[I 2025-03-21 23:40:57,182] Trial 26 pruned. 
[I 2025-03-21 23:40:57,336] Trial 27 pruned. 
