[I 2025-03-22 16:39:56,465] Trial 41 finished with value: 7.053395415537707 and parameters: {'n_units_l0': 2592, 'n_units_l1': 2592, 'n_units_l2': 544, 'n_units_l3': 512, 'n_units_l4': 256, 'n_units_l5': 2688, 'lr': 0.0034513256989493145}. Best is trial 18 with value: 4.778498115747211.
[I 2025-03-22 16:39:57,980] Trial 42 pruned. 
[I 2025-03-22 16:40:41,878] Trial 27 finished with value: 33.90561550497958 and parameters: {'n_units_l0': 800, 'n_units_l1': 1664, 'n_units_l2': 384, 'n_units_l3': 1856, 'n_units_l4': 928, 'lr': 0.00823382459965969}. Best is trial 21 with value: 6.134852025565124.
[I 2025-03-22 16:40:43,431] Trial 28 pruned. 
[I 2025-03-22 16:40:44,842] Trial 29 pruned. 
[I 2025-03-22 16:40:46,231] Trial 30 pruned. 
[I 2025-03-22 16:40:47,729] Trial 31 pruned. 
[I 2025-03-22 16:40:49,130] Trial 32 pruned. 
[I 2025-03-22 16:40:50,595] Trial 33 pruned. 
[I 2025-03-22 16:42:26,265] Trial 43 finished with value: 12.656259689673819 and parameters: {'n_units_l0': 3488, 'n_units_l1': 2688, 'n_units_l2': 288, 'n_units_l3': 320, 'n_units_l4': 96, 'n_units_l5': 2688, 'lr': 0.004985745983130998}. Best is trial 18 with value: 4.778498115747211.
[I 2025-03-22 16:42:27,790] Trial 44 pruned. 
[I 2025-03-22 16:42:29,417] Trial 45 pruned. 
[I 2025-03-22 16:42:54,536] Trial 46 pruned. 
[I 2025-03-22 16:42:56,408] Trial 47 pruned. 
[I 2025-03-22 16:42:57,908] Trial 48 pruned. 
[I 2025-03-22 16:42:59,430] Trial 49 pruned. 
[I 2025-03-22 16:43:01,201] Trial 50 pruned. 
[I 2025-03-22 16:43:11,732] Trial 34 finished with value: 16.15260208306606 and parameters: {'n_units_l0': 288, 'n_units_l1': 2496, 'n_units_l2': 384, 'n_units_l3': 2976, 'n_units_l4': 512, 'lr': 0.006355558769169018}. Best is trial 21 with value: 6.134852025565124.
[I 2025-03-22 16:43:29,015] Trial 35 pruned. 
[I 2025-03-22 16:43:30,532] Trial 36 pruned. 
[I 2025-03-22 16:43:31,914] Trial 37 pruned. 
[I 2025-03-22 16:45:36,120] Trial 51 finished with value: 31.868034849293842 and parameters: {'n_units_l0': 1920, 'n_units_l1': 2720, 'n_units_l2': 2400, 'n_units_l3': 256, 'n_units_l4': 1216, 'n_units_l5': 3296, 'lr': 0.003730425176300255}. Best is trial 18 with value: 4.778498115747211.
[I 2025-03-22 16:45:39,239] Trial 52 pruned. 
[I 2025-03-22 16:45:40,828] Trial 53 pruned. 
[I 2025-03-22 16:45:53,169] Trial 38 finished with value: 14.617118948404508 and parameters: {'n_units_l0': 384, 'n_units_l1': 2944, 'n_units_l2': 224, 'n_units_l3': 3328, 'n_units_l4': 704, 'lr': 0.004811068544931911}. Best is trial 21 with value: 6.134852025565124.
[I 2025-03-22 16:45:54,664] Trial 39 pruned. 
[I 2025-03-22 16:45:56,068] Trial 40 pruned. 
[I 2025-03-22 16:48:09,513] Trial 54 finished with value: 6.887315043701284 and parameters: {'n_units_l0': 1344, 'n_units_l1': 3232, 'n_units_l2': 1152, 'n_units_l3': 2240, 'n_units_l4': 160, 'n_units_l5': 2752, 'lr': 0.002586864383746371}. Best is trial 18 with value: 4.778498115747211.
[I 2025-03-22 16:48:11,004] Trial 55 pruned. 
[I 2025-03-22 16:48:13,979] Trial 56 pruned. 
[I 2025-03-22 16:48:16,746] Trial 41 finished with value: 10.452295331693062 and parameters: {'n_units_l0': 64, 'n_units_l1': 1824, 'n_units_l2': 192, 'n_units_l3': 2144, 'n_units_l4': 224, 'lr': 0.003992805666872912}. Best is trial 21 with value: 6.134852025565124.
[I 2025-03-22 16:50:37,944] Trial 42 finished with value: 25.39176776954448 and parameters: {'n_units_l0': 32, 'n_units_l1': 1856, 'n_units_l2': 224, 'n_units_l3': 2336, 'n_units_l4': 224, 'lr': 0.005130689382177464}. Best is trial 21 with value: 6.134852025565124.
[I 2025-03-22 16:50:43,510] Trial 57 finished with value: 13.197939332511814 and parameters: {'n_units_l0': 1856, 'n_units_l1': 3616, 'n_units_l2': 384, 'n_units_l3': 1088, 'n_units_l4': 512, 'n_units_l5': 2656, 'lr': 0.0028982421714184893}. Best is trial 18 with value: 4.778498115747211.
[I 2025-03-22 16:50:55,568] Trial 58 pruned. 
[I 2025-03-22 16:50:57,230] Trial 59 pruned. 
[I 2025-03-22 16:50:59,348] Trial 60 pruned. 
[I 2025-03-22 16:52:59,024] Trial 43 finished with value: 8.694310824879434 and parameters: {'n_units_l0': 192, 'n_units_l1': 928, 'n_units_l2': 512, 'n_units_l3': 1952, 'n_units_l4': 480, 'lr': 0.0028460748071633853}. Best is trial 21 with value: 6.134852025565124.
[I 2025-03-22 16:53:00,589] Trial 44 pruned. 
[I 2025-03-22 16:53:02,009] Trial 45 pruned. 
[I 2025-03-22 16:53:03,490] Trial 46 pruned. 
[I 2025-03-22 16:53:05,015] Trial 47 pruned. 
[I 2025-03-22 16:53:06,420] Trial 48 pruned. 
[I 2025-03-22 16:53:08,032] Trial 49 pruned. 
[I 2025-03-22 16:53:29,624] Trial 61 finished with value: 10.684170739536732 and parameters: {'n_units_l0': 1888, 'n_units_l1': 3456, 'n_units_l2': 320, 'n_units_l3': 1088, 'n_units_l4': 544, 'n_units_l5': 2720, 'lr': 0.0029948307168953417}. Best is trial 18 with value: 4.778498115747211.
[I 2025-03-22 16:53:32,725] Trial 62 pruned. 
[I 2025-03-22 16:53:34,201] Trial 63 pruned. 
[I 2025-03-22 16:53:36,453] Trial 64 pruned. 
[I 2025-03-22 16:53:37,950] Trial 65 pruned. 
[I 2025-03-22 16:53:39,487] Trial 66 pruned. 
[I 2025-03-22 16:53:42,014] Trial 67 pruned. 
[I 2025-03-22 16:53:43,530] Trial 68 pruned. 
[I 2025-03-22 16:53:45,790] Trial 69 pruned. 
[I 2025-03-22 16:53:47,393] Trial 70 pruned. 
[I 2025-03-22 16:55:29,258] Trial 50 finished with value: 22.948414712593802 and parameters: {'n_units_l0': 192, 'n_units_l1': 1440, 'n_units_l2': 1760, 'n_units_l3': 2400, 'n_units_l4': 736, 'lr': 0.003632334193724816}. Best is trial 21 with value: 6.134852025565124.
[I 2025-03-22 16:55:34,943] Trial 51 pruned. 
[I 2025-03-22 16:55:36,419] Trial 52 pruned. 
[I 2025-03-22 16:55:40,711] Trial 53 pruned. 
[I 2025-03-22 16:55:46,421] Trial 54 pruned. 
[I 2025-03-22 16:55:47,981] Trial 55 pruned. 
[I 2025-03-22 16:55:49,364] Trial 56 pruned. 
[I 2025-03-22 16:55:50,754] Trial 57 pruned. 
[I 2025-03-22 16:55:53,006] Trial 58 pruned. 
[I 2025-03-22 16:56:14,354] Trial 59 pruned. 
[I 2025-03-22 16:56:15,744] Trial 60 pruned. 
[I 2025-03-22 16:56:18,051] Trial 71 finished with value: 27.41984208510369 and parameters: {'n_units_l0': 1856, 'n_units_l1': 3616, 'n_units_l2': 352, 'n_units_l3': 1056, 'n_units_l4': 480, 'n_units_l5': 2688, 'lr': 0.0020485744026664658}. Best is trial 18 with value: 4.778498115747211.
[I 2025-03-22 16:56:19,956] Trial 61 pruned. 
[I 2025-03-22 16:56:21,490] Trial 62 pruned. 
[I 2025-03-22 16:56:33,328] Trial 72 pruned. 
[I 2025-03-22 16:56:34,899] Trial 73 pruned. 
[I 2025-03-22 16:56:36,479] Trial 74 pruned. 
[I 2025-03-22 16:56:39,450] Trial 75 pruned. 
[I 2025-03-22 16:56:41,060] Trial 76 pruned. 
[I 2025-03-22 16:56:42,724] Trial 77 pruned. 
[I 2025-03-22 16:56:44,823] Trial 78 pruned. 
[I 2025-03-22 16:56:47,250] Trial 79 pruned. 
[I 2025-03-22 16:56:48,922] Trial 80 pruned. 
[I 2025-03-22 16:56:51,985] Trial 81 pruned. 
[I 2025-03-22 16:56:53,510] Trial 82 pruned. 
[I 2025-03-22 16:56:55,156] Trial 83 pruned. 
[I 2025-03-22 16:56:56,674] Trial 84 pruned. 
[I 2025-03-22 16:56:59,169] Trial 85 pruned. 
[I 2025-03-22 16:57:00,650] Trial 86 pruned. 
[I 2025-03-22 16:57:02,183] Trial 87 pruned. 
[I 2025-03-22 16:57:04,526] Trial 88 pruned. 
[I 2025-03-22 16:57:06,088] Trial 89 pruned. 
[I 2025-03-22 16:57:08,199] Trial 90 pruned. 
[I 2025-03-22 16:57:10,927] Trial 91 pruned. 
[I 2025-03-22 16:57:14,138] Trial 92 pruned. 
[I 2025-03-22 16:57:21,624] Trial 93 pruned. 
[I 2025-03-22 16:57:23,165] Trial 94 pruned. 
[I 2025-03-22 16:57:24,661] Trial 95 pruned. 
[I 2025-03-22 16:57:27,676] Trial 96 pruned. 
[I 2025-03-22 16:57:29,159] Trial 97 pruned. 
[I 2025-03-22 16:57:30,752] Trial 98 pruned. 
[I 2025-03-22 16:57:32,291] Trial 99 pruned. 
[I 2025-03-22 16:57:32,560] A new study created in memory with name: no-name-a02ae4f2-28a5-41a3-9fc0-77a0c1dc2c5b
[I 2025-03-22 16:58:43,932] Trial 63 finished with value: 33.64017055314601 and parameters: {'n_units_l0': 32, 'n_units_l1': 1728, 'n_units_l2': 544, 'n_units_l3': 2880, 'n_units_l4': 640, 'lr': 0.008472158264489854}. Best is trial 21 with value: 6.134852025565124.
[I 2025-03-22 16:58:45,321] Trial 64 pruned. 
[I 2025-03-22 16:58:46,742] Trial 65 pruned. 
[I 2025-03-22 16:58:48,229] Trial 66 pruned. 
[I 2025-03-22 16:58:51,064] Trial 67 pruned. 
[I 2025-03-22 16:58:52,491] Trial 68 pruned. 
[I 2025-03-22 16:58:53,927] Trial 69 pruned. 
[I 2025-03-22 16:59:01,058] Trial 70 pruned. 
[I 2025-03-22 17:00:09,988] Trial 0 finished with value: 124.93078329732099 and parameters: {'n_units_l0': 928, 'n_units_l1': 3808, 'n_units_l2': 32, 'n_units_l3': 96, 'n_units_l4': 2528, 'n_units_l5': 608, 'n_units_l6': 992, 'lr': 0.019503181803123132}. Best is trial 0 with value: 124.93078329732099.
[I 2025-03-22 17:01:21,936] Trial 71 finished with value: 12.403042537982454 and parameters: {'n_units_l0': 512, 'n_units_l1': 1312, 'n_units_l2': 416, 'n_units_l3': 2048, 'n_units_l4': 512, 'lr': 0.007503819067839657}. Best is trial 21 with value: 6.134852025565124.
[I 2025-03-22 17:01:23,489] Trial 72 pruned. 
[I 2025-03-22 17:01:24,944] Trial 73 pruned. 
[I 2025-03-22 17:01:29,186] Trial 74 pruned. 
[I 2025-03-22 17:01:32,043] Trial 75 pruned. 
[I 2025-03-22 17:03:50,947] Trial 76 finished with value: 14.200867496601743 and parameters: {'n_units_l0': 512, 'n_units_l1': 736, 'n_units_l2': 160, 'n_units_l3': 2560, 'n_units_l4': 128, 'lr': 0.0023405034608351407}. Best is trial 21 with value: 6.134852025565124.
[I 2025-03-22 17:03:52,368] Trial 77 pruned. 
[I 2025-03-22 17:03:54,018] Trial 78 pruned. 
[I 2025-03-22 17:04:03,361] Trial 1 finished with value: 124.92164856117229 and parameters: {'n_units_l0': 1664, 'n_units_l1': 3072, 'n_units_l2': 64, 'n_units_l3': 2080, 'n_units_l4': 3360, 'n_units_l5': 2560, 'n_units_l6': 1696, 'lr': 0.053966090849408205}. Best is trial 1 with value: 124.92164856117229.
[I 2025-03-22 17:06:15,096] Trial 79 finished with value: 13.305596994874186 and parameters: {'n_units_l0': 32, 'n_units_l1': 2848, 'n_units_l2': 576, 'n_units_l3': 1664, 'n_units_l4': 672, 'lr': 0.006217516817400207}. Best is trial 21 with value: 6.134852025565124.
[I 2025-03-22 17:06:19,241] Trial 80 pruned. 
[I 2025-03-22 17:06:23,410] Trial 81 pruned. 
[I 2025-03-22 17:06:24,905] Trial 82 pruned. 
[I 2025-03-22 17:08:18,941] Trial 2 finished with value: 124.92095121448747 and parameters: {'n_units_l0': 2464, 'n_units_l1': 1408, 'n_units_l2': 2304, 'n_units_l3': 1152, 'n_units_l4': 3136, 'n_units_l5': 2752, 'n_units_l6': 2304, 'lr': 0.03875086902838396}. Best is trial 2 with value: 124.92095121448747.
[I 2025-03-22 17:08:45,713] Trial 83 finished with value: 12.366325024595692 and parameters: {'n_units_l0': 256, 'n_units_l1': 2560, 'n_units_l2': 416, 'n_units_l3': 2272, 'n_units_l4': 352, 'lr': 0.0023638613567288245}. Best is trial 21 with value: 6.134852025565124.
[I 2025-03-22 17:11:05,930] Trial 84 finished with value: 10.76049436041797 and parameters: {'n_units_l0': 288, 'n_units_l1': 2560, 'n_units_l2': 416, 'n_units_l3': 2272, 'n_units_l4': 384, 'lr': 0.001971303404897926}. Best is trial 21 with value: 6.134852025565124.
[I 2025-03-22 17:13:18,966] Trial 3 finished with value: 31.77593744433145 and parameters: {'n_units_l0': 3712, 'n_units_l1': 1216, 'n_units_l2': 3488, 'n_units_l3': 3968, 'n_units_l4': 1632, 'n_units_l5': 1408, 'n_units_l6': 1824, 'lr': 0.002929353575183823}. Best is trial 3 with value: 31.77593744433145.
[I 2025-03-22 17:13:27,115] Trial 85 finished with value: 9.087037403262261 and parameters: {'n_units_l0': 256, 'n_units_l1': 2560, 'n_units_l2': 416, 'n_units_l3': 4064, 'n_units_l4': 128, 'lr': 0.0025330507888530534}. Best is trial 21 with value: 6.134852025565124.
[I 2025-03-22 17:13:29,934] Trial 86 pruned. 
[I 2025-03-22 17:13:32,732] Trial 87 pruned. 
[I 2025-03-22 17:13:35,421] Trial 88 pruned. 
[I 2025-03-22 17:15:55,614] Trial 89 finished with value: 9.167498156985193 and parameters: {'n_units_l0': 192, 'n_units_l1': 2592, 'n_units_l2': 224, 'n_units_l3': 3520, 'n_units_l4': 320, 'lr': 0.0016595979489033256}. Best is trial 21 with value: 6.134852025565124.
[I 2025-03-22 17:15:57,203] Trial 90 pruned. 
[I 2025-03-22 17:16:01,323] Trial 91 pruned. 
[I 2025-03-22 17:16:02,699] Trial 92 pruned. 
[I 2025-03-22 17:16:05,635] Trial 93 pruned. 
[I 2025-03-22 17:16:09,993] Trial 94 pruned. 
[I 2025-03-22 17:16:11,509] Trial 95 pruned. 
[I 2025-03-22 17:16:14,285] Trial 96 pruned. 
[I 2025-03-22 17:16:15,793] Trial 97 pruned. 
[I 2025-03-22 17:18:36,067] Trial 98 finished with value: 12.685570668077496 and parameters: {'n_units_l0': 320, 'n_units_l1': 2784, 'n_units_l2': 352, 'n_units_l3': 2240, 'n_units_l4': 320, 'lr': 0.002218521338637575}. Best is trial 21 with value: 6.134852025565124.
[I 2025-03-22 17:18:37,489] Trial 99 pruned. 
[I 2025-03-22 17:18:37,749] A new study created in memory with name: no-name-66c7af10-38e1-4ddd-a607-9325323d9e85
[I 2025-03-22 17:18:56,497] Trial 4 finished with value: 124.93215400115086 and parameters: {'n_units_l0': 1600, 'n_units_l1': 1888, 'n_units_l2': 2560, 'n_units_l3': 544, 'n_units_l4': 3840, 'n_units_l5': 3584, 'n_units_l6': 4032, 'lr': 0.07653510999013097}. Best is trial 3 with value: 31.77593744433145.
[I 2025-03-22 17:18:59,326] Trial 5 pruned. 
[I 2025-03-22 17:19:01,431] Trial 6 pruned. 
[I 2025-03-22 17:19:05,013] Trial 7 pruned. 
[I 2025-03-22 17:19:53,543] Trial 8 pruned. 
[I 2025-03-22 17:19:56,084] Trial 9 pruned. 
[I 2025-03-22 17:20:20,454] Trial 10 pruned. 
[I 2025-03-22 17:20:22,970] Trial 11 pruned. 
[I 2025-03-22 17:21:22,506] Trial 0 finished with value: 124.85332299825325 and parameters: {'n_units_l0': 448, 'n_units_l1': 384, 'n_units_l2': 1440, 'n_units_l3': 416, 'n_units_l4': 1696, 'n_units_l5': 1248, 'n_units_l6': 1280, 'n_units_l7': 3840, 'lr': 0.008042164034498072}. Best is trial 0 with value: 124.85332299825325.
[I 2025-03-22 17:24:17,264] Trial 12 finished with value: 124.93060581477609 and parameters: {'n_units_l0': 4096, 'n_units_l1': 544, 'n_units_l2': 3200, 'n_units_l3': 4096, 'n_units_l4': 1472, 'n_units_l5': 896, 'n_units_l6': 1120, 'lr': 0.0044446634238159794}. Best is trial 3 with value: 31.77593744433145.
[I 2025-03-22 17:24:20,212] Trial 13 pruned. 
[I 2025-03-22 17:26:31,460] Trial 1 finished with value: 32.019200846851724 and parameters: {'n_units_l0': 2272, 'n_units_l1': 3072, 'n_units_l2': 448, 'n_units_l3': 2432, 'n_units_l4': 3520, 'n_units_l5': 1952, 'n_units_l6': 1696, 'n_units_l7': 3616, 'lr': 0.002325766248836982}. Best is trial 1 with value: 32.019200846851724.
[I 2025-03-22 17:26:55,989] Trial 14 finished with value: 124.9210928609052 and parameters: {'n_units_l0': 3552, 'n_units_l1': 1664, 'n_units_l2': 896, 'n_units_l3': 1440, 'n_units_l4': 1952, 'n_units_l5': 1120, 'n_units_l6': 1888, 'lr': 0.015615768844811022}. Best is trial 3 with value: 31.77593744433145.
[I 2025-03-22 17:26:58,374] Trial 15 pruned. 
[I 2025-03-22 17:27:01,699] Trial 16 pruned. 
[I 2025-03-22 17:27:04,251] Trial 17 pruned. 
[I 2025-03-22 17:29:39,597] Trial 18 finished with value: 12.76491983468764 and parameters: {'n_units_l0': 768, 'n_units_l1': 96, 'n_units_l2': 1856, 'n_units_l3': 1600, 'n_units_l4': 896, 'n_units_l5': 3296, 'n_units_l6': 1408, 'lr': 0.0007902016129723716}. Best is trial 18 with value: 12.76491983468764.
[I 2025-03-22 17:31:00,383] Trial 2 finished with value: 7.5433477423271915 and parameters: {'n_units_l0': 2272, 'n_units_l1': 3488, 'n_units_l2': 1248, 'n_units_l3': 3200, 'n_units_l4': 1760, 'n_units_l5': 1536, 'n_units_l6': 1472, 'n_units_l7': 1152, 'lr': 0.0015198350600661627}. Best is trial 2 with value: 7.5433477423271915.
[I 2025-03-22 17:32:14,850] Trial 19 finished with value: 8.177696114888029 and parameters: {'n_units_l0': 96, 'n_units_l1': 416, 'n_units_l2': 1696, 'n_units_l3': 1696, 'n_units_l4': 800, 'n_units_l5': 3296, 'n_units_l6': 1376, 'lr': 0.0011614054062977549}. Best is trial 19 with value: 8.177696114888029.
[I 2025-03-22 17:34:50,650] Trial 20 finished with value: 37.6694305880489 and parameters: {'n_units_l0': 96, 'n_units_l1': 192, 'n_units_l2': 704, 'n_units_l3': 1664, 'n_units_l4': 768, 'n_units_l5': 3424, 'n_units_l6': 32, 'lr': 0.013524326470448577}. Best is trial 19 with value: 8.177696114888029.
[I 2025-03-22 17:35:25,953] Trial 3 finished with value: 124.84497276831843 and parameters: {'n_units_l0': 1184, 'n_units_l1': 1728, 'n_units_l2': 2112, 'n_units_l3': 1952, 'n_units_l4': 3936, 'n_units_l5': 1088, 'n_units_l6': 2240, 'n_units_l7': 2112, 'lr': 0.030439005014187358}. Best is trial 2 with value: 7.5433477423271915.
[I 2025-03-22 17:37:26,849] Trial 21 finished with value: 9.190575137601437 and parameters: {'n_units_l0': 576, 'n_units_l1': 128, 'n_units_l2': 1664, 'n_units_l3': 1696, 'n_units_l4': 800, 'n_units_l5': 4096, 'n_units_l6': 1248, 'lr': 0.001559986527010726}. Best is trial 19 with value: 8.177696114888029.
[I 2025-03-22 17:37:28,508] Trial 22 pruned. 
[I 2025-03-22 17:37:30,104] Trial 23 pruned. 
[I 2025-03-22 17:37:31,733] Trial 24 pruned. 
[I 2025-03-22 17:37:33,460] Trial 25 pruned. 
[I 2025-03-22 17:37:35,176] Trial 26 pruned. 
[I 2025-03-22 17:40:09,837] Trial 27 finished with value: 4.53791453994791 and parameters: {'n_units_l0': 320, 'n_units_l1': 352, 'n_units_l2': 1824, 'n_units_l3': 1056, 'n_units_l4': 320, 'n_units_l5': 4032, 'n_units_l6': 800, 'lr': 0.00022844737193217224}. Best is trial 27 with value: 4.53791453994791.
[I 2025-03-22 17:41:45,886] Trial 4 finished with value: 9.691513474981623 and parameters: {'n_units_l0': 3200, 'n_units_l1': 3328, 'n_units_l2': 2080, 'n_units_l3': 2400, 'n_units_l4': 3232, 'n_units_l5': 1152, 'n_units_l6': 2304, 'n_units_l7': 3264, 'lr': 0.0013665855676509293}. Best is trial 2 with value: 7.5433477423271915.
[I 2025-03-22 17:41:49,114] Trial 5 pruned. 
[I 2025-03-22 17:41:50,851] Trial 6 pruned. 
[I 2025-03-22 17:41:54,023] Trial 7 pruned. 
[I 2025-03-22 17:41:57,041] Trial 8 pruned. 
[I 2025-03-22 17:41:59,521] Trial 9 pruned. 
[I 2025-03-22 17:42:01,281] Trial 10 pruned. 
[I 2025-03-22 17:42:05,438] Trial 11 pruned. 
[I 2025-03-22 17:42:08,318] Trial 12 pruned. 
[I 2025-03-22 17:42:11,364] Trial 13 pruned. 
[I 2025-03-22 17:42:15,652] Trial 14 pruned. 
[I 2025-03-22 17:42:18,932] Trial 15 pruned. 
[I 2025-03-22 17:42:22,971] Trial 16 pruned. 
[I 2025-03-22 17:42:25,999] Trial 17 pruned. 
[I 2025-03-22 17:42:28,868] Trial 18 pruned. 
[I 2025-03-22 17:42:32,505] Trial 19 pruned. 
[I 2025-03-22 17:42:36,829] Trial 20 pruned. 
[I 2025-03-22 17:42:39,895] Trial 21 pruned. 
[I 2025-03-22 17:42:43,327] Trial 22 pruned. 
[I 2025-03-22 17:42:44,965] Trial 28 finished with value: 33.28877866950248 and parameters: {'n_units_l0': 320, 'n_units_l1': 608, 'n_units_l2': 1312, 'n_units_l3': 1056, 'n_units_l4': 384, 'n_units_l5': 4032, 'n_units_l6': 640, 'lr': 0.008801590108108825}. Best is trial 27 with value: 4.53791453994791.
[I 2025-03-22 17:42:46,656] Trial 29 pruned. 
[I 2025-03-22 17:42:46,758] Trial 23 pruned. 
[I 2025-03-22 17:42:48,287] Trial 30 pruned. 
[I 2025-03-22 17:42:50,099] Trial 31 pruned. 
[I 2025-03-22 17:42:50,701] Trial 24 pruned. 
[I 2025-03-22 17:42:51,743] Trial 32 pruned. 
[I 2025-03-22 17:42:53,452] Trial 33 pruned. 
[I 2025-03-22 17:42:54,053] Trial 25 pruned. 
[I 2025-03-22 17:42:55,095] Trial 34 pruned. 
[I 2025-03-22 17:42:57,112] Trial 26 pruned. 
[I 2025-03-22 17:42:59,589] Trial 27 pruned. 
[I 2025-03-22 17:43:01,333] Trial 28 pruned. 
[I 2025-03-22 17:43:03,170] Trial 29 pruned. 
[I 2025-03-22 17:43:06,587] Trial 30 pruned. 
[I 2025-03-22 17:43:09,217] Trial 31 pruned. 
[I 2025-03-22 17:43:12,861] Trial 32 pruned. 
[I 2025-03-22 17:43:27,818] Trial 33 pruned. 
[I 2025-03-22 17:43:31,768] Trial 34 pruned. 
[I 2025-03-22 17:43:34,678] Trial 35 pruned. 
[I 2025-03-22 17:43:36,424] Trial 36 pruned. 
[I 2025-03-22 17:43:38,321] Trial 37 pruned. 
[I 2025-03-22 17:43:41,817] Trial 38 pruned. 
[I 2025-03-22 17:43:45,011] Trial 39 pruned. 
[I 2025-03-22 17:43:53,323] Trial 40 pruned. 
[I 2025-03-22 17:43:55,031] Trial 41 pruned. 
[I 2025-03-22 17:43:56,700] Trial 42 pruned. 
[I 2025-03-22 17:44:00,842] Trial 43 pruned. 
[I 2025-03-22 17:44:18,015] Trial 44 pruned. 
[I 2025-03-22 17:44:20,432] Trial 45 pruned. 
[I 2025-03-22 17:44:22,387] Trial 46 pruned. 
[I 2025-03-22 17:44:25,033] Trial 47 pruned. 
[I 2025-03-22 17:44:27,290] Trial 48 pruned. 
[I 2025-03-22 17:44:29,030] Trial 49 pruned. 
[I 2025-03-22 17:44:32,094] Trial 50 pruned. 
[I 2025-03-22 17:44:36,623] Trial 51 pruned. 
[I 2025-03-22 17:44:38,989] Trial 52 pruned. 
[I 2025-03-22 17:44:41,464] Trial 53 pruned. 
[I 2025-03-22 17:44:43,763] Trial 54 pruned. 
[I 2025-03-22 17:44:46,847] Trial 55 pruned. 
[I 2025-03-22 17:44:49,403] Trial 56 pruned. 
[I 2025-03-22 17:44:53,357] Trial 57 pruned. 
[I 2025-03-22 17:44:56,630] Trial 58 pruned. 
[I 2025-03-22 17:44:59,075] Trial 59 pruned. 
[I 2025-03-22 17:45:10,684] Trial 60 pruned. 
[I 2025-03-22 17:45:12,517] Trial 61 pruned. 
[I 2025-03-22 17:45:14,869] Trial 62 pruned. 
[I 2025-03-22 17:45:17,367] Trial 63 pruned. 
[I 2025-03-22 17:45:19,235] Trial 64 pruned. 
[I 2025-03-22 17:45:22,050] Trial 65 pruned. 
[I 2025-03-22 17:45:24,173] Trial 66 pruned. 
[I 2025-03-22 17:45:26,498] Trial 67 pruned. 
[I 2025-03-22 17:45:30,017] Trial 68 pruned. 
[I 2025-03-22 17:45:31,392] Trial 35 finished with value: 17.028806069141297 and parameters: {'n_units_l0': 768, 'n_units_l1': 576, 'n_units_l2': 448, 'n_units_l3': 2048, 'n_units_l4': 1472, 'n_units_l5': 2816, 'n_units_l6': 1696, 'lr': 0.0057255781433332206}. Best is trial 27 with value: 4.53791453994791.
[I 2025-03-22 17:45:33,016] Trial 36 pruned. 
[I 2025-03-22 17:45:33,068] Trial 69 pruned. 
[I 2025-03-22 17:45:36,390] Trial 70 pruned. 
[I 2025-03-22 17:45:36,690] Trial 37 pruned. 
[I 2025-03-22 17:45:38,910] Trial 38 pruned. 
[I 2025-03-22 17:45:40,587] Trial 39 pruned. 
[I 2025-03-22 17:45:42,361] Trial 40 pruned. 
[I 2025-03-22 17:45:53,960] Trial 71 pruned. 
[I 2025-03-22 17:46:00,672] Trial 72 pruned. 
[I 2025-03-22 17:46:22,068] Trial 73 pruned. 
