[I 2025-03-23 22:23:13,428] Trial 21 finished with value: 4.776497957157577 and parameters: {'n_units_l0': 2432, 'n_units_l1': 4096, 'n_units_l2': 1120, 'n_units_l3': 3264, 'n_units_l4': 384, 'n_units_l5': 384, 'n_units_l6': 1184, 'lr': 0.0009195807697369187}. Best is trial 13 with value: 2.5929692732978316.
[I 2025-03-23 22:23:45,729] Trial 22 pruned. 
[I 2025-03-23 22:23:51,090] Trial 23 pruned. 
[I 2025-03-23 22:24:04,218] Trial 24 pruned. 
[I 2025-03-23 22:24:08,684] Trial 25 pruned. 
[I 2025-03-23 22:24:14,013] Trial 26 pruned. 
[I 2025-03-23 22:24:17,944] Trial 27 pruned. 
[I 2025-03-23 22:24:25,321] Trial 28 pruned. 
[I 2025-03-23 22:24:32,047] Trial 29 pruned. 
[I 2025-03-23 22:24:35,991] Trial 30 pruned. 
[I 2025-03-23 22:25:01,789] Trial 31 pruned. 
[I 2025-03-23 22:29:05,481] Trial 83 finished with value: 3.66019154912806 and parameters: {'n_units_l0': 608, 'n_units_l1': 608, 'n_units_l2': 1952, 'n_units_l3': 704, 'n_units_l4': 1504, 'n_units_l5': 896, 'lr': 0.002273637395135737}. Best is trial 83 with value: 3.66019154912806.
[I 2025-03-23 22:29:09,194] Trial 84 pruned. 
[I 2025-03-23 22:29:20,026] Trial 85 pruned. 
[I 2025-03-23 22:29:27,318] Trial 86 pruned. 
[I 2025-03-23 22:29:31,020] Trial 87 pruned. 
[I 2025-03-23 22:29:38,522] Trial 88 pruned. 
[I 2025-03-23 22:29:45,790] Trial 89 pruned. 
[I 2025-03-23 22:29:49,497] Trial 90 pruned. 
[I 2025-03-23 22:29:53,239] Trial 91 pruned. 
[I 2025-03-23 22:29:56,963] Trial 92 pruned. 
[I 2025-03-23 22:31:40,940] Trial 32 finished with value: 5.324791324715912 and parameters: {'n_units_l0': 2656, 'n_units_l1': 3872, 'n_units_l2': 800, 'n_units_l3': 3744, 'n_units_l4': 32, 'n_units_l5': 32, 'n_units_l6': 1312, 'lr': 0.0007968502063053229}. Best is trial 13 with value: 2.5929692732978316.
[I 2025-03-23 22:31:44,880] Trial 33 pruned. 
[I 2025-03-23 22:31:48,606] Trial 34 pruned. 
[I 2025-03-23 22:31:52,467] Trial 35 pruned. 
[I 2025-03-23 22:31:56,363] Trial 36 pruned. 
[I 2025-03-23 22:32:03,842] Trial 37 pruned. 
[I 2025-03-23 22:32:36,362] Trial 38 pruned. 
[I 2025-03-23 22:32:40,207] Trial 39 pruned. 
[I 2025-03-23 22:36:03,421] Trial 93 finished with value: 14.181635905106821 and parameters: {'n_units_l0': 128, 'n_units_l1': 672, 'n_units_l2': 1952, 'n_units_l3': 544, 'n_units_l4': 1184, 'n_units_l5': 608, 'lr': 0.0025586509346266217}. Best is trial 83 with value: 3.66019154912806.
[I 2025-03-23 22:36:07,075] Trial 94 pruned. 
[I 2025-03-23 22:36:17,694] Trial 95 pruned. 
[I 2025-03-23 22:36:21,371] Trial 96 pruned. 
[I 2025-03-23 22:36:25,120] Trial 97 pruned. 
[I 2025-03-23 22:36:33,093] Trial 98 pruned. 
[I 2025-03-23 22:36:36,761] Trial 99 pruned. 
[I 2025-03-23 22:36:37,274] A new study created in memory with name: no-name-e5564a3a-3be4-4733-bb02-6f4473aeb50a
[I 2025-03-23 22:39:41,025] Trial 40 finished with value: 3.899644391187859 and parameters: {'n_units_l0': 2944, 'n_units_l1': 3040, 'n_units_l2': 352, 'n_units_l3': 2912, 'n_units_l4': 480, 'n_units_l5': 3040, 'n_units_l6': 1248, 'lr': 0.00011476636694647972}. Best is trial 13 with value: 2.5929692732978316.
[I 2025-03-23 22:47:05,746] Trial 41 finished with value: 6.071087474267024 and parameters: {'n_units_l0': 2944, 'n_units_l1': 3008, 'n_units_l2': 352, 'n_units_l3': 2912, 'n_units_l4': 576, 'n_units_l5': 3232, 'n_units_l6': 1376, 'lr': 0.0008975677848235465}. Best is trial 13 with value: 2.5929692732978316.
[I 2025-03-23 22:47:10,192] Trial 42 pruned. 
[I 2025-03-23 22:47:18,202] Trial 43 pruned. 
[I 2025-03-23 22:47:22,372] Trial 44 pruned. 
[I 2025-03-23 22:47:38,639] Trial 45 pruned. 
[I 2025-03-23 22:47:44,205] Trial 46 pruned. 
[I 2025-03-23 22:47:49,362] Trial 47 pruned. 
[I 2025-03-23 22:47:53,295] Trial 48 pruned. 
[I 2025-03-23 22:48:04,928] Trial 49 pruned. 
[I 2025-03-23 22:48:11,575] Trial 50 pruned. 
[I 2025-03-23 22:48:24,565] Trial 51 pruned. 
[I 2025-03-23 22:48:41,408] Trial 52 pruned. 
[I 2025-03-23 22:48:45,850] Trial 53 pruned. 
[I 2025-03-23 22:48:57,871] Trial 54 pruned. 
[I 2025-03-23 22:49:03,045] Trial 55 pruned. 
[I 2025-03-23 22:49:10,113] Trial 56 pruned. 
[I 2025-03-23 22:49:14,080] Trial 57 pruned. 
[I 2025-03-23 22:49:17,828] Trial 58 pruned. 
[I 2025-03-23 22:49:23,610] Trial 59 pruned. 
[I 2025-03-23 22:49:29,120] Trial 60 pruned. 
[I 2025-03-23 22:55:09,048] Trial 0 finished with value: 124.90895655061858 and parameters: {'n_units_l0': 1920, 'n_units_l1': 2560, 'n_units_l2': 992, 'n_units_l3': 2208, 'n_units_l4': 3296, 'n_units_l5': 3232, 'n_units_l6': 3616, 'n_units_l7': 3904, 'lr': 0.04592951053853624}. Best is trial 0 with value: 124.90895655061858.
[I 2025-03-23 22:57:18,733] Trial 61 finished with value: 4.8786986783487025 and parameters: {'n_units_l0': 3264, 'n_units_l1': 3040, 'n_units_l2': 352, 'n_units_l3': 2944, 'n_units_l4': 544, 'n_units_l5': 3168, 'n_units_l6': 1408, 'lr': 0.0026353745620367464}. Best is trial 13 with value: 2.5929692732978316.
[I 2025-03-23 22:57:34,976] Trial 62 pruned. 
[I 2025-03-23 22:57:38,947] Trial 63 pruned. 
[I 2025-03-23 22:57:43,332] Trial 64 pruned. 
[I 2025-03-23 22:57:47,373] Trial 65 pruned. 
[I 2025-03-23 22:57:54,492] Trial 66 pruned. 
[I 2025-03-23 22:58:11,297] Trial 67 pruned. 
[I 2025-03-23 22:58:15,777] Trial 68 pruned. 
[I 2025-03-23 22:58:30,274] Trial 69 pruned. 
[I 2025-03-23 22:58:37,529] Trial 70 pruned. 
[I 2025-03-23 22:58:51,073] Trial 71 pruned. 
[I 2025-03-23 22:58:57,522] Trial 72 pruned. 
[I 2025-03-23 22:59:02,318] Trial 73 pruned. 
[I 2025-03-23 22:59:07,068] Trial 74 pruned. 
[I 2025-03-23 23:00:17,309] Trial 75 pruned. 
[I 2025-03-23 23:00:21,278] Trial 76 pruned. 
[I 2025-03-23 23:00:32,730] Trial 77 pruned. 
[I 2025-03-23 23:00:39,364] Trial 78 pruned. 
[I 2025-03-23 23:00:43,515] Trial 79 pruned. 
[I 2025-03-23 23:00:55,081] Trial 80 pruned. 
[I 2025-03-23 23:02:27,395] Trial 81 pruned. 
[I 2025-03-23 23:02:35,083] Trial 82 pruned. 
[I 2025-03-23 23:02:38,886] Trial 83 pruned. 
[I 2025-03-23 23:02:47,011] Trial 84 pruned. 
[I 2025-03-23 23:02:53,260] Trial 85 pruned. 
[I 2025-03-23 23:03:05,133] Trial 86 pruned. 
[I 2025-03-23 23:03:10,137] Trial 87 pruned. 
[I 2025-03-23 23:03:20,121] Trial 1 finished with value: 124.91266177257883 and parameters: {'n_units_l0': 736, 'n_units_l1': 3552, 'n_units_l2': 832, 'n_units_l3': 320, 'n_units_l4': 3936, 'n_units_l5': 1760, 'n_units_l6': 1728, 'n_units_l7': 1664, 'lr': 0.089227856790854}. Best is trial 0 with value: 124.90895655061858.
[I 2025-03-23 23:03:27,707] Trial 88 pruned. 
[I 2025-03-23 23:03:33,140] Trial 89 pruned. 
[I 2025-03-23 23:03:38,917] Trial 90 pruned. 
[I 2025-03-23 23:03:44,193] Trial 91 pruned. 
[I 2025-03-23 23:10:50,158] Trial 92 finished with value: 7.250252967256181 and parameters: {'n_units_l0': 2304, 'n_units_l1': 4032, 'n_units_l2': 864, 'n_units_l3': 4000, 'n_units_l4': 352, 'n_units_l5': 224, 'n_units_l6': 1472, 'lr': 0.0019948011572752007}. Best is trial 13 with value: 2.5929692732978316.
[I 2025-03-23 23:11:06,526] Trial 93 pruned. 
[I 2025-03-23 23:18:00,642] Trial 94 finished with value: 13.197164052532726 and parameters: {'n_units_l0': 2528, 'n_units_l1': 3744, 'n_units_l2': 864, 'n_units_l3': 3904, 'n_units_l4': 288, 'n_units_l5': 96, 'n_units_l6': 1216, 'lr': 0.0020702612703981708}. Best is trial 13 with value: 2.5929692732978316.
[I 2025-03-23 23:18:05,197] Trial 95 pruned. 
[I 2025-03-23 23:18:16,718] Trial 96 pruned. 
[I 2025-03-23 23:18:28,812] Trial 97 pruned. 
[I 2025-03-23 23:18:32,672] Trial 98 pruned. 
[I 2025-03-23 23:18:34,747] Trial 2 finished with value: 124.90830873360878 and parameters: {'n_units_l0': 3488, 'n_units_l1': 3648, 'n_units_l2': 1088, 'n_units_l3': 1088, 'n_units_l4': 3680, 'n_units_l5': 3008, 'n_units_l6': 2016, 'n_units_l7': 1632, 'lr': 0.0322048421699236}. Best is trial 2 with value: 124.90830873360878.
[I 2025-03-23 23:18:36,554] Trial 99 pruned. 
[I 2025-03-23 23:18:37,058] A new study created in memory with name: no-name-efccaa1c-2ff8-4b33-b242-34c547545710
[I 2025-03-23 23:33:11,039] Trial 0 finished with value: 124.81879251918113 and parameters: {'n_units_l0': 1024, 'n_units_l1': 1120, 'n_units_l2': 2176, 'n_units_l3': 2752, 'n_units_l4': 224, 'n_units_l5': 2688, 'n_units_l6': 3104, 'n_units_l7': 3264, 'n_units_l8': 3040, 'lr': 0.08901780687346658}. Best is trial 0 with value: 124.81879251918113.
[I 2025-03-23 23:38:20,399] Trial 3 finished with value: 124.90807333186368 and parameters: {'n_units_l0': 992, 'n_units_l1': 1920, 'n_units_l2': 3776, 'n_units_l3': 3712, 'n_units_l4': 3264, 'n_units_l5': 2624, 'n_units_l6': 3488, 'n_units_l7': 1184, 'lr': 0.04802140021566058}. Best is trial 3 with value: 124.90807333186368.
[I 2025-03-23 23:45:20,642] Trial 1 finished with value: 124.81900535034039 and parameters: {'n_units_l0': 576, 'n_units_l1': 736, 'n_units_l2': 3392, 'n_units_l3': 896, 'n_units_l4': 3488, 'n_units_l5': 3040, 'n_units_l6': 1792, 'n_units_l7': 1824, 'n_units_l8': 2048, 'lr': 0.027814997886109034}. Best is trial 0 with value: 124.81879251918113.
[I 2025-03-23 23:50:28,294] Trial 4 finished with value: 124.90760032186662 and parameters: {'n_units_l0': 3968, 'n_units_l1': 32, 'n_units_l2': 2464, 'n_units_l3': 2592, 'n_units_l4': 1760, 'n_units_l5': 1568, 'n_units_l6': 3936, 'n_units_l7': 3168, 'lr': 0.06527257774085755}. Best is trial 4 with value: 124.90760032186662.
[I 2025-03-23 23:50:50,626] Trial 5 pruned. 
[I 2025-03-23 23:50:58,279] Trial 6 pruned. 
[I 2025-03-23 23:51:41,117] Trial 7 pruned. 
[I 2025-03-24 00:00:52,938] Trial 2 finished with value: 124.83102448731489 and parameters: {'n_units_l0': 992, 'n_units_l1': 96, 'n_units_l2': 2240, 'n_units_l3': 3744, 'n_units_l4': 1152, 'n_units_l5': 1728, 'n_units_l6': 3232, 'n_units_l7': 4064, 'n_units_l8': 2368, 'lr': 0.044587482972803946}. Best is trial 0 with value: 124.81879251918113.
[I 2025-03-24 00:09:24,771] Trial 8 finished with value: 9.027772221991823 and parameters: {'n_units_l0': 2816, 'n_units_l1': 3360, 'n_units_l2': 4000, 'n_units_l3': 2048, 'n_units_l4': 2560, 'n_units_l5': 1312, 'n_units_l6': 2464, 'n_units_l7': 3104, 'lr': 0.0026584244628740437}. Best is trial 8 with value: 9.027772221991823.
[I 2025-03-24 00:09:32,575] Trial 9 pruned. 
[I 2025-03-24 00:14:54,367] Trial 3 finished with value: 124.81852892667034 and parameters: {'n_units_l0': 1472, 'n_units_l1': 2464, 'n_units_l2': 128, 'n_units_l3': 3456, 'n_units_l4': 3968, 'n_units_l5': 1696, 'n_units_l6': 608, 'n_units_l7': 2752, 'n_units_l8': 3968, 'lr': 0.044480970807011105}. Best is trial 3 with value: 124.81852892667034.
[I 2025-03-24 00:16:42,295] Trial 10 finished with value: 20.62205646404961 and parameters: {'n_units_l0': 3008, 'n_units_l1': 1280, 'n_units_l2': 96, 'n_units_l3': 3680, 'n_units_l4': 2464, 'n_units_l5': 1056, 'n_units_l6': 896, 'n_units_l7': 416, 'lr': 0.002398203636105628}. Best is trial 8 with value: 9.027772221991823.
[I 2025-03-24 00:23:42,616] Trial 11 finished with value: 10.733686521415857 and parameters: {'n_units_l0': 2848, 'n_units_l1': 1088, 'n_units_l2': 224, 'n_units_l3': 4032, 'n_units_l4': 2432, 'n_units_l5': 864, 'n_units_l6': 704, 'n_units_l7': 128, 'lr': 0.002113511347193917}. Best is trial 8 with value: 9.027772221991823.
[I 2025-03-24 00:34:04,687] Trial 4 finished with value: 124.81889947983144 and parameters: {'n_units_l0': 2208, 'n_units_l1': 2240, 'n_units_l2': 2240, 'n_units_l3': 3616, 'n_units_l4': 3488, 'n_units_l5': 2816, 'n_units_l6': 832, 'n_units_l7': 2976, 'n_units_l8': 3072, 'lr': 0.012838976318233613}. Best is trial 3 with value: 124.81852892667034.
[I 2025-03-24 00:35:42,063] Trial 12 finished with value: 15.234018817181946 and parameters: {'n_units_l0': 2848, 'n_units_l1': 896, 'n_units_l2': 3296, 'n_units_l3': 3072, 'n_units_l4': 2432, 'n_units_l5': 1024, 'n_units_l6': 1248, 'n_units_l7': 3808, 'lr': 0.00246662044376427}. Best is trial 8 with value: 9.027772221991823.
[I 2025-03-24 00:35:46,186] Trial 13 pruned. 
[I 2025-03-24 00:35:52,814] Trial 14 pruned. 
[I 2025-03-24 00:36:05,567] Trial 15 pruned. 
[I 2025-03-24 00:36:13,471] Trial 16 pruned. 
[I 2025-03-24 00:43:15,708] Trial 17 finished with value: 124.90993442023135 and parameters: {'n_units_l0': 3424, 'n_units_l1': 1408, 'n_units_l2': 1280, 'n_units_l3': 2048, 'n_units_l4': 1088, 'n_units_l5': 2272, 'n_units_l6': 736, 'n_units_l7': 1856, 'lr': 0.005105039954226979}. Best is trial 8 with value: 9.027772221991823.
[I 2025-03-24 00:43:19,789] Trial 18 pruned. 
[I 2025-03-24 00:43:27,361] Trial 19 pruned. 
[I 2025-03-24 00:43:34,384] Trial 20 pruned. 
[I 2025-03-24 00:47:42,190] Trial 5 finished with value: 7.1031268777625 and parameters: {'n_units_l0': 1376, 'n_units_l1': 1088, 'n_units_l2': 4064, 'n_units_l3': 3040, 'n_units_l4': 2432, 'n_units_l5': 2336, 'n_units_l6': 480, 'n_units_l7': 960, 'n_units_l8': 3840, 'lr': 0.0019801899872109174}. Best is trial 5 with value: 7.1031268777625.
[I 2025-03-24 00:47:51,083] Trial 6 pruned. 
[I 2025-03-24 00:47:55,999] Trial 7 pruned. 
[I 2025-03-24 00:48:30,718] Trial 8 pruned. 
[I 2025-03-24 00:49:03,034] Trial 9 pruned. 
[I 2025-03-24 00:50:13,354] Trial 10 pruned. 
[I 2025-03-24 00:50:35,616] Trial 11 pruned. 
[I 2025-03-24 00:51:19,523] Trial 12 pruned. 
[I 2025-03-24 00:51:52,929] Trial 13 pruned. 
[I 2025-03-24 00:53:01,468] Trial 14 pruned. 
[I 2025-03-24 00:53:11,789] Trial 15 pruned. 
[I 2025-03-24 00:53:38,231] Trial 16 pruned. 
[I 2025-03-24 00:54:41,150] Trial 17 pruned. 
[I 2025-03-24 00:55:01,798] Trial 21 finished with value: 28.834677696963396 and parameters: {'n_units_l0': 3008, 'n_units_l1': 864, 'n_units_l2': 3200, 'n_units_l3': 3040, 'n_units_l4': 2272, 'n_units_l5': 960, 'n_units_l6': 1120, 'n_units_l7': 4032, 'lr': 0.0013742366678016103}. Best is trial 8 with value: 9.027772221991823.
[I 2025-03-24 00:55:11,290] Trial 22 pruned. 
[I 2025-03-24 00:55:18,304] Trial 23 pruned. 
[I 2025-03-24 00:55:18,526] Trial 18 pruned. 
[I 2025-03-24 00:55:25,262] Trial 24 pruned. 
[I 2025-03-24 00:55:41,035] Trial 25 pruned. 
[I 2025-03-24 00:55:46,312] Trial 26 pruned. 
[I 2025-03-24 00:55:57,168] Trial 19 pruned. 
[I 2025-03-24 00:55:57,475] Trial 27 pruned. 
[I 2025-03-24 00:56:02,917] Trial 28 pruned. 
[I 2025-03-24 00:56:13,381] Trial 29 pruned. 
[I 2025-03-24 00:56:19,660] Trial 30 pruned. 
[I 2025-03-24 00:56:23,997] Trial 31 pruned. 
[I 2025-03-24 00:56:55,902] Trial 20 pruned. 
[I 2025-03-24 00:59:10,696] Trial 21 pruned. 
[I 2025-03-24 01:00:23,179] Trial 22 pruned. 
[I 2025-03-24 01:01:00,042] Trial 23 pruned. 
[I 2025-03-24 01:01:33,337] Trial 24 pruned. 
[I 2025-03-24 01:03:55,661] Trial 25 pruned. 
[I 2025-03-24 01:04:34,041] Trial 32 finished with value: 2.676393108237672 and parameters: {'n_units_l0': 3648, 'n_units_l1': 672, 'n_units_l2': 384, 'n_units_l3': 3872, 'n_units_l4': 2720, 'n_units_l5': 1664, 'n_units_l6': 288, 'n_units_l7': 64, 'lr': 0.0002844709568885083}. Best is trial 32 with value: 2.676393108237672.
[I 2025-03-24 01:04:39,518] Trial 33 pruned. 
[I 2025-03-24 01:04:49,390] Trial 34 pruned. 
[I 2025-03-24 01:04:55,480] Trial 35 pruned. 
[I 2025-03-24 01:05:01,104] Trial 26 pruned. 
[I 2025-03-24 01:05:02,248] Trial 36 pruned. 
[I 2025-03-24 01:05:07,532] Trial 37 pruned. 
[I 2025-03-24 01:05:14,141] Trial 38 pruned. 
[I 2025-03-24 01:05:23,867] Trial 39 pruned. 
[I 2025-03-24 01:05:28,688] Trial 40 pruned. 
[I 2025-03-24 01:05:33,102] Trial 41 pruned. 
[I 2025-03-24 01:05:38,520] Trial 42 pruned. 
[I 2025-03-24 01:05:46,976] Trial 43 pruned. 
[I 2025-03-24 01:05:50,353] Trial 27 pruned. 
[I 2025-03-24 01:05:51,152] Trial 44 pruned. 
[I 2025-03-24 01:05:57,768] Trial 45 pruned. 
[I 2025-03-24 01:06:03,449] Trial 46 pruned. 
[I 2025-03-24 01:06:23,363] Trial 47 pruned. 
[I 2025-03-24 01:07:06,229] Trial 28 pruned. 
[I 2025-03-24 01:07:24,178] Trial 29 pruned. 
[I 2025-03-24 01:21:58,345] Trial 48 finished with value: 4.059743125063371 and parameters: {'n_units_l0': 3296, 'n_units_l1': 3872, 'n_units_l2': 2336, 'n_units_l3': 3392, 'n_units_l4': 1600, 'n_units_l5': 1920, 'n_units_l6': 832, 'n_units_l7': 3392, 'lr': 0.0005631844337989455}. Best is trial 32 with value: 2.676393108237672.
[I 2025-03-24 01:22:08,044] Trial 49 pruned. 
[I 2025-03-24 01:22:17,571] Trial 50 pruned. 
[I 2025-03-24 01:22:36,199] Trial 51 pruned. 
[I 2025-03-24 01:22:47,959] Trial 52 pruned. 
[I 2025-03-24 01:22:57,895] Trial 53 pruned. 
[I 2025-03-24 01:23:08,297] Trial 54 pruned. 
[I 2025-03-24 01:27:58,827] Trial 30 finished with value: 5.671806768575058 and parameters: {'n_units_l0': 2848, 'n_units_l1': 1792, 'n_units_l2': 3552, 'n_units_l3': 1344, 'n_units_l4': 4096, 'n_units_l5': 2400, 'n_units_l6': 3616, 'n_units_l7': 2464, 'n_units_l8': 3712, 'lr': 0.0006684190673431503}. Best is trial 30 with value: 5.671806768575058.
[I 2025-03-24 01:42:18,954] Trial 55 finished with value: 7.475245353728893 and parameters: {'n_units_l0': 3648, 'n_units_l1': 3328, 'n_units_l2': 3936, 'n_units_l3': 3360, 'n_units_l4': 896, 'n_units_l5': 1312, 'n_units_l6': 2336, 'n_units_l7': 3776, 'lr': 0.00015129876022711326}. Best is trial 32 with value: 2.676393108237672.
[I 2025-03-24 01:42:29,999] Trial 56 pruned. 
[I 2025-03-24 01:42:39,494] Trial 57 pruned. 
[I 2025-03-24 01:43:00,227] Trial 58 pruned. 
[I 2025-03-24 01:43:08,334] Trial 59 pruned. 
[I 2025-03-24 01:43:17,123] Trial 60 pruned. 
[I 2025-03-24 01:47:15,968] Trial 31 finished with value: 6.991253417026938 and parameters: {'n_units_l0': 2880, 'n_units_l1': 1600, 'n_units_l2': 3680, 'n_units_l3': 992, 'n_units_l4': 4000, 'n_units_l5': 2432, 'n_units_l6': 3552, 'n_units_l7': 2496, 'n_units_l8': 3744, 'lr': 0.0017380015584976506}. Best is trial 30 with value: 5.671806768575058.
[I 2025-03-24 01:52:14,222] Trial 61 finished with value: 16.49361088432487 and parameters: {'n_units_l0': 3008, 'n_units_l1': 4096, 'n_units_l2': 672, 'n_units_l3': 3648, 'n_units_l4': 448, 'n_units_l5': 832, 'n_units_l6': 2592, 'n_units_l7': 192, 'lr': 0.0017065976573530492}. Best is trial 32 with value: 2.676393108237672.
[I 2025-03-24 01:52:19,136] Trial 62 pruned. 
[I 2025-03-24 01:52:57,175] Trial 63 pruned. 
[I 2025-03-24 01:53:05,828] Trial 64 pruned. 
[I 2025-03-24 01:53:36,148] Trial 65 pruned. 
[I 2025-03-24 01:53:49,998] Trial 66 pruned. 
[I 2025-03-24 01:54:00,805] Trial 67 pruned. 
[I 2025-03-24 01:54:04,913] Trial 68 pruned. 
[I 2025-03-24 01:54:10,144] Trial 69 pruned. 
[I 2025-03-24 01:54:19,872] Trial 70 pruned. 
[I 2025-03-24 01:54:24,133] Trial 71 pruned. 
[I 2025-03-24 01:54:28,877] Trial 72 pruned. 
[I 2025-03-24 01:54:33,621] Trial 73 pruned. 
[I 2025-03-24 01:54:39,072] Trial 74 pruned. 
[I 2025-03-24 01:54:43,165] Trial 75 pruned. 
[I 2025-03-24 02:08:02,605] Trial 32 finished with value: 124.82549230703755 and parameters: {'n_units_l0': 2880, 'n_units_l1': 1888, 'n_units_l2': 3680, 'n_units_l3': 1184, 'n_units_l4': 4032, 'n_units_l5': 2368, 'n_units_l6': 3744, 'n_units_l7': 2624, 'n_units_l8': 3776, 'lr': 0.0038047475281945574}. Best is trial 30 with value: 5.671806768575058.
[I 2025-03-24 02:11:43,831] Trial 76 finished with value: 5.171930563167085 and parameters: {'n_units_l0': 2304, 'n_units_l1': 864, 'n_units_l2': 4096, 'n_units_l3': 3968, 'n_units_l4': 3136, 'n_units_l5': 2112, 'n_units_l6': 1376, 'n_units_l7': 3392, 'lr': 0.0024350063937180195}. Best is trial 32 with value: 2.676393108237672.
[I 2025-03-24 02:11:55,466] Trial 77 pruned. 
[I 2025-03-24 02:12:03,105] Trial 78 pruned. 
[I 2025-03-24 02:12:17,192] Trial 79 pruned. 
[I 2025-03-24 02:12:26,920] Trial 80 pruned. 
[I 2025-03-24 02:12:32,709] Trial 81 pruned. 
[I 2025-03-24 02:12:43,799] Trial 82 pruned. 
[I 2025-03-24 02:12:50,588] Trial 83 pruned. 
[I 2025-03-24 02:12:57,393] Trial 84 pruned. 
[I 2025-03-24 02:13:05,641] Trial 85 pruned. 
[I 2025-03-24 02:13:14,474] Trial 86 pruned. 
[I 2025-03-24 02:13:20,492] Trial 87 pruned. 
[I 2025-03-24 02:13:25,720] Trial 88 pruned. 
[I 2025-03-24 02:13:30,015] Trial 89 pruned. 
[I 2025-03-24 02:13:39,709] Trial 90 pruned. 
[I 2025-03-24 02:13:47,917] Trial 91 pruned. 
[I 2025-03-24 02:14:02,240] Trial 92 pruned. 
[I 2025-03-24 02:14:09,788] Trial 93 pruned. 
[I 2025-03-24 02:14:17,164] Trial 94 pruned. 
[I 2025-03-24 02:14:26,158] Trial 95 pruned. 
[I 2025-03-24 02:14:33,739] Trial 96 pruned. 
[I 2025-03-24 02:15:08,808] Trial 97 pruned. 
[I 2025-03-24 02:15:57,802] Trial 98 pruned. 
[I 2025-03-24 02:16:02,345] Trial 99 pruned. 
[I 2025-03-24 02:16:02,870] A new study created in memory with name: no-name-123f38e0-287d-4b8d-bfd0-5f7a5ca75e40
[I 2025-03-24 02:25:03,597] Trial 33 finished with value: 8.719072014059133 and parameters: {'n_units_l0': 3136, 'n_units_l1': 1600, 'n_units_l2': 3808, 'n_units_l3': 576, 'n_units_l4': 3744, 'n_units_l5': 1920, 'n_units_l6': 3552, 'n_units_l7': 2464, 'n_units_l8': 3744, 'lr': 0.0004950965503066479}. Best is trial 30 with value: 5.671806768575058.
[I 2025-03-24 02:31:30,645] Trial 0 finished with value: 124.92716549869091 and parameters: {'n_units_l0': 3904, 'n_units_l1': 3936, 'n_units_l2': 2496, 'n_units_l3': 2720, 'n_units_l4': 736, 'n_units_l5': 128, 'n_units_l6': 2240, 'n_units_l7': 96, 'n_units_l8': 2368, 'n_units_l9': 3392, 'lr': 0.07056555103221805}. Best is trial 0 with value: 124.92716549869091.
[I 2025-03-24 02:41:02,958] Trial 34 finished with value: 8.180577021850318 and parameters: {'n_units_l0': 3392, 'n_units_l1': 1504, 'n_units_l2': 3808, 'n_units_l3': 640, 'n_units_l4': 3744, 'n_units_l5': 1984, 'n_units_l6': 3584, 'n_units_l7': 2016, 'n_units_l8': 3232, 'lr': 0.0010544432866326483}. Best is trial 30 with value: 5.671806768575058.
[I 2025-03-24 02:41:13,066] Trial 35 pruned. 
[I 2025-03-24 02:41:24,245] Trial 36 pruned. 
[I 2025-03-24 02:41:32,624] Trial 37 pruned. 
[I 2025-03-24 02:41:40,943] Trial 1 finished with value: 124.9234952630411 and parameters: {'n_units_l0': 416, 'n_units_l1': 3360, 'n_units_l2': 3072, 'n_units_l3': 2304, 'n_units_l4': 416, 'n_units_l5': 480, 'n_units_l6': 3424, 'n_units_l7': 256, 'n_units_l8': 1376, 'n_units_l9': 960, 'lr': 0.0952333244417755}. Best is trial 1 with value: 124.9234952630411.
