[I 2025-03-23 09:17:01,809] Trial 4 finished with value: inf and parameters: {'n_units_l0': 3552, 'n_units_l1': 1728, 'n_units_l2': 1760, 'n_units_l3': 3008, 'n_units_l4': 1632, 'n_units_l5': 512, 'n_units_l6': 192, 'n_units_l7': 1600, 'n_units_l8': 3200, 'n_units_l9': 2016, 'n_units_l10': 2624, 'lr': 0.09503280031036797}. Best is trial 2 with value: 125.1883961950357.
[I 2025-03-23 09:17:07,955] Trial 5 pruned. 
[I 2025-03-23 09:17:16,722] Trial 6 pruned. 
[I 2025-03-23 09:17:24,049] Trial 7 pruned. 
[I 2025-03-23 09:17:29,012] Trial 8 pruned. 
[I 2025-03-23 09:17:35,548] Trial 9 pruned. 
[I 2025-03-23 09:22:45,196] Trial 30 finished with value: 4.950669372188369 and parameters: {'n_units_l0': 2752, 'n_units_l1': 2208, 'n_units_l2': 3136, 'n_units_l3': 4096, 'n_units_l4': 3424, 'n_units_l5': 2816, 'n_units_l6': 1280, 'n_units_l7': 32, 'n_units_l8': 2016, 'n_units_l9': 2656, 'lr': 0.0003047147396561133}. Best is trial 30 with value: 4.950669372188369.
[I 2025-03-23 09:28:29,213] Trial 10 finished with value: 125.20425617040097 and parameters: {'n_units_l0': 3680, 'n_units_l1': 3552, 'n_units_l2': 576, 'n_units_l3': 2752, 'n_units_l4': 3616, 'n_units_l5': 4064, 'n_units_l6': 32, 'n_units_l7': 2304, 'n_units_l8': 2688, 'n_units_l9': 192, 'n_units_l10': 160, 'lr': 0.0681617105154704}. Best is trial 2 with value: 125.1883961950357.
[I 2025-03-23 09:28:45,606] Trial 11 pruned. 
[I 2025-03-23 09:36:33,029] Trial 31 finished with value: 6.272069486887813 and parameters: {'n_units_l0': 2720, 'n_units_l1': 2816, 'n_units_l2': 3232, 'n_units_l3': 4032, 'n_units_l4': 3648, 'n_units_l5': 2752, 'n_units_l6': 1248, 'n_units_l7': 32, 'n_units_l8': 1888, 'n_units_l9': 2656, 'lr': 0.0006303940727790391}. Best is trial 30 with value: 4.950669372188369.
[I 2025-03-23 09:41:32,739] Trial 12 finished with value: 125.19398932180056 and parameters: {'n_units_l0': 3072, 'n_units_l1': 4064, 'n_units_l2': 2560, 'n_units_l3': 1952, 'n_units_l4': 896, 'n_units_l5': 1120, 'n_units_l6': 992, 'n_units_l7': 2784, 'n_units_l8': 4064, 'n_units_l9': 1664, 'n_units_l10': 2976, 'lr': 0.01480294467822008}. Best is trial 2 with value: 125.1883961950357.
[I 2025-03-23 09:41:38,952] Trial 13 pruned. 
[I 2025-03-23 09:50:48,927] Trial 32 finished with value: 7.8319726525730315 and parameters: {'n_units_l0': 2816, 'n_units_l1': 3040, 'n_units_l2': 3168, 'n_units_l3': 4032, 'n_units_l4': 3616, 'n_units_l5': 2592, 'n_units_l6': 1312, 'n_units_l7': 576, 'n_units_l8': 1984, 'n_units_l9': 2688, 'lr': 0.0004201911129030812}. Best is trial 30 with value: 4.950669372188369.
[I 2025-03-23 09:50:58,439] Trial 33 pruned. 
[I 2025-03-23 09:53:31,955] Trial 14 finished with value: 125.20213347829946 and parameters: {'n_units_l0': 1280, 'n_units_l1': 2912, 'n_units_l2': 2496, 'n_units_l3': 4032, 'n_units_l4': 2304, 'n_units_l5': 2912, 'n_units_l6': 672, 'n_units_l7': 1408, 'n_units_l8': 1152, 'n_units_l9': 2976, 'n_units_l10': 2624, 'lr': 0.04260470192599383}. Best is trial 2 with value: 125.1883961950357.
[I 2025-03-23 09:53:38,276] Trial 15 pruned. 
[I 2025-03-23 10:00:56,211] Trial 16 finished with value: 125.1895785520944 and parameters: {'n_units_l0': 2880, 'n_units_l1': 992, 'n_units_l2': 2304, 'n_units_l3': 3200, 'n_units_l4': 32, 'n_units_l5': 3360, 'n_units_l6': 1504, 'n_units_l7': 1952, 'n_units_l8': 1792, 'n_units_l9': 736, 'n_units_l10': 3904, 'lr': 0.05210690136838183}. Best is trial 2 with value: 125.1883961950357.
[I 2025-03-23 10:01:02,405] Trial 17 pruned. 
[I 2025-03-23 10:01:06,872] Trial 18 pruned. 
[I 2025-03-23 10:01:14,280] Trial 19 pruned. 
[I 2025-03-23 10:01:22,895] Trial 20 pruned. 
[I 2025-03-23 10:01:31,811] Trial 21 pruned. 
[I 2025-03-23 10:01:37,421] Trial 22 pruned. 
[I 2025-03-23 10:01:41,423] Trial 23 pruned. 
[I 2025-03-23 10:01:46,636] Trial 24 pruned. 
[I 2025-03-23 10:02:23,270] Trial 25 pruned. 
[I 2025-03-23 10:05:57,030] Trial 34 finished with value: 124.94679922866442 and parameters: {'n_units_l0': 2464, 'n_units_l1': 2816, 'n_units_l2': 3840, 'n_units_l3': 3776, 'n_units_l4': 3168, 'n_units_l5': 2720, 'n_units_l6': 1504, 'n_units_l7': 928, 'n_units_l8': 2592, 'n_units_l9': 3328, 'lr': 0.006371283389556027}. Best is trial 30 with value: 4.950669372188369.
[I 2025-03-23 10:06:05,457] Trial 35 pruned. 
[I 2025-03-23 10:06:15,194] Trial 36 pruned. 
[I 2025-03-23 10:08:53,141] Trial 26 finished with value: 125.19432125134216 and parameters: {'n_units_l0': 1440, 'n_units_l1': 1536, 'n_units_l2': 2112, 'n_units_l3': 1792, 'n_units_l4': 1984, 'n_units_l5': 32, 'n_units_l6': 384, 'n_units_l7': 1888, 'n_units_l8': 32, 'n_units_l9': 3616, 'n_units_l10': 2816, 'lr': 0.0488613060875891}. Best is trial 2 with value: 125.1883961950357.
[I 2025-03-23 10:09:02,739] Trial 27 pruned. 
[I 2025-03-23 10:09:07,683] Trial 28 pruned. 
[I 2025-03-23 10:09:12,663] Trial 29 pruned. 
[I 2025-03-23 10:14:09,123] Trial 30 finished with value: 125.20195559414032 and parameters: {'n_units_l0': 3776, 'n_units_l1': 32, 'n_units_l2': 1664, 'n_units_l3': 160, 'n_units_l4': 768, 'n_units_l5': 1792, 'n_units_l6': 1280, 'n_units_l7': 1088, 'n_units_l8': 1312, 'n_units_l9': 1216, 'n_units_l10': 4096, 'lr': 0.0007070687105098991}. Best is trial 2 with value: 125.1883961950357.
[I 2025-03-23 10:20:36,678] Trial 37 finished with value: 8.835048658163116 and parameters: {'n_units_l0': 2656, 'n_units_l1': 2816, 'n_units_l2': 3616, 'n_units_l3': 4096, 'n_units_l4': 3712, 'n_units_l5': 1856, 'n_units_l6': 1056, 'n_units_l7': 1472, 'n_units_l8': 1792, 'n_units_l9': 2560, 'lr': 0.00010935509744531245}. Best is trial 30 with value: 4.950669372188369.
[I 2025-03-23 10:20:46,164] Trial 38 pruned. 
[I 2025-03-23 10:20:54,603] Trial 39 pruned. 
[I 2025-03-23 10:21:02,147] Trial 40 pruned. 
[I 2025-03-23 10:26:56,792] Trial 31 finished with value: 125.18936774480038 and parameters: {'n_units_l0': 2944, 'n_units_l1': 4000, 'n_units_l2': 2528, 'n_units_l3': 1888, 'n_units_l4': 1152, 'n_units_l5': 1120, 'n_units_l6': 896, 'n_units_l7': 2880, 'n_units_l8': 3936, 'n_units_l9': 1760, 'n_units_l10': 3008, 'lr': 0.014410789632825376}. Best is trial 2 with value: 125.1883961950357.
[I 2025-03-23 10:27:39,598] Trial 32 pruned. 
[I 2025-03-23 10:27:46,327] Trial 33 pruned. 
[I 2025-03-23 10:34:54,358] Trial 41 finished with value: 6.621453238623393 and parameters: {'n_units_l0': 2656, 'n_units_l1': 2784, 'n_units_l2': 3584, 'n_units_l3': 4096, 'n_units_l4': 3680, 'n_units_l5': 1984, 'n_units_l6': 1024, 'n_units_l7': 608, 'n_units_l8': 1792, 'n_units_l9': 2592, 'lr': 0.0008954051766860206}. Best is trial 30 with value: 4.950669372188369.
[I 2025-03-23 10:35:02,828] Trial 42 pruned. 
[I 2025-03-23 10:35:11,506] Trial 43 pruned. 
[I 2025-03-23 10:38:36,754] Trial 34 finished with value: 5.159477511037701 and parameters: {'n_units_l0': 2976, 'n_units_l1': 3968, 'n_units_l2': 1952, 'n_units_l3': 1632, 'n_units_l4': 1408, 'n_units_l5': 576, 'n_units_l6': 1632, 'n_units_l7': 2656, 'n_units_l8': 2048, 'n_units_l9': 2112, 'n_units_l10': 3136, 'lr': 0.0006227436646242604}. Best is trial 34 with value: 5.159477511037701.
[I 2025-03-23 10:47:29,644] Trial 44 finished with value: 8.603794661765463 and parameters: {'n_units_l0': 2272, 'n_units_l1': 2240, 'n_units_l2': 3776, 'n_units_l3': 3744, 'n_units_l4': 3296, 'n_units_l5': 2208, 'n_units_l6': 512, 'n_units_l7': 800, 'n_units_l8': 1760, 'n_units_l9': 2880, 'lr': 0.00358349998786193}. Best is trial 30 with value: 4.950669372188369.
[I 2025-03-23 10:47:36,604] Trial 45 pruned. 
[I 2025-03-23 10:49:08,773] Trial 35 finished with value: 5.6907231399448275 and parameters: {'n_units_l0': 2944, 'n_units_l1': 4032, 'n_units_l2': 1952, 'n_units_l3': 960, 'n_units_l4': 1440, 'n_units_l5': 576, 'n_units_l6': 1600, 'n_units_l7': 2112, 'n_units_l8': 2080, 'n_units_l9': 2624, 'n_units_l10': 2976, 'lr': 0.001479668932436702}. Best is trial 34 with value: 5.159477511037701.
[I 2025-03-23 10:59:46,283] Trial 36 finished with value: 9.767131394828802 and parameters: {'n_units_l0': 3424, 'n_units_l1': 4096, 'n_units_l2': 1952, 'n_units_l3': 864, 'n_units_l4': 1472, 'n_units_l5': 544, 'n_units_l6': 736, 'n_units_l7': 2496, 'n_units_l8': 2048, 'n_units_l9': 2688, 'n_units_l10': 2912, 'lr': 0.0008688421651837919}. Best is trial 34 with value: 5.159477511037701.
[I 2025-03-23 11:01:24,490] Trial 46 finished with value: 18.629228166729934 and parameters: {'n_units_l0': 2720, 'n_units_l1': 3424, 'n_units_l2': 3488, 'n_units_l3': 3136, 'n_units_l4': 3872, 'n_units_l5': 1888, 'n_units_l6': 1792, 'n_units_l7': 480, 'n_units_l8': 2048, 'n_units_l9': 3040, 'lr': 0.0017308789922161408}. Best is trial 30 with value: 4.950669372188369.
[I 2025-03-23 11:01:33,349] Trial 47 pruned. 
[I 2025-03-23 11:01:42,339] Trial 48 pruned. 
[I 2025-03-23 11:01:48,231] Trial 49 pruned. 
[I 2025-03-23 11:01:55,082] Trial 50 pruned. 
[I 2025-03-23 11:02:03,065] Trial 51 pruned. 
[I 2025-03-23 11:02:10,691] Trial 52 pruned. 
[I 2025-03-23 11:09:20,293] Trial 37 finished with value: 7.918505735399709 and parameters: {'n_units_l0': 3872, 'n_units_l1': 3392, 'n_units_l2': 1984, 'n_units_l3': 640, 'n_units_l4': 1600, 'n_units_l5': 480, 'n_units_l6': 160, 'n_units_l7': 2592, 'n_units_l8': 2080, 'n_units_l9': 2816, 'n_units_l10': 2208, 'lr': 0.0004904078129992275}. Best is trial 34 with value: 5.159477511037701.
[I 2025-03-23 11:15:34,253] Trial 53 finished with value: 8.128946915569982 and parameters: {'n_units_l0': 2816, 'n_units_l1': 2528, 'n_units_l2': 3008, 'n_units_l3': 4064, 'n_units_l4': 3776, 'n_units_l5': 2208, 'n_units_l6': 576, 'n_units_l7': 448, 'n_units_l8': 2368, 'n_units_l9': 3328, 'lr': 0.0004627805557010636}. Best is trial 30 with value: 4.950669372188369.
[I 2025-03-23 11:15:43,699] Trial 54 pruned. 
[I 2025-03-23 11:15:52,977] Trial 55 pruned. 
[I 2025-03-23 11:16:01,623] Trial 56 pruned. 
[I 2025-03-23 11:16:09,996] Trial 57 pruned. 
[I 2025-03-23 11:16:17,429] Trial 58 pruned. 
[I 2025-03-23 11:18:58,128] Trial 38 finished with value: 12.176021061523503 and parameters: {'n_units_l0': 3744, 'n_units_l1': 3488, 'n_units_l2': 1952, 'n_units_l3': 640, 'n_units_l4': 1600, 'n_units_l5': 480, 'n_units_l6': 256, 'n_units_l7': 2560, 'n_units_l8': 2112, 'n_units_l9': 2720, 'n_units_l10': 2176, 'lr': 0.00027757826666385084}. Best is trial 34 with value: 5.159477511037701.
[I 2025-03-23 11:22:01,772] Trial 59 finished with value: 14.04184379874574 and parameters: {'n_units_l0': 1856, 'n_units_l1': 2528, 'n_units_l2': 2432, 'n_units_l3': 800, 'n_units_l4': 416, 'n_units_l5': 2112, 'n_units_l6': 1376, 'n_units_l7': 384, 'n_units_l8': 896, 'n_units_l9': 2720, 'lr': 0.003513100980224527}. Best is trial 30 with value: 4.950669372188369.
[I 2025-03-23 11:22:08,268] Trial 60 pruned. 
[I 2025-03-23 11:22:17,515] Trial 61 pruned. 
[I 2025-03-23 11:22:25,534] Trial 62 pruned. 
[I 2025-03-23 11:22:32,357] Trial 63 pruned. 
[I 2025-03-23 11:22:59,809] Trial 64 pruned. 
[I 2025-03-23 11:23:06,580] Trial 65 pruned. 
[I 2025-03-23 11:23:15,052] Trial 66 pruned. 
[I 2025-03-23 11:23:22,475] Trial 67 pruned. 
[I 2025-03-23 11:23:29,133] Trial 68 pruned. 
[I 2025-03-23 11:23:36,538] Trial 69 pruned. 
[I 2025-03-23 11:23:45,349] Trial 70 pruned. 
[I 2025-03-23 11:23:54,452] Trial 71 pruned. 
[I 2025-03-23 11:24:02,875] Trial 72 pruned. 
[I 2025-03-23 11:24:09,097] Trial 73 pruned. 
[I 2025-03-23 11:24:16,420] Trial 74 pruned. 
[I 2025-03-23 11:24:24,212] Trial 75 pruned. 
[I 2025-03-23 11:24:31,998] Trial 76 pruned. 
[I 2025-03-23 11:24:39,340] Trial 77 pruned. 
[I 2025-03-23 11:24:48,025] Trial 78 pruned. 
[I 2025-03-23 11:26:56,811] Trial 39 finished with value: 125.18863301659943 and parameters: {'n_units_l0': 32, 'n_units_l1': 3808, 'n_units_l2': 1280, 'n_units_l3': 800, 'n_units_l4': 1856, 'n_units_l5': 640, 'n_units_l6': 192, 'n_units_l7': 2400, 'n_units_l8': 2496, 'n_units_l9': 3264, 'n_units_l10': 2752, 'lr': 0.0060822663449544186}. Best is trial 34 with value: 5.159477511037701.
[I 2025-03-23 11:33:09,599] Trial 79 pruned. 
[I 2025-03-23 11:33:44,805] Trial 80 pruned. 
[I 2025-03-23 11:33:52,905] Trial 81 pruned. 
[I 2025-03-23 11:34:00,649] Trial 82 pruned. 
[I 2025-03-23 11:34:08,117] Trial 83 pruned. 
[I 2025-03-23 11:36:02,347] Trial 40 finished with value: 125.18868562788272 and parameters: {'n_units_l0': 3424, 'n_units_l1': 4064, 'n_units_l2': 1760, 'n_units_l3': 416, 'n_units_l4': 1376, 'n_units_l5': 352, 'n_units_l6': 544, 'n_units_l7': 2080, 'n_units_l8': 2016, 'n_units_l9': 2592, 'n_units_l10': 1952, 'lr': 0.006452525612136794}. Best is trial 34 with value: 5.159477511037701.
[I 2025-03-23 11:45:21,169] Trial 84 finished with value: 8.906549628422962 and parameters: {'n_units_l0': 2496, 'n_units_l1': 2880, 'n_units_l2': 3360, 'n_units_l3': 3872, 'n_units_l4': 2688, 'n_units_l5': 64, 'n_units_l6': 3040, 'n_units_l7': 736, 'n_units_l8': 2112, 'n_units_l9': 2624, 'lr': 0.002381501855390671}. Best is trial 30 with value: 4.950669372188369.
[I 2025-03-23 11:45:28,406] Trial 85 pruned. 
[I 2025-03-23 11:45:44,861] Trial 41 finished with value: 6.970935083820177 and parameters: {'n_units_l0': 3840, 'n_units_l1': 3456, 'n_units_l2': 2048, 'n_units_l3': 640, 'n_units_l4': 1568, 'n_units_l5': 480, 'n_units_l6': 256, 'n_units_l7': 2624, 'n_units_l8': 2144, 'n_units_l9': 2784, 'n_units_l10': 2304, 'lr': 0.0017972090901966706}. Best is trial 34 with value: 5.159477511037701.
[I 2025-03-23 11:45:51,424] Trial 42 pruned. 
[I 2025-03-23 11:54:57,733] Trial 86 finished with value: 17.349414807117785 and parameters: {'n_units_l0': 3232, 'n_units_l1': 2624, 'n_units_l2': 1056, 'n_units_l3': 3904, 'n_units_l4': 2560, 'n_units_l5': 736, 'n_units_l6': 3328, 'n_units_l7': 928, 'n_units_l8': 2112, 'n_units_l9': 2784, 'lr': 0.002320137710306099}. Best is trial 30 with value: 4.950669372188369.
[I 2025-03-23 11:55:05,742] Trial 87 pruned. 
[I 2025-03-23 11:55:13,824] Trial 88 pruned. 
[I 2025-03-23 11:55:19,211] Trial 89 pruned. 
[I 2025-03-23 11:55:25,842] Trial 90 pruned. 
[I 2025-03-23 11:56:21,186] Trial 43 finished with value: 125.19787249906032 and parameters: {'n_units_l0': 3552, 'n_units_l1': 3616, 'n_units_l2': 1504, 'n_units_l3': 928, 'n_units_l4': 1600, 'n_units_l5': 1024, 'n_units_l6': 672, 'n_units_l7': 2176, 'n_units_l8': 2176, 'n_units_l9': 3552, 'n_units_l10': 2304, 'lr': 0.004077976776485878}. Best is trial 34 with value: 5.159477511037701.
[I 2025-03-23 11:56:26,963] Trial 44 pruned. 
[I 2025-03-23 11:56:33,742] Trial 45 pruned. 
[I 2025-03-23 11:56:49,482] Trial 91 pruned. 
[I 2025-03-23 11:56:56,805] Trial 92 pruned. 
[I 2025-03-23 11:57:04,441] Trial 93 pruned. 
[I 2025-03-23 11:57:10,070] Trial 94 pruned. 
[I 2025-03-23 11:58:59,446] Trial 95 pruned. 
[I 2025-03-23 11:59:06,451] Trial 96 pruned. 
[I 2025-03-23 11:59:38,696] Trial 97 pruned. 
[I 2025-03-23 11:59:44,076] Trial 98 pruned. 
[I 2025-03-23 12:05:24,401] Trial 46 finished with value: 12.881182304166165 and parameters: {'n_units_l0': 3296, 'n_units_l1': 3008, 'n_units_l2': 1056, 'n_units_l3': 448, 'n_units_l4': 1440, 'n_units_l5': 160, 'n_units_l6': 416, 'n_units_l7': 3488, 'n_units_l8': 2400, 'n_units_l9': 2528, 'n_units_l10': 2656, 'lr': 0.0025538826860622378}. Best is trial 34 with value: 5.159477511037701.
[I 2025-03-23 12:05:30,910] Trial 47 pruned. 
[I 2025-03-23 12:05:39,263] Trial 48 pruned. 
[I 2025-03-23 12:05:46,125] Trial 49 pruned. 
[I 2025-03-23 12:05:53,312] Trial 50 pruned. 
[I 2025-03-23 12:11:44,975] Trial 99 finished with value: 14.665713725006317 and parameters: {'n_units_l0': 3008, 'n_units_l1': 3008, 'n_units_l2': 3296, 'n_units_l3': 4000, 'n_units_l4': 1920, 'n_units_l5': 2560, 'n_units_l6': 1728, 'n_units_l7': 320, 'n_units_l8': 1632, 'n_units_l9': 2208, 'lr': 0.0019019416926027682}. Best is trial 30 with value: 4.950669372188369.
[I 2025-03-23 12:11:45,337] A new study created in memory with name: no-name-bff254ce-2c74-45f0-b5aa-809c43a927e4
[I 2025-03-23 12:15:31,363] Trial 51 finished with value: 4.898314042115466 and parameters: {'n_units_l0': 3712, 'n_units_l1': 3488, 'n_units_l2': 1888, 'n_units_l3': 736, 'n_units_l4': 1600, 'n_units_l5': 480, 'n_units_l6': 224, 'n_units_l7': 2624, 'n_units_l8': 2048, 'n_units_l9': 2784, 'n_units_l10': 2272, 'lr': 0.0003552938007775347}. Best is trial 51 with value: 4.898314042115466.
[I 2025-03-23 12:20:44,188] Trial 0 finished with value: inf and parameters: {'n_units_l0': 1824, 'n_units_l1': 160, 'n_units_l2': 960, 'n_units_l3': 1664, 'n_units_l4': 1536, 'n_units_l5': 3808, 'n_units_l6': 2528, 'n_units_l7': 1216, 'n_units_l8': 3456, 'n_units_l9': 2368, 'n_units_l10': 160, 'n_units_l11': 3552, 'lr': 0.07160834943918575}. Best is trial 0 with value: inf.
[I 2025-03-23 12:26:42,342] Trial 52 finished with value: 10.271538747392922 and parameters: {'n_units_l0': 3712, 'n_units_l1': 3680, 'n_units_l2': 1952, 'n_units_l3': 800, 'n_units_l4': 1920, 'n_units_l5': 352, 'n_units_l6': 3168, 'n_units_l7': 2144, 'n_units_l8': 1888, 'n_units_l9': 2688, 'n_units_l10': 2848, 'lr': 0.0008908736609902043}. Best is trial 51 with value: 4.898314042115466.
[I 2025-03-23 12:26:47,609] Trial 53 pruned. 
[I 2025-03-23 12:32:42,199] Trial 1 finished with value: 17.74899736308206 and parameters: {'n_units_l0': 2240, 'n_units_l1': 2944, 'n_units_l2': 2944, 'n_units_l3': 1248, 'n_units_l4': 2784, 'n_units_l5': 3616, 'n_units_l6': 224, 'n_units_l7': 3168, 'n_units_l8': 2432, 'n_units_l9': 1152, 'n_units_l10': 2144, 'n_units_l11': 2528, 'lr': 0.0007843986309135927}. Best is trial 1 with value: 17.74899736308206.
[I 2025-03-23 12:37:31,036] Trial 54 finished with value: 7.198061265108767 and parameters: {'n_units_l0': 4096, 'n_units_l1': 2720, 'n_units_l2': 2176, 'n_units_l3': 1248, 'n_units_l4': 2144, 'n_units_l5': 480, 'n_units_l6': 160, 'n_units_l7': 3168, 'n_units_l8': 2368, 'n_units_l9': 2976, 'n_units_l10': 2272, 'lr': 3.220516464076694e-05}. Best is trial 51 with value: 4.898314042115466.
[I 2025-03-23 12:37:37,407] Trial 55 pruned. 
[I 2025-03-23 12:42:40,686] Trial 2 finished with value: 124.87286432563721 and parameters: {'n_units_l0': 3456, 'n_units_l1': 3328, 'n_units_l2': 544, 'n_units_l3': 3008, 'n_units_l4': 1088, 'n_units_l5': 192, 'n_units_l6': 3168, 'n_units_l7': 1952, 'n_units_l8': 2176, 'n_units_l9': 2720, 'n_units_l10': 1408, 'n_units_l11': 2656, 'lr': 0.012727685621374508}. Best is trial 1 with value: 17.74899736308206.
[I 2025-03-23 12:47:37,887] Trial 56 finished with value: 125.18885891392695 and parameters: {'n_units_l0': 4064, 'n_units_l1': 2720, 'n_units_l2': 2144, 'n_units_l3': 1056, 'n_units_l4': 1696, 'n_units_l5': 224, 'n_units_l6': 160, 'n_units_l7': 2880, 'n_units_l8': 2400, 'n_units_l9': 3168, 'n_units_l10': 2272, 'lr': 0.008475425453887334}. Best is trial 51 with value: 4.898314042115466.
[I 2025-03-23 12:47:45,674] Trial 57 pruned. 
[I 2025-03-23 12:47:51,939] Trial 58 pruned. 
[I 2025-03-23 12:53:11,795] Trial 3 finished with value: 124.87747189665477 and parameters: {'n_units_l0': 1600, 'n_units_l1': 1056, 'n_units_l2': 3040, 'n_units_l3': 352, 'n_units_l4': 2176, 'n_units_l5': 3296, 'n_units_l6': 1088, 'n_units_l7': 3488, 'n_units_l8': 3680, 'n_units_l9': 1216, 'n_units_l10': 1952, 'n_units_l11': 2400, 'lr': 0.038688599666188254}. Best is trial 1 with value: 17.74899736308206.
[I 2025-03-23 12:57:28,813] Trial 59 finished with value: 125.18859392409 and parameters: {'n_units_l0': 3200, 'n_units_l1': 3552, 'n_units_l2': 1088, 'n_units_l3': 672, 'n_units_l4': 1792, 'n_units_l5': 448, 'n_units_l6': 384, 'n_units_l7': 3392, 'n_units_l8': 2560, 'n_units_l9': 2944, 'n_units_l10': 1792, 'lr': 0.003912616768472331}. Best is trial 51 with value: 4.898314042115466.
[I 2025-03-23 12:57:35,785] Trial 60 pruned. 
[I 2025-03-23 13:04:24,441] Trial 4 finished with value: inf and parameters: {'n_units_l0': 3936, 'n_units_l1': 2432, 'n_units_l2': 928, 'n_units_l3': 256, 'n_units_l4': 2624, 'n_units_l5': 1024, 'n_units_l6': 2432, 'n_units_l7': 3712, 'n_units_l8': 1312, 'n_units_l9': 1376, 'n_units_l10': 2816, 'n_units_l11': 3968, 'lr': 0.09150301832118608}. Best is trial 1 with value: 17.74899736308206.
/trinity/home/fisheye/.local/lib/python3.9/site-packages/numpy/lib/function_base.py:4529: RuntimeWarning: invalid value encountered in multiply
  lerp_interpolation = asanyarray(add(a, diff_b_a * t, out=out))
[I 2025-03-23 13:08:10,027] Trial 61 finished with value: 5.562490725910325 and parameters: {'n_units_l0': 3584, 'n_units_l1': 3904, 'n_units_l2': 1984, 'n_units_l3': 960, 'n_units_l4': 1504, 'n_units_l5': 544, 'n_units_l6': 672, 'n_units_l7': 2400, 'n_units_l8': 2016, 'n_units_l9': 2624, 'n_units_l10': 2976, 'lr': 0.000481042839073016}. Best is trial 51 with value: 4.898314042115466.
[I 2025-03-23 13:12:47,583] Trial 5 finished with value: inf and parameters: {'n_units_l0': 1536, 'n_units_l1': 576, 'n_units_l2': 3040, 'n_units_l3': 1856, 'n_units_l4': 1408, 'n_units_l5': 896, 'n_units_l6': 2304, 'n_units_l7': 3584, 'n_units_l8': 1024, 'n_units_l9': 1504, 'n_units_l10': 1376, 'n_units_l11': 2816, 'lr': 0.05822199801145305}. Best is trial 1 with value: 17.74899736308206.
/trinity/home/fisheye/.local/lib/python3.9/site-packages/numpy/lib/function_base.py:4530: RuntimeWarning: invalid value encountered in subtract
  subtract(b, diff_b_a * (1 - t), out=lerp_interpolation, where=t >= 0.5)
[I 2025-03-23 13:17:55,099] Trial 6 finished with value: 124.87206078981747 and parameters: {'n_units_l0': 3520, 'n_units_l1': 352, 'n_units_l2': 3776, 'n_units_l3': 1152, 'n_units_l4': 96, 'n_units_l5': 3328, 'n_units_l6': 448, 'n_units_l7': 2656, 'n_units_l8': 1728, 'n_units_l9': 224, 'n_units_l10': 352, 'n_units_l11': 704, 'lr': 0.014165458983759602}. Best is trial 1 with value: 17.74899736308206.
