[I 2025-03-22 01:24:12,767] Trial 0 finished with value: inf and parameters: {'n_units_l0': 3232, 'n_units_l1': 2880, 'n_units_l2': 2752, 'n_units_l3': 416, 'n_units_l4': 2944, 'n_units_l5': 448, 'n_units_l6': 3072, 'n_units_l7': 864, 'n_units_l8': 64, 'n_units_l9': 672, 'n_units_l10': 3104, 'n_units_l11': 2400, 'lr': 0.08557644260352021}. Best is trial 0 with value: inf.
[I 2025-03-22 01:24:45,403] Trial 22 finished with value: 69.71572563591904 and parameters: {'n_units_l0': 1120, 'n_units_l1': 2368, 'n_units_l2': 1920, 'n_units_l3': 2688, 'n_units_l4': 1984, 'n_units_l5': 1696, 'n_units_l6': 2624, 'n_units_l7': 2880, 'n_units_l8': 1472, 'n_units_l9': 512, 'n_units_l10': 3520, 'lr': 2.436303989289282e-05}. Best is trial 17 with value: 18.150690639425765.
[I 2025-03-22 01:24:45,943] Trial 23 pruned. 
[I 2025-03-22 01:24:46,449] Trial 24 pruned. 
[I 2025-03-22 01:24:47,051] Trial 25 pruned. 
[I 2025-03-22 01:24:47,827] Trial 26 pruned. 
[I 2025-03-22 01:24:53,634] Trial 1 finished with value: 125.0329853456972 and parameters: {'n_units_l0': 2432, 'n_units_l1': 2368, 'n_units_l2': 3264, 'n_units_l3': 3168, 'n_units_l4': 3296, 'n_units_l5': 576, 'n_units_l6': 416, 'n_units_l7': 1696, 'n_units_l8': 2560, 'n_units_l9': 704, 'n_units_l10': 1376, 'n_units_l11': 1952, 'lr': 0.021399469638070986}. Best is trial 1 with value: 125.0329853456972.
[I 2025-03-22 01:25:23,809] Trial 2 finished with value: 127.70985300746578 and parameters: {'n_units_l0': 64, 'n_units_l1': 2880, 'n_units_l2': 1344, 'n_units_l3': 1024, 'n_units_l4': 2816, 'n_units_l5': 1408, 'n_units_l6': 3616, 'n_units_l7': 736, 'n_units_l8': 608, 'n_units_l9': 416, 'n_units_l10': 2368, 'n_units_l11': 4032, 'lr': 0.024127494555308486}. Best is trial 1 with value: 125.0329853456972.
[I 2025-03-22 01:25:47,565] Trial 27 finished with value: 11.354453161945493 and parameters: {'n_units_l0': 3008, 'n_units_l1': 3424, 'n_units_l2': 1344, 'n_units_l3': 2592, 'n_units_l4': 2368, 'n_units_l5': 1376, 'n_units_l6': 1792, 'n_units_l7': 3072, 'n_units_l8': 3776, 'n_units_l9': 3168, 'n_units_l10': 3232, 'lr': 0.0001253596971358701}. Best is trial 27 with value: 11.354453161945493.
[I 2025-03-22 01:25:48,450] Trial 28 pruned. 
[I 2025-03-22 01:25:49,414] Trial 29 pruned. 
[I 2025-03-22 01:25:50,197] Trial 30 pruned. 
[I 2025-03-22 01:25:50,928] Trial 31 pruned. 
[I 2025-03-22 01:25:51,854] Trial 32 pruned. 
[I 2025-03-22 01:25:52,653] Trial 33 pruned. 
[I 2025-03-22 01:25:53,293] Trial 34 pruned. 
[I 2025-03-22 01:25:53,924] Trial 35 pruned. 
[I 2025-03-22 01:25:55,076] Trial 36 pruned. 
[I 2025-03-22 01:25:55,636] Trial 37 pruned. 
[I 2025-03-22 01:25:56,732] Trial 38 pruned. 
[I 2025-03-22 01:25:57,108] Trial 39 pruned. 
[I 2025-03-22 01:26:07,358] Trial 3 finished with value: inf and parameters: {'n_units_l0': 1536, 'n_units_l1': 3072, 'n_units_l2': 1376, 'n_units_l3': 3104, 'n_units_l4': 2912, 'n_units_l5': 2336, 'n_units_l6': 3232, 'n_units_l7': 1600, 'n_units_l8': 352, 'n_units_l9': 3328, 'n_units_l10': 1024, 'n_units_l11': 2432, 'lr': 0.08266049450978383}. Best is trial 1 with value: 125.0329853456972.
[I 2025-03-22 01:26:26,875] Trial 40 finished with value: 14.334050636591874 and parameters: {'n_units_l0': 2656, 'n_units_l1': 3040, 'n_units_l2': 1568, 'n_units_l3': 3040, 'n_units_l4': 448, 'n_units_l5': 384, 'n_units_l6': 1984, 'n_units_l7': 1920, 'n_units_l8': 1248, 'n_units_l9': 2304, 'n_units_l10': 480, 'lr': 4.022961891147082e-05}. Best is trial 27 with value: 11.354453161945493.
[I 2025-03-22 01:26:27,354] Trial 41 pruned. 
[I 2025-03-22 01:26:27,890] Trial 42 pruned. 
[I 2025-03-22 01:26:28,503] Trial 43 pruned. 
[I 2025-03-22 01:26:28,967] Trial 44 pruned. 
[I 2025-03-22 01:26:29,818] Trial 45 pruned. 
[I 2025-03-22 01:26:30,315] Trial 46 pruned. 
[I 2025-03-22 01:26:30,876] Trial 47 pruned. 
[I 2025-03-22 01:26:31,769] Trial 4 finished with value: inf and parameters: {'n_units_l0': 1888, 'n_units_l1': 1024, 'n_units_l2': 2048, 'n_units_l3': 1632, 'n_units_l4': 288, 'n_units_l5': 2048, 'n_units_l6': 2016, 'n_units_l7': 896, 'n_units_l8': 1088, 'n_units_l9': 1504, 'n_units_l10': 2432, 'n_units_l11': 960, 'lr': 0.0960065687352012}. Best is trial 1 with value: 125.0329853456972.
[I 2025-03-22 01:26:31,799] Trial 48 pruned. 
/trinity/home/fisheye/.local/lib/python3.9/site-packages/numpy/lib/function_base.py:4527: RuntimeWarning: invalid value encountered in subtract
  diff_b_a = subtract(b, a)
[I 2025-03-22 01:26:33,422] Trial 49 pruned. 
[I 2025-03-22 01:26:34,631] Trial 50 pruned. 
[I 2025-03-22 01:27:11,491] Trial 51 finished with value: 9.919272605515527 and parameters: {'n_units_l0': 1344, 'n_units_l1': 2368, 'n_units_l2': 1920, 'n_units_l3': 2688, 'n_units_l4': 1920, 'n_units_l5': 1792, 'n_units_l6': 2656, 'n_units_l7': 2784, 'n_units_l8': 1408, 'n_units_l9': 576, 'n_units_l10': 3520, 'lr': 0.0001772235824556574}. Best is trial 51 with value: 9.919272605515527.
[I 2025-03-22 01:27:12,056] Trial 52 pruned. 
[I 2025-03-22 01:27:12,437] Trial 5 finished with value: 126.17696868806404 and parameters: {'n_units_l0': 1440, 'n_units_l1': 2112, 'n_units_l2': 3552, 'n_units_l3': 1568, 'n_units_l4': 608, 'n_units_l5': 608, 'n_units_l6': 896, 'n_units_l7': 3104, 'n_units_l8': 3680, 'n_units_l9': 896, 'n_units_l10': 2880, 'n_units_l11': 2752, 'lr': 0.03927399022788006}. Best is trial 1 with value: 125.0329853456972.
[I 2025-03-22 01:27:12,605] Trial 53 pruned. 
/trinity/home/fisheye/.local/lib/python3.9/site-packages/numpy/lib/function_base.py:4530: RuntimeWarning: invalid value encountered in subtract
  subtract(b, diff_b_a * (1 - t), out=lerp_interpolation, where=t >= 0.5)
[I 2025-03-22 01:27:13,234] Trial 54 pruned. 
[I 2025-03-22 01:27:13,831] Trial 55 pruned. 
[I 2025-03-22 01:27:14,301] Trial 56 pruned. 
[I 2025-03-22 01:27:14,904] Trial 57 pruned. 
[I 2025-03-22 01:27:52,042] Trial 58 finished with value: 12.236129442850748 and parameters: {'n_units_l0': 1696, 'n_units_l1': 1760, 'n_units_l2': 2336, 'n_units_l3': 2496, 'n_units_l4': 2880, 'n_units_l5': 1248, 'n_units_l6': 1760, 'n_units_l7': 2816, 'n_units_l8': 2144, 'n_units_l9': 672, 'n_units_l10': 2752, 'lr': 4.166682380917137e-05}. Best is trial 51 with value: 9.919272605515527.
[I 2025-03-22 01:27:52,544] Trial 59 pruned. 
[I 2025-03-22 01:27:53,171] Trial 60 pruned. 
[I 2025-03-22 01:27:53,728] Trial 61 pruned. 
[I 2025-03-22 01:27:53,798] Trial 6 finished with value: 125.89731736275438 and parameters: {'n_units_l0': 2592, 'n_units_l1': 3552, 'n_units_l2': 1696, 'n_units_l3': 1344, 'n_units_l4': 288, 'n_units_l5': 1696, 'n_units_l6': 2848, 'n_units_l7': 2784, 'n_units_l8': 3264, 'n_units_l9': 416, 'n_units_l10': 3168, 'n_units_l11': 1216, 'lr': 0.03545234394565659}. Best is trial 1 with value: 125.0329853456972.
[I 2025-03-22 01:27:54,293] Trial 62 pruned. 
/trinity/home/fisheye/.local/lib/python3.9/site-packages/numpy/lib/function_base.py:4529: RuntimeWarning: invalid value encountered in multiply
  lerp_interpolation = asanyarray(add(a, diff_b_a * t, out=out))
[I 2025-03-22 01:27:55,132] Trial 63 pruned. 
[I 2025-03-22 01:27:55,796] Trial 64 pruned. 
[I 2025-03-22 01:27:56,506] Trial 65 pruned. 
[I 2025-03-22 01:27:57,011] Trial 66 pruned. 
[I 2025-03-22 01:27:57,985] Trial 67 pruned. 
[I 2025-03-22 01:27:58,578] Trial 68 pruned. 
[I 2025-03-22 01:27:59,097] Trial 69 pruned. 
[I 2025-03-22 01:27:59,681] Trial 70 pruned. 
[I 2025-03-22 01:28:00,262] Trial 71 pruned. 
[I 2025-03-22 01:28:00,877] Trial 72 pruned. 
[I 2025-03-22 01:28:01,375] Trial 73 pruned. 
[I 2025-03-22 01:28:02,252] Trial 74 pruned. 
[I 2025-03-22 01:28:03,115] Trial 75 pruned. 
[I 2025-03-22 01:28:03,897] Trial 76 pruned. 
[I 2025-03-22 01:28:04,459] Trial 77 pruned. 
[I 2025-03-22 01:28:05,122] Trial 78 pruned. 
[I 2025-03-22 01:28:05,715] Trial 79 pruned. 
[I 2025-03-22 01:28:06,449] Trial 80 pruned. 
[I 2025-03-22 01:28:06,927] Trial 81 pruned. 
[I 2025-03-22 01:28:07,636] Trial 82 pruned. 
[I 2025-03-22 01:28:08,151] Trial 83 pruned. 
[I 2025-03-22 01:28:08,728] Trial 84 pruned. 
[I 2025-03-22 01:28:09,293] Trial 85 pruned. 
[I 2025-03-22 01:28:36,309] Trial 7 finished with value: inf and parameters: {'n_units_l0': 1216, 'n_units_l1': 1696, 'n_units_l2': 1888, 'n_units_l3': 3328, 'n_units_l4': 3104, 'n_units_l5': 3232, 'n_units_l6': 1120, 'n_units_l7': 320, 'n_units_l8': 2016, 'n_units_l9': 2208, 'n_units_l10': 1280, 'n_units_l11': 3616, 'lr': 0.0824802635481435}. Best is trial 1 with value: 125.0329853456972.
[I 2025-03-22 01:28:40,254] Trial 86 finished with value: 8.359295975192012 and parameters: {'n_units_l0': 1632, 'n_units_l1': 3872, 'n_units_l2': 1344, 'n_units_l3': 928, 'n_units_l4': 800, 'n_units_l5': 1472, 'n_units_l6': 2720, 'n_units_l7': 3264, 'n_units_l8': 384, 'n_units_l9': 1632, 'n_units_l10': 1600, 'lr': 0.00012135711163215523}. Best is trial 86 with value: 8.359295975192012.
[I 2025-03-22 01:29:07,949] Trial 8 finished with value: 507.36171199189283 and parameters: {'n_units_l0': 768, 'n_units_l1': 96, 'n_units_l2': 928, 'n_units_l3': 1024, 'n_units_l4': 160, 'n_units_l5': 192, 'n_units_l6': 1536, 'n_units_l7': 1632, 'n_units_l8': 3680, 'n_units_l9': 2048, 'n_units_l10': 4064, 'n_units_l11': 1888, 'lr': 0.06416756403697459}. Best is trial 1 with value: 125.0329853456972.
[I 2025-03-22 01:29:11,051] Trial 87 finished with value: 8.74155405750425 and parameters: {'n_units_l0': 1600, 'n_units_l1': 3936, 'n_units_l2': 1280, 'n_units_l3': 1088, 'n_units_l4': 864, 'n_units_l5': 1440, 'n_units_l6': 2432, 'n_units_l7': 3296, 'n_units_l8': 736, 'n_units_l9': 1504, 'n_units_l10': 1504, 'lr': 0.0001320035270903241}. Best is trial 86 with value: 8.359295975192012.
[I 2025-03-22 01:29:42,974] Trial 88 finished with value: 11.399516721410075 and parameters: {'n_units_l0': 1632, 'n_units_l1': 3872, 'n_units_l2': 1312, 'n_units_l3': 992, 'n_units_l4': 1216, 'n_units_l5': 1504, 'n_units_l6': 2432, 'n_units_l7': 3584, 'n_units_l8': 736, 'n_units_l9': 1504, 'n_units_l10': 928, 'lr': 9.183741200356532e-05}. Best is trial 86 with value: 8.359295975192012.
[I 2025-03-22 01:29:43,534] Trial 89 pruned. 
[I 2025-03-22 01:29:43,961] Trial 9 finished with value: inf and parameters: {'n_units_l0': 2432, 'n_units_l1': 832, 'n_units_l2': 1568, 'n_units_l3': 1056, 'n_units_l4': 3296, 'n_units_l5': 3456, 'n_units_l6': 1856, 'n_units_l7': 2112, 'n_units_l8': 2944, 'n_units_l9': 704, 'n_units_l10': 2080, 'n_units_l11': 96, 'lr': 0.07376662445784377}. Best is trial 1 with value: 125.0329853456972.
[I 2025-03-22 01:29:44,024] Trial 90 pruned. 
[I 2025-03-22 01:29:44,524] Trial 91 pruned. 
[I 2025-03-22 01:29:45,054] Trial 92 pruned. 
[I 2025-03-22 01:29:45,617] Trial 93 pruned. 
[I 2025-03-22 01:29:46,094] Trial 94 pruned. 
[I 2025-03-22 01:29:46,500] Trial 95 pruned. 
[I 2025-03-22 01:29:47,149] Trial 96 pruned. 
[I 2025-03-22 01:29:47,649] Trial 97 pruned. 
[I 2025-03-22 01:29:48,026] Trial 98 pruned. 
[I 2025-03-22 01:29:48,624] Trial 99 pruned. 
[I 2025-03-22 01:29:48,709] A new study created in memory with name: no-name-d30eec6c-f5e2-4eab-8856-cabf2ff050fc
[I 2025-03-22 01:30:06,718] Trial 0 finished with value: 42.46477789959598 and parameters: {'n_units_l0': 288, 'n_units_l1': 3200, 'lr': 0.071416384211881}. Best is trial 0 with value: 42.46477789959598.
[I 2025-03-22 01:30:24,763] Trial 1 finished with value: 41.30262047138553 and parameters: {'n_units_l0': 224, 'n_units_l1': 3072, 'lr': 0.04051016689825814}. Best is trial 1 with value: 41.30262047138553.
[I 2025-03-22 01:30:43,113] Trial 2 finished with value: 16.832106608785118 and parameters: {'n_units_l0': 4000, 'n_units_l1': 3072, 'lr': 0.0023346082689039136}. Best is trial 2 with value: 16.832106608785118.
[I 2025-03-22 01:30:46,876] Trial 10 finished with value: 124.98024399689511 and parameters: {'n_units_l0': 3808, 'n_units_l1': 4064, 'n_units_l2': 4096, 'n_units_l3': 2528, 'n_units_l4': 3936, 'n_units_l5': 1024, 'n_units_l6': 64, 'n_units_l7': 4000, 'n_units_l8': 2240, 'n_units_l9': 4032, 'n_units_l10': 288, 'n_units_l11': 3200, 'lr': 0.0021601209527676336}. Best is trial 10 with value: 124.98024399689511.
[I 2025-03-22 01:31:01,287] Trial 3 finished with value: 40.46675989875021 and parameters: {'n_units_l0': 3840, 'n_units_l1': 736, 'lr': 0.05347802800042298}. Best is trial 2 with value: 16.832106608785118.
[I 2025-03-22 01:31:19,567] Trial 4 finished with value: 25.498438031158383 and parameters: {'n_units_l0': 3840, 'n_units_l1': 2752, 'lr': 0.008184837173915736}. Best is trial 2 with value: 16.832106608785118.
[I 2025-03-22 01:31:19,935] Trial 5 pruned. 
[I 2025-03-22 01:31:20,211] Trial 6 pruned. 
[I 2025-03-22 01:31:24,170] Trial 7 pruned. 
[I 2025-03-22 01:31:24,521] Trial 8 pruned. 
[I 2025-03-22 01:31:29,702] Trial 9 pruned. 
[I 2025-03-22 01:31:29,939] Trial 10 pruned. 
[I 2025-03-22 01:31:30,344] Trial 11 pruned. 
[I 2025-03-22 01:31:30,568] Trial 12 pruned. 
[I 2025-03-22 01:31:30,764] Trial 13 pruned. 
[I 2025-03-22 01:31:31,366] Trial 14 pruned. 
[I 2025-03-22 01:31:31,589] Trial 15 pruned. 
[I 2025-03-22 01:31:32,131] Trial 16 pruned. 
[I 2025-03-22 01:31:32,624] Trial 17 pruned. 
[I 2025-03-22 01:31:33,044] Trial 18 pruned. 
[I 2025-03-22 01:31:33,268] Trial 19 pruned. 
[I 2025-03-22 01:31:33,661] Trial 20 pruned. 
[I 2025-03-22 01:31:38,815] Trial 21 pruned. 
[I 2025-03-22 01:31:39,020] Trial 22 pruned. 
[I 2025-03-22 01:31:39,604] Trial 23 pruned. 
[I 2025-03-22 01:31:39,976] Trial 24 pruned. 
[I 2025-03-22 01:31:40,344] Trial 25 pruned. 
[I 2025-03-22 01:31:40,741] Trial 26 pruned. 
[I 2025-03-22 01:31:41,107] Trial 27 pruned. 
[I 2025-03-22 01:31:41,495] Trial 28 pruned. 
[I 2025-03-22 01:31:41,719] Trial 29 pruned. 
[I 2025-03-22 01:31:42,040] Trial 30 pruned. 
[I 2025-03-22 01:31:47,935] Trial 11 finished with value: 125.00547334114893 and parameters: {'n_units_l0': 3872, 'n_units_l1': 4064, 'n_units_l2': 4096, 'n_units_l3': 2592, 'n_units_l4': 4032, 'n_units_l5': 1056, 'n_units_l6': 160, 'n_units_l7': 3840, 'n_units_l8': 2048, 'n_units_l9': 3968, 'n_units_l10': 32, 'n_units_l11': 3200, 'lr': 0.0037854852574973454}. Best is trial 10 with value: 124.98024399689511.
[I 2025-03-22 01:31:52,680] Trial 31 pruned. 
[I 2025-03-22 01:31:53,067] Trial 32 pruned. 
[I 2025-03-22 01:31:53,255] Trial 33 pruned. 
[I 2025-03-22 01:31:57,339] Trial 34 pruned. 
[I 2025-03-22 01:31:57,746] Trial 35 pruned. 
[I 2025-03-22 01:31:58,132] Trial 36 pruned. 
[I 2025-03-22 01:31:58,565] Trial 37 pruned. 
[I 2025-03-22 01:31:59,334] Trial 38 pruned. 
[I 2025-03-22 01:31:59,697] Trial 39 pruned. 
[I 2025-03-22 01:31:59,949] Trial 40 pruned. 
[I 2025-03-22 01:32:00,143] Trial 41 pruned. 
[I 2025-03-22 01:32:05,936] Trial 42 pruned. 
[I 2025-03-22 01:32:10,027] Trial 43 pruned. 
[I 2025-03-22 01:32:15,841] Trial 44 pruned. 
[I 2025-03-22 01:32:16,217] Trial 45 pruned. 
[I 2025-03-22 01:32:16,405] Trial 46 pruned. 
[I 2025-03-22 01:32:16,598] Trial 47 pruned. 
[I 2025-03-22 01:32:17,137] Trial 48 pruned. 
[I 2025-03-22 01:32:17,521] Trial 49 pruned. 
[I 2025-03-22 01:32:17,923] Trial 50 pruned. 
[I 2025-03-22 01:32:23,740] Trial 51 pruned. 
[I 2025-03-22 01:32:26,494] Trial 52 pruned. 
[I 2025-03-22 01:32:26,867] Trial 53 pruned. 
[I 2025-03-22 01:32:27,716] Trial 54 pruned. 
[I 2025-03-22 01:32:30,374] Trial 55 pruned. 
[I 2025-03-22 01:32:31,210] Trial 56 pruned. 
[I 2025-03-22 01:32:31,577] Trial 57 pruned. 
[I 2025-03-22 01:32:31,954] Trial 58 pruned. 
[I 2025-03-22 01:32:32,360] Trial 59 pruned. 
[I 2025-03-22 01:32:32,731] Trial 60 pruned. 
[I 2025-03-22 01:32:38,206] Trial 61 pruned. 
[I 2025-03-22 01:32:42,167] Trial 62 pruned. 
[I 2025-03-22 01:32:42,358] Trial 63 pruned. 
[I 2025-03-22 01:32:48,191] Trial 64 pruned. 
[I 2025-03-22 01:32:48,613] Trial 65 pruned. 
[I 2025-03-22 01:32:48,897] Trial 66 pruned. 
[I 2025-03-22 01:32:49,184] Trial 12 finished with value: 16.359388519404714 and parameters: {'n_units_l0': 4000, 'n_units_l1': 4064, 'n_units_l2': 3936, 'n_units_l3': 2592, 'n_units_l4': 4000, 'n_units_l5': 1152, 'n_units_l6': 160, 'n_units_l7': 3904, 'n_units_l8': 1856, 'n_units_l9': 3968, 'n_units_l10': 32, 'n_units_l11': 3232, 'lr': 0.00017252020036150712}. Best is trial 12 with value: 16.359388519404714.
[I 2025-03-22 01:32:49,306] Trial 67 pruned. 
[I 2025-03-22 01:32:52,057] Trial 68 pruned. 
[I 2025-03-22 01:33:10,233] Trial 69 finished with value: 30.951620651049733 and parameters: {'n_units_l0': 288, 'n_units_l1': 2240, 'lr': 0.03740319637676123}. Best is trial 2 with value: 16.832106608785118.
[I 2025-03-22 01:33:10,442] Trial 70 pruned. 
[I 2025-03-22 01:33:15,823] Trial 71 pruned. 
[I 2025-03-22 01:33:19,895] Trial 72 pruned. 
[I 2025-03-22 01:33:24,941] Trial 73 pruned. 
[I 2025-03-22 01:33:30,063] Trial 74 pruned. 
[I 2025-03-22 01:33:30,437] Trial 75 pruned. 
[I 2025-03-22 01:33:35,556] Trial 76 pruned. 
[I 2025-03-22 01:33:35,973] Trial 77 pruned. 
[I 2025-03-22 01:33:36,200] Trial 78 pruned. 
[I 2025-03-22 01:33:40,186] Trial 79 pruned. 
[I 2025-03-22 01:33:40,530] Trial 80 pruned. 
[I 2025-03-22 01:33:40,727] Trial 81 pruned. 
[I 2025-03-22 01:33:44,706] Trial 82 pruned. 
[I 2025-03-22 01:33:47,027] Trial 13 finished with value: 124.96892300884463 and parameters: {'n_units_l0': 4096, 'n_units_l1': 3968, 'n_units_l2': 3936, 'n_units_l3': 4000, 'n_units_l4': 1728, 'n_units_l5': 2688, 'n_units_l6': 64, 'n_units_l7': 3936, 'n_units_l8': 1248, 'n_units_l9': 3840, 'n_units_l10': 64, 'n_units_l11': 3168, 'lr': 0.010915646911597892}. Best is trial 12 with value: 16.359388519404714.
[I 2025-03-22 01:33:47,456] Trial 83 pruned. 
[I 2025-03-22 01:33:47,821] Trial 84 pruned. 
[I 2025-03-22 01:33:48,202] Trial 85 pruned. 
[I 2025-03-22 01:33:49,558] Trial 86 pruned. 
[I 2025-03-22 01:33:50,413] Trial 14 pruned. 
[I 2025-03-22 01:33:51,249] Trial 15 pruned. 
[I 2025-03-22 01:33:52,710] Trial 16 pruned. 
[I 2025-03-22 01:33:54,577] Trial 87 pruned. 
[I 2025-03-22 01:33:54,942] Trial 88 pruned. 
[I 2025-03-22 01:33:55,174] Trial 89 pruned. 
[I 2025-03-22 01:33:55,416] Trial 90 pruned. 
[I 2025-03-22 01:34:01,414] Trial 91 pruned. 
[I 2025-03-22 01:34:06,553] Trial 92 pruned. 
[I 2025-03-22 01:34:06,922] Trial 93 pruned. 
[I 2025-03-22 01:34:12,927] Trial 94 pruned. 
[I 2025-03-22 01:34:13,298] Trial 95 pruned. 
[I 2025-03-22 01:34:13,543] Trial 96 pruned. 
[I 2025-03-22 01:34:14,027] Trial 97 pruned. 
[I 2025-03-22 01:34:14,250] Trial 98 pruned. 
[I 2025-03-22 01:34:14,649] Trial 99 pruned. 
[I 2025-03-22 01:34:14,755] A new study created in memory with name: no-name-333ef9ac-75ad-4032-9afb-d4a3879f8eb6
[I 2025-03-22 01:34:33,119] Trial 17 finished with value: 125.07215380895407 and parameters: {'n_units_l0': 3488, 'n_units_l1': 1600, 'n_units_l2': 2656, 'n_units_l3': 3552, 'n_units_l4': 2176, 'n_units_l5': 2016, 'n_units_l6': 608, 'n_units_l7': 4064, 'n_units_l8': 1536, 'n_units_l9': 2752, 'n_units_l10': 32, 'n_units_l11': 2752, 'lr': 0.0332855888152884}. Best is trial 12 with value: 16.359388519404714.
[I 2025-03-22 01:34:40,647] Trial 0 finished with value: 125.35527042514208 and parameters: {'n_units_l0': 2496, 'n_units_l1': 4032, 'n_units_l2': 2304, 'lr': 0.08804842874606962}. Best is trial 0 with value: 125.35527042514208.
[I 2025-03-22 01:35:00,913] Trial 1 finished with value: 27.46808596963455 and parameters: {'n_units_l0': 3104, 'n_units_l1': 3968, 'n_units_l2': 928, 'lr': 0.007944901724608}. Best is trial 1 with value: 27.46808596963455.
[I 2025-03-22 01:35:17,060] Trial 18 finished with value: 37.63985132709727 and parameters: {'n_units_l0': 2752, 'n_units_l1': 2464, 'n_units_l2': 3712, 'n_units_l3': 2112, 'n_units_l4': 2272, 'n_units_l5': 2528, 'n_units_l6': 32, 'n_units_l7': 3392, 'n_units_l8': 1792, 'n_units_l9': 3648, 'n_units_l10': 608, 'n_units_l11': 1440, 'lr': 0.0003842585740242658}. Best is trial 12 with value: 16.359388519404714.
[I 2025-03-22 01:35:17,713] Trial 19 pruned. 
[I 2025-03-22 01:35:20,427] Trial 2 finished with value: 125.3990421669465 and parameters: {'n_units_l0': 224, 'n_units_l1': 3168, 'n_units_l2': 2496, 'lr': 0.08522468962797507}. Best is trial 1 with value: 27.46808596963455.
[I 2025-03-22 01:35:39,779] Trial 3 finished with value: 125.39383302092479 and parameters: {'n_units_l0': 1984, 'n_units_l1': 224, 'n_units_l2': 4064, 'lr': 0.03302580104033626}. Best is trial 1 with value: 27.46808596963455.
[I 2025-03-22 01:35:59,223] Trial 4 finished with value: 125.3601182615725 and parameters: {'n_units_l0': 2880, 'n_units_l1': 2016, 'n_units_l2': 1792, 'lr': 0.028449788580925103}. Best is trial 1 with value: 27.46808596963455.
[I 2025-03-22 01:36:07,431] Trial 20 finished with value: 18.369126261394896 and parameters: {'n_units_l0': 2880, 'n_units_l1': 1504, 'n_units_l2': 3648, 'n_units_l3': 2912, 'n_units_l4': 2496, 'n_units_l5': 2400, 'n_units_l6': 1696, 'n_units_l7': 2688, 'n_units_l8': 2528, 'n_units_l9': 2624, 'n_units_l10': 480, 'n_units_l11': 1472, 'lr': 0.000462364281345046}. Best is trial 12 with value: 16.359388519404714.
[I 2025-03-22 01:36:18,666] Trial 5 finished with value: 30.184727968398363 and parameters: {'n_units_l0': 3744, 'n_units_l1': 1824, 'n_units_l2': 480, 'lr': 0.04222849372242945}. Best is trial 1 with value: 27.46808596963455.
[I 2025-03-22 01:36:19,043] Trial 6 pruned. 
[I 2025-03-22 01:36:25,289] Trial 7 pruned. 
[I 2025-03-22 01:36:45,512] Trial 8 finished with value: 37.7298814978045 and parameters: {'n_units_l0': 2560, 'n_units_l1': 2624, 'n_units_l2': 3488, 'lr': 0.047497230196410486}. Best is trial 1 with value: 27.46808596963455.
[I 2025-03-22 01:36:49,889] Trial 9 pruned. 
[I 2025-03-22 01:36:55,263] Trial 10 pruned. 
[I 2025-03-22 01:36:59,490] Trial 21 finished with value: 37.97376659089286 and parameters: {'n_units_l0': 2944, 'n_units_l1': 1344, 'n_units_l2': 3680, 'n_units_l3': 2752, 'n_units_l4': 2528, 'n_units_l5': 2400, 'n_units_l6': 2528, 'n_units_l7': 2752, 'n_units_l8': 2592, 'n_units_l9': 2688, 'n_units_l10': 384, 'n_units_l11': 1600, 'lr': 0.0019302844229123737}. Best is trial 12 with value: 16.359388519404714.
