[I 2025-03-21 23:51:37,105] Trial 81 finished with value: 75.40420839590696 and parameters: {'n_units_l0': 2912, 'n_units_l1': 2144, 'n_units_l2': 2240, 'n_units_l3': 3424, 'n_units_l4': 3488, 'n_units_l5': 1216, 'n_units_l6': 2048, 'lr': 0.0005748350079583225}. Best is trial 41 with value: 38.72031647285551.
[I 2025-03-21 23:51:37,278] Trial 82 pruned. 
[I 2025-03-21 23:51:37,560] Trial 83 pruned. 
[I 2025-03-21 23:51:38,077] Trial 84 pruned. 
[I 2025-03-21 23:51:38,414] Trial 85 pruned. 
[I 2025-03-21 23:51:38,738] Trial 86 pruned. 
[I 2025-03-21 23:51:39,071] Trial 87 pruned. 
[I 2025-03-21 23:51:39,138] Trial 31 finished with value: 65.97198615977966 and parameters: {'n_units_l0': 2400, 'n_units_l1': 1728, 'n_units_l2': 1280, 'n_units_l3': 96, 'n_units_l4': 64, 'n_units_l5': 256, 'n_units_l6': 960, 'n_units_l7': 2208, 'lr': 0.00033793059546322795}. Best is trial 17 with value: 31.270583099165773.
[I 2025-03-21 23:51:39,255] Trial 32 pruned. 
[I 2025-03-21 23:51:39,357] Trial 33 pruned. 
[I 2025-03-21 23:51:39,481] Trial 34 pruned. 
[I 2025-03-21 23:51:39,631] Trial 35 pruned. 
[I 2025-03-21 23:51:39,754] Trial 36 pruned. 
[I 2025-03-21 23:51:39,895] Trial 37 pruned. 
[I 2025-03-21 23:51:40,204] Trial 38 pruned. 
[I 2025-03-21 23:51:40,407] Trial 39 pruned. 
[I 2025-03-21 23:51:40,543] Trial 88 pruned. 
[I 2025-03-21 23:51:40,560] Trial 40 pruned. 
[I 2025-03-21 23:51:40,808] Trial 89 pruned. 
[I 2025-03-21 23:51:41,126] Trial 90 pruned. 
[I 2025-03-21 23:51:41,406] Trial 91 pruned. 
[I 2025-03-21 23:51:41,645] Trial 92 pruned. 
[I 2025-03-21 23:51:41,895] Trial 93 pruned. 
[I 2025-03-21 23:51:42,197] Trial 94 pruned. 
[I 2025-03-21 23:51:42,564] Trial 95 pruned. 
[I 2025-03-21 23:51:42,798] Trial 96 pruned. 
[I 2025-03-21 23:51:42,976] Trial 97 pruned. 
[I 2025-03-21 23:51:43,272] Trial 98 pruned. 
[I 2025-03-21 23:51:43,400] Trial 99 pruned. 
[I 2025-03-21 23:51:43,418] A new study created in memory with name: no-name-86185d38-16d9-456a-91e3-17aeb13b62e0
[I 2025-03-21 23:51:44,777] Trial 41 finished with value: 23.03748213824104 and parameters: {'n_units_l0': 2368, 'n_units_l1': 1632, 'n_units_l2': 1216, 'n_units_l3': 160, 'n_units_l4': 32, 'n_units_l5': 224, 'n_units_l6': 960, 'n_units_l7': 2208, 'lr': 0.0009592051320697521}. Best is trial 41 with value: 23.03748213824104.
[I 2025-03-21 23:51:45,034] Trial 42 pruned. 
[I 2025-03-21 23:51:45,196] Trial 43 pruned. 
[I 2025-03-21 23:51:45,430] Trial 44 pruned. 
[I 2025-03-21 23:51:45,619] Trial 45 pruned. 
[I 2025-03-21 23:51:45,749] Trial 46 pruned. 
[I 2025-03-21 23:51:45,885] Trial 47 pruned. 
[I 2025-03-21 23:51:46,016] Trial 48 pruned. 
[I 2025-03-21 23:51:46,181] Trial 49 pruned. 
[I 2025-03-21 23:51:47,881] Trial 0 finished with value: 124.85890197753906 and parameters: {'n_units_l0': 640, 'n_units_l1': 1760, 'n_units_l2': 1568, 'n_units_l3': 1312, 'n_units_l4': 2240, 'n_units_l5': 64, 'n_units_l6': 288, 'n_units_l7': 1312, 'n_units_l8': 2656, 'lr': 0.01718282786306306}. Best is trial 0 with value: 124.85890197753906.
[I 2025-03-21 23:51:50,323] Trial 50 finished with value: 67.7050686206693 and parameters: {'n_units_l0': 1472, 'n_units_l1': 1728, 'n_units_l2': 1664, 'n_units_l3': 1216, 'n_units_l4': 416, 'n_units_l5': 416, 'n_units_l6': 768, 'n_units_l7': 3552, 'lr': 0.0003953173442339626}. Best is trial 41 with value: 23.03748213824104.
[I 2025-03-21 23:51:50,439] Trial 51 pruned. 
[I 2025-03-21 23:51:54,586] Trial 52 finished with value: 71.56955397861456 and parameters: {'n_units_l0': 2464, 'n_units_l1': 1952, 'n_units_l2': 1024, 'n_units_l3': 736, 'n_units_l4': 32, 'n_units_l5': 192, 'n_units_l6': 1024, 'n_units_l7': 2240, 'lr': 0.00030643033875409173}. Best is trial 41 with value: 23.03748213824104.
[I 2025-03-21 23:51:54,701] Trial 53 pruned. 
[I 2025-03-21 23:51:54,844] Trial 54 pruned. 
[I 2025-03-21 23:51:54,973] Trial 55 pruned. 
[I 2025-03-21 23:51:55,092] Trial 56 pruned. 
[I 2025-03-21 23:51:55,233] Trial 57 pruned. 
[I 2025-03-21 23:51:55,385] Trial 58 pruned. 
[I 2025-03-21 23:51:55,498] Trial 59 pruned. 
[I 2025-03-21 23:51:55,550] Trial 1 finished with value: 1008.4590861002604 and parameters: {'n_units_l0': 1888, 'n_units_l1': 1696, 'n_units_l2': 736, 'n_units_l3': 608, 'n_units_l4': 1888, 'n_units_l5': 3968, 'n_units_l6': 1888, 'n_units_l7': 2688, 'n_units_l8': 2688, 'lr': 0.08525589587555336}. Best is trial 0 with value: 124.85890197753906.
[I 2025-03-21 23:51:55,666] Trial 60 pruned. 
[I 2025-03-21 23:51:55,902] Trial 61 pruned. 
[I 2025-03-21 23:52:00,081] Trial 62 finished with value: 76.73453430973626 and parameters: {'n_units_l0': 1568, 'n_units_l1': 1696, 'n_units_l2': 1248, 'n_units_l3': 1088, 'n_units_l4': 416, 'n_units_l5': 3168, 'n_units_l6': 800, 'n_units_l7': 3616, 'lr': 0.00015329817422793433}. Best is trial 41 with value: 23.03748213824104.
[I 2025-03-21 23:52:00,203] Trial 63 pruned. 
[I 2025-03-21 23:52:04,305] Trial 64 pruned. 
[I 2025-03-21 23:52:04,428] Trial 65 pruned. 
[I 2025-03-21 23:52:04,599] Trial 66 pruned. 
[I 2025-03-21 23:52:04,734] Trial 67 pruned. 
[I 2025-03-21 23:52:04,851] Trial 68 pruned. 
[I 2025-03-21 23:52:04,967] Trial 69 pruned. 
[I 2025-03-21 23:52:05,115] Trial 70 pruned. 
[I 2025-03-21 23:52:05,282] Trial 71 pruned. 
[I 2025-03-21 23:52:05,719] Trial 2 finished with value: 124.3477300008138 and parameters: {'n_units_l0': 1216, 'n_units_l1': 3072, 'n_units_l2': 3456, 'n_units_l3': 3840, 'n_units_l4': 2272, 'n_units_l5': 1856, 'n_units_l6': 1536, 'n_units_l7': 608, 'n_units_l8': 3616, 'lr': 0.024664014832809195}. Best is trial 2 with value: 124.3477300008138.
[I 2025-03-21 23:52:09,642] Trial 72 finished with value: 38.87883518692715 and parameters: {'n_units_l0': 3168, 'n_units_l1': 3008, 'n_units_l2': 512, 'n_units_l3': 128, 'n_units_l4': 128, 'n_units_l5': 128, 'n_units_l6': 1824, 'n_units_l7': 3200, 'lr': 0.0052321069995717685}. Best is trial 41 with value: 23.03748213824104.
[I 2025-03-21 23:52:09,804] Trial 73 pruned. 
[I 2025-03-21 23:52:09,929] Trial 74 pruned. 
[I 2025-03-21 23:52:10,109] Trial 75 pruned. 
[I 2025-03-21 23:52:10,298] Trial 76 pruned. 
[I 2025-03-21 23:52:10,452] Trial 77 pruned. 
[I 2025-03-21 23:52:10,616] Trial 78 pruned. 
[I 2025-03-21 23:52:10,845] Trial 79 pruned. 
[I 2025-03-21 23:52:10,975] Trial 80 pruned. 
[I 2025-03-21 23:52:15,996] Trial 81 finished with value: 29.335577183143766 and parameters: {'n_units_l0': 3264, 'n_units_l1': 3200, 'n_units_l2': 1056, 'n_units_l3': 96, 'n_units_l4': 32, 'n_units_l5': 32, 'n_units_l6': 2240, 'n_units_l7': 2656, 'lr': 0.0014845447796440917}. Best is trial 41 with value: 23.03748213824104.
[I 2025-03-21 23:52:17,095] Trial 3 finished with value: 124.38939412434895 and parameters: {'n_units_l0': 1888, 'n_units_l1': 2784, 'n_units_l2': 4032, 'n_units_l3': 2432, 'n_units_l4': 3040, 'n_units_l5': 1600, 'n_units_l6': 160, 'n_units_l7': 4032, 'n_units_l8': 3296, 'lr': 0.015192049836101696}. Best is trial 2 with value: 124.3477300008138.
[I 2025-03-21 23:52:21,502] Trial 82 finished with value: 55.22582814833697 and parameters: {'n_units_l0': 3584, 'n_units_l1': 3104, 'n_units_l2': 1088, 'n_units_l3': 128, 'n_units_l4': 96, 'n_units_l5': 96, 'n_units_l6': 2240, 'n_units_l7': 3232, 'lr': 0.0001887312177265264}. Best is trial 41 with value: 23.03748213824104.
[I 2025-03-21 23:52:21,698] Trial 83 pruned. 
[I 2025-03-21 23:52:21,902] Trial 84 pruned. 
[I 2025-03-21 23:52:22,090] Trial 85 pruned. 
[I 2025-03-21 23:52:22,263] Trial 86 pruned. 
[I 2025-03-21 23:52:22,554] Trial 4 finished with value: 132.3548583984375 and parameters: {'n_units_l0': 224, 'n_units_l1': 3584, 'n_units_l2': 512, 'n_units_l3': 640, 'n_units_l4': 3328, 'n_units_l5': 544, 'n_units_l6': 3552, 'n_units_l7': 2016, 'n_units_l8': 2304, 'lr': 0.05690808728716977}. Best is trial 2 with value: 124.3477300008138.
[I 2025-03-21 23:52:22,614] Trial 87 pruned. 
[I 2025-03-21 23:52:22,809] Trial 88 pruned. 
[I 2025-03-21 23:52:22,955] Trial 89 pruned. 
[I 2025-03-21 23:52:23,135] Trial 90 pruned. 
[I 2025-03-21 23:52:23,386] Trial 91 pruned. 
[I 2025-03-21 23:52:23,597] Trial 92 pruned. 
[I 2025-03-21 23:52:23,796] Trial 93 pruned. 
[I 2025-03-21 23:52:24,000] Trial 94 pruned. 
[I 2025-03-21 23:52:24,193] Trial 95 pruned. 
[I 2025-03-21 23:52:24,394] Trial 96 pruned. 
[I 2025-03-21 23:52:24,560] Trial 97 pruned. 
[I 2025-03-21 23:52:24,752] Trial 98 pruned. 
[I 2025-03-21 23:52:24,875] Trial 99 pruned. 
[I 2025-03-21 23:52:24,892] A new study created in memory with name: no-name-02adec9e-08e8-40fb-9666-6a48f1efdac8
[I 2025-03-21 23:52:29,404] Trial 5 finished with value: 124.34102630615234 and parameters: {'n_units_l0': 1728, 'n_units_l1': 192, 'n_units_l2': 1472, 'n_units_l3': 1632, 'n_units_l4': 2656, 'n_units_l5': 3072, 'n_units_l6': 2560, 'n_units_l7': 1184, 'n_units_l8': 1536, 'lr': 0.012942375429259707}. Best is trial 5 with value: 124.34102630615234.
[I 2025-03-21 23:52:29,716] Trial 6 pruned. 
[I 2025-03-21 23:52:33,127] Trial 0 finished with value: 124.75202833761381 and parameters: {'n_units_l0': 416, 'n_units_l1': 96, 'n_units_l2': 3680, 'n_units_l3': 3584, 'n_units_l4': 704, 'n_units_l5': 1728, 'n_units_l6': 832, 'n_units_l7': 1632, 'n_units_l8': 3040, 'n_units_l9': 3360, 'lr': 0.0026093209203107044}. Best is trial 0 with value: 124.75202833761381.
[I 2025-03-21 23:52:43,449] Trial 1 finished with value: 125.13524483508013 and parameters: {'n_units_l0': 576, 'n_units_l1': 2400, 'n_units_l2': 3392, 'n_units_l3': 2656, 'n_units_l4': 2432, 'n_units_l5': 1888, 'n_units_l6': 3776, 'n_units_l7': 2304, 'n_units_l8': 416, 'n_units_l9': 1920, 'lr': 0.03406855407037067}. Best is trial 0 with value: 124.75202833761381.
[I 2025-03-21 23:52:43,829] Trial 7 finished with value: 124.44559224446614 and parameters: {'n_units_l0': 3808, 'n_units_l1': 448, 'n_units_l2': 4064, 'n_units_l3': 3968, 'n_units_l4': 3584, 'n_units_l5': 3968, 'n_units_l6': 1728, 'n_units_l7': 3488, 'n_units_l8': 1728, 'lr': 0.008033374410675908}. Best is trial 5 with value: 124.34102630615234.
[I 2025-03-21 23:52:44,033] Trial 8 pruned. 
[I 2025-03-21 23:52:44,201] Trial 9 pruned. 
[I 2025-03-21 23:52:44,419] Trial 10 pruned. 
[I 2025-03-21 23:52:44,763] Trial 11 pruned. 
[I 2025-03-21 23:52:53,962] Trial 12 finished with value: 37.48541386922201 and parameters: {'n_units_l0': 1344, 'n_units_l1': 2688, 'n_units_l2': 2976, 'n_units_l3': 1600, 'n_units_l4': 1728, 'n_units_l5': 2784, 'n_units_l6': 4032, 'n_units_l7': 928, 'n_units_l8': 1440, 'lr': 0.0018088075904797787}. Best is trial 12 with value: 37.48541386922201.
[I 2025-03-21 23:52:54,796] Trial 2 finished with value: 126.86518070891773 and parameters: {'n_units_l0': 1664, 'n_units_l1': 4096, 'n_units_l2': 2208, 'n_units_l3': 4096, 'n_units_l4': 1792, 'n_units_l5': 192, 'n_units_l6': 2720, 'n_units_l7': 3648, 'n_units_l8': 1184, 'n_units_l9': 3744, 'lr': 0.06103793554185978}. Best is trial 0 with value: 124.75202833761381.
[I 2025-03-21 23:53:02,840] Trial 13 finished with value: 37.79360326131185 and parameters: {'n_units_l0': 2592, 'n_units_l1': 2336, 'n_units_l2': 1472, 'n_units_l3': 1376, 'n_units_l4': 1472, 'n_units_l5': 2848, 'n_units_l6': 3968, 'n_units_l7': 1696, 'n_units_l8': 1408, 'lr': 0.0007835023154442976}. Best is trial 12 with value: 37.48541386922201.
[I 2025-03-21 23:53:04,556] Trial 3 finished with value: 448.4564489329581 and parameters: {'n_units_l0': 2400, 'n_units_l1': 1408, 'n_units_l2': 3552, 'n_units_l3': 1216, 'n_units_l4': 3296, 'n_units_l5': 3968, 'n_units_l6': 416, 'n_units_l7': 896, 'n_units_l8': 2976, 'n_units_l9': 3040, 'lr': 0.05359387209732484}. Best is trial 0 with value: 124.75202833761381.
[I 2025-03-21 23:53:11,190] Trial 14 finished with value: 103.54180399576823 and parameters: {'n_units_l0': 2592, 'n_units_l1': 2304, 'n_units_l2': 2816, 'n_units_l3': 224, 'n_units_l4': 1440, 'n_units_l5': 2624, 'n_units_l6': 3904, 'n_units_l7': 2048, 'n_units_l8': 608, 'lr': 0.0023707281722297677}. Best is trial 12 with value: 37.48541386922201.
[I 2025-03-21 23:53:15,081] Trial 4 finished with value: 124.77758993314008 and parameters: {'n_units_l0': 2272, 'n_units_l1': 3424, 'n_units_l2': 1152, 'n_units_l3': 3264, 'n_units_l4': 3968, 'n_units_l5': 3296, 'n_units_l6': 608, 'n_units_l7': 2496, 'n_units_l8': 416, 'n_units_l9': 3488, 'lr': 0.03618880581829592}. Best is trial 0 with value: 124.75202833761381.
[I 2025-03-21 23:53:15,449] Trial 5 pruned. 
[I 2025-03-21 23:53:15,724] Trial 6 pruned. 
[I 2025-03-21 23:53:16,320] Trial 7 pruned. 
[I 2025-03-21 23:53:20,892] Trial 15 finished with value: 35.95585632324219 and parameters: {'n_units_l0': 2496, 'n_units_l1': 2528, 'n_units_l2': 1792, 'n_units_l3': 1056, 'n_units_l4': 1408, 'n_units_l5': 3488, 'n_units_l6': 4096, 'n_units_l7': 1728, 'n_units_l8': 1216, 'lr': 0.0007536687171183221}. Best is trial 15 with value: 35.95585632324219.
[I 2025-03-21 23:53:21,254] Trial 16 pruned. 
[I 2025-03-21 23:53:21,612] Trial 17 pruned. 
[I 2025-03-21 23:53:27,168] Trial 8 finished with value: 124.7555908443421 and parameters: {'n_units_l0': 1024, 'n_units_l1': 2976, 'n_units_l2': 3040, 'n_units_l3': 2176, 'n_units_l4': 224, 'n_units_l5': 4032, 'n_units_l6': 4000, 'n_units_l7': 2912, 'n_units_l8': 288, 'n_units_l9': 3872, 'lr': 0.010305746022366117}. Best is trial 0 with value: 124.75202833761381.
[I 2025-03-21 23:53:27,523] Trial 9 pruned. 
[I 2025-03-21 23:53:31,107] Trial 18 finished with value: 90.55788167317708 and parameters: {'n_units_l0': 3104, 'n_units_l1': 3168, 'n_units_l2': 2112, 'n_units_l3': 32, 'n_units_l4': 1792, 'n_units_l5': 2400, 'n_units_l6': 3264, 'n_units_l7': 2432, 'n_units_l8': 1824, 'lr': 0.0001734214312682017}. Best is trial 15 with value: 35.95585632324219.
[I 2025-03-21 23:53:31,312] Trial 19 pruned. 
[I 2025-03-21 23:53:31,459] Trial 20 pruned. 
[I 2025-03-21 23:53:32,113] Trial 10 finished with value: 74.21397518047823 and parameters: {'n_units_l0': 64, 'n_units_l1': 64, 'n_units_l2': 1376, 'n_units_l3': 352, 'n_units_l4': 1152, 'n_units_l5': 1312, 'n_units_l6': 1408, 'n_units_l7': 160, 'n_units_l8': 2112, 'n_units_l9': 1088, 'lr': 0.008120802737451329}. Best is trial 10 with value: 74.21397518047823.
[I 2025-03-21 23:53:36,666] Trial 11 finished with value: 96.07242564203858 and parameters: {'n_units_l0': 288, 'n_units_l1': 32, 'n_units_l2': 1440, 'n_units_l3': 96, 'n_units_l4': 1024, 'n_units_l5': 1248, 'n_units_l6': 1472, 'n_units_l7': 96, 'n_units_l8': 2272, 'n_units_l9': 864, 'lr': 4.430921165795264e-05}. Best is trial 10 with value: 74.21397518047823.
[I 2025-03-21 23:53:39,614] Trial 21 finished with value: 40.22451400756836 and parameters: {'n_units_l0': 2784, 'n_units_l1': 1952, 'n_units_l2': 1888, 'n_units_l3': 992, 'n_units_l4': 1376, 'n_units_l5': 2432, 'n_units_l6': 4032, 'n_units_l7': 1696, 'n_units_l8': 1504, 'lr': 0.00046114506634185176}. Best is trial 15 with value: 35.95585632324219.
[I 2025-03-21 23:53:39,913] Trial 22 pruned. 
[I 2025-03-21 23:53:40,232] Trial 23 pruned. 
[I 2025-03-21 23:53:40,557] Trial 24 pruned. 
[I 2025-03-21 23:53:40,914] Trial 25 pruned. 
[I 2025-03-21 23:53:41,125] Trial 26 pruned. 
[I 2025-03-21 23:53:41,242] Trial 12 finished with value: 124.74381991008448 and parameters: {'n_units_l0': 32, 'n_units_l1': 1088, 'n_units_l2': 1344, 'n_units_l3': 32, 'n_units_l4': 1216, 'n_units_l5': 992, 'n_units_l6': 1600, 'n_units_l7': 160, 'n_units_l8': 1856, 'n_units_l9': 736, 'lr': 0.017218419601376614}. Best is trial 10 with value: 74.21397518047823.
[I 2025-03-21 23:53:41,345] Trial 27 pruned. 
[I 2025-03-21 23:53:41,665] Trial 28 pruned. 
[I 2025-03-21 23:53:41,968] Trial 29 pruned. 
[I 2025-03-21 23:53:42,159] Trial 30 pruned. 
[I 2025-03-21 23:53:42,660] Trial 31 pruned. 
[I 2025-03-21 23:53:45,795] Trial 13 finished with value: 124.81822539001625 and parameters: {'n_units_l0': 1024, 'n_units_l1': 832, 'n_units_l2': 256, 'n_units_l3': 288, 'n_units_l4': 1248, 'n_units_l5': 960, 'n_units_l6': 1280, 'n_units_l7': 64, 'n_units_l8': 1440, 'n_units_l9': 1248, 'lr': 0.016671425127788606}. Best is trial 10 with value: 74.21397518047823.
[I 2025-03-21 23:53:50,969] Trial 14 finished with value: 18.138900992125663 and parameters: {'n_units_l0': 128, 'n_units_l1': 800, 'n_units_l2': 1536, 'n_units_l3': 992, 'n_units_l4': 1152, 'n_units_l5': 2336, 'n_units_l6': 2368, 'n_units_l7': 672, 'n_units_l8': 2464, 'n_units_l9': 1280, 'lr': 0.0005229116228769349}. Best is trial 14 with value: 18.138900992125663.
[I 2025-03-21 23:53:51,175] Trial 15 pruned. 
[I 2025-03-21 23:53:51,414] Trial 16 pruned. 
[I 2025-03-21 23:53:51,593] Trial 17 pruned. 
[I 2025-03-21 23:53:51,744] Trial 18 pruned. 
[I 2025-03-21 23:53:51,996] Trial 19 pruned. 
[I 2025-03-21 23:53:52,299] Trial 32 finished with value: 38.420511881510414 and parameters: {'n_units_l0': 3008, 'n_units_l1': 2496, 'n_units_l2': 1056, 'n_units_l3': 800, 'n_units_l4': 1152, 'n_units_l5': 2784, 'n_units_l6': 4096, 'n_units_l7': 2752, 'n_units_l8': 1728, 'lr': 0.0007234212103393381}. Best is trial 15 with value: 35.95585632324219.
[I 2025-03-21 23:53:52,622] Trial 33 pruned. 
[I 2025-03-21 23:53:53,014] Trial 34 pruned. 
[I 2025-03-21 23:53:53,296] Trial 35 pruned. 
[I 2025-03-21 23:53:53,593] Trial 36 pruned. 
[I 2025-03-21 23:53:53,840] Trial 37 pruned. 
[I 2025-03-21 23:53:54,101] Trial 38 pruned. 
[I 2025-03-21 23:53:54,372] Trial 39 pruned. 
[I 2025-03-21 23:53:54,779] Trial 40 pruned. 
[I 2025-03-21 23:53:55,062] Trial 41 pruned. 
[I 2025-03-21 23:53:55,447] Trial 42 pruned. 
[I 2025-03-21 23:53:55,933] Trial 43 pruned. 
[I 2025-03-21 23:53:56,259] Trial 44 pruned. 
[I 2025-03-21 23:53:56,565] Trial 20 finished with value: 74.82465803091294 and parameters: {'n_units_l0': 32, 'n_units_l1': 1664, 'n_units_l2': 928, 'n_units_l3': 1184, 'n_units_l4': 96, 'n_units_l5': 2048, 'n_units_l6': 32, 'n_units_l7': 416, 'n_units_l8': 864, 'n_units_l9': 2496, 'lr': 0.010530998568685794}. Best is trial 14 with value: 18.138900992125663.
[I 2025-03-21 23:53:56,646] Trial 45 pruned. 
[I 2025-03-21 23:53:56,848] Trial 46 pruned. 
[I 2025-03-21 23:53:57,131] Trial 47 pruned. 
[I 2025-03-21 23:53:57,418] Trial 48 pruned. 
[I 2025-03-21 23:53:57,636] Trial 49 pruned. 
[I 2025-03-21 23:53:57,914] Trial 50 pruned. 
[I 2025-03-21 23:53:58,242] Trial 51 pruned. 
[I 2025-03-21 23:54:01,131] Trial 21 finished with value: 124.77800386283654 and parameters: {'n_units_l0': 32, 'n_units_l1': 1600, 'n_units_l2': 896, 'n_units_l3': 1120, 'n_units_l4': 32, 'n_units_l5': 2016, 'n_units_l6': 64, 'n_units_l7': 512, 'n_units_l8': 864, 'n_units_l9': 2400, 'lr': 0.009144265443321892}. Best is trial 14 with value: 18.138900992125663.
[I 2025-03-21 23:54:01,298] Trial 22 pruned. 
[I 2025-03-21 23:54:01,443] Trial 23 pruned. 
[I 2025-03-21 23:54:01,604] Trial 24 pruned. 
[I 2025-03-21 23:54:01,775] Trial 25 pruned. 
[I 2025-03-21 23:54:01,991] Trial 26 pruned. 
[I 2025-03-21 23:54:02,388] Trial 27 pruned. 
[I 2025-03-21 23:54:07,650] Trial 28 finished with value: 124.72024201721031 and parameters: {'n_units_l0': 320, 'n_units_l1': 928, 'n_units_l2': 1408, 'n_units_l3': 352, 'n_units_l4': 32, 'n_units_l5': 2368, 'n_units_l6': 2304, 'n_units_l7': 672, 'n_units_l8': 2720, 'n_units_l9': 2880, 'lr': 0.016303406357460377}. Best is trial 14 with value: 18.138900992125663.
[I 2025-03-21 23:54:07,785] Trial 29 pruned. 
[I 2025-03-21 23:54:07,954] Trial 52 finished with value: 34.162881215413414 and parameters: {'n_units_l0': 384, 'n_units_l1': 2720, 'n_units_l2': 2048, 'n_units_l3': 1120, 'n_units_l4': 1728, 'n_units_l5': 2592, 'n_units_l6': 3712, 'n_units_l7': 2784, 'n_units_l8': 2208, 'lr': 0.0005924192305005572}. Best is trial 52 with value: 34.162881215413414.
[I 2025-03-21 23:54:08,319] Trial 53 pruned. 
[I 2025-03-21 23:54:08,634] Trial 54 pruned. 
[I 2025-03-21 23:54:09,069] Trial 55 pruned. 
[I 2025-03-21 23:54:09,368] Trial 56 pruned. 
[I 2025-03-21 23:54:09,656] Trial 57 pruned. 
[I 2025-03-21 23:54:10,029] Trial 58 pruned. 
[I 2025-03-21 23:54:15,094] Trial 30 finished with value: 95.61565473261155 and parameters: {'n_units_l0': 480, 'n_units_l1': 2336, 'n_units_l2': 1664, 'n_units_l3': 2464, 'n_units_l4': 1472, 'n_units_l5': 1920, 'n_units_l6': 640, 'n_units_l7': 3104, 'n_units_l8': 2240, 'n_units_l9': 1664, 'lr': 2.0675328317338107e-05}. Best is trial 14 with value: 18.138900992125663.
[I 2025-03-21 23:54:15,470] Trial 31 pruned. 
[I 2025-03-21 23:54:15,723] Trial 32 pruned. 
[I 2025-03-21 23:54:16,041] Trial 33 pruned. 
[I 2025-03-21 23:54:20,674] Trial 59 finished with value: 101.89184824625652 and parameters: {'n_units_l0': 2656, 'n_units_l1': 3136, 'n_units_l2': 2944, 'n_units_l3': 3072, 'n_units_l4': 1728, 'n_units_l5': 3232, 'n_units_l6': 1728, 'n_units_l7': 1152, 'n_units_l8': 2048, 'lr': 0.00038562391766126884}. Best is trial 52 with value: 34.162881215413414.
[I 2025-03-21 23:54:21,080] Trial 60 pruned. 
[I 2025-03-21 23:54:21,471] Trial 61 pruned. 
[I 2025-03-21 23:54:21,950] Trial 62 pruned. 
[I 2025-03-21 23:54:22,408] Trial 63 pruned. 
[I 2025-03-21 23:54:22,933] Trial 34 finished with value: 37.39245574430531 and parameters: {'n_units_l0': 224, 'n_units_l1': 1760, 'n_units_l2': 2464, 'n_units_l3': 2592, 'n_units_l4': 2112, 'n_units_l5': 1920, 'n_units_l6': 704, 'n_units_l7': 256, 'n_units_l8': 2176, 'n_units_l9': 2144, 'lr': 0.0003211311022542421}. Best is trial 14 with value: 18.138900992125663.
[I 2025-03-21 23:54:23,008] Trial 64 pruned. 
[I 2025-03-21 23:54:23,164] Trial 35 pruned. 
[I 2025-03-21 23:54:23,393] Trial 65 pruned. 
[I 2025-03-21 23:54:23,398] Trial 36 pruned. 
[I 2025-03-21 23:54:23,767] Trial 66 pruned. 
[I 2025-03-21 23:54:24,114] Trial 37 pruned. 
[I 2025-03-21 23:54:24,194] Trial 67 pruned. 
[I 2025-03-21 23:54:24,399] Trial 38 pruned. 
[I 2025-03-21 23:54:24,463] Trial 68 pruned. 
[I 2025-03-21 23:54:24,627] Trial 39 pruned. 
[I 2025-03-21 23:54:24,762] Trial 69 pruned. 
[I 2025-03-21 23:54:24,785] Trial 40 pruned. 
[I 2025-03-21 23:54:25,018] Trial 41 pruned. 
[I 2025-03-21 23:54:25,032] Trial 70 pruned. 
[I 2025-03-21 23:54:25,309] Trial 42 pruned. 
