[I 2025-03-22 01:02:45,072] Trial 64 pruned. 
[I 2025-03-22 01:02:45,287] Trial 65 pruned. 
[I 2025-03-22 01:02:45,487] Trial 66 pruned. 
[I 2025-03-22 01:02:45,707] Trial 67 pruned. 
[I 2025-03-22 01:02:45,912] Trial 68 pruned. 
[I 2025-03-22 01:02:46,113] Trial 69 pruned. 
[I 2025-03-22 01:02:46,465] Trial 70 pruned. 
[I 2025-03-22 01:02:46,684] Trial 71 pruned. 
[I 2025-03-22 01:02:46,898] Trial 72 pruned. 
[I 2025-03-22 01:02:47,149] Trial 73 pruned. 
[I 2025-03-22 01:02:47,380] Trial 74 pruned. 
[I 2025-03-22 01:02:47,630] Trial 75 pruned. 
[I 2025-03-22 01:02:47,893] Trial 76 pruned. 
[I 2025-03-22 01:02:48,150] Trial 77 pruned. 
[I 2025-03-22 01:02:48,485] Trial 78 pruned. 
[I 2025-03-22 01:02:48,701] Trial 79 pruned. 
[I 2025-03-22 01:02:48,924] Trial 80 pruned. 
[I 2025-03-22 01:02:49,124] Trial 81 pruned. 
[I 2025-03-22 01:02:49,325] Trial 82 pruned. 
[I 2025-03-22 01:02:49,518] Trial 83 pruned. 
[I 2025-03-22 01:02:49,749] Trial 84 pruned. 
[I 2025-03-22 01:02:49,968] Trial 85 pruned. 
[I 2025-03-22 01:02:50,282] Trial 86 pruned. 
[I 2025-03-22 01:02:50,608] Trial 87 pruned. 
[I 2025-03-22 01:02:54,524] Trial 69 pruned. 
[I 2025-03-22 01:02:55,040] Trial 70 pruned. 
[I 2025-03-22 01:02:55,379] Trial 71 pruned. 
[I 2025-03-22 01:03:04,854] Trial 72 pruned. 
[I 2025-03-22 01:03:05,335] Trial 73 pruned. 
[I 2025-03-22 01:03:05,566] Trial 74 pruned. 
[I 2025-03-22 01:03:05,569] Trial 88 finished with value: 10.118153207764534 and parameters: {'n_units_l0': 288, 'n_units_l1': 896, 'n_units_l2': 128, 'n_units_l3': 1088, 'n_units_l4': 704, 'n_units_l5': 128, 'n_units_l6': 960, 'lr': 0.0021315290165364632}. Best is trial 88 with value: 10.118153207764534.
[I 2025-03-22 01:03:05,947] Trial 75 pruned. 
[I 2025-03-22 01:03:06,316] Trial 76 pruned. 
[I 2025-03-22 01:03:06,756] Trial 77 pruned. 
[I 2025-03-22 01:03:07,281] Trial 78 pruned. 
[I 2025-03-22 01:03:07,669] Trial 79 pruned. 
[I 2025-03-22 01:03:08,037] Trial 80 pruned. 
[I 2025-03-22 01:03:16,858] Trial 81 pruned. 
[I 2025-03-22 01:03:17,204] Trial 82 pruned. 
[I 2025-03-22 01:03:20,755] Trial 89 finished with value: 17.317294420318053 and parameters: {'n_units_l0': 320, 'n_units_l1': 800, 'n_units_l2': 64, 'n_units_l3': 1536, 'n_units_l4': 1088, 'n_units_l5': 2272, 'n_units_l6': 128, 'lr': 0.0020986043150733}. Best is trial 88 with value: 10.118153207764534.
[I 2025-03-22 01:03:20,965] Trial 90 pruned. 
[I 2025-03-22 01:03:22,464] Trial 83 pruned. 
[I 2025-03-22 01:03:22,904] Trial 84 pruned. 
[I 2025-03-22 01:03:27,721] Trial 91 pruned. 
[I 2025-03-22 01:03:33,126] Trial 85 pruned. 
[I 2025-03-22 01:03:33,488] Trial 86 pruned. 
[I 2025-03-22 01:03:33,749] Trial 87 pruned. 
[I 2025-03-22 01:03:40,909] Trial 88 pruned. 
[I 2025-03-22 01:03:41,245] Trial 89 pruned. 
[I 2025-03-22 01:03:41,677] Trial 90 pruned. 
[I 2025-03-22 01:03:42,026] Trial 91 pruned. 
[I 2025-03-22 01:03:42,328] Trial 92 pruned. 
[I 2025-03-22 01:03:42,534] Trial 93 pruned. 
[I 2025-03-22 01:03:42,866] Trial 94 pruned. 
[I 2025-03-22 01:03:42,906] Trial 92 finished with value: 12.2205505546367 and parameters: {'n_units_l0': 992, 'n_units_l1': 608, 'n_units_l2': 96, 'n_units_l3': 1728, 'n_units_l4': 736, 'n_units_l5': 2624, 'n_units_l6': 256, 'lr': 0.0017481421842329757}. Best is trial 88 with value: 10.118153207764534.
[I 2025-03-22 01:03:43,111] Trial 93 pruned. 
[I 2025-03-22 01:03:43,186] Trial 95 pruned. 
[I 2025-03-22 01:03:43,326] Trial 94 pruned. 
[I 2025-03-22 01:03:43,542] Trial 95 pruned. 
[I 2025-03-22 01:03:43,698] Trial 96 pruned. 
[I 2025-03-22 01:03:43,773] Trial 96 pruned. 
[I 2025-03-22 01:03:43,942] Trial 97 pruned. 
[I 2025-03-22 01:03:43,982] Trial 97 pruned. 
[I 2025-03-22 01:03:44,186] Trial 98 pruned. 
[I 2025-03-22 01:03:44,391] Trial 99 pruned. 
[I 2025-03-22 01:03:44,463] A new study created in memory with name: no-name-8d6bba2e-4c23-4f3b-8026-51d99da1d2b7
[I 2025-03-22 01:03:52,297] Trial 98 pruned. 
[I 2025-03-22 01:03:52,628] Trial 99 pruned. 
[I 2025-03-22 01:03:52,687] A new study created in memory with name: no-name-c93a8921-7d32-4098-8767-30321e4f3589
[I 2025-03-22 01:04:10,848] Trial 0 finished with value: 125.25047142101374 and parameters: {'n_units_l0': 2208, 'n_units_l1': 320, 'n_units_l2': 2976, 'n_units_l3': 3936, 'n_units_l4': 1184, 'n_units_l5': 1504, 'n_units_l6': 3584, 'n_units_l7': 928, 'lr': 0.07943682277431417}. Best is trial 0 with value: 125.25047142101374.
[I 2025-03-22 01:04:28,339] Trial 1 finished with value: 125.25316581338224 and parameters: {'n_units_l0': 416, 'n_units_l1': 1760, 'n_units_l2': 3936, 'n_units_l3': 224, 'n_units_l4': 2464, 'n_units_l5': 320, 'n_units_l6': 3040, 'n_units_l7': 2336, 'lr': 0.061011162315849556}. Best is trial 0 with value: 125.25047142101374.
[I 2025-03-22 01:04:32,724] Trial 0 finished with value: 125.21313227173692 and parameters: {'n_units_l0': 3584, 'n_units_l1': 2208, 'n_units_l2': 3072, 'n_units_l3': 3840, 'n_units_l4': 1152, 'n_units_l5': 1664, 'n_units_l6': 1760, 'n_units_l7': 1888, 'n_units_l8': 4032, 'lr': 0.014495913943102144}. Best is trial 0 with value: 125.21313227173692.
[I 2025-03-22 01:05:10,295] Trial 2 finished with value: 129.42088268826774 and parameters: {'n_units_l0': 512, 'n_units_l1': 3744, 'n_units_l2': 3904, 'n_units_l3': 3232, 'n_units_l4': 2336, 'n_units_l5': 1056, 'n_units_l6': 2432, 'n_units_l7': 3264, 'lr': 0.06316813466849175}. Best is trial 0 with value: 125.25047142101374.
[I 2025-03-22 01:05:17,580] Trial 1 finished with value: 125.19052762018097 and parameters: {'n_units_l0': 1792, 'n_units_l1': 2496, 'n_units_l2': 3232, 'n_units_l3': 1120, 'n_units_l4': 2496, 'n_units_l5': 1856, 'n_units_l6': 3456, 'n_units_l7': 3904, 'n_units_l8': 2464, 'lr': 0.07784885161110087}. Best is trial 1 with value: 125.19052762018097.
[I 2025-03-22 01:05:25,998] Trial 3 finished with value: 125.25308056384394 and parameters: {'n_units_l0': 1312, 'n_units_l1': 288, 'n_units_l2': 1024, 'n_units_l3': 1600, 'n_units_l4': 480, 'n_units_l5': 160, 'n_units_l6': 3808, 'n_units_l7': 1344, 'lr': 0.07027389276868656}. Best is trial 0 with value: 125.25047142101374.
[I 2025-03-22 01:05:42,899] Trial 4 finished with value: 125.29396711470221 and parameters: {'n_units_l0': 192, 'n_units_l1': 2016, 'n_units_l2': 256, 'n_units_l3': 1824, 'n_units_l4': 1824, 'n_units_l5': 1088, 'n_units_l6': 2784, 'n_units_l7': 2816, 'lr': 0.0350752138617325}. Best is trial 0 with value: 125.25047142101374.
[I 2025-03-22 01:05:53,283] Trial 2 finished with value: 125.19220350294924 and parameters: {'n_units_l0': 2912, 'n_units_l1': 3712, 'n_units_l2': 1888, 'n_units_l3': 2624, 'n_units_l4': 2624, 'n_units_l5': 160, 'n_units_l6': 2976, 'n_units_l7': 3136, 'n_units_l8': 256, 'lr': 0.07105001176116543}. Best is trial 1 with value: 125.19052762018097.
[I 2025-03-22 01:05:58,742] Trial 5 finished with value: 134.62302654162514 and parameters: {'n_units_l0': 1056, 'n_units_l1': 1408, 'n_units_l2': 800, 'n_units_l3': 3744, 'n_units_l4': 896, 'n_units_l5': 608, 'n_units_l6': 4064, 'n_units_l7': 352, 'lr': 0.010158076963221989}. Best is trial 0 with value: 125.25047142101374.
[I 2025-03-22 01:05:59,258] Trial 6 pruned. 
[I 2025-03-22 01:05:59,849] Trial 7 pruned. 
[I 2025-03-22 01:06:00,113] Trial 8 pruned. 
[I 2025-03-22 01:06:00,540] Trial 9 pruned. 
[I 2025-03-22 01:06:00,794] Trial 10 pruned. 
[I 2025-03-22 01:06:01,048] Trial 11 pruned. 
[I 2025-03-22 01:06:01,525] Trial 12 pruned. 
[I 2025-03-22 01:06:10,059] Trial 3 finished with value: 125.26937844176585 and parameters: {'n_units_l0': 800, 'n_units_l1': 32, 'n_units_l2': 2688, 'n_units_l3': 1408, 'n_units_l4': 2400, 'n_units_l5': 192, 'n_units_l6': 32, 'n_units_l7': 2784, 'n_units_l8': 800, 'lr': 0.018885513236976945}. Best is trial 1 with value: 125.19052762018097.
[I 2025-03-22 01:06:17,266] Trial 13 finished with value: 125.33049689343265 and parameters: {'n_units_l0': 2528, 'n_units_l1': 576, 'n_units_l2': 1152, 'n_units_l3': 1376, 'n_units_l4': 64, 'n_units_l5': 1696, 'n_units_l6': 3552, 'n_units_l7': 288, 'lr': 0.08097042311527729}. Best is trial 0 with value: 125.25047142101374.
[I 2025-03-22 01:06:32,944] Trial 14 finished with value: 125.24260937874338 and parameters: {'n_units_l0': 1312, 'n_units_l1': 352, 'n_units_l2': 320, 'n_units_l3': 352, 'n_units_l4': 1344, 'n_units_l5': 64, 'n_units_l6': 3392, 'n_units_l7': 1600, 'lr': 0.058620535813100054}. Best is trial 14 with value: 125.24260937874338.
[I 2025-03-22 01:06:33,410] Trial 4 finished with value: 126.09851041918392 and parameters: {'n_units_l0': 1696, 'n_units_l1': 32, 'n_units_l2': 864, 'n_units_l3': 3424, 'n_units_l4': 3904, 'n_units_l5': 608, 'n_units_l6': 2304, 'n_units_l7': 1376, 'n_units_l8': 352, 'lr': 0.03120086807166469}. Best is trial 1 with value: 125.19052762018097.
[I 2025-03-22 01:06:34,436] Trial 5 pruned. 
[I 2025-03-22 01:06:36,557] Trial 6 pruned. 
[I 2025-03-22 01:06:36,919] Trial 7 pruned. 
[I 2025-03-22 01:06:52,587] Trial 15 finished with value: 125.58598553841135 and parameters: {'n_units_l0': 2816, 'n_units_l1': 1088, 'n_units_l2': 128, 'n_units_l3': 128, 'n_units_l4': 1408, 'n_units_l5': 2880, 'n_units_l6': 2720, 'n_units_l7': 1760, 'lr': 0.05243774842175594}. Best is trial 14 with value: 125.24260937874338.
[I 2025-03-22 01:06:53,021] Trial 16 pruned. 
[I 2025-03-22 01:06:53,632] Trial 17 pruned. 
[I 2025-03-22 01:06:54,071] Trial 18 pruned. 
[I 2025-03-22 01:06:54,326] Trial 19 pruned. 
[I 2025-03-22 01:06:54,816] Trial 20 pruned. 
[I 2025-03-22 01:06:55,036] Trial 21 pruned. 
[I 2025-03-22 01:06:55,275] Trial 22 pruned. 
[I 2025-03-22 01:06:55,500] Trial 23 pruned. 
[I 2025-03-22 01:06:55,925] Trial 24 pruned. 
[I 2025-03-22 01:07:11,664] Trial 8 finished with value: 125.23554041192381 and parameters: {'n_units_l0': 3552, 'n_units_l1': 3008, 'n_units_l2': 1792, 'n_units_l3': 128, 'n_units_l4': 1376, 'n_units_l5': 1280, 'n_units_l6': 2656, 'n_units_l7': 2816, 'n_units_l8': 3456, 'lr': 0.015073505793230437}. Best is trial 1 with value: 125.19052762018097.
[I 2025-03-22 01:07:11,691] Trial 25 finished with value: 125.29187923042295 and parameters: {'n_units_l0': 2400, 'n_units_l1': 1248, 'n_units_l2': 3424, 'n_units_l3': 448, 'n_units_l4': 1984, 'n_units_l5': 64, 'n_units_l6': 3712, 'n_units_l7': 1280, 'lr': 0.06478130320694682}. Best is trial 14 with value: 125.24260937874338.
[I 2025-03-22 01:07:11,957] Trial 26 pruned. 
[I 2025-03-22 01:07:12,184] Trial 9 pruned. 
[I 2025-03-22 01:07:12,205] Trial 27 pruned. 
[I 2025-03-22 01:07:12,908] Trial 10 pruned. 
[I 2025-03-22 01:07:13,655] Trial 11 pruned. 
[I 2025-03-22 01:07:14,429] Trial 12 pruned. 
[I 2025-03-22 01:07:15,445] Trial 13 pruned. 
[I 2025-03-22 01:07:27,978] Trial 28 finished with value: 125.34809499398416 and parameters: {'n_units_l0': 3200, 'n_units_l1': 1056, 'n_units_l2': 736, 'n_units_l3': 32, 'n_units_l4': 896, 'n_units_l5': 320, 'n_units_l6': 1952, 'n_units_l7': 1088, 'lr': 0.049420633737835826}. Best is trial 14 with value: 125.24260937874338.
[I 2025-03-22 01:07:38,530] Trial 14 finished with value: 125.23843643193484 and parameters: {'n_units_l0': 3904, 'n_units_l1': 1056, 'n_units_l2': 3264, 'n_units_l3': 2752, 'n_units_l4': 1920, 'n_units_l5': 32, 'n_units_l6': 4000, 'n_units_l7': 160, 'n_units_l8': 1344, 'lr': 0.08134479515628106}. Best is trial 1 with value: 125.19052762018097.
[I 2025-03-22 01:07:39,363] Trial 15 pruned. 
[I 2025-03-22 01:07:43,854] Trial 29 finished with value: 12.185145903274872 and parameters: {'n_units_l0': 320, 'n_units_l1': 1760, 'n_units_l2': 1024, 'n_units_l3': 384, 'n_units_l4': 320, 'n_units_l5': 2464, 'n_units_l6': 2944, 'n_units_l7': 1696, 'lr': 0.000221141541280577}. Best is trial 29 with value: 12.185145903274872.
[I 2025-03-22 01:07:59,494] Trial 30 finished with value: 38.8021449873822 and parameters: {'n_units_l0': 96, 'n_units_l1': 2048, 'n_units_l2': 352, 'n_units_l3': 864, 'n_units_l4': 256, 'n_units_l5': 2560, 'n_units_l6': 2976, 'n_units_l7': 1856, 'lr': 0.005277235156145629}. Best is trial 29 with value: 12.185145903274872.
[I 2025-03-22 01:08:05,575] Trial 16 finished with value: 125.26943957457435 and parameters: {'n_units_l0': 3232, 'n_units_l1': 2272, 'n_units_l2': 1312, 'n_units_l3': 1824, 'n_units_l4': 32, 'n_units_l5': 2304, 'n_units_l6': 2720, 'n_units_l7': 2496, 'n_units_l8': 736, 'lr': 0.0640642939806412}. Best is trial 1 with value: 125.19052762018097.
[I 2025-03-22 01:08:06,213] Trial 17 pruned. 
[I 2025-03-22 01:08:06,949] Trial 18 pruned. 
[I 2025-03-22 01:08:15,727] Trial 31 finished with value: 18.033403803849463 and parameters: {'n_units_l0': 32, 'n_units_l1': 2080, 'n_units_l2': 288, 'n_units_l3': 320, 'n_units_l4': 224, 'n_units_l5': 2496, 'n_units_l6': 2976, 'n_units_l7': 2592, 'lr': 0.00015664399717450007}. Best is trial 29 with value: 12.185145903274872.
[I 2025-03-22 01:08:32,037] Trial 32 finished with value: 30.64422807102322 and parameters: {'n_units_l0': 32, 'n_units_l1': 2080, 'n_units_l2': 416, 'n_units_l3': 352, 'n_units_l4': 224, 'n_units_l5': 2528, 'n_units_l6': 2848, 'n_units_l7': 2656, 'lr': 0.0030323933954858064}. Best is trial 29 with value: 12.185145903274872.
[I 2025-03-22 01:08:35,222] Trial 19 finished with value: 17.585510029180895 and parameters: {'n_units_l0': 2048, 'n_units_l1': 3616, 'n_units_l2': 1920, 'n_units_l3': 1952, 'n_units_l4': 1760, 'n_units_l5': 448, 'n_units_l6': 2432, 'n_units_l7': 1568, 'n_units_l8': 2080, 'lr': 0.00016166852639032392}. Best is trial 19 with value: 17.585510029180895.
[I 2025-03-22 01:08:36,118] Trial 20 pruned. 
[I 2025-03-22 01:08:36,568] Trial 21 pruned. 
[I 2025-03-22 01:08:37,137] Trial 22 pruned. 
[I 2025-03-22 01:08:47,865] Trial 33 finished with value: 11.59778703568841 and parameters: {'n_units_l0': 32, 'n_units_l1': 2112, 'n_units_l2': 480, 'n_units_l3': 896, 'n_units_l4': 192, 'n_units_l5': 2560, 'n_units_l6': 2240, 'n_units_l7': 2752, 'lr': 0.0030648219440699517}. Best is trial 33 with value: 11.59778703568841.
[I 2025-03-22 01:09:04,554] Trial 34 finished with value: 13.90311288098579 and parameters: {'n_units_l0': 448, 'n_units_l1': 2336, 'n_units_l2': 832, 'n_units_l3': 352, 'n_units_l4': 32, 'n_units_l5': 3136, 'n_units_l6': 2240, 'n_units_l7': 2912, 'lr': 0.0008247642105642713}. Best is trial 33 with value: 11.59778703568841.
[I 2025-03-22 01:09:09,656] Trial 23 finished with value: 22.36081341066476 and parameters: {'n_units_l0': 1824, 'n_units_l1': 3712, 'n_units_l2': 1408, 'n_units_l3': 2912, 'n_units_l4': 2336, 'n_units_l5': 320, 'n_units_l6': 2080, 'n_units_l7': 2272, 'n_units_l8': 2752, 'lr': 0.0002629229346158968}. Best is trial 19 with value: 17.585510029180895.
[I 2025-03-22 01:09:22,507] Trial 35 finished with value: 15.101310085335417 and parameters: {'n_units_l0': 320, 'n_units_l1': 2336, 'n_units_l2': 928, 'n_units_l3': 192, 'n_units_l4': 96, 'n_units_l5': 3232, 'n_units_l6': 2336, 'n_units_l7': 3200, 'lr': 0.0007739194477239311}. Best is trial 33 with value: 11.59778703568841.
[I 2025-03-22 01:09:37,341] Trial 24 finished with value: 37.2832673563893 and parameters: {'n_units_l0': 1824, 'n_units_l1': 2624, 'n_units_l2': 736, 'n_units_l3': 4000, 'n_units_l4': 2240, 'n_units_l5': 384, 'n_units_l6': 1568, 'n_units_l7': 2208, 'n_units_l8': 2784, 'lr': 0.001547465711318957}. Best is trial 19 with value: 17.585510029180895.
[I 2025-03-22 01:09:39,434] Trial 36 finished with value: 37.75890810382526 and parameters: {'n_units_l0': 416, 'n_units_l1': 2400, 'n_units_l2': 928, 'n_units_l3': 64, 'n_units_l4': 64, 'n_units_l5': 3232, 'n_units_l6': 2176, 'n_units_l7': 3200, 'lr': 0.013177939662349376}. Best is trial 33 with value: 11.59778703568841.
[I 2025-03-22 01:09:39,827] Trial 37 pruned. 
[I 2025-03-22 01:09:40,163] Trial 38 pruned. 
[I 2025-03-22 01:09:40,500] Trial 39 pruned. 
[I 2025-03-22 01:09:40,990] Trial 40 pruned. 
[I 2025-03-22 01:09:56,653] Trial 41 finished with value: 15.703233131466243 and parameters: {'n_units_l0': 352, 'n_units_l1': 1888, 'n_units_l2': 32, 'n_units_l3': 224, 'n_units_l4': 288, 'n_units_l5': 2432, 'n_units_l6': 2592, 'n_units_l7': 2496, 'lr': 0.0010575595960821019}. Best is trial 33 with value: 11.59778703568841.
[I 2025-03-22 01:09:56,907] Trial 42 pruned. 
[I 2025-03-22 01:10:03,034] Trial 25 finished with value: 32.343589079117905 and parameters: {'n_units_l0': 1344, 'n_units_l1': 3200, 'n_units_l2': 704, 'n_units_l3': 3840, 'n_units_l4': 1664, 'n_units_l5': 416, 'n_units_l6': 1312, 'n_units_l7': 2368, 'n_units_l8': 3008, 'lr': 0.000511438867257936}. Best is trial 19 with value: 17.585510029180895.
[I 2025-03-22 01:10:12,763] Trial 43 finished with value: 28.565099242633583 and parameters: {'n_units_l0': 256, 'n_units_l1': 1888, 'n_units_l2': 800, 'n_units_l3': 544, 'n_units_l4': 320, 'n_units_l5': 2272, 'n_units_l6': 2112, 'n_units_l7': 2880, 'lr': 0.0012952351811382937}. Best is trial 33 with value: 11.59778703568841.
[I 2025-03-22 01:10:13,020] Trial 44 pruned. 
[I 2025-03-22 01:10:13,352] Trial 45 pruned. 
[I 2025-03-22 01:10:13,690] Trial 46 pruned. 
[I 2025-03-22 01:10:14,017] Trial 47 pruned. 
[I 2025-03-22 01:10:14,264] Trial 48 pruned. 
[I 2025-03-22 01:10:14,653] Trial 49 pruned. 
[I 2025-03-22 01:10:14,976] Trial 50 pruned. 
[I 2025-03-22 01:10:29,930] Trial 26 finished with value: 38.04536566939321 and parameters: {'n_units_l0': 1248, 'n_units_l1': 3168, 'n_units_l2': 1312, 'n_units_l3': 3616, 'n_units_l4': 1568, 'n_units_l5': 864, 'n_units_l6': 1152, 'n_units_l7': 1664, 'n_units_l8': 3328, 'lr': 0.006766588751477426}. Best is trial 19 with value: 17.585510029180895.
[I 2025-03-22 01:10:32,346] Trial 51 finished with value: 10.912505045059119 and parameters: {'n_units_l0': 32, 'n_units_l1': 2080, 'n_units_l2': 256, 'n_units_l3': 288, 'n_units_l4': 224, 'n_units_l5': 2592, 'n_units_l6': 3168, 'n_units_l7': 2656, 'lr': 0.00015418432310417007}. Best is trial 51 with value: 10.912505045059119.
[I 2025-03-22 01:10:48,457] Trial 27 finished with value: 17.565844297017822 and parameters: {'n_units_l0': 32, 'n_units_l1': 3584, 'n_units_l2': 96, 'n_units_l3': 3072, 'n_units_l4': 1024, 'n_units_l5': 448, 'n_units_l6': 2208, 'n_units_l7': 2336, 'n_units_l8': 3168, 'lr': 0.00044519249091531823}. Best is trial 27 with value: 17.565844297017822.
[I 2025-03-22 01:10:48,845] Trial 28 pruned. 
[I 2025-03-22 01:10:49,363] Trial 29 pruned. 
[I 2025-03-22 01:10:49,680] Trial 30 pruned. 
[I 2025-03-22 01:10:50,500] Trial 52 finished with value: 35.71543840863111 and parameters: {'n_units_l0': 160, 'n_units_l1': 2592, 'n_units_l2': 576, 'n_units_l3': 384, 'n_units_l4': 320, 'n_units_l5': 2112, 'n_units_l6': 3168, 'n_units_l7': 2816, 'lr': 0.004592213262446964}. Best is trial 51 with value: 10.912505045059119.
[I 2025-03-22 01:10:50,772] Trial 53 pruned. 
[I 2025-03-22 01:11:07,699] Trial 54 finished with value: 36.32482271078728 and parameters: {'n_units_l0': 384, 'n_units_l1': 1920, 'n_units_l2': 448, 'n_units_l3': 736, 'n_units_l4': 192, 'n_units_l5': 2944, 'n_units_l6': 2688, 'n_units_l7': 2560, 'lr': 0.004362814229017545}. Best is trial 51 with value: 10.912505045059119.
[I 2025-03-22 01:11:07,995] Trial 55 pruned. 
[I 2025-03-22 01:11:08,332] Trial 56 pruned. 
[I 2025-03-22 01:11:08,923] Trial 57 pruned. 
[I 2025-03-22 01:11:10,242] Trial 58 pruned. 
[I 2025-03-22 01:11:10,487] Trial 59 pruned. 
[I 2025-03-22 01:11:11,073] Trial 60 pruned. 
[I 2025-03-22 01:11:17,467] Trial 31 finished with value: 18.065389902348358 and parameters: {'n_units_l0': 2336, 'n_units_l1': 3168, 'n_units_l2': 576, 'n_units_l3': 3808, 'n_units_l4': 1760, 'n_units_l5': 512, 'n_units_l6': 1248, 'n_units_l7': 2368, 'n_units_l8': 3072, 'lr': 0.0007642761866288842}. Best is trial 27 with value: 17.565844297017822.
[I 2025-03-22 01:11:17,892] Trial 32 pruned. 
[I 2025-03-22 01:11:26,937] Trial 61 finished with value: 35.968161410603535 and parameters: {'n_units_l0': 32, 'n_units_l1': 2112, 'n_units_l2': 352, 'n_units_l3': 288, 'n_units_l4': 160, 'n_units_l5': 2336, 'n_units_l6': 2880, 'n_units_l7': 2624, 'lr': 0.0025831884548013877}. Best is trial 51 with value: 10.912505045059119.
[I 2025-03-22 01:11:28,573] Trial 62 pruned. 
[I 2025-03-22 01:11:28,893] Trial 63 pruned. 
[I 2025-03-22 01:11:29,293] Trial 64 pruned. 
[I 2025-03-22 01:11:29,573] Trial 65 pruned. 
[I 2025-03-22 01:11:29,842] Trial 66 pruned. 
[I 2025-03-22 01:11:32,337] Trial 67 pruned. 
[I 2025-03-22 01:11:32,881] Trial 68 pruned. 
[I 2025-03-22 01:11:45,670] Trial 33 finished with value: 26.547090874056288 and parameters: {'n_units_l0': 2528, 'n_units_l1': 4096, 'n_units_l2': 96, 'n_units_l3': 4032, 'n_units_l4': 2112, 'n_units_l5': 32, 'n_units_l6': 2048, 'n_units_l7': 2560, 'n_units_l8': 1984, 'lr': 0.0005015344889211376}. Best is trial 27 with value: 17.565844297017822.
[I 2025-03-22 01:11:48,656] Trial 69 finished with value: 36.63608347716664 and parameters: {'n_units_l0': 576, 'n_units_l1': 2976, 'n_units_l2': 384, 'n_units_l3': 800, 'n_units_l4': 160, 'n_units_l5': 1728, 'n_units_l6': 2272, 'n_units_l7': 2432, 'lr': 0.003195678625210855}. Best is trial 51 with value: 10.912505045059119.
[I 2025-03-22 01:11:48,873] Trial 70 pruned. 
[I 2025-03-22 01:11:49,285] Trial 71 pruned. 
[I 2025-03-22 01:12:05,484] Trial 72 finished with value: 37.42700521607366 and parameters: {'n_units_l0': 352, 'n_units_l1': 2208, 'n_units_l2': 1024, 'n_units_l3': 448, 'n_units_l4': 320, 'n_units_l5': 2848, 'n_units_l6': 2080, 'n_units_l7': 2912, 'lr': 0.006072998335820173}. Best is trial 51 with value: 10.912505045059119.
[I 2025-03-22 01:12:05,495] Trial 34 finished with value: 125.37380193216433 and parameters: {'n_units_l0': 2048, 'n_units_l1': 2848, 'n_units_l2': 576, 'n_units_l3': 3264, 'n_units_l4': 576, 'n_units_l5': 288, 'n_units_l6': 864, 'n_units_l7': 1952, 'n_units_l8': 3168, 'lr': 0.00817854798097059}. Best is trial 27 with value: 17.565844297017822.
[I 2025-03-22 01:12:05,727] Trial 73 pruned. 
[I 2025-03-22 01:12:05,970] Trial 74 pruned. 
[I 2025-03-22 01:12:06,147] Trial 35 pruned. 
[I 2025-03-22 01:12:06,412] Trial 75 pruned. 
