[I 2025-03-22 08:14:39,137] Trial 4 finished with value: 141.7523087101801 and parameters: {'n_units_l0': 4000, 'n_units_l1': 3968, 'n_units_l2': 3808, 'n_units_l3': 2752, 'n_units_l4': 2208, 'n_units_l5': 2592, 'n_units_l6': 1600, 'n_units_l7': 1312, 'n_units_l8': 3936, 'n_units_l9': 2432, 'n_units_l10': 1632, 'n_units_l11': 4000, 'lr': 0.004071511183489921}. Best is trial 0 with value: 125.42056846492754.
/trinity/home/fisheye/.local/lib/python3.9/site-packages/numpy/lib/function_base.py:4529: RuntimeWarning: invalid value encountered in multiply
  lerp_interpolation = asanyarray(add(a, diff_b_a * t, out=out))
[I 2025-03-22 08:16:21,012] Trial 5 finished with value: 125.5392048096106 and parameters: {'n_units_l0': 416, 'n_units_l1': 1248, 'n_units_l2': 1024, 'n_units_l3': 928, 'n_units_l4': 2432, 'n_units_l5': 128, 'n_units_l6': 96, 'n_units_l7': 3104, 'n_units_l8': 2816, 'n_units_l9': 704, 'n_units_l10': 1632, 'n_units_l11': 3456, 'lr': 0.0590554910063076}. Best is trial 0 with value: 125.42056846492754.
[I 2025-03-22 08:16:22,688] Trial 6 pruned. 
[I 2025-03-22 08:17:45,553] Trial 33 finished with value: 13.401455498904141 and parameters: {'n_units_l0': 2496, 'n_units_l1': 3328, 'n_units_l2': 672, 'n_units_l3': 3776, 'n_units_l4': 1664, 'n_units_l5': 1408, 'n_units_l6': 4096, 'n_units_l7': 4096, 'n_units_l8': 2240, 'n_units_l9': 288, 'n_units_l10': 3168, 'lr': 0.0006339729129117494}. Best is trial 23 with value: 8.157895792416186.
[I 2025-03-22 08:17:47,309] Trial 34 pruned. 
[I 2025-03-22 08:17:49,479] Trial 35 pruned. 
[I 2025-03-22 08:17:54,142] Trial 36 pruned. 
[I 2025-03-22 08:17:55,855] Trial 37 pruned. 
[I 2025-03-22 08:17:57,370] Trial 38 pruned. 
[I 2025-03-22 08:18:05,852] Trial 39 pruned. 
[I 2025-03-22 08:18:08,954] Trial 7 finished with value: 125.41738763186011 and parameters: {'n_units_l0': 2432, 'n_units_l1': 1184, 'n_units_l2': 2784, 'n_units_l3': 256, 'n_units_l4': 800, 'n_units_l5': 192, 'n_units_l6': 3040, 'n_units_l7': 800, 'n_units_l8': 3232, 'n_units_l9': 1440, 'n_units_l10': 1728, 'n_units_l11': 2848, 'lr': 0.012229832872660606}. Best is trial 7 with value: 125.41738763186011.
[I 2025-03-22 08:20:47,830] Trial 8 finished with value: 11.101610308983933 and parameters: {'n_units_l0': 1472, 'n_units_l1': 3424, 'n_units_l2': 1056, 'n_units_l3': 2368, 'n_units_l4': 2016, 'n_units_l5': 1024, 'n_units_l6': 3008, 'n_units_l7': 1920, 'n_units_l8': 1376, 'n_units_l9': 1728, 'n_units_l10': 2368, 'n_units_l11': 3232, 'lr': 0.0016306293073681765}. Best is trial 8 with value: 11.101610308983933.
[I 2025-03-22 08:20:49,739] Trial 9 pruned. 
[I 2025-03-22 08:20:51,972] Trial 10 pruned. 
[I 2025-03-22 08:20:52,141] Trial 40 finished with value: 125.10264066125313 and parameters: {'n_units_l0': 2784, 'n_units_l1': 1984, 'n_units_l2': 1312, 'n_units_l3': 3808, 'n_units_l4': 864, 'n_units_l5': 1888, 'n_units_l6': 2112, 'n_units_l7': 3808, 'n_units_l8': 2080, 'n_units_l9': 2176, 'n_units_l10': 2432, 'lr': 0.012947432249521074}. Best is trial 23 with value: 8.157895792416186.
[I 2025-03-22 08:23:07,045] Trial 11 finished with value: 125.43404750509231 and parameters: {'n_units_l0': 3456, 'n_units_l1': 1568, 'n_units_l2': 2304, 'n_units_l3': 128, 'n_units_l4': 2816, 'n_units_l5': 832, 'n_units_l6': 3104, 'n_units_l7': 2144, 'n_units_l8': 1312, 'n_units_l9': 1312, 'n_units_l10': 2624, 'n_units_l11': 2560, 'lr': 0.003327711111795771}. Best is trial 8 with value: 11.101610308983933.
[I 2025-03-22 08:23:08,527] Trial 12 pruned. 
[I 2025-03-22 08:23:14,065] Trial 13 pruned. 
[I 2025-03-22 08:23:16,087] Trial 14 pruned. 
[I 2025-03-22 08:23:18,121] Trial 15 pruned. 
[I 2025-03-22 08:23:55,245] Trial 41 finished with value: 10.142404222307754 and parameters: {'n_units_l0': 2496, 'n_units_l1': 3232, 'n_units_l2': 704, 'n_units_l3': 3872, 'n_units_l4': 1888, 'n_units_l5': 1472, 'n_units_l6': 3616, 'n_units_l7': 4032, 'n_units_l8': 2240, 'n_units_l9': 192, 'n_units_l10': 3136, 'lr': 0.0006674532867326245}. Best is trial 23 with value: 8.157895792416186.
[I 2025-03-22 08:25:12,161] Trial 16 finished with value: 125.43001741214161 and parameters: {'n_units_l0': 3104, 'n_units_l1': 2016, 'n_units_l2': 1344, 'n_units_l3': 64, 'n_units_l4': 1056, 'n_units_l5': 512, 'n_units_l6': 1696, 'n_units_l7': 896, 'n_units_l8': 3040, 'n_units_l9': 896, 'n_units_l10': 2272, 'n_units_l11': 3424, 'lr': 0.014516443665869945}. Best is trial 8 with value: 11.101610308983933.
[I 2025-03-22 08:25:14,263] Trial 17 pruned. 
[I 2025-03-22 08:26:37,676] Trial 42 finished with value: 10.252095498003493 and parameters: {'n_units_l0': 3200, 'n_units_l1': 3808, 'n_units_l2': 544, 'n_units_l3': 3904, 'n_units_l4': 1216, 'n_units_l5': 2208, 'n_units_l6': 3520, 'n_units_l7': 2016, 'n_units_l8': 2688, 'n_units_l9': 160, 'n_units_l10': 4064, 'lr': 0.0001063105300915506}. Best is trial 23 with value: 8.157895792416186.
[I 2025-03-22 08:26:39,469] Trial 43 pruned. 
[I 2025-03-22 08:27:26,826] Trial 18 finished with value: 125.46023668849429 and parameters: {'n_units_l0': 1472, 'n_units_l1': 1792, 'n_units_l2': 3200, 'n_units_l3': 2784, 'n_units_l4': 1824, 'n_units_l5': 32, 'n_units_l6': 2784, 'n_units_l7': 2720, 'n_units_l8': 896, 'n_units_l9': 1856, 'n_units_l10': 64, 'n_units_l11': 3040, 'lr': 0.014953731328964505}. Best is trial 8 with value: 11.101610308983933.
[I 2025-03-22 08:27:28,572] Trial 19 pruned. 
[I 2025-03-22 08:27:31,282] Trial 20 pruned. 
[I 2025-03-22 08:27:34,191] Trial 21 pruned. 
[I 2025-03-22 08:27:35,477] Trial 22 pruned. 
[I 2025-03-22 08:27:38,038] Trial 23 pruned. 
[I 2025-03-22 08:27:39,447] Trial 24 pruned. 
[I 2025-03-22 08:27:40,714] Trial 25 pruned. 
[I 2025-03-22 08:27:42,385] Trial 26 pruned. 
[I 2025-03-22 08:29:30,947] Trial 44 finished with value: 125.12452859364866 and parameters: {'n_units_l0': 2592, 'n_units_l1': 3744, 'n_units_l2': 1056, 'n_units_l3': 4032, 'n_units_l4': 2272, 'n_units_l5': 2272, 'n_units_l6': 3264, 'n_units_l7': 2368, 'n_units_l8': 64, 'n_units_l9': 448, 'n_units_l10': 3840, 'lr': 0.00591228630497315}. Best is trial 23 with value: 8.157895792416186.
[I 2025-03-22 08:29:32,687] Trial 45 pruned. 
[I 2025-03-22 08:29:35,326] Trial 46 pruned. 
[I 2025-03-22 08:29:37,782] Trial 47 pruned. 
[I 2025-03-22 08:29:39,532] Trial 48 pruned. 
[I 2025-03-22 08:31:07,727] Trial 27 finished with value: 125.43532350244301 and parameters: {'n_units_l0': 2080, 'n_units_l1': 1024, 'n_units_l2': 2848, 'n_units_l3': 3648, 'n_units_l4': 384, 'n_units_l5': 2368, 'n_units_l6': 2048, 'n_units_l7': 1216, 'n_units_l8': 2944, 'n_units_l9': 3328, 'n_units_l10': 3680, 'n_units_l11': 2336, 'lr': 0.008777828146975248}. Best is trial 8 with value: 11.101610308983933.
[I 2025-03-22 08:31:09,345] Trial 28 pruned. 
[I 2025-03-22 08:31:11,347] Trial 29 pruned. 
[I 2025-03-22 08:31:13,820] Trial 30 pruned. 
[I 2025-03-22 08:33:09,571] Trial 31 finished with value: 125.42720811799808 and parameters: {'n_units_l0': 3296, 'n_units_l1': 2144, 'n_units_l2': 1632, 'n_units_l3': 32, 'n_units_l4': 864, 'n_units_l5': 480, 'n_units_l6': 1824, 'n_units_l7': 928, 'n_units_l8': 3200, 'n_units_l9': 928, 'n_units_l10': 2080, 'n_units_l11': 3232, 'lr': 0.016786387929444813}. Best is trial 8 with value: 11.101610308983933.
[I 2025-03-22 08:33:18,631] Trial 49 finished with value: 6.552450144159364 and parameters: {'n_units_l0': 3680, 'n_units_l1': 3840, 'n_units_l2': 3712, 'n_units_l3': 2848, 'n_units_l4': 960, 'n_units_l5': 1856, 'n_units_l6': 2368, 'n_units_l7': 2816, 'n_units_l8': 2784, 'n_units_l9': 512, 'n_units_l10': 3040, 'lr': 0.0006766162564925969}. Best is trial 49 with value: 6.552450144159364.
[I 2025-03-22 08:33:21,043] Trial 50 pruned. 
[I 2025-03-22 08:35:08,618] Trial 32 finished with value: 125.420907038824 and parameters: {'n_units_l0': 3264, 'n_units_l1': 3168, 'n_units_l2': 1728, 'n_units_l3': 512, 'n_units_l4': 768, 'n_units_l5': 320, 'n_units_l6': 1216, 'n_units_l7': 992, 'n_units_l8': 3168, 'n_units_l9': 64, 'n_units_l10': 2016, 'n_units_l11': 3232, 'lr': 0.007696729235660623}. Best is trial 8 with value: 11.101610308983933.
[I 2025-03-22 08:36:19,098] Trial 51 finished with value: 13.819499550845945 and parameters: {'n_units_l0': 3552, 'n_units_l1': 3648, 'n_units_l2': 2720, 'n_units_l3': 3072, 'n_units_l4': 896, 'n_units_l5': 1536, 'n_units_l6': 1888, 'n_units_l7': 2368, 'n_units_l8': 2208, 'n_units_l9': 512, 'n_units_l10': 3296, 'lr': 0.0006752308101189234}. Best is trial 49 with value: 6.552450144159364.
[I 2025-03-22 08:36:21,717] Trial 52 pruned. 
[I 2025-03-22 08:36:24,060] Trial 53 pruned. 
[I 2025-03-22 08:37:03,176] Trial 33 finished with value: 125.4290276757168 and parameters: {'n_units_l0': 2688, 'n_units_l1': 3360, 'n_units_l2': 1024, 'n_units_l3': 416, 'n_units_l4': 512, 'n_units_l5': 256, 'n_units_l6': 1184, 'n_units_l7': 1120, 'n_units_l8': 2592, 'n_units_l9': 64, 'n_units_l10': 2528, 'n_units_l11': 3744, 'lr': 0.007474015182191413}. Best is trial 8 with value: 11.101610308983933.
[I 2025-03-22 08:38:54,551] Trial 54 finished with value: 34.61179219822262 and parameters: {'n_units_l0': 3040, 'n_units_l1': 96, 'n_units_l2': 1760, 'n_units_l3': 2912, 'n_units_l4': 1792, 'n_units_l5': 1696, 'n_units_l6': 1664, 'n_units_l7': 3904, 'n_units_l8': 2912, 'n_units_l9': 1056, 'n_units_l10': 2976, 'lr': 0.00035283387067369686}. Best is trial 49 with value: 6.552450144159364.
[I 2025-03-22 08:38:56,178] Trial 55 pruned. 
[I 2025-03-22 08:38:58,829] Trial 56 pruned. 
[I 2025-03-22 08:39:00,068] Trial 57 pruned. 
[I 2025-03-22 08:39:01,737] Trial 58 pruned. 
[I 2025-03-22 08:39:03,500] Trial 59 pruned. 
[I 2025-03-22 08:39:05,654] Trial 60 pruned. 
[I 2025-03-22 08:39:07,594] Trial 61 pruned. 
[I 2025-03-22 08:40:17,935] Trial 34 finished with value: 15.46506456431776 and parameters: {'n_units_l0': 4064, 'n_units_l1': 3008, 'n_units_l2': 2016, 'n_units_l3': 1088, 'n_units_l4': 1216, 'n_units_l5': 1152, 'n_units_l6': 1376, 'n_units_l7': 704, 'n_units_l8': 3872, 'n_units_l9': 3776, 'n_units_l10': 1952, 'n_units_l11': 3200, 'lr': 0.0014840216453589974}. Best is trial 8 with value: 11.101610308983933.
[I 2025-03-22 08:42:08,922] Trial 62 finished with value: 11.07775697957898 and parameters: {'n_units_l0': 2784, 'n_units_l1': 2528, 'n_units_l2': 512, 'n_units_l3': 3456, 'n_units_l4': 1280, 'n_units_l5': 1504, 'n_units_l6': 3744, 'n_units_l7': 3648, 'n_units_l8': 2976, 'n_units_l9': 864, 'n_units_l10': 2656, 'lr': 0.00016007217514775137}. Best is trial 49 with value: 6.552450144159364.
[I 2025-03-22 08:42:11,198] Trial 63 pruned. 
[I 2025-03-22 08:43:26,166] Trial 35 finished with value: 10.663349269325584 and parameters: {'n_units_l0': 896, 'n_units_l1': 3680, 'n_units_l2': 3456, 'n_units_l3': 1120, 'n_units_l4': 2272, 'n_units_l5': 1152, 'n_units_l6': 2112, 'n_units_l7': 288, 'n_units_l8': 3936, 'n_units_l9': 3840, 'n_units_l10': 1472, 'n_units_l11': 2848, 'lr': 0.0010020142953923086}. Best is trial 35 with value: 10.663349269325584.
[I 2025-03-22 08:45:22,581] Trial 64 finished with value: 17.466703396380744 and parameters: {'n_units_l0': 2816, 'n_units_l1': 2848, 'n_units_l2': 672, 'n_units_l3': 3008, 'n_units_l4': 960, 'n_units_l5': 1472, 'n_units_l6': 3616, 'n_units_l7': 3840, 'n_units_l8': 2976, 'n_units_l9': 1344, 'n_units_l10': 2720, 'lr': 0.00011423090273606049}. Best is trial 49 with value: 6.552450144159364.
[I 2025-03-22 08:45:24,604] Trial 65 pruned. 
[I 2025-03-22 08:45:26,394] Trial 66 pruned. 
[I 2025-03-22 08:46:34,240] Trial 67 pruned. 
[I 2025-03-22 08:46:35,776] Trial 68 pruned. 
[I 2025-03-22 08:46:37,463] Trial 69 pruned. 
[I 2025-03-22 08:47:16,893] Trial 36 finished with value: 13.559756452100899 and parameters: {'n_units_l0': 4000, 'n_units_l1': 3776, 'n_units_l2': 3552, 'n_units_l3': 1056, 'n_units_l4': 2208, 'n_units_l5': 1152, 'n_units_l6': 2464, 'n_units_l7': 736, 'n_units_l8': 3904, 'n_units_l9': 3520, 'n_units_l10': 1472, 'n_units_l11': 2784, 'lr': 0.0002492607422185649}. Best is trial 35 with value: 10.663349269325584.
[I 2025-03-22 08:50:05,602] Trial 70 finished with value: 9.653813441450446 and parameters: {'n_units_l0': 2624, 'n_units_l1': 3296, 'n_units_l2': 3296, 'n_units_l3': 2624, 'n_units_l4': 512, 'n_units_l5': 192, 'n_units_l6': 3840, 'n_units_l7': 3680, 'n_units_l8': 3488, 'n_units_l9': 768, 'n_units_l10': 1952, 'lr': 0.0003171301490348257}. Best is trial 49 with value: 6.552450144159364.
[I 2025-03-22 08:51:06,116] Trial 37 finished with value: 14.211845861252385 and parameters: {'n_units_l0': 4096, 'n_units_l1': 3712, 'n_units_l2': 3520, 'n_units_l3': 1184, 'n_units_l4': 2304, 'n_units_l5': 1184, 'n_units_l6': 2016, 'n_units_l7': 352, 'n_units_l8': 3936, 'n_units_l9': 3648, 'n_units_l10': 1408, 'n_units_l11': 2624, 'lr': 1.142591372141829e-05}. Best is trial 35 with value: 10.663349269325584.
[I 2025-03-22 08:53:44,879] Trial 71 finished with value: 6.796277449602665 and parameters: {'n_units_l0': 2624, 'n_units_l1': 3648, 'n_units_l2': 3456, 'n_units_l3': 2624, 'n_units_l4': 384, 'n_units_l5': 224, 'n_units_l6': 3872, 'n_units_l7': 3808, 'n_units_l8': 3616, 'n_units_l9': 608, 'n_units_l10': 2144, 'lr': 0.00014793036192976272}. Best is trial 49 with value: 6.552450144159364.
[I 2025-03-22 08:53:55,703] Trial 72 pruned. 
[I 2025-03-22 08:54:59,178] Trial 38 finished with value: 16.236209445109854 and parameters: {'n_units_l0': 3840, 'n_units_l1': 3776, 'n_units_l2': 3552, 'n_units_l3': 1216, 'n_units_l4': 2240, 'n_units_l5': 1856, 'n_units_l6': 2144, 'n_units_l7': 320, 'n_units_l8': 4064, 'n_units_l9': 3744, 'n_units_l10': 1376, 'n_units_l11': 2592, 'lr': 0.0002067620429830391}. Best is trial 35 with value: 10.663349269325584.
[I 2025-03-22 08:55:01,374] Trial 73 pruned. 
[I 2025-03-22 08:55:02,300] Trial 39 pruned. 
[I 2025-03-22 08:55:03,831] Trial 74 pruned. 
[I 2025-03-22 08:55:04,684] Trial 40 pruned. 
[I 2025-03-22 08:55:06,290] Trial 75 pruned. 
[I 2025-03-22 08:55:25,490] Trial 76 pruned. 
[I 2025-03-22 08:55:28,050] Trial 77 pruned. 
[I 2025-03-22 08:55:30,514] Trial 78 pruned. 
[I 2025-03-22 08:55:33,236] Trial 79 pruned. 
[I 2025-03-22 08:55:35,985] Trial 80 pruned. 
[I 2025-03-22 08:55:37,740] Trial 81 pruned. 
[I 2025-03-22 08:55:47,744] Trial 82 pruned. 
[I 2025-03-22 08:55:50,595] Trial 83 pruned. 
[I 2025-03-22 08:55:52,175] Trial 84 pruned. 
[I 2025-03-22 08:55:54,868] Trial 85 pruned. 
[I 2025-03-22 08:55:56,385] Trial 86 pruned. 
[I 2025-03-22 08:55:58,740] Trial 87 pruned. 
[I 2025-03-22 08:56:01,459] Trial 88 pruned. 
[I 2025-03-22 08:56:02,987] Trial 89 pruned. 
[I 2025-03-22 08:56:05,513] Trial 90 pruned. 
[I 2025-03-22 08:56:19,952] Trial 91 pruned. 
[I 2025-03-22 08:58:40,769] Trial 92 finished with value: 32.59578335459946 and parameters: {'n_units_l0': 3232, 'n_units_l1': 2752, 'n_units_l2': 416, 'n_units_l3': 2880, 'n_units_l4': 1248, 'n_units_l5': 1568, 'n_units_l6': 4000, 'n_units_l7': 1856, 'n_units_l8': 3136, 'n_units_l9': 416, 'n_units_l10': 2464, 'lr': 0.0020534009871959976}. Best is trial 49 with value: 6.552450144159364.
[I 2025-03-22 08:58:42,961] Trial 93 pruned. 
[I 2025-03-22 08:58:44,877] Trial 94 pruned. 
[I 2025-03-22 08:58:47,193] Trial 95 pruned. 
[I 2025-03-22 08:58:47,593] Trial 41 finished with value: 12.50698844481616 and parameters: {'n_units_l0': 4064, 'n_units_l1': 3520, 'n_units_l2': 4096, 'n_units_l3': 1056, 'n_units_l4': 2048, 'n_units_l5': 1056, 'n_units_l6': 1472, 'n_units_l7': 480, 'n_units_l8': 3904, 'n_units_l9': 4064, 'n_units_l10': 1216, 'n_units_l11': 3200, 'lr': 0.0005055300542699161}. Best is trial 35 with value: 10.663349269325584.
[I 2025-03-22 08:58:48,881] Trial 96 pruned. 
[I 2025-03-22 08:58:50,267] Trial 97 pruned. 
[I 2025-03-22 08:59:12,502] Trial 42 pruned. 
[I 2025-03-22 08:59:15,028] Trial 43 pruned. 
[I 2025-03-22 08:59:54,890] Trial 98 pruned. 
[I 2025-03-22 09:00:30,826] Trial 99 pruned. 
[I 2025-03-22 09:00:31,024] A new study created in memory with name: no-name-b6e4d8db-e146-455f-97dc-c9c661aea1a0
[I 2025-03-22 09:01:44,769] Trial 0 finished with value: 21.972196615210677 and parameters: {'n_units_l0': 736, 'n_units_l1': 1824, 'lr': 0.04365062290341205}. Best is trial 0 with value: 21.972196615210677.
[I 2025-03-22 09:02:30,264] Trial 44 finished with value: 12.07992129498976 and parameters: {'n_units_l0': 3904, 'n_units_l1': 2752, 'n_units_l2': 3552, 'n_units_l3': 1408, 'n_units_l4': 2944, 'n_units_l5': 1024, 'n_units_l6': 2272, 'n_units_l7': 288, 'n_units_l8': 3968, 'n_units_l9': 3616, 'n_units_l10': 672, 'n_units_l11': 3104, 'lr': 0.000687676631890084}. Best is trial 35 with value: 10.663349269325584.
[I 2025-03-22 09:02:32,483] Trial 45 pruned. 
[I 2025-03-22 09:02:34,661] Trial 46 pruned. 
[I 2025-03-22 09:02:36,726] Trial 47 pruned. 
[I 2025-03-22 09:02:38,408] Trial 48 pruned. 
[I 2025-03-22 09:02:40,669] Trial 49 pruned. 
[I 2025-03-22 09:02:42,546] Trial 50 pruned. 
[I 2025-03-22 09:02:58,352] Trial 1 finished with value: 22.514654242331677 and parameters: {'n_units_l0': 2304, 'n_units_l1': 2624, 'lr': 0.01657698798610045}. Best is trial 0 with value: 21.972196615210677.
[I 2025-03-22 09:04:12,113] Trial 2 finished with value: 39.566634672841396 and parameters: {'n_units_l0': 1664, 'n_units_l1': 1600, 'lr': 0.07784374095145073}. Best is trial 0 with value: 21.972196615210677.
[I 2025-03-22 09:05:26,112] Trial 3 finished with value: 11.343651013866923 and parameters: {'n_units_l0': 224, 'n_units_l1': 2560, 'lr': 0.0013218670814403068}. Best is trial 3 with value: 11.343651013866923.
[I 2025-03-22 09:06:05,688] Trial 51 finished with value: 9.011491648670864 and parameters: {'n_units_l0': 3904, 'n_units_l1': 3648, 'n_units_l2': 3040, 'n_units_l3': 1120, 'n_units_l4': 2112, 'n_units_l5': 1184, 'n_units_l6': 1952, 'n_units_l7': 448, 'n_units_l8': 3904, 'n_units_l9': 3648, 'n_units_l10': 1024, 'n_units_l11': 2400, 'lr': 0.001337102259975199}. Best is trial 51 with value: 9.011491648670864.
[I 2025-03-22 09:06:08,201] Trial 52 pruned. 
[I 2025-03-22 09:06:10,710] Trial 53 pruned. 
[I 2025-03-22 09:06:13,018] Trial 54 pruned. 
[I 2025-03-22 09:06:39,351] Trial 4 finished with value: 26.26638556179391 and parameters: {'n_units_l0': 3072, 'n_units_l1': 96, 'lr': 0.013866925600336073}. Best is trial 3 with value: 11.343651013866923.
[I 2025-03-22 09:06:40,788] Trial 5 pruned. 
[I 2025-03-22 09:06:41,506] Trial 6 pruned. 
[I 2025-03-22 09:06:42,374] Trial 7 pruned. 
[I 2025-03-22 09:06:50,426] Trial 8 pruned. 
[I 2025-03-22 09:07:11,836] Trial 9 pruned. 
[I 2025-03-22 09:07:12,689] Trial 10 pruned. 
[I 2025-03-22 09:07:20,802] Trial 11 pruned. 
[I 2025-03-22 09:07:28,875] Trial 12 pruned. 
[I 2025-03-22 09:07:29,605] Trial 13 pruned. 
[I 2025-03-22 09:07:37,801] Trial 14 pruned. 
[I 2025-03-22 09:07:38,527] Trial 15 pruned. 
[I 2025-03-22 09:07:39,235] Trial 16 pruned. 
[I 2025-03-22 09:07:47,417] Trial 17 pruned. 
[I 2025-03-22 09:07:48,117] Trial 18 pruned. 
[I 2025-03-22 09:07:48,830] Trial 19 pruned. 
[I 2025-03-22 09:07:49,671] Trial 20 pruned. 
[I 2025-03-22 09:07:50,393] Trial 21 pruned. 
[I 2025-03-22 09:07:51,149] Trial 22 pruned. 
[I 2025-03-22 09:07:51,917] Trial 23 pruned. 
[I 2025-03-22 09:07:52,751] Trial 24 pruned. 
[I 2025-03-22 09:07:53,478] Trial 25 pruned. 
[I 2025-03-22 09:08:01,491] Trial 26 pruned. 
[I 2025-03-22 09:08:02,349] Trial 27 pruned. 
[I 2025-03-22 09:08:03,098] Trial 28 pruned. 
[I 2025-03-22 09:08:03,838] Trial 29 pruned. 
[I 2025-03-22 09:08:12,040] Trial 30 pruned. 
[I 2025-03-22 09:08:12,781] Trial 31 pruned. 
[I 2025-03-22 09:08:13,524] Trial 32 pruned. 
[I 2025-03-22 09:08:14,330] Trial 33 pruned. 
[I 2025-03-22 09:08:15,112] Trial 34 pruned. 
[I 2025-03-22 09:08:15,877] Trial 35 pruned. 
[I 2025-03-22 09:08:16,625] Trial 36 pruned. 
[I 2025-03-22 09:08:17,389] Trial 37 pruned. 
[I 2025-03-22 09:08:18,204] Trial 38 pruned. 
[I 2025-03-22 09:08:18,916] Trial 39 pruned. 
[I 2025-03-22 09:08:27,092] Trial 40 pruned. 
[I 2025-03-22 09:08:27,802] Trial 41 pruned. 
[I 2025-03-22 09:08:35,718] Trial 42 pruned. 
[I 2025-03-22 09:08:36,574] Trial 43 pruned. 
[I 2025-03-22 09:08:37,317] Trial 44 pruned. 
[I 2025-03-22 09:08:42,619] Trial 45 pruned. 
[I 2025-03-22 09:08:43,374] Trial 46 pruned. 
[I 2025-03-22 09:08:47,799] Trial 47 pruned. 
[I 2025-03-22 09:08:55,940] Trial 48 pruned. 
[I 2025-03-22 09:08:56,678] Trial 49 pruned. 
[I 2025-03-22 09:08:58,208] Trial 50 pruned. 
[I 2025-03-22 09:08:58,938] Trial 51 pruned. 
[I 2025-03-22 09:09:06,976] Trial 52 pruned. 
[I 2025-03-22 09:09:07,756] Trial 53 pruned. 
[I 2025-03-22 09:09:15,735] Trial 54 pruned. 
[I 2025-03-22 09:09:16,571] Trial 55 pruned. 
[I 2025-03-22 09:09:24,572] Trial 56 pruned. 
[I 2025-03-22 09:09:32,652] Trial 57 pruned. 
[I 2025-03-22 09:09:33,384] Trial 58 pruned. 
[I 2025-03-22 09:09:34,118] Trial 59 pruned. 
[I 2025-03-22 09:10:11,759] Trial 55 finished with value: 9.33242037241215 and parameters: {'n_units_l0': 3936, 'n_units_l1': 3360, 'n_units_l2': 2944, 'n_units_l3': 1536, 'n_units_l4': 3136, 'n_units_l5': 2144, 'n_units_l6': 2880, 'n_units_l7': 800, 'n_units_l8': 3936, 'n_units_l9': 3776, 'n_units_l10': 896, 'n_units_l11': 2336, 'lr': 0.0009637618962588734}. Best is trial 51 with value: 9.011491648670864.
[I 2025-03-22 09:10:14,333] Trial 56 pruned. 
[I 2025-03-22 09:10:47,442] Trial 60 finished with value: 17.227911922902514 and parameters: {'n_units_l0': 608, 'n_units_l1': 1728, 'lr': 0.026031720916516548}. Best is trial 3 with value: 11.343651013866923.
[I 2025-03-22 09:10:48,167] Trial 61 pruned. 
[I 2025-03-22 09:10:55,535] Trial 62 pruned. 
[I 2025-03-22 09:11:05,925] Trial 63 pruned. 
[I 2025-03-22 09:11:06,677] Trial 64 pruned. 
[I 2025-03-22 09:11:07,413] Trial 65 pruned. 
[I 2025-03-22 09:11:08,145] Trial 66 pruned. 
[I 2025-03-22 09:11:08,925] Trial 67 pruned. 
[I 2025-03-22 09:11:15,685] Trial 68 pruned. 
[I 2025-03-22 09:11:20,790] Trial 69 pruned. 
[I 2025-03-22 09:11:21,638] Trial 70 pruned. 
