[I 2025-03-21 23:45:04,785] Trial 3 finished with value: 52.254621137131664 and parameters: {'n_units_l0': 1568, 'n_units_l1': 1600, 'lr': 0.009842701929334351}. Best is trial 2 with value: 46.36506556351361.
[I 2025-03-21 23:45:06,964] Trial 11 finished with value: 37.42967432480329 and parameters: {'n_units_l0': 160, 'n_units_l1': 3328, 'n_units_l2': 4064, 'n_units_l3': 192, 'n_units_l4': 32, 'n_units_l5': 960, 'n_units_l6': 1376, 'n_units_l7': 64, 'n_units_l8': 1952, 'n_units_l9': 768, 'n_units_l10': 2400, 'n_units_l11': 4096, 'lr': 0.0015670940546834902}. Best is trial 11 with value: 37.42967432480329.
[I 2025-03-21 23:45:07,822] Trial 4 finished with value: 85.41743910575501 and parameters: {'n_units_l0': 864, 'n_units_l1': 2560, 'lr': 0.0887486483989778}. Best is trial 2 with value: 46.36506556351361.
[I 2025-03-21 23:45:07,912] Trial 5 pruned. 
[I 2025-03-21 23:45:07,984] Trial 6 pruned. 
[I 2025-03-21 23:45:11,048] Trial 7 finished with value: 44.19727956274604 and parameters: {'n_units_l0': 1600, 'n_units_l1': 1440, 'lr': 0.04976900711992502}. Best is trial 7 with value: 44.19727956274604.
[I 2025-03-21 23:45:11,104] Trial 8 pruned. 
[I 2025-03-21 23:45:11,145] Trial 9 pruned. 
[I 2025-03-21 23:45:12,078] Trial 12 finished with value: 58.825154572786495 and parameters: {'n_units_l0': 64, 'n_units_l1': 4096, 'n_units_l2': 4000, 'n_units_l3': 32, 'n_units_l4': 32, 'n_units_l5': 800, 'n_units_l6': 1216, 'n_units_l7': 64, 'n_units_l8': 1856, 'n_units_l9': 96, 'n_units_l10': 2720, 'n_units_l11': 4096, 'lr': 0.002211394366963805}. Best is trial 11 with value: 37.42967432480329.
[I 2025-03-21 23:45:12,414] Trial 13 pruned. 
[I 2025-03-21 23:45:12,719] Trial 14 pruned. 
[I 2025-03-21 23:45:14,182] Trial 10 finished with value: 44.650706873793546 and parameters: {'n_units_l0': 64, 'n_units_l1': 64, 'lr': 0.05472540564467185}. Best is trial 7 with value: 44.19727956274604.
[I 2025-03-21 23:45:14,251] Trial 11 pruned. 
[I 2025-03-21 23:45:14,320] Trial 12 pruned. 
[I 2025-03-21 23:45:14,361] Trial 13 pruned. 
[I 2025-03-21 23:45:14,433] Trial 14 pruned. 
[I 2025-03-21 23:45:14,484] Trial 15 pruned. 
[I 2025-03-21 23:45:14,879] Trial 16 pruned. 
[I 2025-03-21 23:45:15,012] Trial 17 pruned. 
[I 2025-03-21 23:45:15,165] Trial 18 pruned. 
[I 2025-03-21 23:45:15,214] Trial 19 pruned. 
[I 2025-03-21 23:45:15,278] Trial 20 pruned. 
[I 2025-03-21 23:45:15,371] Trial 21 pruned. 
[I 2025-03-21 23:45:15,446] Trial 22 pruned. 
[I 2025-03-21 23:45:15,518] Trial 23 pruned. 
[I 2025-03-21 23:45:15,594] Trial 24 pruned. 
[I 2025-03-21 23:45:15,661] Trial 25 pruned. 
[I 2025-03-21 23:45:15,733] Trial 26 pruned. 
[I 2025-03-21 23:45:15,810] Trial 27 pruned. 
[I 2025-03-21 23:45:15,953] Trial 28 pruned. 
[I 2025-03-21 23:45:16,005] Trial 29 pruned. 
[I 2025-03-21 23:45:16,095] Trial 30 pruned. 
[I 2025-03-21 23:45:19,133] Trial 31 finished with value: 46.665878147466636 and parameters: {'n_units_l0': 32, 'n_units_l1': 3584, 'lr': 0.029102310846106472}. Best is trial 7 with value: 44.19727956274604.
[I 2025-03-21 23:45:19,659] Trial 15 finished with value: 127.4428844412739 and parameters: {'n_units_l0': 384, 'n_units_l1': 4032, 'n_units_l2': 3424, 'n_units_l3': 640, 'n_units_l4': 4000, 'n_units_l5': 1728, 'n_units_l6': 1344, 'n_units_l7': 1120, 'n_units_l8': 2880, 'n_units_l9': 32, 'n_units_l10': 3200, 'n_units_l11': 3712, 'lr': 0.004164726836241271}. Best is trial 11 with value: 37.42967432480329.
[I 2025-03-21 23:45:19,961] Trial 16 pruned. 
[I 2025-03-21 23:45:22,168] Trial 32 finished with value: 47.049090935871604 and parameters: {'n_units_l0': 32, 'n_units_l1': 3520, 'lr': 0.025424088318221898}. Best is trial 7 with value: 44.19727956274604.
[I 2025-03-21 23:45:22,244] Trial 33 pruned. 
[I 2025-03-21 23:45:22,649] Trial 34 pruned. 
[I 2025-03-21 23:45:22,731] Trial 35 pruned. 
[I 2025-03-21 23:45:22,809] Trial 36 pruned. 
[I 2025-03-21 23:45:23,088] Trial 37 pruned. 
[I 2025-03-21 23:45:24,092] Trial 38 pruned. 
[I 2025-03-21 23:45:24,181] Trial 39 pruned. 
[I 2025-03-21 23:45:24,233] Trial 40 pruned. 
[I 2025-03-21 23:45:25,380] Trial 17 finished with value: 127.36642496786568 and parameters: {'n_units_l0': 1344, 'n_units_l1': 3552, 'n_units_l2': 4032, 'n_units_l3': 480, 'n_units_l4': 1664, 'n_units_l5': 1184, 'n_units_l6': 736, 'n_units_l7': 1504, 'n_units_l8': 1472, 'n_units_l9': 576, 'n_units_l10': 1184, 'n_units_l11': 1664, 'lr': 0.013194515455326619}. Best is trial 11 with value: 37.42967432480329.
[I 2025-03-21 23:45:25,785] Trial 18 pruned. 
[I 2025-03-21 23:45:26,064] Trial 19 pruned. 
[I 2025-03-21 23:45:27,275] Trial 41 finished with value: 48.52450679774105 and parameters: {'n_units_l0': 32, 'n_units_l1': 3424, 'lr': 0.024223039306884447}. Best is trial 7 with value: 44.19727956274604.
[I 2025-03-21 23:45:27,553] Trial 42 pruned. 
[I 2025-03-21 23:45:27,633] Trial 43 pruned. 
[I 2025-03-21 23:45:27,856] Trial 44 pruned. 
[I 2025-03-21 23:45:27,907] Trial 45 pruned. 
[I 2025-03-21 23:45:27,984] Trial 46 pruned. 
[I 2025-03-21 23:45:28,059] Trial 47 pruned. 
[I 2025-03-21 23:45:28,168] Trial 48 pruned. 
[I 2025-03-21 23:45:28,246] Trial 49 pruned. 
[I 2025-03-21 23:45:28,321] Trial 50 pruned. 
[I 2025-03-21 23:45:28,395] Trial 51 pruned. 
[I 2025-03-21 23:45:28,454] Trial 52 pruned. 
[I 2025-03-21 23:45:31,377] Trial 20 finished with value: 129.6402291487864 and parameters: {'n_units_l0': 640, 'n_units_l1': 3520, 'n_units_l2': 1824, 'n_units_l3': 384, 'n_units_l4': 416, 'n_units_l5': 1824, 'n_units_l6': 928, 'n_units_l7': 448, 'n_units_l8': 3200, 'n_units_l9': 512, 'n_units_l10': 3520, 'n_units_l11': 4064, 'lr': 0.012581690584165283}. Best is trial 11 with value: 37.42967432480329.
[I 2025-03-21 23:45:31,501] Trial 53 finished with value: 42.107879965221834 and parameters: {'n_units_l0': 192, 'n_units_l1': 3168, 'lr': 0.040279089835957675}. Best is trial 53 with value: 42.107879965221834.
[I 2025-03-21 23:45:31,780] Trial 54 pruned. 
[I 2025-03-21 23:45:31,855] Trial 55 pruned. 
[I 2025-03-21 23:45:31,948] Trial 56 pruned. 
[I 2025-03-21 23:45:32,008] Trial 57 pruned. 
[I 2025-03-21 23:45:32,085] Trial 58 pruned. 
[I 2025-03-21 23:45:32,168] Trial 59 pruned. 
[I 2025-03-21 23:45:32,230] Trial 60 pruned. 
[I 2025-03-21 23:45:32,507] Trial 61 pruned. 
[I 2025-03-21 23:45:32,727] Trial 62 pruned. 
[I 2025-03-21 23:45:32,777] Trial 63 pruned. 
[I 2025-03-21 23:45:32,850] Trial 64 pruned. 
[I 2025-03-21 23:45:32,924] Trial 65 pruned. 
[I 2025-03-21 23:45:33,200] Trial 66 pruned. 
[I 2025-03-21 23:45:33,247] Trial 67 pruned. 
[I 2025-03-21 23:45:33,335] Trial 68 pruned. 
[I 2025-03-21 23:45:33,419] Trial 69 pruned. 
[I 2025-03-21 23:45:33,472] Trial 70 pruned. 
[I 2025-03-21 23:45:33,646] Trial 71 pruned. 
[I 2025-03-21 23:45:33,732] Trial 72 pruned. 
[I 2025-03-21 23:45:33,789] Trial 73 pruned. 
[I 2025-03-21 23:45:33,923] Trial 74 pruned. 
[I 2025-03-21 23:45:33,998] Trial 75 pruned. 
[I 2025-03-21 23:45:34,058] Trial 76 pruned. 
[I 2025-03-21 23:45:34,145] Trial 77 pruned. 
[I 2025-03-21 23:45:34,425] Trial 78 pruned. 
[I 2025-03-21 23:45:34,502] Trial 79 pruned. 
[I 2025-03-21 23:45:34,579] Trial 80 pruned. 
[I 2025-03-21 23:45:34,871] Trial 81 pruned. 
[I 2025-03-21 23:45:34,950] Trial 82 pruned. 
[I 2025-03-21 23:45:35,029] Trial 83 pruned. 
[I 2025-03-21 23:45:35,091] Trial 84 pruned. 
[I 2025-03-21 23:45:35,369] Trial 85 pruned. 
[I 2025-03-21 23:45:35,453] Trial 86 pruned. 
[I 2025-03-21 23:45:35,533] Trial 87 pruned. 
[I 2025-03-21 23:45:35,615] Trial 88 pruned. 
[I 2025-03-21 23:45:35,674] Trial 89 pruned. 
[I 2025-03-21 23:45:35,725] Trial 90 pruned. 
[I 2025-03-21 23:45:35,787] Trial 91 pruned. 
[I 2025-03-21 23:45:35,832] Trial 92 pruned. 
[I 2025-03-21 23:45:35,891] Trial 93 pruned. 
[I 2025-03-21 23:45:35,948] Trial 94 pruned. 
[I 2025-03-21 23:45:36,011] Trial 95 pruned. 
[I 2025-03-21 23:45:36,065] Trial 96 pruned. 
[I 2025-03-21 23:45:36,144] Trial 97 pruned. 
[I 2025-03-21 23:45:36,194] Trial 98 pruned. 
[I 2025-03-21 23:45:36,243] Trial 99 pruned. 
[I 2025-03-21 23:45:36,259] A new study created in memory with name: no-name-cfb08961-f054-4a4f-812a-281566bbeb3f
[I 2025-03-21 23:45:36,286] Trial 21 finished with value: 90.55381127892089 and parameters: {'n_units_l0': 96, 'n_units_l1': 4064, 'n_units_l2': 4064, 'n_units_l3': 96, 'n_units_l4': 32, 'n_units_l5': 800, 'n_units_l6': 1376, 'n_units_l7': 32, 'n_units_l8': 1856, 'n_units_l9': 32, 'n_units_l10': 2400, 'n_units_l11': 4032, 'lr': 0.0011060896220731053}. Best is trial 11 with value: 37.42967432480329.
[I 2025-03-21 23:45:39,526] Trial 0 finished with value: 86.36635410084443 and parameters: {'n_units_l0': 2848, 'n_units_l1': 3424, 'n_units_l2': 1216, 'lr': 0.0729603886802684}. Best is trial 0 with value: 86.36635410084443.
[I 2025-03-21 23:45:39,770] Trial 22 finished with value: 127.36568706285293 and parameters: {'n_units_l0': 128, 'n_units_l1': 96, 'n_units_l2': 3712, 'n_units_l3': 32, 'n_units_l4': 64, 'n_units_l5': 1312, 'n_units_l6': 1184, 'n_units_l7': 512, 'n_units_l8': 1632, 'n_units_l9': 384, 'n_units_l10': 2784, 'n_units_l11': 3712, 'lr': 0.010446494704174393}. Best is trial 11 with value: 37.42967432480329.
[I 2025-03-21 23:45:42,658] Trial 1 finished with value: 54.45041231641582 and parameters: {'n_units_l0': 2080, 'n_units_l1': 3296, 'n_units_l2': 672, 'lr': 0.07775006853141186}. Best is trial 1 with value: 54.45041231641582.
[I 2025-03-21 23:45:45,076] Trial 23 finished with value: 38.32230678769842 and parameters: {'n_units_l0': 416, 'n_units_l1': 3840, 'n_units_l2': 2976, 'n_units_l3': 992, 'n_units_l4': 512, 'n_units_l5': 928, 'n_units_l6': 1696, 'n_units_l7': 128, 'n_units_l8': 2144, 'n_units_l9': 832, 'n_units_l10': 2656, 'n_units_l11': 3392, 'lr': 0.0009036099458659525}. Best is trial 11 with value: 37.42967432480329.
[I 2025-03-21 23:45:45,362] Trial 24 pruned. 
[I 2025-03-21 23:45:45,587] Trial 25 pruned. 
[I 2025-03-21 23:45:45,768] Trial 2 finished with value: 123.3886956108941 and parameters: {'n_units_l0': 2976, 'n_units_l1': 1472, 'n_units_l2': 1152, 'lr': 0.016754912500407355}. Best is trial 1 with value: 54.45041231641582.
[I 2025-03-21 23:45:48,877] Trial 3 finished with value: 46.78895536933849 and parameters: {'n_units_l0': 800, 'n_units_l1': 3488, 'n_units_l2': 1568, 'lr': 0.06360247463606927}. Best is trial 3 with value: 46.78895536933849.
[I 2025-03-21 23:45:53,034] Trial 26 finished with value: 127.42975213836105 and parameters: {'n_units_l0': 736, 'n_units_l1': 3648, 'n_units_l2': 3296, 'n_units_l3': 1536, 'n_units_l4': 1792, 'n_units_l5': 2528, 'n_units_l6': 1696, 'n_units_l7': 352, 'n_units_l8': 928, 'n_units_l9': 1696, 'n_units_l10': 3328, 'n_units_l11': 3040, 'lr': 0.009562557860505074}. Best is trial 11 with value: 37.42967432480329.
[I 2025-03-21 23:45:53,632] Trial 4 finished with value: 137.0781230452793 and parameters: {'n_units_l0': 3712, 'n_units_l1': 2848, 'n_units_l2': 3840, 'lr': 0.033695490558024024}. Best is trial 3 with value: 46.78895536933849.
[I 2025-03-21 23:45:53,773] Trial 5 pruned. 
[I 2025-03-21 23:45:53,894] Trial 6 pruned. 
[I 2025-03-21 23:45:55,118] Trial 7 pruned. 
[I 2025-03-21 23:45:55,191] Trial 8 pruned. 
[I 2025-03-21 23:45:58,322] Trial 9 finished with value: 42.01052217670515 and parameters: {'n_units_l0': 128, 'n_units_l1': 3680, 'n_units_l2': 1472, 'lr': 0.011336234776688962}. Best is trial 9 with value: 42.01052217670515.
[I 2025-03-21 23:45:59,324] Trial 27 finished with value: 36.74399473437049 and parameters: {'n_units_l0': 448, 'n_units_l1': 2624, 'n_units_l2': 3616, 'n_units_l3': 448, 'n_units_l4': 352, 'n_units_l5': 416, 'n_units_l6': 1472, 'n_units_l7': 1888, 'n_units_l8': 2048, 'n_units_l9': 2048, 'n_units_l10': 2752, 'n_units_l11': 3616, 'lr': 0.0015717600061588015}. Best is trial 27 with value: 36.74399473437049.
[I 2025-03-21 23:45:59,644] Trial 28 pruned. 
[I 2025-03-21 23:45:59,848] Trial 29 pruned. 
[I 2025-03-21 23:45:59,879] Trial 10 pruned. 
[I 2025-03-21 23:46:00,122] Trial 30 pruned. 
[I 2025-03-21 23:46:02,998] Trial 11 finished with value: 38.00425577600018 and parameters: {'n_units_l0': 64, 'n_units_l1': 3872, 'n_units_l2': 1760, 'lr': 0.04022295951190445}. Best is trial 11 with value: 38.00425577600018.
[I 2025-03-21 23:46:05,481] Trial 31 finished with value: 38.113009740684554 and parameters: {'n_units_l0': 416, 'n_units_l1': 3296, 'n_units_l2': 3104, 'n_units_l3': 928, 'n_units_l4': 672, 'n_units_l5': 64, 'n_units_l6': 1472, 'n_units_l7': 704, 'n_units_l8': 2016, 'n_units_l9': 1280, 'n_units_l10': 2624, 'n_units_l11': 3424, 'lr': 0.0004151262511371134}. Best is trial 27 with value: 36.74399473437049.
[I 2025-03-21 23:46:06,090] Trial 12 finished with value: 39.44204939299939 and parameters: {'n_units_l0': 64, 'n_units_l1': 4032, 'n_units_l2': 256, 'lr': 0.03676204383349562}. Best is trial 11 with value: 38.00425577600018.
[I 2025-03-21 23:46:06,400] Trial 13 pruned. 
[I 2025-03-21 23:46:06,499] Trial 14 pruned. 
[I 2025-03-21 23:46:07,756] Trial 15 pruned. 
[I 2025-03-21 23:46:07,820] Trial 16 pruned. 
[I 2025-03-21 23:46:07,876] Trial 17 pruned. 
[I 2025-03-21 23:46:08,014] Trial 18 pruned. 
[I 2025-03-21 23:46:08,077] Trial 19 pruned. 
[I 2025-03-21 23:46:08,179] Trial 20 pruned. 
[I 2025-03-21 23:46:08,591] Trial 21 pruned. 
[I 2025-03-21 23:46:11,090] Trial 32 finished with value: 127.36521861489548 and parameters: {'n_units_l0': 480, 'n_units_l1': 3296, 'n_units_l2': 3776, 'n_units_l3': 800, 'n_units_l4': 704, 'n_units_l5': 32, 'n_units_l6': 1440, 'n_units_l7': 704, 'n_units_l8': 1984, 'n_units_l9': 1376, 'n_units_l10': 2304, 'n_units_l11': 3488, 'lr': 0.007854717726722969}. Best is trial 27 with value: 36.74399473437049.
[I 2025-03-21 23:46:11,726] Trial 22 finished with value: 31.342549639433816 and parameters: {'n_units_l0': 32, 'n_units_l1': 4096, 'n_units_l2': 1568, 'lr': 0.014345032395222572}. Best is trial 22 with value: 31.342549639433816.
[I 2025-03-21 23:46:11,803] Trial 23 pruned. 
[I 2025-03-21 23:46:12,093] Trial 24 pruned. 
[I 2025-03-21 23:46:12,425] Trial 25 pruned. 
[I 2025-03-21 23:46:12,547] Trial 26 pruned. 
[I 2025-03-21 23:46:12,647] Trial 27 pruned. 
[I 2025-03-21 23:46:12,754] Trial 28 pruned. 
[I 2025-03-21 23:46:12,850] Trial 29 pruned. 
[I 2025-03-21 23:46:12,911] Trial 30 pruned. 
[I 2025-03-21 23:46:13,226] Trial 31 pruned. 
[I 2025-03-21 23:46:14,500] Trial 33 finished with value: 89.93711050922622 and parameters: {'n_units_l0': 928, 'n_units_l1': 2880, 'n_units_l2': 3232, 'n_units_l3': 288, 'n_units_l4': 256, 'n_units_l5': 320, 'n_units_l6': 1952, 'n_units_l7': 320, 'n_units_l8': 1504, 'n_units_l9': 1216, 'n_units_l10': 64, 'n_units_l11': 3840, 'lr': 0.0003580321987253969}. Best is trial 27 with value: 36.74399473437049.
[I 2025-03-21 23:46:14,795] Trial 34 pruned. 
[I 2025-03-21 23:46:15,097] Trial 35 pruned. 
[I 2025-03-21 23:46:15,370] Trial 36 pruned. 
[I 2025-03-21 23:46:15,662] Trial 37 pruned. 
[I 2025-03-21 23:46:15,889] Trial 38 pruned. 
[I 2025-03-21 23:46:16,361] Trial 32 finished with value: 32.79652924880483 and parameters: {'n_units_l0': 64, 'n_units_l1': 3808, 'n_units_l2': 1696, 'lr': 0.012113007099419695}. Best is trial 22 with value: 31.342549639433816.
[I 2025-03-21 23:46:16,438] Trial 33 pruned. 
[I 2025-03-21 23:46:16,507] Trial 34 pruned. 
[I 2025-03-21 23:46:16,622] Trial 35 pruned. 
[I 2025-03-21 23:46:19,763] Trial 36 finished with value: 40.330867642670675 and parameters: {'n_units_l0': 32, 'n_units_l1': 3872, 'n_units_l2': 2016, 'lr': 0.03264385299774673}. Best is trial 22 with value: 31.342549639433816.
[I 2025-03-21 23:46:19,823] Trial 37 pruned. 
[I 2025-03-21 23:46:19,936] Trial 38 pruned. 
[I 2025-03-21 23:46:20,018] Trial 39 pruned. 
[I 2025-03-21 23:46:20,076] Trial 40 pruned. 
[I 2025-03-21 23:46:20,160] Trial 41 pruned. 
[I 2025-03-21 23:46:20,508] Trial 39 finished with value: 39.45759541004345 and parameters: {'n_units_l0': 1152, 'n_units_l1': 2272, 'n_units_l2': 4096, 'n_units_l3': 864, 'n_units_l4': 256, 'n_units_l5': 2560, 'n_units_l6': 704, 'n_units_l7': 896, 'n_units_l8': 704, 'n_units_l9': 704, 'n_units_l10': 1856, 'n_units_l11': 2144, 'lr': 0.005814484569512349}. Best is trial 27 with value: 36.74399473437049.
[I 2025-03-21 23:46:20,785] Trial 40 pruned. 
[I 2025-03-21 23:46:23,310] Trial 42 finished with value: 42.45197808758106 and parameters: {'n_units_l0': 32, 'n_units_l1': 3872, 'n_units_l2': 2016, 'lr': 0.03104675921476667}. Best is trial 22 with value: 31.342549639433816.
[I 2025-03-21 23:46:23,430] Trial 43 pruned. 
[I 2025-03-21 23:46:23,690] Trial 44 pruned. 
[I 2025-03-21 23:46:23,892] Trial 45 pruned. 
[I 2025-03-21 23:46:24,097] Trial 46 pruned. 
[I 2025-03-21 23:46:24,193] Trial 47 pruned. 
[I 2025-03-21 23:46:24,288] Trial 48 pruned. 
[I 2025-03-21 23:46:24,364] Trial 49 pruned. 
[I 2025-03-21 23:46:24,463] Trial 50 pruned. 
[I 2025-03-21 23:46:24,780] Trial 51 pruned. 
[I 2025-03-21 23:46:24,847] Trial 52 pruned. 
[I 2025-03-21 23:46:24,949] Trial 53 pruned. 
[I 2025-03-21 23:46:25,144] Trial 54 pruned. 
[I 2025-03-21 23:46:25,243] Trial 55 pruned. 
[I 2025-03-21 23:46:25,494] Trial 56 pruned. 
[I 2025-03-21 23:46:25,695] Trial 57 pruned. 
[I 2025-03-21 23:46:25,790] Trial 58 pruned. 
[I 2025-03-21 23:46:26,356] Trial 41 finished with value: 63.106359399564454 and parameters: {'n_units_l0': 512, 'n_units_l1': 3840, 'n_units_l2': 2912, 'n_units_l3': 1120, 'n_units_l4': 544, 'n_units_l5': 960, 'n_units_l6': 1856, 'n_units_l7': 128, 'n_units_l8': 2208, 'n_units_l9': 800, 'n_units_l10': 2816, 'n_units_l11': 3552, 'lr': 0.00428730630357827}. Best is trial 27 with value: 36.74399473437049.
[I 2025-03-21 23:46:28,939] Trial 59 finished with value: 40.0094882441502 and parameters: {'n_units_l0': 32, 'n_units_l1': 4096, 'n_units_l2': 800, 'lr': 0.008100409313072878}. Best is trial 22 with value: 31.342549639433816.
[I 2025-03-21 23:46:29,059] Trial 60 pruned. 
[I 2025-03-21 23:46:29,202] Trial 61 pruned. 
[I 2025-03-21 23:46:29,454] Trial 62 pruned. 
[I 2025-03-21 23:46:30,497] Trial 63 pruned. 
[I 2025-03-21 23:46:30,581] Trial 64 pruned. 
[I 2025-03-21 23:46:30,739] Trial 65 pruned. 
[I 2025-03-21 23:46:30,824] Trial 66 pruned. 
[I 2025-03-21 23:46:30,936] Trial 67 pruned. 
[I 2025-03-21 23:46:31,088] Trial 68 pruned. 
[I 2025-03-21 23:46:31,222] Trial 69 pruned. 
[I 2025-03-21 23:46:31,275] Trial 70 pruned. 
[I 2025-03-21 23:46:31,454] Trial 71 pruned. 
[I 2025-03-21 23:46:31,565] Trial 72 pruned. 
[I 2025-03-21 23:46:32,264] Trial 42 finished with value: 43.45700399097231 and parameters: {'n_units_l0': 256, 'n_units_l1': 3840, 'n_units_l2': 3392, 'n_units_l3': 1504, 'n_units_l4': 480, 'n_units_l5': 928, 'n_units_l6': 1568, 'n_units_l7': 384, 'n_units_l8': 2016, 'n_units_l9': 288, 'n_units_l10': 3744, 'n_units_l11': 3296, 'lr': 0.0012652362256449447}. Best is trial 27 with value: 36.74399473437049.
[I 2025-03-21 23:46:32,559] Trial 43 pruned. 
[I 2025-03-21 23:46:34,712] Trial 73 finished with value: 38.659821244782094 and parameters: {'n_units_l0': 32, 'n_units_l1': 4096, 'n_units_l2': 1504, 'lr': 0.023778532256163845}. Best is trial 22 with value: 31.342549639433816.
[I 2025-03-21 23:46:34,820] Trial 74 pruned. 
[I 2025-03-21 23:46:34,896] Trial 75 pruned. 
[I 2025-03-21 23:46:34,981] Trial 76 pruned. 
[I 2025-03-21 23:46:35,078] Trial 77 pruned. 
[I 2025-03-21 23:46:35,146] Trial 78 pruned. 
[I 2025-03-21 23:46:35,217] Trial 79 pruned. 
[I 2025-03-21 23:46:35,380] Trial 80 pruned. 
[I 2025-03-21 23:46:37,303] Trial 44 finished with value: 37.06364247441537 and parameters: {'n_units_l0': 32, 'n_units_l1': 3136, 'n_units_l2': 2496, 'n_units_l3': 512, 'n_units_l4': 192, 'n_units_l5': 192, 'n_units_l6': 2048, 'n_units_l7': 160, 'n_units_l8': 2336, 'n_units_l9': 896, 'n_units_l10': 3072, 'n_units_l11': 3616, 'lr': 0.0004244159980371726}. Best is trial 27 with value: 36.74399473437049.
[I 2025-03-21 23:46:37,536] Trial 45 pruned. 
[I 2025-03-21 23:46:38,555] Trial 81 finished with value: 39.51434708638908 and parameters: {'n_units_l0': 64, 'n_units_l1': 3840, 'n_units_l2': 2208, 'lr': 0.028934500718986386}. Best is trial 22 with value: 31.342549639433816.
[I 2025-03-21 23:46:38,639] Trial 82 pruned. 
[I 2025-03-21 23:46:38,733] Trial 83 pruned. 
[I 2025-03-21 23:46:38,930] Trial 84 pruned. 
[I 2025-03-21 23:46:39,041] Trial 85 pruned. 
[I 2025-03-21 23:46:39,156] Trial 86 pruned. 
[I 2025-03-21 23:46:39,279] Trial 87 pruned. 
[I 2025-03-21 23:46:39,360] Trial 88 pruned. 
[I 2025-03-21 23:46:39,476] Trial 89 pruned. 
[I 2025-03-21 23:46:39,554] Trial 90 pruned. 
[I 2025-03-21 23:46:42,759] Trial 91 finished with value: 48.07771562563828 and parameters: {'n_units_l0': 32, 'n_units_l1': 3872, 'n_units_l2': 2496, 'lr': 0.03277091328713815}. Best is trial 22 with value: 31.342549639433816.
[I 2025-03-21 23:46:42,852] Trial 92 pruned. 
[I 2025-03-21 23:46:42,962] Trial 93 pruned. 
[I 2025-03-21 23:46:43,097] Trial 94 pruned. 
[I 2025-03-21 23:46:43,215] Trial 95 pruned. 
[I 2025-03-21 23:46:43,295] Trial 96 pruned. 
[I 2025-03-21 23:46:43,436] Trial 97 pruned. 
[I 2025-03-21 23:46:43,587] Trial 98 pruned. 
[I 2025-03-21 23:46:43,660] Trial 46 finished with value: 127.39648424967113 and parameters: {'n_units_l0': 3328, 'n_units_l1': 3136, 'n_units_l2': 3200, 'n_units_l3': 576, 'n_units_l4': 2816, 'n_units_l5': 32, 'n_units_l6': 3200, 'n_units_l7': 608, 'n_units_l8': 1888, 'n_units_l9': 608, 'n_units_l10': 2944, 'n_units_l11': 3072, 'lr': 0.005938195903820356}. Best is trial 27 with value: 36.74399473437049.
[I 2025-03-21 23:46:43,672] Trial 99 pruned. 
[I 2025-03-21 23:46:43,697] A new study created in memory with name: no-name-a77ca46d-5ff0-44f4-af23-3c9cc3d7cac7
[I 2025-03-21 23:46:44,066] Trial 47 pruned. 
[I 2025-03-21 23:46:44,217] Trial 48 pruned. 
[I 2025-03-21 23:46:47,097] Trial 0 finished with value: 132.50052242428453 and parameters: {'n_units_l0': 2592, 'n_units_l1': 192, 'n_units_l2': 3776, 'n_units_l3': 2368, 'lr': 0.048729071994565915}. Best is trial 0 with value: 132.50052242428453.
