[I 2025-03-21 23:31:32,002] Trial 37 pruned. 
[I 2025-03-21 23:31:32,039] Trial 69 pruned. 
[I 2025-03-21 23:31:32,090] Trial 70 pruned. 
[I 2025-03-21 23:31:32,129] Trial 38 pruned. 
[I 2025-03-21 23:31:32,220] Trial 39 pruned. 
[I 2025-03-21 23:31:32,431] Trial 40 pruned. 
[I 2025-03-21 23:31:32,849] Trial 71 pruned. 
[I 2025-03-21 23:31:32,945] Trial 72 pruned. 
[I 2025-03-21 23:31:33,063] Trial 73 pruned. 
[I 2025-03-21 23:31:33,178] Trial 74 pruned. 
[I 2025-03-21 23:31:33,275] Trial 75 pruned. 
[I 2025-03-21 23:31:33,375] Trial 76 pruned. 
[I 2025-03-21 23:31:34,022] Trial 41 finished with value: 100.14993980635836 and parameters: {'n_units_l0': 768, 'n_units_l1': 1696, 'n_units_l2': 32, 'n_units_l3': 2528, 'n_units_l4': 1184, 'n_units_l5': 2464, 'lr': 0.0003967258781944357}. Best is trial 21 with value: 95.5701349708329.
[I 2025-03-21 23:31:34,132] Trial 42 pruned. 
[I 2025-03-21 23:31:34,216] Trial 43 pruned. 
[I 2025-03-21 23:31:34,302] Trial 44 pruned. 
[I 2025-03-21 23:31:34,377] Trial 45 pruned. 
[I 2025-03-21 23:31:34,448] Trial 46 pruned. 
[I 2025-03-21 23:31:34,527] Trial 47 pruned. 
[I 2025-03-21 23:31:34,696] Trial 48 pruned. 
[I 2025-03-21 23:31:34,787] Trial 49 pruned. 
[I 2025-03-21 23:31:34,874] Trial 50 pruned. 
[I 2025-03-21 23:31:34,902] Trial 77 pruned. 
[I 2025-03-21 23:31:34,971] Trial 78 pruned. 
[I 2025-03-21 23:31:35,097] Trial 79 pruned. 
[I 2025-03-21 23:31:35,201] Trial 80 pruned. 
[I 2025-03-21 23:31:35,375] Trial 81 pruned. 
[I 2025-03-21 23:31:35,547] Trial 82 pruned. 
[I 2025-03-21 23:31:35,634] Trial 83 pruned. 
[I 2025-03-21 23:31:35,698] Trial 84 pruned. 
[I 2025-03-21 23:31:35,745] Trial 85 pruned. 
[I 2025-03-21 23:31:35,933] Trial 86 pruned. 
[I 2025-03-21 23:31:36,032] Trial 87 pruned. 
[I 2025-03-21 23:31:36,104] Trial 88 pruned. 
[I 2025-03-21 23:31:36,225] Trial 89 pruned. 
[I 2025-03-21 23:31:36,420] Trial 90 pruned. 
[I 2025-03-21 23:31:36,486] Trial 91 pruned. 
[I 2025-03-21 23:31:36,528] Trial 51 finished with value: 91.74453502160766 and parameters: {'n_units_l0': 32, 'n_units_l1': 3840, 'n_units_l2': 256, 'n_units_l3': 2656, 'n_units_l4': 32, 'n_units_l5': 384, 'lr': 0.003996273459983912}. Best is trial 51 with value: 91.74453502160766.
[I 2025-03-21 23:31:36,620] Trial 52 pruned. 
[I 2025-03-21 23:31:36,684] Trial 53 pruned. 
[I 2025-03-21 23:31:36,747] Trial 54 pruned. 
[I 2025-03-21 23:31:36,821] Trial 55 pruned. 
[I 2025-03-21 23:31:36,861] Trial 92 pruned. 
[I 2025-03-21 23:31:36,920] Trial 93 pruned. 
[I 2025-03-21 23:31:36,977] Trial 94 pruned. 
[I 2025-03-21 23:31:37,004] Trial 56 pruned. 
[I 2025-03-21 23:31:37,047] Trial 95 pruned. 
[I 2025-03-21 23:31:37,082] Trial 57 pruned. 
[I 2025-03-21 23:31:37,136] Trial 96 pruned. 
[I 2025-03-21 23:31:37,173] Trial 58 pruned. 
[I 2025-03-21 23:31:37,251] Trial 59 pruned. 
[I 2025-03-21 23:31:37,274] Trial 97 pruned. 
[I 2025-03-21 23:31:37,321] Trial 60 pruned. 
[I 2025-03-21 23:31:37,357] Trial 98 pruned. 
[I 2025-03-21 23:31:37,382] Trial 61 pruned. 
[I 2025-03-21 23:31:37,461] Trial 62 pruned. 
[I 2025-03-21 23:31:37,477] Trial 99 pruned. 
[I 2025-03-21 23:31:37,486] A new study created in memory with name: no-name-7d04943c-f104-4564-866c-b9ceeadc9c23
[I 2025-03-21 23:31:37,574] Trial 63 pruned. 
[I 2025-03-21 23:31:37,640] Trial 64 pruned. 
[I 2025-03-21 23:31:37,719] Trial 65 pruned. 
[I 2025-03-21 23:31:37,803] Trial 66 pruned. 
[I 2025-03-21 23:31:37,973] Trial 67 pruned. 
[I 2025-03-21 23:31:38,128] Trial 68 pruned. 
[I 2025-03-21 23:31:38,212] Trial 69 pruned. 
[I 2025-03-21 23:31:38,279] Trial 70 pruned. 
[I 2025-03-21 23:31:38,359] Trial 71 pruned. 
[I 2025-03-21 23:31:38,431] Trial 72 pruned. 
[I 2025-03-21 23:31:38,593] Trial 73 pruned. 
[I 2025-03-21 23:31:38,672] Trial 74 pruned. 
[I 2025-03-21 23:31:38,736] Trial 75 pruned. 
[I 2025-03-21 23:31:40,062] Trial 0 finished with value: 123.23445982385854 and parameters: {'n_units_l0': 160, 'n_units_l1': 1504, 'n_units_l2': 96, 'n_units_l3': 960, 'n_units_l4': 3264, 'n_units_l5': 3360, 'n_units_l6': 3328, 'lr': 0.02422408356885785}. Best is trial 0 with value: 123.23445982385854.
[I 2025-03-21 23:31:41,250] Trial 76 finished with value: 98.07011327395011 and parameters: {'n_units_l0': 736, 'n_units_l1': 2240, 'n_units_l2': 3968, 'n_units_l3': 3392, 'n_units_l4': 160, 'n_units_l5': 288, 'lr': 0.0003413310429522592}. Best is trial 51 with value: 91.74453502160766.
[I 2025-03-21 23:31:43,026] Trial 1 finished with value: 140.8188814257012 and parameters: {'n_units_l0': 2624, 'n_units_l1': 2944, 'n_units_l2': 2656, 'n_units_l3': 3680, 'n_units_l4': 512, 'n_units_l5': 2304, 'n_units_l6': 64, 'lr': 0.044949348315062226}. Best is trial 0 with value: 123.23445982385854.
[I 2025-03-21 23:31:44,557] Trial 77 finished with value: 103.57613844253692 and parameters: {'n_units_l0': 864, 'n_units_l1': 2080, 'n_units_l2': 2560, 'n_units_l3': 3840, 'n_units_l4': 3104, 'n_units_l5': 1248, 'lr': 0.0005435243235930417}. Best is trial 51 with value: 91.74453502160766.
[I 2025-03-21 23:31:44,742] Trial 78 pruned. 
[I 2025-03-21 23:31:44,859] Trial 2 finished with value: 123.64636840820313 and parameters: {'n_units_l0': 672, 'n_units_l1': 128, 'n_units_l2': 2944, 'n_units_l3': 544, 'n_units_l4': 2368, 'n_units_l5': 2688, 'n_units_l6': 2912, 'lr': 0.05192564591763935}. Best is trial 0 with value: 123.23445982385854.
[I 2025-03-21 23:31:44,897] Trial 79 pruned. 
[I 2025-03-21 23:31:44,995] Trial 80 pruned. 
[I 2025-03-21 23:31:45,164] Trial 81 pruned. 
[I 2025-03-21 23:31:45,233] Trial 82 pruned. 
[I 2025-03-21 23:31:45,334] Trial 83 pruned. 
[I 2025-03-21 23:31:45,397] Trial 84 pruned. 
[I 2025-03-21 23:31:45,522] Trial 85 pruned. 
[I 2025-03-21 23:31:45,588] Trial 86 pruned. 
[I 2025-03-21 23:31:45,672] Trial 87 pruned. 
[I 2025-03-21 23:31:45,819] Trial 88 pruned. 
[I 2025-03-21 23:31:45,930] Trial 89 pruned. 
[I 2025-03-21 23:31:46,010] Trial 90 pruned. 
[I 2025-03-21 23:31:46,186] Trial 91 pruned. 
[I 2025-03-21 23:31:46,350] Trial 92 pruned. 
[I 2025-03-21 23:31:46,509] Trial 93 pruned. 
[I 2025-03-21 23:31:46,709] Trial 94 pruned. 
[I 2025-03-21 23:31:46,891] Trial 95 pruned. 
[I 2025-03-21 23:31:47,046] Trial 96 pruned. 
[I 2025-03-21 23:31:47,121] Trial 97 pruned. 
[I 2025-03-21 23:31:47,247] Trial 98 pruned. 
[I 2025-03-21 23:31:47,342] Trial 99 pruned. 
[I 2025-03-21 23:31:47,352] A new study created in memory with name: no-name-00ca67ad-1727-4fbd-9919-90e8508ca187
[I 2025-03-21 23:31:48,403] Trial 3 finished with value: 85.86424180327869 and parameters: {'n_units_l0': 320, 'n_units_l1': 1792, 'n_units_l2': 4096, 'n_units_l3': 3360, 'n_units_l4': 2048, 'n_units_l5': 2688, 'n_units_l6': 1088, 'lr': 0.0015095263102907974}. Best is trial 3 with value: 85.86424180327869.
[I 2025-03-21 23:31:50,357] Trial 0 finished with value: 90.44170334315535 and parameters: {'n_units_l0': 3520, 'n_units_l1': 832, 'n_units_l2': 2592, 'n_units_l3': 1728, 'n_units_l4': 3648, 'n_units_l5': 2944, 'n_units_l6': 608, 'n_units_l7': 3264, 'lr': 0.008962610859944105}. Best is trial 0 with value: 90.44170334315535.
[I 2025-03-21 23:31:50,890] Trial 4 finished with value: 125.80630080426326 and parameters: {'n_units_l0': 192, 'n_units_l1': 1760, 'n_units_l2': 2144, 'n_units_l3': 1440, 'n_units_l4': 3520, 'n_units_l5': 1664, 'n_units_l6': 3360, 'lr': 0.0874010457529722}. Best is trial 3 with value: 85.86424180327869.
[I 2025-03-21 23:31:51,026] Trial 5 pruned. 
[I 2025-03-21 23:31:51,112] Trial 6 pruned. 
[I 2025-03-21 23:31:53,114] Trial 7 finished with value: 43.696550062836195 and parameters: {'n_units_l0': 576, 'n_units_l1': 1056, 'n_units_l2': 3936, 'n_units_l3': 3104, 'n_units_l4': 160, 'n_units_l5': 3232, 'n_units_l6': 256, 'lr': 0.004920854442207849}. Best is trial 7 with value: 43.696550062836195.
[I 2025-03-21 23:31:53,363] Trial 8 pruned. 
[I 2025-03-21 23:31:53,479] Trial 9 pruned. 
[I 2025-03-21 23:31:53,648] Trial 10 pruned. 
[I 2025-03-21 23:31:53,692] Trial 1 finished with value: 91.7561220981107 and parameters: {'n_units_l0': 1920, 'n_units_l1': 3072, 'n_units_l2': 1408, 'n_units_l3': 3072, 'n_units_l4': 1824, 'n_units_l5': 1888, 'n_units_l6': 2912, 'n_units_l7': 1472, 'lr': 0.022685096980191655}. Best is trial 0 with value: 90.44170334315535.
[I 2025-03-21 23:31:56,079] Trial 2 finished with value: 101.01682905946234 and parameters: {'n_units_l0': 96, 'n_units_l1': 2400, 'n_units_l2': 3808, 'n_units_l3': 1440, 'n_units_l4': 2784, 'n_units_l5': 704, 'n_units_l6': 2240, 'n_units_l7': 160, 'lr': 0.008750708277319271}. Best is trial 0 with value: 90.44170334315535.
[I 2025-03-21 23:31:56,771] Trial 11 finished with value: 131.83395891033234 and parameters: {'n_units_l0': 992, 'n_units_l1': 1056, 'n_units_l2': 3296, 'n_units_l3': 3968, 'n_units_l4': 1216, 'n_units_l5': 3520, 'n_units_l6': 992, 'lr': 0.0035802496545122393}. Best is trial 7 with value: 43.696550062836195.
[I 2025-03-21 23:31:57,002] Trial 12 pruned. 
[I 2025-03-21 23:31:59,633] Trial 3 finished with value: 140.05152792348326 and parameters: {'n_units_l0': 2784, 'n_units_l1': 3936, 'n_units_l2': 2144, 'n_units_l3': 3744, 'n_units_l4': 1344, 'n_units_l5': 608, 'n_units_l6': 2240, 'n_units_l7': 1152, 'lr': 0.03233273303112194}. Best is trial 0 with value: 90.44170334315535.
[I 2025-03-21 23:32:01,660] Trial 13 finished with value: 114.27078049456487 and parameters: {'n_units_l0': 576, 'n_units_l1': 992, 'n_units_l2': 3328, 'n_units_l3': 3200, 'n_units_l4': 4096, 'n_units_l5': 4000, 'n_units_l6': 1504, 'lr': 0.002155004105691369}. Best is trial 7 with value: 43.696550062836195.
[I 2025-03-21 23:32:01,809] Trial 14 pruned. 
[I 2025-03-21 23:32:01,969] Trial 15 pruned. 
[I 2025-03-21 23:32:02,115] Trial 16 pruned. 
[I 2025-03-21 23:32:02,340] Trial 17 pruned. 
[I 2025-03-21 23:32:02,530] Trial 18 pruned. 
[I 2025-03-21 23:32:02,770] Trial 4 finished with value: 122.28853597105926 and parameters: {'n_units_l0': 1376, 'n_units_l1': 352, 'n_units_l2': 3936, 'n_units_l3': 2240, 'n_units_l4': 192, 'n_units_l5': 4032, 'n_units_l6': 2464, 'n_units_l7': 3520, 'lr': 0.09094652587094898}. Best is trial 0 with value: 90.44170334315535.
[I 2025-03-21 23:32:02,864] Trial 5 pruned. 
[I 2025-03-21 23:32:02,895] Trial 19 pruned. 
[I 2025-03-21 23:32:03,019] Trial 20 pruned. 
[I 2025-03-21 23:32:06,139] Trial 6 finished with value: 91.75228544430371 and parameters: {'n_units_l0': 4032, 'n_units_l1': 1632, 'n_units_l2': 832, 'n_units_l3': 224, 'n_units_l4': 3552, 'n_units_l5': 2560, 'n_units_l6': 2656, 'n_units_l7': 3424, 'lr': 0.004954574976159185}. Best is trial 0 with value: 90.44170334315535.
[I 2025-03-21 23:32:06,231] Trial 7 pruned. 
[I 2025-03-21 23:32:06,415] Trial 8 pruned. 
[I 2025-03-21 23:32:06,633] Trial 9 pruned. 
[I 2025-03-21 23:32:06,823] Trial 10 pruned. 
[I 2025-03-21 23:32:07,695] Trial 11 pruned. 
[I 2025-03-21 23:32:07,883] Trial 21 finished with value: 96.7714786717149 and parameters: {'n_units_l0': 448, 'n_units_l1': 1152, 'n_units_l2': 3264, 'n_units_l3': 3200, 'n_units_l4': 3936, 'n_units_l5': 4096, 'n_units_l6': 1664, 'lr': 6.7378887865969e-05}. Best is trial 7 with value: 43.696550062836195.
[I 2025-03-21 23:32:10,979] Trial 12 finished with value: 45.15251007331873 and parameters: {'n_units_l0': 3232, 'n_units_l1': 1216, 'n_units_l2': 1440, 'n_units_l3': 768, 'n_units_l4': 3360, 'n_units_l5': 1536, 'n_units_l6': 4000, 'n_units_l7': 2784, 'lr': 0.002903687077441382}. Best is trial 12 with value: 45.15251007331873.
[I 2025-03-21 23:32:11,211] Trial 13 pruned. 
[I 2025-03-21 23:32:12,785] Trial 22 finished with value: 94.25337772056704 and parameters: {'n_units_l0': 384, 'n_units_l1': 1280, 'n_units_l2': 3552, 'n_units_l3': 3424, 'n_units_l4': 4064, 'n_units_l5': 3648, 'n_units_l6': 1728, 'lr': 0.0006674008906660571}. Best is trial 7 with value: 43.696550062836195.
[I 2025-03-21 23:32:12,975] Trial 14 finished with value: 89.32239960522541 and parameters: {'n_units_l0': 2656, 'n_units_l1': 576, 'n_units_l2': 2592, 'n_units_l3': 800, 'n_units_l4': 2976, 'n_units_l5': 1376, 'n_units_l6': 224, 'n_units_l7': 2400, 'lr': 0.00021403694805726846}. Best is trial 12 with value: 45.15251007331873.
[I 2025-03-21 23:32:13,106] Trial 23 pruned. 
[I 2025-03-21 23:32:13,148] Trial 15 pruned. 
[I 2025-03-21 23:32:13,301] Trial 16 pruned. 
[I 2025-03-21 23:32:13,314] Trial 24 pruned. 
[I 2025-03-21 23:32:13,500] Trial 17 pruned. 
[I 2025-03-21 23:32:13,591] Trial 25 pruned. 
[I 2025-03-21 23:32:13,838] Trial 26 pruned. 
[I 2025-03-21 23:32:13,963] Trial 18 pruned. 
[I 2025-03-21 23:32:14,218] Trial 19 pruned. 
[I 2025-03-21 23:32:14,333] Trial 20 pruned. 
[I 2025-03-21 23:32:14,536] Trial 21 pruned. 
[I 2025-03-21 23:32:14,710] Trial 22 pruned. 
[I 2025-03-21 23:32:16,188] Trial 27 pruned. 
[I 2025-03-21 23:32:16,293] Trial 28 pruned. 
[I 2025-03-21 23:32:16,372] Trial 29 pruned. 
[I 2025-03-21 23:32:16,619] Trial 30 pruned. 
[I 2025-03-21 23:32:17,315] Trial 23 finished with value: 89.38718691281359 and parameters: {'n_units_l0': 3616, 'n_units_l1': 1184, 'n_units_l2': 1856, 'n_units_l3': 544, 'n_units_l4': 4096, 'n_units_l5': 2432, 'n_units_l6': 864, 'n_units_l7': 2368, 'lr': 0.0014904710750529597}. Best is trial 12 with value: 45.15251007331873.
[I 2025-03-21 23:32:19,626] Trial 24 finished with value: 89.00811112910607 and parameters: {'n_units_l0': 3008, 'n_units_l1': 1280, 'n_units_l2': 1888, 'n_units_l3': 608, 'n_units_l4': 4096, 'n_units_l5': 1632, 'n_units_l6': 1120, 'n_units_l7': 2368, 'lr': 0.0011686654078356072}. Best is trial 12 with value: 45.15251007331873.
[I 2025-03-21 23:32:21,564] Trial 31 finished with value: 39.480076061311316 and parameters: {'n_units_l0': 448, 'n_units_l1': 1184, 'n_units_l2': 3488, 'n_units_l3': 3296, 'n_units_l4': 3968, 'n_units_l5': 3968, 'n_units_l6': 1696, 'lr': 0.0016316432588078945}. Best is trial 31 with value: 39.480076061311316.
[I 2025-03-21 23:32:21,854] Trial 32 pruned. 
[I 2025-03-21 23:32:22,182] Trial 33 pruned. 
[I 2025-03-21 23:32:22,246] Trial 25 finished with value: 93.94756085487089 and parameters: {'n_units_l0': 2944, 'n_units_l1': 2368, 'n_units_l2': 1216, 'n_units_l3': 448, 'n_units_l4': 3072, 'n_units_l5': 1696, 'n_units_l6': 1600, 'n_units_l7': 2560, 'lr': 0.0002700253570146546}. Best is trial 12 with value: 45.15251007331873.
[I 2025-03-21 23:32:22,439] Trial 26 pruned. 
[I 2025-03-21 23:32:22,542] Trial 34 pruned. 
[I 2025-03-21 23:32:22,612] Trial 27 pruned. 
[I 2025-03-21 23:32:22,710] Trial 28 pruned. 
[I 2025-03-21 23:32:22,775] Trial 35 pruned. 
[I 2025-03-21 23:32:22,906] Trial 29 pruned. 
[I 2025-03-21 23:32:23,009] Trial 30 pruned. 
[I 2025-03-21 23:32:23,024] Trial 36 pruned. 
[I 2025-03-21 23:32:23,293] Trial 37 pruned. 
[I 2025-03-21 23:32:23,445] Trial 38 pruned. 
[I 2025-03-21 23:32:23,736] Trial 39 pruned. 
[I 2025-03-21 23:32:23,911] Trial 40 pruned. 
[I 2025-03-21 23:32:25,454] Trial 31 finished with value: 64.41662693338425 and parameters: {'n_units_l0': 3680, 'n_units_l1': 1184, 'n_units_l2': 1792, 'n_units_l3': 640, 'n_units_l4': 4096, 'n_units_l5': 2272, 'n_units_l6': 704, 'n_units_l7': 2400, 'lr': 0.0012126688296615381}. Best is trial 12 with value: 45.15251007331873.
[I 2025-03-21 23:32:25,656] Trial 32 pruned. 
[I 2025-03-21 23:32:26,004] Trial 33 pruned. 
[I 2025-03-21 23:32:26,207] Trial 34 pruned. 
[I 2025-03-21 23:32:26,344] Trial 35 pruned. 
[I 2025-03-21 23:32:26,499] Trial 36 pruned. 
[I 2025-03-21 23:32:26,731] Trial 37 pruned. 
[I 2025-03-21 23:32:26,918] Trial 38 pruned. 
[I 2025-03-21 23:32:27,151] Trial 39 pruned. 
[I 2025-03-21 23:32:27,377] Trial 41 pruned. 
[I 2025-03-21 23:32:27,385] Trial 40 pruned. 
[I 2025-03-21 23:32:29,812] Trial 41 finished with value: 91.40640528209926 and parameters: {'n_units_l0': 3520, 'n_units_l1': 1184, 'n_units_l2': 1856, 'n_units_l3': 544, 'n_units_l4': 4096, 'n_units_l5': 2336, 'n_units_l6': 768, 'n_units_l7': 2400, 'lr': 0.0002267934289282397}. Best is trial 12 with value: 45.15251007331873.
[I 2025-03-21 23:32:32,304] Trial 42 finished with value: 93.35336368748399 and parameters: {'n_units_l0': 1088, 'n_units_l1': 1344, 'n_units_l2': 3680, 'n_units_l3': 3104, 'n_units_l4': 3904, 'n_units_l5': 4032, 'n_units_l6': 1632, 'lr': 0.000247709378830567}. Best is trial 31 with value: 39.480076061311316.
[I 2025-03-21 23:32:32,327] Trial 42 finished with value: 89.97289714246693 and parameters: {'n_units_l0': 3104, 'n_units_l1': 1632, 'n_units_l2': 1376, 'n_units_l3': 320, 'n_units_l4': 3616, 'n_units_l5': 2560, 'n_units_l6': 928, 'n_units_l7': 2272, 'lr': 0.004493938559625271}. Best is trial 12 with value: 45.15251007331873.
[I 2025-03-21 23:32:32,481] Trial 43 pruned. 
[I 2025-03-21 23:32:32,592] Trial 43 pruned. 
[I 2025-03-21 23:32:32,622] Trial 44 pruned. 
[I 2025-03-21 23:32:32,761] Trial 45 pruned. 
[I 2025-03-21 23:32:32,895] Trial 44 pruned. 
[I 2025-03-21 23:32:32,948] Trial 46 pruned. 
[I 2025-03-21 23:32:33,107] Trial 47 pruned. 
[I 2025-03-21 23:32:33,150] Trial 45 pruned. 
[I 2025-03-21 23:32:33,288] Trial 46 pruned. 
[I 2025-03-21 23:32:33,353] Trial 48 pruned. 
[I 2025-03-21 23:32:33,476] Trial 49 pruned. 
[I 2025-03-21 23:32:33,731] Trial 50 pruned. 
[I 2025-03-21 23:32:34,002] Trial 47 pruned. 
[I 2025-03-21 23:32:34,211] Trial 48 pruned. 
[I 2025-03-21 23:32:34,342] Trial 49 pruned. 
[I 2025-03-21 23:32:34,580] Trial 50 pruned. 
[I 2025-03-21 23:32:36,169] Trial 51 finished with value: 64.57037063951147 and parameters: {'n_units_l0': 3104, 'n_units_l1': 1664, 'n_units_l2': 1408, 'n_units_l3': 288, 'n_units_l4': 3584, 'n_units_l5': 2624, 'n_units_l6': 928, 'n_units_l7': 2240, 'lr': 0.0038305947677051756}. Best is trial 12 with value: 45.15251007331873.
[I 2025-03-21 23:32:36,349] Trial 52 pruned. 
[I 2025-03-21 23:32:36,498] Trial 53 pruned. 
[I 2025-03-21 23:32:39,213] Trial 54 finished with value: 89.85919111396613 and parameters: {'n_units_l0': 3424, 'n_units_l1': 1216, 'n_units_l2': 1152, 'n_units_l3': 256, 'n_units_l4': 3488, 'n_units_l5': 1920, 'n_units_l6': 2560, 'n_units_l7': 2624, 'lr': 0.00011843437404452642}. Best is trial 12 with value: 45.15251007331873.
[I 2025-03-21 23:32:39,440] Trial 51 finished with value: 94.56951609126857 and parameters: {'n_units_l0': 416, 'n_units_l1': 1152, 'n_units_l2': 3360, 'n_units_l3': 3232, 'n_units_l4': 3872, 'n_units_l5': 4000, 'n_units_l6': 1824, 'lr': 0.00041301356979576135}. Best is trial 31 with value: 39.480076061311316.
[I 2025-03-21 23:32:39,444] Trial 55 pruned. 
[I 2025-03-21 23:32:39,578] Trial 56 pruned. 
[I 2025-03-21 23:32:39,794] Trial 57 pruned. 
[I 2025-03-21 23:32:40,109] Trial 58 pruned. 
[I 2025-03-21 23:32:40,292] Trial 59 pruned. 
[I 2025-03-21 23:32:40,402] Trial 60 pruned. 
[I 2025-03-21 23:32:42,590] Trial 61 pruned. 
[I 2025-03-21 23:32:42,758] Trial 52 pruned. 
[I 2025-03-21 23:32:42,830] Trial 62 pruned. 
[I 2025-03-21 23:32:43,034] Trial 63 pruned. 
[I 2025-03-21 23:32:43,193] Trial 64 pruned. 
[I 2025-03-21 23:32:46,235] Trial 65 finished with value: 90.5060639082402 and parameters: {'n_units_l0': 2688, 'n_units_l1': 1920, 'n_units_l2': 1696, 'n_units_l3': 32, 'n_units_l4': 3456, 'n_units_l5': 1568, 'n_units_l6': 3200, 'n_units_l7': 3008, 'lr': 0.00048208140636549755}. Best is trial 12 with value: 45.15251007331873.
[I 2025-03-21 23:32:46,383] Trial 66 pruned. 
[I 2025-03-21 23:32:46,537] Trial 67 pruned. 
[I 2025-03-21 23:32:46,798] Trial 68 pruned. 
[I 2025-03-21 23:32:46,974] Trial 69 pruned. 
[I 2025-03-21 23:32:47,436] Trial 53 finished with value: 97.07381884465453 and parameters: {'n_units_l0': 384, 'n_units_l1': 1664, 'n_units_l2': 3744, 'n_units_l3': 2720, 'n_units_l4': 4064, 'n_units_l5': 3680, 'n_units_l6': 1824, 'lr': 0.0034352083211256143}. Best is trial 31 with value: 39.480076061311316.
[I 2025-03-21 23:32:47,645] Trial 54 pruned. 
[I 2025-03-21 23:32:48,041] Trial 55 pruned. 
[I 2025-03-21 23:32:48,186] Trial 56 pruned. 
[I 2025-03-21 23:32:48,487] Trial 57 pruned. 
[I 2025-03-21 23:32:48,740] Trial 70 finished with value: 43.14649612124604 and parameters: {'n_units_l0': 2304, 'n_units_l1': 1184, 'n_units_l2': 928, 'n_units_l3': 384, 'n_units_l4': 3200, 'n_units_l5': 2208, 'n_units_l6': 32, 'n_units_l7': 2496, 'lr': 0.002516023663160001}. Best is trial 70 with value: 43.14649612124604.
[I 2025-03-21 23:32:48,809] Trial 58 pruned. 
[I 2025-03-21 23:32:49,082] Trial 71 pruned. 
[I 2025-03-21 23:32:49,090] Trial 59 pruned. 
[I 2025-03-21 23:32:49,299] Trial 60 pruned. 
[I 2025-03-21 23:32:49,394] Trial 72 pruned. 
[I 2025-03-21 23:32:49,510] Trial 73 pruned. 
[I 2025-03-21 23:32:49,643] Trial 74 pruned. 
[I 2025-03-21 23:32:49,834] Trial 75 pruned. 
[I 2025-03-21 23:32:50,013] Trial 76 pruned. 
[I 2025-03-21 23:32:51,785] Trial 77 finished with value: 89.54788497572291 and parameters: {'n_units_l0': 2496, 'n_units_l1': 640, 'n_units_l2': 1248, 'n_units_l3': 288, 'n_units_l4': 3392, 'n_units_l5': 2496, 'n_units_l6': 320, 'n_units_l7': 3104, 'lr': 0.0005534386252478798}. Best is trial 70 with value: 43.14649612124604.
[I 2025-03-21 23:32:51,928] Trial 78 pruned. 
[I 2025-03-21 23:32:52,064] Trial 79 pruned. 
[I 2025-03-21 23:32:52,195] Trial 80 pruned. 
[I 2025-03-21 23:32:53,009] Trial 61 pruned. 
[I 2025-03-21 23:32:53,309] Trial 62 pruned. 
[I 2025-03-21 23:32:54,082] Trial 81 finished with value: 89.6301815926832 and parameters: {'n_units_l0': 1984, 'n_units_l1': 672, 'n_units_l2': 2016, 'n_units_l3': 256, 'n_units_l4': 3456, 'n_units_l5': 2048, 'n_units_l6': 736, 'n_units_l7': 2688, 'lr': 0.00045883618349400353}. Best is trial 70 with value: 43.14649612124604.
[I 2025-03-21 23:32:54,205] Trial 82 pruned. 
[I 2025-03-21 23:32:54,338] Trial 83 pruned. 
[I 2025-03-21 23:32:54,471] Trial 84 pruned. 
[I 2025-03-21 23:32:54,632] Trial 85 pruned. 
[I 2025-03-21 23:32:54,760] Trial 86 pruned. 
[I 2025-03-21 23:32:56,458] Trial 87 pruned. 
[I 2025-03-21 23:32:56,576] Trial 88 pruned. 
